<?xml version="1.0" encoding="UTF-8"?>
<testsuites name="Item detail test" time="2032.346" tests="49" failures="18" errors="0">
   <testsuite name="Item detail test" tests="49" failures="18" errors="0" time="2032.346" timestamp="2022-04-06 15:01:34" hostname="Lexoter - DESKTOP-IJBB9BE" id="Test Suites/Item detail test">
      <properties>
         <property name="deviceName" value=""/>
         <property name="devicePlatform" value=""/>
         <property name="logFolder" value="K:\\Work\\GitHub\\find-item-detail-test_v2\\Reports\\20220406_150127\\Item detail test\\20220406_150127"/>
         <property name="logFiles" value="K:\\Work\\GitHub\\find-item-detail-test_v2\\Reports\\20220406_150127\\Item detail test\\20220406_150127\\execution0.log"/>
         <property name="attachments" value="K:\\Work\\GitHub\\find-item-detail-test_v2\\Reports\\20220406_150127\\Item detail test\\20220406_150127\\1649229032670.png, K:\\Work\\GitHub\\find-item-detail-test_v2\\Reports\\20220406_150127\\Item detail test\\20220406_150127\\1649229032849.png, K:\\Work\\GitHub\\find-item-detail-test_v2\\Reports\\20220406_150127\\Item detail test\\20220406_150127\\1649229112835.png, K:\\Work\\GitHub\\find-item-detail-test_v2\\Reports\\20220406_150127\\Item detail test\\20220406_150127\\1649229113005.png, K:\\Work\\GitHub\\find-item-detail-test_v2\\Reports\\20220406_150127\\Item detail test\\20220406_150127\\1649229192764.png, K:\\Work\\GitHub\\find-item-detail-test_v2\\Reports\\20220406_150127\\Item detail test\\20220406_150127\\1649229192911.png, K:\\Work\\GitHub\\find-item-detail-test_v2\\Reports\\20220406_150127\\Item detail test\\20220406_150127\\1649229271881.png, K:\\Work\\GitHub\\find-item-detail-test_v2\\Reports\\20220406_150127\\Item detail test\\20220406_150127\\1649229272030.png, K:\\Work\\GitHub\\find-item-detail-test_v2\\Reports\\20220406_150127\\Item detail test\\20220406_150127\\1649229352354.png, K:\\Work\\GitHub\\find-item-detail-test_v2\\Reports\\20220406_150127\\Item detail test\\20220406_150127\\1649229352499.png, K:\\Work\\GitHub\\find-item-detail-test_v2\\Reports\\20220406_150127\\Item detail test\\20220406_150127\\1649229470282.png, K:\\Work\\GitHub\\find-item-detail-test_v2\\Reports\\20220406_150127\\Item detail test\\20220406_150127\\1649229470442.png, K:\\Work\\GitHub\\find-item-detail-test_v2\\Reports\\20220406_150127\\Item detail test\\20220406_150127\\1649229591528.png, K:\\Work\\GitHub\\find-item-detail-test_v2\\Reports\\20220406_150127\\Item detail test\\20220406_150127\\1649229591669.png, K:\\Work\\GitHub\\find-item-detail-test_v2\\Reports\\20220406_150127\\Item detail test\\20220406_150127\\1649229671316.png, K:\\Work\\GitHub\\find-item-detail-test_v2\\Reports\\20220406_150127\\Item detail test\\20220406_150127\\1649229671473.png, K:\\Work\\GitHub\\find-item-detail-test_v2\\Reports\\20220406_150127\\Item detail test\\20220406_150127\\1649229750377.png, K:\\Work\\GitHub\\find-item-detail-test_v2\\Reports\\20220406_150127\\Item detail test\\20220406_150127\\1649229750538.png, K:\\Work\\GitHub\\find-item-detail-test_v2\\Reports\\20220406_150127\\Item detail test\\20220406_150127\\1649229831382.png, K:\\Work\\GitHub\\find-item-detail-test_v2\\Reports\\20220406_150127\\Item detail test\\20220406_150127\\1649229831528.png, K:\\Work\\GitHub\\find-item-detail-test_v2\\Reports\\20220406_150127\\Item detail test\\20220406_150127\\1649229930516.png, K:\\Work\\GitHub\\find-item-detail-test_v2\\Reports\\20220406_150127\\Item detail test\\20220406_150127\\1649229930656.png, K:\\Work\\GitHub\\find-item-detail-test_v2\\Reports\\20220406_150127\\Item detail test\\20220406_150127\\1649230011217.png, K:\\Work\\GitHub\\find-item-detail-test_v2\\Reports\\20220406_150127\\Item detail test\\20220406_150127\\1649230011367.png, K:\\Work\\GitHub\\find-item-detail-test_v2\\Reports\\20220406_150127\\Item detail test\\20220406_150127\\1649230129355.png, K:\\Work\\GitHub\\find-item-detail-test_v2\\Reports\\20220406_150127\\Item detail test\\20220406_150127\\1649230129509.png, K:\\Work\\GitHub\\find-item-detail-test_v2\\Reports\\20220406_150127\\Item detail test\\20220406_150127\\1649230245778.png, K:\\Work\\GitHub\\find-item-detail-test_v2\\Reports\\20220406_150127\\Item detail test\\20220406_150127\\1649230245927.png, K:\\Work\\GitHub\\find-item-detail-test_v2\\Reports\\20220406_150127\\Item detail test\\20220406_150127\\1649230326148.png, K:\\Work\\GitHub\\find-item-detail-test_v2\\Reports\\20220406_150127\\Item detail test\\20220406_150127\\1649230326287.png, K:\\Work\\GitHub\\find-item-detail-test_v2\\Reports\\20220406_150127\\Item detail test\\20220406_150127\\1649230486552.png, K:\\Work\\GitHub\\find-item-detail-test_v2\\Reports\\20220406_150127\\Item detail test\\20220406_150127\\1649230486694.png, K:\\Work\\GitHub\\find-item-detail-test_v2\\Reports\\20220406_150127\\Item detail test\\20220406_150127\\1649230525175.png"/>
         <property name="hostName" value="Lexoter - DESKTOP-IJBB9BE"/>
         <property name="os" value="Windows 10 64bit"/>
         <property name="katalonVersion" value="7.7.0.205"/>
         <property name="browser" value="Chrome 99.0.4844.84"/>
         <property name="hostAddress" value="192.168.1.2"/>
         <property name="sessionId" value="64b417f4227e343b06cc496de0409100"/>
         <property name="seleniumVersion" value="3.141.59"/>
         <property name="proxyInformation" value="ProxyInformation { proxyOption=NO_PROXY, proxyServerType=HTTP, username=, password=********, proxyServerAddress=, proxyServerPort=0, executionList=&quot;&quot;, isApplyToDesiredCapabilities=true }"/>
         <property name="platform" value="Windows 10"/>
      </properties>
      <testcase name="Test Cases/Custom Item Details/TEST CASE/TC_DETAILS_UI_001" time="39.837" classname="Test Cases/Custom Item Details/TEST CASE/TC_DETAILS_UI_001" status="PASSED">
         <system-out><![CDATA[2022-04-06 15:01:34 - [TEST_CASE][PASSED] - Test Cases/Custom Item Details/TEST CASE/TC_DETAILS_UI_001: Test Cases/Custom Item Details/TEST CASE/TC_DETAILS_UI_001

2022-04-06 15:01:35 - [TEST_STEP][PASSED] - callTestCase(findTestCase("Custom Item Details/UTILITIES/OPEN_BROWSER"), [:], STOP_ON_FAILURE): Call Test Case 'Test Cases/Custom Item Details/UTILITIES/OPEN_BROWSER' successfully

2022-04-06 15:01:35 - [TEST_CASE][PASSED] - Test Cases/Custom Item Details/UTILITIES/OPEN_BROWSER: Test Cases/Custom Item Details/UTILITIES/OPEN_BROWSER

2022-04-06 15:01:35 - [TEST_STEP][PASSED] - openBrowser("https://diagnostics.staging.arcadier.io/"): Browser is opened with url: 'https://diagnostics.staging.arcadier.io/'

2022-04-06 15:01:35 - [MESSAGE][INFO] - Starting 'Chrome' driver

2022-04-06 15:01:35 - [MESSAGE][INFO] - Action delay is set to 0 milliseconds

2022-04-06 15:02:00 - [MESSAGE][PASSED] - Browser is opened with url: 'https://diagnostics.staging.arcadier.io/'

2022-04-06 15:02:00 - [TEST_STEP][PASSED] - maximizeWindow(): Current window maximized

2022-04-06 15:02:00 - [MESSAGE][PASSED] - Current window maximized

2022-04-06 15:02:00 - [TEST_STEP][PASSED] - click(findTestObject("Item Details Objects/Page_diagnostics/a_Accept Cookies")): Object: 'Object Repository/Item Details Objects/Page_diagnostics/a_Accept Cookies' is clicked on

2022-04-06 15:02:01 - [MESSAGE][PASSED] - Object: 'Object Repository/Item Details Objects/Page_diagnostics/a_Accept Cookies' is clicked on

2022-04-06 15:02:01 - [TEST_STEP][PASSED] - click(findTestObject("Staging Objects/Page_diagnostics/a_DIABETES DIAGNOSTICS"), STOP_ON_FAILURE): Object: 'Object Repository/Staging Objects/Page_diagnostics/a_DIABETES DIAGNOSTICS' is clicked on

2022-04-06 15:02:06 - [MESSAGE][PASSED] - Object: 'Object Repository/Staging Objects/Page_diagnostics/a_DIABETES DIAGNOSTICS' is clicked on

2022-04-06 15:02:06 - [TEST_STEP][PASSED] - mouseOver(findTestObject("Staging Objects/Page_diagnostics/a_CareSens N Eco Blood Glucose Meter")): Object: 'Object Repository/Staging Objects/Page_diagnostics/a_CareSens N Eco Blood Glucose Meter' is hovered

2022-04-06 15:02:07 - [MESSAGE][PASSED] - Object: 'Object Repository/Staging Objects/Page_diagnostics/a_CareSens N Eco Blood Glucose Meter' is hovered

2022-04-06 15:02:07 - [TEST_STEP][PASSED] - click(findTestObject("Staging Objects/Page_diagnostics/a_CareSens N Eco Blood Glucose Meter")): Object: 'Object Repository/Staging Objects/Page_diagnostics/a_CareSens N Eco Blood Glucose Meter' is clicked on

2022-04-06 15:02:12 - [MESSAGE][PASSED] - Object: 'Object Repository/Staging Objects/Page_diagnostics/a_CareSens N Eco Blood Glucose Meter' is clicked on

2022-04-06 15:02:12 - [MESSAGE][PASSED] - Call Test Case 'Test Cases/Custom Item Details/UTILITIES/OPEN_BROWSER' successfully

2022-04-06 15:02:12 - [TEST_STEP][PASSED] - waitForElementVisible(findTestObject("Item Details Objects/Page_diagnostics/div.item-details"), 0): Object 'Object Repository/Item Details Objects/Page_diagnostics/div.item-details' is visible

2022-04-06 15:02:12 - [MESSAGE][WARNING] - Timeout '0' is invalid. Using default page load timeout: '30'

2022-04-06 15:02:13 - [MESSAGE][PASSED] - Object 'Object Repository/Item Details Objects/Page_diagnostics/div.item-details' is visible

2022-04-06 15:02:13 - [TEST_STEP][PASSED] - callTestCase(findTestCase("Custom Item Details/UTILITIES/CLOSE_BROWSER"), [:], STOP_ON_FAILURE): Call Test Case 'Test Cases/Custom Item Details/UTILITIES/CLOSE_BROWSER' successfully

2022-04-06 15:02:13 - [TEST_CASE][PASSED] - Test Cases/Custom Item Details/UTILITIES/CLOSE_BROWSER: Test Cases/Custom Item Details/UTILITIES/CLOSE_BROWSER

2022-04-06 15:02:14 - [TEST_STEP][PASSED] - closeBrowser(): Browser is closed

2022-04-06 15:02:14 - [MESSAGE][PASSED] - Browser is closed

2022-04-06 15:02:14 - [MESSAGE][PASSED] - Call Test Case 'Test Cases/Custom Item Details/UTILITIES/CLOSE_BROWSER' successfully]]></system-out>
         <system-err><![CDATA[]]></system-err>
      </testcase>
      <testcase name="Test Cases/Custom Item Details/TEST CASE/TC_DETAILS_UI_002" time="18.796" classname="Test Cases/Custom Item Details/TEST CASE/TC_DETAILS_UI_002" status="PASSED">
         <system-out><![CDATA[2022-04-06 15:02:14 - [TEST_CASE][PASSED] - Test Cases/Custom Item Details/TEST CASE/TC_DETAILS_UI_002: Test Cases/Custom Item Details/TEST CASE/TC_DETAILS_UI_002

2022-04-06 15:02:14 - [TEST_STEP][PASSED] - callTestCase(findTestCase("Custom Item Details/UTILITIES/OPEN_BROWSER"), [:], STOP_ON_FAILURE): Call Test Case 'Test Cases/Custom Item Details/UTILITIES/OPEN_BROWSER' successfully

2022-04-06 15:02:14 - [TEST_CASE][PASSED] - Test Cases/Custom Item Details/UTILITIES/OPEN_BROWSER: Test Cases/Custom Item Details/UTILITIES/OPEN_BROWSER

2022-04-06 15:02:14 - [TEST_STEP][PASSED] - openBrowser("https://diagnostics.staging.arcadier.io/"): Browser is opened with url: 'https://diagnostics.staging.arcadier.io/'

2022-04-06 15:02:14 - [MESSAGE][INFO] - Starting 'Chrome' driver

2022-04-06 15:02:14 - [MESSAGE][INFO] - Action delay is set to 0 milliseconds

2022-04-06 15:02:18 - [MESSAGE][PASSED] - Browser is opened with url: 'https://diagnostics.staging.arcadier.io/'

2022-04-06 15:02:18 - [TEST_STEP][PASSED] - maximizeWindow(): Current window maximized

2022-04-06 15:02:18 - [MESSAGE][PASSED] - Current window maximized

2022-04-06 15:02:18 - [TEST_STEP][PASSED] - click(findTestObject("Item Details Objects/Page_diagnostics/a_Accept Cookies")): Object: 'Object Repository/Item Details Objects/Page_diagnostics/a_Accept Cookies' is clicked on

2022-04-06 15:02:19 - [MESSAGE][PASSED] - Object: 'Object Repository/Item Details Objects/Page_diagnostics/a_Accept Cookies' is clicked on

2022-04-06 15:02:19 - [TEST_STEP][PASSED] - click(findTestObject("Staging Objects/Page_diagnostics/a_DIABETES DIAGNOSTICS"), STOP_ON_FAILURE): Object: 'Object Repository/Staging Objects/Page_diagnostics/a_DIABETES DIAGNOSTICS' is clicked on

2022-04-06 15:02:22 - [MESSAGE][PASSED] - Object: 'Object Repository/Staging Objects/Page_diagnostics/a_DIABETES DIAGNOSTICS' is clicked on

2022-04-06 15:02:22 - [TEST_STEP][PASSED] - mouseOver(findTestObject("Staging Objects/Page_diagnostics/a_CareSens N Eco Blood Glucose Meter")): Object: 'Object Repository/Staging Objects/Page_diagnostics/a_CareSens N Eco Blood Glucose Meter' is hovered

2022-04-06 15:02:26 - [MESSAGE][PASSED] - Object: 'Object Repository/Staging Objects/Page_diagnostics/a_CareSens N Eco Blood Glucose Meter' is hovered

2022-04-06 15:02:26 - [TEST_STEP][PASSED] - click(findTestObject("Staging Objects/Page_diagnostics/a_CareSens N Eco Blood Glucose Meter")): Object: 'Object Repository/Staging Objects/Page_diagnostics/a_CareSens N Eco Blood Glucose Meter' is clicked on

2022-04-06 15:02:31 - [MESSAGE][PASSED] - Object: 'Object Repository/Staging Objects/Page_diagnostics/a_CareSens N Eco Blood Glucose Meter' is clicked on

2022-04-06 15:02:31 - [MESSAGE][PASSED] - Call Test Case 'Test Cases/Custom Item Details/UTILITIES/OPEN_BROWSER' successfully

2022-04-06 15:02:31 - [TEST_STEP][PASSED] - waitForElementVisible(findTestObject("Item Details Objects/Page_diagnostics/div.item-detail-right"), 0): Object 'Object Repository/Item Details Objects/Page_diagnostics/div.item-detail-right' is visible

2022-04-06 15:02:31 - [MESSAGE][WARNING] - Timeout '0' is invalid. Using default page load timeout: '30'

2022-04-06 15:02:32 - [MESSAGE][PASSED] - Object 'Object Repository/Item Details Objects/Page_diagnostics/div.item-detail-right' is visible

2022-04-06 15:02:32 - [TEST_STEP][PASSED] - callTestCase(findTestCase("Custom Item Details/UTILITIES/CLOSE_BROWSER"), [:], STOP_ON_FAILURE): Call Test Case 'Test Cases/Custom Item Details/UTILITIES/CLOSE_BROWSER' successfully

2022-04-06 15:02:32 - [TEST_CASE][PASSED] - Test Cases/Custom Item Details/UTILITIES/CLOSE_BROWSER: Test Cases/Custom Item Details/UTILITIES/CLOSE_BROWSER

2022-04-06 15:02:32 - [TEST_STEP][PASSED] - closeBrowser(): Browser is closed

2022-04-06 15:02:33 - [MESSAGE][PASSED] - Browser is closed

2022-04-06 15:02:33 - [MESSAGE][PASSED] - Call Test Case 'Test Cases/Custom Item Details/UTILITIES/CLOSE_BROWSER' successfully]]></system-out>
         <system-err><![CDATA[]]></system-err>
      </testcase>
      <testcase name="Test Cases/Custom Item Details/TEST CASE/TC_DETAILS_UI_003" time="18.915" classname="Test Cases/Custom Item Details/TEST CASE/TC_DETAILS_UI_003" status="PASSED">
         <system-out><![CDATA[2022-04-06 15:02:33 - [TEST_CASE][PASSED] - Test Cases/Custom Item Details/TEST CASE/TC_DETAILS_UI_003: Test Cases/Custom Item Details/TEST CASE/TC_DETAILS_UI_003

2022-04-06 15:02:33 - [TEST_STEP][PASSED] - callTestCase(findTestCase("Custom Item Details/UTILITIES/OPEN_BROWSER"), [:], STOP_ON_FAILURE): Call Test Case 'Test Cases/Custom Item Details/UTILITIES/OPEN_BROWSER' successfully

2022-04-06 15:02:33 - [TEST_CASE][PASSED] - Test Cases/Custom Item Details/UTILITIES/OPEN_BROWSER: Test Cases/Custom Item Details/UTILITIES/OPEN_BROWSER

2022-04-06 15:02:33 - [TEST_STEP][PASSED] - openBrowser("https://diagnostics.staging.arcadier.io/"): Browser is opened with url: 'https://diagnostics.staging.arcadier.io/'

2022-04-06 15:02:33 - [MESSAGE][INFO] - Starting 'Chrome' driver

2022-04-06 15:02:33 - [MESSAGE][INFO] - Action delay is set to 0 milliseconds

2022-04-06 15:02:37 - [MESSAGE][PASSED] - Browser is opened with url: 'https://diagnostics.staging.arcadier.io/'

2022-04-06 15:02:37 - [TEST_STEP][PASSED] - maximizeWindow(): Current window maximized

2022-04-06 15:02:37 - [MESSAGE][PASSED] - Current window maximized

2022-04-06 15:02:37 - [TEST_STEP][PASSED] - click(findTestObject("Item Details Objects/Page_diagnostics/a_Accept Cookies")): Object: 'Object Repository/Item Details Objects/Page_diagnostics/a_Accept Cookies' is clicked on

2022-04-06 15:02:38 - [MESSAGE][PASSED] - Object: 'Object Repository/Item Details Objects/Page_diagnostics/a_Accept Cookies' is clicked on

2022-04-06 15:02:38 - [TEST_STEP][PASSED] - click(findTestObject("Staging Objects/Page_diagnostics/a_DIABETES DIAGNOSTICS"), STOP_ON_FAILURE): Object: 'Object Repository/Staging Objects/Page_diagnostics/a_DIABETES DIAGNOSTICS' is clicked on

2022-04-06 15:02:41 - [MESSAGE][PASSED] - Object: 'Object Repository/Staging Objects/Page_diagnostics/a_DIABETES DIAGNOSTICS' is clicked on

2022-04-06 15:02:41 - [TEST_STEP][PASSED] - mouseOver(findTestObject("Staging Objects/Page_diagnostics/a_CareSens N Eco Blood Glucose Meter")): Object: 'Object Repository/Staging Objects/Page_diagnostics/a_CareSens N Eco Blood Glucose Meter' is hovered

2022-04-06 15:02:45 - [MESSAGE][PASSED] - Object: 'Object Repository/Staging Objects/Page_diagnostics/a_CareSens N Eco Blood Glucose Meter' is hovered

2022-04-06 15:02:45 - [TEST_STEP][PASSED] - click(findTestObject("Staging Objects/Page_diagnostics/a_CareSens N Eco Blood Glucose Meter")): Object: 'Object Repository/Staging Objects/Page_diagnostics/a_CareSens N Eco Blood Glucose Meter' is clicked on

2022-04-06 15:02:50 - [MESSAGE][PASSED] - Object: 'Object Repository/Staging Objects/Page_diagnostics/a_CareSens N Eco Blood Glucose Meter' is clicked on

2022-04-06 15:02:50 - [MESSAGE][PASSED] - Call Test Case 'Test Cases/Custom Item Details/UTILITIES/OPEN_BROWSER' successfully

2022-04-06 15:02:50 - [TEST_STEP][PASSED] - waitForElementVisible(findTestObject("Item Details Objects/Page_diagnostics/img.Item"), 0): Object 'Object Repository/Item Details Objects/Page_diagnostics/img.Item' is visible

2022-04-06 15:02:50 - [MESSAGE][WARNING] - Timeout '0' is invalid. Using default page load timeout: '30'

2022-04-06 15:02:51 - [MESSAGE][PASSED] - Object 'Object Repository/Item Details Objects/Page_diagnostics/img.Item' is visible

2022-04-06 15:02:51 - [TEST_STEP][PASSED] - callTestCase(findTestCase("Custom Item Details/UTILITIES/CLOSE_BROWSER"), [:], STOP_ON_FAILURE): Call Test Case 'Test Cases/Custom Item Details/UTILITIES/CLOSE_BROWSER' successfully

2022-04-06 15:02:51 - [TEST_CASE][PASSED] - Test Cases/Custom Item Details/UTILITIES/CLOSE_BROWSER: Test Cases/Custom Item Details/UTILITIES/CLOSE_BROWSER

2022-04-06 15:02:51 - [TEST_STEP][PASSED] - closeBrowser(): Browser is closed

2022-04-06 15:02:52 - [MESSAGE][PASSED] - Browser is closed

2022-04-06 15:02:52 - [MESSAGE][PASSED] - Call Test Case 'Test Cases/Custom Item Details/UTILITIES/CLOSE_BROWSER' successfully]]></system-out>
         <system-err><![CDATA[]]></system-err>
      </testcase>
      <testcase name="Test Cases/Custom Item Details/TEST CASE/TC_DETAILS_UI_004" time="19.038" classname="Test Cases/Custom Item Details/TEST CASE/TC_DETAILS_UI_004" status="PASSED">
         <system-out><![CDATA[2022-04-06 15:02:52 - [TEST_CASE][PASSED] - Test Cases/Custom Item Details/TEST CASE/TC_DETAILS_UI_004: Test Cases/Custom Item Details/TEST CASE/TC_DETAILS_UI_004

2022-04-06 15:02:52 - [TEST_STEP][PASSED] - callTestCase(findTestCase("Custom Item Details/UTILITIES/OPEN_BROWSER"), [:], STOP_ON_FAILURE): Call Test Case 'Test Cases/Custom Item Details/UTILITIES/OPEN_BROWSER' successfully

2022-04-06 15:02:52 - [TEST_CASE][PASSED] - Test Cases/Custom Item Details/UTILITIES/OPEN_BROWSER: Test Cases/Custom Item Details/UTILITIES/OPEN_BROWSER

2022-04-06 15:02:52 - [TEST_STEP][PASSED] - openBrowser("https://diagnostics.staging.arcadier.io/"): Browser is opened with url: 'https://diagnostics.staging.arcadier.io/'

2022-04-06 15:02:52 - [MESSAGE][INFO] - Starting 'Chrome' driver

2022-04-06 15:02:52 - [MESSAGE][INFO] - Action delay is set to 0 milliseconds

2022-04-06 15:02:55 - [MESSAGE][PASSED] - Browser is opened with url: 'https://diagnostics.staging.arcadier.io/'

2022-04-06 15:02:55 - [TEST_STEP][PASSED] - maximizeWindow(): Current window maximized

2022-04-06 15:02:55 - [MESSAGE][PASSED] - Current window maximized

2022-04-06 15:02:55 - [TEST_STEP][PASSED] - click(findTestObject("Item Details Objects/Page_diagnostics/a_Accept Cookies")): Object: 'Object Repository/Item Details Objects/Page_diagnostics/a_Accept Cookies' is clicked on

2022-04-06 15:02:57 - [MESSAGE][PASSED] - Object: 'Object Repository/Item Details Objects/Page_diagnostics/a_Accept Cookies' is clicked on

2022-04-06 15:02:57 - [TEST_STEP][PASSED] - click(findTestObject("Staging Objects/Page_diagnostics/a_DIABETES DIAGNOSTICS"), STOP_ON_FAILURE): Object: 'Object Repository/Staging Objects/Page_diagnostics/a_DIABETES DIAGNOSTICS' is clicked on

2022-04-06 15:03:00 - [MESSAGE][PASSED] - Object: 'Object Repository/Staging Objects/Page_diagnostics/a_DIABETES DIAGNOSTICS' is clicked on

2022-04-06 15:03:00 - [TEST_STEP][PASSED] - mouseOver(findTestObject("Staging Objects/Page_diagnostics/a_CareSens N Eco Blood Glucose Meter")): Object: 'Object Repository/Staging Objects/Page_diagnostics/a_CareSens N Eco Blood Glucose Meter' is hovered

2022-04-06 15:03:04 - [MESSAGE][PASSED] - Object: 'Object Repository/Staging Objects/Page_diagnostics/a_CareSens N Eco Blood Glucose Meter' is hovered

2022-04-06 15:03:04 - [TEST_STEP][PASSED] - click(findTestObject("Staging Objects/Page_diagnostics/a_CareSens N Eco Blood Glucose Meter")): Object: 'Object Repository/Staging Objects/Page_diagnostics/a_CareSens N Eco Blood Glucose Meter' is clicked on

2022-04-06 15:03:09 - [MESSAGE][PASSED] - Object: 'Object Repository/Staging Objects/Page_diagnostics/a_CareSens N Eco Blood Glucose Meter' is clicked on

2022-04-06 15:03:09 - [MESSAGE][PASSED] - Call Test Case 'Test Cases/Custom Item Details/UTILITIES/OPEN_BROWSER' successfully

2022-04-06 15:03:09 - [TEST_STEP][PASSED] - waitForElementVisible(findTestObject("Item Details Objects/Page_diagnostics/div.merchant-name2"), 0): Object 'Object Repository/Item Details Objects/Page_diagnostics/div.merchant-name2' is visible

2022-04-06 15:03:09 - [MESSAGE][WARNING] - Timeout '0' is invalid. Using default page load timeout: '30'

2022-04-06 15:03:10 - [MESSAGE][PASSED] - Object 'Object Repository/Item Details Objects/Page_diagnostics/div.merchant-name2' is visible

2022-04-06 15:03:10 - [TEST_STEP][PASSED] - callTestCase(findTestCase("Custom Item Details/UTILITIES/CLOSE_BROWSER"), [:], STOP_ON_FAILURE): Call Test Case 'Test Cases/Custom Item Details/UTILITIES/CLOSE_BROWSER' successfully

2022-04-06 15:03:10 - [TEST_CASE][PASSED] - Test Cases/Custom Item Details/UTILITIES/CLOSE_BROWSER: Test Cases/Custom Item Details/UTILITIES/CLOSE_BROWSER

2022-04-06 15:03:10 - [TEST_STEP][PASSED] - closeBrowser(): Browser is closed

2022-04-06 15:03:11 - [MESSAGE][PASSED] - Browser is closed

2022-04-06 15:03:11 - [MESSAGE][PASSED] - Call Test Case 'Test Cases/Custom Item Details/UTILITIES/CLOSE_BROWSER' successfully]]></system-out>
         <system-err><![CDATA[]]></system-err>
      </testcase>
      <testcase name="Test Cases/Custom Item Details/TEST CASE/TC_DETAILS_UI_005" time="18.418" classname="Test Cases/Custom Item Details/TEST CASE/TC_DETAILS_UI_005" status="PASSED">
         <system-out><![CDATA[2022-04-06 15:03:11 - [TEST_CASE][PASSED] - Test Cases/Custom Item Details/TEST CASE/TC_DETAILS_UI_005: Test Cases/Custom Item Details/TEST CASE/TC_DETAILS_UI_005

2022-04-06 15:03:11 - [TEST_STEP][PASSED] - callTestCase(findTestCase("Custom Item Details/UTILITIES/OPEN_BROWSER"), [:], STOP_ON_FAILURE): Call Test Case 'Test Cases/Custom Item Details/UTILITIES/OPEN_BROWSER' successfully

2022-04-06 15:03:11 - [TEST_CASE][PASSED] - Test Cases/Custom Item Details/UTILITIES/OPEN_BROWSER: Test Cases/Custom Item Details/UTILITIES/OPEN_BROWSER

2022-04-06 15:03:11 - [TEST_STEP][PASSED] - openBrowser("https://diagnostics.staging.arcadier.io/"): Browser is opened with url: 'https://diagnostics.staging.arcadier.io/'

2022-04-06 15:03:11 - [MESSAGE][INFO] - Starting 'Chrome' driver

2022-04-06 15:03:11 - [MESSAGE][INFO] - Action delay is set to 0 milliseconds

2022-04-06 15:03:15 - [MESSAGE][PASSED] - Browser is opened with url: 'https://diagnostics.staging.arcadier.io/'

2022-04-06 15:03:15 - [TEST_STEP][PASSED] - maximizeWindow(): Current window maximized

2022-04-06 15:03:15 - [MESSAGE][PASSED] - Current window maximized

2022-04-06 15:03:15 - [TEST_STEP][PASSED] - click(findTestObject("Item Details Objects/Page_diagnostics/a_Accept Cookies")): Object: 'Object Repository/Item Details Objects/Page_diagnostics/a_Accept Cookies' is clicked on

2022-04-06 15:03:15 - [MESSAGE][PASSED] - Object: 'Object Repository/Item Details Objects/Page_diagnostics/a_Accept Cookies' is clicked on

2022-04-06 15:03:15 - [TEST_STEP][PASSED] - click(findTestObject("Staging Objects/Page_diagnostics/a_DIABETES DIAGNOSTICS"), STOP_ON_FAILURE): Object: 'Object Repository/Staging Objects/Page_diagnostics/a_DIABETES DIAGNOSTICS' is clicked on

2022-04-06 15:03:18 - [MESSAGE][PASSED] - Object: 'Object Repository/Staging Objects/Page_diagnostics/a_DIABETES DIAGNOSTICS' is clicked on

2022-04-06 15:03:18 - [TEST_STEP][PASSED] - mouseOver(findTestObject("Staging Objects/Page_diagnostics/a_CareSens N Eco Blood Glucose Meter")): Object: 'Object Repository/Staging Objects/Page_diagnostics/a_CareSens N Eco Blood Glucose Meter' is hovered

2022-04-06 15:03:22 - [MESSAGE][PASSED] - Object: 'Object Repository/Staging Objects/Page_diagnostics/a_CareSens N Eco Blood Glucose Meter' is hovered

2022-04-06 15:03:22 - [TEST_STEP][PASSED] - click(findTestObject("Staging Objects/Page_diagnostics/a_CareSens N Eco Blood Glucose Meter")): Object: 'Object Repository/Staging Objects/Page_diagnostics/a_CareSens N Eco Blood Glucose Meter' is clicked on

2022-04-06 15:03:27 - [MESSAGE][PASSED] - Object: 'Object Repository/Staging Objects/Page_diagnostics/a_CareSens N Eco Blood Glucose Meter' is clicked on

2022-04-06 15:03:27 - [MESSAGE][PASSED] - Call Test Case 'Test Cases/Custom Item Details/UTILITIES/OPEN_BROWSER' successfully

2022-04-06 15:03:27 - [TEST_STEP][PASSED] - waitForElementVisible(findTestObject("Item Details Objects/Page_diagnostics/Merchant_name"), 0): Object 'Object Repository/Item Details Objects/Page_diagnostics/Merchant_name' is visible

2022-04-06 15:03:27 - [MESSAGE][WARNING] - Timeout '0' is invalid. Using default page load timeout: '30'

2022-04-06 15:03:28 - [MESSAGE][PASSED] - Object 'Object Repository/Item Details Objects/Page_diagnostics/Merchant_name' is visible

2022-04-06 15:03:28 - [TEST_STEP][PASSED] - verifyElementClickable(findTestObject("Item Details Objects/Page_diagnostics/Merchant_name")): Object 'Object Repository/Item Details Objects/Page_diagnostics/Merchant_name' is clickable

2022-04-06 15:03:29 - [MESSAGE][PASSED] - Object 'Object Repository/Item Details Objects/Page_diagnostics/Merchant_name' is clickable

2022-04-06 15:03:29 - [TEST_STEP][PASSED] - callTestCase(findTestCase("Custom Item Details/UTILITIES/CLOSE_BROWSER"), [:], STOP_ON_FAILURE): Call Test Case 'Test Cases/Custom Item Details/UTILITIES/CLOSE_BROWSER' successfully

2022-04-06 15:03:29 - [TEST_CASE][PASSED] - Test Cases/Custom Item Details/UTILITIES/CLOSE_BROWSER: Test Cases/Custom Item Details/UTILITIES/CLOSE_BROWSER

2022-04-06 15:03:29 - [TEST_STEP][PASSED] - closeBrowser(): Browser is closed

2022-04-06 15:03:29 - [MESSAGE][PASSED] - Browser is closed

2022-04-06 15:03:29 - [MESSAGE][PASSED] - Call Test Case 'Test Cases/Custom Item Details/UTILITIES/CLOSE_BROWSER' successfully]]></system-out>
         <system-err><![CDATA[]]></system-err>
      </testcase>
      <testcase name="Test Cases/Custom Item Details/TEST CASE/TC_DETAILS_UI_006" time="18.663" classname="Test Cases/Custom Item Details/TEST CASE/TC_DETAILS_UI_006" status="PASSED">
         <system-out><![CDATA[2022-04-06 15:03:29 - [TEST_CASE][PASSED] - Test Cases/Custom Item Details/TEST CASE/TC_DETAILS_UI_006: Test Cases/Custom Item Details/TEST CASE/TC_DETAILS_UI_006

2022-04-06 15:03:30 - [TEST_STEP][PASSED] - callTestCase(findTestCase("Custom Item Details/UTILITIES/OPEN_BROWSER"), [:], STOP_ON_FAILURE): Call Test Case 'Test Cases/Custom Item Details/UTILITIES/OPEN_BROWSER' successfully

2022-04-06 15:03:30 - [TEST_CASE][PASSED] - Test Cases/Custom Item Details/UTILITIES/OPEN_BROWSER: Test Cases/Custom Item Details/UTILITIES/OPEN_BROWSER

2022-04-06 15:03:30 - [TEST_STEP][PASSED] - openBrowser("https://diagnostics.staging.arcadier.io/"): Browser is opened with url: 'https://diagnostics.staging.arcadier.io/'

2022-04-06 15:03:30 - [MESSAGE][INFO] - Starting 'Chrome' driver

2022-04-06 15:03:30 - [MESSAGE][INFO] - Action delay is set to 0 milliseconds

2022-04-06 15:03:33 - [MESSAGE][PASSED] - Browser is opened with url: 'https://diagnostics.staging.arcadier.io/'

2022-04-06 15:03:33 - [TEST_STEP][PASSED] - maximizeWindow(): Current window maximized

2022-04-06 15:03:33 - [MESSAGE][PASSED] - Current window maximized

2022-04-06 15:03:33 - [TEST_STEP][PASSED] - click(findTestObject("Item Details Objects/Page_diagnostics/a_Accept Cookies")): Object: 'Object Repository/Item Details Objects/Page_diagnostics/a_Accept Cookies' is clicked on

2022-04-06 15:03:34 - [MESSAGE][PASSED] - Object: 'Object Repository/Item Details Objects/Page_diagnostics/a_Accept Cookies' is clicked on

2022-04-06 15:03:34 - [TEST_STEP][PASSED] - click(findTestObject("Staging Objects/Page_diagnostics/a_DIABETES DIAGNOSTICS"), STOP_ON_FAILURE): Object: 'Object Repository/Staging Objects/Page_diagnostics/a_DIABETES DIAGNOSTICS' is clicked on

2022-04-06 15:03:36 - [MESSAGE][PASSED] - Object: 'Object Repository/Staging Objects/Page_diagnostics/a_DIABETES DIAGNOSTICS' is clicked on

2022-04-06 15:03:36 - [TEST_STEP][PASSED] - mouseOver(findTestObject("Staging Objects/Page_diagnostics/a_CareSens N Eco Blood Glucose Meter")): Object: 'Object Repository/Staging Objects/Page_diagnostics/a_CareSens N Eco Blood Glucose Meter' is hovered

2022-04-06 15:03:40 - [MESSAGE][PASSED] - Object: 'Object Repository/Staging Objects/Page_diagnostics/a_CareSens N Eco Blood Glucose Meter' is hovered

2022-04-06 15:03:40 - [TEST_STEP][PASSED] - click(findTestObject("Staging Objects/Page_diagnostics/a_CareSens N Eco Blood Glucose Meter")): Object: 'Object Repository/Staging Objects/Page_diagnostics/a_CareSens N Eco Blood Glucose Meter' is clicked on

2022-04-06 15:03:45 - [MESSAGE][PASSED] - Object: 'Object Repository/Staging Objects/Page_diagnostics/a_CareSens N Eco Blood Glucose Meter' is clicked on

2022-04-06 15:03:45 - [MESSAGE][PASSED] - Call Test Case 'Test Cases/Custom Item Details/UTILITIES/OPEN_BROWSER' successfully

2022-04-06 15:03:45 - [TEST_STEP][PASSED] - waitForElementVisible(findTestObject("Item Details Objects/Page_diagnostics/a_Contact_seller_btn"), 0): Object 'Object Repository/Item Details Objects/Page_diagnostics/a_Contact_seller_btn' is visible

2022-04-06 15:03:45 - [MESSAGE][WARNING] - Timeout '0' is invalid. Using default page load timeout: '30'

2022-04-06 15:03:47 - [MESSAGE][PASSED] - Object 'Object Repository/Item Details Objects/Page_diagnostics/a_Contact_seller_btn' is visible

2022-04-06 15:03:47 - [TEST_STEP][PASSED] - verifyElementClickable(findTestObject("Item Details Objects/Page_diagnostics/a_Contact_seller_btn")): Object 'Object Repository/Item Details Objects/Page_diagnostics/a_Contact_seller_btn' is clickable

2022-04-06 15:03:47 - [MESSAGE][PASSED] - Object 'Object Repository/Item Details Objects/Page_diagnostics/a_Contact_seller_btn' is clickable

2022-04-06 15:03:47 - [TEST_STEP][PASSED] - verifyElementText(findTestObject("Item Details Objects/Page_diagnostics/a_Contact_seller_btn"), "ASK THE SELLER"): Actual text and expected text of test object 'Object Repository/Item Details Objects/Page_diagnostics/a_Contact_seller_btn' are matched.

2022-04-06 15:03:47 - [MESSAGE][PASSED] - Actual text and expected text of test object 'Object Repository/Item Details Objects/Page_diagnostics/a_Contact_seller_btn' are matched.

2022-04-06 15:03:47 - [TEST_STEP][PASSED] - callTestCase(findTestCase("Custom Item Details/UTILITIES/CLOSE_BROWSER"), [:], STOP_ON_FAILURE): Call Test Case 'Test Cases/Custom Item Details/UTILITIES/CLOSE_BROWSER' successfully

2022-04-06 15:03:47 - [TEST_CASE][PASSED] - Test Cases/Custom Item Details/UTILITIES/CLOSE_BROWSER: Test Cases/Custom Item Details/UTILITIES/CLOSE_BROWSER

2022-04-06 15:03:47 - [TEST_STEP][PASSED] - closeBrowser(): Browser is closed

2022-04-06 15:03:48 - [MESSAGE][PASSED] - Browser is closed

2022-04-06 15:03:48 - [MESSAGE][PASSED] - Call Test Case 'Test Cases/Custom Item Details/UTILITIES/CLOSE_BROWSER' successfully]]></system-out>
         <system-err><![CDATA[]]></system-err>
      </testcase>
      <testcase name="Test Cases/Custom Item Details/TEST CASE/TC_DETAILS_UI_007" time="17.194" classname="Test Cases/Custom Item Details/TEST CASE/TC_DETAILS_UI_007" status="PASSED">
         <system-out><![CDATA[2022-04-06 15:03:48 - [TEST_CASE][PASSED] - Test Cases/Custom Item Details/TEST CASE/TC_DETAILS_UI_007: Test Cases/Custom Item Details/TEST CASE/TC_DETAILS_UI_007

2022-04-06 15:03:48 - [TEST_STEP][PASSED] - callTestCase(findTestCase("Custom Item Details/UTILITIES/OPEN_BROWSER"), [:], STOP_ON_FAILURE): Call Test Case 'Test Cases/Custom Item Details/UTILITIES/OPEN_BROWSER' successfully

2022-04-06 15:03:48 - [TEST_CASE][PASSED] - Test Cases/Custom Item Details/UTILITIES/OPEN_BROWSER: Test Cases/Custom Item Details/UTILITIES/OPEN_BROWSER

2022-04-06 15:03:48 - [TEST_STEP][PASSED] - openBrowser("https://diagnostics.staging.arcadier.io/"): Browser is opened with url: 'https://diagnostics.staging.arcadier.io/'

2022-04-06 15:03:48 - [MESSAGE][INFO] - Starting 'Chrome' driver

2022-04-06 15:03:48 - [MESSAGE][INFO] - Action delay is set to 0 milliseconds

2022-04-06 15:03:52 - [MESSAGE][PASSED] - Browser is opened with url: 'https://diagnostics.staging.arcadier.io/'

2022-04-06 15:03:52 - [TEST_STEP][PASSED] - maximizeWindow(): Current window maximized

2022-04-06 15:03:52 - [MESSAGE][PASSED] - Current window maximized

2022-04-06 15:03:52 - [TEST_STEP][PASSED] - click(findTestObject("Item Details Objects/Page_diagnostics/a_Accept Cookies")): Object: 'Object Repository/Item Details Objects/Page_diagnostics/a_Accept Cookies' is clicked on

2022-04-06 15:03:53 - [MESSAGE][PASSED] - Object: 'Object Repository/Item Details Objects/Page_diagnostics/a_Accept Cookies' is clicked on

2022-04-06 15:03:53 - [TEST_STEP][PASSED] - click(findTestObject("Staging Objects/Page_diagnostics/a_DIABETES DIAGNOSTICS"), STOP_ON_FAILURE): Object: 'Object Repository/Staging Objects/Page_diagnostics/a_DIABETES DIAGNOSTICS' is clicked on

2022-04-06 15:03:54 - [MESSAGE][PASSED] - Object: 'Object Repository/Staging Objects/Page_diagnostics/a_DIABETES DIAGNOSTICS' is clicked on

2022-04-06 15:03:54 - [TEST_STEP][PASSED] - mouseOver(findTestObject("Staging Objects/Page_diagnostics/a_CareSens N Eco Blood Glucose Meter")): Object: 'Object Repository/Staging Objects/Page_diagnostics/a_CareSens N Eco Blood Glucose Meter' is hovered

2022-04-06 15:03:58 - [MESSAGE][PASSED] - Object: 'Object Repository/Staging Objects/Page_diagnostics/a_CareSens N Eco Blood Glucose Meter' is hovered

2022-04-06 15:03:58 - [TEST_STEP][PASSED] - click(findTestObject("Staging Objects/Page_diagnostics/a_CareSens N Eco Blood Glucose Meter")): Object: 'Object Repository/Staging Objects/Page_diagnostics/a_CareSens N Eco Blood Glucose Meter' is clicked on

2022-04-06 15:04:03 - [MESSAGE][PASSED] - Object: 'Object Repository/Staging Objects/Page_diagnostics/a_CareSens N Eco Blood Glucose Meter' is clicked on

2022-04-06 15:04:03 - [MESSAGE][PASSED] - Call Test Case 'Test Cases/Custom Item Details/UTILITIES/OPEN_BROWSER' successfully

2022-04-06 15:04:03 - [TEST_STEP][PASSED] - waitForElementVisible(findTestObject("Item Details Objects/Page_diagnostics/div.item-detail-left"), 0): Object 'Object Repository/Item Details Objects/Page_diagnostics/div.item-detail-left' is visible

2022-04-06 15:04:03 - [MESSAGE][WARNING] - Timeout '0' is invalid. Using default page load timeout: '30'

2022-04-06 15:04:05 - [MESSAGE][PASSED] - Object 'Object Repository/Item Details Objects/Page_diagnostics/div.item-detail-left' is visible

2022-04-06 15:04:05 - [TEST_STEP][PASSED] - callTestCase(findTestCase("Custom Item Details/UTILITIES/CLOSE_BROWSER"), [:], STOP_ON_FAILURE): Call Test Case 'Test Cases/Custom Item Details/UTILITIES/CLOSE_BROWSER' successfully

2022-04-06 15:04:05 - [TEST_CASE][PASSED] - Test Cases/Custom Item Details/UTILITIES/CLOSE_BROWSER: Test Cases/Custom Item Details/UTILITIES/CLOSE_BROWSER

2022-04-06 15:04:05 - [TEST_STEP][PASSED] - closeBrowser(): Browser is closed

2022-04-06 15:04:05 - [MESSAGE][PASSED] - Browser is closed

2022-04-06 15:04:05 - [MESSAGE][PASSED] - Call Test Case 'Test Cases/Custom Item Details/UTILITIES/CLOSE_BROWSER' successfully]]></system-out>
         <system-err><![CDATA[]]></system-err>
      </testcase>
      <testcase name="Test Cases/Custom Item Details/TEST CASE/TC_DETAILS_UI_008" time="18.39" classname="Test Cases/Custom Item Details/TEST CASE/TC_DETAILS_UI_008" status="PASSED">
         <system-out><![CDATA[2022-04-06 15:04:05 - [TEST_CASE][PASSED] - Test Cases/Custom Item Details/TEST CASE/TC_DETAILS_UI_008: Test Cases/Custom Item Details/TEST CASE/TC_DETAILS_UI_008

2022-04-06 15:04:05 - [TEST_STEP][PASSED] - callTestCase(findTestCase("Custom Item Details/UTILITIES/OPEN_BROWSER"), [:], STOP_ON_FAILURE): Call Test Case 'Test Cases/Custom Item Details/UTILITIES/OPEN_BROWSER' successfully

2022-04-06 15:04:05 - [TEST_CASE][PASSED] - Test Cases/Custom Item Details/UTILITIES/OPEN_BROWSER: Test Cases/Custom Item Details/UTILITIES/OPEN_BROWSER

2022-04-06 15:04:05 - [TEST_STEP][PASSED] - openBrowser("https://diagnostics.staging.arcadier.io/"): Browser is opened with url: 'https://diagnostics.staging.arcadier.io/'

2022-04-06 15:04:05 - [MESSAGE][INFO] - Starting 'Chrome' driver

2022-04-06 15:04:05 - [MESSAGE][INFO] - Action delay is set to 0 milliseconds

2022-04-06 15:04:09 - [MESSAGE][PASSED] - Browser is opened with url: 'https://diagnostics.staging.arcadier.io/'

2022-04-06 15:04:09 - [TEST_STEP][PASSED] - maximizeWindow(): Current window maximized

2022-04-06 15:04:09 - [MESSAGE][PASSED] - Current window maximized

2022-04-06 15:04:09 - [TEST_STEP][PASSED] - click(findTestObject("Item Details Objects/Page_diagnostics/a_Accept Cookies")): Object: 'Object Repository/Item Details Objects/Page_diagnostics/a_Accept Cookies' is clicked on

2022-04-06 15:04:10 - [MESSAGE][PASSED] - Object: 'Object Repository/Item Details Objects/Page_diagnostics/a_Accept Cookies' is clicked on

2022-04-06 15:04:10 - [TEST_STEP][PASSED] - click(findTestObject("Staging Objects/Page_diagnostics/a_DIABETES DIAGNOSTICS"), STOP_ON_FAILURE): Object: 'Object Repository/Staging Objects/Page_diagnostics/a_DIABETES DIAGNOSTICS' is clicked on

2022-04-06 15:04:12 - [MESSAGE][PASSED] - Object: 'Object Repository/Staging Objects/Page_diagnostics/a_DIABETES DIAGNOSTICS' is clicked on

2022-04-06 15:04:12 - [TEST_STEP][PASSED] - mouseOver(findTestObject("Staging Objects/Page_diagnostics/a_CareSens N Eco Blood Glucose Meter")): Object: 'Object Repository/Staging Objects/Page_diagnostics/a_CareSens N Eco Blood Glucose Meter' is hovered

2022-04-06 15:04:16 - [MESSAGE][PASSED] - Object: 'Object Repository/Staging Objects/Page_diagnostics/a_CareSens N Eco Blood Glucose Meter' is hovered

2022-04-06 15:04:16 - [TEST_STEP][PASSED] - click(findTestObject("Staging Objects/Page_diagnostics/a_CareSens N Eco Blood Glucose Meter")): Object: 'Object Repository/Staging Objects/Page_diagnostics/a_CareSens N Eco Blood Glucose Meter' is clicked on

2022-04-06 15:04:21 - [MESSAGE][PASSED] - Object: 'Object Repository/Staging Objects/Page_diagnostics/a_CareSens N Eco Blood Glucose Meter' is clicked on

2022-04-06 15:04:21 - [MESSAGE][PASSED] - Call Test Case 'Test Cases/Custom Item Details/UTILITIES/OPEN_BROWSER' successfully

2022-04-06 15:04:21 - [TEST_STEP][PASSED] - waitForElementVisible(findTestObject("Item Details Objects/Page_diagnostics/div_itemDetailName"), 0): Object 'Object Repository/Item Details Objects/Page_diagnostics/div_itemDetailName' is visible

2022-04-06 15:04:21 - [MESSAGE][WARNING] - Timeout '0' is invalid. Using default page load timeout: '30'

2022-04-06 15:04:23 - [MESSAGE][PASSED] - Object 'Object Repository/Item Details Objects/Page_diagnostics/div_itemDetailName' is visible

2022-04-06 15:04:23 - [TEST_STEP][PASSED] - callTestCase(findTestCase("Custom Item Details/UTILITIES/CLOSE_BROWSER"), [:], STOP_ON_FAILURE): Call Test Case 'Test Cases/Custom Item Details/UTILITIES/CLOSE_BROWSER' successfully

2022-04-06 15:04:23 - [TEST_CASE][PASSED] - Test Cases/Custom Item Details/UTILITIES/CLOSE_BROWSER: Test Cases/Custom Item Details/UTILITIES/CLOSE_BROWSER

2022-04-06 15:04:23 - [TEST_STEP][PASSED] - closeBrowser(): Browser is closed

2022-04-06 15:04:24 - [MESSAGE][PASSED] - Browser is closed

2022-04-06 15:04:24 - [MESSAGE][PASSED] - Call Test Case 'Test Cases/Custom Item Details/UTILITIES/CLOSE_BROWSER' successfully]]></system-out>
         <system-err><![CDATA[]]></system-err>
      </testcase>
      <testcase name="Test Cases/Custom Item Details/TEST CASE/TC_DETAILS_UI_009" time="49.383" classname="Test Cases/Custom Item Details/TEST CASE/TC_DETAILS_UI_009" status="PASSED">
         <system-out><![CDATA[2022-04-06 15:04:24 - [TEST_CASE][PASSED] - Test Cases/Custom Item Details/TEST CASE/TC_DETAILS_UI_009: Test Cases/Custom Item Details/TEST CASE/TC_DETAILS_UI_009

2022-04-06 15:04:24 - [TEST_STEP][PASSED] - callTestCase(findTestCase("Custom Item Details/UTILITIES/OPEN_BROWSER"), [:], STOP_ON_FAILURE): Call Test Case 'Test Cases/Custom Item Details/UTILITIES/OPEN_BROWSER' successfully

2022-04-06 15:04:24 - [TEST_CASE][PASSED] - Test Cases/Custom Item Details/UTILITIES/OPEN_BROWSER: Test Cases/Custom Item Details/UTILITIES/OPEN_BROWSER

2022-04-06 15:04:24 - [TEST_STEP][PASSED] - openBrowser("https://diagnostics.staging.arcadier.io/"): Browser is opened with url: 'https://diagnostics.staging.arcadier.io/'

2022-04-06 15:04:24 - [MESSAGE][INFO] - Starting 'Chrome' driver

2022-04-06 15:04:24 - [MESSAGE][INFO] - Action delay is set to 0 milliseconds

2022-04-06 15:04:27 - [MESSAGE][PASSED] - Browser is opened with url: 'https://diagnostics.staging.arcadier.io/'

2022-04-06 15:04:27 - [TEST_STEP][PASSED] - maximizeWindow(): Current window maximized

2022-04-06 15:04:27 - [MESSAGE][PASSED] - Current window maximized

2022-04-06 15:04:27 - [TEST_STEP][PASSED] - click(findTestObject("Item Details Objects/Page_diagnostics/a_Accept Cookies")): Object: 'Object Repository/Item Details Objects/Page_diagnostics/a_Accept Cookies' is clicked on

2022-04-06 15:04:29 - [MESSAGE][PASSED] - Object: 'Object Repository/Item Details Objects/Page_diagnostics/a_Accept Cookies' is clicked on

2022-04-06 15:04:29 - [TEST_STEP][PASSED] - click(findTestObject("Staging Objects/Page_diagnostics/a_DIABETES DIAGNOSTICS"), STOP_ON_FAILURE): Object: 'Object Repository/Staging Objects/Page_diagnostics/a_DIABETES DIAGNOSTICS' is clicked on

2022-04-06 15:04:31 - [MESSAGE][PASSED] - Object: 'Object Repository/Staging Objects/Page_diagnostics/a_DIABETES DIAGNOSTICS' is clicked on

2022-04-06 15:04:31 - [TEST_STEP][PASSED] - mouseOver(findTestObject("Staging Objects/Page_diagnostics/a_CareSens N Eco Blood Glucose Meter")): Object: 'Object Repository/Staging Objects/Page_diagnostics/a_CareSens N Eco Blood Glucose Meter' is hovered

2022-04-06 15:04:35 - [MESSAGE][PASSED] - Object: 'Object Repository/Staging Objects/Page_diagnostics/a_CareSens N Eco Blood Glucose Meter' is hovered

2022-04-06 15:04:35 - [TEST_STEP][PASSED] - click(findTestObject("Staging Objects/Page_diagnostics/a_CareSens N Eco Blood Glucose Meter")): Object: 'Object Repository/Staging Objects/Page_diagnostics/a_CareSens N Eco Blood Glucose Meter' is clicked on

2022-04-06 15:04:41 - [MESSAGE][PASSED] - Object: 'Object Repository/Staging Objects/Page_diagnostics/a_CareSens N Eco Blood Glucose Meter' is clicked on

2022-04-06 15:04:41 - [MESSAGE][PASSED] - Call Test Case 'Test Cases/Custom Item Details/UTILITIES/OPEN_BROWSER' successfully

2022-04-06 15:04:41 - [TEST_STEP][PASSED] - waitForElementVisible(findTestObject("Item Details Objects/Page_diagnostics/div.item-id"), 0): Object 'Object Repository/Item Details Objects/Page_diagnostics/div.item-id' is not visible after 30 second(s)

2022-04-06 15:04:41 - [MESSAGE][WARNING] - Timeout '0' is invalid. Using default page load timeout: '30'

2022-04-06 15:05:12 - [MESSAGE][WARNING] - Object 'Object Repository/Item Details Objects/Page_diagnostics/div.item-id' is not visible after 30 second(s)

2022-04-06 15:05:12 - [TEST_STEP][PASSED] - callTestCase(findTestCase("Custom Item Details/UTILITIES/CLOSE_BROWSER"), [:], STOP_ON_FAILURE): Call Test Case 'Test Cases/Custom Item Details/UTILITIES/CLOSE_BROWSER' successfully

2022-04-06 15:05:12 - [TEST_CASE][PASSED] - Test Cases/Custom Item Details/UTILITIES/CLOSE_BROWSER: Test Cases/Custom Item Details/UTILITIES/CLOSE_BROWSER

2022-04-06 15:05:12 - [TEST_STEP][PASSED] - closeBrowser(): Browser is closed

2022-04-06 15:05:13 - [MESSAGE][PASSED] - Browser is closed

2022-04-06 15:05:13 - [MESSAGE][PASSED] - Call Test Case 'Test Cases/Custom Item Details/UTILITIES/CLOSE_BROWSER' successfully]]></system-out>
         <system-err><![CDATA[]]></system-err>
      </testcase>
      <testcase name="Test Cases/Custom Item Details/TEST CASE/TC_DETAILS_UI_010" time="19.327" classname="Test Cases/Custom Item Details/TEST CASE/TC_DETAILS_UI_010" status="PASSED">
         <system-out><![CDATA[2022-04-06 15:05:13 - [TEST_CASE][PASSED] - Test Cases/Custom Item Details/TEST CASE/TC_DETAILS_UI_010: Test Cases/Custom Item Details/TEST CASE/TC_DETAILS_UI_010

2022-04-06 15:05:13 - [TEST_STEP][PASSED] - callTestCase(findTestCase("Custom Item Details/UTILITIES/OPEN_BROWSER"), [:], STOP_ON_FAILURE): Call Test Case 'Test Cases/Custom Item Details/UTILITIES/OPEN_BROWSER' successfully

2022-04-06 15:05:13 - [TEST_CASE][PASSED] - Test Cases/Custom Item Details/UTILITIES/OPEN_BROWSER: Test Cases/Custom Item Details/UTILITIES/OPEN_BROWSER

2022-04-06 15:05:13 - [TEST_STEP][PASSED] - openBrowser("https://diagnostics.staging.arcadier.io/"): Browser is opened with url: 'https://diagnostics.staging.arcadier.io/'

2022-04-06 15:05:13 - [MESSAGE][INFO] - Starting 'Chrome' driver

2022-04-06 15:05:13 - [MESSAGE][INFO] - Action delay is set to 0 milliseconds

2022-04-06 15:05:16 - [MESSAGE][PASSED] - Browser is opened with url: 'https://diagnostics.staging.arcadier.io/'

2022-04-06 15:05:16 - [TEST_STEP][PASSED] - maximizeWindow(): Current window maximized

2022-04-06 15:05:17 - [MESSAGE][PASSED] - Current window maximized

2022-04-06 15:05:17 - [TEST_STEP][PASSED] - click(findTestObject("Item Details Objects/Page_diagnostics/a_Accept Cookies")): Object: 'Object Repository/Item Details Objects/Page_diagnostics/a_Accept Cookies' is clicked on

2022-04-06 15:05:18 - [MESSAGE][PASSED] - Object: 'Object Repository/Item Details Objects/Page_diagnostics/a_Accept Cookies' is clicked on

2022-04-06 15:05:18 - [TEST_STEP][PASSED] - click(findTestObject("Staging Objects/Page_diagnostics/a_DIABETES DIAGNOSTICS"), STOP_ON_FAILURE): Object: 'Object Repository/Staging Objects/Page_diagnostics/a_DIABETES DIAGNOSTICS' is clicked on

2022-04-06 15:05:21 - [MESSAGE][PASSED] - Object: 'Object Repository/Staging Objects/Page_diagnostics/a_DIABETES DIAGNOSTICS' is clicked on

2022-04-06 15:05:21 - [TEST_STEP][PASSED] - mouseOver(findTestObject("Staging Objects/Page_diagnostics/a_CareSens N Eco Blood Glucose Meter")): Object: 'Object Repository/Staging Objects/Page_diagnostics/a_CareSens N Eco Blood Glucose Meter' is hovered

2022-04-06 15:05:25 - [MESSAGE][PASSED] - Object: 'Object Repository/Staging Objects/Page_diagnostics/a_CareSens N Eco Blood Glucose Meter' is hovered

2022-04-06 15:05:25 - [TEST_STEP][PASSED] - click(findTestObject("Staging Objects/Page_diagnostics/a_CareSens N Eco Blood Glucose Meter")): Object: 'Object Repository/Staging Objects/Page_diagnostics/a_CareSens N Eco Blood Glucose Meter' is clicked on

2022-04-06 15:05:30 - [MESSAGE][PASSED] - Object: 'Object Repository/Staging Objects/Page_diagnostics/a_CareSens N Eco Blood Glucose Meter' is clicked on

2022-04-06 15:05:30 - [MESSAGE][PASSED] - Call Test Case 'Test Cases/Custom Item Details/UTILITIES/OPEN_BROWSER' successfully

2022-04-06 15:05:30 - [TEST_STEP][PASSED] - waitForElementVisible(findTestObject("Item Details Objects/Page_diagnostics/div.new-button-area"), 0): Object 'Object Repository/Item Details Objects/Page_diagnostics/div.new-button-area' is visible

2022-04-06 15:05:30 - [MESSAGE][WARNING] - Timeout '0' is invalid. Using default page load timeout: '30'

2022-04-06 15:05:32 - [MESSAGE][PASSED] - Object 'Object Repository/Item Details Objects/Page_diagnostics/div.new-button-area' is visible

2022-04-06 15:05:32 - [TEST_STEP][PASSED] - callTestCase(findTestCase("Custom Item Details/UTILITIES/CLOSE_BROWSER"), [:], STOP_ON_FAILURE): Call Test Case 'Test Cases/Custom Item Details/UTILITIES/CLOSE_BROWSER' successfully

2022-04-06 15:05:32 - [TEST_CASE][PASSED] - Test Cases/Custom Item Details/UTILITIES/CLOSE_BROWSER: Test Cases/Custom Item Details/UTILITIES/CLOSE_BROWSER

2022-04-06 15:05:32 - [TEST_STEP][PASSED] - closeBrowser(): Browser is closed

2022-04-06 15:05:32 - [MESSAGE][PASSED] - Browser is closed

2022-04-06 15:05:32 - [MESSAGE][PASSED] - Call Test Case 'Test Cases/Custom Item Details/UTILITIES/CLOSE_BROWSER' successfully]]></system-out>
         <system-err><![CDATA[]]></system-err>
      </testcase>
      <testcase name="Test Cases/Custom Item Details/TEST CASE/TC_DETAILS_UI_011" time="17.422" classname="Test Cases/Custom Item Details/TEST CASE/TC_DETAILS_UI_011" status="PASSED">
         <system-out><![CDATA[2022-04-06 15:05:32 - [TEST_CASE][PASSED] - Test Cases/Custom Item Details/TEST CASE/TC_DETAILS_UI_011: Test Cases/Custom Item Details/TEST CASE/TC_DETAILS_UI_011

2022-04-06 15:05:33 - [TEST_STEP][PASSED] - callTestCase(findTestCase("Custom Item Details/UTILITIES/OPEN_BROWSER"), [:], STOP_ON_FAILURE): Call Test Case 'Test Cases/Custom Item Details/UTILITIES/OPEN_BROWSER' successfully

2022-04-06 15:05:33 - [TEST_CASE][PASSED] - Test Cases/Custom Item Details/UTILITIES/OPEN_BROWSER: Test Cases/Custom Item Details/UTILITIES/OPEN_BROWSER

2022-04-06 15:05:33 - [TEST_STEP][PASSED] - openBrowser("https://diagnostics.staging.arcadier.io/"): Browser is opened with url: 'https://diagnostics.staging.arcadier.io/'

2022-04-06 15:05:33 - [MESSAGE][INFO] - Starting 'Chrome' driver

2022-04-06 15:05:33 - [MESSAGE][INFO] - Action delay is set to 0 milliseconds

2022-04-06 15:05:36 - [MESSAGE][PASSED] - Browser is opened with url: 'https://diagnostics.staging.arcadier.io/'

2022-04-06 15:05:36 - [TEST_STEP][PASSED] - maximizeWindow(): Current window maximized

2022-04-06 15:05:36 - [MESSAGE][PASSED] - Current window maximized

2022-04-06 15:05:36 - [TEST_STEP][PASSED] - click(findTestObject("Item Details Objects/Page_diagnostics/a_Accept Cookies")): Object: 'Object Repository/Item Details Objects/Page_diagnostics/a_Accept Cookies' is clicked on

2022-04-06 15:05:37 - [MESSAGE][PASSED] - Object: 'Object Repository/Item Details Objects/Page_diagnostics/a_Accept Cookies' is clicked on

2022-04-06 15:05:37 - [TEST_STEP][PASSED] - click(findTestObject("Staging Objects/Page_diagnostics/a_DIABETES DIAGNOSTICS"), STOP_ON_FAILURE): Object: 'Object Repository/Staging Objects/Page_diagnostics/a_DIABETES DIAGNOSTICS' is clicked on

2022-04-06 15:05:39 - [MESSAGE][PASSED] - Object: 'Object Repository/Staging Objects/Page_diagnostics/a_DIABETES DIAGNOSTICS' is clicked on

2022-04-06 15:05:39 - [TEST_STEP][PASSED] - mouseOver(findTestObject("Staging Objects/Page_diagnostics/a_CareSens N Eco Blood Glucose Meter")): Object: 'Object Repository/Staging Objects/Page_diagnostics/a_CareSens N Eco Blood Glucose Meter' is hovered

2022-04-06 15:05:43 - [MESSAGE][PASSED] - Object: 'Object Repository/Staging Objects/Page_diagnostics/a_CareSens N Eco Blood Glucose Meter' is hovered

2022-04-06 15:05:43 - [TEST_STEP][PASSED] - click(findTestObject("Staging Objects/Page_diagnostics/a_CareSens N Eco Blood Glucose Meter")): Object: 'Object Repository/Staging Objects/Page_diagnostics/a_CareSens N Eco Blood Glucose Meter' is clicked on

2022-04-06 15:05:48 - [MESSAGE][PASSED] - Object: 'Object Repository/Staging Objects/Page_diagnostics/a_CareSens N Eco Blood Glucose Meter' is clicked on

2022-04-06 15:05:48 - [MESSAGE][PASSED] - Call Test Case 'Test Cases/Custom Item Details/UTILITIES/OPEN_BROWSER' successfully

2022-04-06 15:05:48 - [TEST_STEP][PASSED] - waitForElementVisible(findTestObject("Item Details Objects/Page_diagnostics/div.item-price-text"), 0): Object 'Object Repository/Item Details Objects/Page_diagnostics/div.item-price-text' is visible

2022-04-06 15:05:48 - [MESSAGE][WARNING] - Timeout '0' is invalid. Using default page load timeout: '30'

2022-04-06 15:05:49 - [MESSAGE][PASSED] - Object 'Object Repository/Item Details Objects/Page_diagnostics/div.item-price-text' is visible

2022-04-06 15:05:49 - [TEST_STEP][PASSED] - callTestCase(findTestCase("Custom Item Details/UTILITIES/CLOSE_BROWSER"), [:], STOP_ON_FAILURE): Call Test Case 'Test Cases/Custom Item Details/UTILITIES/CLOSE_BROWSER' successfully

2022-04-06 15:05:49 - [TEST_CASE][PASSED] - Test Cases/Custom Item Details/UTILITIES/CLOSE_BROWSER: Test Cases/Custom Item Details/UTILITIES/CLOSE_BROWSER

2022-04-06 15:05:49 - [TEST_STEP][PASSED] - closeBrowser(): Browser is closed

2022-04-06 15:05:50 - [MESSAGE][PASSED] - Browser is closed

2022-04-06 15:05:50 - [MESSAGE][PASSED] - Call Test Case 'Test Cases/Custom Item Details/UTILITIES/CLOSE_BROWSER' successfully]]></system-out>
         <system-err><![CDATA[]]></system-err>
      </testcase>
      <testcase name="Test Cases/Custom Item Details/TEST CASE/TC_DETAILS_UI_012" time="19.471" classname="Test Cases/Custom Item Details/TEST CASE/TC_DETAILS_UI_012" status="PASSED">
         <system-out><![CDATA[2022-04-06 15:05:50 - [TEST_CASE][PASSED] - Test Cases/Custom Item Details/TEST CASE/TC_DETAILS_UI_012: Test Cases/Custom Item Details/TEST CASE/TC_DETAILS_UI_012

2022-04-06 15:05:50 - [TEST_STEP][PASSED] - callTestCase(findTestCase("Custom Item Details/UTILITIES/OPEN_BROWSER"), [:], STOP_ON_FAILURE): Call Test Case 'Test Cases/Custom Item Details/UTILITIES/OPEN_BROWSER' successfully

2022-04-06 15:05:50 - [TEST_CASE][PASSED] - Test Cases/Custom Item Details/UTILITIES/OPEN_BROWSER: Test Cases/Custom Item Details/UTILITIES/OPEN_BROWSER

2022-04-06 15:05:50 - [TEST_STEP][PASSED] - openBrowser("https://diagnostics.staging.arcadier.io/"): Browser is opened with url: 'https://diagnostics.staging.arcadier.io/'

2022-04-06 15:05:50 - [MESSAGE][INFO] - Starting 'Chrome' driver

2022-04-06 15:05:50 - [MESSAGE][INFO] - Action delay is set to 0 milliseconds

2022-04-06 15:05:53 - [MESSAGE][PASSED] - Browser is opened with url: 'https://diagnostics.staging.arcadier.io/'

2022-04-06 15:05:53 - [TEST_STEP][PASSED] - maximizeWindow(): Current window maximized

2022-04-06 15:05:53 - [MESSAGE][PASSED] - Current window maximized

2022-04-06 15:05:53 - [TEST_STEP][PASSED] - click(findTestObject("Item Details Objects/Page_diagnostics/a_Accept Cookies")): Object: 'Object Repository/Item Details Objects/Page_diagnostics/a_Accept Cookies' is clicked on

2022-04-06 15:05:55 - [MESSAGE][PASSED] - Object: 'Object Repository/Item Details Objects/Page_diagnostics/a_Accept Cookies' is clicked on

2022-04-06 15:05:55 - [TEST_STEP][PASSED] - click(findTestObject("Staging Objects/Page_diagnostics/a_DIABETES DIAGNOSTICS"), STOP_ON_FAILURE): Object: 'Object Repository/Staging Objects/Page_diagnostics/a_DIABETES DIAGNOSTICS' is clicked on

2022-04-06 15:05:56 - [MESSAGE][PASSED] - Object: 'Object Repository/Staging Objects/Page_diagnostics/a_DIABETES DIAGNOSTICS' is clicked on

2022-04-06 15:05:56 - [TEST_STEP][PASSED] - mouseOver(findTestObject("Staging Objects/Page_diagnostics/a_CareSens N Eco Blood Glucose Meter")): Object: 'Object Repository/Staging Objects/Page_diagnostics/a_CareSens N Eco Blood Glucose Meter' is hovered

2022-04-06 15:06:00 - [MESSAGE][PASSED] - Object: 'Object Repository/Staging Objects/Page_diagnostics/a_CareSens N Eco Blood Glucose Meter' is hovered

2022-04-06 15:06:00 - [TEST_STEP][PASSED] - click(findTestObject("Staging Objects/Page_diagnostics/a_CareSens N Eco Blood Glucose Meter")): Object: 'Object Repository/Staging Objects/Page_diagnostics/a_CareSens N Eco Blood Glucose Meter' is clicked on

2022-04-06 15:06:06 - [MESSAGE][PASSED] - Object: 'Object Repository/Staging Objects/Page_diagnostics/a_CareSens N Eco Blood Glucose Meter' is clicked on

2022-04-06 15:06:06 - [MESSAGE][PASSED] - Call Test Case 'Test Cases/Custom Item Details/UTILITIES/OPEN_BROWSER' successfully

2022-04-06 15:06:06 - [TEST_STEP][PASSED] - waitForElementVisible(findTestObject("Item Details Objects/Page_diagnostics/a_Procure_Directly_From_Seller"), 0): Object 'Object Repository/Item Details Objects/Page_diagnostics/a_Procure_Directly_From_Seller' is visible

2022-04-06 15:06:06 - [MESSAGE][WARNING] - Timeout '0' is invalid. Using default page load timeout: '30'

2022-04-06 15:06:07 - [MESSAGE][PASSED] - Object 'Object Repository/Item Details Objects/Page_diagnostics/a_Procure_Directly_From_Seller' is visible

2022-04-06 15:06:07 - [TEST_STEP][PASSED] - verifyElementClickable(findTestObject("Item Details Objects/Page_diagnostics/a_Procure_Directly_From_Seller")): Object 'Object Repository/Item Details Objects/Page_diagnostics/a_Procure_Directly_From_Seller' is clickable

2022-04-06 15:06:07 - [MESSAGE][PASSED] - Object 'Object Repository/Item Details Objects/Page_diagnostics/a_Procure_Directly_From_Seller' is clickable

2022-04-06 15:06:07 - [TEST_STEP][PASSED] - click(findTestObject("Item Details Objects/Page_diagnostics/a_Procure_Directly_From_Seller")): Object: 'Object Repository/Item Details Objects/Page_diagnostics/a_Procure_Directly_From_Seller' is clicked on

2022-04-06 15:06:09 - [MESSAGE][PASSED] - Object: 'Object Repository/Item Details Objects/Page_diagnostics/a_Procure_Directly_From_Seller' is clicked on

2022-04-06 15:06:09 - [TEST_STEP][PASSED] - callTestCase(findTestCase("Custom Item Details/UTILITIES/CLOSE_BROWSER"), [:], STOP_ON_FAILURE): Call Test Case 'Test Cases/Custom Item Details/UTILITIES/CLOSE_BROWSER' successfully

2022-04-06 15:06:09 - [TEST_CASE][PASSED] - Test Cases/Custom Item Details/UTILITIES/CLOSE_BROWSER: Test Cases/Custom Item Details/UTILITIES/CLOSE_BROWSER

2022-04-06 15:06:09 - [TEST_STEP][PASSED] - closeBrowser(): Browser is closed

2022-04-06 15:06:09 - [MESSAGE][PASSED] - Browser is closed

2022-04-06 15:06:09 - [MESSAGE][PASSED] - Call Test Case 'Test Cases/Custom Item Details/UTILITIES/CLOSE_BROWSER' successfully]]></system-out>
         <system-err><![CDATA[]]></system-err>
      </testcase>
      <testcase name="Test Cases/Custom Item Details/TEST CASE/TC_DETAILS_UI_013" time="19.948" classname="Test Cases/Custom Item Details/TEST CASE/TC_DETAILS_UI_013" status="PASSED">
         <system-out><![CDATA[2022-04-06 15:06:09 - [TEST_CASE][PASSED] - Test Cases/Custom Item Details/TEST CASE/TC_DETAILS_UI_013: Test Cases/Custom Item Details/TEST CASE/TC_DETAILS_UI_013

2022-04-06 15:06:09 - [TEST_STEP][PASSED] - callTestCase(findTestCase("Custom Item Details/UTILITIES/OPEN_BROWSER"), [:], STOP_ON_FAILURE): Call Test Case 'Test Cases/Custom Item Details/UTILITIES/OPEN_BROWSER' successfully

2022-04-06 15:06:10 - [TEST_CASE][PASSED] - Test Cases/Custom Item Details/UTILITIES/OPEN_BROWSER: Test Cases/Custom Item Details/UTILITIES/OPEN_BROWSER

2022-04-06 15:06:10 - [TEST_STEP][PASSED] - openBrowser("https://diagnostics.staging.arcadier.io/"): Browser is opened with url: 'https://diagnostics.staging.arcadier.io/'

2022-04-06 15:06:10 - [MESSAGE][INFO] - Starting 'Chrome' driver

2022-04-06 15:06:10 - [MESSAGE][INFO] - Action delay is set to 0 milliseconds

2022-04-06 15:06:13 - [MESSAGE][PASSED] - Browser is opened with url: 'https://diagnostics.staging.arcadier.io/'

2022-04-06 15:06:13 - [TEST_STEP][PASSED] - maximizeWindow(): Current window maximized

2022-04-06 15:06:13 - [MESSAGE][PASSED] - Current window maximized

2022-04-06 15:06:13 - [TEST_STEP][PASSED] - click(findTestObject("Item Details Objects/Page_diagnostics/a_Accept Cookies")): Object: 'Object Repository/Item Details Objects/Page_diagnostics/a_Accept Cookies' is clicked on

2022-04-06 15:06:14 - [MESSAGE][PASSED] - Object: 'Object Repository/Item Details Objects/Page_diagnostics/a_Accept Cookies' is clicked on

2022-04-06 15:06:14 - [TEST_STEP][PASSED] - click(findTestObject("Staging Objects/Page_diagnostics/a_DIABETES DIAGNOSTICS"), STOP_ON_FAILURE): Object: 'Object Repository/Staging Objects/Page_diagnostics/a_DIABETES DIAGNOSTICS' is clicked on

2022-04-06 15:06:16 - [MESSAGE][PASSED] - Object: 'Object Repository/Staging Objects/Page_diagnostics/a_DIABETES DIAGNOSTICS' is clicked on

2022-04-06 15:06:16 - [TEST_STEP][PASSED] - mouseOver(findTestObject("Staging Objects/Page_diagnostics/a_CareSens N Eco Blood Glucose Meter")): Object: 'Object Repository/Staging Objects/Page_diagnostics/a_CareSens N Eco Blood Glucose Meter' is hovered

2022-04-06 15:06:20 - [MESSAGE][PASSED] - Object: 'Object Repository/Staging Objects/Page_diagnostics/a_CareSens N Eco Blood Glucose Meter' is hovered

2022-04-06 15:06:20 - [TEST_STEP][PASSED] - click(findTestObject("Staging Objects/Page_diagnostics/a_CareSens N Eco Blood Glucose Meter")): Object: 'Object Repository/Staging Objects/Page_diagnostics/a_CareSens N Eco Blood Glucose Meter' is clicked on

2022-04-06 15:06:28 - [MESSAGE][PASSED] - Object: 'Object Repository/Staging Objects/Page_diagnostics/a_CareSens N Eco Blood Glucose Meter' is clicked on

2022-04-06 15:06:28 - [MESSAGE][PASSED] - Call Test Case 'Test Cases/Custom Item Details/UTILITIES/OPEN_BROWSER' successfully

2022-04-06 15:06:28 - [TEST_STEP][PASSED] - waitForElementPresent(findTestObject("Item Details Objects/Page_diagnostics/btn_Procure_grey"), 0): Object 'Object Repository/Item Details Objects/Page_diagnostics/btn_Procure_grey' is present

2022-04-06 15:06:28 - [MESSAGE][WARNING] - Timeout '0' is invalid. Using default page load timeout: '30'

2022-04-06 15:06:29 - [MESSAGE][PASSED] - Object 'Object Repository/Item Details Objects/Page_diagnostics/btn_Procure_grey' is present

2022-04-06 15:06:29 - [TEST_STEP][PASSED] - callTestCase(findTestCase("Custom Item Details/UTILITIES/CLOSE_BROWSER"), [:], STOP_ON_FAILURE): Call Test Case 'Test Cases/Custom Item Details/UTILITIES/CLOSE_BROWSER' successfully

2022-04-06 15:06:29 - [TEST_CASE][PASSED] - Test Cases/Custom Item Details/UTILITIES/CLOSE_BROWSER: Test Cases/Custom Item Details/UTILITIES/CLOSE_BROWSER

2022-04-06 15:06:29 - [TEST_STEP][PASSED] - closeBrowser(): Browser is closed

2022-04-06 15:06:29 - [MESSAGE][PASSED] - Browser is closed

2022-04-06 15:06:29 - [MESSAGE][PASSED] - Call Test Case 'Test Cases/Custom Item Details/UTILITIES/CLOSE_BROWSER' successfully]]></system-out>
         <system-err><![CDATA[]]></system-err>
      </testcase>
      <testcase name="Test Cases/Custom Item Details/TEST CASE/TC_DETAILS_UI_014" time="19.811" classname="Test Cases/Custom Item Details/TEST CASE/TC_DETAILS_UI_014" status="PASSED">
         <system-out><![CDATA[2022-04-06 15:06:29 - [TEST_CASE][PASSED] - Test Cases/Custom Item Details/TEST CASE/TC_DETAILS_UI_014: Test Cases/Custom Item Details/TEST CASE/TC_DETAILS_UI_014

2022-04-06 15:06:29 - [TEST_STEP][PASSED] - callTestCase(findTestCase("Custom Item Details/UTILITIES/OPEN_BROWSER"), [:], STOP_ON_FAILURE): Call Test Case 'Test Cases/Custom Item Details/UTILITIES/OPEN_BROWSER' successfully

2022-04-06 15:06:29 - [TEST_CASE][PASSED] - Test Cases/Custom Item Details/UTILITIES/OPEN_BROWSER: Test Cases/Custom Item Details/UTILITIES/OPEN_BROWSER

2022-04-06 15:06:29 - [TEST_STEP][PASSED] - openBrowser("https://diagnostics.staging.arcadier.io/"): Browser is opened with url: 'https://diagnostics.staging.arcadier.io/'

2022-04-06 15:06:29 - [MESSAGE][INFO] - Starting 'Chrome' driver

2022-04-06 15:06:29 - [MESSAGE][INFO] - Action delay is set to 0 milliseconds

2022-04-06 15:06:33 - [MESSAGE][PASSED] - Browser is opened with url: 'https://diagnostics.staging.arcadier.io/'

2022-04-06 15:06:33 - [TEST_STEP][PASSED] - maximizeWindow(): Current window maximized

2022-04-06 15:06:33 - [MESSAGE][PASSED] - Current window maximized

2022-04-06 15:06:33 - [TEST_STEP][PASSED] - click(findTestObject("Item Details Objects/Page_diagnostics/a_Accept Cookies")): Object: 'Object Repository/Item Details Objects/Page_diagnostics/a_Accept Cookies' is clicked on

2022-04-06 15:06:34 - [MESSAGE][PASSED] - Object: 'Object Repository/Item Details Objects/Page_diagnostics/a_Accept Cookies' is clicked on

2022-04-06 15:06:34 - [TEST_STEP][PASSED] - click(findTestObject("Staging Objects/Page_diagnostics/a_DIABETES DIAGNOSTICS"), STOP_ON_FAILURE): Object: 'Object Repository/Staging Objects/Page_diagnostics/a_DIABETES DIAGNOSTICS' is clicked on

2022-04-06 15:06:37 - [MESSAGE][PASSED] - Object: 'Object Repository/Staging Objects/Page_diagnostics/a_DIABETES DIAGNOSTICS' is clicked on

2022-04-06 15:06:37 - [TEST_STEP][PASSED] - mouseOver(findTestObject("Staging Objects/Page_diagnostics/a_CareSens N Eco Blood Glucose Meter")): Object: 'Object Repository/Staging Objects/Page_diagnostics/a_CareSens N Eco Blood Glucose Meter' is hovered

2022-04-06 15:06:41 - [MESSAGE][PASSED] - Object: 'Object Repository/Staging Objects/Page_diagnostics/a_CareSens N Eco Blood Glucose Meter' is hovered

2022-04-06 15:06:41 - [TEST_STEP][PASSED] - click(findTestObject("Staging Objects/Page_diagnostics/a_CareSens N Eco Blood Glucose Meter")): Object: 'Object Repository/Staging Objects/Page_diagnostics/a_CareSens N Eco Blood Glucose Meter' is clicked on

2022-04-06 15:06:46 - [MESSAGE][PASSED] - Object: 'Object Repository/Staging Objects/Page_diagnostics/a_CareSens N Eco Blood Glucose Meter' is clicked on

2022-04-06 15:06:46 - [MESSAGE][PASSED] - Call Test Case 'Test Cases/Custom Item Details/UTILITIES/OPEN_BROWSER' successfully

2022-04-06 15:06:46 - [TEST_STEP][PASSED] - waitForElementVisible(findTestObject("Staging Objects/Page_diagnostics/div_Description"), 0): Object 'Object Repository/Staging Objects/Page_diagnostics/div_Description' is visible

2022-04-06 15:06:46 - [MESSAGE][WARNING] - Timeout '0' is invalid. Using default page load timeout: '30'

2022-04-06 15:06:47 - [MESSAGE][PASSED] - Object 'Object Repository/Staging Objects/Page_diagnostics/div_Description' is visible

2022-04-06 15:06:47 - [TEST_STEP][PASSED] - verifyElementClickable(findTestObject("Staging Objects/Page_diagnostics/div_Description")): Object 'Object Repository/Staging Objects/Page_diagnostics/div_Description' is clickable

2022-04-06 15:06:48 - [MESSAGE][PASSED] - Object 'Object Repository/Staging Objects/Page_diagnostics/div_Description' is clickable

2022-04-06 15:06:48 - [TEST_STEP][PASSED] - verifyElementText(findTestObject("Staging Objects/Page_diagnostics/div_Description"), "Description"): Actual text and expected text of test object 'Object Repository/Staging Objects/Page_diagnostics/div_Description' are matched.

2022-04-06 15:06:48 - [MESSAGE][PASSED] - Actual text and expected text of test object 'Object Repository/Staging Objects/Page_diagnostics/div_Description' are matched.

2022-04-06 15:06:48 - [TEST_STEP][PASSED] - click(findTestObject("Staging Objects/Page_diagnostics/div_Description")): Object: 'Object Repository/Staging Objects/Page_diagnostics/div_Description' is clicked on

2022-04-06 15:06:48 - [MESSAGE][PASSED] - Object: 'Object Repository/Staging Objects/Page_diagnostics/div_Description' is clicked on

2022-04-06 15:06:48 - [TEST_STEP][PASSED] - callTestCase(findTestCase("Custom Item Details/UTILITIES/CLOSE_BROWSER"), [:], STOP_ON_FAILURE): Call Test Case 'Test Cases/Custom Item Details/UTILITIES/CLOSE_BROWSER' successfully

2022-04-06 15:06:48 - [TEST_CASE][PASSED] - Test Cases/Custom Item Details/UTILITIES/CLOSE_BROWSER: Test Cases/Custom Item Details/UTILITIES/CLOSE_BROWSER

2022-04-06 15:06:48 - [TEST_STEP][PASSED] - closeBrowser(): Browser is closed

2022-04-06 15:06:49 - [MESSAGE][PASSED] - Browser is closed

2022-04-06 15:06:49 - [MESSAGE][PASSED] - Call Test Case 'Test Cases/Custom Item Details/UTILITIES/CLOSE_BROWSER' successfully]]></system-out>
         <system-err><![CDATA[]]></system-err>
      </testcase>
      <testcase name="Test Cases/Custom Item Details/TEST CASE/TC_DETAILS_UI_015" time="19.183" classname="Test Cases/Custom Item Details/TEST CASE/TC_DETAILS_UI_015" status="PASSED">
         <system-out><![CDATA[2022-04-06 15:06:49 - [TEST_CASE][PASSED] - Test Cases/Custom Item Details/TEST CASE/TC_DETAILS_UI_015: Test Cases/Custom Item Details/TEST CASE/TC_DETAILS_UI_015

2022-04-06 15:06:49 - [TEST_STEP][PASSED] - callTestCase(findTestCase("Custom Item Details/UTILITIES/OPEN_BROWSER"), [:], STOP_ON_FAILURE): Call Test Case 'Test Cases/Custom Item Details/UTILITIES/OPEN_BROWSER' successfully

2022-04-06 15:06:49 - [TEST_CASE][PASSED] - Test Cases/Custom Item Details/UTILITIES/OPEN_BROWSER: Test Cases/Custom Item Details/UTILITIES/OPEN_BROWSER

2022-04-06 15:06:49 - [TEST_STEP][PASSED] - openBrowser("https://diagnostics.staging.arcadier.io/"): Browser is opened with url: 'https://diagnostics.staging.arcadier.io/'

2022-04-06 15:06:49 - [MESSAGE][INFO] - Starting 'Chrome' driver

2022-04-06 15:06:49 - [MESSAGE][INFO] - Action delay is set to 0 milliseconds

2022-04-06 15:06:53 - [MESSAGE][PASSED] - Browser is opened with url: 'https://diagnostics.staging.arcadier.io/'

2022-04-06 15:06:53 - [TEST_STEP][PASSED] - maximizeWindow(): Current window maximized

2022-04-06 15:06:53 - [MESSAGE][PASSED] - Current window maximized

2022-04-06 15:06:53 - [TEST_STEP][PASSED] - click(findTestObject("Item Details Objects/Page_diagnostics/a_Accept Cookies")): Object: 'Object Repository/Item Details Objects/Page_diagnostics/a_Accept Cookies' is clicked on

2022-04-06 15:06:54 - [MESSAGE][PASSED] - Object: 'Object Repository/Item Details Objects/Page_diagnostics/a_Accept Cookies' is clicked on

2022-04-06 15:06:54 - [TEST_STEP][PASSED] - click(findTestObject("Staging Objects/Page_diagnostics/a_DIABETES DIAGNOSTICS"), STOP_ON_FAILURE): Object: 'Object Repository/Staging Objects/Page_diagnostics/a_DIABETES DIAGNOSTICS' is clicked on

2022-04-06 15:06:56 - [MESSAGE][PASSED] - Object: 'Object Repository/Staging Objects/Page_diagnostics/a_DIABETES DIAGNOSTICS' is clicked on

2022-04-06 15:06:56 - [TEST_STEP][PASSED] - mouseOver(findTestObject("Staging Objects/Page_diagnostics/a_CareSens N Eco Blood Glucose Meter")): Object: 'Object Repository/Staging Objects/Page_diagnostics/a_CareSens N Eco Blood Glucose Meter' is hovered

2022-04-06 15:07:00 - [MESSAGE][PASSED] - Object: 'Object Repository/Staging Objects/Page_diagnostics/a_CareSens N Eco Blood Glucose Meter' is hovered

2022-04-06 15:07:00 - [TEST_STEP][PASSED] - click(findTestObject("Staging Objects/Page_diagnostics/a_CareSens N Eco Blood Glucose Meter")): Object: 'Object Repository/Staging Objects/Page_diagnostics/a_CareSens N Eco Blood Glucose Meter' is clicked on

2022-04-06 15:07:05 - [MESSAGE][PASSED] - Object: 'Object Repository/Staging Objects/Page_diagnostics/a_CareSens N Eco Blood Glucose Meter' is clicked on

2022-04-06 15:07:05 - [MESSAGE][PASSED] - Call Test Case 'Test Cases/Custom Item Details/UTILITIES/OPEN_BROWSER' successfully

2022-04-06 15:07:05 - [TEST_STEP][PASSED] - waitForElementVisible(findTestObject("Staging Objects/Page_diagnostics/div_Technical Specifications"), 0): Object 'Object Repository/Staging Objects/Page_diagnostics/div_Technical Specifications' is visible

2022-04-06 15:07:05 - [MESSAGE][WARNING] - Timeout '0' is invalid. Using default page load timeout: '30'

2022-04-06 15:07:06 - [MESSAGE][PASSED] - Object 'Object Repository/Staging Objects/Page_diagnostics/div_Technical Specifications' is visible

2022-04-06 15:07:06 - [TEST_STEP][PASSED] - verifyElementClickable(findTestObject("Staging Objects/Page_diagnostics/div_Technical Specifications")): Object 'Object Repository/Staging Objects/Page_diagnostics/div_Technical Specifications' is clickable

2022-04-06 15:07:07 - [MESSAGE][PASSED] - Object 'Object Repository/Staging Objects/Page_diagnostics/div_Technical Specifications' is clickable

2022-04-06 15:07:07 - [TEST_STEP][PASSED] - verifyElementText(findTestObject("Staging Objects/Page_diagnostics/div_Technical Specifications"), "Technical Specifications"): Actual text and expected text of test object 'Object Repository/Staging Objects/Page_diagnostics/div_Technical Specifications' are matched.

2022-04-06 15:07:07 - [MESSAGE][PASSED] - Actual text and expected text of test object 'Object Repository/Staging Objects/Page_diagnostics/div_Technical Specifications' are matched.

2022-04-06 15:07:07 - [TEST_STEP][PASSED] - click(findTestObject("Staging Objects/Page_diagnostics/div_Technical Specifications")): Object: 'Object Repository/Staging Objects/Page_diagnostics/div_Technical Specifications' is clicked on

2022-04-06 15:07:07 - [MESSAGE][PASSED] - Object: 'Object Repository/Staging Objects/Page_diagnostics/div_Technical Specifications' is clicked on

2022-04-06 15:07:07 - [TEST_STEP][PASSED] - callTestCase(findTestCase("Custom Item Details/UTILITIES/CLOSE_BROWSER"), [:], STOP_ON_FAILURE): Call Test Case 'Test Cases/Custom Item Details/UTILITIES/CLOSE_BROWSER' successfully

2022-04-06 15:07:08 - [TEST_CASE][PASSED] - Test Cases/Custom Item Details/UTILITIES/CLOSE_BROWSER: Test Cases/Custom Item Details/UTILITIES/CLOSE_BROWSER

2022-04-06 15:07:08 - [TEST_STEP][PASSED] - closeBrowser(): Browser is closed

2022-04-06 15:07:08 - [MESSAGE][PASSED] - Browser is closed

2022-04-06 15:07:08 - [MESSAGE][PASSED] - Call Test Case 'Test Cases/Custom Item Details/UTILITIES/CLOSE_BROWSER' successfully]]></system-out>
         <system-err><![CDATA[]]></system-err>
      </testcase>
      <testcase name="Test Cases/Custom Item Details/TEST CASE/TC_DETAILS_UI_016" time="18.685" classname="Test Cases/Custom Item Details/TEST CASE/TC_DETAILS_UI_016" status="PASSED">
         <system-out><![CDATA[2022-04-06 15:07:08 - [TEST_CASE][PASSED] - Test Cases/Custom Item Details/TEST CASE/TC_DETAILS_UI_016: Test Cases/Custom Item Details/TEST CASE/TC_DETAILS_UI_016

2022-04-06 15:07:08 - [TEST_STEP][PASSED] - callTestCase(findTestCase("Custom Item Details/UTILITIES/OPEN_BROWSER"), [:], STOP_ON_FAILURE): Call Test Case 'Test Cases/Custom Item Details/UTILITIES/OPEN_BROWSER' successfully

2022-04-06 15:07:08 - [TEST_CASE][PASSED] - Test Cases/Custom Item Details/UTILITIES/OPEN_BROWSER: Test Cases/Custom Item Details/UTILITIES/OPEN_BROWSER

2022-04-06 15:07:08 - [TEST_STEP][PASSED] - openBrowser("https://diagnostics.staging.arcadier.io/"): Browser is opened with url: 'https://diagnostics.staging.arcadier.io/'

2022-04-06 15:07:08 - [MESSAGE][INFO] - Starting 'Chrome' driver

2022-04-06 15:07:08 - [MESSAGE][INFO] - Action delay is set to 0 milliseconds

2022-04-06 15:07:12 - [MESSAGE][PASSED] - Browser is opened with url: 'https://diagnostics.staging.arcadier.io/'

2022-04-06 15:07:12 - [TEST_STEP][PASSED] - maximizeWindow(): Current window maximized

2022-04-06 15:07:12 - [MESSAGE][PASSED] - Current window maximized

2022-04-06 15:07:12 - [TEST_STEP][PASSED] - click(findTestObject("Item Details Objects/Page_diagnostics/a_Accept Cookies")): Object: 'Object Repository/Item Details Objects/Page_diagnostics/a_Accept Cookies' is clicked on

2022-04-06 15:07:13 - [MESSAGE][PASSED] - Object: 'Object Repository/Item Details Objects/Page_diagnostics/a_Accept Cookies' is clicked on

2022-04-06 15:07:13 - [TEST_STEP][PASSED] - click(findTestObject("Staging Objects/Page_diagnostics/a_DIABETES DIAGNOSTICS"), STOP_ON_FAILURE): Object: 'Object Repository/Staging Objects/Page_diagnostics/a_DIABETES DIAGNOSTICS' is clicked on

2022-04-06 15:07:14 - [MESSAGE][PASSED] - Object: 'Object Repository/Staging Objects/Page_diagnostics/a_DIABETES DIAGNOSTICS' is clicked on

2022-04-06 15:07:14 - [TEST_STEP][PASSED] - mouseOver(findTestObject("Staging Objects/Page_diagnostics/a_CareSens N Eco Blood Glucose Meter")): Object: 'Object Repository/Staging Objects/Page_diagnostics/a_CareSens N Eco Blood Glucose Meter' is hovered

2022-04-06 15:07:19 - [MESSAGE][PASSED] - Object: 'Object Repository/Staging Objects/Page_diagnostics/a_CareSens N Eco Blood Glucose Meter' is hovered

2022-04-06 15:07:19 - [TEST_STEP][PASSED] - click(findTestObject("Staging Objects/Page_diagnostics/a_CareSens N Eco Blood Glucose Meter")): Object: 'Object Repository/Staging Objects/Page_diagnostics/a_CareSens N Eco Blood Glucose Meter' is clicked on

2022-04-06 15:07:24 - [MESSAGE][PASSED] - Object: 'Object Repository/Staging Objects/Page_diagnostics/a_CareSens N Eco Blood Glucose Meter' is clicked on

2022-04-06 15:07:24 - [MESSAGE][PASSED] - Call Test Case 'Test Cases/Custom Item Details/UTILITIES/OPEN_BROWSER' successfully

2022-04-06 15:07:24 - [TEST_STEP][PASSED] - waitForElementVisible(findTestObject("Staging Objects/Page_diagnostics/div_Product Attributes"), 0): Object 'Object Repository/Staging Objects/Page_diagnostics/div_Product Attributes' is visible

2022-04-06 15:07:24 - [MESSAGE][WARNING] - Timeout '0' is invalid. Using default page load timeout: '30'

2022-04-06 15:07:25 - [MESSAGE][PASSED] - Object 'Object Repository/Staging Objects/Page_diagnostics/div_Product Attributes' is visible

2022-04-06 15:07:25 - [TEST_STEP][PASSED] - verifyElementClickable(findTestObject("Staging Objects/Page_diagnostics/div_Product Attributes")): Object 'Object Repository/Staging Objects/Page_diagnostics/div_Product Attributes' is clickable

2022-04-06 15:07:26 - [MESSAGE][PASSED] - Object 'Object Repository/Staging Objects/Page_diagnostics/div_Product Attributes' is clickable

2022-04-06 15:07:26 - [TEST_STEP][PASSED] - verifyElementText(findTestObject("Staging Objects/Page_diagnostics/div_Product Attributes"), "Product Attributes"): Actual text and expected text of test object 'Object Repository/Staging Objects/Page_diagnostics/div_Product Attributes' are matched.

2022-04-06 15:07:26 - [MESSAGE][PASSED] - Actual text and expected text of test object 'Object Repository/Staging Objects/Page_diagnostics/div_Product Attributes' are matched.

2022-04-06 15:07:26 - [TEST_STEP][PASSED] - click(findTestObject("Staging Objects/Page_diagnostics/div_Product Attributes")): Object: 'Object Repository/Staging Objects/Page_diagnostics/div_Product Attributes' is clicked on

2022-04-06 15:07:26 - [MESSAGE][PASSED] - Object: 'Object Repository/Staging Objects/Page_diagnostics/div_Product Attributes' is clicked on

2022-04-06 15:07:26 - [TEST_STEP][PASSED] - callTestCase(findTestCase("Custom Item Details/UTILITIES/CLOSE_BROWSER"), [:], STOP_ON_FAILURE): Call Test Case 'Test Cases/Custom Item Details/UTILITIES/CLOSE_BROWSER' successfully

2022-04-06 15:07:26 - [TEST_CASE][PASSED] - Test Cases/Custom Item Details/UTILITIES/CLOSE_BROWSER: Test Cases/Custom Item Details/UTILITIES/CLOSE_BROWSER

2022-04-06 15:07:26 - [TEST_STEP][PASSED] - closeBrowser(): Browser is closed

2022-04-06 15:07:27 - [MESSAGE][PASSED] - Browser is closed

2022-04-06 15:07:27 - [MESSAGE][PASSED] - Call Test Case 'Test Cases/Custom Item Details/UTILITIES/CLOSE_BROWSER' successfully]]></system-out>
         <system-err><![CDATA[]]></system-err>
      </testcase>
      <testcase name="Test Cases/Custom Item Details/TEST CASE/TC_DETAILS_UI_017" time="19.159" classname="Test Cases/Custom Item Details/TEST CASE/TC_DETAILS_UI_017" status="PASSED">
         <system-out><![CDATA[2022-04-06 15:07:27 - [TEST_CASE][PASSED] - Test Cases/Custom Item Details/TEST CASE/TC_DETAILS_UI_017: Test Cases/Custom Item Details/TEST CASE/TC_DETAILS_UI_017

2022-04-06 15:07:27 - [TEST_STEP][PASSED] - callTestCase(findTestCase("Custom Item Details/UTILITIES/OPEN_BROWSER"), [:], STOP_ON_FAILURE): Call Test Case 'Test Cases/Custom Item Details/UTILITIES/OPEN_BROWSER' successfully

2022-04-06 15:07:27 - [TEST_CASE][PASSED] - Test Cases/Custom Item Details/UTILITIES/OPEN_BROWSER: Test Cases/Custom Item Details/UTILITIES/OPEN_BROWSER

2022-04-06 15:07:27 - [TEST_STEP][PASSED] - openBrowser("https://diagnostics.staging.arcadier.io/"): Browser is opened with url: 'https://diagnostics.staging.arcadier.io/'

2022-04-06 15:07:27 - [MESSAGE][INFO] - Starting 'Chrome' driver

2022-04-06 15:07:27 - [MESSAGE][INFO] - Action delay is set to 0 milliseconds

2022-04-06 15:07:30 - [MESSAGE][PASSED] - Browser is opened with url: 'https://diagnostics.staging.arcadier.io/'

2022-04-06 15:07:30 - [TEST_STEP][PASSED] - maximizeWindow(): Current window maximized

2022-04-06 15:07:30 - [MESSAGE][PASSED] - Current window maximized

2022-04-06 15:07:30 - [TEST_STEP][PASSED] - click(findTestObject("Item Details Objects/Page_diagnostics/a_Accept Cookies")): Object: 'Object Repository/Item Details Objects/Page_diagnostics/a_Accept Cookies' is clicked on

2022-04-06 15:07:32 - [MESSAGE][PASSED] - Object: 'Object Repository/Item Details Objects/Page_diagnostics/a_Accept Cookies' is clicked on

2022-04-06 15:07:32 - [TEST_STEP][PASSED] - click(findTestObject("Staging Objects/Page_diagnostics/a_DIABETES DIAGNOSTICS"), STOP_ON_FAILURE): Object: 'Object Repository/Staging Objects/Page_diagnostics/a_DIABETES DIAGNOSTICS' is clicked on

2022-04-06 15:07:34 - [MESSAGE][PASSED] - Object: 'Object Repository/Staging Objects/Page_diagnostics/a_DIABETES DIAGNOSTICS' is clicked on

2022-04-06 15:07:34 - [TEST_STEP][PASSED] - mouseOver(findTestObject("Staging Objects/Page_diagnostics/a_CareSens N Eco Blood Glucose Meter")): Object: 'Object Repository/Staging Objects/Page_diagnostics/a_CareSens N Eco Blood Glucose Meter' is hovered

2022-04-06 15:07:38 - [MESSAGE][PASSED] - Object: 'Object Repository/Staging Objects/Page_diagnostics/a_CareSens N Eco Blood Glucose Meter' is hovered

2022-04-06 15:07:38 - [TEST_STEP][PASSED] - click(findTestObject("Staging Objects/Page_diagnostics/a_CareSens N Eco Blood Glucose Meter")): Object: 'Object Repository/Staging Objects/Page_diagnostics/a_CareSens N Eco Blood Glucose Meter' is clicked on

2022-04-06 15:07:43 - [MESSAGE][PASSED] - Object: 'Object Repository/Staging Objects/Page_diagnostics/a_CareSens N Eco Blood Glucose Meter' is clicked on

2022-04-06 15:07:43 - [MESSAGE][PASSED] - Call Test Case 'Test Cases/Custom Item Details/UTILITIES/OPEN_BROWSER' successfully

2022-04-06 15:07:43 - [TEST_STEP][PASSED] - waitForElementVisible(findTestObject("Staging Objects/Page_diagnostics/div_Manufacture Information"), 0): Object 'Object Repository/Staging Objects/Page_diagnostics/div_Manufacture Information' is visible

2022-04-06 15:07:43 - [MESSAGE][WARNING] - Timeout '0' is invalid. Using default page load timeout: '30'

2022-04-06 15:07:44 - [MESSAGE][PASSED] - Object 'Object Repository/Staging Objects/Page_diagnostics/div_Manufacture Information' is visible

2022-04-06 15:07:44 - [TEST_STEP][PASSED] - verifyElementClickable(findTestObject("Staging Objects/Page_diagnostics/div_Manufacture Information")): Object 'Object Repository/Staging Objects/Page_diagnostics/div_Manufacture Information' is clickable

2022-04-06 15:07:45 - [MESSAGE][PASSED] - Object 'Object Repository/Staging Objects/Page_diagnostics/div_Manufacture Information' is clickable

2022-04-06 15:07:45 - [TEST_STEP][PASSED] - verifyElementText(findTestObject("Staging Objects/Page_diagnostics/div_Manufacture Information"), "Manufacture Information"): Actual text and expected text of test object 'Object Repository/Staging Objects/Page_diagnostics/div_Manufacture Information' are matched.

2022-04-06 15:07:45 - [MESSAGE][PASSED] - Actual text and expected text of test object 'Object Repository/Staging Objects/Page_diagnostics/div_Manufacture Information' are matched.

2022-04-06 15:07:45 - [TEST_STEP][PASSED] - click(findTestObject("Staging Objects/Page_diagnostics/div_Manufacture Information")): Object: 'Object Repository/Staging Objects/Page_diagnostics/div_Manufacture Information' is clicked on

2022-04-06 15:07:45 - [MESSAGE][PASSED] - Object: 'Object Repository/Staging Objects/Page_diagnostics/div_Manufacture Information' is clicked on

2022-04-06 15:07:45 - [TEST_STEP][PASSED] - callTestCase(findTestCase("Custom Item Details/UTILITIES/CLOSE_BROWSER"), [:], STOP_ON_FAILURE): Call Test Case 'Test Cases/Custom Item Details/UTILITIES/CLOSE_BROWSER' successfully

2022-04-06 15:07:45 - [TEST_CASE][PASSED] - Test Cases/Custom Item Details/UTILITIES/CLOSE_BROWSER: Test Cases/Custom Item Details/UTILITIES/CLOSE_BROWSER

2022-04-06 15:07:45 - [TEST_STEP][PASSED] - closeBrowser(): Browser is closed

2022-04-06 15:07:46 - [MESSAGE][PASSED] - Browser is closed

2022-04-06 15:07:46 - [MESSAGE][PASSED] - Call Test Case 'Test Cases/Custom Item Details/UTILITIES/CLOSE_BROWSER' successfully]]></system-out>
         <system-err><![CDATA[]]></system-err>
      </testcase>
      <testcase name="Test Cases/Custom Item Details/TEST CASE/TC_DETAILS_UI_018" time="19.303" classname="Test Cases/Custom Item Details/TEST CASE/TC_DETAILS_UI_018" status="PASSED">
         <system-out><![CDATA[2022-04-06 15:07:46 - [TEST_CASE][PASSED] - Test Cases/Custom Item Details/TEST CASE/TC_DETAILS_UI_018: Test Cases/Custom Item Details/TEST CASE/TC_DETAILS_UI_018

2022-04-06 15:07:46 - [TEST_STEP][PASSED] - callTestCase(findTestCase("Custom Item Details/UTILITIES/OPEN_BROWSER"), [:], STOP_ON_FAILURE): Call Test Case 'Test Cases/Custom Item Details/UTILITIES/OPEN_BROWSER' successfully

2022-04-06 15:07:46 - [TEST_CASE][PASSED] - Test Cases/Custom Item Details/UTILITIES/OPEN_BROWSER: Test Cases/Custom Item Details/UTILITIES/OPEN_BROWSER

2022-04-06 15:07:46 - [TEST_STEP][PASSED] - openBrowser("https://diagnostics.staging.arcadier.io/"): Browser is opened with url: 'https://diagnostics.staging.arcadier.io/'

2022-04-06 15:07:46 - [MESSAGE][INFO] - Starting 'Chrome' driver

2022-04-06 15:07:46 - [MESSAGE][INFO] - Action delay is set to 0 milliseconds

2022-04-06 15:07:50 - [MESSAGE][PASSED] - Browser is opened with url: 'https://diagnostics.staging.arcadier.io/'

2022-04-06 15:07:50 - [TEST_STEP][PASSED] - maximizeWindow(): Current window maximized

2022-04-06 15:07:50 - [MESSAGE][PASSED] - Current window maximized

2022-04-06 15:07:50 - [TEST_STEP][PASSED] - click(findTestObject("Item Details Objects/Page_diagnostics/a_Accept Cookies")): Object: 'Object Repository/Item Details Objects/Page_diagnostics/a_Accept Cookies' is clicked on

2022-04-06 15:07:51 - [MESSAGE][PASSED] - Object: 'Object Repository/Item Details Objects/Page_diagnostics/a_Accept Cookies' is clicked on

2022-04-06 15:07:51 - [TEST_STEP][PASSED] - click(findTestObject("Staging Objects/Page_diagnostics/a_DIABETES DIAGNOSTICS"), STOP_ON_FAILURE): Object: 'Object Repository/Staging Objects/Page_diagnostics/a_DIABETES DIAGNOSTICS' is clicked on

2022-04-06 15:07:53 - [MESSAGE][PASSED] - Object: 'Object Repository/Staging Objects/Page_diagnostics/a_DIABETES DIAGNOSTICS' is clicked on

2022-04-06 15:07:53 - [TEST_STEP][PASSED] - mouseOver(findTestObject("Staging Objects/Page_diagnostics/a_CareSens N Eco Blood Glucose Meter")): Object: 'Object Repository/Staging Objects/Page_diagnostics/a_CareSens N Eco Blood Glucose Meter' is hovered

2022-04-06 15:07:57 - [MESSAGE][PASSED] - Object: 'Object Repository/Staging Objects/Page_diagnostics/a_CareSens N Eco Blood Glucose Meter' is hovered

2022-04-06 15:07:57 - [TEST_STEP][PASSED] - click(findTestObject("Staging Objects/Page_diagnostics/a_CareSens N Eco Blood Glucose Meter")): Object: 'Object Repository/Staging Objects/Page_diagnostics/a_CareSens N Eco Blood Glucose Meter' is clicked on

2022-04-06 15:08:02 - [MESSAGE][PASSED] - Object: 'Object Repository/Staging Objects/Page_diagnostics/a_CareSens N Eco Blood Glucose Meter' is clicked on

2022-04-06 15:08:02 - [MESSAGE][PASSED] - Call Test Case 'Test Cases/Custom Item Details/UTILITIES/OPEN_BROWSER' successfully

2022-04-06 15:08:02 - [TEST_STEP][PASSED] - waitForElementVisible(findTestObject("Staging Objects/Page_diagnostics/div_Regulatory Approval"), 0): Object 'Object Repository/Staging Objects/Page_diagnostics/div_Regulatory Approval' is visible

2022-04-06 15:08:02 - [MESSAGE][WARNING] - Timeout '0' is invalid. Using default page load timeout: '30'

2022-04-06 15:08:04 - [MESSAGE][PASSED] - Object 'Object Repository/Staging Objects/Page_diagnostics/div_Regulatory Approval' is visible

2022-04-06 15:08:04 - [TEST_STEP][PASSED] - verifyElementClickable(findTestObject("Staging Objects/Page_diagnostics/div_Regulatory Approval")): Object 'Object Repository/Staging Objects/Page_diagnostics/div_Regulatory Approval' is clickable

2022-04-06 15:08:04 - [MESSAGE][PASSED] - Object 'Object Repository/Staging Objects/Page_diagnostics/div_Regulatory Approval' is clickable

2022-04-06 15:08:04 - [TEST_STEP][PASSED] - verifyElementText(findTestObject("Staging Objects/Page_diagnostics/div_Regulatory Approval"), "Regulatory Approval"): Actual text and expected text of test object 'Object Repository/Staging Objects/Page_diagnostics/div_Regulatory Approval' are matched.

2022-04-06 15:08:04 - [MESSAGE][PASSED] - Actual text and expected text of test object 'Object Repository/Staging Objects/Page_diagnostics/div_Regulatory Approval' are matched.

2022-04-06 15:08:04 - [TEST_STEP][PASSED] - click(findTestObject("Staging Objects/Page_diagnostics/div_Regulatory Approval")): Object: 'Object Repository/Staging Objects/Page_diagnostics/div_Regulatory Approval' is clicked on

2022-04-06 15:08:05 - [MESSAGE][PASSED] - Object: 'Object Repository/Staging Objects/Page_diagnostics/div_Regulatory Approval' is clicked on

2022-04-06 15:08:05 - [TEST_STEP][PASSED] - callTestCase(findTestCase("Custom Item Details/UTILITIES/CLOSE_BROWSER"), [:], STOP_ON_FAILURE): Call Test Case 'Test Cases/Custom Item Details/UTILITIES/CLOSE_BROWSER' successfully

2022-04-06 15:08:05 - [TEST_CASE][PASSED] - Test Cases/Custom Item Details/UTILITIES/CLOSE_BROWSER: Test Cases/Custom Item Details/UTILITIES/CLOSE_BROWSER

2022-04-06 15:08:05 - [TEST_STEP][PASSED] - closeBrowser(): Browser is closed

2022-04-06 15:08:05 - [MESSAGE][PASSED] - Browser is closed

2022-04-06 15:08:05 - [MESSAGE][PASSED] - Call Test Case 'Test Cases/Custom Item Details/UTILITIES/CLOSE_BROWSER' successfully]]></system-out>
         <system-err><![CDATA[]]></system-err>
      </testcase>
      <testcase name="Test Cases/Custom Item Details/TEST CASE/TC_DETAILS_UI_019" time="20.966" classname="Test Cases/Custom Item Details/TEST CASE/TC_DETAILS_UI_019" status="PASSED">
         <system-out><![CDATA[2022-04-06 15:08:05 - [TEST_CASE][PASSED] - Test Cases/Custom Item Details/TEST CASE/TC_DETAILS_UI_019: Test Cases/Custom Item Details/TEST CASE/TC_DETAILS_UI_019

2022-04-06 15:08:06 - [TEST_STEP][PASSED] - callTestCase(findTestCase("Custom Item Details/UTILITIES/OPEN_BROWSER"), [:], STOP_ON_FAILURE): Call Test Case 'Test Cases/Custom Item Details/UTILITIES/OPEN_BROWSER' successfully

2022-04-06 15:08:06 - [TEST_CASE][PASSED] - Test Cases/Custom Item Details/UTILITIES/OPEN_BROWSER: Test Cases/Custom Item Details/UTILITIES/OPEN_BROWSER

2022-04-06 15:08:06 - [TEST_STEP][PASSED] - openBrowser("https://diagnostics.staging.arcadier.io/"): Browser is opened with url: 'https://diagnostics.staging.arcadier.io/'

2022-04-06 15:08:06 - [MESSAGE][INFO] - Starting 'Chrome' driver

2022-04-06 15:08:06 - [MESSAGE][INFO] - Action delay is set to 0 milliseconds

2022-04-06 15:08:09 - [MESSAGE][PASSED] - Browser is opened with url: 'https://diagnostics.staging.arcadier.io/'

2022-04-06 15:08:09 - [TEST_STEP][PASSED] - maximizeWindow(): Current window maximized

2022-04-06 15:08:09 - [MESSAGE][PASSED] - Current window maximized

2022-04-06 15:08:09 - [TEST_STEP][PASSED] - click(findTestObject("Item Details Objects/Page_diagnostics/a_Accept Cookies")): Object: 'Object Repository/Item Details Objects/Page_diagnostics/a_Accept Cookies' is clicked on

2022-04-06 15:08:11 - [MESSAGE][PASSED] - Object: 'Object Repository/Item Details Objects/Page_diagnostics/a_Accept Cookies' is clicked on

2022-04-06 15:08:11 - [TEST_STEP][PASSED] - click(findTestObject("Staging Objects/Page_diagnostics/a_DIABETES DIAGNOSTICS"), STOP_ON_FAILURE): Object: 'Object Repository/Staging Objects/Page_diagnostics/a_DIABETES DIAGNOSTICS' is clicked on

2022-04-06 15:08:13 - [MESSAGE][PASSED] - Object: 'Object Repository/Staging Objects/Page_diagnostics/a_DIABETES DIAGNOSTICS' is clicked on

2022-04-06 15:08:13 - [TEST_STEP][PASSED] - mouseOver(findTestObject("Staging Objects/Page_diagnostics/a_CareSens N Eco Blood Glucose Meter")): Object: 'Object Repository/Staging Objects/Page_diagnostics/a_CareSens N Eco Blood Glucose Meter' is hovered

2022-04-06 15:08:17 - [MESSAGE][PASSED] - Object: 'Object Repository/Staging Objects/Page_diagnostics/a_CareSens N Eco Blood Glucose Meter' is hovered

2022-04-06 15:08:17 - [TEST_STEP][PASSED] - click(findTestObject("Staging Objects/Page_diagnostics/a_CareSens N Eco Blood Glucose Meter")): Object: 'Object Repository/Staging Objects/Page_diagnostics/a_CareSens N Eco Blood Glucose Meter' is clicked on

2022-04-06 15:08:22 - [MESSAGE][PASSED] - Object: 'Object Repository/Staging Objects/Page_diagnostics/a_CareSens N Eco Blood Glucose Meter' is clicked on

2022-04-06 15:08:22 - [MESSAGE][PASSED] - Call Test Case 'Test Cases/Custom Item Details/UTILITIES/OPEN_BROWSER' successfully

2022-04-06 15:08:22 - [TEST_STEP][PASSED] - waitForElementVisible(findTestObject("Staging Objects/Page_diagnostics/a_REQUEST FOR QUOTATION"), 0): Object 'Object Repository/Staging Objects/Page_diagnostics/a_REQUEST FOR QUOTATION' is visible

2022-04-06 15:08:23 - [MESSAGE][WARNING] - Timeout '0' is invalid. Using default page load timeout: '30'

2022-04-06 15:08:24 - [MESSAGE][PASSED] - Object 'Object Repository/Staging Objects/Page_diagnostics/a_REQUEST FOR QUOTATION' is visible

2022-04-06 15:08:24 - [TEST_STEP][PASSED] - verifyElementClickable(findTestObject("Staging Objects/Page_diagnostics/a_REQUEST FOR QUOTATION")): Object 'Object Repository/Staging Objects/Page_diagnostics/a_REQUEST FOR QUOTATION' is clickable

2022-04-06 15:08:24 - [MESSAGE][PASSED] - Object 'Object Repository/Staging Objects/Page_diagnostics/a_REQUEST FOR QUOTATION' is clickable

2022-04-06 15:08:24 - [TEST_STEP][PASSED] - click(findTestObject("Staging Objects/Page_diagnostics/a_REQUEST FOR QUOTATION")): Object: 'Object Repository/Staging Objects/Page_diagnostics/a_REQUEST FOR QUOTATION' is clicked on

2022-04-06 15:08:25 - [MESSAGE][PASSED] - Object: 'Object Repository/Staging Objects/Page_diagnostics/a_REQUEST FOR QUOTATION' is clicked on

2022-04-06 15:08:25 - [TEST_STEP][PASSED] - verifyElementPresent(findTestObject("Login Page/Page_diagnostics/div_Login_Page"), 0): Object 'Object Repository/Login Page/Page_diagnostics/div_Login_Page' is present

2022-04-06 15:08:25 - [MESSAGE][WARNING] - Timeout '0' is invalid. Using default page load timeout: '30'

2022-04-06 15:08:26 - [MESSAGE][PASSED] - Object 'Object Repository/Login Page/Page_diagnostics/div_Login_Page' is present

2022-04-06 15:08:26 - [TEST_STEP][PASSED] - callTestCase(findTestCase("Custom Item Details/UTILITIES/CLOSE_BROWSER"), [:], STOP_ON_FAILURE): Call Test Case 'Test Cases/Custom Item Details/UTILITIES/CLOSE_BROWSER' successfully

2022-04-06 15:08:26 - [TEST_CASE][PASSED] - Test Cases/Custom Item Details/UTILITIES/CLOSE_BROWSER: Test Cases/Custom Item Details/UTILITIES/CLOSE_BROWSER

2022-04-06 15:08:26 - [TEST_STEP][PASSED] - closeBrowser(): Browser is closed

2022-04-06 15:08:26 - [MESSAGE][PASSED] - Browser is closed

2022-04-06 15:08:26 - [MESSAGE][PASSED] - Call Test Case 'Test Cases/Custom Item Details/UTILITIES/CLOSE_BROWSER' successfully]]></system-out>
         <system-err><![CDATA[]]></system-err>
      </testcase>
      <testcase name="Test Cases/Custom Item Details/TEST CASE/TC_DETAILS_UI_020" time="47.065" classname="Test Cases/Custom Item Details/TEST CASE/TC_DETAILS_UI_020" status="PASSED">
         <system-out><![CDATA[2022-04-06 15:08:26 - [TEST_CASE][PASSED] - Test Cases/Custom Item Details/TEST CASE/TC_DETAILS_UI_020: Test Cases/Custom Item Details/TEST CASE/TC_DETAILS_UI_020

2022-04-06 15:08:27 - [TEST_STEP][PASSED] - callTestCase(findTestCase("Custom Item Details/UTILITIES/OPEN_BROWSER"), [:], STOP_ON_FAILURE): Call Test Case 'Test Cases/Custom Item Details/UTILITIES/OPEN_BROWSER' successfully

2022-04-06 15:08:27 - [TEST_CASE][PASSED] - Test Cases/Custom Item Details/UTILITIES/OPEN_BROWSER: Test Cases/Custom Item Details/UTILITIES/OPEN_BROWSER

2022-04-06 15:08:27 - [TEST_STEP][PASSED] - openBrowser("https://diagnostics.staging.arcadier.io/"): Browser is opened with url: 'https://diagnostics.staging.arcadier.io/'

2022-04-06 15:08:27 - [MESSAGE][INFO] - Starting 'Chrome' driver

2022-04-06 15:08:27 - [MESSAGE][INFO] - Action delay is set to 0 milliseconds

2022-04-06 15:08:30 - [MESSAGE][PASSED] - Browser is opened with url: 'https://diagnostics.staging.arcadier.io/'

2022-04-06 15:08:30 - [TEST_STEP][PASSED] - maximizeWindow(): Current window maximized

2022-04-06 15:08:30 - [MESSAGE][PASSED] - Current window maximized

2022-04-06 15:08:30 - [TEST_STEP][PASSED] - click(findTestObject("Item Details Objects/Page_diagnostics/a_Accept Cookies")): Object: 'Object Repository/Item Details Objects/Page_diagnostics/a_Accept Cookies' is clicked on

2022-04-06 15:08:31 - [MESSAGE][PASSED] - Object: 'Object Repository/Item Details Objects/Page_diagnostics/a_Accept Cookies' is clicked on

2022-04-06 15:08:31 - [TEST_STEP][PASSED] - click(findTestObject("Staging Objects/Page_diagnostics/a_DIABETES DIAGNOSTICS"), STOP_ON_FAILURE): Object: 'Object Repository/Staging Objects/Page_diagnostics/a_DIABETES DIAGNOSTICS' is clicked on

2022-04-06 15:08:34 - [MESSAGE][PASSED] - Object: 'Object Repository/Staging Objects/Page_diagnostics/a_DIABETES DIAGNOSTICS' is clicked on

2022-04-06 15:08:34 - [TEST_STEP][PASSED] - mouseOver(findTestObject("Staging Objects/Page_diagnostics/a_CareSens N Eco Blood Glucose Meter")): Object: 'Object Repository/Staging Objects/Page_diagnostics/a_CareSens N Eco Blood Glucose Meter' is hovered

2022-04-06 15:08:38 - [MESSAGE][PASSED] - Object: 'Object Repository/Staging Objects/Page_diagnostics/a_CareSens N Eco Blood Glucose Meter' is hovered

2022-04-06 15:08:38 - [TEST_STEP][PASSED] - click(findTestObject("Staging Objects/Page_diagnostics/a_CareSens N Eco Blood Glucose Meter")): Object: 'Object Repository/Staging Objects/Page_diagnostics/a_CareSens N Eco Blood Glucose Meter' is clicked on

2022-04-06 15:08:43 - [MESSAGE][PASSED] - Object: 'Object Repository/Staging Objects/Page_diagnostics/a_CareSens N Eco Blood Glucose Meter' is clicked on

2022-04-06 15:08:43 - [MESSAGE][PASSED] - Call Test Case 'Test Cases/Custom Item Details/UTILITIES/OPEN_BROWSER' successfully

2022-04-06 15:08:43 - [TEST_STEP][PASSED] - waitForElementVisible(findTestObject("Item Details Objects/Page_diagnostics/a_Procure_Directly_From_Seller"), 0): Object 'Object Repository/Item Details Objects/Page_diagnostics/a_Procure_Directly_From_Seller' is visible

2022-04-06 15:08:43 - [MESSAGE][WARNING] - Timeout '0' is invalid. Using default page load timeout: '30'

2022-04-06 15:08:44 - [MESSAGE][PASSED] - Object 'Object Repository/Item Details Objects/Page_diagnostics/a_Procure_Directly_From_Seller' is visible

2022-04-06 15:08:44 - [TEST_STEP][PASSED] - click(findTestObject("Item Details Objects/Page_diagnostics/a_Procure_Directly_From_Seller")): Object: 'Object Repository/Item Details Objects/Page_diagnostics/a_Procure_Directly_From_Seller' is clicked on

2022-04-06 15:08:45 - [MESSAGE][PASSED] - Object: 'Object Repository/Item Details Objects/Page_diagnostics/a_Procure_Directly_From_Seller' is clicked on

2022-04-06 15:08:45 - [TEST_STEP][PASSED] - verifyElementPresent(findTestObject("Login Page/Page_diagnostics/div_Login_Page"), 0): Object 'Object Repository/Login Page/Page_diagnostics/div_Login_Page' is present

2022-04-06 15:08:45 - [MESSAGE][WARNING] - Timeout '0' is invalid. Using default page load timeout: '30'

2022-04-06 15:08:46 - [MESSAGE][PASSED] - Object 'Object Repository/Login Page/Page_diagnostics/div_Login_Page' is present

2022-04-06 15:08:46 - [TEST_STEP][PASSED] - callTestCase(findTestCase("Custom Item Details/UTILITIES/LOGIN"), [:], STOP_ON_FAILURE): Call Test Case 'Test Cases/Custom Item Details/UTILITIES/LOGIN' successfully

2022-04-06 15:08:46 - [TEST_CASE][PASSED] - Test Cases/Custom Item Details/UTILITIES/LOGIN: Test Cases/Custom Item Details/UTILITIES/LOGIN

2022-04-06 15:08:46 - [TEST_STEP][PASSED] - click(findTestObject("Login Page/Page_diagnostics/a_Sign_In_as_ Buyer")): Object: 'Object Repository/Login Page/Page_diagnostics/a_Sign_In_as_ Buyer' is clicked on

2022-04-06 15:08:46 - [MESSAGE][PASSED] - Object: 'Object Repository/Login Page/Page_diagnostics/a_Sign_In_as_ Buyer' is clicked on

2022-04-06 15:08:46 - [TEST_STEP][PASSED] - setText(findTestObject("Login Page/Page_diagnostics/input_EmailUsername"), "admin"): Text 'admin' is set on object 'Object Repository/Login Page/Page_diagnostics/input_EmailUsername'

2022-04-06 15:08:47 - [MESSAGE][PASSED] - Text 'admin' is set on object 'Object Repository/Login Page/Page_diagnostics/input_EmailUsername'

2022-04-06 15:08:47 - [TEST_STEP][PASSED] - setText(findTestObject("Login Page/Page_diagnostics/input_Password"), "Diagnostics123!"): Text 'Diagnostics123!' is set on object 'Object Repository/Login Page/Page_diagnostics/input_Password'

2022-04-06 15:08:48 - [MESSAGE][PASSED] - Text 'Diagnostics123!' is set on object 'Object Repository/Login Page/Page_diagnostics/input_Password'

2022-04-06 15:08:48 - [TEST_STEP][PASSED] - click(findTestObject("Login Page/Page_diagnostics/input_Login-Submit")): Object: 'Object Repository/Login Page/Page_diagnostics/input_Login-Submit' is clicked on

2022-04-06 15:08:56 - [MESSAGE][PASSED] - Object: 'Object Repository/Login Page/Page_diagnostics/input_Login-Submit' is clicked on

2022-04-06 15:08:56 - [MESSAGE][PASSED] - Call Test Case 'Test Cases/Custom Item Details/UTILITIES/LOGIN' successfully

2022-04-06 15:08:56 - [TEST_STEP][PASSED] - callTestCase(findTestCase("Custom Item Details/UTILITIES/ITEM_DETAIL_PAGE"), [:], STOP_ON_FAILURE): Call Test Case 'Test Cases/Custom Item Details/UTILITIES/ITEM_DETAIL_PAGE' successfully

2022-04-06 15:08:56 - [TEST_CASE][PASSED] - Test Cases/Custom Item Details/UTILITIES/ITEM_DETAIL_PAGE: Test Cases/Custom Item Details/UTILITIES/ITEM_DETAIL_PAGE

2022-04-06 15:08:57 - [TEST_STEP][PASSED] - click(findTestObject("Staging Objects/Page_diagnostics/a_DIABETES DIAGNOSTICS"), STOP_ON_FAILURE): Object: 'Object Repository/Staging Objects/Page_diagnostics/a_DIABETES DIAGNOSTICS' is clicked on

2022-04-06 15:08:59 - [MESSAGE][PASSED] - Object: 'Object Repository/Staging Objects/Page_diagnostics/a_DIABETES DIAGNOSTICS' is clicked on

2022-04-06 15:08:59 - [TEST_STEP][PASSED] - mouseOver(findTestObject("Staging Objects/Page_diagnostics/a_CareSens N Eco Blood Glucose Meter")): Object: 'Object Repository/Staging Objects/Page_diagnostics/a_CareSens N Eco Blood Glucose Meter' is hovered

2022-04-06 15:09:03 - [MESSAGE][PASSED] - Object: 'Object Repository/Staging Objects/Page_diagnostics/a_CareSens N Eco Blood Glucose Meter' is hovered

2022-04-06 15:09:03 - [TEST_STEP][PASSED] - click(findTestObject("Staging Objects/Page_diagnostics/a_CareSens N Eco Blood Glucose Meter")): Object: 'Object Repository/Staging Objects/Page_diagnostics/a_CareSens N Eco Blood Glucose Meter' is clicked on

2022-04-06 15:09:08 - [MESSAGE][PASSED] - Object: 'Object Repository/Staging Objects/Page_diagnostics/a_CareSens N Eco Blood Glucose Meter' is clicked on

2022-04-06 15:09:08 - [MESSAGE][PASSED] - Call Test Case 'Test Cases/Custom Item Details/UTILITIES/ITEM_DETAIL_PAGE' successfully

2022-04-06 15:09:08 - [TEST_STEP][PASSED] - click(findTestObject("Staging Objects/Page_diagnostics/a_ADD TO CART")): Object: 'Object Repository/Staging Objects/Page_diagnostics/a_ADD TO CART' is clicked on

2022-04-06 15:09:09 - [MESSAGE][PASSED] - Object: 'Object Repository/Staging Objects/Page_diagnostics/a_ADD TO CART' is clicked on

2022-04-06 15:09:09 - [TEST_STEP][PASSED] - verifyElementPresent(findTestObject("Cart/Page_diagnostics/div_VIEW_CART_Area"), 0): Object 'Object Repository/Cart/Page_diagnostics/div_VIEW_CART_Area' is present

2022-04-06 15:09:09 - [MESSAGE][WARNING] - Timeout '0' is invalid. Using default page load timeout: '30'

2022-04-06 15:09:12 - [MESSAGE][PASSED] - Object 'Object Repository/Cart/Page_diagnostics/div_VIEW_CART_Area' is present

2022-04-06 15:09:12 - [TEST_STEP][PASSED] - verifyElementClickable(findTestObject("Page_diagnostics/Cart_icon")): Object 'Object Repository/Page_diagnostics/Cart_icon' is clickable

2022-04-06 15:09:13 - [MESSAGE][PASSED] - Object 'Object Repository/Page_diagnostics/Cart_icon' is clickable

2022-04-06 15:09:13 - [TEST_STEP][PASSED] - callTestCase(findTestCase("Custom Item Details/UTILITIES/CLOSE_BROWSER"), [:], STOP_ON_FAILURE): Call Test Case 'Test Cases/Custom Item Details/UTILITIES/CLOSE_BROWSER' successfully

2022-04-06 15:09:13 - [TEST_CASE][PASSED] - Test Cases/Custom Item Details/UTILITIES/CLOSE_BROWSER: Test Cases/Custom Item Details/UTILITIES/CLOSE_BROWSER

2022-04-06 15:09:13 - [TEST_STEP][PASSED] - closeBrowser(): Browser is closed

2022-04-06 15:09:13 - [MESSAGE][PASSED] - Browser is closed

2022-04-06 15:09:13 - [MESSAGE][PASSED] - Call Test Case 'Test Cases/Custom Item Details/UTILITIES/CLOSE_BROWSER' successfully]]></system-out>
         <system-err><![CDATA[]]></system-err>
      </testcase>
      <testcase name="Test Cases/Custom Item Details/TEST CASE/TC_DETAILS_UI_021" time="79.079" classname="Test Cases/Custom Item Details/TEST CASE/TC_DETAILS_UI_021" status="FAILED">
         <failure type="FAILED" message="Test Cases/Custom Item Details/TEST CASE/TC_DETAILS_UI_021 FAILED.
Reason:
com.kms.katalon.core.exception.StepFailedException: Unable to verify object 'Object Repository/Staging Objects/Page_diagnostics/span_Accessories included' is present
	at com.kms.katalon.core.webui.keyword.internal.WebUIKeywordMain.stepFailed(WebUIKeywordMain.groovy:64)
	at com.kms.katalon.core.webui.keyword.internal.WebUIKeywordMain.runKeyword(WebUIKeywordMain.groovy:26)
	at com.kms.katalon.core.webui.keyword.builtin.VerifyElementPresentKeyword.verifyElementPresent(VerifyElementPresentKeyword.groovy:92)
	at com.kms.katalon.core.webui.keyword.builtin.VerifyElementPresentKeyword.execute(VerifyElementPresentKeyword.groovy:68)
	at com.kms.katalon.core.keyword.internal.KeywordExecutor.executeKeywordForPlatform(KeywordExecutor.groovy:73)
	at com.kms.katalon.core.webui.keyword.WebUiBuiltInKeywords.verifyElementPresent(WebUiBuiltInKeywords.groovy:1461)
	at com.kms.katalon.core.webui.keyword.WebUiBuiltInKeywords$verifyElementPresent$9.call(Unknown Source)
	at TC_DETAILS_UI_021.run(TC_DETAILS_UI_021:22)
	at com.kms.katalon.core.main.ScriptEngine.run(ScriptEngine.java:194)
	at com.kms.katalon.core.main.ScriptEngine.runScriptAsRawText(ScriptEngine.java:119)
	at com.kms.katalon.core.main.TestCaseExecutor.runScript(TestCaseExecutor.java:339)
	at com.kms.katalon.core.main.TestCaseExecutor.doExecute(TestCaseExecutor.java:330)
	at com.kms.katalon.core.main.TestCaseExecutor.processExecutionPhase(TestCaseExecutor.java:309)
	at com.kms.katalon.core.main.TestCaseExecutor.accessMainPhase(TestCaseExecutor.java:301)
	at com.kms.katalon.core.main.TestCaseExecutor.execute(TestCaseExecutor.java:235)
	at com.kms.katalon.core.main.TestSuiteExecutor.accessTestCaseMainPhase(TestSuiteExecutor.java:191)
	at com.kms.katalon.core.main.TestSuiteExecutor.accessTestSuiteMainPhase(TestSuiteExecutor.java:141)
	at com.kms.katalon.core.main.TestSuiteExecutor.execute(TestSuiteExecutor.java:90)
	at com.kms.katalon.core.main.TestCaseMain.startTestSuite(TestCaseMain.java:157)
	at com.kms.katalon.core.main.TestCaseMain$startTestSuite$0.call(Unknown Source)
	at TempTestSuite1649228487552.run(TempTestSuite1649228487552.groovy:39)
Caused by: com.kms.katalon.core.exception.StepFailedException: com.kms.katalon.core.webui.exception.WebElementNotFoundException: Web element with id: 'Object Repository/Staging Objects/Page_diagnostics/span_Accessories included' located by '//div[@id='tab-desc4']/div[2]/div[5]/span' not found
	at com.kms.katalon.core.webui.keyword.internal.WebUIKeywordMain.stepFailed(WebUIKeywordMain.groovy:64)
	at com.kms.katalon.core.webui.keyword.builtin.VerifyElementPresentKeyword$_verifyElementPresent_closure1.doCall(VerifyElementPresentKeyword.groovy:85)
	at com.kms.katalon.core.webui.keyword.builtin.VerifyElementPresentKeyword$_verifyElementPresent_closure1.call(VerifyElementPresentKeyword.groovy)
	at com.kms.katalon.core.webui.keyword.internal.WebUIKeywordMain.runKeyword(WebUIKeywordMain.groovy:20)
	... 19 more
"/>
         <system-out><![CDATA[2022-04-06 15:09:13 - [TEST_CASE][FAILED] - Test Cases/Custom Item Details/TEST CASE/TC_DETAILS_UI_021: Test Cases/Custom Item Details/TEST CASE/TC_DETAILS_UI_021 FAILED.
Reason:
com.kms.katalon.core.exception.StepFailedException: Unable to verify object 'Object Repository/Staging Objects/Page_diagnostics/span_Accessories included' is present
	at com.kms.katalon.core.webui.keyword.internal.WebUIKeywordMain.stepFailed(WebUIKeywordMain.groovy:64)
	at com.kms.katalon.core.webui.keyword.internal.WebUIKeywordMain.runKeyword(WebUIKeywordMain.groovy:26)
	at com.kms.katalon.core.webui.keyword.builtin.VerifyElementPresentKeyword.verifyElementPresent(VerifyElementPresentKeyword.groovy:92)
	at com.kms.katalon.core.webui.keyword.builtin.VerifyElementPresentKeyword.execute(VerifyElementPresentKeyword.groovy:68)
	at com.kms.katalon.core.keyword.internal.KeywordExecutor.executeKeywordForPlatform(KeywordExecutor.groovy:73)
	at com.kms.katalon.core.webui.keyword.WebUiBuiltInKeywords.verifyElementPresent(WebUiBuiltInKeywords.groovy:1461)
	at com.kms.katalon.core.webui.keyword.WebUiBuiltInKeywords$verifyElementPresent$9.call(Unknown Source)
	at TC_DETAILS_UI_021.run(TC_DETAILS_UI_021:22)
	at com.kms.katalon.core.main.ScriptEngine.run(ScriptEngine.java:194)
	at com.kms.katalon.core.main.ScriptEngine.runScriptAsRawText(ScriptEngine.java:119)
	at com.kms.katalon.core.main.TestCaseExecutor.runScript(TestCaseExecutor.java:339)
	at com.kms.katalon.core.main.TestCaseExecutor.doExecute(TestCaseExecutor.java:330)
	at com.kms.katalon.core.main.TestCaseExecutor.processExecutionPhase(TestCaseExecutor.java:309)
	at com.kms.katalon.core.main.TestCaseExecutor.accessMainPhase(TestCaseExecutor.java:301)
	at com.kms.katalon.core.main.TestCaseExecutor.execute(TestCaseExecutor.java:235)
	at com.kms.katalon.core.main.TestSuiteExecutor.accessTestCaseMainPhase(TestSuiteExecutor.java:191)
	at com.kms.katalon.core.main.TestSuiteExecutor.accessTestSuiteMainPhase(TestSuiteExecutor.java:141)
	at com.kms.katalon.core.main.TestSuiteExecutor.execute(TestSuiteExecutor.java:90)
	at com.kms.katalon.core.main.TestCaseMain.startTestSuite(TestCaseMain.java:157)
	at com.kms.katalon.core.main.TestCaseMain$startTestSuite$0.call(Unknown Source)
	at TempTestSuite1649228487552.run(TempTestSuite1649228487552.groovy:39)
Caused by: com.kms.katalon.core.exception.StepFailedException: com.kms.katalon.core.webui.exception.WebElementNotFoundException: Web element with id: 'Object Repository/Staging Objects/Page_diagnostics/span_Accessories included' located by '//div[@id='tab-desc4']/div[2]/div[5]/span' not found
	at com.kms.katalon.core.webui.keyword.internal.WebUIKeywordMain.stepFailed(WebUIKeywordMain.groovy:64)
	at com.kms.katalon.core.webui.keyword.builtin.VerifyElementPresentKeyword$_verifyElementPresent_closure1.doCall(VerifyElementPresentKeyword.groovy:85)
	at com.kms.katalon.core.webui.keyword.builtin.VerifyElementPresentKeyword$_verifyElementPresent_closure1.call(VerifyElementPresentKeyword.groovy)
	at com.kms.katalon.core.webui.keyword.internal.WebUIKeywordMain.runKeyword(WebUIKeywordMain.groovy:20)
	... 19 more


2022-04-06 15:09:14 - [TEST_STEP][PASSED] - callTestCase(findTestCase("Custom Item Details/UTILITIES/OPEN_BROWSER"), [:], STOP_ON_FAILURE): Call Test Case 'Test Cases/Custom Item Details/UTILITIES/OPEN_BROWSER' successfully

2022-04-06 15:09:14 - [TEST_CASE][PASSED] - Test Cases/Custom Item Details/UTILITIES/OPEN_BROWSER: Test Cases/Custom Item Details/UTILITIES/OPEN_BROWSER

2022-04-06 15:09:14 - [TEST_STEP][PASSED] - openBrowser("https://diagnostics.staging.arcadier.io/"): Browser is opened with url: 'https://diagnostics.staging.arcadier.io/'

2022-04-06 15:09:14 - [MESSAGE][INFO] - Starting 'Chrome' driver

2022-04-06 15:09:14 - [MESSAGE][INFO] - Action delay is set to 0 milliseconds

2022-04-06 15:09:17 - [MESSAGE][PASSED] - Browser is opened with url: 'https://diagnostics.staging.arcadier.io/'

2022-04-06 15:09:17 - [TEST_STEP][PASSED] - maximizeWindow(): Current window maximized

2022-04-06 15:09:17 - [MESSAGE][PASSED] - Current window maximized

2022-04-06 15:09:17 - [TEST_STEP][PASSED] - click(findTestObject("Item Details Objects/Page_diagnostics/a_Accept Cookies")): Object: 'Object Repository/Item Details Objects/Page_diagnostics/a_Accept Cookies' is clicked on

2022-04-06 15:09:18 - [MESSAGE][PASSED] - Object: 'Object Repository/Item Details Objects/Page_diagnostics/a_Accept Cookies' is clicked on

2022-04-06 15:09:18 - [TEST_STEP][PASSED] - click(findTestObject("Staging Objects/Page_diagnostics/a_DIABETES DIAGNOSTICS"), STOP_ON_FAILURE): Object: 'Object Repository/Staging Objects/Page_diagnostics/a_DIABETES DIAGNOSTICS' is clicked on

2022-04-06 15:09:21 - [MESSAGE][PASSED] - Object: 'Object Repository/Staging Objects/Page_diagnostics/a_DIABETES DIAGNOSTICS' is clicked on

2022-04-06 15:09:21 - [TEST_STEP][PASSED] - mouseOver(findTestObject("Staging Objects/Page_diagnostics/a_CareSens N Eco Blood Glucose Meter")): Object: 'Object Repository/Staging Objects/Page_diagnostics/a_CareSens N Eco Blood Glucose Meter' is hovered

2022-04-06 15:09:25 - [MESSAGE][PASSED] - Object: 'Object Repository/Staging Objects/Page_diagnostics/a_CareSens N Eco Blood Glucose Meter' is hovered

2022-04-06 15:09:25 - [TEST_STEP][PASSED] - click(findTestObject("Staging Objects/Page_diagnostics/a_CareSens N Eco Blood Glucose Meter")): Object: 'Object Repository/Staging Objects/Page_diagnostics/a_CareSens N Eco Blood Glucose Meter' is clicked on

2022-04-06 15:09:30 - [MESSAGE][PASSED] - Object: 'Object Repository/Staging Objects/Page_diagnostics/a_CareSens N Eco Blood Glucose Meter' is clicked on

2022-04-06 15:09:30 - [MESSAGE][PASSED] - Call Test Case 'Test Cases/Custom Item Details/UTILITIES/OPEN_BROWSER' successfully

2022-04-06 15:09:30 - [TEST_STEP][PASSED] - waitForElementVisible(findTestObject("Staging Objects/Page_diagnostics/span_Accessories included"), 0): Web element with id: 'Object Repository/Staging Objects/Page_diagnostics/span_Accessories included' located by '//div[@id='tab-desc4']/div[2]/div[5]/span' not found

2022-04-06 15:09:30 - [MESSAGE][WARNING] - Timeout '0' is invalid. Using default page load timeout: '30'

2022-04-06 15:10:01 - [MESSAGE][INFO] - Unable to find the element located by 'By.xpath: //div[@id='tab-desc4']/div[2]/div[5]/span'. Please recheck the objects properties to make sure the desired element is located. 

2022-04-06 15:10:01 - [MESSAGE][WARNING] - Web element with id: 'Object Repository/Staging Objects/Page_diagnostics/span_Accessories included' located by '//div[@id='tab-desc4']/div[2]/div[5]/span' not found

2022-04-06 15:10:01 - [TEST_STEP][FAILED] - verifyElementPresent(findTestObject("Staging Objects/Page_diagnostics/span_Accessories included"), 0): Unable to verify object 'Object Repository/Staging Objects/Page_diagnostics/span_Accessories included' is present (Root cause: com.kms.katalon.core.exception.StepFailedException: Unable to verify object 'Object Repository/Staging Objects/Page_diagnostics/span_Accessories included' is present
	at com.kms.katalon.core.webui.keyword.internal.WebUIKeywordMain.stepFailed(WebUIKeywordMain.groovy:64)
	at com.kms.katalon.core.webui.keyword.internal.WebUIKeywordMain.runKeyword(WebUIKeywordMain.groovy:26)
	at com.kms.katalon.core.webui.keyword.builtin.VerifyElementPresentKeyword.verifyElementPresent(VerifyElementPresentKeyword.groovy:92)
	at com.kms.katalon.core.webui.keyword.builtin.VerifyElementPresentKeyword.execute(VerifyElementPresentKeyword.groovy:68)
	at com.kms.katalon.core.keyword.internal.KeywordExecutor.executeKeywordForPlatform(KeywordExecutor.groovy:73)
	at com.kms.katalon.core.webui.keyword.WebUiBuiltInKeywords.verifyElementPresent(WebUiBuiltInKeywords.groovy:1461)
	at com.kms.katalon.core.webui.keyword.WebUiBuiltInKeywords$verifyElementPresent$9.call(Unknown Source)
	at TC_DETAILS_UI_021.run(TC_DETAILS_UI_021:22)
	at com.kms.katalon.core.main.ScriptEngine.run(ScriptEngine.java:194)
	at com.kms.katalon.core.main.ScriptEngine.runScriptAsRawText(ScriptEngine.java:119)
	at com.kms.katalon.core.main.TestCaseExecutor.runScript(TestCaseExecutor.java:339)
	at com.kms.katalon.core.main.TestCaseExecutor.doExecute(TestCaseExecutor.java:330)
	at com.kms.katalon.core.main.TestCaseExecutor.processExecutionPhase(TestCaseExecutor.java:309)
	at com.kms.katalon.core.main.TestCaseExecutor.accessMainPhase(TestCaseExecutor.java:301)
	at com.kms.katalon.core.main.TestCaseExecutor.execute(TestCaseExecutor.java:235)
	at com.kms.katalon.core.main.TestSuiteExecutor.accessTestCaseMainPhase(TestSuiteExecutor.java:191)
	at com.kms.katalon.core.main.TestSuiteExecutor.accessTestSuiteMainPhase(TestSuiteExecutor.java:141)
	at com.kms.katalon.core.main.TestSuiteExecutor.execute(TestSuiteExecutor.java:90)
	at com.kms.katalon.core.main.TestCaseMain.startTestSuite(TestCaseMain.java:157)
	at com.kms.katalon.core.main.TestCaseMain$startTestSuite$0.call(Unknown Source)
	at TempTestSuite1649228487552.run(TempTestSuite1649228487552.groovy:39)
Caused by: com.kms.katalon.core.exception.StepFailedException: com.kms.katalon.core.webui.exception.WebElementNotFoundException: Web element with id: 'Object Repository/Staging Objects/Page_diagnostics/span_Accessories included' located by '//div[@id='tab-desc4']/div[2]/div[5]/span' not found
	at com.kms.katalon.core.webui.keyword.internal.WebUIKeywordMain.stepFailed(WebUIKeywordMain.groovy:64)
	at com.kms.katalon.core.webui.keyword.builtin.VerifyElementPresentKeyword$_verifyElementPresent_closure1.doCall(VerifyElementPresentKeyword.groovy:85)
	at com.kms.katalon.core.webui.keyword.builtin.VerifyElementPresentKeyword$_verifyElementPresent_closure1.call(VerifyElementPresentKeyword.groovy)
	at com.kms.katalon.core.webui.keyword.internal.WebUIKeywordMain.runKeyword(WebUIKeywordMain.groovy:20)
	... 19 more
)

2022-04-06 15:10:01 - [MESSAGE][WARNING] - Timeout '0' is invalid. Using default page load timeout: '30'

2022-04-06 15:10:32 - [MESSAGE][INFO] - Unable to find the element located by 'By.xpath: //div[@id='tab-desc4']/div[2]/div[5]/span'. Please recheck the objects properties to make sure the desired element is located. 

2022-04-06 15:10:32 - [MESSAGE][FAILED] - com.kms.katalon.core.webui.exception.WebElementNotFoundException: Web element with id: 'Object Repository/Staging Objects/Page_diagnostics/span_Accessories included' located by '//div[@id='tab-desc4']/div[2]/div[5]/span' not found (Root cause: com.kms.katalon.core.exception.StepFailedException: com.kms.katalon.core.webui.exception.WebElementNotFoundException: Web element with id: 'Object Repository/Staging Objects/Page_diagnostics/span_Accessories included' located by '//div[@id='tab-desc4']/div[2]/div[5]/span' not found
	at com.kms.katalon.core.webui.keyword.internal.WebUIKeywordMain.stepFailed(WebUIKeywordMain.groovy:64)
	at com.kms.katalon.core.webui.keyword.builtin.VerifyElementPresentKeyword$_verifyElementPresent_closure1.doCall(VerifyElementPresentKeyword.groovy:85)
	at com.kms.katalon.core.webui.keyword.builtin.VerifyElementPresentKeyword$_verifyElementPresent_closure1.call(VerifyElementPresentKeyword.groovy)
	at com.kms.katalon.core.webui.keyword.internal.WebUIKeywordMain.runKeyword(WebUIKeywordMain.groovy:20)
	at com.kms.katalon.core.webui.keyword.builtin.VerifyElementPresentKeyword.verifyElementPresent(VerifyElementPresentKeyword.groovy:92)
	at com.kms.katalon.core.webui.keyword.builtin.VerifyElementPresentKeyword.execute(VerifyElementPresentKeyword.groovy:68)
	at com.kms.katalon.core.keyword.internal.KeywordExecutor.executeKeywordForPlatform(KeywordExecutor.groovy:73)
	at com.kms.katalon.core.webui.keyword.WebUiBuiltInKeywords.verifyElementPresent(WebUiBuiltInKeywords.groovy:1461)
	at com.kms.katalon.core.webui.keyword.WebUiBuiltInKeywords$verifyElementPresent$9.call(Unknown Source)
	at TC_DETAILS_UI_021.run(TC_DETAILS_UI_021:22)
	at com.kms.katalon.core.main.ScriptEngine.run(ScriptEngine.java:194)
	at com.kms.katalon.core.main.ScriptEngine.runScriptAsRawText(ScriptEngine.java:119)
	at com.kms.katalon.core.main.TestCaseExecutor.runScript(TestCaseExecutor.java:339)
	at com.kms.katalon.core.main.TestCaseExecutor.doExecute(TestCaseExecutor.java:330)
	at com.kms.katalon.core.main.TestCaseExecutor.processExecutionPhase(TestCaseExecutor.java:309)
	at com.kms.katalon.core.main.TestCaseExecutor.accessMainPhase(TestCaseExecutor.java:301)
	at com.kms.katalon.core.main.TestCaseExecutor.execute(TestCaseExecutor.java:235)
	at com.kms.katalon.core.main.TestSuiteExecutor.accessTestCaseMainPhase(TestSuiteExecutor.java:191)
	at com.kms.katalon.core.main.TestSuiteExecutor.accessTestSuiteMainPhase(TestSuiteExecutor.java:141)
	at com.kms.katalon.core.main.TestSuiteExecutor.execute(TestSuiteExecutor.java:90)
	at com.kms.katalon.core.main.TestCaseMain.startTestSuite(TestCaseMain.java:157)
	at com.kms.katalon.core.main.TestCaseMain$startTestSuite$0.call(Unknown Source)
	at TempTestSuite1649228487552.run(TempTestSuite1649228487552.groovy:39)
)
[[ATTACHMENT|K:\\Work\\GitHub\\find-item-detail-test_v2\\Reports\\20220406_150127\\Item detail test\\20220406_150127\\1649229032670.png]]

2022-04-06 15:10:32 - [MESSAGE][FAILED] - Unable to verify object 'Object Repository/Staging Objects/Page_diagnostics/span_Accessories included' is present (Root cause: com.kms.katalon.core.exception.StepFailedException: Unable to verify object 'Object Repository/Staging Objects/Page_diagnostics/span_Accessories included' is present
	at com.kms.katalon.core.webui.keyword.internal.WebUIKeywordMain.stepFailed(WebUIKeywordMain.groovy:64)
	at com.kms.katalon.core.webui.keyword.internal.WebUIKeywordMain.runKeyword(WebUIKeywordMain.groovy:26)
	at com.kms.katalon.core.webui.keyword.builtin.VerifyElementPresentKeyword.verifyElementPresent(VerifyElementPresentKeyword.groovy:92)
	at com.kms.katalon.core.webui.keyword.builtin.VerifyElementPresentKeyword.execute(VerifyElementPresentKeyword.groovy:68)
	at com.kms.katalon.core.keyword.internal.KeywordExecutor.executeKeywordForPlatform(KeywordExecutor.groovy:73)
	at com.kms.katalon.core.webui.keyword.WebUiBuiltInKeywords.verifyElementPresent(WebUiBuiltInKeywords.groovy:1461)
	at com.kms.katalon.core.webui.keyword.WebUiBuiltInKeywords$verifyElementPresent$9.call(Unknown Source)
	at TC_DETAILS_UI_021.run(TC_DETAILS_UI_021:22)
	at com.kms.katalon.core.main.ScriptEngine.run(ScriptEngine.java:194)
	at com.kms.katalon.core.main.ScriptEngine.runScriptAsRawText(ScriptEngine.java:119)
	at com.kms.katalon.core.main.TestCaseExecutor.runScript(TestCaseExecutor.java:339)
	at com.kms.katalon.core.main.TestCaseExecutor.doExecute(TestCaseExecutor.java:330)
	at com.kms.katalon.core.main.TestCaseExecutor.processExecutionPhase(TestCaseExecutor.java:309)
	at com.kms.katalon.core.main.TestCaseExecutor.accessMainPhase(TestCaseExecutor.java:301)
	at com.kms.katalon.core.main.TestCaseExecutor.execute(TestCaseExecutor.java:235)
	at com.kms.katalon.core.main.TestSuiteExecutor.accessTestCaseMainPhase(TestSuiteExecutor.java:191)
	at com.kms.katalon.core.main.TestSuiteExecutor.accessTestSuiteMainPhase(TestSuiteExecutor.java:141)
	at com.kms.katalon.core.main.TestSuiteExecutor.execute(TestSuiteExecutor.java:90)
	at com.kms.katalon.core.main.TestCaseMain.startTestSuite(TestCaseMain.java:157)
	at com.kms.katalon.core.main.TestCaseMain$startTestSuite$0.call(Unknown Source)
	at TempTestSuite1649228487552.run(TempTestSuite1649228487552.groovy:39)
Caused by: com.kms.katalon.core.exception.StepFailedException: com.kms.katalon.core.webui.exception.WebElementNotFoundException: Web element with id: 'Object Repository/Staging Objects/Page_diagnostics/span_Accessories included' located by '//div[@id='tab-desc4']/div[2]/div[5]/span' not found
	at com.kms.katalon.core.webui.keyword.internal.WebUIKeywordMain.stepFailed(WebUIKeywordMain.groovy:64)
	at com.kms.katalon.core.webui.keyword.builtin.VerifyElementPresentKeyword$_verifyElementPresent_closure1.doCall(VerifyElementPresentKeyword.groovy:85)
	at com.kms.katalon.core.webui.keyword.builtin.VerifyElementPresentKeyword$_verifyElementPresent_closure1.call(VerifyElementPresentKeyword.groovy)
	at com.kms.katalon.core.webui.keyword.internal.WebUIKeywordMain.runKeyword(WebUIKeywordMain.groovy:20)
	... 19 more
)
[[ATTACHMENT|K:\\Work\\GitHub\\find-item-detail-test_v2\\Reports\\20220406_150127\\Item detail test\\20220406_150127\\1649229032849.png]]]]></system-out>
         <system-err><![CDATA[2022-04-06 15:09:13 - [TEST_CASE][FAILED] - Test Cases/Custom Item Details/TEST CASE/TC_DETAILS_UI_021: Test Cases/Custom Item Details/TEST CASE/TC_DETAILS_UI_021 FAILED.
Reason:
com.kms.katalon.core.exception.StepFailedException: Unable to verify object 'Object Repository/Staging Objects/Page_diagnostics/span_Accessories included' is present
	at com.kms.katalon.core.webui.keyword.internal.WebUIKeywordMain.stepFailed(WebUIKeywordMain.groovy:64)
	at com.kms.katalon.core.webui.keyword.internal.WebUIKeywordMain.runKeyword(WebUIKeywordMain.groovy:26)
	at com.kms.katalon.core.webui.keyword.builtin.VerifyElementPresentKeyword.verifyElementPresent(VerifyElementPresentKeyword.groovy:92)
	at com.kms.katalon.core.webui.keyword.builtin.VerifyElementPresentKeyword.execute(VerifyElementPresentKeyword.groovy:68)
	at com.kms.katalon.core.keyword.internal.KeywordExecutor.executeKeywordForPlatform(KeywordExecutor.groovy:73)
	at com.kms.katalon.core.webui.keyword.WebUiBuiltInKeywords.verifyElementPresent(WebUiBuiltInKeywords.groovy:1461)
	at com.kms.katalon.core.webui.keyword.WebUiBuiltInKeywords$verifyElementPresent$9.call(Unknown Source)
	at TC_DETAILS_UI_021.run(TC_DETAILS_UI_021:22)
	at com.kms.katalon.core.main.ScriptEngine.run(ScriptEngine.java:194)
	at com.kms.katalon.core.main.ScriptEngine.runScriptAsRawText(ScriptEngine.java:119)
	at com.kms.katalon.core.main.TestCaseExecutor.runScript(TestCaseExecutor.java:339)
	at com.kms.katalon.core.main.TestCaseExecutor.doExecute(TestCaseExecutor.java:330)
	at com.kms.katalon.core.main.TestCaseExecutor.processExecutionPhase(TestCaseExecutor.java:309)
	at com.kms.katalon.core.main.TestCaseExecutor.accessMainPhase(TestCaseExecutor.java:301)
	at com.kms.katalon.core.main.TestCaseExecutor.execute(TestCaseExecutor.java:235)
	at com.kms.katalon.core.main.TestSuiteExecutor.accessTestCaseMainPhase(TestSuiteExecutor.java:191)
	at com.kms.katalon.core.main.TestSuiteExecutor.accessTestSuiteMainPhase(TestSuiteExecutor.java:141)
	at com.kms.katalon.core.main.TestSuiteExecutor.execute(TestSuiteExecutor.java:90)
	at com.kms.katalon.core.main.TestCaseMain.startTestSuite(TestCaseMain.java:157)
	at com.kms.katalon.core.main.TestCaseMain$startTestSuite$0.call(Unknown Source)
	at TempTestSuite1649228487552.run(TempTestSuite1649228487552.groovy:39)
Caused by: com.kms.katalon.core.exception.StepFailedException: com.kms.katalon.core.webui.exception.WebElementNotFoundException: Web element with id: 'Object Repository/Staging Objects/Page_diagnostics/span_Accessories included' located by '//div[@id='tab-desc4']/div[2]/div[5]/span' not found
	at com.kms.katalon.core.webui.keyword.internal.WebUIKeywordMain.stepFailed(WebUIKeywordMain.groovy:64)
	at com.kms.katalon.core.webui.keyword.builtin.VerifyElementPresentKeyword$_verifyElementPresent_closure1.doCall(VerifyElementPresentKeyword.groovy:85)
	at com.kms.katalon.core.webui.keyword.builtin.VerifyElementPresentKeyword$_verifyElementPresent_closure1.call(VerifyElementPresentKeyword.groovy)
	at com.kms.katalon.core.webui.keyword.internal.WebUIKeywordMain.runKeyword(WebUIKeywordMain.groovy:20)
	... 19 more]]></system-err>
      </testcase>
      <testcase name="Test Cases/Custom Item Details/TEST CASE/TC_DETAILS_UI_022" time="80.155" classname="Test Cases/Custom Item Details/TEST CASE/TC_DETAILS_UI_022" status="FAILED">
         <failure type="FAILED" message="Test Cases/Custom Item Details/TEST CASE/TC_DETAILS_UI_022 FAILED.
Reason:
com.kms.katalon.core.exception.StepFailedException: Unable to verify object 'Object Repository/Staging Objects/Page_diagnostics/span_Alerts' is present
	at com.kms.katalon.core.webui.keyword.internal.WebUIKeywordMain.stepFailed(WebUIKeywordMain.groovy:64)
	at com.kms.katalon.core.webui.keyword.internal.WebUIKeywordMain.runKeyword(WebUIKeywordMain.groovy:26)
	at com.kms.katalon.core.webui.keyword.builtin.VerifyElementPresentKeyword.verifyElementPresent(VerifyElementPresentKeyword.groovy:92)
	at com.kms.katalon.core.webui.keyword.builtin.VerifyElementPresentKeyword.execute(VerifyElementPresentKeyword.groovy:68)
	at com.kms.katalon.core.keyword.internal.KeywordExecutor.executeKeywordForPlatform(KeywordExecutor.groovy:73)
	at com.kms.katalon.core.webui.keyword.WebUiBuiltInKeywords.verifyElementPresent(WebUiBuiltInKeywords.groovy:1461)
	at com.kms.katalon.core.webui.keyword.WebUiBuiltInKeywords$verifyElementPresent$9.call(Unknown Source)
	at TC_DETAILS_UI_022.run(TC_DETAILS_UI_022:22)
	at com.kms.katalon.core.main.ScriptEngine.run(ScriptEngine.java:194)
	at com.kms.katalon.core.main.ScriptEngine.runScriptAsRawText(ScriptEngine.java:119)
	at com.kms.katalon.core.main.TestCaseExecutor.runScript(TestCaseExecutor.java:339)
	at com.kms.katalon.core.main.TestCaseExecutor.doExecute(TestCaseExecutor.java:330)
	at com.kms.katalon.core.main.TestCaseExecutor.processExecutionPhase(TestCaseExecutor.java:309)
	at com.kms.katalon.core.main.TestCaseExecutor.accessMainPhase(TestCaseExecutor.java:301)
	at com.kms.katalon.core.main.TestCaseExecutor.execute(TestCaseExecutor.java:235)
	at com.kms.katalon.core.main.TestSuiteExecutor.accessTestCaseMainPhase(TestSuiteExecutor.java:191)
	at com.kms.katalon.core.main.TestSuiteExecutor.accessTestSuiteMainPhase(TestSuiteExecutor.java:141)
	at com.kms.katalon.core.main.TestSuiteExecutor.execute(TestSuiteExecutor.java:90)
	at com.kms.katalon.core.main.TestCaseMain.startTestSuite(TestCaseMain.java:157)
	at com.kms.katalon.core.main.TestCaseMain$startTestSuite$0.call(Unknown Source)
	at TempTestSuite1649228487552.run(TempTestSuite1649228487552.groovy:39)
Caused by: com.kms.katalon.core.exception.StepFailedException: com.kms.katalon.core.webui.exception.WebElementNotFoundException: Web element with id: 'Object Repository/Staging Objects/Page_diagnostics/span_Alerts' located by '//*[(text() = 'Alerts:' or . = 'Alerts:')]' not found
	at com.kms.katalon.core.webui.keyword.internal.WebUIKeywordMain.stepFailed(WebUIKeywordMain.groovy:64)
	at com.kms.katalon.core.webui.keyword.builtin.VerifyElementPresentKeyword$_verifyElementPresent_closure1.doCall(VerifyElementPresentKeyword.groovy:85)
	at com.kms.katalon.core.webui.keyword.builtin.VerifyElementPresentKeyword$_verifyElementPresent_closure1.call(VerifyElementPresentKeyword.groovy)
	at com.kms.katalon.core.webui.keyword.internal.WebUIKeywordMain.runKeyword(WebUIKeywordMain.groovy:20)
	... 19 more
"/>
         <system-out><![CDATA[2022-04-06 15:10:32 - [TEST_CASE][FAILED] - Test Cases/Custom Item Details/TEST CASE/TC_DETAILS_UI_022: Test Cases/Custom Item Details/TEST CASE/TC_DETAILS_UI_022 FAILED.
Reason:
com.kms.katalon.core.exception.StepFailedException: Unable to verify object 'Object Repository/Staging Objects/Page_diagnostics/span_Alerts' is present
	at com.kms.katalon.core.webui.keyword.internal.WebUIKeywordMain.stepFailed(WebUIKeywordMain.groovy:64)
	at com.kms.katalon.core.webui.keyword.internal.WebUIKeywordMain.runKeyword(WebUIKeywordMain.groovy:26)
	at com.kms.katalon.core.webui.keyword.builtin.VerifyElementPresentKeyword.verifyElementPresent(VerifyElementPresentKeyword.groovy:92)
	at com.kms.katalon.core.webui.keyword.builtin.VerifyElementPresentKeyword.execute(VerifyElementPresentKeyword.groovy:68)
	at com.kms.katalon.core.keyword.internal.KeywordExecutor.executeKeywordForPlatform(KeywordExecutor.groovy:73)
	at com.kms.katalon.core.webui.keyword.WebUiBuiltInKeywords.verifyElementPresent(WebUiBuiltInKeywords.groovy:1461)
	at com.kms.katalon.core.webui.keyword.WebUiBuiltInKeywords$verifyElementPresent$9.call(Unknown Source)
	at TC_DETAILS_UI_022.run(TC_DETAILS_UI_022:22)
	at com.kms.katalon.core.main.ScriptEngine.run(ScriptEngine.java:194)
	at com.kms.katalon.core.main.ScriptEngine.runScriptAsRawText(ScriptEngine.java:119)
	at com.kms.katalon.core.main.TestCaseExecutor.runScript(TestCaseExecutor.java:339)
	at com.kms.katalon.core.main.TestCaseExecutor.doExecute(TestCaseExecutor.java:330)
	at com.kms.katalon.core.main.TestCaseExecutor.processExecutionPhase(TestCaseExecutor.java:309)
	at com.kms.katalon.core.main.TestCaseExecutor.accessMainPhase(TestCaseExecutor.java:301)
	at com.kms.katalon.core.main.TestCaseExecutor.execute(TestCaseExecutor.java:235)
	at com.kms.katalon.core.main.TestSuiteExecutor.accessTestCaseMainPhase(TestSuiteExecutor.java:191)
	at com.kms.katalon.core.main.TestSuiteExecutor.accessTestSuiteMainPhase(TestSuiteExecutor.java:141)
	at com.kms.katalon.core.main.TestSuiteExecutor.execute(TestSuiteExecutor.java:90)
	at com.kms.katalon.core.main.TestCaseMain.startTestSuite(TestCaseMain.java:157)
	at com.kms.katalon.core.main.TestCaseMain$startTestSuite$0.call(Unknown Source)
	at TempTestSuite1649228487552.run(TempTestSuite1649228487552.groovy:39)
Caused by: com.kms.katalon.core.exception.StepFailedException: com.kms.katalon.core.webui.exception.WebElementNotFoundException: Web element with id: 'Object Repository/Staging Objects/Page_diagnostics/span_Alerts' located by '//*[(text() = 'Alerts:' or . = 'Alerts:')]' not found
	at com.kms.katalon.core.webui.keyword.internal.WebUIKeywordMain.stepFailed(WebUIKeywordMain.groovy:64)
	at com.kms.katalon.core.webui.keyword.builtin.VerifyElementPresentKeyword$_verifyElementPresent_closure1.doCall(VerifyElementPresentKeyword.groovy:85)
	at com.kms.katalon.core.webui.keyword.builtin.VerifyElementPresentKeyword$_verifyElementPresent_closure1.call(VerifyElementPresentKeyword.groovy)
	at com.kms.katalon.core.webui.keyword.internal.WebUIKeywordMain.runKeyword(WebUIKeywordMain.groovy:20)
	... 19 more


2022-04-06 15:10:33 - [TEST_STEP][PASSED] - callTestCase(findTestCase("Custom Item Details/UTILITIES/OPEN_BROWSER"), [:], STOP_ON_FAILURE): Call Test Case 'Test Cases/Custom Item Details/UTILITIES/OPEN_BROWSER' successfully

2022-04-06 15:10:33 - [TEST_CASE][PASSED] - Test Cases/Custom Item Details/UTILITIES/OPEN_BROWSER: Test Cases/Custom Item Details/UTILITIES/OPEN_BROWSER

2022-04-06 15:10:33 - [TEST_STEP][PASSED] - openBrowser("https://diagnostics.staging.arcadier.io/"): Browser is opened with url: 'https://diagnostics.staging.arcadier.io/'

2022-04-06 15:10:33 - [MESSAGE][WARNING] - A browser is already opened. Closing browser and opening a new one

2022-04-06 15:10:33 - [MESSAGE][INFO] - Starting 'Chrome' driver

2022-04-06 15:10:33 - [MESSAGE][INFO] - Action delay is set to 0 milliseconds

2022-04-06 15:10:37 - [MESSAGE][PASSED] - Browser is opened with url: 'https://diagnostics.staging.arcadier.io/'

2022-04-06 15:10:37 - [TEST_STEP][PASSED] - maximizeWindow(): Current window maximized

2022-04-06 15:10:37 - [MESSAGE][PASSED] - Current window maximized

2022-04-06 15:10:37 - [TEST_STEP][PASSED] - click(findTestObject("Item Details Objects/Page_diagnostics/a_Accept Cookies")): Object: 'Object Repository/Item Details Objects/Page_diagnostics/a_Accept Cookies' is clicked on

2022-04-06 15:10:39 - [MESSAGE][PASSED] - Object: 'Object Repository/Item Details Objects/Page_diagnostics/a_Accept Cookies' is clicked on

2022-04-06 15:10:39 - [TEST_STEP][PASSED] - click(findTestObject("Staging Objects/Page_diagnostics/a_DIABETES DIAGNOSTICS"), STOP_ON_FAILURE): Object: 'Object Repository/Staging Objects/Page_diagnostics/a_DIABETES DIAGNOSTICS' is clicked on

2022-04-06 15:10:41 - [MESSAGE][PASSED] - Object: 'Object Repository/Staging Objects/Page_diagnostics/a_DIABETES DIAGNOSTICS' is clicked on

2022-04-06 15:10:41 - [TEST_STEP][PASSED] - mouseOver(findTestObject("Staging Objects/Page_diagnostics/a_CareSens N Eco Blood Glucose Meter")): Object: 'Object Repository/Staging Objects/Page_diagnostics/a_CareSens N Eco Blood Glucose Meter' is hovered

2022-04-06 15:10:45 - [MESSAGE][PASSED] - Object: 'Object Repository/Staging Objects/Page_diagnostics/a_CareSens N Eco Blood Glucose Meter' is hovered

2022-04-06 15:10:45 - [TEST_STEP][PASSED] - click(findTestObject("Staging Objects/Page_diagnostics/a_CareSens N Eco Blood Glucose Meter")): Object: 'Object Repository/Staging Objects/Page_diagnostics/a_CareSens N Eco Blood Glucose Meter' is clicked on

2022-04-06 15:10:50 - [MESSAGE][PASSED] - Object: 'Object Repository/Staging Objects/Page_diagnostics/a_CareSens N Eco Blood Glucose Meter' is clicked on

2022-04-06 15:10:50 - [MESSAGE][PASSED] - Call Test Case 'Test Cases/Custom Item Details/UTILITIES/OPEN_BROWSER' successfully

2022-04-06 15:10:50 - [TEST_STEP][PASSED] - waitForElementVisible(findTestObject("Staging Objects/Page_diagnostics/span_Alerts"), 0): Web element with id: 'Object Repository/Staging Objects/Page_diagnostics/span_Alerts' located by '//*[(text() = 'Alerts:' or . = 'Alerts:')]' not found

2022-04-06 15:10:50 - [MESSAGE][WARNING] - Timeout '0' is invalid. Using default page load timeout: '30'

2022-04-06 15:11:21 - [MESSAGE][INFO] - Unable to find the element located by 'By.xpath: //*[(text() = 'Alerts:' or . = 'Alerts:')]'. Please recheck the objects properties to make sure the desired element is located. 

2022-04-06 15:11:21 - [MESSAGE][WARNING] - Web element with id: 'Object Repository/Staging Objects/Page_diagnostics/span_Alerts' located by '//*[(text() = 'Alerts:' or . = 'Alerts:')]' not found

2022-04-06 15:11:21 - [TEST_STEP][FAILED] - verifyElementPresent(findTestObject("Staging Objects/Page_diagnostics/span_Alerts"), 0): Unable to verify object 'Object Repository/Staging Objects/Page_diagnostics/span_Alerts' is present (Root cause: com.kms.katalon.core.exception.StepFailedException: Unable to verify object 'Object Repository/Staging Objects/Page_diagnostics/span_Alerts' is present
	at com.kms.katalon.core.webui.keyword.internal.WebUIKeywordMain.stepFailed(WebUIKeywordMain.groovy:64)
	at com.kms.katalon.core.webui.keyword.internal.WebUIKeywordMain.runKeyword(WebUIKeywordMain.groovy:26)
	at com.kms.katalon.core.webui.keyword.builtin.VerifyElementPresentKeyword.verifyElementPresent(VerifyElementPresentKeyword.groovy:92)
	at com.kms.katalon.core.webui.keyword.builtin.VerifyElementPresentKeyword.execute(VerifyElementPresentKeyword.groovy:68)
	at com.kms.katalon.core.keyword.internal.KeywordExecutor.executeKeywordForPlatform(KeywordExecutor.groovy:73)
	at com.kms.katalon.core.webui.keyword.WebUiBuiltInKeywords.verifyElementPresent(WebUiBuiltInKeywords.groovy:1461)
	at com.kms.katalon.core.webui.keyword.WebUiBuiltInKeywords$verifyElementPresent$9.call(Unknown Source)
	at TC_DETAILS_UI_022.run(TC_DETAILS_UI_022:22)
	at com.kms.katalon.core.main.ScriptEngine.run(ScriptEngine.java:194)
	at com.kms.katalon.core.main.ScriptEngine.runScriptAsRawText(ScriptEngine.java:119)
	at com.kms.katalon.core.main.TestCaseExecutor.runScript(TestCaseExecutor.java:339)
	at com.kms.katalon.core.main.TestCaseExecutor.doExecute(TestCaseExecutor.java:330)
	at com.kms.katalon.core.main.TestCaseExecutor.processExecutionPhase(TestCaseExecutor.java:309)
	at com.kms.katalon.core.main.TestCaseExecutor.accessMainPhase(TestCaseExecutor.java:301)
	at com.kms.katalon.core.main.TestCaseExecutor.execute(TestCaseExecutor.java:235)
	at com.kms.katalon.core.main.TestSuiteExecutor.accessTestCaseMainPhase(TestSuiteExecutor.java:191)
	at com.kms.katalon.core.main.TestSuiteExecutor.accessTestSuiteMainPhase(TestSuiteExecutor.java:141)
	at com.kms.katalon.core.main.TestSuiteExecutor.execute(TestSuiteExecutor.java:90)
	at com.kms.katalon.core.main.TestCaseMain.startTestSuite(TestCaseMain.java:157)
	at com.kms.katalon.core.main.TestCaseMain$startTestSuite$0.call(Unknown Source)
	at TempTestSuite1649228487552.run(TempTestSuite1649228487552.groovy:39)
Caused by: com.kms.katalon.core.exception.StepFailedException: com.kms.katalon.core.webui.exception.WebElementNotFoundException: Web element with id: 'Object Repository/Staging Objects/Page_diagnostics/span_Alerts' located by '//*[(text() = 'Alerts:' or . = 'Alerts:')]' not found
	at com.kms.katalon.core.webui.keyword.internal.WebUIKeywordMain.stepFailed(WebUIKeywordMain.groovy:64)
	at com.kms.katalon.core.webui.keyword.builtin.VerifyElementPresentKeyword$_verifyElementPresent_closure1.doCall(VerifyElementPresentKeyword.groovy:85)
	at com.kms.katalon.core.webui.keyword.builtin.VerifyElementPresentKeyword$_verifyElementPresent_closure1.call(VerifyElementPresentKeyword.groovy)
	at com.kms.katalon.core.webui.keyword.internal.WebUIKeywordMain.runKeyword(WebUIKeywordMain.groovy:20)
	... 19 more
)

2022-04-06 15:11:21 - [MESSAGE][WARNING] - Timeout '0' is invalid. Using default page load timeout: '30'

2022-04-06 15:11:52 - [MESSAGE][INFO] - Unable to find the element located by 'By.xpath: //*[(text() = 'Alerts:' or . = 'Alerts:')]'. Please recheck the objects properties to make sure the desired element is located. 

2022-04-06 15:11:53 - [MESSAGE][FAILED] - com.kms.katalon.core.webui.exception.WebElementNotFoundException: Web element with id: 'Object Repository/Staging Objects/Page_diagnostics/span_Alerts' located by '//*[(text() = 'Alerts:' or . = 'Alerts:')]' not found (Root cause: com.kms.katalon.core.exception.StepFailedException: com.kms.katalon.core.webui.exception.WebElementNotFoundException: Web element with id: 'Object Repository/Staging Objects/Page_diagnostics/span_Alerts' located by '//*[(text() = 'Alerts:' or . = 'Alerts:')]' not found
	at com.kms.katalon.core.webui.keyword.internal.WebUIKeywordMain.stepFailed(WebUIKeywordMain.groovy:64)
	at com.kms.katalon.core.webui.keyword.builtin.VerifyElementPresentKeyword$_verifyElementPresent_closure1.doCall(VerifyElementPresentKeyword.groovy:85)
	at com.kms.katalon.core.webui.keyword.builtin.VerifyElementPresentKeyword$_verifyElementPresent_closure1.call(VerifyElementPresentKeyword.groovy)
	at com.kms.katalon.core.webui.keyword.internal.WebUIKeywordMain.runKeyword(WebUIKeywordMain.groovy:20)
	at com.kms.katalon.core.webui.keyword.builtin.VerifyElementPresentKeyword.verifyElementPresent(VerifyElementPresentKeyword.groovy:92)
	at com.kms.katalon.core.webui.keyword.builtin.VerifyElementPresentKeyword.execute(VerifyElementPresentKeyword.groovy:68)
	at com.kms.katalon.core.keyword.internal.KeywordExecutor.executeKeywordForPlatform(KeywordExecutor.groovy:73)
	at com.kms.katalon.core.webui.keyword.WebUiBuiltInKeywords.verifyElementPresent(WebUiBuiltInKeywords.groovy:1461)
	at com.kms.katalon.core.webui.keyword.WebUiBuiltInKeywords$verifyElementPresent$9.call(Unknown Source)
	at TC_DETAILS_UI_022.run(TC_DETAILS_UI_022:22)
	at com.kms.katalon.core.main.ScriptEngine.run(ScriptEngine.java:194)
	at com.kms.katalon.core.main.ScriptEngine.runScriptAsRawText(ScriptEngine.java:119)
	at com.kms.katalon.core.main.TestCaseExecutor.runScript(TestCaseExecutor.java:339)
	at com.kms.katalon.core.main.TestCaseExecutor.doExecute(TestCaseExecutor.java:330)
	at com.kms.katalon.core.main.TestCaseExecutor.processExecutionPhase(TestCaseExecutor.java:309)
	at com.kms.katalon.core.main.TestCaseExecutor.accessMainPhase(TestCaseExecutor.java:301)
	at com.kms.katalon.core.main.TestCaseExecutor.execute(TestCaseExecutor.java:235)
	at com.kms.katalon.core.main.TestSuiteExecutor.accessTestCaseMainPhase(TestSuiteExecutor.java:191)
	at com.kms.katalon.core.main.TestSuiteExecutor.accessTestSuiteMainPhase(TestSuiteExecutor.java:141)
	at com.kms.katalon.core.main.TestSuiteExecutor.execute(TestSuiteExecutor.java:90)
	at com.kms.katalon.core.main.TestCaseMain.startTestSuite(TestCaseMain.java:157)
	at com.kms.katalon.core.main.TestCaseMain$startTestSuite$0.call(Unknown Source)
	at TempTestSuite1649228487552.run(TempTestSuite1649228487552.groovy:39)
)
[[ATTACHMENT|K:\\Work\\GitHub\\find-item-detail-test_v2\\Reports\\20220406_150127\\Item detail test\\20220406_150127\\1649229112835.png]]

2022-04-06 15:11:53 - [MESSAGE][FAILED] - Unable to verify object 'Object Repository/Staging Objects/Page_diagnostics/span_Alerts' is present (Root cause: com.kms.katalon.core.exception.StepFailedException: Unable to verify object 'Object Repository/Staging Objects/Page_diagnostics/span_Alerts' is present
	at com.kms.katalon.core.webui.keyword.internal.WebUIKeywordMain.stepFailed(WebUIKeywordMain.groovy:64)
	at com.kms.katalon.core.webui.keyword.internal.WebUIKeywordMain.runKeyword(WebUIKeywordMain.groovy:26)
	at com.kms.katalon.core.webui.keyword.builtin.VerifyElementPresentKeyword.verifyElementPresent(VerifyElementPresentKeyword.groovy:92)
	at com.kms.katalon.core.webui.keyword.builtin.VerifyElementPresentKeyword.execute(VerifyElementPresentKeyword.groovy:68)
	at com.kms.katalon.core.keyword.internal.KeywordExecutor.executeKeywordForPlatform(KeywordExecutor.groovy:73)
	at com.kms.katalon.core.webui.keyword.WebUiBuiltInKeywords.verifyElementPresent(WebUiBuiltInKeywords.groovy:1461)
	at com.kms.katalon.core.webui.keyword.WebUiBuiltInKeywords$verifyElementPresent$9.call(Unknown Source)
	at TC_DETAILS_UI_022.run(TC_DETAILS_UI_022:22)
	at com.kms.katalon.core.main.ScriptEngine.run(ScriptEngine.java:194)
	at com.kms.katalon.core.main.ScriptEngine.runScriptAsRawText(ScriptEngine.java:119)
	at com.kms.katalon.core.main.TestCaseExecutor.runScript(TestCaseExecutor.java:339)
	at com.kms.katalon.core.main.TestCaseExecutor.doExecute(TestCaseExecutor.java:330)
	at com.kms.katalon.core.main.TestCaseExecutor.processExecutionPhase(TestCaseExecutor.java:309)
	at com.kms.katalon.core.main.TestCaseExecutor.accessMainPhase(TestCaseExecutor.java:301)
	at com.kms.katalon.core.main.TestCaseExecutor.execute(TestCaseExecutor.java:235)
	at com.kms.katalon.core.main.TestSuiteExecutor.accessTestCaseMainPhase(TestSuiteExecutor.java:191)
	at com.kms.katalon.core.main.TestSuiteExecutor.accessTestSuiteMainPhase(TestSuiteExecutor.java:141)
	at com.kms.katalon.core.main.TestSuiteExecutor.execute(TestSuiteExecutor.java:90)
	at com.kms.katalon.core.main.TestCaseMain.startTestSuite(TestCaseMain.java:157)
	at com.kms.katalon.core.main.TestCaseMain$startTestSuite$0.call(Unknown Source)
	at TempTestSuite1649228487552.run(TempTestSuite1649228487552.groovy:39)
Caused by: com.kms.katalon.core.exception.StepFailedException: com.kms.katalon.core.webui.exception.WebElementNotFoundException: Web element with id: 'Object Repository/Staging Objects/Page_diagnostics/span_Alerts' located by '//*[(text() = 'Alerts:' or . = 'Alerts:')]' not found
	at com.kms.katalon.core.webui.keyword.internal.WebUIKeywordMain.stepFailed(WebUIKeywordMain.groovy:64)
	at com.kms.katalon.core.webui.keyword.builtin.VerifyElementPresentKeyword$_verifyElementPresent_closure1.doCall(VerifyElementPresentKeyword.groovy:85)
	at com.kms.katalon.core.webui.keyword.builtin.VerifyElementPresentKeyword$_verifyElementPresent_closure1.call(VerifyElementPresentKeyword.groovy)
	at com.kms.katalon.core.webui.keyword.internal.WebUIKeywordMain.runKeyword(WebUIKeywordMain.groovy:20)
	... 19 more
)
[[ATTACHMENT|K:\\Work\\GitHub\\find-item-detail-test_v2\\Reports\\20220406_150127\\Item detail test\\20220406_150127\\1649229113005.png]]]]></system-out>
         <system-err><![CDATA[2022-04-06 15:10:32 - [TEST_CASE][FAILED] - Test Cases/Custom Item Details/TEST CASE/TC_DETAILS_UI_022: Test Cases/Custom Item Details/TEST CASE/TC_DETAILS_UI_022 FAILED.
Reason:
com.kms.katalon.core.exception.StepFailedException: Unable to verify object 'Object Repository/Staging Objects/Page_diagnostics/span_Alerts' is present
	at com.kms.katalon.core.webui.keyword.internal.WebUIKeywordMain.stepFailed(WebUIKeywordMain.groovy:64)
	at com.kms.katalon.core.webui.keyword.internal.WebUIKeywordMain.runKeyword(WebUIKeywordMain.groovy:26)
	at com.kms.katalon.core.webui.keyword.builtin.VerifyElementPresentKeyword.verifyElementPresent(VerifyElementPresentKeyword.groovy:92)
	at com.kms.katalon.core.webui.keyword.builtin.VerifyElementPresentKeyword.execute(VerifyElementPresentKeyword.groovy:68)
	at com.kms.katalon.core.keyword.internal.KeywordExecutor.executeKeywordForPlatform(KeywordExecutor.groovy:73)
	at com.kms.katalon.core.webui.keyword.WebUiBuiltInKeywords.verifyElementPresent(WebUiBuiltInKeywords.groovy:1461)
	at com.kms.katalon.core.webui.keyword.WebUiBuiltInKeywords$verifyElementPresent$9.call(Unknown Source)
	at TC_DETAILS_UI_022.run(TC_DETAILS_UI_022:22)
	at com.kms.katalon.core.main.ScriptEngine.run(ScriptEngine.java:194)
	at com.kms.katalon.core.main.ScriptEngine.runScriptAsRawText(ScriptEngine.java:119)
	at com.kms.katalon.core.main.TestCaseExecutor.runScript(TestCaseExecutor.java:339)
	at com.kms.katalon.core.main.TestCaseExecutor.doExecute(TestCaseExecutor.java:330)
	at com.kms.katalon.core.main.TestCaseExecutor.processExecutionPhase(TestCaseExecutor.java:309)
	at com.kms.katalon.core.main.TestCaseExecutor.accessMainPhase(TestCaseExecutor.java:301)
	at com.kms.katalon.core.main.TestCaseExecutor.execute(TestCaseExecutor.java:235)
	at com.kms.katalon.core.main.TestSuiteExecutor.accessTestCaseMainPhase(TestSuiteExecutor.java:191)
	at com.kms.katalon.core.main.TestSuiteExecutor.accessTestSuiteMainPhase(TestSuiteExecutor.java:141)
	at com.kms.katalon.core.main.TestSuiteExecutor.execute(TestSuiteExecutor.java:90)
	at com.kms.katalon.core.main.TestCaseMain.startTestSuite(TestCaseMain.java:157)
	at com.kms.katalon.core.main.TestCaseMain$startTestSuite$0.call(Unknown Source)
	at TempTestSuite1649228487552.run(TempTestSuite1649228487552.groovy:39)
Caused by: com.kms.katalon.core.exception.StepFailedException: com.kms.katalon.core.webui.exception.WebElementNotFoundException: Web element with id: 'Object Repository/Staging Objects/Page_diagnostics/span_Alerts' located by '//*[(text() = 'Alerts:' or . = 'Alerts:')]' not found
	at com.kms.katalon.core.webui.keyword.internal.WebUIKeywordMain.stepFailed(WebUIKeywordMain.groovy:64)
	at com.kms.katalon.core.webui.keyword.builtin.VerifyElementPresentKeyword$_verifyElementPresent_closure1.doCall(VerifyElementPresentKeyword.groovy:85)
	at com.kms.katalon.core.webui.keyword.builtin.VerifyElementPresentKeyword$_verifyElementPresent_closure1.call(VerifyElementPresentKeyword.groovy)
	at com.kms.katalon.core.webui.keyword.internal.WebUIKeywordMain.runKeyword(WebUIKeywordMain.groovy:20)
	... 19 more]]></system-err>
      </testcase>
      <testcase name="Test Cases/Custom Item Details/TEST CASE/TC_DETAILS_UI_023" time="79.906" classname="Test Cases/Custom Item Details/TEST CASE/TC_DETAILS_UI_023" status="FAILED">
         <failure type="FAILED" message="Test Cases/Custom Item Details/TEST CASE/TC_DETAILS_UI_023 FAILED.
Reason:
com.kms.katalon.core.exception.StepFailedException: Unable to verify object 'Object Repository/Staging Objects/Page_diagnostics/span_Coding of the meter' is present
	at com.kms.katalon.core.webui.keyword.internal.WebUIKeywordMain.stepFailed(WebUIKeywordMain.groovy:64)
	at com.kms.katalon.core.webui.keyword.internal.WebUIKeywordMain.runKeyword(WebUIKeywordMain.groovy:26)
	at com.kms.katalon.core.webui.keyword.builtin.VerifyElementPresentKeyword.verifyElementPresent(VerifyElementPresentKeyword.groovy:92)
	at com.kms.katalon.core.webui.keyword.builtin.VerifyElementPresentKeyword.execute(VerifyElementPresentKeyword.groovy:68)
	at com.kms.katalon.core.keyword.internal.KeywordExecutor.executeKeywordForPlatform(KeywordExecutor.groovy:73)
	at com.kms.katalon.core.webui.keyword.WebUiBuiltInKeywords.verifyElementPresent(WebUiBuiltInKeywords.groovy:1461)
	at com.kms.katalon.core.webui.keyword.WebUiBuiltInKeywords$verifyElementPresent$9.call(Unknown Source)
	at TC_DETAILS_UI_023.run(TC_DETAILS_UI_023:22)
	at com.kms.katalon.core.main.ScriptEngine.run(ScriptEngine.java:194)
	at com.kms.katalon.core.main.ScriptEngine.runScriptAsRawText(ScriptEngine.java:119)
	at com.kms.katalon.core.main.TestCaseExecutor.runScript(TestCaseExecutor.java:339)
	at com.kms.katalon.core.main.TestCaseExecutor.doExecute(TestCaseExecutor.java:330)
	at com.kms.katalon.core.main.TestCaseExecutor.processExecutionPhase(TestCaseExecutor.java:309)
	at com.kms.katalon.core.main.TestCaseExecutor.accessMainPhase(TestCaseExecutor.java:301)
	at com.kms.katalon.core.main.TestCaseExecutor.execute(TestCaseExecutor.java:235)
	at com.kms.katalon.core.main.TestSuiteExecutor.accessTestCaseMainPhase(TestSuiteExecutor.java:191)
	at com.kms.katalon.core.main.TestSuiteExecutor.accessTestSuiteMainPhase(TestSuiteExecutor.java:141)
	at com.kms.katalon.core.main.TestSuiteExecutor.execute(TestSuiteExecutor.java:90)
	at com.kms.katalon.core.main.TestCaseMain.startTestSuite(TestCaseMain.java:157)
	at com.kms.katalon.core.main.TestCaseMain$startTestSuite$0.call(Unknown Source)
	at TempTestSuite1649228487552.run(TempTestSuite1649228487552.groovy:39)
Caused by: com.kms.katalon.core.exception.StepFailedException: com.kms.katalon.core.webui.exception.WebElementNotFoundException: Web element with id: 'Object Repository/Staging Objects/Page_diagnostics/span_Coding of the meter' located by '//div[@id='tab-desc3']/div[2]/div[7]/span' not found
	at com.kms.katalon.core.webui.keyword.internal.WebUIKeywordMain.stepFailed(WebUIKeywordMain.groovy:64)
	at com.kms.katalon.core.webui.keyword.builtin.VerifyElementPresentKeyword$_verifyElementPresent_closure1.doCall(VerifyElementPresentKeyword.groovy:85)
	at com.kms.katalon.core.webui.keyword.builtin.VerifyElementPresentKeyword$_verifyElementPresent_closure1.call(VerifyElementPresentKeyword.groovy)
	at com.kms.katalon.core.webui.keyword.internal.WebUIKeywordMain.runKeyword(WebUIKeywordMain.groovy:20)
	... 19 more
"/>
         <system-out><![CDATA[2022-04-06 15:11:53 - [TEST_CASE][FAILED] - Test Cases/Custom Item Details/TEST CASE/TC_DETAILS_UI_023: Test Cases/Custom Item Details/TEST CASE/TC_DETAILS_UI_023 FAILED.
Reason:
com.kms.katalon.core.exception.StepFailedException: Unable to verify object 'Object Repository/Staging Objects/Page_diagnostics/span_Coding of the meter' is present
	at com.kms.katalon.core.webui.keyword.internal.WebUIKeywordMain.stepFailed(WebUIKeywordMain.groovy:64)
	at com.kms.katalon.core.webui.keyword.internal.WebUIKeywordMain.runKeyword(WebUIKeywordMain.groovy:26)
	at com.kms.katalon.core.webui.keyword.builtin.VerifyElementPresentKeyword.verifyElementPresent(VerifyElementPresentKeyword.groovy:92)
	at com.kms.katalon.core.webui.keyword.builtin.VerifyElementPresentKeyword.execute(VerifyElementPresentKeyword.groovy:68)
	at com.kms.katalon.core.keyword.internal.KeywordExecutor.executeKeywordForPlatform(KeywordExecutor.groovy:73)
	at com.kms.katalon.core.webui.keyword.WebUiBuiltInKeywords.verifyElementPresent(WebUiBuiltInKeywords.groovy:1461)
	at com.kms.katalon.core.webui.keyword.WebUiBuiltInKeywords$verifyElementPresent$9.call(Unknown Source)
	at TC_DETAILS_UI_023.run(TC_DETAILS_UI_023:22)
	at com.kms.katalon.core.main.ScriptEngine.run(ScriptEngine.java:194)
	at com.kms.katalon.core.main.ScriptEngine.runScriptAsRawText(ScriptEngine.java:119)
	at com.kms.katalon.core.main.TestCaseExecutor.runScript(TestCaseExecutor.java:339)
	at com.kms.katalon.core.main.TestCaseExecutor.doExecute(TestCaseExecutor.java:330)
	at com.kms.katalon.core.main.TestCaseExecutor.processExecutionPhase(TestCaseExecutor.java:309)
	at com.kms.katalon.core.main.TestCaseExecutor.accessMainPhase(TestCaseExecutor.java:301)
	at com.kms.katalon.core.main.TestCaseExecutor.execute(TestCaseExecutor.java:235)
	at com.kms.katalon.core.main.TestSuiteExecutor.accessTestCaseMainPhase(TestSuiteExecutor.java:191)
	at com.kms.katalon.core.main.TestSuiteExecutor.accessTestSuiteMainPhase(TestSuiteExecutor.java:141)
	at com.kms.katalon.core.main.TestSuiteExecutor.execute(TestSuiteExecutor.java:90)
	at com.kms.katalon.core.main.TestCaseMain.startTestSuite(TestCaseMain.java:157)
	at com.kms.katalon.core.main.TestCaseMain$startTestSuite$0.call(Unknown Source)
	at TempTestSuite1649228487552.run(TempTestSuite1649228487552.groovy:39)
Caused by: com.kms.katalon.core.exception.StepFailedException: com.kms.katalon.core.webui.exception.WebElementNotFoundException: Web element with id: 'Object Repository/Staging Objects/Page_diagnostics/span_Coding of the meter' located by '//div[@id='tab-desc3']/div[2]/div[7]/span' not found
	at com.kms.katalon.core.webui.keyword.internal.WebUIKeywordMain.stepFailed(WebUIKeywordMain.groovy:64)
	at com.kms.katalon.core.webui.keyword.builtin.VerifyElementPresentKeyword$_verifyElementPresent_closure1.doCall(VerifyElementPresentKeyword.groovy:85)
	at com.kms.katalon.core.webui.keyword.builtin.VerifyElementPresentKeyword$_verifyElementPresent_closure1.call(VerifyElementPresentKeyword.groovy)
	at com.kms.katalon.core.webui.keyword.internal.WebUIKeywordMain.runKeyword(WebUIKeywordMain.groovy:20)
	... 19 more


2022-04-06 15:11:53 - [TEST_STEP][PASSED] - callTestCase(findTestCase("Custom Item Details/UTILITIES/OPEN_BROWSER"), [:], STOP_ON_FAILURE): Call Test Case 'Test Cases/Custom Item Details/UTILITIES/OPEN_BROWSER' successfully

2022-04-06 15:11:53 - [TEST_CASE][PASSED] - Test Cases/Custom Item Details/UTILITIES/OPEN_BROWSER: Test Cases/Custom Item Details/UTILITIES/OPEN_BROWSER

2022-04-06 15:11:53 - [TEST_STEP][PASSED] - openBrowser("https://diagnostics.staging.arcadier.io/"): Browser is opened with url: 'https://diagnostics.staging.arcadier.io/'

2022-04-06 15:11:53 - [MESSAGE][WARNING] - A browser is already opened. Closing browser and opening a new one

2022-04-06 15:11:54 - [MESSAGE][INFO] - Starting 'Chrome' driver

2022-04-06 15:11:54 - [MESSAGE][INFO] - Action delay is set to 0 milliseconds

2022-04-06 15:11:57 - [MESSAGE][PASSED] - Browser is opened with url: 'https://diagnostics.staging.arcadier.io/'

2022-04-06 15:11:57 - [TEST_STEP][PASSED] - maximizeWindow(): Current window maximized

2022-04-06 15:11:57 - [MESSAGE][PASSED] - Current window maximized

2022-04-06 15:11:57 - [TEST_STEP][PASSED] - click(findTestObject("Item Details Objects/Page_diagnostics/a_Accept Cookies")): Object: 'Object Repository/Item Details Objects/Page_diagnostics/a_Accept Cookies' is clicked on

2022-04-06 15:11:58 - [MESSAGE][PASSED] - Object: 'Object Repository/Item Details Objects/Page_diagnostics/a_Accept Cookies' is clicked on

2022-04-06 15:11:58 - [TEST_STEP][PASSED] - click(findTestObject("Staging Objects/Page_diagnostics/a_DIABETES DIAGNOSTICS"), STOP_ON_FAILURE): Object: 'Object Repository/Staging Objects/Page_diagnostics/a_DIABETES DIAGNOSTICS' is clicked on

2022-04-06 15:12:01 - [MESSAGE][PASSED] - Object: 'Object Repository/Staging Objects/Page_diagnostics/a_DIABETES DIAGNOSTICS' is clicked on

2022-04-06 15:12:01 - [TEST_STEP][PASSED] - mouseOver(findTestObject("Staging Objects/Page_diagnostics/a_CareSens N Eco Blood Glucose Meter")): Object: 'Object Repository/Staging Objects/Page_diagnostics/a_CareSens N Eco Blood Glucose Meter' is hovered

2022-04-06 15:12:05 - [MESSAGE][PASSED] - Object: 'Object Repository/Staging Objects/Page_diagnostics/a_CareSens N Eco Blood Glucose Meter' is hovered

2022-04-06 15:12:05 - [TEST_STEP][PASSED] - click(findTestObject("Staging Objects/Page_diagnostics/a_CareSens N Eco Blood Glucose Meter")): Object: 'Object Repository/Staging Objects/Page_diagnostics/a_CareSens N Eco Blood Glucose Meter' is clicked on

2022-04-06 15:12:10 - [MESSAGE][PASSED] - Object: 'Object Repository/Staging Objects/Page_diagnostics/a_CareSens N Eco Blood Glucose Meter' is clicked on

2022-04-06 15:12:10 - [MESSAGE][PASSED] - Call Test Case 'Test Cases/Custom Item Details/UTILITIES/OPEN_BROWSER' successfully

2022-04-06 15:12:10 - [TEST_STEP][PASSED] - waitForElementVisible(findTestObject("Staging Objects/Page_diagnostics/span_Coding of the meter"), 0): Web element with id: 'Object Repository/Staging Objects/Page_diagnostics/span_Coding of the meter' located by '//div[@id='tab-desc3']/div[2]/div[7]/span' not found

2022-04-06 15:12:10 - [MESSAGE][WARNING] - Timeout '0' is invalid. Using default page load timeout: '30'

2022-04-06 15:12:41 - [MESSAGE][INFO] - Unable to find the element located by 'By.xpath: //div[@id='tab-desc3']/div[2]/div[7]/span'. Please recheck the objects properties to make sure the desired element is located. 

2022-04-06 15:12:41 - [MESSAGE][WARNING] - Web element with id: 'Object Repository/Staging Objects/Page_diagnostics/span_Coding of the meter' located by '//div[@id='tab-desc3']/div[2]/div[7]/span' not found

2022-04-06 15:12:41 - [TEST_STEP][FAILED] - verifyElementPresent(findTestObject("Staging Objects/Page_diagnostics/span_Coding of the meter"), 0): Unable to verify object 'Object Repository/Staging Objects/Page_diagnostics/span_Coding of the meter' is present (Root cause: com.kms.katalon.core.exception.StepFailedException: Unable to verify object 'Object Repository/Staging Objects/Page_diagnostics/span_Coding of the meter' is present
	at com.kms.katalon.core.webui.keyword.internal.WebUIKeywordMain.stepFailed(WebUIKeywordMain.groovy:64)
	at com.kms.katalon.core.webui.keyword.internal.WebUIKeywordMain.runKeyword(WebUIKeywordMain.groovy:26)
	at com.kms.katalon.core.webui.keyword.builtin.VerifyElementPresentKeyword.verifyElementPresent(VerifyElementPresentKeyword.groovy:92)
	at com.kms.katalon.core.webui.keyword.builtin.VerifyElementPresentKeyword.execute(VerifyElementPresentKeyword.groovy:68)
	at com.kms.katalon.core.keyword.internal.KeywordExecutor.executeKeywordForPlatform(KeywordExecutor.groovy:73)
	at com.kms.katalon.core.webui.keyword.WebUiBuiltInKeywords.verifyElementPresent(WebUiBuiltInKeywords.groovy:1461)
	at com.kms.katalon.core.webui.keyword.WebUiBuiltInKeywords$verifyElementPresent$9.call(Unknown Source)
	at TC_DETAILS_UI_023.run(TC_DETAILS_UI_023:22)
	at com.kms.katalon.core.main.ScriptEngine.run(ScriptEngine.java:194)
	at com.kms.katalon.core.main.ScriptEngine.runScriptAsRawText(ScriptEngine.java:119)
	at com.kms.katalon.core.main.TestCaseExecutor.runScript(TestCaseExecutor.java:339)
	at com.kms.katalon.core.main.TestCaseExecutor.doExecute(TestCaseExecutor.java:330)
	at com.kms.katalon.core.main.TestCaseExecutor.processExecutionPhase(TestCaseExecutor.java:309)
	at com.kms.katalon.core.main.TestCaseExecutor.accessMainPhase(TestCaseExecutor.java:301)
	at com.kms.katalon.core.main.TestCaseExecutor.execute(TestCaseExecutor.java:235)
	at com.kms.katalon.core.main.TestSuiteExecutor.accessTestCaseMainPhase(TestSuiteExecutor.java:191)
	at com.kms.katalon.core.main.TestSuiteExecutor.accessTestSuiteMainPhase(TestSuiteExecutor.java:141)
	at com.kms.katalon.core.main.TestSuiteExecutor.execute(TestSuiteExecutor.java:90)
	at com.kms.katalon.core.main.TestCaseMain.startTestSuite(TestCaseMain.java:157)
	at com.kms.katalon.core.main.TestCaseMain$startTestSuite$0.call(Unknown Source)
	at TempTestSuite1649228487552.run(TempTestSuite1649228487552.groovy:39)
Caused by: com.kms.katalon.core.exception.StepFailedException: com.kms.katalon.core.webui.exception.WebElementNotFoundException: Web element with id: 'Object Repository/Staging Objects/Page_diagnostics/span_Coding of the meter' located by '//div[@id='tab-desc3']/div[2]/div[7]/span' not found
	at com.kms.katalon.core.webui.keyword.internal.WebUIKeywordMain.stepFailed(WebUIKeywordMain.groovy:64)
	at com.kms.katalon.core.webui.keyword.builtin.VerifyElementPresentKeyword$_verifyElementPresent_closure1.doCall(VerifyElementPresentKeyword.groovy:85)
	at com.kms.katalon.core.webui.keyword.builtin.VerifyElementPresentKeyword$_verifyElementPresent_closure1.call(VerifyElementPresentKeyword.groovy)
	at com.kms.katalon.core.webui.keyword.internal.WebUIKeywordMain.runKeyword(WebUIKeywordMain.groovy:20)
	... 19 more
)

2022-04-06 15:12:41 - [MESSAGE][WARNING] - Timeout '0' is invalid. Using default page load timeout: '30'

2022-04-06 15:13:12 - [MESSAGE][INFO] - Unable to find the element located by 'By.xpath: //div[@id='tab-desc3']/div[2]/div[7]/span'. Please recheck the objects properties to make sure the desired element is located. 

2022-04-06 15:13:12 - [MESSAGE][FAILED] - com.kms.katalon.core.webui.exception.WebElementNotFoundException: Web element with id: 'Object Repository/Staging Objects/Page_diagnostics/span_Coding of the meter' located by '//div[@id='tab-desc3']/div[2]/div[7]/span' not found (Root cause: com.kms.katalon.core.exception.StepFailedException: com.kms.katalon.core.webui.exception.WebElementNotFoundException: Web element with id: 'Object Repository/Staging Objects/Page_diagnostics/span_Coding of the meter' located by '//div[@id='tab-desc3']/div[2]/div[7]/span' not found
	at com.kms.katalon.core.webui.keyword.internal.WebUIKeywordMain.stepFailed(WebUIKeywordMain.groovy:64)
	at com.kms.katalon.core.webui.keyword.builtin.VerifyElementPresentKeyword$_verifyElementPresent_closure1.doCall(VerifyElementPresentKeyword.groovy:85)
	at com.kms.katalon.core.webui.keyword.builtin.VerifyElementPresentKeyword$_verifyElementPresent_closure1.call(VerifyElementPresentKeyword.groovy)
	at com.kms.katalon.core.webui.keyword.internal.WebUIKeywordMain.runKeyword(WebUIKeywordMain.groovy:20)
	at com.kms.katalon.core.webui.keyword.builtin.VerifyElementPresentKeyword.verifyElementPresent(VerifyElementPresentKeyword.groovy:92)
	at com.kms.katalon.core.webui.keyword.builtin.VerifyElementPresentKeyword.execute(VerifyElementPresentKeyword.groovy:68)
	at com.kms.katalon.core.keyword.internal.KeywordExecutor.executeKeywordForPlatform(KeywordExecutor.groovy:73)
	at com.kms.katalon.core.webui.keyword.WebUiBuiltInKeywords.verifyElementPresent(WebUiBuiltInKeywords.groovy:1461)
	at com.kms.katalon.core.webui.keyword.WebUiBuiltInKeywords$verifyElementPresent$9.call(Unknown Source)
	at TC_DETAILS_UI_023.run(TC_DETAILS_UI_023:22)
	at com.kms.katalon.core.main.ScriptEngine.run(ScriptEngine.java:194)
	at com.kms.katalon.core.main.ScriptEngine.runScriptAsRawText(ScriptEngine.java:119)
	at com.kms.katalon.core.main.TestCaseExecutor.runScript(TestCaseExecutor.java:339)
	at com.kms.katalon.core.main.TestCaseExecutor.doExecute(TestCaseExecutor.java:330)
	at com.kms.katalon.core.main.TestCaseExecutor.processExecutionPhase(TestCaseExecutor.java:309)
	at com.kms.katalon.core.main.TestCaseExecutor.accessMainPhase(TestCaseExecutor.java:301)
	at com.kms.katalon.core.main.TestCaseExecutor.execute(TestCaseExecutor.java:235)
	at com.kms.katalon.core.main.TestSuiteExecutor.accessTestCaseMainPhase(TestSuiteExecutor.java:191)
	at com.kms.katalon.core.main.TestSuiteExecutor.accessTestSuiteMainPhase(TestSuiteExecutor.java:141)
	at com.kms.katalon.core.main.TestSuiteExecutor.execute(TestSuiteExecutor.java:90)
	at com.kms.katalon.core.main.TestCaseMain.startTestSuite(TestCaseMain.java:157)
	at com.kms.katalon.core.main.TestCaseMain$startTestSuite$0.call(Unknown Source)
	at TempTestSuite1649228487552.run(TempTestSuite1649228487552.groovy:39)
)
[[ATTACHMENT|K:\\Work\\GitHub\\find-item-detail-test_v2\\Reports\\20220406_150127\\Item detail test\\20220406_150127\\1649229192764.png]]

2022-04-06 15:13:13 - [MESSAGE][FAILED] - Unable to verify object 'Object Repository/Staging Objects/Page_diagnostics/span_Coding of the meter' is present (Root cause: com.kms.katalon.core.exception.StepFailedException: Unable to verify object 'Object Repository/Staging Objects/Page_diagnostics/span_Coding of the meter' is present
	at com.kms.katalon.core.webui.keyword.internal.WebUIKeywordMain.stepFailed(WebUIKeywordMain.groovy:64)
	at com.kms.katalon.core.webui.keyword.internal.WebUIKeywordMain.runKeyword(WebUIKeywordMain.groovy:26)
	at com.kms.katalon.core.webui.keyword.builtin.VerifyElementPresentKeyword.verifyElementPresent(VerifyElementPresentKeyword.groovy:92)
	at com.kms.katalon.core.webui.keyword.builtin.VerifyElementPresentKeyword.execute(VerifyElementPresentKeyword.groovy:68)
	at com.kms.katalon.core.keyword.internal.KeywordExecutor.executeKeywordForPlatform(KeywordExecutor.groovy:73)
	at com.kms.katalon.core.webui.keyword.WebUiBuiltInKeywords.verifyElementPresent(WebUiBuiltInKeywords.groovy:1461)
	at com.kms.katalon.core.webui.keyword.WebUiBuiltInKeywords$verifyElementPresent$9.call(Unknown Source)
	at TC_DETAILS_UI_023.run(TC_DETAILS_UI_023:22)
	at com.kms.katalon.core.main.ScriptEngine.run(ScriptEngine.java:194)
	at com.kms.katalon.core.main.ScriptEngine.runScriptAsRawText(ScriptEngine.java:119)
	at com.kms.katalon.core.main.TestCaseExecutor.runScript(TestCaseExecutor.java:339)
	at com.kms.katalon.core.main.TestCaseExecutor.doExecute(TestCaseExecutor.java:330)
	at com.kms.katalon.core.main.TestCaseExecutor.processExecutionPhase(TestCaseExecutor.java:309)
	at com.kms.katalon.core.main.TestCaseExecutor.accessMainPhase(TestCaseExecutor.java:301)
	at com.kms.katalon.core.main.TestCaseExecutor.execute(TestCaseExecutor.java:235)
	at com.kms.katalon.core.main.TestSuiteExecutor.accessTestCaseMainPhase(TestSuiteExecutor.java:191)
	at com.kms.katalon.core.main.TestSuiteExecutor.accessTestSuiteMainPhase(TestSuiteExecutor.java:141)
	at com.kms.katalon.core.main.TestSuiteExecutor.execute(TestSuiteExecutor.java:90)
	at com.kms.katalon.core.main.TestCaseMain.startTestSuite(TestCaseMain.java:157)
	at com.kms.katalon.core.main.TestCaseMain$startTestSuite$0.call(Unknown Source)
	at TempTestSuite1649228487552.run(TempTestSuite1649228487552.groovy:39)
Caused by: com.kms.katalon.core.exception.StepFailedException: com.kms.katalon.core.webui.exception.WebElementNotFoundException: Web element with id: 'Object Repository/Staging Objects/Page_diagnostics/span_Coding of the meter' located by '//div[@id='tab-desc3']/div[2]/div[7]/span' not found
	at com.kms.katalon.core.webui.keyword.internal.WebUIKeywordMain.stepFailed(WebUIKeywordMain.groovy:64)
	at com.kms.katalon.core.webui.keyword.builtin.VerifyElementPresentKeyword$_verifyElementPresent_closure1.doCall(VerifyElementPresentKeyword.groovy:85)
	at com.kms.katalon.core.webui.keyword.builtin.VerifyElementPresentKeyword$_verifyElementPresent_closure1.call(VerifyElementPresentKeyword.groovy)
	at com.kms.katalon.core.webui.keyword.internal.WebUIKeywordMain.runKeyword(WebUIKeywordMain.groovy:20)
	... 19 more
)
[[ATTACHMENT|K:\\Work\\GitHub\\find-item-detail-test_v2\\Reports\\20220406_150127\\Item detail test\\20220406_150127\\1649229192911.png]]]]></system-out>
         <system-err><![CDATA[2022-04-06 15:11:53 - [TEST_CASE][FAILED] - Test Cases/Custom Item Details/TEST CASE/TC_DETAILS_UI_023: Test Cases/Custom Item Details/TEST CASE/TC_DETAILS_UI_023 FAILED.
Reason:
com.kms.katalon.core.exception.StepFailedException: Unable to verify object 'Object Repository/Staging Objects/Page_diagnostics/span_Coding of the meter' is present
	at com.kms.katalon.core.webui.keyword.internal.WebUIKeywordMain.stepFailed(WebUIKeywordMain.groovy:64)
	at com.kms.katalon.core.webui.keyword.internal.WebUIKeywordMain.runKeyword(WebUIKeywordMain.groovy:26)
	at com.kms.katalon.core.webui.keyword.builtin.VerifyElementPresentKeyword.verifyElementPresent(VerifyElementPresentKeyword.groovy:92)
	at com.kms.katalon.core.webui.keyword.builtin.VerifyElementPresentKeyword.execute(VerifyElementPresentKeyword.groovy:68)
	at com.kms.katalon.core.keyword.internal.KeywordExecutor.executeKeywordForPlatform(KeywordExecutor.groovy:73)
	at com.kms.katalon.core.webui.keyword.WebUiBuiltInKeywords.verifyElementPresent(WebUiBuiltInKeywords.groovy:1461)
	at com.kms.katalon.core.webui.keyword.WebUiBuiltInKeywords$verifyElementPresent$9.call(Unknown Source)
	at TC_DETAILS_UI_023.run(TC_DETAILS_UI_023:22)
	at com.kms.katalon.core.main.ScriptEngine.run(ScriptEngine.java:194)
	at com.kms.katalon.core.main.ScriptEngine.runScriptAsRawText(ScriptEngine.java:119)
	at com.kms.katalon.core.main.TestCaseExecutor.runScript(TestCaseExecutor.java:339)
	at com.kms.katalon.core.main.TestCaseExecutor.doExecute(TestCaseExecutor.java:330)
	at com.kms.katalon.core.main.TestCaseExecutor.processExecutionPhase(TestCaseExecutor.java:309)
	at com.kms.katalon.core.main.TestCaseExecutor.accessMainPhase(TestCaseExecutor.java:301)
	at com.kms.katalon.core.main.TestCaseExecutor.execute(TestCaseExecutor.java:235)
	at com.kms.katalon.core.main.TestSuiteExecutor.accessTestCaseMainPhase(TestSuiteExecutor.java:191)
	at com.kms.katalon.core.main.TestSuiteExecutor.accessTestSuiteMainPhase(TestSuiteExecutor.java:141)
	at com.kms.katalon.core.main.TestSuiteExecutor.execute(TestSuiteExecutor.java:90)
	at com.kms.katalon.core.main.TestCaseMain.startTestSuite(TestCaseMain.java:157)
	at com.kms.katalon.core.main.TestCaseMain$startTestSuite$0.call(Unknown Source)
	at TempTestSuite1649228487552.run(TempTestSuite1649228487552.groovy:39)
Caused by: com.kms.katalon.core.exception.StepFailedException: com.kms.katalon.core.webui.exception.WebElementNotFoundException: Web element with id: 'Object Repository/Staging Objects/Page_diagnostics/span_Coding of the meter' located by '//div[@id='tab-desc3']/div[2]/div[7]/span' not found
	at com.kms.katalon.core.webui.keyword.internal.WebUIKeywordMain.stepFailed(WebUIKeywordMain.groovy:64)
	at com.kms.katalon.core.webui.keyword.builtin.VerifyElementPresentKeyword$_verifyElementPresent_closure1.doCall(VerifyElementPresentKeyword.groovy:85)
	at com.kms.katalon.core.webui.keyword.builtin.VerifyElementPresentKeyword$_verifyElementPresent_closure1.call(VerifyElementPresentKeyword.groovy)
	at com.kms.katalon.core.webui.keyword.internal.WebUIKeywordMain.runKeyword(WebUIKeywordMain.groovy:20)
	... 19 more]]></system-err>
      </testcase>
      <testcase name="Test Cases/Custom Item Details/TEST CASE/TC_DETAILS_UI_024" time="79.158" classname="Test Cases/Custom Item Details/TEST CASE/TC_DETAILS_UI_024" status="FAILED">
         <failure type="FAILED" message="Test Cases/Custom Item Details/TEST CASE/TC_DETAILS_UI_024 FAILED.
Reason:
com.kms.katalon.core.exception.StepFailedException: Unable to verify object 'Object Repository/Staging Objects/Page_diagnostics/span_Cold chain requirements' is present
	at com.kms.katalon.core.webui.keyword.internal.WebUIKeywordMain.stepFailed(WebUIKeywordMain.groovy:64)
	at com.kms.katalon.core.webui.keyword.internal.WebUIKeywordMain.runKeyword(WebUIKeywordMain.groovy:26)
	at com.kms.katalon.core.webui.keyword.builtin.VerifyElementPresentKeyword.verifyElementPresent(VerifyElementPresentKeyword.groovy:92)
	at com.kms.katalon.core.webui.keyword.builtin.VerifyElementPresentKeyword.execute(VerifyElementPresentKeyword.groovy:68)
	at com.kms.katalon.core.keyword.internal.KeywordExecutor.executeKeywordForPlatform(KeywordExecutor.groovy:73)
	at com.kms.katalon.core.webui.keyword.WebUiBuiltInKeywords.verifyElementPresent(WebUiBuiltInKeywords.groovy:1461)
	at com.kms.katalon.core.webui.keyword.WebUiBuiltInKeywords$verifyElementPresent$9.call(Unknown Source)
	at TC_DETAILS_UI_024.run(TC_DETAILS_UI_024:22)
	at com.kms.katalon.core.main.ScriptEngine.run(ScriptEngine.java:194)
	at com.kms.katalon.core.main.ScriptEngine.runScriptAsRawText(ScriptEngine.java:119)
	at com.kms.katalon.core.main.TestCaseExecutor.runScript(TestCaseExecutor.java:339)
	at com.kms.katalon.core.main.TestCaseExecutor.doExecute(TestCaseExecutor.java:330)
	at com.kms.katalon.core.main.TestCaseExecutor.processExecutionPhase(TestCaseExecutor.java:309)
	at com.kms.katalon.core.main.TestCaseExecutor.accessMainPhase(TestCaseExecutor.java:301)
	at com.kms.katalon.core.main.TestCaseExecutor.execute(TestCaseExecutor.java:235)
	at com.kms.katalon.core.main.TestSuiteExecutor.accessTestCaseMainPhase(TestSuiteExecutor.java:191)
	at com.kms.katalon.core.main.TestSuiteExecutor.accessTestSuiteMainPhase(TestSuiteExecutor.java:141)
	at com.kms.katalon.core.main.TestSuiteExecutor.execute(TestSuiteExecutor.java:90)
	at com.kms.katalon.core.main.TestCaseMain.startTestSuite(TestCaseMain.java:157)
	at com.kms.katalon.core.main.TestCaseMain$startTestSuite$0.call(Unknown Source)
	at TempTestSuite1649228487552.run(TempTestSuite1649228487552.groovy:39)
Caused by: com.kms.katalon.core.exception.StepFailedException: com.kms.katalon.core.webui.exception.WebElementNotFoundException: Web element with id: 'Object Repository/Staging Objects/Page_diagnostics/span_Cold chain requirements' located by '//div[@id='tab-desc4']/div[2]/div[4]/span' not found
	at com.kms.katalon.core.webui.keyword.internal.WebUIKeywordMain.stepFailed(WebUIKeywordMain.groovy:64)
	at com.kms.katalon.core.webui.keyword.builtin.VerifyElementPresentKeyword$_verifyElementPresent_closure1.doCall(VerifyElementPresentKeyword.groovy:85)
	at com.kms.katalon.core.webui.keyword.builtin.VerifyElementPresentKeyword$_verifyElementPresent_closure1.call(VerifyElementPresentKeyword.groovy)
	at com.kms.katalon.core.webui.keyword.internal.WebUIKeywordMain.runKeyword(WebUIKeywordMain.groovy:20)
	... 19 more
"/>
         <system-out><![CDATA[2022-04-06 15:13:13 - [TEST_CASE][FAILED] - Test Cases/Custom Item Details/TEST CASE/TC_DETAILS_UI_024: Test Cases/Custom Item Details/TEST CASE/TC_DETAILS_UI_024 FAILED.
Reason:
com.kms.katalon.core.exception.StepFailedException: Unable to verify object 'Object Repository/Staging Objects/Page_diagnostics/span_Cold chain requirements' is present
	at com.kms.katalon.core.webui.keyword.internal.WebUIKeywordMain.stepFailed(WebUIKeywordMain.groovy:64)
	at com.kms.katalon.core.webui.keyword.internal.WebUIKeywordMain.runKeyword(WebUIKeywordMain.groovy:26)
	at com.kms.katalon.core.webui.keyword.builtin.VerifyElementPresentKeyword.verifyElementPresent(VerifyElementPresentKeyword.groovy:92)
	at com.kms.katalon.core.webui.keyword.builtin.VerifyElementPresentKeyword.execute(VerifyElementPresentKeyword.groovy:68)
	at com.kms.katalon.core.keyword.internal.KeywordExecutor.executeKeywordForPlatform(KeywordExecutor.groovy:73)
	at com.kms.katalon.core.webui.keyword.WebUiBuiltInKeywords.verifyElementPresent(WebUiBuiltInKeywords.groovy:1461)
	at com.kms.katalon.core.webui.keyword.WebUiBuiltInKeywords$verifyElementPresent$9.call(Unknown Source)
	at TC_DETAILS_UI_024.run(TC_DETAILS_UI_024:22)
	at com.kms.katalon.core.main.ScriptEngine.run(ScriptEngine.java:194)
	at com.kms.katalon.core.main.ScriptEngine.runScriptAsRawText(ScriptEngine.java:119)
	at com.kms.katalon.core.main.TestCaseExecutor.runScript(TestCaseExecutor.java:339)
	at com.kms.katalon.core.main.TestCaseExecutor.doExecute(TestCaseExecutor.java:330)
	at com.kms.katalon.core.main.TestCaseExecutor.processExecutionPhase(TestCaseExecutor.java:309)
	at com.kms.katalon.core.main.TestCaseExecutor.accessMainPhase(TestCaseExecutor.java:301)
	at com.kms.katalon.core.main.TestCaseExecutor.execute(TestCaseExecutor.java:235)
	at com.kms.katalon.core.main.TestSuiteExecutor.accessTestCaseMainPhase(TestSuiteExecutor.java:191)
	at com.kms.katalon.core.main.TestSuiteExecutor.accessTestSuiteMainPhase(TestSuiteExecutor.java:141)
	at com.kms.katalon.core.main.TestSuiteExecutor.execute(TestSuiteExecutor.java:90)
	at com.kms.katalon.core.main.TestCaseMain.startTestSuite(TestCaseMain.java:157)
	at com.kms.katalon.core.main.TestCaseMain$startTestSuite$0.call(Unknown Source)
	at TempTestSuite1649228487552.run(TempTestSuite1649228487552.groovy:39)
Caused by: com.kms.katalon.core.exception.StepFailedException: com.kms.katalon.core.webui.exception.WebElementNotFoundException: Web element with id: 'Object Repository/Staging Objects/Page_diagnostics/span_Cold chain requirements' located by '//div[@id='tab-desc4']/div[2]/div[4]/span' not found
	at com.kms.katalon.core.webui.keyword.internal.WebUIKeywordMain.stepFailed(WebUIKeywordMain.groovy:64)
	at com.kms.katalon.core.webui.keyword.builtin.VerifyElementPresentKeyword$_verifyElementPresent_closure1.doCall(VerifyElementPresentKeyword.groovy:85)
	at com.kms.katalon.core.webui.keyword.builtin.VerifyElementPresentKeyword$_verifyElementPresent_closure1.call(VerifyElementPresentKeyword.groovy)
	at com.kms.katalon.core.webui.keyword.internal.WebUIKeywordMain.runKeyword(WebUIKeywordMain.groovy:20)
	... 19 more


2022-04-06 15:13:13 - [TEST_STEP][PASSED] - callTestCase(findTestCase("Custom Item Details/UTILITIES/OPEN_BROWSER"), [:], STOP_ON_FAILURE): Call Test Case 'Test Cases/Custom Item Details/UTILITIES/OPEN_BROWSER' successfully

2022-04-06 15:13:13 - [TEST_CASE][PASSED] - Test Cases/Custom Item Details/UTILITIES/OPEN_BROWSER: Test Cases/Custom Item Details/UTILITIES/OPEN_BROWSER

2022-04-06 15:13:13 - [TEST_STEP][PASSED] - openBrowser("https://diagnostics.staging.arcadier.io/"): Browser is opened with url: 'https://diagnostics.staging.arcadier.io/'

2022-04-06 15:13:13 - [MESSAGE][WARNING] - A browser is already opened. Closing browser and opening a new one

2022-04-06 15:13:14 - [MESSAGE][INFO] - Starting 'Chrome' driver

2022-04-06 15:13:14 - [MESSAGE][INFO] - Action delay is set to 0 milliseconds

2022-04-06 15:13:17 - [MESSAGE][PASSED] - Browser is opened with url: 'https://diagnostics.staging.arcadier.io/'

2022-04-06 15:13:17 - [TEST_STEP][PASSED] - maximizeWindow(): Current window maximized

2022-04-06 15:13:17 - [MESSAGE][PASSED] - Current window maximized

2022-04-06 15:13:17 - [TEST_STEP][PASSED] - click(findTestObject("Item Details Objects/Page_diagnostics/a_Accept Cookies")): Object: 'Object Repository/Item Details Objects/Page_diagnostics/a_Accept Cookies' is clicked on

2022-04-06 15:13:19 - [MESSAGE][PASSED] - Object: 'Object Repository/Item Details Objects/Page_diagnostics/a_Accept Cookies' is clicked on

2022-04-06 15:13:19 - [TEST_STEP][PASSED] - click(findTestObject("Staging Objects/Page_diagnostics/a_DIABETES DIAGNOSTICS"), STOP_ON_FAILURE): Object: 'Object Repository/Staging Objects/Page_diagnostics/a_DIABETES DIAGNOSTICS' is clicked on

2022-04-06 15:13:20 - [MESSAGE][PASSED] - Object: 'Object Repository/Staging Objects/Page_diagnostics/a_DIABETES DIAGNOSTICS' is clicked on

2022-04-06 15:13:20 - [TEST_STEP][PASSED] - mouseOver(findTestObject("Staging Objects/Page_diagnostics/a_CareSens N Eco Blood Glucose Meter")): Object: 'Object Repository/Staging Objects/Page_diagnostics/a_CareSens N Eco Blood Glucose Meter' is hovered

2022-04-06 15:13:24 - [MESSAGE][PASSED] - Object: 'Object Repository/Staging Objects/Page_diagnostics/a_CareSens N Eco Blood Glucose Meter' is hovered

2022-04-06 15:13:24 - [TEST_STEP][PASSED] - click(findTestObject("Staging Objects/Page_diagnostics/a_CareSens N Eco Blood Glucose Meter")): Object: 'Object Repository/Staging Objects/Page_diagnostics/a_CareSens N Eco Blood Glucose Meter' is clicked on

2022-04-06 15:13:29 - [MESSAGE][PASSED] - Object: 'Object Repository/Staging Objects/Page_diagnostics/a_CareSens N Eco Blood Glucose Meter' is clicked on

2022-04-06 15:13:29 - [MESSAGE][PASSED] - Call Test Case 'Test Cases/Custom Item Details/UTILITIES/OPEN_BROWSER' successfully

2022-04-06 15:13:29 - [TEST_STEP][PASSED] - waitForElementVisible(findTestObject("Staging Objects/Page_diagnostics/span_Cold chain requirements"), 0): Web element with id: 'Object Repository/Staging Objects/Page_diagnostics/span_Cold chain requirements' located by '//div[@id='tab-desc4']/div[2]/div[4]/span' not found

2022-04-06 15:13:29 - [MESSAGE][WARNING] - Timeout '0' is invalid. Using default page load timeout: '30'

2022-04-06 15:14:00 - [MESSAGE][INFO] - Unable to find the element located by 'By.xpath: //div[@id='tab-desc4']/div[2]/div[4]/span'. Please recheck the objects properties to make sure the desired element is located. 

2022-04-06 15:14:00 - [MESSAGE][WARNING] - Web element with id: 'Object Repository/Staging Objects/Page_diagnostics/span_Cold chain requirements' located by '//div[@id='tab-desc4']/div[2]/div[4]/span' not found

2022-04-06 15:14:00 - [TEST_STEP][FAILED] - verifyElementPresent(findTestObject("Staging Objects/Page_diagnostics/span_Cold chain requirements"), 0): Unable to verify object 'Object Repository/Staging Objects/Page_diagnostics/span_Cold chain requirements' is present (Root cause: com.kms.katalon.core.exception.StepFailedException: Unable to verify object 'Object Repository/Staging Objects/Page_diagnostics/span_Cold chain requirements' is present
	at com.kms.katalon.core.webui.keyword.internal.WebUIKeywordMain.stepFailed(WebUIKeywordMain.groovy:64)
	at com.kms.katalon.core.webui.keyword.internal.WebUIKeywordMain.runKeyword(WebUIKeywordMain.groovy:26)
	at com.kms.katalon.core.webui.keyword.builtin.VerifyElementPresentKeyword.verifyElementPresent(VerifyElementPresentKeyword.groovy:92)
	at com.kms.katalon.core.webui.keyword.builtin.VerifyElementPresentKeyword.execute(VerifyElementPresentKeyword.groovy:68)
	at com.kms.katalon.core.keyword.internal.KeywordExecutor.executeKeywordForPlatform(KeywordExecutor.groovy:73)
	at com.kms.katalon.core.webui.keyword.WebUiBuiltInKeywords.verifyElementPresent(WebUiBuiltInKeywords.groovy:1461)
	at com.kms.katalon.core.webui.keyword.WebUiBuiltInKeywords$verifyElementPresent$9.call(Unknown Source)
	at TC_DETAILS_UI_024.run(TC_DETAILS_UI_024:22)
	at com.kms.katalon.core.main.ScriptEngine.run(ScriptEngine.java:194)
	at com.kms.katalon.core.main.ScriptEngine.runScriptAsRawText(ScriptEngine.java:119)
	at com.kms.katalon.core.main.TestCaseExecutor.runScript(TestCaseExecutor.java:339)
	at com.kms.katalon.core.main.TestCaseExecutor.doExecute(TestCaseExecutor.java:330)
	at com.kms.katalon.core.main.TestCaseExecutor.processExecutionPhase(TestCaseExecutor.java:309)
	at com.kms.katalon.core.main.TestCaseExecutor.accessMainPhase(TestCaseExecutor.java:301)
	at com.kms.katalon.core.main.TestCaseExecutor.execute(TestCaseExecutor.java:235)
	at com.kms.katalon.core.main.TestSuiteExecutor.accessTestCaseMainPhase(TestSuiteExecutor.java:191)
	at com.kms.katalon.core.main.TestSuiteExecutor.accessTestSuiteMainPhase(TestSuiteExecutor.java:141)
	at com.kms.katalon.core.main.TestSuiteExecutor.execute(TestSuiteExecutor.java:90)
	at com.kms.katalon.core.main.TestCaseMain.startTestSuite(TestCaseMain.java:157)
	at com.kms.katalon.core.main.TestCaseMain$startTestSuite$0.call(Unknown Source)
	at TempTestSuite1649228487552.run(TempTestSuite1649228487552.groovy:39)
Caused by: com.kms.katalon.core.exception.StepFailedException: com.kms.katalon.core.webui.exception.WebElementNotFoundException: Web element with id: 'Object Repository/Staging Objects/Page_diagnostics/span_Cold chain requirements' located by '//div[@id='tab-desc4']/div[2]/div[4]/span' not found
	at com.kms.katalon.core.webui.keyword.internal.WebUIKeywordMain.stepFailed(WebUIKeywordMain.groovy:64)
	at com.kms.katalon.core.webui.keyword.builtin.VerifyElementPresentKeyword$_verifyElementPresent_closure1.doCall(VerifyElementPresentKeyword.groovy:85)
	at com.kms.katalon.core.webui.keyword.builtin.VerifyElementPresentKeyword$_verifyElementPresent_closure1.call(VerifyElementPresentKeyword.groovy)
	at com.kms.katalon.core.webui.keyword.internal.WebUIKeywordMain.runKeyword(WebUIKeywordMain.groovy:20)
	... 19 more
)

2022-04-06 15:14:00 - [MESSAGE][WARNING] - Timeout '0' is invalid. Using default page load timeout: '30'

2022-04-06 15:14:31 - [MESSAGE][INFO] - Unable to find the element located by 'By.xpath: //div[@id='tab-desc4']/div[2]/div[4]/span'. Please recheck the objects properties to make sure the desired element is located. 

2022-04-06 15:14:32 - [MESSAGE][FAILED] - com.kms.katalon.core.webui.exception.WebElementNotFoundException: Web element with id: 'Object Repository/Staging Objects/Page_diagnostics/span_Cold chain requirements' located by '//div[@id='tab-desc4']/div[2]/div[4]/span' not found (Root cause: com.kms.katalon.core.exception.StepFailedException: com.kms.katalon.core.webui.exception.WebElementNotFoundException: Web element with id: 'Object Repository/Staging Objects/Page_diagnostics/span_Cold chain requirements' located by '//div[@id='tab-desc4']/div[2]/div[4]/span' not found
	at com.kms.katalon.core.webui.keyword.internal.WebUIKeywordMain.stepFailed(WebUIKeywordMain.groovy:64)
	at com.kms.katalon.core.webui.keyword.builtin.VerifyElementPresentKeyword$_verifyElementPresent_closure1.doCall(VerifyElementPresentKeyword.groovy:85)
	at com.kms.katalon.core.webui.keyword.builtin.VerifyElementPresentKeyword$_verifyElementPresent_closure1.call(VerifyElementPresentKeyword.groovy)
	at com.kms.katalon.core.webui.keyword.internal.WebUIKeywordMain.runKeyword(WebUIKeywordMain.groovy:20)
	at com.kms.katalon.core.webui.keyword.builtin.VerifyElementPresentKeyword.verifyElementPresent(VerifyElementPresentKeyword.groovy:92)
	at com.kms.katalon.core.webui.keyword.builtin.VerifyElementPresentKeyword.execute(VerifyElementPresentKeyword.groovy:68)
	at com.kms.katalon.core.keyword.internal.KeywordExecutor.executeKeywordForPlatform(KeywordExecutor.groovy:73)
	at com.kms.katalon.core.webui.keyword.WebUiBuiltInKeywords.verifyElementPresent(WebUiBuiltInKeywords.groovy:1461)
	at com.kms.katalon.core.webui.keyword.WebUiBuiltInKeywords$verifyElementPresent$9.call(Unknown Source)
	at TC_DETAILS_UI_024.run(TC_DETAILS_UI_024:22)
	at com.kms.katalon.core.main.ScriptEngine.run(ScriptEngine.java:194)
	at com.kms.katalon.core.main.ScriptEngine.runScriptAsRawText(ScriptEngine.java:119)
	at com.kms.katalon.core.main.TestCaseExecutor.runScript(TestCaseExecutor.java:339)
	at com.kms.katalon.core.main.TestCaseExecutor.doExecute(TestCaseExecutor.java:330)
	at com.kms.katalon.core.main.TestCaseExecutor.processExecutionPhase(TestCaseExecutor.java:309)
	at com.kms.katalon.core.main.TestCaseExecutor.accessMainPhase(TestCaseExecutor.java:301)
	at com.kms.katalon.core.main.TestCaseExecutor.execute(TestCaseExecutor.java:235)
	at com.kms.katalon.core.main.TestSuiteExecutor.accessTestCaseMainPhase(TestSuiteExecutor.java:191)
	at com.kms.katalon.core.main.TestSuiteExecutor.accessTestSuiteMainPhase(TestSuiteExecutor.java:141)
	at com.kms.katalon.core.main.TestSuiteExecutor.execute(TestSuiteExecutor.java:90)
	at com.kms.katalon.core.main.TestCaseMain.startTestSuite(TestCaseMain.java:157)
	at com.kms.katalon.core.main.TestCaseMain$startTestSuite$0.call(Unknown Source)
	at TempTestSuite1649228487552.run(TempTestSuite1649228487552.groovy:39)
)
[[ATTACHMENT|K:\\Work\\GitHub\\find-item-detail-test_v2\\Reports\\20220406_150127\\Item detail test\\20220406_150127\\1649229271881.png]]

2022-04-06 15:14:32 - [MESSAGE][FAILED] - Unable to verify object 'Object Repository/Staging Objects/Page_diagnostics/span_Cold chain requirements' is present (Root cause: com.kms.katalon.core.exception.StepFailedException: Unable to verify object 'Object Repository/Staging Objects/Page_diagnostics/span_Cold chain requirements' is present
	at com.kms.katalon.core.webui.keyword.internal.WebUIKeywordMain.stepFailed(WebUIKeywordMain.groovy:64)
	at com.kms.katalon.core.webui.keyword.internal.WebUIKeywordMain.runKeyword(WebUIKeywordMain.groovy:26)
	at com.kms.katalon.core.webui.keyword.builtin.VerifyElementPresentKeyword.verifyElementPresent(VerifyElementPresentKeyword.groovy:92)
	at com.kms.katalon.core.webui.keyword.builtin.VerifyElementPresentKeyword.execute(VerifyElementPresentKeyword.groovy:68)
	at com.kms.katalon.core.keyword.internal.KeywordExecutor.executeKeywordForPlatform(KeywordExecutor.groovy:73)
	at com.kms.katalon.core.webui.keyword.WebUiBuiltInKeywords.verifyElementPresent(WebUiBuiltInKeywords.groovy:1461)
	at com.kms.katalon.core.webui.keyword.WebUiBuiltInKeywords$verifyElementPresent$9.call(Unknown Source)
	at TC_DETAILS_UI_024.run(TC_DETAILS_UI_024:22)
	at com.kms.katalon.core.main.ScriptEngine.run(ScriptEngine.java:194)
	at com.kms.katalon.core.main.ScriptEngine.runScriptAsRawText(ScriptEngine.java:119)
	at com.kms.katalon.core.main.TestCaseExecutor.runScript(TestCaseExecutor.java:339)
	at com.kms.katalon.core.main.TestCaseExecutor.doExecute(TestCaseExecutor.java:330)
	at com.kms.katalon.core.main.TestCaseExecutor.processExecutionPhase(TestCaseExecutor.java:309)
	at com.kms.katalon.core.main.TestCaseExecutor.accessMainPhase(TestCaseExecutor.java:301)
	at com.kms.katalon.core.main.TestCaseExecutor.execute(TestCaseExecutor.java:235)
	at com.kms.katalon.core.main.TestSuiteExecutor.accessTestCaseMainPhase(TestSuiteExecutor.java:191)
	at com.kms.katalon.core.main.TestSuiteExecutor.accessTestSuiteMainPhase(TestSuiteExecutor.java:141)
	at com.kms.katalon.core.main.TestSuiteExecutor.execute(TestSuiteExecutor.java:90)
	at com.kms.katalon.core.main.TestCaseMain.startTestSuite(TestCaseMain.java:157)
	at com.kms.katalon.core.main.TestCaseMain$startTestSuite$0.call(Unknown Source)
	at TempTestSuite1649228487552.run(TempTestSuite1649228487552.groovy:39)
Caused by: com.kms.katalon.core.exception.StepFailedException: com.kms.katalon.core.webui.exception.WebElementNotFoundException: Web element with id: 'Object Repository/Staging Objects/Page_diagnostics/span_Cold chain requirements' located by '//div[@id='tab-desc4']/div[2]/div[4]/span' not found
	at com.kms.katalon.core.webui.keyword.internal.WebUIKeywordMain.stepFailed(WebUIKeywordMain.groovy:64)
	at com.kms.katalon.core.webui.keyword.builtin.VerifyElementPresentKeyword$_verifyElementPresent_closure1.doCall(VerifyElementPresentKeyword.groovy:85)
	at com.kms.katalon.core.webui.keyword.builtin.VerifyElementPresentKeyword$_verifyElementPresent_closure1.call(VerifyElementPresentKeyword.groovy)
	at com.kms.katalon.core.webui.keyword.internal.WebUIKeywordMain.runKeyword(WebUIKeywordMain.groovy:20)
	... 19 more
)
[[ATTACHMENT|K:\\Work\\GitHub\\find-item-detail-test_v2\\Reports\\20220406_150127\\Item detail test\\20220406_150127\\1649229272030.png]]]]></system-out>
         <system-err><![CDATA[2022-04-06 15:13:13 - [TEST_CASE][FAILED] - Test Cases/Custom Item Details/TEST CASE/TC_DETAILS_UI_024: Test Cases/Custom Item Details/TEST CASE/TC_DETAILS_UI_024 FAILED.
Reason:
com.kms.katalon.core.exception.StepFailedException: Unable to verify object 'Object Repository/Staging Objects/Page_diagnostics/span_Cold chain requirements' is present
	at com.kms.katalon.core.webui.keyword.internal.WebUIKeywordMain.stepFailed(WebUIKeywordMain.groovy:64)
	at com.kms.katalon.core.webui.keyword.internal.WebUIKeywordMain.runKeyword(WebUIKeywordMain.groovy:26)
	at com.kms.katalon.core.webui.keyword.builtin.VerifyElementPresentKeyword.verifyElementPresent(VerifyElementPresentKeyword.groovy:92)
	at com.kms.katalon.core.webui.keyword.builtin.VerifyElementPresentKeyword.execute(VerifyElementPresentKeyword.groovy:68)
	at com.kms.katalon.core.keyword.internal.KeywordExecutor.executeKeywordForPlatform(KeywordExecutor.groovy:73)
	at com.kms.katalon.core.webui.keyword.WebUiBuiltInKeywords.verifyElementPresent(WebUiBuiltInKeywords.groovy:1461)
	at com.kms.katalon.core.webui.keyword.WebUiBuiltInKeywords$verifyElementPresent$9.call(Unknown Source)
	at TC_DETAILS_UI_024.run(TC_DETAILS_UI_024:22)
	at com.kms.katalon.core.main.ScriptEngine.run(ScriptEngine.java:194)
	at com.kms.katalon.core.main.ScriptEngine.runScriptAsRawText(ScriptEngine.java:119)
	at com.kms.katalon.core.main.TestCaseExecutor.runScript(TestCaseExecutor.java:339)
	at com.kms.katalon.core.main.TestCaseExecutor.doExecute(TestCaseExecutor.java:330)
	at com.kms.katalon.core.main.TestCaseExecutor.processExecutionPhase(TestCaseExecutor.java:309)
	at com.kms.katalon.core.main.TestCaseExecutor.accessMainPhase(TestCaseExecutor.java:301)
	at com.kms.katalon.core.main.TestCaseExecutor.execute(TestCaseExecutor.java:235)
	at com.kms.katalon.core.main.TestSuiteExecutor.accessTestCaseMainPhase(TestSuiteExecutor.java:191)
	at com.kms.katalon.core.main.TestSuiteExecutor.accessTestSuiteMainPhase(TestSuiteExecutor.java:141)
	at com.kms.katalon.core.main.TestSuiteExecutor.execute(TestSuiteExecutor.java:90)
	at com.kms.katalon.core.main.TestCaseMain.startTestSuite(TestCaseMain.java:157)
	at com.kms.katalon.core.main.TestCaseMain$startTestSuite$0.call(Unknown Source)
	at TempTestSuite1649228487552.run(TempTestSuite1649228487552.groovy:39)
Caused by: com.kms.katalon.core.exception.StepFailedException: com.kms.katalon.core.webui.exception.WebElementNotFoundException: Web element with id: 'Object Repository/Staging Objects/Page_diagnostics/span_Cold chain requirements' located by '//div[@id='tab-desc4']/div[2]/div[4]/span' not found
	at com.kms.katalon.core.webui.keyword.internal.WebUIKeywordMain.stepFailed(WebUIKeywordMain.groovy:64)
	at com.kms.katalon.core.webui.keyword.builtin.VerifyElementPresentKeyword$_verifyElementPresent_closure1.doCall(VerifyElementPresentKeyword.groovy:85)
	at com.kms.katalon.core.webui.keyword.builtin.VerifyElementPresentKeyword$_verifyElementPresent_closure1.call(VerifyElementPresentKeyword.groovy)
	at com.kms.katalon.core.webui.keyword.internal.WebUIKeywordMain.runKeyword(WebUIKeywordMain.groovy:20)
	... 19 more]]></system-err>
      </testcase>
      <testcase name="Test Cases/Custom Item Details/TEST CASE/TC_DETAILS_UI_025" time="80.42" classname="Test Cases/Custom Item Details/TEST CASE/TC_DETAILS_UI_025" status="FAILED">
         <failure type="FAILED" message="Test Cases/Custom Item Details/TEST CASE/TC_DETAILS_UI_025 FAILED.
Reason:
com.kms.katalon.core.exception.StepFailedException: Unable to verify object 'Object Repository/Staging Objects/Page_diagnostics/span_Compatible test strips' is present
	at com.kms.katalon.core.webui.keyword.internal.WebUIKeywordMain.stepFailed(WebUIKeywordMain.groovy:64)
	at com.kms.katalon.core.webui.keyword.internal.WebUIKeywordMain.runKeyword(WebUIKeywordMain.groovy:26)
	at com.kms.katalon.core.webui.keyword.builtin.VerifyElementPresentKeyword.verifyElementPresent(VerifyElementPresentKeyword.groovy:92)
	at com.kms.katalon.core.webui.keyword.builtin.VerifyElementPresentKeyword.execute(VerifyElementPresentKeyword.groovy:68)
	at com.kms.katalon.core.keyword.internal.KeywordExecutor.executeKeywordForPlatform(KeywordExecutor.groovy:73)
	at com.kms.katalon.core.webui.keyword.WebUiBuiltInKeywords.verifyElementPresent(WebUiBuiltInKeywords.groovy:1461)
	at com.kms.katalon.core.webui.keyword.WebUiBuiltInKeywords$verifyElementPresent$9.call(Unknown Source)
	at TC_DETAILS_UI_025.run(TC_DETAILS_UI_025:22)
	at com.kms.katalon.core.main.ScriptEngine.run(ScriptEngine.java:194)
	at com.kms.katalon.core.main.ScriptEngine.runScriptAsRawText(ScriptEngine.java:119)
	at com.kms.katalon.core.main.TestCaseExecutor.runScript(TestCaseExecutor.java:339)
	at com.kms.katalon.core.main.TestCaseExecutor.doExecute(TestCaseExecutor.java:330)
	at com.kms.katalon.core.main.TestCaseExecutor.processExecutionPhase(TestCaseExecutor.java:309)
	at com.kms.katalon.core.main.TestCaseExecutor.accessMainPhase(TestCaseExecutor.java:301)
	at com.kms.katalon.core.main.TestCaseExecutor.execute(TestCaseExecutor.java:235)
	at com.kms.katalon.core.main.TestSuiteExecutor.accessTestCaseMainPhase(TestSuiteExecutor.java:191)
	at com.kms.katalon.core.main.TestSuiteExecutor.accessTestSuiteMainPhase(TestSuiteExecutor.java:141)
	at com.kms.katalon.core.main.TestSuiteExecutor.execute(TestSuiteExecutor.java:90)
	at com.kms.katalon.core.main.TestCaseMain.startTestSuite(TestCaseMain.java:157)
	at com.kms.katalon.core.main.TestCaseMain$startTestSuite$0.call(Unknown Source)
	at TempTestSuite1649228487552.run(TempTestSuite1649228487552.groovy:39)
Caused by: com.kms.katalon.core.exception.StepFailedException: com.kms.katalon.core.webui.exception.WebElementNotFoundException: Web element with id: 'Object Repository/Staging Objects/Page_diagnostics/span_Compatible test strips' located by '//div[@id='tab-desc3']/div[2]/div[5]/span' not found
	at com.kms.katalon.core.webui.keyword.internal.WebUIKeywordMain.stepFailed(WebUIKeywordMain.groovy:64)
	at com.kms.katalon.core.webui.keyword.builtin.VerifyElementPresentKeyword$_verifyElementPresent_closure1.doCall(VerifyElementPresentKeyword.groovy:85)
	at com.kms.katalon.core.webui.keyword.builtin.VerifyElementPresentKeyword$_verifyElementPresent_closure1.call(VerifyElementPresentKeyword.groovy)
	at com.kms.katalon.core.webui.keyword.internal.WebUIKeywordMain.runKeyword(WebUIKeywordMain.groovy:20)
	... 19 more
"/>
         <system-out><![CDATA[2022-04-06 15:14:32 - [TEST_CASE][FAILED] - Test Cases/Custom Item Details/TEST CASE/TC_DETAILS_UI_025: Test Cases/Custom Item Details/TEST CASE/TC_DETAILS_UI_025 FAILED.
Reason:
com.kms.katalon.core.exception.StepFailedException: Unable to verify object 'Object Repository/Staging Objects/Page_diagnostics/span_Compatible test strips' is present
	at com.kms.katalon.core.webui.keyword.internal.WebUIKeywordMain.stepFailed(WebUIKeywordMain.groovy:64)
	at com.kms.katalon.core.webui.keyword.internal.WebUIKeywordMain.runKeyword(WebUIKeywordMain.groovy:26)
	at com.kms.katalon.core.webui.keyword.builtin.VerifyElementPresentKeyword.verifyElementPresent(VerifyElementPresentKeyword.groovy:92)
	at com.kms.katalon.core.webui.keyword.builtin.VerifyElementPresentKeyword.execute(VerifyElementPresentKeyword.groovy:68)
	at com.kms.katalon.core.keyword.internal.KeywordExecutor.executeKeywordForPlatform(KeywordExecutor.groovy:73)
	at com.kms.katalon.core.webui.keyword.WebUiBuiltInKeywords.verifyElementPresent(WebUiBuiltInKeywords.groovy:1461)
	at com.kms.katalon.core.webui.keyword.WebUiBuiltInKeywords$verifyElementPresent$9.call(Unknown Source)
	at TC_DETAILS_UI_025.run(TC_DETAILS_UI_025:22)
	at com.kms.katalon.core.main.ScriptEngine.run(ScriptEngine.java:194)
	at com.kms.katalon.core.main.ScriptEngine.runScriptAsRawText(ScriptEngine.java:119)
	at com.kms.katalon.core.main.TestCaseExecutor.runScript(TestCaseExecutor.java:339)
	at com.kms.katalon.core.main.TestCaseExecutor.doExecute(TestCaseExecutor.java:330)
	at com.kms.katalon.core.main.TestCaseExecutor.processExecutionPhase(TestCaseExecutor.java:309)
	at com.kms.katalon.core.main.TestCaseExecutor.accessMainPhase(TestCaseExecutor.java:301)
	at com.kms.katalon.core.main.TestCaseExecutor.execute(TestCaseExecutor.java:235)
	at com.kms.katalon.core.main.TestSuiteExecutor.accessTestCaseMainPhase(TestSuiteExecutor.java:191)
	at com.kms.katalon.core.main.TestSuiteExecutor.accessTestSuiteMainPhase(TestSuiteExecutor.java:141)
	at com.kms.katalon.core.main.TestSuiteExecutor.execute(TestSuiteExecutor.java:90)
	at com.kms.katalon.core.main.TestCaseMain.startTestSuite(TestCaseMain.java:157)
	at com.kms.katalon.core.main.TestCaseMain$startTestSuite$0.call(Unknown Source)
	at TempTestSuite1649228487552.run(TempTestSuite1649228487552.groovy:39)
Caused by: com.kms.katalon.core.exception.StepFailedException: com.kms.katalon.core.webui.exception.WebElementNotFoundException: Web element with id: 'Object Repository/Staging Objects/Page_diagnostics/span_Compatible test strips' located by '//div[@id='tab-desc3']/div[2]/div[5]/span' not found
	at com.kms.katalon.core.webui.keyword.internal.WebUIKeywordMain.stepFailed(WebUIKeywordMain.groovy:64)
	at com.kms.katalon.core.webui.keyword.builtin.VerifyElementPresentKeyword$_verifyElementPresent_closure1.doCall(VerifyElementPresentKeyword.groovy:85)
	at com.kms.katalon.core.webui.keyword.builtin.VerifyElementPresentKeyword$_verifyElementPresent_closure1.call(VerifyElementPresentKeyword.groovy)
	at com.kms.katalon.core.webui.keyword.internal.WebUIKeywordMain.runKeyword(WebUIKeywordMain.groovy:20)
	... 19 more


2022-04-06 15:14:32 - [TEST_STEP][PASSED] - callTestCase(findTestCase("Custom Item Details/UTILITIES/OPEN_BROWSER"), [:], STOP_ON_FAILURE): Call Test Case 'Test Cases/Custom Item Details/UTILITIES/OPEN_BROWSER' successfully

2022-04-06 15:14:32 - [TEST_CASE][PASSED] - Test Cases/Custom Item Details/UTILITIES/OPEN_BROWSER: Test Cases/Custom Item Details/UTILITIES/OPEN_BROWSER

2022-04-06 15:14:32 - [TEST_STEP][PASSED] - openBrowser("https://diagnostics.staging.arcadier.io/"): Browser is opened with url: 'https://diagnostics.staging.arcadier.io/'

2022-04-06 15:14:32 - [MESSAGE][WARNING] - A browser is already opened. Closing browser and opening a new one

2022-04-06 15:14:33 - [MESSAGE][INFO] - Starting 'Chrome' driver

2022-04-06 15:14:33 - [MESSAGE][INFO] - Action delay is set to 0 milliseconds

2022-04-06 15:14:36 - [MESSAGE][PASSED] - Browser is opened with url: 'https://diagnostics.staging.arcadier.io/'

2022-04-06 15:14:36 - [TEST_STEP][PASSED] - maximizeWindow(): Current window maximized

2022-04-06 15:14:36 - [MESSAGE][PASSED] - Current window maximized

2022-04-06 15:14:36 - [TEST_STEP][PASSED] - click(findTestObject("Item Details Objects/Page_diagnostics/a_Accept Cookies")): Object: 'Object Repository/Item Details Objects/Page_diagnostics/a_Accept Cookies' is clicked on

2022-04-06 15:14:38 - [MESSAGE][PASSED] - Object: 'Object Repository/Item Details Objects/Page_diagnostics/a_Accept Cookies' is clicked on

2022-04-06 15:14:38 - [TEST_STEP][PASSED] - click(findTestObject("Staging Objects/Page_diagnostics/a_DIABETES DIAGNOSTICS"), STOP_ON_FAILURE): Object: 'Object Repository/Staging Objects/Page_diagnostics/a_DIABETES DIAGNOSTICS' is clicked on

2022-04-06 15:14:40 - [MESSAGE][PASSED] - Object: 'Object Repository/Staging Objects/Page_diagnostics/a_DIABETES DIAGNOSTICS' is clicked on

2022-04-06 15:14:40 - [TEST_STEP][PASSED] - mouseOver(findTestObject("Staging Objects/Page_diagnostics/a_CareSens N Eco Blood Glucose Meter")): Object: 'Object Repository/Staging Objects/Page_diagnostics/a_CareSens N Eco Blood Glucose Meter' is hovered

2022-04-06 15:14:44 - [MESSAGE][PASSED] - Object: 'Object Repository/Staging Objects/Page_diagnostics/a_CareSens N Eco Blood Glucose Meter' is hovered

2022-04-06 15:14:44 - [TEST_STEP][PASSED] - click(findTestObject("Staging Objects/Page_diagnostics/a_CareSens N Eco Blood Glucose Meter")): Object: 'Object Repository/Staging Objects/Page_diagnostics/a_CareSens N Eco Blood Glucose Meter' is clicked on

2022-04-06 15:14:50 - [MESSAGE][PASSED] - Object: 'Object Repository/Staging Objects/Page_diagnostics/a_CareSens N Eco Blood Glucose Meter' is clicked on

2022-04-06 15:14:50 - [MESSAGE][PASSED] - Call Test Case 'Test Cases/Custom Item Details/UTILITIES/OPEN_BROWSER' successfully

2022-04-06 15:14:50 - [TEST_STEP][PASSED] - waitForElementVisible(findTestObject("Staging Objects/Page_diagnostics/span_Compatible test strips"), 0): Web element with id: 'Object Repository/Staging Objects/Page_diagnostics/span_Compatible test strips' located by '//div[@id='tab-desc3']/div[2]/div[5]/span' not found

2022-04-06 15:14:50 - [MESSAGE][WARNING] - Timeout '0' is invalid. Using default page load timeout: '30'

2022-04-06 15:15:21 - [MESSAGE][INFO] - Unable to find the element located by 'By.xpath: //div[@id='tab-desc3']/div[2]/div[5]/span'. Please recheck the objects properties to make sure the desired element is located. 

2022-04-06 15:15:21 - [MESSAGE][WARNING] - Web element with id: 'Object Repository/Staging Objects/Page_diagnostics/span_Compatible test strips' located by '//div[@id='tab-desc3']/div[2]/div[5]/span' not found

2022-04-06 15:15:21 - [TEST_STEP][FAILED] - verifyElementPresent(findTestObject("Staging Objects/Page_diagnostics/span_Compatible test strips"), 0): Unable to verify object 'Object Repository/Staging Objects/Page_diagnostics/span_Compatible test strips' is present (Root cause: com.kms.katalon.core.exception.StepFailedException: Unable to verify object 'Object Repository/Staging Objects/Page_diagnostics/span_Compatible test strips' is present
	at com.kms.katalon.core.webui.keyword.internal.WebUIKeywordMain.stepFailed(WebUIKeywordMain.groovy:64)
	at com.kms.katalon.core.webui.keyword.internal.WebUIKeywordMain.runKeyword(WebUIKeywordMain.groovy:26)
	at com.kms.katalon.core.webui.keyword.builtin.VerifyElementPresentKeyword.verifyElementPresent(VerifyElementPresentKeyword.groovy:92)
	at com.kms.katalon.core.webui.keyword.builtin.VerifyElementPresentKeyword.execute(VerifyElementPresentKeyword.groovy:68)
	at com.kms.katalon.core.keyword.internal.KeywordExecutor.executeKeywordForPlatform(KeywordExecutor.groovy:73)
	at com.kms.katalon.core.webui.keyword.WebUiBuiltInKeywords.verifyElementPresent(WebUiBuiltInKeywords.groovy:1461)
	at com.kms.katalon.core.webui.keyword.WebUiBuiltInKeywords$verifyElementPresent$9.call(Unknown Source)
	at TC_DETAILS_UI_025.run(TC_DETAILS_UI_025:22)
	at com.kms.katalon.core.main.ScriptEngine.run(ScriptEngine.java:194)
	at com.kms.katalon.core.main.ScriptEngine.runScriptAsRawText(ScriptEngine.java:119)
	at com.kms.katalon.core.main.TestCaseExecutor.runScript(TestCaseExecutor.java:339)
	at com.kms.katalon.core.main.TestCaseExecutor.doExecute(TestCaseExecutor.java:330)
	at com.kms.katalon.core.main.TestCaseExecutor.processExecutionPhase(TestCaseExecutor.java:309)
	at com.kms.katalon.core.main.TestCaseExecutor.accessMainPhase(TestCaseExecutor.java:301)
	at com.kms.katalon.core.main.TestCaseExecutor.execute(TestCaseExecutor.java:235)
	at com.kms.katalon.core.main.TestSuiteExecutor.accessTestCaseMainPhase(TestSuiteExecutor.java:191)
	at com.kms.katalon.core.main.TestSuiteExecutor.accessTestSuiteMainPhase(TestSuiteExecutor.java:141)
	at com.kms.katalon.core.main.TestSuiteExecutor.execute(TestSuiteExecutor.java:90)
	at com.kms.katalon.core.main.TestCaseMain.startTestSuite(TestCaseMain.java:157)
	at com.kms.katalon.core.main.TestCaseMain$startTestSuite$0.call(Unknown Source)
	at TempTestSuite1649228487552.run(TempTestSuite1649228487552.groovy:39)
Caused by: com.kms.katalon.core.exception.StepFailedException: com.kms.katalon.core.webui.exception.WebElementNotFoundException: Web element with id: 'Object Repository/Staging Objects/Page_diagnostics/span_Compatible test strips' located by '//div[@id='tab-desc3']/div[2]/div[5]/span' not found
	at com.kms.katalon.core.webui.keyword.internal.WebUIKeywordMain.stepFailed(WebUIKeywordMain.groovy:64)
	at com.kms.katalon.core.webui.keyword.builtin.VerifyElementPresentKeyword$_verifyElementPresent_closure1.doCall(VerifyElementPresentKeyword.groovy:85)
	at com.kms.katalon.core.webui.keyword.builtin.VerifyElementPresentKeyword$_verifyElementPresent_closure1.call(VerifyElementPresentKeyword.groovy)
	at com.kms.katalon.core.webui.keyword.internal.WebUIKeywordMain.runKeyword(WebUIKeywordMain.groovy:20)
	... 19 more
)

2022-04-06 15:15:21 - [MESSAGE][WARNING] - Timeout '0' is invalid. Using default page load timeout: '30'

2022-04-06 15:15:52 - [MESSAGE][INFO] - Unable to find the element located by 'By.xpath: //div[@id='tab-desc3']/div[2]/div[5]/span'. Please recheck the objects properties to make sure the desired element is located. 

2022-04-06 15:15:52 - [MESSAGE][FAILED] - com.kms.katalon.core.webui.exception.WebElementNotFoundException: Web element with id: 'Object Repository/Staging Objects/Page_diagnostics/span_Compatible test strips' located by '//div[@id='tab-desc3']/div[2]/div[5]/span' not found (Root cause: com.kms.katalon.core.exception.StepFailedException: com.kms.katalon.core.webui.exception.WebElementNotFoundException: Web element with id: 'Object Repository/Staging Objects/Page_diagnostics/span_Compatible test strips' located by '//div[@id='tab-desc3']/div[2]/div[5]/span' not found
	at com.kms.katalon.core.webui.keyword.internal.WebUIKeywordMain.stepFailed(WebUIKeywordMain.groovy:64)
	at com.kms.katalon.core.webui.keyword.builtin.VerifyElementPresentKeyword$_verifyElementPresent_closure1.doCall(VerifyElementPresentKeyword.groovy:85)
	at com.kms.katalon.core.webui.keyword.builtin.VerifyElementPresentKeyword$_verifyElementPresent_closure1.call(VerifyElementPresentKeyword.groovy)
	at com.kms.katalon.core.webui.keyword.internal.WebUIKeywordMain.runKeyword(WebUIKeywordMain.groovy:20)
	at com.kms.katalon.core.webui.keyword.builtin.VerifyElementPresentKeyword.verifyElementPresent(VerifyElementPresentKeyword.groovy:92)
	at com.kms.katalon.core.webui.keyword.builtin.VerifyElementPresentKeyword.execute(VerifyElementPresentKeyword.groovy:68)
	at com.kms.katalon.core.keyword.internal.KeywordExecutor.executeKeywordForPlatform(KeywordExecutor.groovy:73)
	at com.kms.katalon.core.webui.keyword.WebUiBuiltInKeywords.verifyElementPresent(WebUiBuiltInKeywords.groovy:1461)
	at com.kms.katalon.core.webui.keyword.WebUiBuiltInKeywords$verifyElementPresent$9.call(Unknown Source)
	at TC_DETAILS_UI_025.run(TC_DETAILS_UI_025:22)
	at com.kms.katalon.core.main.ScriptEngine.run(ScriptEngine.java:194)
	at com.kms.katalon.core.main.ScriptEngine.runScriptAsRawText(ScriptEngine.java:119)
	at com.kms.katalon.core.main.TestCaseExecutor.runScript(TestCaseExecutor.java:339)
	at com.kms.katalon.core.main.TestCaseExecutor.doExecute(TestCaseExecutor.java:330)
	at com.kms.katalon.core.main.TestCaseExecutor.processExecutionPhase(TestCaseExecutor.java:309)
	at com.kms.katalon.core.main.TestCaseExecutor.accessMainPhase(TestCaseExecutor.java:301)
	at com.kms.katalon.core.main.TestCaseExecutor.execute(TestCaseExecutor.java:235)
	at com.kms.katalon.core.main.TestSuiteExecutor.accessTestCaseMainPhase(TestSuiteExecutor.java:191)
	at com.kms.katalon.core.main.TestSuiteExecutor.accessTestSuiteMainPhase(TestSuiteExecutor.java:141)
	at com.kms.katalon.core.main.TestSuiteExecutor.execute(TestSuiteExecutor.java:90)
	at com.kms.katalon.core.main.TestCaseMain.startTestSuite(TestCaseMain.java:157)
	at com.kms.katalon.core.main.TestCaseMain$startTestSuite$0.call(Unknown Source)
	at TempTestSuite1649228487552.run(TempTestSuite1649228487552.groovy:39)
)
[[ATTACHMENT|K:\\Work\\GitHub\\find-item-detail-test_v2\\Reports\\20220406_150127\\Item detail test\\20220406_150127\\1649229352354.png]]

2022-04-06 15:15:52 - [MESSAGE][FAILED] - Unable to verify object 'Object Repository/Staging Objects/Page_diagnostics/span_Compatible test strips' is present (Root cause: com.kms.katalon.core.exception.StepFailedException: Unable to verify object 'Object Repository/Staging Objects/Page_diagnostics/span_Compatible test strips' is present
	at com.kms.katalon.core.webui.keyword.internal.WebUIKeywordMain.stepFailed(WebUIKeywordMain.groovy:64)
	at com.kms.katalon.core.webui.keyword.internal.WebUIKeywordMain.runKeyword(WebUIKeywordMain.groovy:26)
	at com.kms.katalon.core.webui.keyword.builtin.VerifyElementPresentKeyword.verifyElementPresent(VerifyElementPresentKeyword.groovy:92)
	at com.kms.katalon.core.webui.keyword.builtin.VerifyElementPresentKeyword.execute(VerifyElementPresentKeyword.groovy:68)
	at com.kms.katalon.core.keyword.internal.KeywordExecutor.executeKeywordForPlatform(KeywordExecutor.groovy:73)
	at com.kms.katalon.core.webui.keyword.WebUiBuiltInKeywords.verifyElementPresent(WebUiBuiltInKeywords.groovy:1461)
	at com.kms.katalon.core.webui.keyword.WebUiBuiltInKeywords$verifyElementPresent$9.call(Unknown Source)
	at TC_DETAILS_UI_025.run(TC_DETAILS_UI_025:22)
	at com.kms.katalon.core.main.ScriptEngine.run(ScriptEngine.java:194)
	at com.kms.katalon.core.main.ScriptEngine.runScriptAsRawText(ScriptEngine.java:119)
	at com.kms.katalon.core.main.TestCaseExecutor.runScript(TestCaseExecutor.java:339)
	at com.kms.katalon.core.main.TestCaseExecutor.doExecute(TestCaseExecutor.java:330)
	at com.kms.katalon.core.main.TestCaseExecutor.processExecutionPhase(TestCaseExecutor.java:309)
	at com.kms.katalon.core.main.TestCaseExecutor.accessMainPhase(TestCaseExecutor.java:301)
	at com.kms.katalon.core.main.TestCaseExecutor.execute(TestCaseExecutor.java:235)
	at com.kms.katalon.core.main.TestSuiteExecutor.accessTestCaseMainPhase(TestSuiteExecutor.java:191)
	at com.kms.katalon.core.main.TestSuiteExecutor.accessTestSuiteMainPhase(TestSuiteExecutor.java:141)
	at com.kms.katalon.core.main.TestSuiteExecutor.execute(TestSuiteExecutor.java:90)
	at com.kms.katalon.core.main.TestCaseMain.startTestSuite(TestCaseMain.java:157)
	at com.kms.katalon.core.main.TestCaseMain$startTestSuite$0.call(Unknown Source)
	at TempTestSuite1649228487552.run(TempTestSuite1649228487552.groovy:39)
Caused by: com.kms.katalon.core.exception.StepFailedException: com.kms.katalon.core.webui.exception.WebElementNotFoundException: Web element with id: 'Object Repository/Staging Objects/Page_diagnostics/span_Compatible test strips' located by '//div[@id='tab-desc3']/div[2]/div[5]/span' not found
	at com.kms.katalon.core.webui.keyword.internal.WebUIKeywordMain.stepFailed(WebUIKeywordMain.groovy:64)
	at com.kms.katalon.core.webui.keyword.builtin.VerifyElementPresentKeyword$_verifyElementPresent_closure1.doCall(VerifyElementPresentKeyword.groovy:85)
	at com.kms.katalon.core.webui.keyword.builtin.VerifyElementPresentKeyword$_verifyElementPresent_closure1.call(VerifyElementPresentKeyword.groovy)
	at com.kms.katalon.core.webui.keyword.internal.WebUIKeywordMain.runKeyword(WebUIKeywordMain.groovy:20)
	... 19 more
)
[[ATTACHMENT|K:\\Work\\GitHub\\find-item-detail-test_v2\\Reports\\20220406_150127\\Item detail test\\20220406_150127\\1649229352499.png]]]]></system-out>
         <system-err><![CDATA[2022-04-06 15:14:32 - [TEST_CASE][FAILED] - Test Cases/Custom Item Details/TEST CASE/TC_DETAILS_UI_025: Test Cases/Custom Item Details/TEST CASE/TC_DETAILS_UI_025 FAILED.
Reason:
com.kms.katalon.core.exception.StepFailedException: Unable to verify object 'Object Repository/Staging Objects/Page_diagnostics/span_Compatible test strips' is present
	at com.kms.katalon.core.webui.keyword.internal.WebUIKeywordMain.stepFailed(WebUIKeywordMain.groovy:64)
	at com.kms.katalon.core.webui.keyword.internal.WebUIKeywordMain.runKeyword(WebUIKeywordMain.groovy:26)
	at com.kms.katalon.core.webui.keyword.builtin.VerifyElementPresentKeyword.verifyElementPresent(VerifyElementPresentKeyword.groovy:92)
	at com.kms.katalon.core.webui.keyword.builtin.VerifyElementPresentKeyword.execute(VerifyElementPresentKeyword.groovy:68)
	at com.kms.katalon.core.keyword.internal.KeywordExecutor.executeKeywordForPlatform(KeywordExecutor.groovy:73)
	at com.kms.katalon.core.webui.keyword.WebUiBuiltInKeywords.verifyElementPresent(WebUiBuiltInKeywords.groovy:1461)
	at com.kms.katalon.core.webui.keyword.WebUiBuiltInKeywords$verifyElementPresent$9.call(Unknown Source)
	at TC_DETAILS_UI_025.run(TC_DETAILS_UI_025:22)
	at com.kms.katalon.core.main.ScriptEngine.run(ScriptEngine.java:194)
	at com.kms.katalon.core.main.ScriptEngine.runScriptAsRawText(ScriptEngine.java:119)
	at com.kms.katalon.core.main.TestCaseExecutor.runScript(TestCaseExecutor.java:339)
	at com.kms.katalon.core.main.TestCaseExecutor.doExecute(TestCaseExecutor.java:330)
	at com.kms.katalon.core.main.TestCaseExecutor.processExecutionPhase(TestCaseExecutor.java:309)
	at com.kms.katalon.core.main.TestCaseExecutor.accessMainPhase(TestCaseExecutor.java:301)
	at com.kms.katalon.core.main.TestCaseExecutor.execute(TestCaseExecutor.java:235)
	at com.kms.katalon.core.main.TestSuiteExecutor.accessTestCaseMainPhase(TestSuiteExecutor.java:191)
	at com.kms.katalon.core.main.TestSuiteExecutor.accessTestSuiteMainPhase(TestSuiteExecutor.java:141)
	at com.kms.katalon.core.main.TestSuiteExecutor.execute(TestSuiteExecutor.java:90)
	at com.kms.katalon.core.main.TestCaseMain.startTestSuite(TestCaseMain.java:157)
	at com.kms.katalon.core.main.TestCaseMain$startTestSuite$0.call(Unknown Source)
	at TempTestSuite1649228487552.run(TempTestSuite1649228487552.groovy:39)
Caused by: com.kms.katalon.core.exception.StepFailedException: com.kms.katalon.core.webui.exception.WebElementNotFoundException: Web element with id: 'Object Repository/Staging Objects/Page_diagnostics/span_Compatible test strips' located by '//div[@id='tab-desc3']/div[2]/div[5]/span' not found
	at com.kms.katalon.core.webui.keyword.internal.WebUIKeywordMain.stepFailed(WebUIKeywordMain.groovy:64)
	at com.kms.katalon.core.webui.keyword.builtin.VerifyElementPresentKeyword$_verifyElementPresent_closure1.doCall(VerifyElementPresentKeyword.groovy:85)
	at com.kms.katalon.core.webui.keyword.builtin.VerifyElementPresentKeyword$_verifyElementPresent_closure1.call(VerifyElementPresentKeyword.groovy)
	at com.kms.katalon.core.webui.keyword.internal.WebUIKeywordMain.runKeyword(WebUIKeywordMain.groovy:20)
	... 19 more]]></system-err>
      </testcase>
      <testcase name="Test Cases/Custom Item Details/TEST CASE/TC_DETAILS_UI_026" time="20.436" classname="Test Cases/Custom Item Details/TEST CASE/TC_DETAILS_UI_026" status="PASSED">
         <system-out><![CDATA[2022-04-06 15:15:52 - [TEST_CASE][PASSED] - Test Cases/Custom Item Details/TEST CASE/TC_DETAILS_UI_026: Test Cases/Custom Item Details/TEST CASE/TC_DETAILS_UI_026

2022-04-06 15:15:52 - [TEST_STEP][PASSED] - callTestCase(findTestCase("Custom Item Details/UTILITIES/OPEN_BROWSER"), [:], STOP_ON_FAILURE): Call Test Case 'Test Cases/Custom Item Details/UTILITIES/OPEN_BROWSER' successfully

2022-04-06 15:15:52 - [TEST_CASE][PASSED] - Test Cases/Custom Item Details/UTILITIES/OPEN_BROWSER: Test Cases/Custom Item Details/UTILITIES/OPEN_BROWSER

2022-04-06 15:15:52 - [TEST_STEP][PASSED] - openBrowser("https://diagnostics.staging.arcadier.io/"): Browser is opened with url: 'https://diagnostics.staging.arcadier.io/'

2022-04-06 15:15:52 - [MESSAGE][WARNING] - A browser is already opened. Closing browser and opening a new one

2022-04-06 15:15:53 - [MESSAGE][INFO] - Starting 'Chrome' driver

2022-04-06 15:15:53 - [MESSAGE][INFO] - Action delay is set to 0 milliseconds

2022-04-06 15:15:57 - [MESSAGE][PASSED] - Browser is opened with url: 'https://diagnostics.staging.arcadier.io/'

2022-04-06 15:15:57 - [TEST_STEP][PASSED] - maximizeWindow(): Current window maximized

2022-04-06 15:15:57 - [MESSAGE][PASSED] - Current window maximized

2022-04-06 15:15:57 - [TEST_STEP][PASSED] - click(findTestObject("Item Details Objects/Page_diagnostics/a_Accept Cookies")): Object: 'Object Repository/Item Details Objects/Page_diagnostics/a_Accept Cookies' is clicked on

2022-04-06 15:15:58 - [MESSAGE][PASSED] - Object: 'Object Repository/Item Details Objects/Page_diagnostics/a_Accept Cookies' is clicked on

2022-04-06 15:15:58 - [TEST_STEP][PASSED] - click(findTestObject("Staging Objects/Page_diagnostics/a_DIABETES DIAGNOSTICS"), STOP_ON_FAILURE): Object: 'Object Repository/Staging Objects/Page_diagnostics/a_DIABETES DIAGNOSTICS' is clicked on

2022-04-06 15:16:00 - [MESSAGE][PASSED] - Object: 'Object Repository/Staging Objects/Page_diagnostics/a_DIABETES DIAGNOSTICS' is clicked on

2022-04-06 15:16:00 - [TEST_STEP][PASSED] - mouseOver(findTestObject("Staging Objects/Page_diagnostics/a_CareSens N Eco Blood Glucose Meter")): Object: 'Object Repository/Staging Objects/Page_diagnostics/a_CareSens N Eco Blood Glucose Meter' is hovered

2022-04-06 15:16:05 - [MESSAGE][PASSED] - Object: 'Object Repository/Staging Objects/Page_diagnostics/a_CareSens N Eco Blood Glucose Meter' is hovered

2022-04-06 15:16:05 - [TEST_STEP][PASSED] - click(findTestObject("Staging Objects/Page_diagnostics/a_CareSens N Eco Blood Glucose Meter")): Object: 'Object Repository/Staging Objects/Page_diagnostics/a_CareSens N Eco Blood Glucose Meter' is clicked on

2022-04-06 15:16:10 - [MESSAGE][PASSED] - Object: 'Object Repository/Staging Objects/Page_diagnostics/a_CareSens N Eco Blood Glucose Meter' is clicked on

2022-04-06 15:16:10 - [MESSAGE][PASSED] - Call Test Case 'Test Cases/Custom Item Details/UTILITIES/OPEN_BROWSER' successfully

2022-04-06 15:16:10 - [TEST_STEP][PASSED] - waitForElementVisible(findTestObject("Staging Objects/Page_diagnostics/span_Country of manufacture"), 0): Object 'Object Repository/Staging Objects/Page_diagnostics/span_Country of manufacture' is visible

2022-04-06 15:16:10 - [MESSAGE][WARNING] - Timeout '0' is invalid. Using default page load timeout: '30'

2022-04-06 15:16:12 - [MESSAGE][PASSED] - Object 'Object Repository/Staging Objects/Page_diagnostics/span_Country of manufacture' is visible

2022-04-06 15:16:12 - [TEST_STEP][PASSED] - verifyElementPresent(findTestObject("Staging Objects/Page_diagnostics/span_Country of manufacture"), 0): Object 'Object Repository/Staging Objects/Page_diagnostics/span_Country of manufacture' is present

2022-04-06 15:16:12 - [MESSAGE][WARNING] - Timeout '0' is invalid. Using default page load timeout: '30'

2022-04-06 15:16:12 - [MESSAGE][PASSED] - Object 'Object Repository/Staging Objects/Page_diagnostics/span_Country of manufacture' is present

2022-04-06 15:16:12 - [TEST_STEP][PASSED] - callTestCase(findTestCase("Custom Item Details/UTILITIES/CLOSE_BROWSER"), [:], STOP_ON_FAILURE): Call Test Case 'Test Cases/Custom Item Details/UTILITIES/CLOSE_BROWSER' successfully

2022-04-06 15:16:12 - [TEST_CASE][PASSED] - Test Cases/Custom Item Details/UTILITIES/CLOSE_BROWSER: Test Cases/Custom Item Details/UTILITIES/CLOSE_BROWSER

2022-04-06 15:16:12 - [TEST_STEP][PASSED] - closeBrowser(): Browser is closed

2022-04-06 15:16:13 - [MESSAGE][PASSED] - Browser is closed

2022-04-06 15:16:13 - [MESSAGE][PASSED] - Call Test Case 'Test Cases/Custom Item Details/UTILITIES/CLOSE_BROWSER' successfully]]></system-out>
         <system-err><![CDATA[]]></system-err>
      </testcase>
      <testcase name="Test Cases/Custom Item Details/TEST CASE/TC_DETAILS_UI_027" time="18.847" classname="Test Cases/Custom Item Details/TEST CASE/TC_DETAILS_UI_027" status="PASSED">
         <system-out><![CDATA[2022-04-06 15:16:13 - [TEST_CASE][PASSED] - Test Cases/Custom Item Details/TEST CASE/TC_DETAILS_UI_027: Test Cases/Custom Item Details/TEST CASE/TC_DETAILS_UI_027

2022-04-06 15:16:13 - [TEST_STEP][PASSED] - callTestCase(findTestCase("Custom Item Details/UTILITIES/OPEN_BROWSER"), [:], STOP_ON_FAILURE): Call Test Case 'Test Cases/Custom Item Details/UTILITIES/OPEN_BROWSER' successfully

2022-04-06 15:16:13 - [TEST_CASE][PASSED] - Test Cases/Custom Item Details/UTILITIES/OPEN_BROWSER: Test Cases/Custom Item Details/UTILITIES/OPEN_BROWSER

2022-04-06 15:16:13 - [TEST_STEP][PASSED] - openBrowser("https://diagnostics.staging.arcadier.io/"): Browser is opened with url: 'https://diagnostics.staging.arcadier.io/'

2022-04-06 15:16:13 - [MESSAGE][INFO] - Starting 'Chrome' driver

2022-04-06 15:16:13 - [MESSAGE][INFO] - Action delay is set to 0 milliseconds

2022-04-06 15:16:16 - [MESSAGE][PASSED] - Browser is opened with url: 'https://diagnostics.staging.arcadier.io/'

2022-04-06 15:16:16 - [TEST_STEP][PASSED] - maximizeWindow(): Current window maximized

2022-04-06 15:16:16 - [MESSAGE][PASSED] - Current window maximized

2022-04-06 15:16:16 - [TEST_STEP][PASSED] - click(findTestObject("Item Details Objects/Page_diagnostics/a_Accept Cookies")): Object: 'Object Repository/Item Details Objects/Page_diagnostics/a_Accept Cookies' is clicked on

2022-04-06 15:16:18 - [MESSAGE][PASSED] - Object: 'Object Repository/Item Details Objects/Page_diagnostics/a_Accept Cookies' is clicked on

2022-04-06 15:16:18 - [TEST_STEP][PASSED] - click(findTestObject("Staging Objects/Page_diagnostics/a_DIABETES DIAGNOSTICS"), STOP_ON_FAILURE): Object: 'Object Repository/Staging Objects/Page_diagnostics/a_DIABETES DIAGNOSTICS' is clicked on

2022-04-06 15:16:20 - [MESSAGE][PASSED] - Object: 'Object Repository/Staging Objects/Page_diagnostics/a_DIABETES DIAGNOSTICS' is clicked on

2022-04-06 15:16:20 - [TEST_STEP][PASSED] - mouseOver(findTestObject("Staging Objects/Page_diagnostics/a_CareSens N Eco Blood Glucose Meter")): Object: 'Object Repository/Staging Objects/Page_diagnostics/a_CareSens N Eco Blood Glucose Meter' is hovered

2022-04-06 15:16:24 - [MESSAGE][PASSED] - Object: 'Object Repository/Staging Objects/Page_diagnostics/a_CareSens N Eco Blood Glucose Meter' is hovered

2022-04-06 15:16:24 - [TEST_STEP][PASSED] - click(findTestObject("Staging Objects/Page_diagnostics/a_CareSens N Eco Blood Glucose Meter")): Object: 'Object Repository/Staging Objects/Page_diagnostics/a_CareSens N Eco Blood Glucose Meter' is clicked on

2022-04-06 15:16:29 - [MESSAGE][PASSED] - Object: 'Object Repository/Staging Objects/Page_diagnostics/a_CareSens N Eco Blood Glucose Meter' is clicked on

2022-04-06 15:16:29 - [MESSAGE][PASSED] - Call Test Case 'Test Cases/Custom Item Details/UTILITIES/OPEN_BROWSER' successfully

2022-04-06 15:16:29 - [TEST_STEP][PASSED] - waitForElementVisible(findTestObject("Staging Objects/Page_diagnostics/span_Description"), 0): Object 'Object Repository/Staging Objects/Page_diagnostics/span_Description' is visible

2022-04-06 15:16:29 - [MESSAGE][WARNING] - Timeout '0' is invalid. Using default page load timeout: '30'

2022-04-06 15:16:30 - [MESSAGE][PASSED] - Object 'Object Repository/Staging Objects/Page_diagnostics/span_Description' is visible

2022-04-06 15:16:30 - [TEST_STEP][PASSED] - verifyElementPresent(findTestObject("Staging Objects/Page_diagnostics/span_Description"), 0): Object 'Object Repository/Staging Objects/Page_diagnostics/span_Description' is present

2022-04-06 15:16:30 - [MESSAGE][WARNING] - Timeout '0' is invalid. Using default page load timeout: '30'

2022-04-06 15:16:31 - [MESSAGE][PASSED] - Object 'Object Repository/Staging Objects/Page_diagnostics/span_Description' is present

2022-04-06 15:16:31 - [TEST_STEP][PASSED] - callTestCase(findTestCase("Custom Item Details/UTILITIES/CLOSE_BROWSER"), [:], STOP_ON_FAILURE): Call Test Case 'Test Cases/Custom Item Details/UTILITIES/CLOSE_BROWSER' successfully

2022-04-06 15:16:31 - [TEST_CASE][PASSED] - Test Cases/Custom Item Details/UTILITIES/CLOSE_BROWSER: Test Cases/Custom Item Details/UTILITIES/CLOSE_BROWSER

2022-04-06 15:16:31 - [TEST_STEP][PASSED] - closeBrowser(): Browser is closed

2022-04-06 15:16:31 - [MESSAGE][PASSED] - Browser is closed

2022-04-06 15:16:31 - [MESSAGE][PASSED] - Call Test Case 'Test Cases/Custom Item Details/UTILITIES/CLOSE_BROWSER' successfully]]></system-out>
         <system-err><![CDATA[]]></system-err>
      </testcase>
      <testcase name="Test Cases/Custom Item Details/TEST CASE/TC_DETAILS_UI_028" time="78.689" classname="Test Cases/Custom Item Details/TEST CASE/TC_DETAILS_UI_028" status="FAILED">
         <failure type="FAILED" message="Test Cases/Custom Item Details/TEST CASE/TC_DETAILS_UI_028 FAILED.
Reason:
com.kms.katalon.core.exception.StepFailedException: Unable to verify object 'Object Repository/Staging Objects/Page_diagnostics/span_Diabetes Management Software' is present
	at com.kms.katalon.core.webui.keyword.internal.WebUIKeywordMain.stepFailed(WebUIKeywordMain.groovy:64)
	at com.kms.katalon.core.webui.keyword.internal.WebUIKeywordMain.runKeyword(WebUIKeywordMain.groovy:26)
	at com.kms.katalon.core.webui.keyword.builtin.VerifyElementPresentKeyword.verifyElementPresent(VerifyElementPresentKeyword.groovy:92)
	at com.kms.katalon.core.webui.keyword.builtin.VerifyElementPresentKeyword.execute(VerifyElementPresentKeyword.groovy:68)
	at com.kms.katalon.core.keyword.internal.KeywordExecutor.executeKeywordForPlatform(KeywordExecutor.groovy:73)
	at com.kms.katalon.core.webui.keyword.WebUiBuiltInKeywords.verifyElementPresent(WebUiBuiltInKeywords.groovy:1461)
	at com.kms.katalon.core.webui.keyword.WebUiBuiltInKeywords$verifyElementPresent$9.call(Unknown Source)
	at TC_DETAILS_UI_028.run(TC_DETAILS_UI_028:22)
	at com.kms.katalon.core.main.ScriptEngine.run(ScriptEngine.java:194)
	at com.kms.katalon.core.main.ScriptEngine.runScriptAsRawText(ScriptEngine.java:119)
	at com.kms.katalon.core.main.TestCaseExecutor.runScript(TestCaseExecutor.java:339)
	at com.kms.katalon.core.main.TestCaseExecutor.doExecute(TestCaseExecutor.java:330)
	at com.kms.katalon.core.main.TestCaseExecutor.processExecutionPhase(TestCaseExecutor.java:309)
	at com.kms.katalon.core.main.TestCaseExecutor.accessMainPhase(TestCaseExecutor.java:301)
	at com.kms.katalon.core.main.TestCaseExecutor.execute(TestCaseExecutor.java:235)
	at com.kms.katalon.core.main.TestSuiteExecutor.accessTestCaseMainPhase(TestSuiteExecutor.java:191)
	at com.kms.katalon.core.main.TestSuiteExecutor.accessTestSuiteMainPhase(TestSuiteExecutor.java:141)
	at com.kms.katalon.core.main.TestSuiteExecutor.execute(TestSuiteExecutor.java:90)
	at com.kms.katalon.core.main.TestCaseMain.startTestSuite(TestCaseMain.java:157)
	at com.kms.katalon.core.main.TestCaseMain$startTestSuite$0.call(Unknown Source)
	at TempTestSuite1649228487552.run(TempTestSuite1649228487552.groovy:39)
Caused by: com.kms.katalon.core.exception.StepFailedException: com.kms.katalon.core.webui.exception.WebElementNotFoundException: Web element with id: 'Object Repository/Staging Objects/Page_diagnostics/span_Diabetes Management Software' located by '//div[@id='tab-desc3']/div[2]/div[15]/span' not found
	at com.kms.katalon.core.webui.keyword.internal.WebUIKeywordMain.stepFailed(WebUIKeywordMain.groovy:64)
	at com.kms.katalon.core.webui.keyword.builtin.VerifyElementPresentKeyword$_verifyElementPresent_closure1.doCall(VerifyElementPresentKeyword.groovy:85)
	at com.kms.katalon.core.webui.keyword.builtin.VerifyElementPresentKeyword$_verifyElementPresent_closure1.call(VerifyElementPresentKeyword.groovy)
	at com.kms.katalon.core.webui.keyword.internal.WebUIKeywordMain.runKeyword(WebUIKeywordMain.groovy:20)
	... 19 more
"/>
         <system-out><![CDATA[2022-04-06 15:16:31 - [TEST_CASE][FAILED] - Test Cases/Custom Item Details/TEST CASE/TC_DETAILS_UI_028: Test Cases/Custom Item Details/TEST CASE/TC_DETAILS_UI_028 FAILED.
Reason:
com.kms.katalon.core.exception.StepFailedException: Unable to verify object 'Object Repository/Staging Objects/Page_diagnostics/span_Diabetes Management Software' is present
	at com.kms.katalon.core.webui.keyword.internal.WebUIKeywordMain.stepFailed(WebUIKeywordMain.groovy:64)
	at com.kms.katalon.core.webui.keyword.internal.WebUIKeywordMain.runKeyword(WebUIKeywordMain.groovy:26)
	at com.kms.katalon.core.webui.keyword.builtin.VerifyElementPresentKeyword.verifyElementPresent(VerifyElementPresentKeyword.groovy:92)
	at com.kms.katalon.core.webui.keyword.builtin.VerifyElementPresentKeyword.execute(VerifyElementPresentKeyword.groovy:68)
	at com.kms.katalon.core.keyword.internal.KeywordExecutor.executeKeywordForPlatform(KeywordExecutor.groovy:73)
	at com.kms.katalon.core.webui.keyword.WebUiBuiltInKeywords.verifyElementPresent(WebUiBuiltInKeywords.groovy:1461)
	at com.kms.katalon.core.webui.keyword.WebUiBuiltInKeywords$verifyElementPresent$9.call(Unknown Source)
	at TC_DETAILS_UI_028.run(TC_DETAILS_UI_028:22)
	at com.kms.katalon.core.main.ScriptEngine.run(ScriptEngine.java:194)
	at com.kms.katalon.core.main.ScriptEngine.runScriptAsRawText(ScriptEngine.java:119)
	at com.kms.katalon.core.main.TestCaseExecutor.runScript(TestCaseExecutor.java:339)
	at com.kms.katalon.core.main.TestCaseExecutor.doExecute(TestCaseExecutor.java:330)
	at com.kms.katalon.core.main.TestCaseExecutor.processExecutionPhase(TestCaseExecutor.java:309)
	at com.kms.katalon.core.main.TestCaseExecutor.accessMainPhase(TestCaseExecutor.java:301)
	at com.kms.katalon.core.main.TestCaseExecutor.execute(TestCaseExecutor.java:235)
	at com.kms.katalon.core.main.TestSuiteExecutor.accessTestCaseMainPhase(TestSuiteExecutor.java:191)
	at com.kms.katalon.core.main.TestSuiteExecutor.accessTestSuiteMainPhase(TestSuiteExecutor.java:141)
	at com.kms.katalon.core.main.TestSuiteExecutor.execute(TestSuiteExecutor.java:90)
	at com.kms.katalon.core.main.TestCaseMain.startTestSuite(TestCaseMain.java:157)
	at com.kms.katalon.core.main.TestCaseMain$startTestSuite$0.call(Unknown Source)
	at TempTestSuite1649228487552.run(TempTestSuite1649228487552.groovy:39)
Caused by: com.kms.katalon.core.exception.StepFailedException: com.kms.katalon.core.webui.exception.WebElementNotFoundException: Web element with id: 'Object Repository/Staging Objects/Page_diagnostics/span_Diabetes Management Software' located by '//div[@id='tab-desc3']/div[2]/div[15]/span' not found
	at com.kms.katalon.core.webui.keyword.internal.WebUIKeywordMain.stepFailed(WebUIKeywordMain.groovy:64)
	at com.kms.katalon.core.webui.keyword.builtin.VerifyElementPresentKeyword$_verifyElementPresent_closure1.doCall(VerifyElementPresentKeyword.groovy:85)
	at com.kms.katalon.core.webui.keyword.builtin.VerifyElementPresentKeyword$_verifyElementPresent_closure1.call(VerifyElementPresentKeyword.groovy)
	at com.kms.katalon.core.webui.keyword.internal.WebUIKeywordMain.runKeyword(WebUIKeywordMain.groovy:20)
	... 19 more


2022-04-06 15:16:32 - [TEST_STEP][PASSED] - callTestCase(findTestCase("Custom Item Details/UTILITIES/OPEN_BROWSER"), [:], STOP_ON_FAILURE): Call Test Case 'Test Cases/Custom Item Details/UTILITIES/OPEN_BROWSER' successfully

2022-04-06 15:16:32 - [TEST_CASE][PASSED] - Test Cases/Custom Item Details/UTILITIES/OPEN_BROWSER: Test Cases/Custom Item Details/UTILITIES/OPEN_BROWSER

2022-04-06 15:16:32 - [TEST_STEP][PASSED] - openBrowser("https://diagnostics.staging.arcadier.io/"): Browser is opened with url: 'https://diagnostics.staging.arcadier.io/'

2022-04-06 15:16:32 - [MESSAGE][INFO] - Starting 'Chrome' driver

2022-04-06 15:16:32 - [MESSAGE][INFO] - Action delay is set to 0 milliseconds

2022-04-06 15:16:35 - [MESSAGE][PASSED] - Browser is opened with url: 'https://diagnostics.staging.arcadier.io/'

2022-04-06 15:16:35 - [TEST_STEP][PASSED] - maximizeWindow(): Current window maximized

2022-04-06 15:16:35 - [MESSAGE][PASSED] - Current window maximized

2022-04-06 15:16:35 - [TEST_STEP][PASSED] - click(findTestObject("Item Details Objects/Page_diagnostics/a_Accept Cookies")): Object: 'Object Repository/Item Details Objects/Page_diagnostics/a_Accept Cookies' is clicked on

2022-04-06 15:16:37 - [MESSAGE][PASSED] - Object: 'Object Repository/Item Details Objects/Page_diagnostics/a_Accept Cookies' is clicked on

2022-04-06 15:16:37 - [TEST_STEP][PASSED] - click(findTestObject("Staging Objects/Page_diagnostics/a_DIABETES DIAGNOSTICS"), STOP_ON_FAILURE): Object: 'Object Repository/Staging Objects/Page_diagnostics/a_DIABETES DIAGNOSTICS' is clicked on

2022-04-06 15:16:38 - [MESSAGE][PASSED] - Object: 'Object Repository/Staging Objects/Page_diagnostics/a_DIABETES DIAGNOSTICS' is clicked on

2022-04-06 15:16:38 - [TEST_STEP][PASSED] - mouseOver(findTestObject("Staging Objects/Page_diagnostics/a_CareSens N Eco Blood Glucose Meter")): Object: 'Object Repository/Staging Objects/Page_diagnostics/a_CareSens N Eco Blood Glucose Meter' is hovered

2022-04-06 15:16:42 - [MESSAGE][PASSED] - Object: 'Object Repository/Staging Objects/Page_diagnostics/a_CareSens N Eco Blood Glucose Meter' is hovered

2022-04-06 15:16:42 - [TEST_STEP][PASSED] - click(findTestObject("Staging Objects/Page_diagnostics/a_CareSens N Eco Blood Glucose Meter")): Object: 'Object Repository/Staging Objects/Page_diagnostics/a_CareSens N Eco Blood Glucose Meter' is clicked on

2022-04-06 15:16:47 - [MESSAGE][PASSED] - Object: 'Object Repository/Staging Objects/Page_diagnostics/a_CareSens N Eco Blood Glucose Meter' is clicked on

2022-04-06 15:16:47 - [MESSAGE][PASSED] - Call Test Case 'Test Cases/Custom Item Details/UTILITIES/OPEN_BROWSER' successfully

2022-04-06 15:16:47 - [TEST_STEP][PASSED] - waitForElementVisible(findTestObject("Staging Objects/Page_diagnostics/span_Diabetes Management Software"), 0): Web element with id: 'Object Repository/Staging Objects/Page_diagnostics/span_Diabetes Management Software' located by '//div[@id='tab-desc3']/div[2]/div[15]/span' not found

2022-04-06 15:16:47 - [MESSAGE][WARNING] - Timeout '0' is invalid. Using default page load timeout: '30'

2022-04-06 15:17:19 - [MESSAGE][INFO] - Unable to find the element located by 'By.xpath: //div[@id='tab-desc3']/div[2]/div[15]/span'. Please recheck the objects properties to make sure the desired element is located. 

2022-04-06 15:17:19 - [MESSAGE][WARNING] - Web element with id: 'Object Repository/Staging Objects/Page_diagnostics/span_Diabetes Management Software' located by '//div[@id='tab-desc3']/div[2]/div[15]/span' not found

2022-04-06 15:17:19 - [TEST_STEP][FAILED] - verifyElementPresent(findTestObject("Staging Objects/Page_diagnostics/span_Diabetes Management Software"), 0): Unable to verify object 'Object Repository/Staging Objects/Page_diagnostics/span_Diabetes Management Software' is present (Root cause: com.kms.katalon.core.exception.StepFailedException: Unable to verify object 'Object Repository/Staging Objects/Page_diagnostics/span_Diabetes Management Software' is present
	at com.kms.katalon.core.webui.keyword.internal.WebUIKeywordMain.stepFailed(WebUIKeywordMain.groovy:64)
	at com.kms.katalon.core.webui.keyword.internal.WebUIKeywordMain.runKeyword(WebUIKeywordMain.groovy:26)
	at com.kms.katalon.core.webui.keyword.builtin.VerifyElementPresentKeyword.verifyElementPresent(VerifyElementPresentKeyword.groovy:92)
	at com.kms.katalon.core.webui.keyword.builtin.VerifyElementPresentKeyword.execute(VerifyElementPresentKeyword.groovy:68)
	at com.kms.katalon.core.keyword.internal.KeywordExecutor.executeKeywordForPlatform(KeywordExecutor.groovy:73)
	at com.kms.katalon.core.webui.keyword.WebUiBuiltInKeywords.verifyElementPresent(WebUiBuiltInKeywords.groovy:1461)
	at com.kms.katalon.core.webui.keyword.WebUiBuiltInKeywords$verifyElementPresent$9.call(Unknown Source)
	at TC_DETAILS_UI_028.run(TC_DETAILS_UI_028:22)
	at com.kms.katalon.core.main.ScriptEngine.run(ScriptEngine.java:194)
	at com.kms.katalon.core.main.ScriptEngine.runScriptAsRawText(ScriptEngine.java:119)
	at com.kms.katalon.core.main.TestCaseExecutor.runScript(TestCaseExecutor.java:339)
	at com.kms.katalon.core.main.TestCaseExecutor.doExecute(TestCaseExecutor.java:330)
	at com.kms.katalon.core.main.TestCaseExecutor.processExecutionPhase(TestCaseExecutor.java:309)
	at com.kms.katalon.core.main.TestCaseExecutor.accessMainPhase(TestCaseExecutor.java:301)
	at com.kms.katalon.core.main.TestCaseExecutor.execute(TestCaseExecutor.java:235)
	at com.kms.katalon.core.main.TestSuiteExecutor.accessTestCaseMainPhase(TestSuiteExecutor.java:191)
	at com.kms.katalon.core.main.TestSuiteExecutor.accessTestSuiteMainPhase(TestSuiteExecutor.java:141)
	at com.kms.katalon.core.main.TestSuiteExecutor.execute(TestSuiteExecutor.java:90)
	at com.kms.katalon.core.main.TestCaseMain.startTestSuite(TestCaseMain.java:157)
	at com.kms.katalon.core.main.TestCaseMain$startTestSuite$0.call(Unknown Source)
	at TempTestSuite1649228487552.run(TempTestSuite1649228487552.groovy:39)
Caused by: com.kms.katalon.core.exception.StepFailedException: com.kms.katalon.core.webui.exception.WebElementNotFoundException: Web element with id: 'Object Repository/Staging Objects/Page_diagnostics/span_Diabetes Management Software' located by '//div[@id='tab-desc3']/div[2]/div[15]/span' not found
	at com.kms.katalon.core.webui.keyword.internal.WebUIKeywordMain.stepFailed(WebUIKeywordMain.groovy:64)
	at com.kms.katalon.core.webui.keyword.builtin.VerifyElementPresentKeyword$_verifyElementPresent_closure1.doCall(VerifyElementPresentKeyword.groovy:85)
	at com.kms.katalon.core.webui.keyword.builtin.VerifyElementPresentKeyword$_verifyElementPresent_closure1.call(VerifyElementPresentKeyword.groovy)
	at com.kms.katalon.core.webui.keyword.internal.WebUIKeywordMain.runKeyword(WebUIKeywordMain.groovy:20)
	... 19 more
)

2022-04-06 15:17:19 - [MESSAGE][WARNING] - Timeout '0' is invalid. Using default page load timeout: '30'

2022-04-06 15:17:50 - [MESSAGE][INFO] - Unable to find the element located by 'By.xpath: //div[@id='tab-desc3']/div[2]/div[15]/span'. Please recheck the objects properties to make sure the desired element is located. 

2022-04-06 15:17:50 - [MESSAGE][FAILED] - com.kms.katalon.core.webui.exception.WebElementNotFoundException: Web element with id: 'Object Repository/Staging Objects/Page_diagnostics/span_Diabetes Management Software' located by '//div[@id='tab-desc3']/div[2]/div[15]/span' not found (Root cause: com.kms.katalon.core.exception.StepFailedException: com.kms.katalon.core.webui.exception.WebElementNotFoundException: Web element with id: 'Object Repository/Staging Objects/Page_diagnostics/span_Diabetes Management Software' located by '//div[@id='tab-desc3']/div[2]/div[15]/span' not found
	at com.kms.katalon.core.webui.keyword.internal.WebUIKeywordMain.stepFailed(WebUIKeywordMain.groovy:64)
	at com.kms.katalon.core.webui.keyword.builtin.VerifyElementPresentKeyword$_verifyElementPresent_closure1.doCall(VerifyElementPresentKeyword.groovy:85)
	at com.kms.katalon.core.webui.keyword.builtin.VerifyElementPresentKeyword$_verifyElementPresent_closure1.call(VerifyElementPresentKeyword.groovy)
	at com.kms.katalon.core.webui.keyword.internal.WebUIKeywordMain.runKeyword(WebUIKeywordMain.groovy:20)
	at com.kms.katalon.core.webui.keyword.builtin.VerifyElementPresentKeyword.verifyElementPresent(VerifyElementPresentKeyword.groovy:92)
	at com.kms.katalon.core.webui.keyword.builtin.VerifyElementPresentKeyword.execute(VerifyElementPresentKeyword.groovy:68)
	at com.kms.katalon.core.keyword.internal.KeywordExecutor.executeKeywordForPlatform(KeywordExecutor.groovy:73)
	at com.kms.katalon.core.webui.keyword.WebUiBuiltInKeywords.verifyElementPresent(WebUiBuiltInKeywords.groovy:1461)
	at com.kms.katalon.core.webui.keyword.WebUiBuiltInKeywords$verifyElementPresent$9.call(Unknown Source)
	at TC_DETAILS_UI_028.run(TC_DETAILS_UI_028:22)
	at com.kms.katalon.core.main.ScriptEngine.run(ScriptEngine.java:194)
	at com.kms.katalon.core.main.ScriptEngine.runScriptAsRawText(ScriptEngine.java:119)
	at com.kms.katalon.core.main.TestCaseExecutor.runScript(TestCaseExecutor.java:339)
	at com.kms.katalon.core.main.TestCaseExecutor.doExecute(TestCaseExecutor.java:330)
	at com.kms.katalon.core.main.TestCaseExecutor.processExecutionPhase(TestCaseExecutor.java:309)
	at com.kms.katalon.core.main.TestCaseExecutor.accessMainPhase(TestCaseExecutor.java:301)
	at com.kms.katalon.core.main.TestCaseExecutor.execute(TestCaseExecutor.java:235)
	at com.kms.katalon.core.main.TestSuiteExecutor.accessTestCaseMainPhase(TestSuiteExecutor.java:191)
	at com.kms.katalon.core.main.TestSuiteExecutor.accessTestSuiteMainPhase(TestSuiteExecutor.java:141)
	at com.kms.katalon.core.main.TestSuiteExecutor.execute(TestSuiteExecutor.java:90)
	at com.kms.katalon.core.main.TestCaseMain.startTestSuite(TestCaseMain.java:157)
	at com.kms.katalon.core.main.TestCaseMain$startTestSuite$0.call(Unknown Source)
	at TempTestSuite1649228487552.run(TempTestSuite1649228487552.groovy:39)
)
[[ATTACHMENT|K:\\Work\\GitHub\\find-item-detail-test_v2\\Reports\\20220406_150127\\Item detail test\\20220406_150127\\1649229470282.png]]

2022-04-06 15:17:50 - [MESSAGE][FAILED] - Unable to verify object 'Object Repository/Staging Objects/Page_diagnostics/span_Diabetes Management Software' is present (Root cause: com.kms.katalon.core.exception.StepFailedException: Unable to verify object 'Object Repository/Staging Objects/Page_diagnostics/span_Diabetes Management Software' is present
	at com.kms.katalon.core.webui.keyword.internal.WebUIKeywordMain.stepFailed(WebUIKeywordMain.groovy:64)
	at com.kms.katalon.core.webui.keyword.internal.WebUIKeywordMain.runKeyword(WebUIKeywordMain.groovy:26)
	at com.kms.katalon.core.webui.keyword.builtin.VerifyElementPresentKeyword.verifyElementPresent(VerifyElementPresentKeyword.groovy:92)
	at com.kms.katalon.core.webui.keyword.builtin.VerifyElementPresentKeyword.execute(VerifyElementPresentKeyword.groovy:68)
	at com.kms.katalon.core.keyword.internal.KeywordExecutor.executeKeywordForPlatform(KeywordExecutor.groovy:73)
	at com.kms.katalon.core.webui.keyword.WebUiBuiltInKeywords.verifyElementPresent(WebUiBuiltInKeywords.groovy:1461)
	at com.kms.katalon.core.webui.keyword.WebUiBuiltInKeywords$verifyElementPresent$9.call(Unknown Source)
	at TC_DETAILS_UI_028.run(TC_DETAILS_UI_028:22)
	at com.kms.katalon.core.main.ScriptEngine.run(ScriptEngine.java:194)
	at com.kms.katalon.core.main.ScriptEngine.runScriptAsRawText(ScriptEngine.java:119)
	at com.kms.katalon.core.main.TestCaseExecutor.runScript(TestCaseExecutor.java:339)
	at com.kms.katalon.core.main.TestCaseExecutor.doExecute(TestCaseExecutor.java:330)
	at com.kms.katalon.core.main.TestCaseExecutor.processExecutionPhase(TestCaseExecutor.java:309)
	at com.kms.katalon.core.main.TestCaseExecutor.accessMainPhase(TestCaseExecutor.java:301)
	at com.kms.katalon.core.main.TestCaseExecutor.execute(TestCaseExecutor.java:235)
	at com.kms.katalon.core.main.TestSuiteExecutor.accessTestCaseMainPhase(TestSuiteExecutor.java:191)
	at com.kms.katalon.core.main.TestSuiteExecutor.accessTestSuiteMainPhase(TestSuiteExecutor.java:141)
	at com.kms.katalon.core.main.TestSuiteExecutor.execute(TestSuiteExecutor.java:90)
	at com.kms.katalon.core.main.TestCaseMain.startTestSuite(TestCaseMain.java:157)
	at com.kms.katalon.core.main.TestCaseMain$startTestSuite$0.call(Unknown Source)
	at TempTestSuite1649228487552.run(TempTestSuite1649228487552.groovy:39)
Caused by: com.kms.katalon.core.exception.StepFailedException: com.kms.katalon.core.webui.exception.WebElementNotFoundException: Web element with id: 'Object Repository/Staging Objects/Page_diagnostics/span_Diabetes Management Software' located by '//div[@id='tab-desc3']/div[2]/div[15]/span' not found
	at com.kms.katalon.core.webui.keyword.internal.WebUIKeywordMain.stepFailed(WebUIKeywordMain.groovy:64)
	at com.kms.katalon.core.webui.keyword.builtin.VerifyElementPresentKeyword$_verifyElementPresent_closure1.doCall(VerifyElementPresentKeyword.groovy:85)
	at com.kms.katalon.core.webui.keyword.builtin.VerifyElementPresentKeyword$_verifyElementPresent_closure1.call(VerifyElementPresentKeyword.groovy)
	at com.kms.katalon.core.webui.keyword.internal.WebUIKeywordMain.runKeyword(WebUIKeywordMain.groovy:20)
	... 19 more
)
[[ATTACHMENT|K:\\Work\\GitHub\\find-item-detail-test_v2\\Reports\\20220406_150127\\Item detail test\\20220406_150127\\1649229470442.png]]]]></system-out>
         <system-err><![CDATA[2022-04-06 15:16:31 - [TEST_CASE][FAILED] - Test Cases/Custom Item Details/TEST CASE/TC_DETAILS_UI_028: Test Cases/Custom Item Details/TEST CASE/TC_DETAILS_UI_028 FAILED.
Reason:
com.kms.katalon.core.exception.StepFailedException: Unable to verify object 'Object Repository/Staging Objects/Page_diagnostics/span_Diabetes Management Software' is present
	at com.kms.katalon.core.webui.keyword.internal.WebUIKeywordMain.stepFailed(WebUIKeywordMain.groovy:64)
	at com.kms.katalon.core.webui.keyword.internal.WebUIKeywordMain.runKeyword(WebUIKeywordMain.groovy:26)
	at com.kms.katalon.core.webui.keyword.builtin.VerifyElementPresentKeyword.verifyElementPresent(VerifyElementPresentKeyword.groovy:92)
	at com.kms.katalon.core.webui.keyword.builtin.VerifyElementPresentKeyword.execute(VerifyElementPresentKeyword.groovy:68)
	at com.kms.katalon.core.keyword.internal.KeywordExecutor.executeKeywordForPlatform(KeywordExecutor.groovy:73)
	at com.kms.katalon.core.webui.keyword.WebUiBuiltInKeywords.verifyElementPresent(WebUiBuiltInKeywords.groovy:1461)
	at com.kms.katalon.core.webui.keyword.WebUiBuiltInKeywords$verifyElementPresent$9.call(Unknown Source)
	at TC_DETAILS_UI_028.run(TC_DETAILS_UI_028:22)
	at com.kms.katalon.core.main.ScriptEngine.run(ScriptEngine.java:194)
	at com.kms.katalon.core.main.ScriptEngine.runScriptAsRawText(ScriptEngine.java:119)
	at com.kms.katalon.core.main.TestCaseExecutor.runScript(TestCaseExecutor.java:339)
	at com.kms.katalon.core.main.TestCaseExecutor.doExecute(TestCaseExecutor.java:330)
	at com.kms.katalon.core.main.TestCaseExecutor.processExecutionPhase(TestCaseExecutor.java:309)
	at com.kms.katalon.core.main.TestCaseExecutor.accessMainPhase(TestCaseExecutor.java:301)
	at com.kms.katalon.core.main.TestCaseExecutor.execute(TestCaseExecutor.java:235)
	at com.kms.katalon.core.main.TestSuiteExecutor.accessTestCaseMainPhase(TestSuiteExecutor.java:191)
	at com.kms.katalon.core.main.TestSuiteExecutor.accessTestSuiteMainPhase(TestSuiteExecutor.java:141)
	at com.kms.katalon.core.main.TestSuiteExecutor.execute(TestSuiteExecutor.java:90)
	at com.kms.katalon.core.main.TestCaseMain.startTestSuite(TestCaseMain.java:157)
	at com.kms.katalon.core.main.TestCaseMain$startTestSuite$0.call(Unknown Source)
	at TempTestSuite1649228487552.run(TempTestSuite1649228487552.groovy:39)
Caused by: com.kms.katalon.core.exception.StepFailedException: com.kms.katalon.core.webui.exception.WebElementNotFoundException: Web element with id: 'Object Repository/Staging Objects/Page_diagnostics/span_Diabetes Management Software' located by '//div[@id='tab-desc3']/div[2]/div[15]/span' not found
	at com.kms.katalon.core.webui.keyword.internal.WebUIKeywordMain.stepFailed(WebUIKeywordMain.groovy:64)
	at com.kms.katalon.core.webui.keyword.builtin.VerifyElementPresentKeyword$_verifyElementPresent_closure1.doCall(VerifyElementPresentKeyword.groovy:85)
	at com.kms.katalon.core.webui.keyword.builtin.VerifyElementPresentKeyword$_verifyElementPresent_closure1.call(VerifyElementPresentKeyword.groovy)
	at com.kms.katalon.core.webui.keyword.internal.WebUIKeywordMain.runKeyword(WebUIKeywordMain.groovy:20)
	... 19 more]]></system-err>
      </testcase>
      <testcase name="Test Cases/Custom Item Details/TEST CASE/TC_DETAILS_UI_029" time="21.243" classname="Test Cases/Custom Item Details/TEST CASE/TC_DETAILS_UI_029" status="PASSED">
         <system-out><![CDATA[2022-04-06 15:17:50 - [TEST_CASE][PASSED] - Test Cases/Custom Item Details/TEST CASE/TC_DETAILS_UI_029: Test Cases/Custom Item Details/TEST CASE/TC_DETAILS_UI_029

2022-04-06 15:17:50 - [TEST_STEP][PASSED] - callTestCase(findTestCase("Custom Item Details/UTILITIES/OPEN_BROWSER"), [:], STOP_ON_FAILURE): Call Test Case 'Test Cases/Custom Item Details/UTILITIES/OPEN_BROWSER' successfully

2022-04-06 15:17:50 - [TEST_CASE][PASSED] - Test Cases/Custom Item Details/UTILITIES/OPEN_BROWSER: Test Cases/Custom Item Details/UTILITIES/OPEN_BROWSER

2022-04-06 15:17:50 - [TEST_STEP][PASSED] - openBrowser("https://diagnostics.staging.arcadier.io/"): Browser is opened with url: 'https://diagnostics.staging.arcadier.io/'

2022-04-06 15:17:50 - [MESSAGE][WARNING] - A browser is already opened. Closing browser and opening a new one

2022-04-06 15:17:51 - [MESSAGE][INFO] - Starting 'Chrome' driver

2022-04-06 15:17:51 - [MESSAGE][INFO] - Action delay is set to 0 milliseconds

2022-04-06 15:17:54 - [MESSAGE][PASSED] - Browser is opened with url: 'https://diagnostics.staging.arcadier.io/'

2022-04-06 15:17:54 - [TEST_STEP][PASSED] - maximizeWindow(): Current window maximized

2022-04-06 15:17:54 - [MESSAGE][PASSED] - Current window maximized

2022-04-06 15:17:54 - [TEST_STEP][PASSED] - click(findTestObject("Item Details Objects/Page_diagnostics/a_Accept Cookies")): Object: 'Object Repository/Item Details Objects/Page_diagnostics/a_Accept Cookies' is clicked on

2022-04-06 15:17:56 - [MESSAGE][PASSED] - Object: 'Object Repository/Item Details Objects/Page_diagnostics/a_Accept Cookies' is clicked on

2022-04-06 15:17:56 - [TEST_STEP][PASSED] - click(findTestObject("Staging Objects/Page_diagnostics/a_DIABETES DIAGNOSTICS"), STOP_ON_FAILURE): Object: 'Object Repository/Staging Objects/Page_diagnostics/a_DIABETES DIAGNOSTICS' is clicked on

2022-04-06 15:17:59 - [MESSAGE][PASSED] - Object: 'Object Repository/Staging Objects/Page_diagnostics/a_DIABETES DIAGNOSTICS' is clicked on

2022-04-06 15:17:59 - [TEST_STEP][PASSED] - mouseOver(findTestObject("Staging Objects/Page_diagnostics/a_CareSens N Eco Blood Glucose Meter")): Object: 'Object Repository/Staging Objects/Page_diagnostics/a_CareSens N Eco Blood Glucose Meter' is hovered

2022-04-06 15:18:03 - [MESSAGE][PASSED] - Object: 'Object Repository/Staging Objects/Page_diagnostics/a_CareSens N Eco Blood Glucose Meter' is hovered

2022-04-06 15:18:03 - [TEST_STEP][PASSED] - click(findTestObject("Staging Objects/Page_diagnostics/a_CareSens N Eco Blood Glucose Meter")): Object: 'Object Repository/Staging Objects/Page_diagnostics/a_CareSens N Eco Blood Glucose Meter' is clicked on

2022-04-06 15:18:09 - [MESSAGE][PASSED] - Object: 'Object Repository/Staging Objects/Page_diagnostics/a_CareSens N Eco Blood Glucose Meter' is clicked on

2022-04-06 15:18:09 - [MESSAGE][PASSED] - Call Test Case 'Test Cases/Custom Item Details/UTILITIES/OPEN_BROWSER' successfully

2022-04-06 15:18:09 - [TEST_STEP][PASSED] - waitForElementVisible(findTestObject("Staging Objects/Page_diagnostics/span_Enzyme"), 0): Object 'Object Repository/Staging Objects/Page_diagnostics/span_Enzyme' is visible

2022-04-06 15:18:09 - [MESSAGE][WARNING] - Timeout '0' is invalid. Using default page load timeout: '30'

2022-04-06 15:18:10 - [MESSAGE][PASSED] - Object 'Object Repository/Staging Objects/Page_diagnostics/span_Enzyme' is visible

2022-04-06 15:18:10 - [TEST_STEP][PASSED] - verifyElementPresent(findTestObject("Staging Objects/Page_diagnostics/span_Enzyme"), 0): Object 'Object Repository/Staging Objects/Page_diagnostics/span_Enzyme' is present

2022-04-06 15:18:10 - [MESSAGE][WARNING] - Timeout '0' is invalid. Using default page load timeout: '30'

2022-04-06 15:18:11 - [MESSAGE][PASSED] - Object 'Object Repository/Staging Objects/Page_diagnostics/span_Enzyme' is present

2022-04-06 15:18:11 - [TEST_STEP][PASSED] - callTestCase(findTestCase("Custom Item Details/UTILITIES/CLOSE_BROWSER"), [:], STOP_ON_FAILURE): Call Test Case 'Test Cases/Custom Item Details/UTILITIES/CLOSE_BROWSER' successfully

2022-04-06 15:18:11 - [TEST_CASE][PASSED] - Test Cases/Custom Item Details/UTILITIES/CLOSE_BROWSER: Test Cases/Custom Item Details/UTILITIES/CLOSE_BROWSER

2022-04-06 15:18:11 - [TEST_STEP][PASSED] - closeBrowser(): Browser is closed

2022-04-06 15:18:11 - [MESSAGE][PASSED] - Browser is closed

2022-04-06 15:18:11 - [MESSAGE][PASSED] - Call Test Case 'Test Cases/Custom Item Details/UTILITIES/CLOSE_BROWSER' successfully]]></system-out>
         <system-err><![CDATA[]]></system-err>
      </testcase>
      <testcase name="Test Cases/Custom Item Details/TEST CASE/TC_DETAILS_UI_030" time="19.78" classname="Test Cases/Custom Item Details/TEST CASE/TC_DETAILS_UI_030" status="PASSED">
         <system-out><![CDATA[2022-04-06 15:18:11 - [TEST_CASE][PASSED] - Test Cases/Custom Item Details/TEST CASE/TC_DETAILS_UI_030: Test Cases/Custom Item Details/TEST CASE/TC_DETAILS_UI_030

2022-04-06 15:18:12 - [TEST_STEP][PASSED] - callTestCase(findTestCase("Custom Item Details/UTILITIES/OPEN_BROWSER"), [:], STOP_ON_FAILURE): Call Test Case 'Test Cases/Custom Item Details/UTILITIES/OPEN_BROWSER' successfully

2022-04-06 15:18:12 - [TEST_CASE][PASSED] - Test Cases/Custom Item Details/UTILITIES/OPEN_BROWSER: Test Cases/Custom Item Details/UTILITIES/OPEN_BROWSER

2022-04-06 15:18:12 - [TEST_STEP][PASSED] - openBrowser("https://diagnostics.staging.arcadier.io/"): Browser is opened with url: 'https://diagnostics.staging.arcadier.io/'

2022-04-06 15:18:12 - [MESSAGE][INFO] - Starting 'Chrome' driver

2022-04-06 15:18:12 - [MESSAGE][INFO] - Action delay is set to 0 milliseconds

2022-04-06 15:18:15 - [MESSAGE][PASSED] - Browser is opened with url: 'https://diagnostics.staging.arcadier.io/'

2022-04-06 15:18:15 - [TEST_STEP][PASSED] - maximizeWindow(): Current window maximized

2022-04-06 15:18:15 - [MESSAGE][PASSED] - Current window maximized

2022-04-06 15:18:15 - [TEST_STEP][PASSED] - click(findTestObject("Item Details Objects/Page_diagnostics/a_Accept Cookies")): Object: 'Object Repository/Item Details Objects/Page_diagnostics/a_Accept Cookies' is clicked on

2022-04-06 15:18:17 - [MESSAGE][PASSED] - Object: 'Object Repository/Item Details Objects/Page_diagnostics/a_Accept Cookies' is clicked on

2022-04-06 15:18:17 - [TEST_STEP][PASSED] - click(findTestObject("Staging Objects/Page_diagnostics/a_DIABETES DIAGNOSTICS"), STOP_ON_FAILURE): Object: 'Object Repository/Staging Objects/Page_diagnostics/a_DIABETES DIAGNOSTICS' is clicked on

2022-04-06 15:18:19 - [MESSAGE][PASSED] - Object: 'Object Repository/Staging Objects/Page_diagnostics/a_DIABETES DIAGNOSTICS' is clicked on

2022-04-06 15:18:19 - [TEST_STEP][PASSED] - mouseOver(findTestObject("Staging Objects/Page_diagnostics/a_CareSens N Eco Blood Glucose Meter")): Object: 'Object Repository/Staging Objects/Page_diagnostics/a_CareSens N Eco Blood Glucose Meter' is hovered

2022-04-06 15:18:23 - [MESSAGE][PASSED] - Object: 'Object Repository/Staging Objects/Page_diagnostics/a_CareSens N Eco Blood Glucose Meter' is hovered

2022-04-06 15:18:23 - [TEST_STEP][PASSED] - click(findTestObject("Staging Objects/Page_diagnostics/a_CareSens N Eco Blood Glucose Meter")): Object: 'Object Repository/Staging Objects/Page_diagnostics/a_CareSens N Eco Blood Glucose Meter' is clicked on

2022-04-06 15:18:29 - [MESSAGE][PASSED] - Object: 'Object Repository/Staging Objects/Page_diagnostics/a_CareSens N Eco Blood Glucose Meter' is clicked on

2022-04-06 15:18:29 - [MESSAGE][PASSED] - Call Test Case 'Test Cases/Custom Item Details/UTILITIES/OPEN_BROWSER' successfully

2022-04-06 15:18:29 - [TEST_STEP][PASSED] - waitForElementVisible(findTestObject("Staging Objects/Page_diagnostics/span_Intended use"), 0): Object 'Object Repository/Staging Objects/Page_diagnostics/span_Intended use' is visible

2022-04-06 15:18:29 - [MESSAGE][WARNING] - Timeout '0' is invalid. Using default page load timeout: '30'

2022-04-06 15:18:30 - [MESSAGE][PASSED] - Object 'Object Repository/Staging Objects/Page_diagnostics/span_Intended use' is visible

2022-04-06 15:18:30 - [TEST_STEP][PASSED] - verifyElementPresent(findTestObject("Staging Objects/Page_diagnostics/span_Intended use"), 0): Object 'Object Repository/Staging Objects/Page_diagnostics/span_Intended use' is present

2022-04-06 15:18:30 - [MESSAGE][WARNING] - Timeout '0' is invalid. Using default page load timeout: '30'

2022-04-06 15:18:30 - [MESSAGE][PASSED] - Object 'Object Repository/Staging Objects/Page_diagnostics/span_Intended use' is present

2022-04-06 15:18:30 - [TEST_STEP][PASSED] - callTestCase(findTestCase("Custom Item Details/UTILITIES/CLOSE_BROWSER"), [:], STOP_ON_FAILURE): Call Test Case 'Test Cases/Custom Item Details/UTILITIES/CLOSE_BROWSER' successfully

2022-04-06 15:18:30 - [TEST_CASE][PASSED] - Test Cases/Custom Item Details/UTILITIES/CLOSE_BROWSER: Test Cases/Custom Item Details/UTILITIES/CLOSE_BROWSER

2022-04-06 15:18:31 - [TEST_STEP][PASSED] - closeBrowser(): Browser is closed

2022-04-06 15:18:31 - [MESSAGE][PASSED] - Browser is closed

2022-04-06 15:18:31 - [MESSAGE][PASSED] - Call Test Case 'Test Cases/Custom Item Details/UTILITIES/CLOSE_BROWSER' successfully]]></system-out>
         <system-err><![CDATA[]]></system-err>
      </testcase>
      <testcase name="Test Cases/Custom Item Details/TEST CASE/TC_DETAILS_UI_031" time="80.145" classname="Test Cases/Custom Item Details/TEST CASE/TC_DETAILS_UI_031" status="FAILED">
         <failure type="FAILED" message="Test Cases/Custom Item Details/TEST CASE/TC_DETAILS_UI_031 FAILED.
Reason:
com.kms.katalon.core.exception.StepFailedException: Unable to verify object 'Object Repository/Staging Objects/Page_diagnostics/span_Language options' is present
	at com.kms.katalon.core.webui.keyword.internal.WebUIKeywordMain.stepFailed(WebUIKeywordMain.groovy:64)
	at com.kms.katalon.core.webui.keyword.internal.WebUIKeywordMain.runKeyword(WebUIKeywordMain.groovy:26)
	at com.kms.katalon.core.webui.keyword.builtin.VerifyElementPresentKeyword.verifyElementPresent(VerifyElementPresentKeyword.groovy:92)
	at com.kms.katalon.core.webui.keyword.builtin.VerifyElementPresentKeyword.execute(VerifyElementPresentKeyword.groovy:68)
	at com.kms.katalon.core.keyword.internal.KeywordExecutor.executeKeywordForPlatform(KeywordExecutor.groovy:73)
	at com.kms.katalon.core.webui.keyword.WebUiBuiltInKeywords.verifyElementPresent(WebUiBuiltInKeywords.groovy:1461)
	at com.kms.katalon.core.webui.keyword.WebUiBuiltInKeywords$verifyElementPresent$9.call(Unknown Source)
	at TC_DETAILS_UI_031.run(TC_DETAILS_UI_031:22)
	at com.kms.katalon.core.main.ScriptEngine.run(ScriptEngine.java:194)
	at com.kms.katalon.core.main.ScriptEngine.runScriptAsRawText(ScriptEngine.java:119)
	at com.kms.katalon.core.main.TestCaseExecutor.runScript(TestCaseExecutor.java:339)
	at com.kms.katalon.core.main.TestCaseExecutor.doExecute(TestCaseExecutor.java:330)
	at com.kms.katalon.core.main.TestCaseExecutor.processExecutionPhase(TestCaseExecutor.java:309)
	at com.kms.katalon.core.main.TestCaseExecutor.accessMainPhase(TestCaseExecutor.java:301)
	at com.kms.katalon.core.main.TestCaseExecutor.execute(TestCaseExecutor.java:235)
	at com.kms.katalon.core.main.TestSuiteExecutor.accessTestCaseMainPhase(TestSuiteExecutor.java:191)
	at com.kms.katalon.core.main.TestSuiteExecutor.accessTestSuiteMainPhase(TestSuiteExecutor.java:141)
	at com.kms.katalon.core.main.TestSuiteExecutor.execute(TestSuiteExecutor.java:90)
	at com.kms.katalon.core.main.TestCaseMain.startTestSuite(TestCaseMain.java:157)
	at com.kms.katalon.core.main.TestCaseMain$startTestSuite$0.call(Unknown Source)
	at TempTestSuite1649228487552.run(TempTestSuite1649228487552.groovy:39)
Caused by: com.kms.katalon.core.exception.StepFailedException: com.kms.katalon.core.webui.exception.WebElementNotFoundException: Web element with id: 'Object Repository/Staging Objects/Page_diagnostics/span_Language options' located by '//div[@id='tab-desc3']/div[2]/div[9]/span' not found
	at com.kms.katalon.core.webui.keyword.internal.WebUIKeywordMain.stepFailed(WebUIKeywordMain.groovy:64)
	at com.kms.katalon.core.webui.keyword.builtin.VerifyElementPresentKeyword$_verifyElementPresent_closure1.doCall(VerifyElementPresentKeyword.groovy:85)
	at com.kms.katalon.core.webui.keyword.builtin.VerifyElementPresentKeyword$_verifyElementPresent_closure1.call(VerifyElementPresentKeyword.groovy)
	at com.kms.katalon.core.webui.keyword.internal.WebUIKeywordMain.runKeyword(WebUIKeywordMain.groovy:20)
	... 19 more
"/>
         <system-out><![CDATA[2022-04-06 15:18:31 - [TEST_CASE][FAILED] - Test Cases/Custom Item Details/TEST CASE/TC_DETAILS_UI_031: Test Cases/Custom Item Details/TEST CASE/TC_DETAILS_UI_031 FAILED.
Reason:
com.kms.katalon.core.exception.StepFailedException: Unable to verify object 'Object Repository/Staging Objects/Page_diagnostics/span_Language options' is present
	at com.kms.katalon.core.webui.keyword.internal.WebUIKeywordMain.stepFailed(WebUIKeywordMain.groovy:64)
	at com.kms.katalon.core.webui.keyword.internal.WebUIKeywordMain.runKeyword(WebUIKeywordMain.groovy:26)
	at com.kms.katalon.core.webui.keyword.builtin.VerifyElementPresentKeyword.verifyElementPresent(VerifyElementPresentKeyword.groovy:92)
	at com.kms.katalon.core.webui.keyword.builtin.VerifyElementPresentKeyword.execute(VerifyElementPresentKeyword.groovy:68)
	at com.kms.katalon.core.keyword.internal.KeywordExecutor.executeKeywordForPlatform(KeywordExecutor.groovy:73)
	at com.kms.katalon.core.webui.keyword.WebUiBuiltInKeywords.verifyElementPresent(WebUiBuiltInKeywords.groovy:1461)
	at com.kms.katalon.core.webui.keyword.WebUiBuiltInKeywords$verifyElementPresent$9.call(Unknown Source)
	at TC_DETAILS_UI_031.run(TC_DETAILS_UI_031:22)
	at com.kms.katalon.core.main.ScriptEngine.run(ScriptEngine.java:194)
	at com.kms.katalon.core.main.ScriptEngine.runScriptAsRawText(ScriptEngine.java:119)
	at com.kms.katalon.core.main.TestCaseExecutor.runScript(TestCaseExecutor.java:339)
	at com.kms.katalon.core.main.TestCaseExecutor.doExecute(TestCaseExecutor.java:330)
	at com.kms.katalon.core.main.TestCaseExecutor.processExecutionPhase(TestCaseExecutor.java:309)
	at com.kms.katalon.core.main.TestCaseExecutor.accessMainPhase(TestCaseExecutor.java:301)
	at com.kms.katalon.core.main.TestCaseExecutor.execute(TestCaseExecutor.java:235)
	at com.kms.katalon.core.main.TestSuiteExecutor.accessTestCaseMainPhase(TestSuiteExecutor.java:191)
	at com.kms.katalon.core.main.TestSuiteExecutor.accessTestSuiteMainPhase(TestSuiteExecutor.java:141)
	at com.kms.katalon.core.main.TestSuiteExecutor.execute(TestSuiteExecutor.java:90)
	at com.kms.katalon.core.main.TestCaseMain.startTestSuite(TestCaseMain.java:157)
	at com.kms.katalon.core.main.TestCaseMain$startTestSuite$0.call(Unknown Source)
	at TempTestSuite1649228487552.run(TempTestSuite1649228487552.groovy:39)
Caused by: com.kms.katalon.core.exception.StepFailedException: com.kms.katalon.core.webui.exception.WebElementNotFoundException: Web element with id: 'Object Repository/Staging Objects/Page_diagnostics/span_Language options' located by '//div[@id='tab-desc3']/div[2]/div[9]/span' not found
	at com.kms.katalon.core.webui.keyword.internal.WebUIKeywordMain.stepFailed(WebUIKeywordMain.groovy:64)
	at com.kms.katalon.core.webui.keyword.builtin.VerifyElementPresentKeyword$_verifyElementPresent_closure1.doCall(VerifyElementPresentKeyword.groovy:85)
	at com.kms.katalon.core.webui.keyword.builtin.VerifyElementPresentKeyword$_verifyElementPresent_closure1.call(VerifyElementPresentKeyword.groovy)
	at com.kms.katalon.core.webui.keyword.internal.WebUIKeywordMain.runKeyword(WebUIKeywordMain.groovy:20)
	... 19 more


2022-04-06 15:18:31 - [TEST_STEP][PASSED] - callTestCase(findTestCase("Custom Item Details/UTILITIES/OPEN_BROWSER"), [:], STOP_ON_FAILURE): Call Test Case 'Test Cases/Custom Item Details/UTILITIES/OPEN_BROWSER' successfully

2022-04-06 15:18:31 - [TEST_CASE][PASSED] - Test Cases/Custom Item Details/UTILITIES/OPEN_BROWSER: Test Cases/Custom Item Details/UTILITIES/OPEN_BROWSER

2022-04-06 15:18:31 - [TEST_STEP][PASSED] - openBrowser("https://diagnostics.staging.arcadier.io/"): Browser is opened with url: 'https://diagnostics.staging.arcadier.io/'

2022-04-06 15:18:31 - [MESSAGE][INFO] - Starting 'Chrome' driver

2022-04-06 15:18:31 - [MESSAGE][INFO] - Action delay is set to 0 milliseconds

2022-04-06 15:18:35 - [MESSAGE][PASSED] - Browser is opened with url: 'https://diagnostics.staging.arcadier.io/'

2022-04-06 15:18:35 - [TEST_STEP][PASSED] - maximizeWindow(): Current window maximized

2022-04-06 15:18:35 - [MESSAGE][PASSED] - Current window maximized

2022-04-06 15:18:35 - [TEST_STEP][PASSED] - click(findTestObject("Item Details Objects/Page_diagnostics/a_Accept Cookies")): Object: 'Object Repository/Item Details Objects/Page_diagnostics/a_Accept Cookies' is clicked on

2022-04-06 15:18:36 - [MESSAGE][PASSED] - Object: 'Object Repository/Item Details Objects/Page_diagnostics/a_Accept Cookies' is clicked on

2022-04-06 15:18:36 - [TEST_STEP][PASSED] - click(findTestObject("Staging Objects/Page_diagnostics/a_DIABETES DIAGNOSTICS"), STOP_ON_FAILURE): Object: 'Object Repository/Staging Objects/Page_diagnostics/a_DIABETES DIAGNOSTICS' is clicked on

2022-04-06 15:18:39 - [MESSAGE][PASSED] - Object: 'Object Repository/Staging Objects/Page_diagnostics/a_DIABETES DIAGNOSTICS' is clicked on

2022-04-06 15:18:39 - [TEST_STEP][PASSED] - mouseOver(findTestObject("Staging Objects/Page_diagnostics/a_CareSens N Eco Blood Glucose Meter")): Object: 'Object Repository/Staging Objects/Page_diagnostics/a_CareSens N Eco Blood Glucose Meter' is hovered

2022-04-06 15:18:43 - [MESSAGE][PASSED] - Object: 'Object Repository/Staging Objects/Page_diagnostics/a_CareSens N Eco Blood Glucose Meter' is hovered

2022-04-06 15:18:43 - [TEST_STEP][PASSED] - click(findTestObject("Staging Objects/Page_diagnostics/a_CareSens N Eco Blood Glucose Meter")): Object: 'Object Repository/Staging Objects/Page_diagnostics/a_CareSens N Eco Blood Glucose Meter' is clicked on

2022-04-06 15:18:49 - [MESSAGE][PASSED] - Object: 'Object Repository/Staging Objects/Page_diagnostics/a_CareSens N Eco Blood Glucose Meter' is clicked on

2022-04-06 15:18:49 - [MESSAGE][PASSED] - Call Test Case 'Test Cases/Custom Item Details/UTILITIES/OPEN_BROWSER' successfully

2022-04-06 15:18:49 - [TEST_STEP][PASSED] - waitForElementVisible(findTestObject("Staging Objects/Page_diagnostics/span_Language options"), 0): Web element with id: 'Object Repository/Staging Objects/Page_diagnostics/span_Language options' located by '//div[@id='tab-desc3']/div[2]/div[9]/span' not found

2022-04-06 15:18:49 - [MESSAGE][WARNING] - Timeout '0' is invalid. Using default page load timeout: '30'

2022-04-06 15:19:20 - [MESSAGE][INFO] - Unable to find the element located by 'By.xpath: //div[@id='tab-desc3']/div[2]/div[9]/span'. Please recheck the objects properties to make sure the desired element is located. 

2022-04-06 15:19:20 - [MESSAGE][WARNING] - Web element with id: 'Object Repository/Staging Objects/Page_diagnostics/span_Language options' located by '//div[@id='tab-desc3']/div[2]/div[9]/span' not found

2022-04-06 15:19:20 - [TEST_STEP][FAILED] - verifyElementPresent(findTestObject("Staging Objects/Page_diagnostics/span_Language options"), 0): Unable to verify object 'Object Repository/Staging Objects/Page_diagnostics/span_Language options' is present (Root cause: com.kms.katalon.core.exception.StepFailedException: Unable to verify object 'Object Repository/Staging Objects/Page_diagnostics/span_Language options' is present
	at com.kms.katalon.core.webui.keyword.internal.WebUIKeywordMain.stepFailed(WebUIKeywordMain.groovy:64)
	at com.kms.katalon.core.webui.keyword.internal.WebUIKeywordMain.runKeyword(WebUIKeywordMain.groovy:26)
	at com.kms.katalon.core.webui.keyword.builtin.VerifyElementPresentKeyword.verifyElementPresent(VerifyElementPresentKeyword.groovy:92)
	at com.kms.katalon.core.webui.keyword.builtin.VerifyElementPresentKeyword.execute(VerifyElementPresentKeyword.groovy:68)
	at com.kms.katalon.core.keyword.internal.KeywordExecutor.executeKeywordForPlatform(KeywordExecutor.groovy:73)
	at com.kms.katalon.core.webui.keyword.WebUiBuiltInKeywords.verifyElementPresent(WebUiBuiltInKeywords.groovy:1461)
	at com.kms.katalon.core.webui.keyword.WebUiBuiltInKeywords$verifyElementPresent$9.call(Unknown Source)
	at TC_DETAILS_UI_031.run(TC_DETAILS_UI_031:22)
	at com.kms.katalon.core.main.ScriptEngine.run(ScriptEngine.java:194)
	at com.kms.katalon.core.main.ScriptEngine.runScriptAsRawText(ScriptEngine.java:119)
	at com.kms.katalon.core.main.TestCaseExecutor.runScript(TestCaseExecutor.java:339)
	at com.kms.katalon.core.main.TestCaseExecutor.doExecute(TestCaseExecutor.java:330)
	at com.kms.katalon.core.main.TestCaseExecutor.processExecutionPhase(TestCaseExecutor.java:309)
	at com.kms.katalon.core.main.TestCaseExecutor.accessMainPhase(TestCaseExecutor.java:301)
	at com.kms.katalon.core.main.TestCaseExecutor.execute(TestCaseExecutor.java:235)
	at com.kms.katalon.core.main.TestSuiteExecutor.accessTestCaseMainPhase(TestSuiteExecutor.java:191)
	at com.kms.katalon.core.main.TestSuiteExecutor.accessTestSuiteMainPhase(TestSuiteExecutor.java:141)
	at com.kms.katalon.core.main.TestSuiteExecutor.execute(TestSuiteExecutor.java:90)
	at com.kms.katalon.core.main.TestCaseMain.startTestSuite(TestCaseMain.java:157)
	at com.kms.katalon.core.main.TestCaseMain$startTestSuite$0.call(Unknown Source)
	at TempTestSuite1649228487552.run(TempTestSuite1649228487552.groovy:39)
Caused by: com.kms.katalon.core.exception.StepFailedException: com.kms.katalon.core.webui.exception.WebElementNotFoundException: Web element with id: 'Object Repository/Staging Objects/Page_diagnostics/span_Language options' located by '//div[@id='tab-desc3']/div[2]/div[9]/span' not found
	at com.kms.katalon.core.webui.keyword.internal.WebUIKeywordMain.stepFailed(WebUIKeywordMain.groovy:64)
	at com.kms.katalon.core.webui.keyword.builtin.VerifyElementPresentKeyword$_verifyElementPresent_closure1.doCall(VerifyElementPresentKeyword.groovy:85)
	at com.kms.katalon.core.webui.keyword.builtin.VerifyElementPresentKeyword$_verifyElementPresent_closure1.call(VerifyElementPresentKeyword.groovy)
	at com.kms.katalon.core.webui.keyword.internal.WebUIKeywordMain.runKeyword(WebUIKeywordMain.groovy:20)
	... 19 more
)

2022-04-06 15:19:20 - [MESSAGE][WARNING] - Timeout '0' is invalid. Using default page load timeout: '30'

2022-04-06 15:19:51 - [MESSAGE][INFO] - Unable to find the element located by 'By.xpath: //div[@id='tab-desc3']/div[2]/div[9]/span'. Please recheck the objects properties to make sure the desired element is located. 

2022-04-06 15:19:51 - [MESSAGE][FAILED] - com.kms.katalon.core.webui.exception.WebElementNotFoundException: Web element with id: 'Object Repository/Staging Objects/Page_diagnostics/span_Language options' located by '//div[@id='tab-desc3']/div[2]/div[9]/span' not found (Root cause: com.kms.katalon.core.exception.StepFailedException: com.kms.katalon.core.webui.exception.WebElementNotFoundException: Web element with id: 'Object Repository/Staging Objects/Page_diagnostics/span_Language options' located by '//div[@id='tab-desc3']/div[2]/div[9]/span' not found
	at com.kms.katalon.core.webui.keyword.internal.WebUIKeywordMain.stepFailed(WebUIKeywordMain.groovy:64)
	at com.kms.katalon.core.webui.keyword.builtin.VerifyElementPresentKeyword$_verifyElementPresent_closure1.doCall(VerifyElementPresentKeyword.groovy:85)
	at com.kms.katalon.core.webui.keyword.builtin.VerifyElementPresentKeyword$_verifyElementPresent_closure1.call(VerifyElementPresentKeyword.groovy)
	at com.kms.katalon.core.webui.keyword.internal.WebUIKeywordMain.runKeyword(WebUIKeywordMain.groovy:20)
	at com.kms.katalon.core.webui.keyword.builtin.VerifyElementPresentKeyword.verifyElementPresent(VerifyElementPresentKeyword.groovy:92)
	at com.kms.katalon.core.webui.keyword.builtin.VerifyElementPresentKeyword.execute(VerifyElementPresentKeyword.groovy:68)
	at com.kms.katalon.core.keyword.internal.KeywordExecutor.executeKeywordForPlatform(KeywordExecutor.groovy:73)
	at com.kms.katalon.core.webui.keyword.WebUiBuiltInKeywords.verifyElementPresent(WebUiBuiltInKeywords.groovy:1461)
	at com.kms.katalon.core.webui.keyword.WebUiBuiltInKeywords$verifyElementPresent$9.call(Unknown Source)
	at TC_DETAILS_UI_031.run(TC_DETAILS_UI_031:22)
	at com.kms.katalon.core.main.ScriptEngine.run(ScriptEngine.java:194)
	at com.kms.katalon.core.main.ScriptEngine.runScriptAsRawText(ScriptEngine.java:119)
	at com.kms.katalon.core.main.TestCaseExecutor.runScript(TestCaseExecutor.java:339)
	at com.kms.katalon.core.main.TestCaseExecutor.doExecute(TestCaseExecutor.java:330)
	at com.kms.katalon.core.main.TestCaseExecutor.processExecutionPhase(TestCaseExecutor.java:309)
	at com.kms.katalon.core.main.TestCaseExecutor.accessMainPhase(TestCaseExecutor.java:301)
	at com.kms.katalon.core.main.TestCaseExecutor.execute(TestCaseExecutor.java:235)
	at com.kms.katalon.core.main.TestSuiteExecutor.accessTestCaseMainPhase(TestSuiteExecutor.java:191)
	at com.kms.katalon.core.main.TestSuiteExecutor.accessTestSuiteMainPhase(TestSuiteExecutor.java:141)
	at com.kms.katalon.core.main.TestSuiteExecutor.execute(TestSuiteExecutor.java:90)
	at com.kms.katalon.core.main.TestCaseMain.startTestSuite(TestCaseMain.java:157)
	at com.kms.katalon.core.main.TestCaseMain$startTestSuite$0.call(Unknown Source)
	at TempTestSuite1649228487552.run(TempTestSuite1649228487552.groovy:39)
)
[[ATTACHMENT|K:\\Work\\GitHub\\find-item-detail-test_v2\\Reports\\20220406_150127\\Item detail test\\20220406_150127\\1649229591528.png]]

2022-04-06 15:19:51 - [MESSAGE][FAILED] - Unable to verify object 'Object Repository/Staging Objects/Page_diagnostics/span_Language options' is present (Root cause: com.kms.katalon.core.exception.StepFailedException: Unable to verify object 'Object Repository/Staging Objects/Page_diagnostics/span_Language options' is present
	at com.kms.katalon.core.webui.keyword.internal.WebUIKeywordMain.stepFailed(WebUIKeywordMain.groovy:64)
	at com.kms.katalon.core.webui.keyword.internal.WebUIKeywordMain.runKeyword(WebUIKeywordMain.groovy:26)
	at com.kms.katalon.core.webui.keyword.builtin.VerifyElementPresentKeyword.verifyElementPresent(VerifyElementPresentKeyword.groovy:92)
	at com.kms.katalon.core.webui.keyword.builtin.VerifyElementPresentKeyword.execute(VerifyElementPresentKeyword.groovy:68)
	at com.kms.katalon.core.keyword.internal.KeywordExecutor.executeKeywordForPlatform(KeywordExecutor.groovy:73)
	at com.kms.katalon.core.webui.keyword.WebUiBuiltInKeywords.verifyElementPresent(WebUiBuiltInKeywords.groovy:1461)
	at com.kms.katalon.core.webui.keyword.WebUiBuiltInKeywords$verifyElementPresent$9.call(Unknown Source)
	at TC_DETAILS_UI_031.run(TC_DETAILS_UI_031:22)
	at com.kms.katalon.core.main.ScriptEngine.run(ScriptEngine.java:194)
	at com.kms.katalon.core.main.ScriptEngine.runScriptAsRawText(ScriptEngine.java:119)
	at com.kms.katalon.core.main.TestCaseExecutor.runScript(TestCaseExecutor.java:339)
	at com.kms.katalon.core.main.TestCaseExecutor.doExecute(TestCaseExecutor.java:330)
	at com.kms.katalon.core.main.TestCaseExecutor.processExecutionPhase(TestCaseExecutor.java:309)
	at com.kms.katalon.core.main.TestCaseExecutor.accessMainPhase(TestCaseExecutor.java:301)
	at com.kms.katalon.core.main.TestCaseExecutor.execute(TestCaseExecutor.java:235)
	at com.kms.katalon.core.main.TestSuiteExecutor.accessTestCaseMainPhase(TestSuiteExecutor.java:191)
	at com.kms.katalon.core.main.TestSuiteExecutor.accessTestSuiteMainPhase(TestSuiteExecutor.java:141)
	at com.kms.katalon.core.main.TestSuiteExecutor.execute(TestSuiteExecutor.java:90)
	at com.kms.katalon.core.main.TestCaseMain.startTestSuite(TestCaseMain.java:157)
	at com.kms.katalon.core.main.TestCaseMain$startTestSuite$0.call(Unknown Source)
	at TempTestSuite1649228487552.run(TempTestSuite1649228487552.groovy:39)
Caused by: com.kms.katalon.core.exception.StepFailedException: com.kms.katalon.core.webui.exception.WebElementNotFoundException: Web element with id: 'Object Repository/Staging Objects/Page_diagnostics/span_Language options' located by '//div[@id='tab-desc3']/div[2]/div[9]/span' not found
	at com.kms.katalon.core.webui.keyword.internal.WebUIKeywordMain.stepFailed(WebUIKeywordMain.groovy:64)
	at com.kms.katalon.core.webui.keyword.builtin.VerifyElementPresentKeyword$_verifyElementPresent_closure1.doCall(VerifyElementPresentKeyword.groovy:85)
	at com.kms.katalon.core.webui.keyword.builtin.VerifyElementPresentKeyword$_verifyElementPresent_closure1.call(VerifyElementPresentKeyword.groovy)
	at com.kms.katalon.core.webui.keyword.internal.WebUIKeywordMain.runKeyword(WebUIKeywordMain.groovy:20)
	... 19 more
)
[[ATTACHMENT|K:\\Work\\GitHub\\find-item-detail-test_v2\\Reports\\20220406_150127\\Item detail test\\20220406_150127\\1649229591669.png]]]]></system-out>
         <system-err><![CDATA[2022-04-06 15:18:31 - [TEST_CASE][FAILED] - Test Cases/Custom Item Details/TEST CASE/TC_DETAILS_UI_031: Test Cases/Custom Item Details/TEST CASE/TC_DETAILS_UI_031 FAILED.
Reason:
com.kms.katalon.core.exception.StepFailedException: Unable to verify object 'Object Repository/Staging Objects/Page_diagnostics/span_Language options' is present
	at com.kms.katalon.core.webui.keyword.internal.WebUIKeywordMain.stepFailed(WebUIKeywordMain.groovy:64)
	at com.kms.katalon.core.webui.keyword.internal.WebUIKeywordMain.runKeyword(WebUIKeywordMain.groovy:26)
	at com.kms.katalon.core.webui.keyword.builtin.VerifyElementPresentKeyword.verifyElementPresent(VerifyElementPresentKeyword.groovy:92)
	at com.kms.katalon.core.webui.keyword.builtin.VerifyElementPresentKeyword.execute(VerifyElementPresentKeyword.groovy:68)
	at com.kms.katalon.core.keyword.internal.KeywordExecutor.executeKeywordForPlatform(KeywordExecutor.groovy:73)
	at com.kms.katalon.core.webui.keyword.WebUiBuiltInKeywords.verifyElementPresent(WebUiBuiltInKeywords.groovy:1461)
	at com.kms.katalon.core.webui.keyword.WebUiBuiltInKeywords$verifyElementPresent$9.call(Unknown Source)
	at TC_DETAILS_UI_031.run(TC_DETAILS_UI_031:22)
	at com.kms.katalon.core.main.ScriptEngine.run(ScriptEngine.java:194)
	at com.kms.katalon.core.main.ScriptEngine.runScriptAsRawText(ScriptEngine.java:119)
	at com.kms.katalon.core.main.TestCaseExecutor.runScript(TestCaseExecutor.java:339)
	at com.kms.katalon.core.main.TestCaseExecutor.doExecute(TestCaseExecutor.java:330)
	at com.kms.katalon.core.main.TestCaseExecutor.processExecutionPhase(TestCaseExecutor.java:309)
	at com.kms.katalon.core.main.TestCaseExecutor.accessMainPhase(TestCaseExecutor.java:301)
	at com.kms.katalon.core.main.TestCaseExecutor.execute(TestCaseExecutor.java:235)
	at com.kms.katalon.core.main.TestSuiteExecutor.accessTestCaseMainPhase(TestSuiteExecutor.java:191)
	at com.kms.katalon.core.main.TestSuiteExecutor.accessTestSuiteMainPhase(TestSuiteExecutor.java:141)
	at com.kms.katalon.core.main.TestSuiteExecutor.execute(TestSuiteExecutor.java:90)
	at com.kms.katalon.core.main.TestCaseMain.startTestSuite(TestCaseMain.java:157)
	at com.kms.katalon.core.main.TestCaseMain$startTestSuite$0.call(Unknown Source)
	at TempTestSuite1649228487552.run(TempTestSuite1649228487552.groovy:39)
Caused by: com.kms.katalon.core.exception.StepFailedException: com.kms.katalon.core.webui.exception.WebElementNotFoundException: Web element with id: 'Object Repository/Staging Objects/Page_diagnostics/span_Language options' located by '//div[@id='tab-desc3']/div[2]/div[9]/span' not found
	at com.kms.katalon.core.webui.keyword.internal.WebUIKeywordMain.stepFailed(WebUIKeywordMain.groovy:64)
	at com.kms.katalon.core.webui.keyword.builtin.VerifyElementPresentKeyword$_verifyElementPresent_closure1.doCall(VerifyElementPresentKeyword.groovy:85)
	at com.kms.katalon.core.webui.keyword.builtin.VerifyElementPresentKeyword$_verifyElementPresent_closure1.call(VerifyElementPresentKeyword.groovy)
	at com.kms.katalon.core.webui.keyword.internal.WebUIKeywordMain.runKeyword(WebUIKeywordMain.groovy:20)
	... 19 more]]></system-err>
      </testcase>
      <testcase name="Test Cases/Custom Item Details/TEST CASE/TC_DETAILS_UI_032" time="79.815" classname="Test Cases/Custom Item Details/TEST CASE/TC_DETAILS_UI_032" status="FAILED">
         <failure type="FAILED" message="Test Cases/Custom Item Details/TEST CASE/TC_DETAILS_UI_032 FAILED.
Reason:
com.kms.katalon.core.exception.StepFailedException: Unable to verify object 'Object Repository/Staging Objects/Page_diagnostics/span_Memory capacity of the meter' is present
	at com.kms.katalon.core.webui.keyword.internal.WebUIKeywordMain.stepFailed(WebUIKeywordMain.groovy:64)
	at com.kms.katalon.core.webui.keyword.internal.WebUIKeywordMain.runKeyword(WebUIKeywordMain.groovy:26)
	at com.kms.katalon.core.webui.keyword.builtin.VerifyElementPresentKeyword.verifyElementPresent(VerifyElementPresentKeyword.groovy:92)
	at com.kms.katalon.core.webui.keyword.builtin.VerifyElementPresentKeyword.execute(VerifyElementPresentKeyword.groovy:68)
	at com.kms.katalon.core.keyword.internal.KeywordExecutor.executeKeywordForPlatform(KeywordExecutor.groovy:73)
	at com.kms.katalon.core.webui.keyword.WebUiBuiltInKeywords.verifyElementPresent(WebUiBuiltInKeywords.groovy:1461)
	at com.kms.katalon.core.webui.keyword.WebUiBuiltInKeywords$verifyElementPresent$9.call(Unknown Source)
	at TC_DETAILS_UI_032.run(TC_DETAILS_UI_032:22)
	at com.kms.katalon.core.main.ScriptEngine.run(ScriptEngine.java:194)
	at com.kms.katalon.core.main.ScriptEngine.runScriptAsRawText(ScriptEngine.java:119)
	at com.kms.katalon.core.main.TestCaseExecutor.runScript(TestCaseExecutor.java:339)
	at com.kms.katalon.core.main.TestCaseExecutor.doExecute(TestCaseExecutor.java:330)
	at com.kms.katalon.core.main.TestCaseExecutor.processExecutionPhase(TestCaseExecutor.java:309)
	at com.kms.katalon.core.main.TestCaseExecutor.accessMainPhase(TestCaseExecutor.java:301)
	at com.kms.katalon.core.main.TestCaseExecutor.execute(TestCaseExecutor.java:235)
	at com.kms.katalon.core.main.TestSuiteExecutor.accessTestCaseMainPhase(TestSuiteExecutor.java:191)
	at com.kms.katalon.core.main.TestSuiteExecutor.accessTestSuiteMainPhase(TestSuiteExecutor.java:141)
	at com.kms.katalon.core.main.TestSuiteExecutor.execute(TestSuiteExecutor.java:90)
	at com.kms.katalon.core.main.TestCaseMain.startTestSuite(TestCaseMain.java:157)
	at com.kms.katalon.core.main.TestCaseMain$startTestSuite$0.call(Unknown Source)
	at TempTestSuite1649228487552.run(TempTestSuite1649228487552.groovy:39)
Caused by: com.kms.katalon.core.exception.StepFailedException: com.kms.katalon.core.webui.exception.WebElementNotFoundException: Web element with id: 'Object Repository/Staging Objects/Page_diagnostics/span_Memory capacity of the meter' located by '//div[@id='tab-desc3']/div[2]/div[6]/span' not found
	at com.kms.katalon.core.webui.keyword.internal.WebUIKeywordMain.stepFailed(WebUIKeywordMain.groovy:64)
	at com.kms.katalon.core.webui.keyword.builtin.VerifyElementPresentKeyword$_verifyElementPresent_closure1.doCall(VerifyElementPresentKeyword.groovy:85)
	at com.kms.katalon.core.webui.keyword.builtin.VerifyElementPresentKeyword$_verifyElementPresent_closure1.call(VerifyElementPresentKeyword.groovy)
	at com.kms.katalon.core.webui.keyword.internal.WebUIKeywordMain.runKeyword(WebUIKeywordMain.groovy:20)
	... 19 more
"/>
         <system-out><![CDATA[2022-04-06 15:19:51 - [TEST_CASE][FAILED] - Test Cases/Custom Item Details/TEST CASE/TC_DETAILS_UI_032: Test Cases/Custom Item Details/TEST CASE/TC_DETAILS_UI_032 FAILED.
Reason:
com.kms.katalon.core.exception.StepFailedException: Unable to verify object 'Object Repository/Staging Objects/Page_diagnostics/span_Memory capacity of the meter' is present
	at com.kms.katalon.core.webui.keyword.internal.WebUIKeywordMain.stepFailed(WebUIKeywordMain.groovy:64)
	at com.kms.katalon.core.webui.keyword.internal.WebUIKeywordMain.runKeyword(WebUIKeywordMain.groovy:26)
	at com.kms.katalon.core.webui.keyword.builtin.VerifyElementPresentKeyword.verifyElementPresent(VerifyElementPresentKeyword.groovy:92)
	at com.kms.katalon.core.webui.keyword.builtin.VerifyElementPresentKeyword.execute(VerifyElementPresentKeyword.groovy:68)
	at com.kms.katalon.core.keyword.internal.KeywordExecutor.executeKeywordForPlatform(KeywordExecutor.groovy:73)
	at com.kms.katalon.core.webui.keyword.WebUiBuiltInKeywords.verifyElementPresent(WebUiBuiltInKeywords.groovy:1461)
	at com.kms.katalon.core.webui.keyword.WebUiBuiltInKeywords$verifyElementPresent$9.call(Unknown Source)
	at TC_DETAILS_UI_032.run(TC_DETAILS_UI_032:22)
	at com.kms.katalon.core.main.ScriptEngine.run(ScriptEngine.java:194)
	at com.kms.katalon.core.main.ScriptEngine.runScriptAsRawText(ScriptEngine.java:119)
	at com.kms.katalon.core.main.TestCaseExecutor.runScript(TestCaseExecutor.java:339)
	at com.kms.katalon.core.main.TestCaseExecutor.doExecute(TestCaseExecutor.java:330)
	at com.kms.katalon.core.main.TestCaseExecutor.processExecutionPhase(TestCaseExecutor.java:309)
	at com.kms.katalon.core.main.TestCaseExecutor.accessMainPhase(TestCaseExecutor.java:301)
	at com.kms.katalon.core.main.TestCaseExecutor.execute(TestCaseExecutor.java:235)
	at com.kms.katalon.core.main.TestSuiteExecutor.accessTestCaseMainPhase(TestSuiteExecutor.java:191)
	at com.kms.katalon.core.main.TestSuiteExecutor.accessTestSuiteMainPhase(TestSuiteExecutor.java:141)
	at com.kms.katalon.core.main.TestSuiteExecutor.execute(TestSuiteExecutor.java:90)
	at com.kms.katalon.core.main.TestCaseMain.startTestSuite(TestCaseMain.java:157)
	at com.kms.katalon.core.main.TestCaseMain$startTestSuite$0.call(Unknown Source)
	at TempTestSuite1649228487552.run(TempTestSuite1649228487552.groovy:39)
Caused by: com.kms.katalon.core.exception.StepFailedException: com.kms.katalon.core.webui.exception.WebElementNotFoundException: Web element with id: 'Object Repository/Staging Objects/Page_diagnostics/span_Memory capacity of the meter' located by '//div[@id='tab-desc3']/div[2]/div[6]/span' not found
	at com.kms.katalon.core.webui.keyword.internal.WebUIKeywordMain.stepFailed(WebUIKeywordMain.groovy:64)
	at com.kms.katalon.core.webui.keyword.builtin.VerifyElementPresentKeyword$_verifyElementPresent_closure1.doCall(VerifyElementPresentKeyword.groovy:85)
	at com.kms.katalon.core.webui.keyword.builtin.VerifyElementPresentKeyword$_verifyElementPresent_closure1.call(VerifyElementPresentKeyword.groovy)
	at com.kms.katalon.core.webui.keyword.internal.WebUIKeywordMain.runKeyword(WebUIKeywordMain.groovy:20)
	... 19 more


2022-04-06 15:19:51 - [TEST_STEP][PASSED] - callTestCase(findTestCase("Custom Item Details/UTILITIES/OPEN_BROWSER"), [:], STOP_ON_FAILURE): Call Test Case 'Test Cases/Custom Item Details/UTILITIES/OPEN_BROWSER' successfully

2022-04-06 15:19:52 - [TEST_CASE][PASSED] - Test Cases/Custom Item Details/UTILITIES/OPEN_BROWSER: Test Cases/Custom Item Details/UTILITIES/OPEN_BROWSER

2022-04-06 15:19:52 - [TEST_STEP][PASSED] - openBrowser("https://diagnostics.staging.arcadier.io/"): Browser is opened with url: 'https://diagnostics.staging.arcadier.io/'

2022-04-06 15:19:52 - [MESSAGE][WARNING] - A browser is already opened. Closing browser and opening a new one

2022-04-06 15:19:52 - [MESSAGE][INFO] - Starting 'Chrome' driver

2022-04-06 15:19:52 - [MESSAGE][INFO] - Action delay is set to 0 milliseconds

2022-04-06 15:19:56 - [MESSAGE][PASSED] - Browser is opened with url: 'https://diagnostics.staging.arcadier.io/'

2022-04-06 15:19:56 - [TEST_STEP][PASSED] - maximizeWindow(): Current window maximized

2022-04-06 15:19:56 - [MESSAGE][PASSED] - Current window maximized

2022-04-06 15:19:56 - [TEST_STEP][PASSED] - click(findTestObject("Item Details Objects/Page_diagnostics/a_Accept Cookies")): Object: 'Object Repository/Item Details Objects/Page_diagnostics/a_Accept Cookies' is clicked on

2022-04-06 15:19:58 - [MESSAGE][PASSED] - Object: 'Object Repository/Item Details Objects/Page_diagnostics/a_Accept Cookies' is clicked on

2022-04-06 15:19:58 - [TEST_STEP][PASSED] - click(findTestObject("Staging Objects/Page_diagnostics/a_DIABETES DIAGNOSTICS"), STOP_ON_FAILURE): Object: 'Object Repository/Staging Objects/Page_diagnostics/a_DIABETES DIAGNOSTICS' is clicked on

2022-04-06 15:20:00 - [MESSAGE][PASSED] - Object: 'Object Repository/Staging Objects/Page_diagnostics/a_DIABETES DIAGNOSTICS' is clicked on

2022-04-06 15:20:00 - [TEST_STEP][PASSED] - mouseOver(findTestObject("Staging Objects/Page_diagnostics/a_CareSens N Eco Blood Glucose Meter")): Object: 'Object Repository/Staging Objects/Page_diagnostics/a_CareSens N Eco Blood Glucose Meter' is hovered

2022-04-06 15:20:04 - [MESSAGE][PASSED] - Object: 'Object Repository/Staging Objects/Page_diagnostics/a_CareSens N Eco Blood Glucose Meter' is hovered

2022-04-06 15:20:04 - [TEST_STEP][PASSED] - click(findTestObject("Staging Objects/Page_diagnostics/a_CareSens N Eco Blood Glucose Meter")): Object: 'Object Repository/Staging Objects/Page_diagnostics/a_CareSens N Eco Blood Glucose Meter' is clicked on

2022-04-06 15:20:09 - [MESSAGE][PASSED] - Object: 'Object Repository/Staging Objects/Page_diagnostics/a_CareSens N Eco Blood Glucose Meter' is clicked on

2022-04-06 15:20:09 - [MESSAGE][PASSED] - Call Test Case 'Test Cases/Custom Item Details/UTILITIES/OPEN_BROWSER' successfully

2022-04-06 15:20:09 - [TEST_STEP][PASSED] - waitForElementVisible(findTestObject("Staging Objects/Page_diagnostics/span_Memory capacity of the meter"), 0): Web element with id: 'Object Repository/Staging Objects/Page_diagnostics/span_Memory capacity of the meter' located by '//div[@id='tab-desc3']/div[2]/div[6]/span' not found

2022-04-06 15:20:09 - [MESSAGE][WARNING] - Timeout '0' is invalid. Using default page load timeout: '30'

2022-04-06 15:20:40 - [MESSAGE][INFO] - Unable to find the element located by 'By.xpath: //div[@id='tab-desc3']/div[2]/div[6]/span'. Please recheck the objects properties to make sure the desired element is located. 

2022-04-06 15:20:40 - [MESSAGE][WARNING] - Web element with id: 'Object Repository/Staging Objects/Page_diagnostics/span_Memory capacity of the meter' located by '//div[@id='tab-desc3']/div[2]/div[6]/span' not found

2022-04-06 15:20:40 - [TEST_STEP][FAILED] - verifyElementPresent(findTestObject("Staging Objects/Page_diagnostics/span_Memory capacity of the meter"), 0): Unable to verify object 'Object Repository/Staging Objects/Page_diagnostics/span_Memory capacity of the meter' is present (Root cause: com.kms.katalon.core.exception.StepFailedException: Unable to verify object 'Object Repository/Staging Objects/Page_diagnostics/span_Memory capacity of the meter' is present
	at com.kms.katalon.core.webui.keyword.internal.WebUIKeywordMain.stepFailed(WebUIKeywordMain.groovy:64)
	at com.kms.katalon.core.webui.keyword.internal.WebUIKeywordMain.runKeyword(WebUIKeywordMain.groovy:26)
	at com.kms.katalon.core.webui.keyword.builtin.VerifyElementPresentKeyword.verifyElementPresent(VerifyElementPresentKeyword.groovy:92)
	at com.kms.katalon.core.webui.keyword.builtin.VerifyElementPresentKeyword.execute(VerifyElementPresentKeyword.groovy:68)
	at com.kms.katalon.core.keyword.internal.KeywordExecutor.executeKeywordForPlatform(KeywordExecutor.groovy:73)
	at com.kms.katalon.core.webui.keyword.WebUiBuiltInKeywords.verifyElementPresent(WebUiBuiltInKeywords.groovy:1461)
	at com.kms.katalon.core.webui.keyword.WebUiBuiltInKeywords$verifyElementPresent$9.call(Unknown Source)
	at TC_DETAILS_UI_032.run(TC_DETAILS_UI_032:22)
	at com.kms.katalon.core.main.ScriptEngine.run(ScriptEngine.java:194)
	at com.kms.katalon.core.main.ScriptEngine.runScriptAsRawText(ScriptEngine.java:119)
	at com.kms.katalon.core.main.TestCaseExecutor.runScript(TestCaseExecutor.java:339)
	at com.kms.katalon.core.main.TestCaseExecutor.doExecute(TestCaseExecutor.java:330)
	at com.kms.katalon.core.main.TestCaseExecutor.processExecutionPhase(TestCaseExecutor.java:309)
	at com.kms.katalon.core.main.TestCaseExecutor.accessMainPhase(TestCaseExecutor.java:301)
	at com.kms.katalon.core.main.TestCaseExecutor.execute(TestCaseExecutor.java:235)
	at com.kms.katalon.core.main.TestSuiteExecutor.accessTestCaseMainPhase(TestSuiteExecutor.java:191)
	at com.kms.katalon.core.main.TestSuiteExecutor.accessTestSuiteMainPhase(TestSuiteExecutor.java:141)
	at com.kms.katalon.core.main.TestSuiteExecutor.execute(TestSuiteExecutor.java:90)
	at com.kms.katalon.core.main.TestCaseMain.startTestSuite(TestCaseMain.java:157)
	at com.kms.katalon.core.main.TestCaseMain$startTestSuite$0.call(Unknown Source)
	at TempTestSuite1649228487552.run(TempTestSuite1649228487552.groovy:39)
Caused by: com.kms.katalon.core.exception.StepFailedException: com.kms.katalon.core.webui.exception.WebElementNotFoundException: Web element with id: 'Object Repository/Staging Objects/Page_diagnostics/span_Memory capacity of the meter' located by '//div[@id='tab-desc3']/div[2]/div[6]/span' not found
	at com.kms.katalon.core.webui.keyword.internal.WebUIKeywordMain.stepFailed(WebUIKeywordMain.groovy:64)
	at com.kms.katalon.core.webui.keyword.builtin.VerifyElementPresentKeyword$_verifyElementPresent_closure1.doCall(VerifyElementPresentKeyword.groovy:85)
	at com.kms.katalon.core.webui.keyword.builtin.VerifyElementPresentKeyword$_verifyElementPresent_closure1.call(VerifyElementPresentKeyword.groovy)
	at com.kms.katalon.core.webui.keyword.internal.WebUIKeywordMain.runKeyword(WebUIKeywordMain.groovy:20)
	... 19 more
)

2022-04-06 15:20:40 - [MESSAGE][WARNING] - Timeout '0' is invalid. Using default page load timeout: '30'

2022-04-06 15:21:11 - [MESSAGE][INFO] - Unable to find the element located by 'By.xpath: //div[@id='tab-desc3']/div[2]/div[6]/span'. Please recheck the objects properties to make sure the desired element is located. 

2022-04-06 15:21:11 - [MESSAGE][FAILED] - com.kms.katalon.core.webui.exception.WebElementNotFoundException: Web element with id: 'Object Repository/Staging Objects/Page_diagnostics/span_Memory capacity of the meter' located by '//div[@id='tab-desc3']/div[2]/div[6]/span' not found (Root cause: com.kms.katalon.core.exception.StepFailedException: com.kms.katalon.core.webui.exception.WebElementNotFoundException: Web element with id: 'Object Repository/Staging Objects/Page_diagnostics/span_Memory capacity of the meter' located by '//div[@id='tab-desc3']/div[2]/div[6]/span' not found
	at com.kms.katalon.core.webui.keyword.internal.WebUIKeywordMain.stepFailed(WebUIKeywordMain.groovy:64)
	at com.kms.katalon.core.webui.keyword.builtin.VerifyElementPresentKeyword$_verifyElementPresent_closure1.doCall(VerifyElementPresentKeyword.groovy:85)
	at com.kms.katalon.core.webui.keyword.builtin.VerifyElementPresentKeyword$_verifyElementPresent_closure1.call(VerifyElementPresentKeyword.groovy)
	at com.kms.katalon.core.webui.keyword.internal.WebUIKeywordMain.runKeyword(WebUIKeywordMain.groovy:20)
	at com.kms.katalon.core.webui.keyword.builtin.VerifyElementPresentKeyword.verifyElementPresent(VerifyElementPresentKeyword.groovy:92)
	at com.kms.katalon.core.webui.keyword.builtin.VerifyElementPresentKeyword.execute(VerifyElementPresentKeyword.groovy:68)
	at com.kms.katalon.core.keyword.internal.KeywordExecutor.executeKeywordForPlatform(KeywordExecutor.groovy:73)
	at com.kms.katalon.core.webui.keyword.WebUiBuiltInKeywords.verifyElementPresent(WebUiBuiltInKeywords.groovy:1461)
	at com.kms.katalon.core.webui.keyword.WebUiBuiltInKeywords$verifyElementPresent$9.call(Unknown Source)
	at TC_DETAILS_UI_032.run(TC_DETAILS_UI_032:22)
	at com.kms.katalon.core.main.ScriptEngine.run(ScriptEngine.java:194)
	at com.kms.katalon.core.main.ScriptEngine.runScriptAsRawText(ScriptEngine.java:119)
	at com.kms.katalon.core.main.TestCaseExecutor.runScript(TestCaseExecutor.java:339)
	at com.kms.katalon.core.main.TestCaseExecutor.doExecute(TestCaseExecutor.java:330)
	at com.kms.katalon.core.main.TestCaseExecutor.processExecutionPhase(TestCaseExecutor.java:309)
	at com.kms.katalon.core.main.TestCaseExecutor.accessMainPhase(TestCaseExecutor.java:301)
	at com.kms.katalon.core.main.TestCaseExecutor.execute(TestCaseExecutor.java:235)
	at com.kms.katalon.core.main.TestSuiteExecutor.accessTestCaseMainPhase(TestSuiteExecutor.java:191)
	at com.kms.katalon.core.main.TestSuiteExecutor.accessTestSuiteMainPhase(TestSuiteExecutor.java:141)
	at com.kms.katalon.core.main.TestSuiteExecutor.execute(TestSuiteExecutor.java:90)
	at com.kms.katalon.core.main.TestCaseMain.startTestSuite(TestCaseMain.java:157)
	at com.kms.katalon.core.main.TestCaseMain$startTestSuite$0.call(Unknown Source)
	at TempTestSuite1649228487552.run(TempTestSuite1649228487552.groovy:39)
)
[[ATTACHMENT|K:\\Work\\GitHub\\find-item-detail-test_v2\\Reports\\20220406_150127\\Item detail test\\20220406_150127\\1649229671316.png]]

2022-04-06 15:21:11 - [MESSAGE][FAILED] - Unable to verify object 'Object Repository/Staging Objects/Page_diagnostics/span_Memory capacity of the meter' is present (Root cause: com.kms.katalon.core.exception.StepFailedException: Unable to verify object 'Object Repository/Staging Objects/Page_diagnostics/span_Memory capacity of the meter' is present
	at com.kms.katalon.core.webui.keyword.internal.WebUIKeywordMain.stepFailed(WebUIKeywordMain.groovy:64)
	at com.kms.katalon.core.webui.keyword.internal.WebUIKeywordMain.runKeyword(WebUIKeywordMain.groovy:26)
	at com.kms.katalon.core.webui.keyword.builtin.VerifyElementPresentKeyword.verifyElementPresent(VerifyElementPresentKeyword.groovy:92)
	at com.kms.katalon.core.webui.keyword.builtin.VerifyElementPresentKeyword.execute(VerifyElementPresentKeyword.groovy:68)
	at com.kms.katalon.core.keyword.internal.KeywordExecutor.executeKeywordForPlatform(KeywordExecutor.groovy:73)
	at com.kms.katalon.core.webui.keyword.WebUiBuiltInKeywords.verifyElementPresent(WebUiBuiltInKeywords.groovy:1461)
	at com.kms.katalon.core.webui.keyword.WebUiBuiltInKeywords$verifyElementPresent$9.call(Unknown Source)
	at TC_DETAILS_UI_032.run(TC_DETAILS_UI_032:22)
	at com.kms.katalon.core.main.ScriptEngine.run(ScriptEngine.java:194)
	at com.kms.katalon.core.main.ScriptEngine.runScriptAsRawText(ScriptEngine.java:119)
	at com.kms.katalon.core.main.TestCaseExecutor.runScript(TestCaseExecutor.java:339)
	at com.kms.katalon.core.main.TestCaseExecutor.doExecute(TestCaseExecutor.java:330)
	at com.kms.katalon.core.main.TestCaseExecutor.processExecutionPhase(TestCaseExecutor.java:309)
	at com.kms.katalon.core.main.TestCaseExecutor.accessMainPhase(TestCaseExecutor.java:301)
	at com.kms.katalon.core.main.TestCaseExecutor.execute(TestCaseExecutor.java:235)
	at com.kms.katalon.core.main.TestSuiteExecutor.accessTestCaseMainPhase(TestSuiteExecutor.java:191)
	at com.kms.katalon.core.main.TestSuiteExecutor.accessTestSuiteMainPhase(TestSuiteExecutor.java:141)
	at com.kms.katalon.core.main.TestSuiteExecutor.execute(TestSuiteExecutor.java:90)
	at com.kms.katalon.core.main.TestCaseMain.startTestSuite(TestCaseMain.java:157)
	at com.kms.katalon.core.main.TestCaseMain$startTestSuite$0.call(Unknown Source)
	at TempTestSuite1649228487552.run(TempTestSuite1649228487552.groovy:39)
Caused by: com.kms.katalon.core.exception.StepFailedException: com.kms.katalon.core.webui.exception.WebElementNotFoundException: Web element with id: 'Object Repository/Staging Objects/Page_diagnostics/span_Memory capacity of the meter' located by '//div[@id='tab-desc3']/div[2]/div[6]/span' not found
	at com.kms.katalon.core.webui.keyword.internal.WebUIKeywordMain.stepFailed(WebUIKeywordMain.groovy:64)
	at com.kms.katalon.core.webui.keyword.builtin.VerifyElementPresentKeyword$_verifyElementPresent_closure1.doCall(VerifyElementPresentKeyword.groovy:85)
	at com.kms.katalon.core.webui.keyword.builtin.VerifyElementPresentKeyword$_verifyElementPresent_closure1.call(VerifyElementPresentKeyword.groovy)
	at com.kms.katalon.core.webui.keyword.internal.WebUIKeywordMain.runKeyword(WebUIKeywordMain.groovy:20)
	... 19 more
)
[[ATTACHMENT|K:\\Work\\GitHub\\find-item-detail-test_v2\\Reports\\20220406_150127\\Item detail test\\20220406_150127\\1649229671473.png]]]]></system-out>
         <system-err><![CDATA[2022-04-06 15:19:51 - [TEST_CASE][FAILED] - Test Cases/Custom Item Details/TEST CASE/TC_DETAILS_UI_032: Test Cases/Custom Item Details/TEST CASE/TC_DETAILS_UI_032 FAILED.
Reason:
com.kms.katalon.core.exception.StepFailedException: Unable to verify object 'Object Repository/Staging Objects/Page_diagnostics/span_Memory capacity of the meter' is present
	at com.kms.katalon.core.webui.keyword.internal.WebUIKeywordMain.stepFailed(WebUIKeywordMain.groovy:64)
	at com.kms.katalon.core.webui.keyword.internal.WebUIKeywordMain.runKeyword(WebUIKeywordMain.groovy:26)
	at com.kms.katalon.core.webui.keyword.builtin.VerifyElementPresentKeyword.verifyElementPresent(VerifyElementPresentKeyword.groovy:92)
	at com.kms.katalon.core.webui.keyword.builtin.VerifyElementPresentKeyword.execute(VerifyElementPresentKeyword.groovy:68)
	at com.kms.katalon.core.keyword.internal.KeywordExecutor.executeKeywordForPlatform(KeywordExecutor.groovy:73)
	at com.kms.katalon.core.webui.keyword.WebUiBuiltInKeywords.verifyElementPresent(WebUiBuiltInKeywords.groovy:1461)
	at com.kms.katalon.core.webui.keyword.WebUiBuiltInKeywords$verifyElementPresent$9.call(Unknown Source)
	at TC_DETAILS_UI_032.run(TC_DETAILS_UI_032:22)
	at com.kms.katalon.core.main.ScriptEngine.run(ScriptEngine.java:194)
	at com.kms.katalon.core.main.ScriptEngine.runScriptAsRawText(ScriptEngine.java:119)
	at com.kms.katalon.core.main.TestCaseExecutor.runScript(TestCaseExecutor.java:339)
	at com.kms.katalon.core.main.TestCaseExecutor.doExecute(TestCaseExecutor.java:330)
	at com.kms.katalon.core.main.TestCaseExecutor.processExecutionPhase(TestCaseExecutor.java:309)
	at com.kms.katalon.core.main.TestCaseExecutor.accessMainPhase(TestCaseExecutor.java:301)
	at com.kms.katalon.core.main.TestCaseExecutor.execute(TestCaseExecutor.java:235)
	at com.kms.katalon.core.main.TestSuiteExecutor.accessTestCaseMainPhase(TestSuiteExecutor.java:191)
	at com.kms.katalon.core.main.TestSuiteExecutor.accessTestSuiteMainPhase(TestSuiteExecutor.java:141)
	at com.kms.katalon.core.main.TestSuiteExecutor.execute(TestSuiteExecutor.java:90)
	at com.kms.katalon.core.main.TestCaseMain.startTestSuite(TestCaseMain.java:157)
	at com.kms.katalon.core.main.TestCaseMain$startTestSuite$0.call(Unknown Source)
	at TempTestSuite1649228487552.run(TempTestSuite1649228487552.groovy:39)
Caused by: com.kms.katalon.core.exception.StepFailedException: com.kms.katalon.core.webui.exception.WebElementNotFoundException: Web element with id: 'Object Repository/Staging Objects/Page_diagnostics/span_Memory capacity of the meter' located by '//div[@id='tab-desc3']/div[2]/div[6]/span' not found
	at com.kms.katalon.core.webui.keyword.internal.WebUIKeywordMain.stepFailed(WebUIKeywordMain.groovy:64)
	at com.kms.katalon.core.webui.keyword.builtin.VerifyElementPresentKeyword$_verifyElementPresent_closure1.doCall(VerifyElementPresentKeyword.groovy:85)
	at com.kms.katalon.core.webui.keyword.builtin.VerifyElementPresentKeyword$_verifyElementPresent_closure1.call(VerifyElementPresentKeyword.groovy)
	at com.kms.katalon.core.webui.keyword.internal.WebUIKeywordMain.runKeyword(WebUIKeywordMain.groovy:20)
	... 19 more]]></system-err>
      </testcase>
      <testcase name="Test Cases/Custom Item Details/TEST CASE/TC_DETAILS_UI_033" time="79.05" classname="Test Cases/Custom Item Details/TEST CASE/TC_DETAILS_UI_033" status="FAILED">
         <failure type="FAILED" message="Test Cases/Custom Item Details/TEST CASE/TC_DETAILS_UI_033 FAILED.
Reason:
com.kms.katalon.core.exception.StepFailedException: Unable to verify object 'Object Repository/Staging Objects/Page_diagnostics/span_Meter connection to computer' is present
	at com.kms.katalon.core.webui.keyword.internal.WebUIKeywordMain.stepFailed(WebUIKeywordMain.groovy:64)
	at com.kms.katalon.core.webui.keyword.internal.WebUIKeywordMain.runKeyword(WebUIKeywordMain.groovy:26)
	at com.kms.katalon.core.webui.keyword.builtin.VerifyElementPresentKeyword.verifyElementPresent(VerifyElementPresentKeyword.groovy:92)
	at com.kms.katalon.core.webui.keyword.builtin.VerifyElementPresentKeyword.execute(VerifyElementPresentKeyword.groovy:68)
	at com.kms.katalon.core.keyword.internal.KeywordExecutor.executeKeywordForPlatform(KeywordExecutor.groovy:73)
	at com.kms.katalon.core.webui.keyword.WebUiBuiltInKeywords.verifyElementPresent(WebUiBuiltInKeywords.groovy:1461)
	at com.kms.katalon.core.webui.keyword.WebUiBuiltInKeywords$verifyElementPresent$9.call(Unknown Source)
	at TC_DETAILS_UI_033.run(TC_DETAILS_UI_033:22)
	at com.kms.katalon.core.main.ScriptEngine.run(ScriptEngine.java:194)
	at com.kms.katalon.core.main.ScriptEngine.runScriptAsRawText(ScriptEngine.java:119)
	at com.kms.katalon.core.main.TestCaseExecutor.runScript(TestCaseExecutor.java:339)
	at com.kms.katalon.core.main.TestCaseExecutor.doExecute(TestCaseExecutor.java:330)
	at com.kms.katalon.core.main.TestCaseExecutor.processExecutionPhase(TestCaseExecutor.java:309)
	at com.kms.katalon.core.main.TestCaseExecutor.accessMainPhase(TestCaseExecutor.java:301)
	at com.kms.katalon.core.main.TestCaseExecutor.execute(TestCaseExecutor.java:235)
	at com.kms.katalon.core.main.TestSuiteExecutor.accessTestCaseMainPhase(TestSuiteExecutor.java:191)
	at com.kms.katalon.core.main.TestSuiteExecutor.accessTestSuiteMainPhase(TestSuiteExecutor.java:141)
	at com.kms.katalon.core.main.TestSuiteExecutor.execute(TestSuiteExecutor.java:90)
	at com.kms.katalon.core.main.TestCaseMain.startTestSuite(TestCaseMain.java:157)
	at com.kms.katalon.core.main.TestCaseMain$startTestSuite$0.call(Unknown Source)
	at TempTestSuite1649228487552.run(TempTestSuite1649228487552.groovy:39)
Caused by: com.kms.katalon.core.exception.StepFailedException: com.kms.katalon.core.webui.exception.WebElementNotFoundException: Web element with id: 'Object Repository/Staging Objects/Page_diagnostics/span_Meter connection to computer' located by '//div[@id='tab-desc3']/div[2]/div[15]/span' not found
	at com.kms.katalon.core.webui.keyword.internal.WebUIKeywordMain.stepFailed(WebUIKeywordMain.groovy:64)
	at com.kms.katalon.core.webui.keyword.builtin.VerifyElementPresentKeyword$_verifyElementPresent_closure1.doCall(VerifyElementPresentKeyword.groovy:85)
	at com.kms.katalon.core.webui.keyword.builtin.VerifyElementPresentKeyword$_verifyElementPresent_closure1.call(VerifyElementPresentKeyword.groovy)
	at com.kms.katalon.core.webui.keyword.internal.WebUIKeywordMain.runKeyword(WebUIKeywordMain.groovy:20)
	... 19 more
"/>
         <system-out><![CDATA[2022-04-06 15:21:11 - [TEST_CASE][FAILED] - Test Cases/Custom Item Details/TEST CASE/TC_DETAILS_UI_033: Test Cases/Custom Item Details/TEST CASE/TC_DETAILS_UI_033 FAILED.
Reason:
com.kms.katalon.core.exception.StepFailedException: Unable to verify object 'Object Repository/Staging Objects/Page_diagnostics/span_Meter connection to computer' is present
	at com.kms.katalon.core.webui.keyword.internal.WebUIKeywordMain.stepFailed(WebUIKeywordMain.groovy:64)
	at com.kms.katalon.core.webui.keyword.internal.WebUIKeywordMain.runKeyword(WebUIKeywordMain.groovy:26)
	at com.kms.katalon.core.webui.keyword.builtin.VerifyElementPresentKeyword.verifyElementPresent(VerifyElementPresentKeyword.groovy:92)
	at com.kms.katalon.core.webui.keyword.builtin.VerifyElementPresentKeyword.execute(VerifyElementPresentKeyword.groovy:68)
	at com.kms.katalon.core.keyword.internal.KeywordExecutor.executeKeywordForPlatform(KeywordExecutor.groovy:73)
	at com.kms.katalon.core.webui.keyword.WebUiBuiltInKeywords.verifyElementPresent(WebUiBuiltInKeywords.groovy:1461)
	at com.kms.katalon.core.webui.keyword.WebUiBuiltInKeywords$verifyElementPresent$9.call(Unknown Source)
	at TC_DETAILS_UI_033.run(TC_DETAILS_UI_033:22)
	at com.kms.katalon.core.main.ScriptEngine.run(ScriptEngine.java:194)
	at com.kms.katalon.core.main.ScriptEngine.runScriptAsRawText(ScriptEngine.java:119)
	at com.kms.katalon.core.main.TestCaseExecutor.runScript(TestCaseExecutor.java:339)
	at com.kms.katalon.core.main.TestCaseExecutor.doExecute(TestCaseExecutor.java:330)
	at com.kms.katalon.core.main.TestCaseExecutor.processExecutionPhase(TestCaseExecutor.java:309)
	at com.kms.katalon.core.main.TestCaseExecutor.accessMainPhase(TestCaseExecutor.java:301)
	at com.kms.katalon.core.main.TestCaseExecutor.execute(TestCaseExecutor.java:235)
	at com.kms.katalon.core.main.TestSuiteExecutor.accessTestCaseMainPhase(TestSuiteExecutor.java:191)
	at com.kms.katalon.core.main.TestSuiteExecutor.accessTestSuiteMainPhase(TestSuiteExecutor.java:141)
	at com.kms.katalon.core.main.TestSuiteExecutor.execute(TestSuiteExecutor.java:90)
	at com.kms.katalon.core.main.TestCaseMain.startTestSuite(TestCaseMain.java:157)
	at com.kms.katalon.core.main.TestCaseMain$startTestSuite$0.call(Unknown Source)
	at TempTestSuite1649228487552.run(TempTestSuite1649228487552.groovy:39)
Caused by: com.kms.katalon.core.exception.StepFailedException: com.kms.katalon.core.webui.exception.WebElementNotFoundException: Web element with id: 'Object Repository/Staging Objects/Page_diagnostics/span_Meter connection to computer' located by '//div[@id='tab-desc3']/div[2]/div[15]/span' not found
	at com.kms.katalon.core.webui.keyword.internal.WebUIKeywordMain.stepFailed(WebUIKeywordMain.groovy:64)
	at com.kms.katalon.core.webui.keyword.builtin.VerifyElementPresentKeyword$_verifyElementPresent_closure1.doCall(VerifyElementPresentKeyword.groovy:85)
	at com.kms.katalon.core.webui.keyword.builtin.VerifyElementPresentKeyword$_verifyElementPresent_closure1.call(VerifyElementPresentKeyword.groovy)
	at com.kms.katalon.core.webui.keyword.internal.WebUIKeywordMain.runKeyword(WebUIKeywordMain.groovy:20)
	... 19 more


2022-04-06 15:21:11 - [TEST_STEP][PASSED] - callTestCase(findTestCase("Custom Item Details/UTILITIES/OPEN_BROWSER"), [:], STOP_ON_FAILURE): Call Test Case 'Test Cases/Custom Item Details/UTILITIES/OPEN_BROWSER' successfully

2022-04-06 15:21:11 - [TEST_CASE][PASSED] - Test Cases/Custom Item Details/UTILITIES/OPEN_BROWSER: Test Cases/Custom Item Details/UTILITIES/OPEN_BROWSER

2022-04-06 15:21:11 - [TEST_STEP][PASSED] - openBrowser("https://diagnostics.staging.arcadier.io/"): Browser is opened with url: 'https://diagnostics.staging.arcadier.io/'

2022-04-06 15:21:11 - [MESSAGE][WARNING] - A browser is already opened. Closing browser and opening a new one

2022-04-06 15:21:12 - [MESSAGE][INFO] - Starting 'Chrome' driver

2022-04-06 15:21:12 - [MESSAGE][INFO] - Action delay is set to 0 milliseconds

2022-04-06 15:21:16 - [MESSAGE][PASSED] - Browser is opened with url: 'https://diagnostics.staging.arcadier.io/'

2022-04-06 15:21:16 - [TEST_STEP][PASSED] - maximizeWindow(): Current window maximized

2022-04-06 15:21:16 - [MESSAGE][PASSED] - Current window maximized

2022-04-06 15:21:16 - [TEST_STEP][PASSED] - click(findTestObject("Item Details Objects/Page_diagnostics/a_Accept Cookies")): Object: 'Object Repository/Item Details Objects/Page_diagnostics/a_Accept Cookies' is clicked on

2022-04-06 15:21:17 - [MESSAGE][PASSED] - Object: 'Object Repository/Item Details Objects/Page_diagnostics/a_Accept Cookies' is clicked on

2022-04-06 15:21:17 - [TEST_STEP][PASSED] - click(findTestObject("Staging Objects/Page_diagnostics/a_DIABETES DIAGNOSTICS"), STOP_ON_FAILURE): Object: 'Object Repository/Staging Objects/Page_diagnostics/a_DIABETES DIAGNOSTICS' is clicked on

2022-04-06 15:21:18 - [MESSAGE][PASSED] - Object: 'Object Repository/Staging Objects/Page_diagnostics/a_DIABETES DIAGNOSTICS' is clicked on

2022-04-06 15:21:18 - [TEST_STEP][PASSED] - mouseOver(findTestObject("Staging Objects/Page_diagnostics/a_CareSens N Eco Blood Glucose Meter")): Object: 'Object Repository/Staging Objects/Page_diagnostics/a_CareSens N Eco Blood Glucose Meter' is hovered

2022-04-06 15:21:22 - [MESSAGE][PASSED] - Object: 'Object Repository/Staging Objects/Page_diagnostics/a_CareSens N Eco Blood Glucose Meter' is hovered

2022-04-06 15:21:22 - [TEST_STEP][PASSED] - click(findTestObject("Staging Objects/Page_diagnostics/a_CareSens N Eco Blood Glucose Meter")): Object: 'Object Repository/Staging Objects/Page_diagnostics/a_CareSens N Eco Blood Glucose Meter' is clicked on

2022-04-06 15:21:28 - [MESSAGE][PASSED] - Object: 'Object Repository/Staging Objects/Page_diagnostics/a_CareSens N Eco Blood Glucose Meter' is clicked on

2022-04-06 15:21:28 - [MESSAGE][PASSED] - Call Test Case 'Test Cases/Custom Item Details/UTILITIES/OPEN_BROWSER' successfully

2022-04-06 15:21:28 - [TEST_STEP][PASSED] - waitForElementVisible(findTestObject("Staging Objects/Page_diagnostics/span_Meter connection to computer"), 0): Web element with id: 'Object Repository/Staging Objects/Page_diagnostics/span_Meter connection to computer' located by '//div[@id='tab-desc3']/div[2]/div[15]/span' not found

2022-04-06 15:21:28 - [MESSAGE][WARNING] - Timeout '0' is invalid. Using default page load timeout: '30'

2022-04-06 15:21:59 - [MESSAGE][INFO] - Unable to find the element located by 'By.xpath: //div[@id='tab-desc3']/div[2]/div[15]/span'. Please recheck the objects properties to make sure the desired element is located. 

2022-04-06 15:21:59 - [MESSAGE][WARNING] - Web element with id: 'Object Repository/Staging Objects/Page_diagnostics/span_Meter connection to computer' located by '//div[@id='tab-desc3']/div[2]/div[15]/span' not found

2022-04-06 15:21:59 - [TEST_STEP][FAILED] - verifyElementPresent(findTestObject("Staging Objects/Page_diagnostics/span_Meter connection to computer"), 0): Unable to verify object 'Object Repository/Staging Objects/Page_diagnostics/span_Meter connection to computer' is present (Root cause: com.kms.katalon.core.exception.StepFailedException: Unable to verify object 'Object Repository/Staging Objects/Page_diagnostics/span_Meter connection to computer' is present
	at com.kms.katalon.core.webui.keyword.internal.WebUIKeywordMain.stepFailed(WebUIKeywordMain.groovy:64)
	at com.kms.katalon.core.webui.keyword.internal.WebUIKeywordMain.runKeyword(WebUIKeywordMain.groovy:26)
	at com.kms.katalon.core.webui.keyword.builtin.VerifyElementPresentKeyword.verifyElementPresent(VerifyElementPresentKeyword.groovy:92)
	at com.kms.katalon.core.webui.keyword.builtin.VerifyElementPresentKeyword.execute(VerifyElementPresentKeyword.groovy:68)
	at com.kms.katalon.core.keyword.internal.KeywordExecutor.executeKeywordForPlatform(KeywordExecutor.groovy:73)
	at com.kms.katalon.core.webui.keyword.WebUiBuiltInKeywords.verifyElementPresent(WebUiBuiltInKeywords.groovy:1461)
	at com.kms.katalon.core.webui.keyword.WebUiBuiltInKeywords$verifyElementPresent$9.call(Unknown Source)
	at TC_DETAILS_UI_033.run(TC_DETAILS_UI_033:22)
	at com.kms.katalon.core.main.ScriptEngine.run(ScriptEngine.java:194)
	at com.kms.katalon.core.main.ScriptEngine.runScriptAsRawText(ScriptEngine.java:119)
	at com.kms.katalon.core.main.TestCaseExecutor.runScript(TestCaseExecutor.java:339)
	at com.kms.katalon.core.main.TestCaseExecutor.doExecute(TestCaseExecutor.java:330)
	at com.kms.katalon.core.main.TestCaseExecutor.processExecutionPhase(TestCaseExecutor.java:309)
	at com.kms.katalon.core.main.TestCaseExecutor.accessMainPhase(TestCaseExecutor.java:301)
	at com.kms.katalon.core.main.TestCaseExecutor.execute(TestCaseExecutor.java:235)
	at com.kms.katalon.core.main.TestSuiteExecutor.accessTestCaseMainPhase(TestSuiteExecutor.java:191)
	at com.kms.katalon.core.main.TestSuiteExecutor.accessTestSuiteMainPhase(TestSuiteExecutor.java:141)
	at com.kms.katalon.core.main.TestSuiteExecutor.execute(TestSuiteExecutor.java:90)
	at com.kms.katalon.core.main.TestCaseMain.startTestSuite(TestCaseMain.java:157)
	at com.kms.katalon.core.main.TestCaseMain$startTestSuite$0.call(Unknown Source)
	at TempTestSuite1649228487552.run(TempTestSuite1649228487552.groovy:39)
Caused by: com.kms.katalon.core.exception.StepFailedException: com.kms.katalon.core.webui.exception.WebElementNotFoundException: Web element with id: 'Object Repository/Staging Objects/Page_diagnostics/span_Meter connection to computer' located by '//div[@id='tab-desc3']/div[2]/div[15]/span' not found
	at com.kms.katalon.core.webui.keyword.internal.WebUIKeywordMain.stepFailed(WebUIKeywordMain.groovy:64)
	at com.kms.katalon.core.webui.keyword.builtin.VerifyElementPresentKeyword$_verifyElementPresent_closure1.doCall(VerifyElementPresentKeyword.groovy:85)
	at com.kms.katalon.core.webui.keyword.builtin.VerifyElementPresentKeyword$_verifyElementPresent_closure1.call(VerifyElementPresentKeyword.groovy)
	at com.kms.katalon.core.webui.keyword.internal.WebUIKeywordMain.runKeyword(WebUIKeywordMain.groovy:20)
	... 19 more
)

2022-04-06 15:21:59 - [MESSAGE][WARNING] - Timeout '0' is invalid. Using default page load timeout: '30'

2022-04-06 15:22:30 - [MESSAGE][INFO] - Unable to find the element located by 'By.xpath: //div[@id='tab-desc3']/div[2]/div[15]/span'. Please recheck the objects properties to make sure the desired element is located. 

2022-04-06 15:22:30 - [MESSAGE][FAILED] - com.kms.katalon.core.webui.exception.WebElementNotFoundException: Web element with id: 'Object Repository/Staging Objects/Page_diagnostics/span_Meter connection to computer' located by '//div[@id='tab-desc3']/div[2]/div[15]/span' not found (Root cause: com.kms.katalon.core.exception.StepFailedException: com.kms.katalon.core.webui.exception.WebElementNotFoundException: Web element with id: 'Object Repository/Staging Objects/Page_diagnostics/span_Meter connection to computer' located by '//div[@id='tab-desc3']/div[2]/div[15]/span' not found
	at com.kms.katalon.core.webui.keyword.internal.WebUIKeywordMain.stepFailed(WebUIKeywordMain.groovy:64)
	at com.kms.katalon.core.webui.keyword.builtin.VerifyElementPresentKeyword$_verifyElementPresent_closure1.doCall(VerifyElementPresentKeyword.groovy:85)
	at com.kms.katalon.core.webui.keyword.builtin.VerifyElementPresentKeyword$_verifyElementPresent_closure1.call(VerifyElementPresentKeyword.groovy)
	at com.kms.katalon.core.webui.keyword.internal.WebUIKeywordMain.runKeyword(WebUIKeywordMain.groovy:20)
	at com.kms.katalon.core.webui.keyword.builtin.VerifyElementPresentKeyword.verifyElementPresent(VerifyElementPresentKeyword.groovy:92)
	at com.kms.katalon.core.webui.keyword.builtin.VerifyElementPresentKeyword.execute(VerifyElementPresentKeyword.groovy:68)
	at com.kms.katalon.core.keyword.internal.KeywordExecutor.executeKeywordForPlatform(KeywordExecutor.groovy:73)
	at com.kms.katalon.core.webui.keyword.WebUiBuiltInKeywords.verifyElementPresent(WebUiBuiltInKeywords.groovy:1461)
	at com.kms.katalon.core.webui.keyword.WebUiBuiltInKeywords$verifyElementPresent$9.call(Unknown Source)
	at TC_DETAILS_UI_033.run(TC_DETAILS_UI_033:22)
	at com.kms.katalon.core.main.ScriptEngine.run(ScriptEngine.java:194)
	at com.kms.katalon.core.main.ScriptEngine.runScriptAsRawText(ScriptEngine.java:119)
	at com.kms.katalon.core.main.TestCaseExecutor.runScript(TestCaseExecutor.java:339)
	at com.kms.katalon.core.main.TestCaseExecutor.doExecute(TestCaseExecutor.java:330)
	at com.kms.katalon.core.main.TestCaseExecutor.processExecutionPhase(TestCaseExecutor.java:309)
	at com.kms.katalon.core.main.TestCaseExecutor.accessMainPhase(TestCaseExecutor.java:301)
	at com.kms.katalon.core.main.TestCaseExecutor.execute(TestCaseExecutor.java:235)
	at com.kms.katalon.core.main.TestSuiteExecutor.accessTestCaseMainPhase(TestSuiteExecutor.java:191)
	at com.kms.katalon.core.main.TestSuiteExecutor.accessTestSuiteMainPhase(TestSuiteExecutor.java:141)
	at com.kms.katalon.core.main.TestSuiteExecutor.execute(TestSuiteExecutor.java:90)
	at com.kms.katalon.core.main.TestCaseMain.startTestSuite(TestCaseMain.java:157)
	at com.kms.katalon.core.main.TestCaseMain$startTestSuite$0.call(Unknown Source)
	at TempTestSuite1649228487552.run(TempTestSuite1649228487552.groovy:39)
)
[[ATTACHMENT|K:\\Work\\GitHub\\find-item-detail-test_v2\\Reports\\20220406_150127\\Item detail test\\20220406_150127\\1649229750377.png]]

2022-04-06 15:22:30 - [MESSAGE][FAILED] - Unable to verify object 'Object Repository/Staging Objects/Page_diagnostics/span_Meter connection to computer' is present (Root cause: com.kms.katalon.core.exception.StepFailedException: Unable to verify object 'Object Repository/Staging Objects/Page_diagnostics/span_Meter connection to computer' is present
	at com.kms.katalon.core.webui.keyword.internal.WebUIKeywordMain.stepFailed(WebUIKeywordMain.groovy:64)
	at com.kms.katalon.core.webui.keyword.internal.WebUIKeywordMain.runKeyword(WebUIKeywordMain.groovy:26)
	at com.kms.katalon.core.webui.keyword.builtin.VerifyElementPresentKeyword.verifyElementPresent(VerifyElementPresentKeyword.groovy:92)
	at com.kms.katalon.core.webui.keyword.builtin.VerifyElementPresentKeyword.execute(VerifyElementPresentKeyword.groovy:68)
	at com.kms.katalon.core.keyword.internal.KeywordExecutor.executeKeywordForPlatform(KeywordExecutor.groovy:73)
	at com.kms.katalon.core.webui.keyword.WebUiBuiltInKeywords.verifyElementPresent(WebUiBuiltInKeywords.groovy:1461)
	at com.kms.katalon.core.webui.keyword.WebUiBuiltInKeywords$verifyElementPresent$9.call(Unknown Source)
	at TC_DETAILS_UI_033.run(TC_DETAILS_UI_033:22)
	at com.kms.katalon.core.main.ScriptEngine.run(ScriptEngine.java:194)
	at com.kms.katalon.core.main.ScriptEngine.runScriptAsRawText(ScriptEngine.java:119)
	at com.kms.katalon.core.main.TestCaseExecutor.runScript(TestCaseExecutor.java:339)
	at com.kms.katalon.core.main.TestCaseExecutor.doExecute(TestCaseExecutor.java:330)
	at com.kms.katalon.core.main.TestCaseExecutor.processExecutionPhase(TestCaseExecutor.java:309)
	at com.kms.katalon.core.main.TestCaseExecutor.accessMainPhase(TestCaseExecutor.java:301)
	at com.kms.katalon.core.main.TestCaseExecutor.execute(TestCaseExecutor.java:235)
	at com.kms.katalon.core.main.TestSuiteExecutor.accessTestCaseMainPhase(TestSuiteExecutor.java:191)
	at com.kms.katalon.core.main.TestSuiteExecutor.accessTestSuiteMainPhase(TestSuiteExecutor.java:141)
	at com.kms.katalon.core.main.TestSuiteExecutor.execute(TestSuiteExecutor.java:90)
	at com.kms.katalon.core.main.TestCaseMain.startTestSuite(TestCaseMain.java:157)
	at com.kms.katalon.core.main.TestCaseMain$startTestSuite$0.call(Unknown Source)
	at TempTestSuite1649228487552.run(TempTestSuite1649228487552.groovy:39)
Caused by: com.kms.katalon.core.exception.StepFailedException: com.kms.katalon.core.webui.exception.WebElementNotFoundException: Web element with id: 'Object Repository/Staging Objects/Page_diagnostics/span_Meter connection to computer' located by '//div[@id='tab-desc3']/div[2]/div[15]/span' not found
	at com.kms.katalon.core.webui.keyword.internal.WebUIKeywordMain.stepFailed(WebUIKeywordMain.groovy:64)
	at com.kms.katalon.core.webui.keyword.builtin.VerifyElementPresentKeyword$_verifyElementPresent_closure1.doCall(VerifyElementPresentKeyword.groovy:85)
	at com.kms.katalon.core.webui.keyword.builtin.VerifyElementPresentKeyword$_verifyElementPresent_closure1.call(VerifyElementPresentKeyword.groovy)
	at com.kms.katalon.core.webui.keyword.internal.WebUIKeywordMain.runKeyword(WebUIKeywordMain.groovy:20)
	... 19 more
)
[[ATTACHMENT|K:\\Work\\GitHub\\find-item-detail-test_v2\\Reports\\20220406_150127\\Item detail test\\20220406_150127\\1649229750538.png]]]]></system-out>
         <system-err><![CDATA[2022-04-06 15:21:11 - [TEST_CASE][FAILED] - Test Cases/Custom Item Details/TEST CASE/TC_DETAILS_UI_033: Test Cases/Custom Item Details/TEST CASE/TC_DETAILS_UI_033 FAILED.
Reason:
com.kms.katalon.core.exception.StepFailedException: Unable to verify object 'Object Repository/Staging Objects/Page_diagnostics/span_Meter connection to computer' is present
	at com.kms.katalon.core.webui.keyword.internal.WebUIKeywordMain.stepFailed(WebUIKeywordMain.groovy:64)
	at com.kms.katalon.core.webui.keyword.internal.WebUIKeywordMain.runKeyword(WebUIKeywordMain.groovy:26)
	at com.kms.katalon.core.webui.keyword.builtin.VerifyElementPresentKeyword.verifyElementPresent(VerifyElementPresentKeyword.groovy:92)
	at com.kms.katalon.core.webui.keyword.builtin.VerifyElementPresentKeyword.execute(VerifyElementPresentKeyword.groovy:68)
	at com.kms.katalon.core.keyword.internal.KeywordExecutor.executeKeywordForPlatform(KeywordExecutor.groovy:73)
	at com.kms.katalon.core.webui.keyword.WebUiBuiltInKeywords.verifyElementPresent(WebUiBuiltInKeywords.groovy:1461)
	at com.kms.katalon.core.webui.keyword.WebUiBuiltInKeywords$verifyElementPresent$9.call(Unknown Source)
	at TC_DETAILS_UI_033.run(TC_DETAILS_UI_033:22)
	at com.kms.katalon.core.main.ScriptEngine.run(ScriptEngine.java:194)
	at com.kms.katalon.core.main.ScriptEngine.runScriptAsRawText(ScriptEngine.java:119)
	at com.kms.katalon.core.main.TestCaseExecutor.runScript(TestCaseExecutor.java:339)
	at com.kms.katalon.core.main.TestCaseExecutor.doExecute(TestCaseExecutor.java:330)
	at com.kms.katalon.core.main.TestCaseExecutor.processExecutionPhase(TestCaseExecutor.java:309)
	at com.kms.katalon.core.main.TestCaseExecutor.accessMainPhase(TestCaseExecutor.java:301)
	at com.kms.katalon.core.main.TestCaseExecutor.execute(TestCaseExecutor.java:235)
	at com.kms.katalon.core.main.TestSuiteExecutor.accessTestCaseMainPhase(TestSuiteExecutor.java:191)
	at com.kms.katalon.core.main.TestSuiteExecutor.accessTestSuiteMainPhase(TestSuiteExecutor.java:141)
	at com.kms.katalon.core.main.TestSuiteExecutor.execute(TestSuiteExecutor.java:90)
	at com.kms.katalon.core.main.TestCaseMain.startTestSuite(TestCaseMain.java:157)
	at com.kms.katalon.core.main.TestCaseMain$startTestSuite$0.call(Unknown Source)
	at TempTestSuite1649228487552.run(TempTestSuite1649228487552.groovy:39)
Caused by: com.kms.katalon.core.exception.StepFailedException: com.kms.katalon.core.webui.exception.WebElementNotFoundException: Web element with id: 'Object Repository/Staging Objects/Page_diagnostics/span_Meter connection to computer' located by '//div[@id='tab-desc3']/div[2]/div[15]/span' not found
	at com.kms.katalon.core.webui.keyword.internal.WebUIKeywordMain.stepFailed(WebUIKeywordMain.groovy:64)
	at com.kms.katalon.core.webui.keyword.builtin.VerifyElementPresentKeyword$_verifyElementPresent_closure1.doCall(VerifyElementPresentKeyword.groovy:85)
	at com.kms.katalon.core.webui.keyword.builtin.VerifyElementPresentKeyword$_verifyElementPresent_closure1.call(VerifyElementPresentKeyword.groovy)
	at com.kms.katalon.core.webui.keyword.internal.WebUIKeywordMain.runKeyword(WebUIKeywordMain.groovy:20)
	... 19 more]]></system-err>
      </testcase>
      <testcase name="Test Cases/Custom Item Details/TEST CASE/TC_DETAILS_UI_034" time="80.985" classname="Test Cases/Custom Item Details/TEST CASE/TC_DETAILS_UI_034" status="FAILED">
         <failure type="FAILED" message="Test Cases/Custom Item Details/TEST CASE/TC_DETAILS_UI_034 FAILED.
Reason:
com.kms.katalon.core.exception.StepFailedException: Unable to verify object 'Object Repository/Staging Objects/Page_diagnostics/span_Meter connectivity' is present
	at com.kms.katalon.core.webui.keyword.internal.WebUIKeywordMain.stepFailed(WebUIKeywordMain.groovy:64)
	at com.kms.katalon.core.webui.keyword.internal.WebUIKeywordMain.runKeyword(WebUIKeywordMain.groovy:26)
	at com.kms.katalon.core.webui.keyword.builtin.VerifyElementPresentKeyword.verifyElementPresent(VerifyElementPresentKeyword.groovy:92)
	at com.kms.katalon.core.webui.keyword.builtin.VerifyElementPresentKeyword.execute(VerifyElementPresentKeyword.groovy:68)
	at com.kms.katalon.core.keyword.internal.KeywordExecutor.executeKeywordForPlatform(KeywordExecutor.groovy:73)
	at com.kms.katalon.core.webui.keyword.WebUiBuiltInKeywords.verifyElementPresent(WebUiBuiltInKeywords.groovy:1461)
	at com.kms.katalon.core.webui.keyword.WebUiBuiltInKeywords$verifyElementPresent$9.call(Unknown Source)
	at TC_DETAILS_UI_034.run(TC_DETAILS_UI_034:22)
	at com.kms.katalon.core.main.ScriptEngine.run(ScriptEngine.java:194)
	at com.kms.katalon.core.main.ScriptEngine.runScriptAsRawText(ScriptEngine.java:119)
	at com.kms.katalon.core.main.TestCaseExecutor.runScript(TestCaseExecutor.java:339)
	at com.kms.katalon.core.main.TestCaseExecutor.doExecute(TestCaseExecutor.java:330)
	at com.kms.katalon.core.main.TestCaseExecutor.processExecutionPhase(TestCaseExecutor.java:309)
	at com.kms.katalon.core.main.TestCaseExecutor.accessMainPhase(TestCaseExecutor.java:301)
	at com.kms.katalon.core.main.TestCaseExecutor.execute(TestCaseExecutor.java:235)
	at com.kms.katalon.core.main.TestSuiteExecutor.accessTestCaseMainPhase(TestSuiteExecutor.java:191)
	at com.kms.katalon.core.main.TestSuiteExecutor.accessTestSuiteMainPhase(TestSuiteExecutor.java:141)
	at com.kms.katalon.core.main.TestSuiteExecutor.execute(TestSuiteExecutor.java:90)
	at com.kms.katalon.core.main.TestCaseMain.startTestSuite(TestCaseMain.java:157)
	at com.kms.katalon.core.main.TestCaseMain$startTestSuite$0.call(Unknown Source)
	at TempTestSuite1649228487552.run(TempTestSuite1649228487552.groovy:39)
Caused by: com.kms.katalon.core.exception.StepFailedException: com.kms.katalon.core.webui.exception.WebElementNotFoundException: Web element with id: 'Object Repository/Staging Objects/Page_diagnostics/span_Meter connectivity' located by '//div[@id='tab-desc3']/div[2]/div[14]/span' not found
	at com.kms.katalon.core.webui.keyword.internal.WebUIKeywordMain.stepFailed(WebUIKeywordMain.groovy:64)
	at com.kms.katalon.core.webui.keyword.builtin.VerifyElementPresentKeyword$_verifyElementPresent_closure1.doCall(VerifyElementPresentKeyword.groovy:85)
	at com.kms.katalon.core.webui.keyword.builtin.VerifyElementPresentKeyword$_verifyElementPresent_closure1.call(VerifyElementPresentKeyword.groovy)
	at com.kms.katalon.core.webui.keyword.internal.WebUIKeywordMain.runKeyword(WebUIKeywordMain.groovy:20)
	... 19 more
"/>
         <system-out><![CDATA[2022-04-06 15:22:30 - [TEST_CASE][FAILED] - Test Cases/Custom Item Details/TEST CASE/TC_DETAILS_UI_034: Test Cases/Custom Item Details/TEST CASE/TC_DETAILS_UI_034 FAILED.
Reason:
com.kms.katalon.core.exception.StepFailedException: Unable to verify object 'Object Repository/Staging Objects/Page_diagnostics/span_Meter connectivity' is present
	at com.kms.katalon.core.webui.keyword.internal.WebUIKeywordMain.stepFailed(WebUIKeywordMain.groovy:64)
	at com.kms.katalon.core.webui.keyword.internal.WebUIKeywordMain.runKeyword(WebUIKeywordMain.groovy:26)
	at com.kms.katalon.core.webui.keyword.builtin.VerifyElementPresentKeyword.verifyElementPresent(VerifyElementPresentKeyword.groovy:92)
	at com.kms.katalon.core.webui.keyword.builtin.VerifyElementPresentKeyword.execute(VerifyElementPresentKeyword.groovy:68)
	at com.kms.katalon.core.keyword.internal.KeywordExecutor.executeKeywordForPlatform(KeywordExecutor.groovy:73)
	at com.kms.katalon.core.webui.keyword.WebUiBuiltInKeywords.verifyElementPresent(WebUiBuiltInKeywords.groovy:1461)
	at com.kms.katalon.core.webui.keyword.WebUiBuiltInKeywords$verifyElementPresent$9.call(Unknown Source)
	at TC_DETAILS_UI_034.run(TC_DETAILS_UI_034:22)
	at com.kms.katalon.core.main.ScriptEngine.run(ScriptEngine.java:194)
	at com.kms.katalon.core.main.ScriptEngine.runScriptAsRawText(ScriptEngine.java:119)
	at com.kms.katalon.core.main.TestCaseExecutor.runScript(TestCaseExecutor.java:339)
	at com.kms.katalon.core.main.TestCaseExecutor.doExecute(TestCaseExecutor.java:330)
	at com.kms.katalon.core.main.TestCaseExecutor.processExecutionPhase(TestCaseExecutor.java:309)
	at com.kms.katalon.core.main.TestCaseExecutor.accessMainPhase(TestCaseExecutor.java:301)
	at com.kms.katalon.core.main.TestCaseExecutor.execute(TestCaseExecutor.java:235)
	at com.kms.katalon.core.main.TestSuiteExecutor.accessTestCaseMainPhase(TestSuiteExecutor.java:191)
	at com.kms.katalon.core.main.TestSuiteExecutor.accessTestSuiteMainPhase(TestSuiteExecutor.java:141)
	at com.kms.katalon.core.main.TestSuiteExecutor.execute(TestSuiteExecutor.java:90)
	at com.kms.katalon.core.main.TestCaseMain.startTestSuite(TestCaseMain.java:157)
	at com.kms.katalon.core.main.TestCaseMain$startTestSuite$0.call(Unknown Source)
	at TempTestSuite1649228487552.run(TempTestSuite1649228487552.groovy:39)
Caused by: com.kms.katalon.core.exception.StepFailedException: com.kms.katalon.core.webui.exception.WebElementNotFoundException: Web element with id: 'Object Repository/Staging Objects/Page_diagnostics/span_Meter connectivity' located by '//div[@id='tab-desc3']/div[2]/div[14]/span' not found
	at com.kms.katalon.core.webui.keyword.internal.WebUIKeywordMain.stepFailed(WebUIKeywordMain.groovy:64)
	at com.kms.katalon.core.webui.keyword.builtin.VerifyElementPresentKeyword$_verifyElementPresent_closure1.doCall(VerifyElementPresentKeyword.groovy:85)
	at com.kms.katalon.core.webui.keyword.builtin.VerifyElementPresentKeyword$_verifyElementPresent_closure1.call(VerifyElementPresentKeyword.groovy)
	at com.kms.katalon.core.webui.keyword.internal.WebUIKeywordMain.runKeyword(WebUIKeywordMain.groovy:20)
	... 19 more


2022-04-06 15:22:30 - [TEST_STEP][PASSED] - callTestCase(findTestCase("Custom Item Details/UTILITIES/OPEN_BROWSER"), [:], STOP_ON_FAILURE): Call Test Case 'Test Cases/Custom Item Details/UTILITIES/OPEN_BROWSER' successfully

2022-04-06 15:22:30 - [TEST_CASE][PASSED] - Test Cases/Custom Item Details/UTILITIES/OPEN_BROWSER: Test Cases/Custom Item Details/UTILITIES/OPEN_BROWSER

2022-04-06 15:22:30 - [TEST_STEP][PASSED] - openBrowser("https://diagnostics.staging.arcadier.io/"): Browser is opened with url: 'https://diagnostics.staging.arcadier.io/'

2022-04-06 15:22:30 - [MESSAGE][WARNING] - A browser is already opened. Closing browser and opening a new one

2022-04-06 15:22:31 - [MESSAGE][INFO] - Starting 'Chrome' driver

2022-04-06 15:22:31 - [MESSAGE][INFO] - Action delay is set to 0 milliseconds

2022-04-06 15:22:34 - [MESSAGE][PASSED] - Browser is opened with url: 'https://diagnostics.staging.arcadier.io/'

2022-04-06 15:22:34 - [TEST_STEP][PASSED] - maximizeWindow(): Current window maximized

2022-04-06 15:22:35 - [MESSAGE][PASSED] - Current window maximized

2022-04-06 15:22:35 - [TEST_STEP][PASSED] - click(findTestObject("Item Details Objects/Page_diagnostics/a_Accept Cookies")): Object: 'Object Repository/Item Details Objects/Page_diagnostics/a_Accept Cookies' is clicked on

2022-04-06 15:22:36 - [MESSAGE][PASSED] - Object: 'Object Repository/Item Details Objects/Page_diagnostics/a_Accept Cookies' is clicked on

2022-04-06 15:22:36 - [TEST_STEP][PASSED] - click(findTestObject("Staging Objects/Page_diagnostics/a_DIABETES DIAGNOSTICS"), STOP_ON_FAILURE): Object: 'Object Repository/Staging Objects/Page_diagnostics/a_DIABETES DIAGNOSTICS' is clicked on

2022-04-06 15:22:39 - [MESSAGE][PASSED] - Object: 'Object Repository/Staging Objects/Page_diagnostics/a_DIABETES DIAGNOSTICS' is clicked on

2022-04-06 15:22:39 - [TEST_STEP][PASSED] - mouseOver(findTestObject("Staging Objects/Page_diagnostics/a_CareSens N Eco Blood Glucose Meter")): Object: 'Object Repository/Staging Objects/Page_diagnostics/a_CareSens N Eco Blood Glucose Meter' is hovered

2022-04-06 15:22:43 - [MESSAGE][PASSED] - Object: 'Object Repository/Staging Objects/Page_diagnostics/a_CareSens N Eco Blood Glucose Meter' is hovered

2022-04-06 15:22:43 - [TEST_STEP][PASSED] - click(findTestObject("Staging Objects/Page_diagnostics/a_CareSens N Eco Blood Glucose Meter")): Object: 'Object Repository/Staging Objects/Page_diagnostics/a_CareSens N Eco Blood Glucose Meter' is clicked on

2022-04-06 15:22:49 - [MESSAGE][PASSED] - Object: 'Object Repository/Staging Objects/Page_diagnostics/a_CareSens N Eco Blood Glucose Meter' is clicked on

2022-04-06 15:22:49 - [MESSAGE][PASSED] - Call Test Case 'Test Cases/Custom Item Details/UTILITIES/OPEN_BROWSER' successfully

2022-04-06 15:22:49 - [TEST_STEP][PASSED] - waitForElementVisible(findTestObject("Staging Objects/Page_diagnostics/span_Meter connectivity"), 0): Web element with id: 'Object Repository/Staging Objects/Page_diagnostics/span_Meter connectivity' located by '//div[@id='tab-desc3']/div[2]/div[14]/span' not found

2022-04-06 15:22:49 - [MESSAGE][WARNING] - Timeout '0' is invalid. Using default page load timeout: '30'

2022-04-06 15:23:20 - [MESSAGE][INFO] - Unable to find the element located by 'By.xpath: //div[@id='tab-desc3']/div[2]/div[14]/span'. Please recheck the objects properties to make sure the desired element is located. 

2022-04-06 15:23:20 - [MESSAGE][WARNING] - Web element with id: 'Object Repository/Staging Objects/Page_diagnostics/span_Meter connectivity' located by '//div[@id='tab-desc3']/div[2]/div[14]/span' not found

2022-04-06 15:23:20 - [TEST_STEP][FAILED] - verifyElementPresent(findTestObject("Staging Objects/Page_diagnostics/span_Meter connectivity"), 0): Unable to verify object 'Object Repository/Staging Objects/Page_diagnostics/span_Meter connectivity' is present (Root cause: com.kms.katalon.core.exception.StepFailedException: Unable to verify object 'Object Repository/Staging Objects/Page_diagnostics/span_Meter connectivity' is present
	at com.kms.katalon.core.webui.keyword.internal.WebUIKeywordMain.stepFailed(WebUIKeywordMain.groovy:64)
	at com.kms.katalon.core.webui.keyword.internal.WebUIKeywordMain.runKeyword(WebUIKeywordMain.groovy:26)
	at com.kms.katalon.core.webui.keyword.builtin.VerifyElementPresentKeyword.verifyElementPresent(VerifyElementPresentKeyword.groovy:92)
	at com.kms.katalon.core.webui.keyword.builtin.VerifyElementPresentKeyword.execute(VerifyElementPresentKeyword.groovy:68)
	at com.kms.katalon.core.keyword.internal.KeywordExecutor.executeKeywordForPlatform(KeywordExecutor.groovy:73)
	at com.kms.katalon.core.webui.keyword.WebUiBuiltInKeywords.verifyElementPresent(WebUiBuiltInKeywords.groovy:1461)
	at com.kms.katalon.core.webui.keyword.WebUiBuiltInKeywords$verifyElementPresent$9.call(Unknown Source)
	at TC_DETAILS_UI_034.run(TC_DETAILS_UI_034:22)
	at com.kms.katalon.core.main.ScriptEngine.run(ScriptEngine.java:194)
	at com.kms.katalon.core.main.ScriptEngine.runScriptAsRawText(ScriptEngine.java:119)
	at com.kms.katalon.core.main.TestCaseExecutor.runScript(TestCaseExecutor.java:339)
	at com.kms.katalon.core.main.TestCaseExecutor.doExecute(TestCaseExecutor.java:330)
	at com.kms.katalon.core.main.TestCaseExecutor.processExecutionPhase(TestCaseExecutor.java:309)
	at com.kms.katalon.core.main.TestCaseExecutor.accessMainPhase(TestCaseExecutor.java:301)
	at com.kms.katalon.core.main.TestCaseExecutor.execute(TestCaseExecutor.java:235)
	at com.kms.katalon.core.main.TestSuiteExecutor.accessTestCaseMainPhase(TestSuiteExecutor.java:191)
	at com.kms.katalon.core.main.TestSuiteExecutor.accessTestSuiteMainPhase(TestSuiteExecutor.java:141)
	at com.kms.katalon.core.main.TestSuiteExecutor.execute(TestSuiteExecutor.java:90)
	at com.kms.katalon.core.main.TestCaseMain.startTestSuite(TestCaseMain.java:157)
	at com.kms.katalon.core.main.TestCaseMain$startTestSuite$0.call(Unknown Source)
	at TempTestSuite1649228487552.run(TempTestSuite1649228487552.groovy:39)
Caused by: com.kms.katalon.core.exception.StepFailedException: com.kms.katalon.core.webui.exception.WebElementNotFoundException: Web element with id: 'Object Repository/Staging Objects/Page_diagnostics/span_Meter connectivity' located by '//div[@id='tab-desc3']/div[2]/div[14]/span' not found
	at com.kms.katalon.core.webui.keyword.internal.WebUIKeywordMain.stepFailed(WebUIKeywordMain.groovy:64)
	at com.kms.katalon.core.webui.keyword.builtin.VerifyElementPresentKeyword$_verifyElementPresent_closure1.doCall(VerifyElementPresentKeyword.groovy:85)
	at com.kms.katalon.core.webui.keyword.builtin.VerifyElementPresentKeyword$_verifyElementPresent_closure1.call(VerifyElementPresentKeyword.groovy)
	at com.kms.katalon.core.webui.keyword.internal.WebUIKeywordMain.runKeyword(WebUIKeywordMain.groovy:20)
	... 19 more
)

2022-04-06 15:23:20 - [MESSAGE][WARNING] - Timeout '0' is invalid. Using default page load timeout: '30'

2022-04-06 15:23:51 - [MESSAGE][INFO] - Unable to find the element located by 'By.xpath: //div[@id='tab-desc3']/div[2]/div[14]/span'. Please recheck the objects properties to make sure the desired element is located. 

2022-04-06 15:23:51 - [MESSAGE][FAILED] - com.kms.katalon.core.webui.exception.WebElementNotFoundException: Web element with id: 'Object Repository/Staging Objects/Page_diagnostics/span_Meter connectivity' located by '//div[@id='tab-desc3']/div[2]/div[14]/span' not found (Root cause: com.kms.katalon.core.exception.StepFailedException: com.kms.katalon.core.webui.exception.WebElementNotFoundException: Web element with id: 'Object Repository/Staging Objects/Page_diagnostics/span_Meter connectivity' located by '//div[@id='tab-desc3']/div[2]/div[14]/span' not found
	at com.kms.katalon.core.webui.keyword.internal.WebUIKeywordMain.stepFailed(WebUIKeywordMain.groovy:64)
	at com.kms.katalon.core.webui.keyword.builtin.VerifyElementPresentKeyword$_verifyElementPresent_closure1.doCall(VerifyElementPresentKeyword.groovy:85)
	at com.kms.katalon.core.webui.keyword.builtin.VerifyElementPresentKeyword$_verifyElementPresent_closure1.call(VerifyElementPresentKeyword.groovy)
	at com.kms.katalon.core.webui.keyword.internal.WebUIKeywordMain.runKeyword(WebUIKeywordMain.groovy:20)
	at com.kms.katalon.core.webui.keyword.builtin.VerifyElementPresentKeyword.verifyElementPresent(VerifyElementPresentKeyword.groovy:92)
	at com.kms.katalon.core.webui.keyword.builtin.VerifyElementPresentKeyword.execute(VerifyElementPresentKeyword.groovy:68)
	at com.kms.katalon.core.keyword.internal.KeywordExecutor.executeKeywordForPlatform(KeywordExecutor.groovy:73)
	at com.kms.katalon.core.webui.keyword.WebUiBuiltInKeywords.verifyElementPresent(WebUiBuiltInKeywords.groovy:1461)
	at com.kms.katalon.core.webui.keyword.WebUiBuiltInKeywords$verifyElementPresent$9.call(Unknown Source)
	at TC_DETAILS_UI_034.run(TC_DETAILS_UI_034:22)
	at com.kms.katalon.core.main.ScriptEngine.run(ScriptEngine.java:194)
	at com.kms.katalon.core.main.ScriptEngine.runScriptAsRawText(ScriptEngine.java:119)
	at com.kms.katalon.core.main.TestCaseExecutor.runScript(TestCaseExecutor.java:339)
	at com.kms.katalon.core.main.TestCaseExecutor.doExecute(TestCaseExecutor.java:330)
	at com.kms.katalon.core.main.TestCaseExecutor.processExecutionPhase(TestCaseExecutor.java:309)
	at com.kms.katalon.core.main.TestCaseExecutor.accessMainPhase(TestCaseExecutor.java:301)
	at com.kms.katalon.core.main.TestCaseExecutor.execute(TestCaseExecutor.java:235)
	at com.kms.katalon.core.main.TestSuiteExecutor.accessTestCaseMainPhase(TestSuiteExecutor.java:191)
	at com.kms.katalon.core.main.TestSuiteExecutor.accessTestSuiteMainPhase(TestSuiteExecutor.java:141)
	at com.kms.katalon.core.main.TestSuiteExecutor.execute(TestSuiteExecutor.java:90)
	at com.kms.katalon.core.main.TestCaseMain.startTestSuite(TestCaseMain.java:157)
	at com.kms.katalon.core.main.TestCaseMain$startTestSuite$0.call(Unknown Source)
	at TempTestSuite1649228487552.run(TempTestSuite1649228487552.groovy:39)
)
[[ATTACHMENT|K:\\Work\\GitHub\\find-item-detail-test_v2\\Reports\\20220406_150127\\Item detail test\\20220406_150127\\1649229831382.png]]

2022-04-06 15:23:51 - [MESSAGE][FAILED] - Unable to verify object 'Object Repository/Staging Objects/Page_diagnostics/span_Meter connectivity' is present (Root cause: com.kms.katalon.core.exception.StepFailedException: Unable to verify object 'Object Repository/Staging Objects/Page_diagnostics/span_Meter connectivity' is present
	at com.kms.katalon.core.webui.keyword.internal.WebUIKeywordMain.stepFailed(WebUIKeywordMain.groovy:64)
	at com.kms.katalon.core.webui.keyword.internal.WebUIKeywordMain.runKeyword(WebUIKeywordMain.groovy:26)
	at com.kms.katalon.core.webui.keyword.builtin.VerifyElementPresentKeyword.verifyElementPresent(VerifyElementPresentKeyword.groovy:92)
	at com.kms.katalon.core.webui.keyword.builtin.VerifyElementPresentKeyword.execute(VerifyElementPresentKeyword.groovy:68)
	at com.kms.katalon.core.keyword.internal.KeywordExecutor.executeKeywordForPlatform(KeywordExecutor.groovy:73)
	at com.kms.katalon.core.webui.keyword.WebUiBuiltInKeywords.verifyElementPresent(WebUiBuiltInKeywords.groovy:1461)
	at com.kms.katalon.core.webui.keyword.WebUiBuiltInKeywords$verifyElementPresent$9.call(Unknown Source)
	at TC_DETAILS_UI_034.run(TC_DETAILS_UI_034:22)
	at com.kms.katalon.core.main.ScriptEngine.run(ScriptEngine.java:194)
	at com.kms.katalon.core.main.ScriptEngine.runScriptAsRawText(ScriptEngine.java:119)
	at com.kms.katalon.core.main.TestCaseExecutor.runScript(TestCaseExecutor.java:339)
	at com.kms.katalon.core.main.TestCaseExecutor.doExecute(TestCaseExecutor.java:330)
	at com.kms.katalon.core.main.TestCaseExecutor.processExecutionPhase(TestCaseExecutor.java:309)
	at com.kms.katalon.core.main.TestCaseExecutor.accessMainPhase(TestCaseExecutor.java:301)
	at com.kms.katalon.core.main.TestCaseExecutor.execute(TestCaseExecutor.java:235)
	at com.kms.katalon.core.main.TestSuiteExecutor.accessTestCaseMainPhase(TestSuiteExecutor.java:191)
	at com.kms.katalon.core.main.TestSuiteExecutor.accessTestSuiteMainPhase(TestSuiteExecutor.java:141)
	at com.kms.katalon.core.main.TestSuiteExecutor.execute(TestSuiteExecutor.java:90)
	at com.kms.katalon.core.main.TestCaseMain.startTestSuite(TestCaseMain.java:157)
	at com.kms.katalon.core.main.TestCaseMain$startTestSuite$0.call(Unknown Source)
	at TempTestSuite1649228487552.run(TempTestSuite1649228487552.groovy:39)
Caused by: com.kms.katalon.core.exception.StepFailedException: com.kms.katalon.core.webui.exception.WebElementNotFoundException: Web element with id: 'Object Repository/Staging Objects/Page_diagnostics/span_Meter connectivity' located by '//div[@id='tab-desc3']/div[2]/div[14]/span' not found
	at com.kms.katalon.core.webui.keyword.internal.WebUIKeywordMain.stepFailed(WebUIKeywordMain.groovy:64)
	at com.kms.katalon.core.webui.keyword.builtin.VerifyElementPresentKeyword$_verifyElementPresent_closure1.doCall(VerifyElementPresentKeyword.groovy:85)
	at com.kms.katalon.core.webui.keyword.builtin.VerifyElementPresentKeyword$_verifyElementPresent_closure1.call(VerifyElementPresentKeyword.groovy)
	at com.kms.katalon.core.webui.keyword.internal.WebUIKeywordMain.runKeyword(WebUIKeywordMain.groovy:20)
	... 19 more
)
[[ATTACHMENT|K:\\Work\\GitHub\\find-item-detail-test_v2\\Reports\\20220406_150127\\Item detail test\\20220406_150127\\1649229831528.png]]]]></system-out>
         <system-err><![CDATA[2022-04-06 15:22:30 - [TEST_CASE][FAILED] - Test Cases/Custom Item Details/TEST CASE/TC_DETAILS_UI_034: Test Cases/Custom Item Details/TEST CASE/TC_DETAILS_UI_034 FAILED.
Reason:
com.kms.katalon.core.exception.StepFailedException: Unable to verify object 'Object Repository/Staging Objects/Page_diagnostics/span_Meter connectivity' is present
	at com.kms.katalon.core.webui.keyword.internal.WebUIKeywordMain.stepFailed(WebUIKeywordMain.groovy:64)
	at com.kms.katalon.core.webui.keyword.internal.WebUIKeywordMain.runKeyword(WebUIKeywordMain.groovy:26)
	at com.kms.katalon.core.webui.keyword.builtin.VerifyElementPresentKeyword.verifyElementPresent(VerifyElementPresentKeyword.groovy:92)
	at com.kms.katalon.core.webui.keyword.builtin.VerifyElementPresentKeyword.execute(VerifyElementPresentKeyword.groovy:68)
	at com.kms.katalon.core.keyword.internal.KeywordExecutor.executeKeywordForPlatform(KeywordExecutor.groovy:73)
	at com.kms.katalon.core.webui.keyword.WebUiBuiltInKeywords.verifyElementPresent(WebUiBuiltInKeywords.groovy:1461)
	at com.kms.katalon.core.webui.keyword.WebUiBuiltInKeywords$verifyElementPresent$9.call(Unknown Source)
	at TC_DETAILS_UI_034.run(TC_DETAILS_UI_034:22)
	at com.kms.katalon.core.main.ScriptEngine.run(ScriptEngine.java:194)
	at com.kms.katalon.core.main.ScriptEngine.runScriptAsRawText(ScriptEngine.java:119)
	at com.kms.katalon.core.main.TestCaseExecutor.runScript(TestCaseExecutor.java:339)
	at com.kms.katalon.core.main.TestCaseExecutor.doExecute(TestCaseExecutor.java:330)
	at com.kms.katalon.core.main.TestCaseExecutor.processExecutionPhase(TestCaseExecutor.java:309)
	at com.kms.katalon.core.main.TestCaseExecutor.accessMainPhase(TestCaseExecutor.java:301)
	at com.kms.katalon.core.main.TestCaseExecutor.execute(TestCaseExecutor.java:235)
	at com.kms.katalon.core.main.TestSuiteExecutor.accessTestCaseMainPhase(TestSuiteExecutor.java:191)
	at com.kms.katalon.core.main.TestSuiteExecutor.accessTestSuiteMainPhase(TestSuiteExecutor.java:141)
	at com.kms.katalon.core.main.TestSuiteExecutor.execute(TestSuiteExecutor.java:90)
	at com.kms.katalon.core.main.TestCaseMain.startTestSuite(TestCaseMain.java:157)
	at com.kms.katalon.core.main.TestCaseMain$startTestSuite$0.call(Unknown Source)
	at TempTestSuite1649228487552.run(TempTestSuite1649228487552.groovy:39)
Caused by: com.kms.katalon.core.exception.StepFailedException: com.kms.katalon.core.webui.exception.WebElementNotFoundException: Web element with id: 'Object Repository/Staging Objects/Page_diagnostics/span_Meter connectivity' located by '//div[@id='tab-desc3']/div[2]/div[14]/span' not found
	at com.kms.katalon.core.webui.keyword.internal.WebUIKeywordMain.stepFailed(WebUIKeywordMain.groovy:64)
	at com.kms.katalon.core.webui.keyword.builtin.VerifyElementPresentKeyword$_verifyElementPresent_closure1.doCall(VerifyElementPresentKeyword.groovy:85)
	at com.kms.katalon.core.webui.keyword.builtin.VerifyElementPresentKeyword$_verifyElementPresent_closure1.call(VerifyElementPresentKeyword.groovy)
	at com.kms.katalon.core.webui.keyword.internal.WebUIKeywordMain.runKeyword(WebUIKeywordMain.groovy:20)
	... 19 more]]></system-err>
      </testcase>
      <testcase name="Test Cases/Custom Item Details/TEST CASE/TC_DETAILS_UI_035" time="20.235" classname="Test Cases/Custom Item Details/TEST CASE/TC_DETAILS_UI_035" status="PASSED">
         <system-out><![CDATA[2022-04-06 15:23:51 - [TEST_CASE][PASSED] - Test Cases/Custom Item Details/TEST CASE/TC_DETAILS_UI_035: Test Cases/Custom Item Details/TEST CASE/TC_DETAILS_UI_035

2022-04-06 15:23:51 - [TEST_STEP][PASSED] - callTestCase(findTestCase("Custom Item Details/UTILITIES/OPEN_BROWSER"), [:], STOP_ON_FAILURE): Call Test Case 'Test Cases/Custom Item Details/UTILITIES/OPEN_BROWSER' successfully

2022-04-06 15:23:51 - [TEST_CASE][PASSED] - Test Cases/Custom Item Details/UTILITIES/OPEN_BROWSER: Test Cases/Custom Item Details/UTILITIES/OPEN_BROWSER

2022-04-06 15:23:51 - [TEST_STEP][PASSED] - openBrowser("https://diagnostics.staging.arcadier.io/"): Browser is opened with url: 'https://diagnostics.staging.arcadier.io/'

2022-04-06 15:23:51 - [MESSAGE][WARNING] - A browser is already opened. Closing browser and opening a new one

2022-04-06 15:23:52 - [MESSAGE][INFO] - Starting 'Chrome' driver

2022-04-06 15:23:52 - [MESSAGE][INFO] - Action delay is set to 0 milliseconds

2022-04-06 15:23:55 - [MESSAGE][PASSED] - Browser is opened with url: 'https://diagnostics.staging.arcadier.io/'

2022-04-06 15:23:55 - [TEST_STEP][PASSED] - maximizeWindow(): Current window maximized

2022-04-06 15:23:56 - [MESSAGE][PASSED] - Current window maximized

2022-04-06 15:23:56 - [TEST_STEP][PASSED] - click(findTestObject("Item Details Objects/Page_diagnostics/a_Accept Cookies")): Object: 'Object Repository/Item Details Objects/Page_diagnostics/a_Accept Cookies' is clicked on

2022-04-06 15:23:58 - [MESSAGE][PASSED] - Object: 'Object Repository/Item Details Objects/Page_diagnostics/a_Accept Cookies' is clicked on

2022-04-06 15:23:58 - [TEST_STEP][PASSED] - click(findTestObject("Staging Objects/Page_diagnostics/a_DIABETES DIAGNOSTICS"), STOP_ON_FAILURE): Object: 'Object Repository/Staging Objects/Page_diagnostics/a_DIABETES DIAGNOSTICS' is clicked on

2022-04-06 15:24:00 - [MESSAGE][PASSED] - Object: 'Object Repository/Staging Objects/Page_diagnostics/a_DIABETES DIAGNOSTICS' is clicked on

2022-04-06 15:24:00 - [TEST_STEP][PASSED] - mouseOver(findTestObject("Staging Objects/Page_diagnostics/a_CareSens N Eco Blood Glucose Meter")): Object: 'Object Repository/Staging Objects/Page_diagnostics/a_CareSens N Eco Blood Glucose Meter' is hovered

2022-04-06 15:24:04 - [MESSAGE][PASSED] - Object: 'Object Repository/Staging Objects/Page_diagnostics/a_CareSens N Eco Blood Glucose Meter' is hovered

2022-04-06 15:24:04 - [TEST_STEP][PASSED] - click(findTestObject("Staging Objects/Page_diagnostics/a_CareSens N Eco Blood Glucose Meter")): Object: 'Object Repository/Staging Objects/Page_diagnostics/a_CareSens N Eco Blood Glucose Meter' is clicked on

2022-04-06 15:24:09 - [MESSAGE][PASSED] - Object: 'Object Repository/Staging Objects/Page_diagnostics/a_CareSens N Eco Blood Glucose Meter' is clicked on

2022-04-06 15:24:09 - [MESSAGE][PASSED] - Call Test Case 'Test Cases/Custom Item Details/UTILITIES/OPEN_BROWSER' successfully

2022-04-06 15:24:09 - [TEST_STEP][PASSED] - waitForElementVisible(findTestObject("Staging Objects/Page_diagnostics/span_Name of manufacturer"), 0): Object 'Object Repository/Staging Objects/Page_diagnostics/span_Name of manufacturer' is visible

2022-04-06 15:24:09 - [MESSAGE][WARNING] - Timeout '0' is invalid. Using default page load timeout: '30'

2022-04-06 15:24:10 - [MESSAGE][PASSED] - Object 'Object Repository/Staging Objects/Page_diagnostics/span_Name of manufacturer' is visible

2022-04-06 15:24:10 - [TEST_STEP][PASSED] - verifyElementPresent(findTestObject("Staging Objects/Page_diagnostics/span_Name of manufacturer"), 0): Object 'Object Repository/Staging Objects/Page_diagnostics/span_Name of manufacturer' is present

2022-04-06 15:24:10 - [MESSAGE][WARNING] - Timeout '0' is invalid. Using default page load timeout: '30'

2022-04-06 15:24:11 - [MESSAGE][PASSED] - Object 'Object Repository/Staging Objects/Page_diagnostics/span_Name of manufacturer' is present

2022-04-06 15:24:11 - [TEST_STEP][PASSED] - callTestCase(findTestCase("Custom Item Details/UTILITIES/CLOSE_BROWSER"), [:], STOP_ON_FAILURE): Call Test Case 'Test Cases/Custom Item Details/UTILITIES/CLOSE_BROWSER' successfully

2022-04-06 15:24:11 - [TEST_CASE][PASSED] - Test Cases/Custom Item Details/UTILITIES/CLOSE_BROWSER: Test Cases/Custom Item Details/UTILITIES/CLOSE_BROWSER

2022-04-06 15:24:11 - [TEST_STEP][PASSED] - closeBrowser(): Browser is closed

2022-04-06 15:24:11 - [MESSAGE][PASSED] - Browser is closed

2022-04-06 15:24:11 - [MESSAGE][PASSED] - Call Test Case 'Test Cases/Custom Item Details/UTILITIES/CLOSE_BROWSER' successfully]]></system-out>
         <system-err><![CDATA[]]></system-err>
      </testcase>
      <testcase name="Test Cases/Custom Item Details/TEST CASE/TC_DETAILS_UI_036" time="78.89" classname="Test Cases/Custom Item Details/TEST CASE/TC_DETAILS_UI_036" status="FAILED">
         <failure type="FAILED" message="Test Cases/Custom Item Details/TEST CASE/TC_DETAILS_UI_036 FAILED.
Reason:
com.kms.katalon.core.exception.StepFailedException: Unable to verify object 'Object Repository/Staging Objects/Page_diagnostics/span_Operating conditions' is present
	at com.kms.katalon.core.webui.keyword.internal.WebUIKeywordMain.stepFailed(WebUIKeywordMain.groovy:64)
	at com.kms.katalon.core.webui.keyword.internal.WebUIKeywordMain.runKeyword(WebUIKeywordMain.groovy:26)
	at com.kms.katalon.core.webui.keyword.builtin.VerifyElementPresentKeyword.verifyElementPresent(VerifyElementPresentKeyword.groovy:92)
	at com.kms.katalon.core.webui.keyword.builtin.VerifyElementPresentKeyword.execute(VerifyElementPresentKeyword.groovy:68)
	at com.kms.katalon.core.keyword.internal.KeywordExecutor.executeKeywordForPlatform(KeywordExecutor.groovy:73)
	at com.kms.katalon.core.webui.keyword.WebUiBuiltInKeywords.verifyElementPresent(WebUiBuiltInKeywords.groovy:1461)
	at com.kms.katalon.core.webui.keyword.WebUiBuiltInKeywords$verifyElementPresent$9.call(Unknown Source)
	at TC_DETAILS_UI_036.run(TC_DETAILS_UI_036:22)
	at com.kms.katalon.core.main.ScriptEngine.run(ScriptEngine.java:194)
	at com.kms.katalon.core.main.ScriptEngine.runScriptAsRawText(ScriptEngine.java:119)
	at com.kms.katalon.core.main.TestCaseExecutor.runScript(TestCaseExecutor.java:339)
	at com.kms.katalon.core.main.TestCaseExecutor.doExecute(TestCaseExecutor.java:330)
	at com.kms.katalon.core.main.TestCaseExecutor.processExecutionPhase(TestCaseExecutor.java:309)
	at com.kms.katalon.core.main.TestCaseExecutor.accessMainPhase(TestCaseExecutor.java:301)
	at com.kms.katalon.core.main.TestCaseExecutor.execute(TestCaseExecutor.java:235)
	at com.kms.katalon.core.main.TestSuiteExecutor.accessTestCaseMainPhase(TestSuiteExecutor.java:191)
	at com.kms.katalon.core.main.TestSuiteExecutor.accessTestSuiteMainPhase(TestSuiteExecutor.java:141)
	at com.kms.katalon.core.main.TestSuiteExecutor.execute(TestSuiteExecutor.java:90)
	at com.kms.katalon.core.main.TestCaseMain.startTestSuite(TestCaseMain.java:157)
	at com.kms.katalon.core.main.TestCaseMain$startTestSuite$0.call(Unknown Source)
	at TempTestSuite1649228487552.run(TempTestSuite1649228487552.groovy:39)
Caused by: com.kms.katalon.core.exception.StepFailedException: com.kms.katalon.core.webui.exception.WebElementNotFoundException: Web element with id: 'Object Repository/Staging Objects/Page_diagnostics/span_Operating conditions' located by '//div[@id='tab-desc4']/div[2]/div[2]/span' not found
	at com.kms.katalon.core.webui.keyword.internal.WebUIKeywordMain.stepFailed(WebUIKeywordMain.groovy:64)
	at com.kms.katalon.core.webui.keyword.builtin.VerifyElementPresentKeyword$_verifyElementPresent_closure1.doCall(VerifyElementPresentKeyword.groovy:85)
	at com.kms.katalon.core.webui.keyword.builtin.VerifyElementPresentKeyword$_verifyElementPresent_closure1.call(VerifyElementPresentKeyword.groovy)
	at com.kms.katalon.core.webui.keyword.internal.WebUIKeywordMain.runKeyword(WebUIKeywordMain.groovy:20)
	... 19 more
"/>
         <system-out><![CDATA[2022-04-06 15:24:11 - [TEST_CASE][FAILED] - Test Cases/Custom Item Details/TEST CASE/TC_DETAILS_UI_036: Test Cases/Custom Item Details/TEST CASE/TC_DETAILS_UI_036 FAILED.
Reason:
com.kms.katalon.core.exception.StepFailedException: Unable to verify object 'Object Repository/Staging Objects/Page_diagnostics/span_Operating conditions' is present
	at com.kms.katalon.core.webui.keyword.internal.WebUIKeywordMain.stepFailed(WebUIKeywordMain.groovy:64)
	at com.kms.katalon.core.webui.keyword.internal.WebUIKeywordMain.runKeyword(WebUIKeywordMain.groovy:26)
	at com.kms.katalon.core.webui.keyword.builtin.VerifyElementPresentKeyword.verifyElementPresent(VerifyElementPresentKeyword.groovy:92)
	at com.kms.katalon.core.webui.keyword.builtin.VerifyElementPresentKeyword.execute(VerifyElementPresentKeyword.groovy:68)
	at com.kms.katalon.core.keyword.internal.KeywordExecutor.executeKeywordForPlatform(KeywordExecutor.groovy:73)
	at com.kms.katalon.core.webui.keyword.WebUiBuiltInKeywords.verifyElementPresent(WebUiBuiltInKeywords.groovy:1461)
	at com.kms.katalon.core.webui.keyword.WebUiBuiltInKeywords$verifyElementPresent$9.call(Unknown Source)
	at TC_DETAILS_UI_036.run(TC_DETAILS_UI_036:22)
	at com.kms.katalon.core.main.ScriptEngine.run(ScriptEngine.java:194)
	at com.kms.katalon.core.main.ScriptEngine.runScriptAsRawText(ScriptEngine.java:119)
	at com.kms.katalon.core.main.TestCaseExecutor.runScript(TestCaseExecutor.java:339)
	at com.kms.katalon.core.main.TestCaseExecutor.doExecute(TestCaseExecutor.java:330)
	at com.kms.katalon.core.main.TestCaseExecutor.processExecutionPhase(TestCaseExecutor.java:309)
	at com.kms.katalon.core.main.TestCaseExecutor.accessMainPhase(TestCaseExecutor.java:301)
	at com.kms.katalon.core.main.TestCaseExecutor.execute(TestCaseExecutor.java:235)
	at com.kms.katalon.core.main.TestSuiteExecutor.accessTestCaseMainPhase(TestSuiteExecutor.java:191)
	at com.kms.katalon.core.main.TestSuiteExecutor.accessTestSuiteMainPhase(TestSuiteExecutor.java:141)
	at com.kms.katalon.core.main.TestSuiteExecutor.execute(TestSuiteExecutor.java:90)
	at com.kms.katalon.core.main.TestCaseMain.startTestSuite(TestCaseMain.java:157)
	at com.kms.katalon.core.main.TestCaseMain$startTestSuite$0.call(Unknown Source)
	at TempTestSuite1649228487552.run(TempTestSuite1649228487552.groovy:39)
Caused by: com.kms.katalon.core.exception.StepFailedException: com.kms.katalon.core.webui.exception.WebElementNotFoundException: Web element with id: 'Object Repository/Staging Objects/Page_diagnostics/span_Operating conditions' located by '//div[@id='tab-desc4']/div[2]/div[2]/span' not found
	at com.kms.katalon.core.webui.keyword.internal.WebUIKeywordMain.stepFailed(WebUIKeywordMain.groovy:64)
	at com.kms.katalon.core.webui.keyword.builtin.VerifyElementPresentKeyword$_verifyElementPresent_closure1.doCall(VerifyElementPresentKeyword.groovy:85)
	at com.kms.katalon.core.webui.keyword.builtin.VerifyElementPresentKeyword$_verifyElementPresent_closure1.call(VerifyElementPresentKeyword.groovy)
	at com.kms.katalon.core.webui.keyword.internal.WebUIKeywordMain.runKeyword(WebUIKeywordMain.groovy:20)
	... 19 more


2022-04-06 15:24:12 - [TEST_STEP][PASSED] - callTestCase(findTestCase("Custom Item Details/UTILITIES/OPEN_BROWSER"), [:], STOP_ON_FAILURE): Call Test Case 'Test Cases/Custom Item Details/UTILITIES/OPEN_BROWSER' successfully

2022-04-06 15:24:12 - [TEST_CASE][PASSED] - Test Cases/Custom Item Details/UTILITIES/OPEN_BROWSER: Test Cases/Custom Item Details/UTILITIES/OPEN_BROWSER

2022-04-06 15:24:12 - [TEST_STEP][PASSED] - openBrowser("https://diagnostics.staging.arcadier.io/"): Browser is opened with url: 'https://diagnostics.staging.arcadier.io/'

2022-04-06 15:24:12 - [MESSAGE][INFO] - Starting 'Chrome' driver

2022-04-06 15:24:12 - [MESSAGE][INFO] - Action delay is set to 0 milliseconds

2022-04-06 15:24:15 - [MESSAGE][PASSED] - Browser is opened with url: 'https://diagnostics.staging.arcadier.io/'

2022-04-06 15:24:15 - [TEST_STEP][PASSED] - maximizeWindow(): Current window maximized

2022-04-06 15:24:15 - [MESSAGE][PASSED] - Current window maximized

2022-04-06 15:24:15 - [TEST_STEP][PASSED] - click(findTestObject("Item Details Objects/Page_diagnostics/a_Accept Cookies")): Object: 'Object Repository/Item Details Objects/Page_diagnostics/a_Accept Cookies' is clicked on

2022-04-06 15:24:17 - [MESSAGE][PASSED] - Object: 'Object Repository/Item Details Objects/Page_diagnostics/a_Accept Cookies' is clicked on

2022-04-06 15:24:17 - [TEST_STEP][PASSED] - click(findTestObject("Staging Objects/Page_diagnostics/a_DIABETES DIAGNOSTICS"), STOP_ON_FAILURE): Object: 'Object Repository/Staging Objects/Page_diagnostics/a_DIABETES DIAGNOSTICS' is clicked on

2022-04-06 15:24:19 - [MESSAGE][PASSED] - Object: 'Object Repository/Staging Objects/Page_diagnostics/a_DIABETES DIAGNOSTICS' is clicked on

2022-04-06 15:24:19 - [TEST_STEP][PASSED] - mouseOver(findTestObject("Staging Objects/Page_diagnostics/a_CareSens N Eco Blood Glucose Meter")): Object: 'Object Repository/Staging Objects/Page_diagnostics/a_CareSens N Eco Blood Glucose Meter' is hovered

2022-04-06 15:24:23 - [MESSAGE][PASSED] - Object: 'Object Repository/Staging Objects/Page_diagnostics/a_CareSens N Eco Blood Glucose Meter' is hovered

2022-04-06 15:24:23 - [TEST_STEP][PASSED] - click(findTestObject("Staging Objects/Page_diagnostics/a_CareSens N Eco Blood Glucose Meter")): Object: 'Object Repository/Staging Objects/Page_diagnostics/a_CareSens N Eco Blood Glucose Meter' is clicked on

2022-04-06 15:24:28 - [MESSAGE][PASSED] - Object: 'Object Repository/Staging Objects/Page_diagnostics/a_CareSens N Eco Blood Glucose Meter' is clicked on

2022-04-06 15:24:28 - [MESSAGE][PASSED] - Call Test Case 'Test Cases/Custom Item Details/UTILITIES/OPEN_BROWSER' successfully

2022-04-06 15:24:28 - [TEST_STEP][PASSED] - waitForElementVisible(findTestObject("Staging Objects/Page_diagnostics/span_Operating conditions"), 0): Web element with id: 'Object Repository/Staging Objects/Page_diagnostics/span_Operating conditions' located by '//div[@id='tab-desc4']/div[2]/div[2]/span' not found

2022-04-06 15:24:28 - [MESSAGE][WARNING] - Timeout '0' is invalid. Using default page load timeout: '30'

2022-04-06 15:24:59 - [MESSAGE][INFO] - Unable to find the element located by 'By.xpath: //div[@id='tab-desc4']/div[2]/div[2]/span'. Please recheck the objects properties to make sure the desired element is located. 

2022-04-06 15:24:59 - [MESSAGE][WARNING] - Web element with id: 'Object Repository/Staging Objects/Page_diagnostics/span_Operating conditions' located by '//div[@id='tab-desc4']/div[2]/div[2]/span' not found

2022-04-06 15:24:59 - [TEST_STEP][FAILED] - verifyElementPresent(findTestObject("Staging Objects/Page_diagnostics/span_Operating conditions"), 0): Unable to verify object 'Object Repository/Staging Objects/Page_diagnostics/span_Operating conditions' is present (Root cause: com.kms.katalon.core.exception.StepFailedException: Unable to verify object 'Object Repository/Staging Objects/Page_diagnostics/span_Operating conditions' is present
	at com.kms.katalon.core.webui.keyword.internal.WebUIKeywordMain.stepFailed(WebUIKeywordMain.groovy:64)
	at com.kms.katalon.core.webui.keyword.internal.WebUIKeywordMain.runKeyword(WebUIKeywordMain.groovy:26)
	at com.kms.katalon.core.webui.keyword.builtin.VerifyElementPresentKeyword.verifyElementPresent(VerifyElementPresentKeyword.groovy:92)
	at com.kms.katalon.core.webui.keyword.builtin.VerifyElementPresentKeyword.execute(VerifyElementPresentKeyword.groovy:68)
	at com.kms.katalon.core.keyword.internal.KeywordExecutor.executeKeywordForPlatform(KeywordExecutor.groovy:73)
	at com.kms.katalon.core.webui.keyword.WebUiBuiltInKeywords.verifyElementPresent(WebUiBuiltInKeywords.groovy:1461)
	at com.kms.katalon.core.webui.keyword.WebUiBuiltInKeywords$verifyElementPresent$9.call(Unknown Source)
	at TC_DETAILS_UI_036.run(TC_DETAILS_UI_036:22)
	at com.kms.katalon.core.main.ScriptEngine.run(ScriptEngine.java:194)
	at com.kms.katalon.core.main.ScriptEngine.runScriptAsRawText(ScriptEngine.java:119)
	at com.kms.katalon.core.main.TestCaseExecutor.runScript(TestCaseExecutor.java:339)
	at com.kms.katalon.core.main.TestCaseExecutor.doExecute(TestCaseExecutor.java:330)
	at com.kms.katalon.core.main.TestCaseExecutor.processExecutionPhase(TestCaseExecutor.java:309)
	at com.kms.katalon.core.main.TestCaseExecutor.accessMainPhase(TestCaseExecutor.java:301)
	at com.kms.katalon.core.main.TestCaseExecutor.execute(TestCaseExecutor.java:235)
	at com.kms.katalon.core.main.TestSuiteExecutor.accessTestCaseMainPhase(TestSuiteExecutor.java:191)
	at com.kms.katalon.core.main.TestSuiteExecutor.accessTestSuiteMainPhase(TestSuiteExecutor.java:141)
	at com.kms.katalon.core.main.TestSuiteExecutor.execute(TestSuiteExecutor.java:90)
	at com.kms.katalon.core.main.TestCaseMain.startTestSuite(TestCaseMain.java:157)
	at com.kms.katalon.core.main.TestCaseMain$startTestSuite$0.call(Unknown Source)
	at TempTestSuite1649228487552.run(TempTestSuite1649228487552.groovy:39)
Caused by: com.kms.katalon.core.exception.StepFailedException: com.kms.katalon.core.webui.exception.WebElementNotFoundException: Web element with id: 'Object Repository/Staging Objects/Page_diagnostics/span_Operating conditions' located by '//div[@id='tab-desc4']/div[2]/div[2]/span' not found
	at com.kms.katalon.core.webui.keyword.internal.WebUIKeywordMain.stepFailed(WebUIKeywordMain.groovy:64)
	at com.kms.katalon.core.webui.keyword.builtin.VerifyElementPresentKeyword$_verifyElementPresent_closure1.doCall(VerifyElementPresentKeyword.groovy:85)
	at com.kms.katalon.core.webui.keyword.builtin.VerifyElementPresentKeyword$_verifyElementPresent_closure1.call(VerifyElementPresentKeyword.groovy)
	at com.kms.katalon.core.webui.keyword.internal.WebUIKeywordMain.runKeyword(WebUIKeywordMain.groovy:20)
	... 19 more
)

2022-04-06 15:24:59 - [MESSAGE][WARNING] - Timeout '0' is invalid. Using default page load timeout: '30'

2022-04-06 15:25:30 - [MESSAGE][INFO] - Unable to find the element located by 'By.xpath: //div[@id='tab-desc4']/div[2]/div[2]/span'. Please recheck the objects properties to make sure the desired element is located. 

2022-04-06 15:25:30 - [MESSAGE][FAILED] - com.kms.katalon.core.webui.exception.WebElementNotFoundException: Web element with id: 'Object Repository/Staging Objects/Page_diagnostics/span_Operating conditions' located by '//div[@id='tab-desc4']/div[2]/div[2]/span' not found (Root cause: com.kms.katalon.core.exception.StepFailedException: com.kms.katalon.core.webui.exception.WebElementNotFoundException: Web element with id: 'Object Repository/Staging Objects/Page_diagnostics/span_Operating conditions' located by '//div[@id='tab-desc4']/div[2]/div[2]/span' not found
	at com.kms.katalon.core.webui.keyword.internal.WebUIKeywordMain.stepFailed(WebUIKeywordMain.groovy:64)
	at com.kms.katalon.core.webui.keyword.builtin.VerifyElementPresentKeyword$_verifyElementPresent_closure1.doCall(VerifyElementPresentKeyword.groovy:85)
	at com.kms.katalon.core.webui.keyword.builtin.VerifyElementPresentKeyword$_verifyElementPresent_closure1.call(VerifyElementPresentKeyword.groovy)
	at com.kms.katalon.core.webui.keyword.internal.WebUIKeywordMain.runKeyword(WebUIKeywordMain.groovy:20)
	at com.kms.katalon.core.webui.keyword.builtin.VerifyElementPresentKeyword.verifyElementPresent(VerifyElementPresentKeyword.groovy:92)
	at com.kms.katalon.core.webui.keyword.builtin.VerifyElementPresentKeyword.execute(VerifyElementPresentKeyword.groovy:68)
	at com.kms.katalon.core.keyword.internal.KeywordExecutor.executeKeywordForPlatform(KeywordExecutor.groovy:73)
	at com.kms.katalon.core.webui.keyword.WebUiBuiltInKeywords.verifyElementPresent(WebUiBuiltInKeywords.groovy:1461)
	at com.kms.katalon.core.webui.keyword.WebUiBuiltInKeywords$verifyElementPresent$9.call(Unknown Source)
	at TC_DETAILS_UI_036.run(TC_DETAILS_UI_036:22)
	at com.kms.katalon.core.main.ScriptEngine.run(ScriptEngine.java:194)
	at com.kms.katalon.core.main.ScriptEngine.runScriptAsRawText(ScriptEngine.java:119)
	at com.kms.katalon.core.main.TestCaseExecutor.runScript(TestCaseExecutor.java:339)
	at com.kms.katalon.core.main.TestCaseExecutor.doExecute(TestCaseExecutor.java:330)
	at com.kms.katalon.core.main.TestCaseExecutor.processExecutionPhase(TestCaseExecutor.java:309)
	at com.kms.katalon.core.main.TestCaseExecutor.accessMainPhase(TestCaseExecutor.java:301)
	at com.kms.katalon.core.main.TestCaseExecutor.execute(TestCaseExecutor.java:235)
	at com.kms.katalon.core.main.TestSuiteExecutor.accessTestCaseMainPhase(TestSuiteExecutor.java:191)
	at com.kms.katalon.core.main.TestSuiteExecutor.accessTestSuiteMainPhase(TestSuiteExecutor.java:141)
	at com.kms.katalon.core.main.TestSuiteExecutor.execute(TestSuiteExecutor.java:90)
	at com.kms.katalon.core.main.TestCaseMain.startTestSuite(TestCaseMain.java:157)
	at com.kms.katalon.core.main.TestCaseMain$startTestSuite$0.call(Unknown Source)
	at TempTestSuite1649228487552.run(TempTestSuite1649228487552.groovy:39)
)
[[ATTACHMENT|K:\\Work\\GitHub\\find-item-detail-test_v2\\Reports\\20220406_150127\\Item detail test\\20220406_150127\\1649229930516.png]]

2022-04-06 15:25:30 - [MESSAGE][FAILED] - Unable to verify object 'Object Repository/Staging Objects/Page_diagnostics/span_Operating conditions' is present (Root cause: com.kms.katalon.core.exception.StepFailedException: Unable to verify object 'Object Repository/Staging Objects/Page_diagnostics/span_Operating conditions' is present
	at com.kms.katalon.core.webui.keyword.internal.WebUIKeywordMain.stepFailed(WebUIKeywordMain.groovy:64)
	at com.kms.katalon.core.webui.keyword.internal.WebUIKeywordMain.runKeyword(WebUIKeywordMain.groovy:26)
	at com.kms.katalon.core.webui.keyword.builtin.VerifyElementPresentKeyword.verifyElementPresent(VerifyElementPresentKeyword.groovy:92)
	at com.kms.katalon.core.webui.keyword.builtin.VerifyElementPresentKeyword.execute(VerifyElementPresentKeyword.groovy:68)
	at com.kms.katalon.core.keyword.internal.KeywordExecutor.executeKeywordForPlatform(KeywordExecutor.groovy:73)
	at com.kms.katalon.core.webui.keyword.WebUiBuiltInKeywords.verifyElementPresent(WebUiBuiltInKeywords.groovy:1461)
	at com.kms.katalon.core.webui.keyword.WebUiBuiltInKeywords$verifyElementPresent$9.call(Unknown Source)
	at TC_DETAILS_UI_036.run(TC_DETAILS_UI_036:22)
	at com.kms.katalon.core.main.ScriptEngine.run(ScriptEngine.java:194)
	at com.kms.katalon.core.main.ScriptEngine.runScriptAsRawText(ScriptEngine.java:119)
	at com.kms.katalon.core.main.TestCaseExecutor.runScript(TestCaseExecutor.java:339)
	at com.kms.katalon.core.main.TestCaseExecutor.doExecute(TestCaseExecutor.java:330)
	at com.kms.katalon.core.main.TestCaseExecutor.processExecutionPhase(TestCaseExecutor.java:309)
	at com.kms.katalon.core.main.TestCaseExecutor.accessMainPhase(TestCaseExecutor.java:301)
	at com.kms.katalon.core.main.TestCaseExecutor.execute(TestCaseExecutor.java:235)
	at com.kms.katalon.core.main.TestSuiteExecutor.accessTestCaseMainPhase(TestSuiteExecutor.java:191)
	at com.kms.katalon.core.main.TestSuiteExecutor.accessTestSuiteMainPhase(TestSuiteExecutor.java:141)
	at com.kms.katalon.core.main.TestSuiteExecutor.execute(TestSuiteExecutor.java:90)
	at com.kms.katalon.core.main.TestCaseMain.startTestSuite(TestCaseMain.java:157)
	at com.kms.katalon.core.main.TestCaseMain$startTestSuite$0.call(Unknown Source)
	at TempTestSuite1649228487552.run(TempTestSuite1649228487552.groovy:39)
Caused by: com.kms.katalon.core.exception.StepFailedException: com.kms.katalon.core.webui.exception.WebElementNotFoundException: Web element with id: 'Object Repository/Staging Objects/Page_diagnostics/span_Operating conditions' located by '//div[@id='tab-desc4']/div[2]/div[2]/span' not found
	at com.kms.katalon.core.webui.keyword.internal.WebUIKeywordMain.stepFailed(WebUIKeywordMain.groovy:64)
	at com.kms.katalon.core.webui.keyword.builtin.VerifyElementPresentKeyword$_verifyElementPresent_closure1.doCall(VerifyElementPresentKeyword.groovy:85)
	at com.kms.katalon.core.webui.keyword.builtin.VerifyElementPresentKeyword$_verifyElementPresent_closure1.call(VerifyElementPresentKeyword.groovy)
	at com.kms.katalon.core.webui.keyword.internal.WebUIKeywordMain.runKeyword(WebUIKeywordMain.groovy:20)
	... 19 more
)
[[ATTACHMENT|K:\\Work\\GitHub\\find-item-detail-test_v2\\Reports\\20220406_150127\\Item detail test\\20220406_150127\\1649229930656.png]]]]></system-out>
         <system-err><![CDATA[2022-04-06 15:24:11 - [TEST_CASE][FAILED] - Test Cases/Custom Item Details/TEST CASE/TC_DETAILS_UI_036: Test Cases/Custom Item Details/TEST CASE/TC_DETAILS_UI_036 FAILED.
Reason:
com.kms.katalon.core.exception.StepFailedException: Unable to verify object 'Object Repository/Staging Objects/Page_diagnostics/span_Operating conditions' is present
	at com.kms.katalon.core.webui.keyword.internal.WebUIKeywordMain.stepFailed(WebUIKeywordMain.groovy:64)
	at com.kms.katalon.core.webui.keyword.internal.WebUIKeywordMain.runKeyword(WebUIKeywordMain.groovy:26)
	at com.kms.katalon.core.webui.keyword.builtin.VerifyElementPresentKeyword.verifyElementPresent(VerifyElementPresentKeyword.groovy:92)
	at com.kms.katalon.core.webui.keyword.builtin.VerifyElementPresentKeyword.execute(VerifyElementPresentKeyword.groovy:68)
	at com.kms.katalon.core.keyword.internal.KeywordExecutor.executeKeywordForPlatform(KeywordExecutor.groovy:73)
	at com.kms.katalon.core.webui.keyword.WebUiBuiltInKeywords.verifyElementPresent(WebUiBuiltInKeywords.groovy:1461)
	at com.kms.katalon.core.webui.keyword.WebUiBuiltInKeywords$verifyElementPresent$9.call(Unknown Source)
	at TC_DETAILS_UI_036.run(TC_DETAILS_UI_036:22)
	at com.kms.katalon.core.main.ScriptEngine.run(ScriptEngine.java:194)
	at com.kms.katalon.core.main.ScriptEngine.runScriptAsRawText(ScriptEngine.java:119)
	at com.kms.katalon.core.main.TestCaseExecutor.runScript(TestCaseExecutor.java:339)
	at com.kms.katalon.core.main.TestCaseExecutor.doExecute(TestCaseExecutor.java:330)
	at com.kms.katalon.core.main.TestCaseExecutor.processExecutionPhase(TestCaseExecutor.java:309)
	at com.kms.katalon.core.main.TestCaseExecutor.accessMainPhase(TestCaseExecutor.java:301)
	at com.kms.katalon.core.main.TestCaseExecutor.execute(TestCaseExecutor.java:235)
	at com.kms.katalon.core.main.TestSuiteExecutor.accessTestCaseMainPhase(TestSuiteExecutor.java:191)
	at com.kms.katalon.core.main.TestSuiteExecutor.accessTestSuiteMainPhase(TestSuiteExecutor.java:141)
	at com.kms.katalon.core.main.TestSuiteExecutor.execute(TestSuiteExecutor.java:90)
	at com.kms.katalon.core.main.TestCaseMain.startTestSuite(TestCaseMain.java:157)
	at com.kms.katalon.core.main.TestCaseMain$startTestSuite$0.call(Unknown Source)
	at TempTestSuite1649228487552.run(TempTestSuite1649228487552.groovy:39)
Caused by: com.kms.katalon.core.exception.StepFailedException: com.kms.katalon.core.webui.exception.WebElementNotFoundException: Web element with id: 'Object Repository/Staging Objects/Page_diagnostics/span_Operating conditions' located by '//div[@id='tab-desc4']/div[2]/div[2]/span' not found
	at com.kms.katalon.core.webui.keyword.internal.WebUIKeywordMain.stepFailed(WebUIKeywordMain.groovy:64)
	at com.kms.katalon.core.webui.keyword.builtin.VerifyElementPresentKeyword$_verifyElementPresent_closure1.doCall(VerifyElementPresentKeyword.groovy:85)
	at com.kms.katalon.core.webui.keyword.builtin.VerifyElementPresentKeyword$_verifyElementPresent_closure1.call(VerifyElementPresentKeyword.groovy)
	at com.kms.katalon.core.webui.keyword.internal.WebUIKeywordMain.runKeyword(WebUIKeywordMain.groovy:20)
	... 19 more]]></system-err>
      </testcase>
      <testcase name="Test Cases/Custom Item Details/TEST CASE/TC_DETAILS_UI_037" time="80.711" classname="Test Cases/Custom Item Details/TEST CASE/TC_DETAILS_UI_037" status="FAILED">
         <failure type="FAILED" message="Test Cases/Custom Item Details/TEST CASE/TC_DETAILS_UI_037 FAILED.
Reason:
com.kms.katalon.core.exception.StepFailedException: Unable to verify object 'Object Repository/Staging Objects/Page_diagnostics/span_Power' is present
	at com.kms.katalon.core.webui.keyword.internal.WebUIKeywordMain.stepFailed(WebUIKeywordMain.groovy:64)
	at com.kms.katalon.core.webui.keyword.internal.WebUIKeywordMain.runKeyword(WebUIKeywordMain.groovy:26)
	at com.kms.katalon.core.webui.keyword.builtin.VerifyElementPresentKeyword.verifyElementPresent(VerifyElementPresentKeyword.groovy:92)
	at com.kms.katalon.core.webui.keyword.builtin.VerifyElementPresentKeyword.execute(VerifyElementPresentKeyword.groovy:68)
	at com.kms.katalon.core.keyword.internal.KeywordExecutor.executeKeywordForPlatform(KeywordExecutor.groovy:73)
	at com.kms.katalon.core.webui.keyword.WebUiBuiltInKeywords.verifyElementPresent(WebUiBuiltInKeywords.groovy:1461)
	at com.kms.katalon.core.webui.keyword.WebUiBuiltInKeywords$verifyElementPresent$9.call(Unknown Source)
	at TC_DETAILS_UI_037.run(TC_DETAILS_UI_037:22)
	at com.kms.katalon.core.main.ScriptEngine.run(ScriptEngine.java:194)
	at com.kms.katalon.core.main.ScriptEngine.runScriptAsRawText(ScriptEngine.java:119)
	at com.kms.katalon.core.main.TestCaseExecutor.runScript(TestCaseExecutor.java:339)
	at com.kms.katalon.core.main.TestCaseExecutor.doExecute(TestCaseExecutor.java:330)
	at com.kms.katalon.core.main.TestCaseExecutor.processExecutionPhase(TestCaseExecutor.java:309)
	at com.kms.katalon.core.main.TestCaseExecutor.accessMainPhase(TestCaseExecutor.java:301)
	at com.kms.katalon.core.main.TestCaseExecutor.execute(TestCaseExecutor.java:235)
	at com.kms.katalon.core.main.TestSuiteExecutor.accessTestCaseMainPhase(TestSuiteExecutor.java:191)
	at com.kms.katalon.core.main.TestSuiteExecutor.accessTestSuiteMainPhase(TestSuiteExecutor.java:141)
	at com.kms.katalon.core.main.TestSuiteExecutor.execute(TestSuiteExecutor.java:90)
	at com.kms.katalon.core.main.TestCaseMain.startTestSuite(TestCaseMain.java:157)
	at com.kms.katalon.core.main.TestCaseMain$startTestSuite$0.call(Unknown Source)
	at TempTestSuite1649228487552.run(TempTestSuite1649228487552.groovy:39)
Caused by: com.kms.katalon.core.exception.StepFailedException: com.kms.katalon.core.webui.exception.WebElementNotFoundException: Web element with id: 'Object Repository/Staging Objects/Page_diagnostics/span_Power' located by '//div[@id='tab-desc3']/div[2]/div[13]/span' not found
	at com.kms.katalon.core.webui.keyword.internal.WebUIKeywordMain.stepFailed(WebUIKeywordMain.groovy:64)
	at com.kms.katalon.core.webui.keyword.builtin.VerifyElementPresentKeyword$_verifyElementPresent_closure1.doCall(VerifyElementPresentKeyword.groovy:85)
	at com.kms.katalon.core.webui.keyword.builtin.VerifyElementPresentKeyword$_verifyElementPresent_closure1.call(VerifyElementPresentKeyword.groovy)
	at com.kms.katalon.core.webui.keyword.internal.WebUIKeywordMain.runKeyword(WebUIKeywordMain.groovy:20)
	... 19 more
"/>
         <system-out><![CDATA[2022-04-06 15:25:30 - [TEST_CASE][FAILED] - Test Cases/Custom Item Details/TEST CASE/TC_DETAILS_UI_037: Test Cases/Custom Item Details/TEST CASE/TC_DETAILS_UI_037 FAILED.
Reason:
com.kms.katalon.core.exception.StepFailedException: Unable to verify object 'Object Repository/Staging Objects/Page_diagnostics/span_Power' is present
	at com.kms.katalon.core.webui.keyword.internal.WebUIKeywordMain.stepFailed(WebUIKeywordMain.groovy:64)
	at com.kms.katalon.core.webui.keyword.internal.WebUIKeywordMain.runKeyword(WebUIKeywordMain.groovy:26)
	at com.kms.katalon.core.webui.keyword.builtin.VerifyElementPresentKeyword.verifyElementPresent(VerifyElementPresentKeyword.groovy:92)
	at com.kms.katalon.core.webui.keyword.builtin.VerifyElementPresentKeyword.execute(VerifyElementPresentKeyword.groovy:68)
	at com.kms.katalon.core.keyword.internal.KeywordExecutor.executeKeywordForPlatform(KeywordExecutor.groovy:73)
	at com.kms.katalon.core.webui.keyword.WebUiBuiltInKeywords.verifyElementPresent(WebUiBuiltInKeywords.groovy:1461)
	at com.kms.katalon.core.webui.keyword.WebUiBuiltInKeywords$verifyElementPresent$9.call(Unknown Source)
	at TC_DETAILS_UI_037.run(TC_DETAILS_UI_037:22)
	at com.kms.katalon.core.main.ScriptEngine.run(ScriptEngine.java:194)
	at com.kms.katalon.core.main.ScriptEngine.runScriptAsRawText(ScriptEngine.java:119)
	at com.kms.katalon.core.main.TestCaseExecutor.runScript(TestCaseExecutor.java:339)
	at com.kms.katalon.core.main.TestCaseExecutor.doExecute(TestCaseExecutor.java:330)
	at com.kms.katalon.core.main.TestCaseExecutor.processExecutionPhase(TestCaseExecutor.java:309)
	at com.kms.katalon.core.main.TestCaseExecutor.accessMainPhase(TestCaseExecutor.java:301)
	at com.kms.katalon.core.main.TestCaseExecutor.execute(TestCaseExecutor.java:235)
	at com.kms.katalon.core.main.TestSuiteExecutor.accessTestCaseMainPhase(TestSuiteExecutor.java:191)
	at com.kms.katalon.core.main.TestSuiteExecutor.accessTestSuiteMainPhase(TestSuiteExecutor.java:141)
	at com.kms.katalon.core.main.TestSuiteExecutor.execute(TestSuiteExecutor.java:90)
	at com.kms.katalon.core.main.TestCaseMain.startTestSuite(TestCaseMain.java:157)
	at com.kms.katalon.core.main.TestCaseMain$startTestSuite$0.call(Unknown Source)
	at TempTestSuite1649228487552.run(TempTestSuite1649228487552.groovy:39)
Caused by: com.kms.katalon.core.exception.StepFailedException: com.kms.katalon.core.webui.exception.WebElementNotFoundException: Web element with id: 'Object Repository/Staging Objects/Page_diagnostics/span_Power' located by '//div[@id='tab-desc3']/div[2]/div[13]/span' not found
	at com.kms.katalon.core.webui.keyword.internal.WebUIKeywordMain.stepFailed(WebUIKeywordMain.groovy:64)
	at com.kms.katalon.core.webui.keyword.builtin.VerifyElementPresentKeyword$_verifyElementPresent_closure1.doCall(VerifyElementPresentKeyword.groovy:85)
	at com.kms.katalon.core.webui.keyword.builtin.VerifyElementPresentKeyword$_verifyElementPresent_closure1.call(VerifyElementPresentKeyword.groovy)
	at com.kms.katalon.core.webui.keyword.internal.WebUIKeywordMain.runKeyword(WebUIKeywordMain.groovy:20)
	... 19 more


2022-04-06 15:25:30 - [TEST_STEP][PASSED] - callTestCase(findTestCase("Custom Item Details/UTILITIES/OPEN_BROWSER"), [:], STOP_ON_FAILURE): Call Test Case 'Test Cases/Custom Item Details/UTILITIES/OPEN_BROWSER' successfully

2022-04-06 15:25:31 - [TEST_CASE][PASSED] - Test Cases/Custom Item Details/UTILITIES/OPEN_BROWSER: Test Cases/Custom Item Details/UTILITIES/OPEN_BROWSER

2022-04-06 15:25:31 - [TEST_STEP][PASSED] - openBrowser("https://diagnostics.staging.arcadier.io/"): Browser is opened with url: 'https://diagnostics.staging.arcadier.io/'

2022-04-06 15:25:31 - [MESSAGE][WARNING] - A browser is already opened. Closing browser and opening a new one

2022-04-06 15:25:31 - [MESSAGE][INFO] - Starting 'Chrome' driver

2022-04-06 15:25:31 - [MESSAGE][INFO] - Action delay is set to 0 milliseconds

2022-04-06 15:25:35 - [MESSAGE][PASSED] - Browser is opened with url: 'https://diagnostics.staging.arcadier.io/'

2022-04-06 15:25:35 - [TEST_STEP][PASSED] - maximizeWindow(): Current window maximized

2022-04-06 15:25:35 - [MESSAGE][PASSED] - Current window maximized

2022-04-06 15:25:35 - [TEST_STEP][PASSED] - click(findTestObject("Item Details Objects/Page_diagnostics/a_Accept Cookies")): Object: 'Object Repository/Item Details Objects/Page_diagnostics/a_Accept Cookies' is clicked on

2022-04-06 15:25:36 - [MESSAGE][PASSED] - Object: 'Object Repository/Item Details Objects/Page_diagnostics/a_Accept Cookies' is clicked on

2022-04-06 15:25:36 - [TEST_STEP][PASSED] - click(findTestObject("Staging Objects/Page_diagnostics/a_DIABETES DIAGNOSTICS"), STOP_ON_FAILURE): Object: 'Object Repository/Staging Objects/Page_diagnostics/a_DIABETES DIAGNOSTICS' is clicked on

2022-04-06 15:25:39 - [MESSAGE][PASSED] - Object: 'Object Repository/Staging Objects/Page_diagnostics/a_DIABETES DIAGNOSTICS' is clicked on

2022-04-06 15:25:39 - [TEST_STEP][PASSED] - mouseOver(findTestObject("Staging Objects/Page_diagnostics/a_CareSens N Eco Blood Glucose Meter")): Object: 'Object Repository/Staging Objects/Page_diagnostics/a_CareSens N Eco Blood Glucose Meter' is hovered

2022-04-06 15:25:43 - [MESSAGE][PASSED] - Object: 'Object Repository/Staging Objects/Page_diagnostics/a_CareSens N Eco Blood Glucose Meter' is hovered

2022-04-06 15:25:43 - [TEST_STEP][PASSED] - click(findTestObject("Staging Objects/Page_diagnostics/a_CareSens N Eco Blood Glucose Meter")): Object: 'Object Repository/Staging Objects/Page_diagnostics/a_CareSens N Eco Blood Glucose Meter' is clicked on

2022-04-06 15:25:48 - [MESSAGE][PASSED] - Object: 'Object Repository/Staging Objects/Page_diagnostics/a_CareSens N Eco Blood Glucose Meter' is clicked on

2022-04-06 15:25:48 - [MESSAGE][PASSED] - Call Test Case 'Test Cases/Custom Item Details/UTILITIES/OPEN_BROWSER' successfully

2022-04-06 15:25:48 - [TEST_STEP][PASSED] - waitForElementVisible(findTestObject("Staging Objects/Page_diagnostics/span_Power"), 0): Web element with id: 'Object Repository/Staging Objects/Page_diagnostics/span_Power' located by '//div[@id='tab-desc3']/div[2]/div[13]/span' not found

2022-04-06 15:25:48 - [MESSAGE][WARNING] - Timeout '0' is invalid. Using default page load timeout: '30'

2022-04-06 15:26:20 - [MESSAGE][INFO] - Unable to find the element located by 'By.xpath: //div[@id='tab-desc3']/div[2]/div[13]/span'. Please recheck the objects properties to make sure the desired element is located. 

2022-04-06 15:26:20 - [MESSAGE][WARNING] - Web element with id: 'Object Repository/Staging Objects/Page_diagnostics/span_Power' located by '//div[@id='tab-desc3']/div[2]/div[13]/span' not found

2022-04-06 15:26:20 - [TEST_STEP][FAILED] - verifyElementPresent(findTestObject("Staging Objects/Page_diagnostics/span_Power"), 0): Unable to verify object 'Object Repository/Staging Objects/Page_diagnostics/span_Power' is present (Root cause: com.kms.katalon.core.exception.StepFailedException: Unable to verify object 'Object Repository/Staging Objects/Page_diagnostics/span_Power' is present
	at com.kms.katalon.core.webui.keyword.internal.WebUIKeywordMain.stepFailed(WebUIKeywordMain.groovy:64)
	at com.kms.katalon.core.webui.keyword.internal.WebUIKeywordMain.runKeyword(WebUIKeywordMain.groovy:26)
	at com.kms.katalon.core.webui.keyword.builtin.VerifyElementPresentKeyword.verifyElementPresent(VerifyElementPresentKeyword.groovy:92)
	at com.kms.katalon.core.webui.keyword.builtin.VerifyElementPresentKeyword.execute(VerifyElementPresentKeyword.groovy:68)
	at com.kms.katalon.core.keyword.internal.KeywordExecutor.executeKeywordForPlatform(KeywordExecutor.groovy:73)
	at com.kms.katalon.core.webui.keyword.WebUiBuiltInKeywords.verifyElementPresent(WebUiBuiltInKeywords.groovy:1461)
	at com.kms.katalon.core.webui.keyword.WebUiBuiltInKeywords$verifyElementPresent$9.call(Unknown Source)
	at TC_DETAILS_UI_037.run(TC_DETAILS_UI_037:22)
	at com.kms.katalon.core.main.ScriptEngine.run(ScriptEngine.java:194)
	at com.kms.katalon.core.main.ScriptEngine.runScriptAsRawText(ScriptEngine.java:119)
	at com.kms.katalon.core.main.TestCaseExecutor.runScript(TestCaseExecutor.java:339)
	at com.kms.katalon.core.main.TestCaseExecutor.doExecute(TestCaseExecutor.java:330)
	at com.kms.katalon.core.main.TestCaseExecutor.processExecutionPhase(TestCaseExecutor.java:309)
	at com.kms.katalon.core.main.TestCaseExecutor.accessMainPhase(TestCaseExecutor.java:301)
	at com.kms.katalon.core.main.TestCaseExecutor.execute(TestCaseExecutor.java:235)
	at com.kms.katalon.core.main.TestSuiteExecutor.accessTestCaseMainPhase(TestSuiteExecutor.java:191)
	at com.kms.katalon.core.main.TestSuiteExecutor.accessTestSuiteMainPhase(TestSuiteExecutor.java:141)
	at com.kms.katalon.core.main.TestSuiteExecutor.execute(TestSuiteExecutor.java:90)
	at com.kms.katalon.core.main.TestCaseMain.startTestSuite(TestCaseMain.java:157)
	at com.kms.katalon.core.main.TestCaseMain$startTestSuite$0.call(Unknown Source)
	at TempTestSuite1649228487552.run(TempTestSuite1649228487552.groovy:39)
Caused by: com.kms.katalon.core.exception.StepFailedException: com.kms.katalon.core.webui.exception.WebElementNotFoundException: Web element with id: 'Object Repository/Staging Objects/Page_diagnostics/span_Power' located by '//div[@id='tab-desc3']/div[2]/div[13]/span' not found
	at com.kms.katalon.core.webui.keyword.internal.WebUIKeywordMain.stepFailed(WebUIKeywordMain.groovy:64)
	at com.kms.katalon.core.webui.keyword.builtin.VerifyElementPresentKeyword$_verifyElementPresent_closure1.doCall(VerifyElementPresentKeyword.groovy:85)
	at com.kms.katalon.core.webui.keyword.builtin.VerifyElementPresentKeyword$_verifyElementPresent_closure1.call(VerifyElementPresentKeyword.groovy)
	at com.kms.katalon.core.webui.keyword.internal.WebUIKeywordMain.runKeyword(WebUIKeywordMain.groovy:20)
	... 19 more
)

2022-04-06 15:26:20 - [MESSAGE][WARNING] - Timeout '0' is invalid. Using default page load timeout: '30'

2022-04-06 15:26:51 - [MESSAGE][INFO] - Unable to find the element located by 'By.xpath: //div[@id='tab-desc3']/div[2]/div[13]/span'. Please recheck the objects properties to make sure the desired element is located. 

2022-04-06 15:26:51 - [MESSAGE][FAILED] - com.kms.katalon.core.webui.exception.WebElementNotFoundException: Web element with id: 'Object Repository/Staging Objects/Page_diagnostics/span_Power' located by '//div[@id='tab-desc3']/div[2]/div[13]/span' not found (Root cause: com.kms.katalon.core.exception.StepFailedException: com.kms.katalon.core.webui.exception.WebElementNotFoundException: Web element with id: 'Object Repository/Staging Objects/Page_diagnostics/span_Power' located by '//div[@id='tab-desc3']/div[2]/div[13]/span' not found
	at com.kms.katalon.core.webui.keyword.internal.WebUIKeywordMain.stepFailed(WebUIKeywordMain.groovy:64)
	at com.kms.katalon.core.webui.keyword.builtin.VerifyElementPresentKeyword$_verifyElementPresent_closure1.doCall(VerifyElementPresentKeyword.groovy:85)
	at com.kms.katalon.core.webui.keyword.builtin.VerifyElementPresentKeyword$_verifyElementPresent_closure1.call(VerifyElementPresentKeyword.groovy)
	at com.kms.katalon.core.webui.keyword.internal.WebUIKeywordMain.runKeyword(WebUIKeywordMain.groovy:20)
	at com.kms.katalon.core.webui.keyword.builtin.VerifyElementPresentKeyword.verifyElementPresent(VerifyElementPresentKeyword.groovy:92)
	at com.kms.katalon.core.webui.keyword.builtin.VerifyElementPresentKeyword.execute(VerifyElementPresentKeyword.groovy:68)
	at com.kms.katalon.core.keyword.internal.KeywordExecutor.executeKeywordForPlatform(KeywordExecutor.groovy:73)
	at com.kms.katalon.core.webui.keyword.WebUiBuiltInKeywords.verifyElementPresent(WebUiBuiltInKeywords.groovy:1461)
	at com.kms.katalon.core.webui.keyword.WebUiBuiltInKeywords$verifyElementPresent$9.call(Unknown Source)
	at TC_DETAILS_UI_037.run(TC_DETAILS_UI_037:22)
	at com.kms.katalon.core.main.ScriptEngine.run(ScriptEngine.java:194)
	at com.kms.katalon.core.main.ScriptEngine.runScriptAsRawText(ScriptEngine.java:119)
	at com.kms.katalon.core.main.TestCaseExecutor.runScript(TestCaseExecutor.java:339)
	at com.kms.katalon.core.main.TestCaseExecutor.doExecute(TestCaseExecutor.java:330)
	at com.kms.katalon.core.main.TestCaseExecutor.processExecutionPhase(TestCaseExecutor.java:309)
	at com.kms.katalon.core.main.TestCaseExecutor.accessMainPhase(TestCaseExecutor.java:301)
	at com.kms.katalon.core.main.TestCaseExecutor.execute(TestCaseExecutor.java:235)
	at com.kms.katalon.core.main.TestSuiteExecutor.accessTestCaseMainPhase(TestSuiteExecutor.java:191)
	at com.kms.katalon.core.main.TestSuiteExecutor.accessTestSuiteMainPhase(TestSuiteExecutor.java:141)
	at com.kms.katalon.core.main.TestSuiteExecutor.execute(TestSuiteExecutor.java:90)
	at com.kms.katalon.core.main.TestCaseMain.startTestSuite(TestCaseMain.java:157)
	at com.kms.katalon.core.main.TestCaseMain$startTestSuite$0.call(Unknown Source)
	at TempTestSuite1649228487552.run(TempTestSuite1649228487552.groovy:39)
)
[[ATTACHMENT|K:\\Work\\GitHub\\find-item-detail-test_v2\\Reports\\20220406_150127\\Item detail test\\20220406_150127\\1649230011217.png]]

2022-04-06 15:26:51 - [MESSAGE][FAILED] - Unable to verify object 'Object Repository/Staging Objects/Page_diagnostics/span_Power' is present (Root cause: com.kms.katalon.core.exception.StepFailedException: Unable to verify object 'Object Repository/Staging Objects/Page_diagnostics/span_Power' is present
	at com.kms.katalon.core.webui.keyword.internal.WebUIKeywordMain.stepFailed(WebUIKeywordMain.groovy:64)
	at com.kms.katalon.core.webui.keyword.internal.WebUIKeywordMain.runKeyword(WebUIKeywordMain.groovy:26)
	at com.kms.katalon.core.webui.keyword.builtin.VerifyElementPresentKeyword.verifyElementPresent(VerifyElementPresentKeyword.groovy:92)
	at com.kms.katalon.core.webui.keyword.builtin.VerifyElementPresentKeyword.execute(VerifyElementPresentKeyword.groovy:68)
	at com.kms.katalon.core.keyword.internal.KeywordExecutor.executeKeywordForPlatform(KeywordExecutor.groovy:73)
	at com.kms.katalon.core.webui.keyword.WebUiBuiltInKeywords.verifyElementPresent(WebUiBuiltInKeywords.groovy:1461)
	at com.kms.katalon.core.webui.keyword.WebUiBuiltInKeywords$verifyElementPresent$9.call(Unknown Source)
	at TC_DETAILS_UI_037.run(TC_DETAILS_UI_037:22)
	at com.kms.katalon.core.main.ScriptEngine.run(ScriptEngine.java:194)
	at com.kms.katalon.core.main.ScriptEngine.runScriptAsRawText(ScriptEngine.java:119)
	at com.kms.katalon.core.main.TestCaseExecutor.runScript(TestCaseExecutor.java:339)
	at com.kms.katalon.core.main.TestCaseExecutor.doExecute(TestCaseExecutor.java:330)
	at com.kms.katalon.core.main.TestCaseExecutor.processExecutionPhase(TestCaseExecutor.java:309)
	at com.kms.katalon.core.main.TestCaseExecutor.accessMainPhase(TestCaseExecutor.java:301)
	at com.kms.katalon.core.main.TestCaseExecutor.execute(TestCaseExecutor.java:235)
	at com.kms.katalon.core.main.TestSuiteExecutor.accessTestCaseMainPhase(TestSuiteExecutor.java:191)
	at com.kms.katalon.core.main.TestSuiteExecutor.accessTestSuiteMainPhase(TestSuiteExecutor.java:141)
	at com.kms.katalon.core.main.TestSuiteExecutor.execute(TestSuiteExecutor.java:90)
	at com.kms.katalon.core.main.TestCaseMain.startTestSuite(TestCaseMain.java:157)
	at com.kms.katalon.core.main.TestCaseMain$startTestSuite$0.call(Unknown Source)
	at TempTestSuite1649228487552.run(TempTestSuite1649228487552.groovy:39)
Caused by: com.kms.katalon.core.exception.StepFailedException: com.kms.katalon.core.webui.exception.WebElementNotFoundException: Web element with id: 'Object Repository/Staging Objects/Page_diagnostics/span_Power' located by '//div[@id='tab-desc3']/div[2]/div[13]/span' not found
	at com.kms.katalon.core.webui.keyword.internal.WebUIKeywordMain.stepFailed(WebUIKeywordMain.groovy:64)
	at com.kms.katalon.core.webui.keyword.builtin.VerifyElementPresentKeyword$_verifyElementPresent_closure1.doCall(VerifyElementPresentKeyword.groovy:85)
	at com.kms.katalon.core.webui.keyword.builtin.VerifyElementPresentKeyword$_verifyElementPresent_closure1.call(VerifyElementPresentKeyword.groovy)
	at com.kms.katalon.core.webui.keyword.internal.WebUIKeywordMain.runKeyword(WebUIKeywordMain.groovy:20)
	... 19 more
)
[[ATTACHMENT|K:\\Work\\GitHub\\find-item-detail-test_v2\\Reports\\20220406_150127\\Item detail test\\20220406_150127\\1649230011367.png]]]]></system-out>
         <system-err><![CDATA[2022-04-06 15:25:30 - [TEST_CASE][FAILED] - Test Cases/Custom Item Details/TEST CASE/TC_DETAILS_UI_037: Test Cases/Custom Item Details/TEST CASE/TC_DETAILS_UI_037 FAILED.
Reason:
com.kms.katalon.core.exception.StepFailedException: Unable to verify object 'Object Repository/Staging Objects/Page_diagnostics/span_Power' is present
	at com.kms.katalon.core.webui.keyword.internal.WebUIKeywordMain.stepFailed(WebUIKeywordMain.groovy:64)
	at com.kms.katalon.core.webui.keyword.internal.WebUIKeywordMain.runKeyword(WebUIKeywordMain.groovy:26)
	at com.kms.katalon.core.webui.keyword.builtin.VerifyElementPresentKeyword.verifyElementPresent(VerifyElementPresentKeyword.groovy:92)
	at com.kms.katalon.core.webui.keyword.builtin.VerifyElementPresentKeyword.execute(VerifyElementPresentKeyword.groovy:68)
	at com.kms.katalon.core.keyword.internal.KeywordExecutor.executeKeywordForPlatform(KeywordExecutor.groovy:73)
	at com.kms.katalon.core.webui.keyword.WebUiBuiltInKeywords.verifyElementPresent(WebUiBuiltInKeywords.groovy:1461)
	at com.kms.katalon.core.webui.keyword.WebUiBuiltInKeywords$verifyElementPresent$9.call(Unknown Source)
	at TC_DETAILS_UI_037.run(TC_DETAILS_UI_037:22)
	at com.kms.katalon.core.main.ScriptEngine.run(ScriptEngine.java:194)
	at com.kms.katalon.core.main.ScriptEngine.runScriptAsRawText(ScriptEngine.java:119)
	at com.kms.katalon.core.main.TestCaseExecutor.runScript(TestCaseExecutor.java:339)
	at com.kms.katalon.core.main.TestCaseExecutor.doExecute(TestCaseExecutor.java:330)
	at com.kms.katalon.core.main.TestCaseExecutor.processExecutionPhase(TestCaseExecutor.java:309)
	at com.kms.katalon.core.main.TestCaseExecutor.accessMainPhase(TestCaseExecutor.java:301)
	at com.kms.katalon.core.main.TestCaseExecutor.execute(TestCaseExecutor.java:235)
	at com.kms.katalon.core.main.TestSuiteExecutor.accessTestCaseMainPhase(TestSuiteExecutor.java:191)
	at com.kms.katalon.core.main.TestSuiteExecutor.accessTestSuiteMainPhase(TestSuiteExecutor.java:141)
	at com.kms.katalon.core.main.TestSuiteExecutor.execute(TestSuiteExecutor.java:90)
	at com.kms.katalon.core.main.TestCaseMain.startTestSuite(TestCaseMain.java:157)
	at com.kms.katalon.core.main.TestCaseMain$startTestSuite$0.call(Unknown Source)
	at TempTestSuite1649228487552.run(TempTestSuite1649228487552.groovy:39)
Caused by: com.kms.katalon.core.exception.StepFailedException: com.kms.katalon.core.webui.exception.WebElementNotFoundException: Web element with id: 'Object Repository/Staging Objects/Page_diagnostics/span_Power' located by '//div[@id='tab-desc3']/div[2]/div[13]/span' not found
	at com.kms.katalon.core.webui.keyword.internal.WebUIKeywordMain.stepFailed(WebUIKeywordMain.groovy:64)
	at com.kms.katalon.core.webui.keyword.builtin.VerifyElementPresentKeyword$_verifyElementPresent_closure1.doCall(VerifyElementPresentKeyword.groovy:85)
	at com.kms.katalon.core.webui.keyword.builtin.VerifyElementPresentKeyword$_verifyElementPresent_closure1.call(VerifyElementPresentKeyword.groovy)
	at com.kms.katalon.core.webui.keyword.internal.WebUIKeywordMain.runKeyword(WebUIKeywordMain.groovy:20)
	... 19 more]]></system-err>
      </testcase>
      <testcase name="Test Cases/Custom Item Details/TEST CASE/TC_DETAILS_UI_038" time="20.309" classname="Test Cases/Custom Item Details/TEST CASE/TC_DETAILS_UI_038" status="PASSED">
         <system-out><![CDATA[2022-04-06 15:26:51 - [TEST_CASE][PASSED] - Test Cases/Custom Item Details/TEST CASE/TC_DETAILS_UI_038: Test Cases/Custom Item Details/TEST CASE/TC_DETAILS_UI_038

2022-04-06 15:26:51 - [TEST_STEP][PASSED] - callTestCase(findTestCase("Custom Item Details/UTILITIES/OPEN_BROWSER"), [:], STOP_ON_FAILURE): Call Test Case 'Test Cases/Custom Item Details/UTILITIES/OPEN_BROWSER' successfully

2022-04-06 15:26:51 - [TEST_CASE][PASSED] - Test Cases/Custom Item Details/UTILITIES/OPEN_BROWSER: Test Cases/Custom Item Details/UTILITIES/OPEN_BROWSER

2022-04-06 15:26:51 - [TEST_STEP][PASSED] - openBrowser("https://diagnostics.staging.arcadier.io/"): Browser is opened with url: 'https://diagnostics.staging.arcadier.io/'

2022-04-06 15:26:51 - [MESSAGE][WARNING] - A browser is already opened. Closing browser and opening a new one

2022-04-06 15:26:52 - [MESSAGE][INFO] - Starting 'Chrome' driver

2022-04-06 15:26:52 - [MESSAGE][INFO] - Action delay is set to 0 milliseconds

2022-04-06 15:26:55 - [MESSAGE][PASSED] - Browser is opened with url: 'https://diagnostics.staging.arcadier.io/'

2022-04-06 15:26:55 - [TEST_STEP][PASSED] - maximizeWindow(): Current window maximized

2022-04-06 15:26:55 - [MESSAGE][PASSED] - Current window maximized

2022-04-06 15:26:55 - [TEST_STEP][PASSED] - click(findTestObject("Item Details Objects/Page_diagnostics/a_Accept Cookies")): Object: 'Object Repository/Item Details Objects/Page_diagnostics/a_Accept Cookies' is clicked on

2022-04-06 15:26:57 - [MESSAGE][PASSED] - Object: 'Object Repository/Item Details Objects/Page_diagnostics/a_Accept Cookies' is clicked on

2022-04-06 15:26:57 - [TEST_STEP][PASSED] - click(findTestObject("Staging Objects/Page_diagnostics/a_DIABETES DIAGNOSTICS"), STOP_ON_FAILURE): Object: 'Object Repository/Staging Objects/Page_diagnostics/a_DIABETES DIAGNOSTICS' is clicked on

2022-04-06 15:27:00 - [MESSAGE][PASSED] - Object: 'Object Repository/Staging Objects/Page_diagnostics/a_DIABETES DIAGNOSTICS' is clicked on

2022-04-06 15:27:00 - [TEST_STEP][PASSED] - mouseOver(findTestObject("Staging Objects/Page_diagnostics/a_CareSens N Eco Blood Glucose Meter")): Object: 'Object Repository/Staging Objects/Page_diagnostics/a_CareSens N Eco Blood Glucose Meter' is hovered

2022-04-06 15:27:04 - [MESSAGE][PASSED] - Object: 'Object Repository/Staging Objects/Page_diagnostics/a_CareSens N Eco Blood Glucose Meter' is hovered

2022-04-06 15:27:04 - [TEST_STEP][PASSED] - click(findTestObject("Staging Objects/Page_diagnostics/a_CareSens N Eco Blood Glucose Meter")): Object: 'Object Repository/Staging Objects/Page_diagnostics/a_CareSens N Eco Blood Glucose Meter' is clicked on

2022-04-06 15:27:09 - [MESSAGE][PASSED] - Object: 'Object Repository/Staging Objects/Page_diagnostics/a_CareSens N Eco Blood Glucose Meter' is clicked on

2022-04-06 15:27:09 - [MESSAGE][PASSED] - Call Test Case 'Test Cases/Custom Item Details/UTILITIES/OPEN_BROWSER' successfully

2022-04-06 15:27:09 - [TEST_STEP][PASSED] - waitForElementVisible(findTestObject("Staging Objects/Page_diagnostics/span_Product reference"), 0): Object 'Object Repository/Staging Objects/Page_diagnostics/span_Product reference' is visible

2022-04-06 15:27:09 - [MESSAGE][WARNING] - Timeout '0' is invalid. Using default page load timeout: '30'

2022-04-06 15:27:10 - [MESSAGE][PASSED] - Object 'Object Repository/Staging Objects/Page_diagnostics/span_Product reference' is visible

2022-04-06 15:27:10 - [TEST_STEP][PASSED] - verifyElementPresent(findTestObject("Staging Objects/Page_diagnostics/span_Product reference"), 0): Object 'Object Repository/Staging Objects/Page_diagnostics/span_Product reference' is present

2022-04-06 15:27:10 - [MESSAGE][WARNING] - Timeout '0' is invalid. Using default page load timeout: '30'

2022-04-06 15:27:11 - [MESSAGE][PASSED] - Object 'Object Repository/Staging Objects/Page_diagnostics/span_Product reference' is present

2022-04-06 15:27:11 - [TEST_STEP][PASSED] - callTestCase(findTestCase("Custom Item Details/UTILITIES/CLOSE_BROWSER"), [:], STOP_ON_FAILURE): Call Test Case 'Test Cases/Custom Item Details/UTILITIES/CLOSE_BROWSER' successfully

2022-04-06 15:27:11 - [TEST_CASE][PASSED] - Test Cases/Custom Item Details/UTILITIES/CLOSE_BROWSER: Test Cases/Custom Item Details/UTILITIES/CLOSE_BROWSER

2022-04-06 15:27:11 - [TEST_STEP][PASSED] - closeBrowser(): Browser is closed

2022-04-06 15:27:11 - [MESSAGE][PASSED] - Browser is closed

2022-04-06 15:27:11 - [MESSAGE][PASSED] - Call Test Case 'Test Cases/Custom Item Details/UTILITIES/CLOSE_BROWSER' successfully]]></system-out>
         <system-err><![CDATA[]]></system-err>
      </testcase>
      <testcase name="Test Cases/Custom Item Details/TEST CASE/TC_DETAILS_UI_039" time="19.506" classname="Test Cases/Custom Item Details/TEST CASE/TC_DETAILS_UI_039" status="PASSED">
         <system-out><![CDATA[2022-04-06 15:27:11 - [TEST_CASE][PASSED] - Test Cases/Custom Item Details/TEST CASE/TC_DETAILS_UI_039: Test Cases/Custom Item Details/TEST CASE/TC_DETAILS_UI_039

2022-04-06 15:27:11 - [TEST_STEP][PASSED] - callTestCase(findTestCase("Custom Item Details/UTILITIES/OPEN_BROWSER"), [:], STOP_ON_FAILURE): Call Test Case 'Test Cases/Custom Item Details/UTILITIES/OPEN_BROWSER' successfully

2022-04-06 15:27:12 - [TEST_CASE][PASSED] - Test Cases/Custom Item Details/UTILITIES/OPEN_BROWSER: Test Cases/Custom Item Details/UTILITIES/OPEN_BROWSER

2022-04-06 15:27:12 - [TEST_STEP][PASSED] - openBrowser("https://diagnostics.staging.arcadier.io/"): Browser is opened with url: 'https://diagnostics.staging.arcadier.io/'

2022-04-06 15:27:12 - [MESSAGE][INFO] - Starting 'Chrome' driver

2022-04-06 15:27:12 - [MESSAGE][INFO] - Action delay is set to 0 milliseconds

2022-04-06 15:27:15 - [MESSAGE][PASSED] - Browser is opened with url: 'https://diagnostics.staging.arcadier.io/'

2022-04-06 15:27:15 - [TEST_STEP][PASSED] - maximizeWindow(): Current window maximized

2022-04-06 15:27:15 - [MESSAGE][PASSED] - Current window maximized

2022-04-06 15:27:15 - [TEST_STEP][PASSED] - click(findTestObject("Item Details Objects/Page_diagnostics/a_Accept Cookies")): Object: 'Object Repository/Item Details Objects/Page_diagnostics/a_Accept Cookies' is clicked on

2022-04-06 15:27:17 - [MESSAGE][PASSED] - Object: 'Object Repository/Item Details Objects/Page_diagnostics/a_Accept Cookies' is clicked on

2022-04-06 15:27:17 - [TEST_STEP][PASSED] - click(findTestObject("Staging Objects/Page_diagnostics/a_DIABETES DIAGNOSTICS"), STOP_ON_FAILURE): Object: 'Object Repository/Staging Objects/Page_diagnostics/a_DIABETES DIAGNOSTICS' is clicked on

2022-04-06 15:27:20 - [MESSAGE][PASSED] - Object: 'Object Repository/Staging Objects/Page_diagnostics/a_DIABETES DIAGNOSTICS' is clicked on

2022-04-06 15:27:20 - [TEST_STEP][PASSED] - mouseOver(findTestObject("Staging Objects/Page_diagnostics/a_CareSens N Eco Blood Glucose Meter")): Object: 'Object Repository/Staging Objects/Page_diagnostics/a_CareSens N Eco Blood Glucose Meter' is hovered

2022-04-06 15:27:24 - [MESSAGE][PASSED] - Object: 'Object Repository/Staging Objects/Page_diagnostics/a_CareSens N Eco Blood Glucose Meter' is hovered

2022-04-06 15:27:24 - [TEST_STEP][PASSED] - click(findTestObject("Staging Objects/Page_diagnostics/a_CareSens N Eco Blood Glucose Meter")): Object: 'Object Repository/Staging Objects/Page_diagnostics/a_CareSens N Eco Blood Glucose Meter' is clicked on

2022-04-06 15:27:28 - [MESSAGE][PASSED] - Object: 'Object Repository/Staging Objects/Page_diagnostics/a_CareSens N Eco Blood Glucose Meter' is clicked on

2022-04-06 15:27:28 - [MESSAGE][PASSED] - Call Test Case 'Test Cases/Custom Item Details/UTILITIES/OPEN_BROWSER' successfully

2022-04-06 15:27:28 - [TEST_STEP][PASSED] - waitForElementVisible(findTestObject("Staging Objects/Page_diagnostics/span_Regulatory approval"), 0): Object 'Object Repository/Staging Objects/Page_diagnostics/span_Regulatory approval' is visible

2022-04-06 15:27:28 - [MESSAGE][WARNING] - Timeout '0' is invalid. Using default page load timeout: '30'

2022-04-06 15:27:30 - [MESSAGE][PASSED] - Object 'Object Repository/Staging Objects/Page_diagnostics/span_Regulatory approval' is visible

2022-04-06 15:27:30 - [TEST_STEP][PASSED] - verifyElementPresent(findTestObject("Staging Objects/Page_diagnostics/span_Regulatory approval"), 0): Object 'Object Repository/Staging Objects/Page_diagnostics/span_Regulatory approval' is present

2022-04-06 15:27:30 - [MESSAGE][WARNING] - Timeout '0' is invalid. Using default page load timeout: '30'

2022-04-06 15:27:30 - [MESSAGE][PASSED] - Object 'Object Repository/Staging Objects/Page_diagnostics/span_Regulatory approval' is present

2022-04-06 15:27:30 - [TEST_STEP][PASSED] - callTestCase(findTestCase("Custom Item Details/UTILITIES/CLOSE_BROWSER"), [:], STOP_ON_FAILURE): Call Test Case 'Test Cases/Custom Item Details/UTILITIES/CLOSE_BROWSER' successfully

2022-04-06 15:27:30 - [TEST_CASE][PASSED] - Test Cases/Custom Item Details/UTILITIES/CLOSE_BROWSER: Test Cases/Custom Item Details/UTILITIES/CLOSE_BROWSER

2022-04-06 15:27:30 - [TEST_STEP][PASSED] - closeBrowser(): Browser is closed

2022-04-06 15:27:31 - [MESSAGE][PASSED] - Browser is closed

2022-04-06 15:27:31 - [MESSAGE][PASSED] - Call Test Case 'Test Cases/Custom Item Details/UTILITIES/CLOSE_BROWSER' successfully]]></system-out>
         <system-err><![CDATA[]]></system-err>
      </testcase>
      <testcase name="Test Cases/Custom Item Details/TEST CASE/TC_DETAILS_UI_040" time="78.322" classname="Test Cases/Custom Item Details/TEST CASE/TC_DETAILS_UI_040" status="FAILED">
         <failure type="FAILED" message="Test Cases/Custom Item Details/TEST CASE/TC_DETAILS_UI_040 FAILED.
Reason:
com.kms.katalon.core.exception.StepFailedException: Unable to verify object 'Object Repository/Staging Objects/Page_diagnostics/span_Sample type' is present
	at com.kms.katalon.core.webui.keyword.internal.WebUIKeywordMain.stepFailed(WebUIKeywordMain.groovy:64)
	at com.kms.katalon.core.webui.keyword.internal.WebUIKeywordMain.runKeyword(WebUIKeywordMain.groovy:26)
	at com.kms.katalon.core.webui.keyword.builtin.VerifyElementPresentKeyword.verifyElementPresent(VerifyElementPresentKeyword.groovy:92)
	at com.kms.katalon.core.webui.keyword.builtin.VerifyElementPresentKeyword.execute(VerifyElementPresentKeyword.groovy:68)
	at com.kms.katalon.core.keyword.internal.KeywordExecutor.executeKeywordForPlatform(KeywordExecutor.groovy:73)
	at com.kms.katalon.core.webui.keyword.WebUiBuiltInKeywords.verifyElementPresent(WebUiBuiltInKeywords.groovy:1461)
	at com.kms.katalon.core.webui.keyword.WebUiBuiltInKeywords$verifyElementPresent$9.call(Unknown Source)
	at TC_DETAILS_UI_040.run(TC_DETAILS_UI_040:22)
	at com.kms.katalon.core.main.ScriptEngine.run(ScriptEngine.java:194)
	at com.kms.katalon.core.main.ScriptEngine.runScriptAsRawText(ScriptEngine.java:119)
	at com.kms.katalon.core.main.TestCaseExecutor.runScript(TestCaseExecutor.java:339)
	at com.kms.katalon.core.main.TestCaseExecutor.doExecute(TestCaseExecutor.java:330)
	at com.kms.katalon.core.main.TestCaseExecutor.processExecutionPhase(TestCaseExecutor.java:309)
	at com.kms.katalon.core.main.TestCaseExecutor.accessMainPhase(TestCaseExecutor.java:301)
	at com.kms.katalon.core.main.TestCaseExecutor.execute(TestCaseExecutor.java:235)
	at com.kms.katalon.core.main.TestSuiteExecutor.accessTestCaseMainPhase(TestSuiteExecutor.java:191)
	at com.kms.katalon.core.main.TestSuiteExecutor.accessTestSuiteMainPhase(TestSuiteExecutor.java:141)
	at com.kms.katalon.core.main.TestSuiteExecutor.execute(TestSuiteExecutor.java:90)
	at com.kms.katalon.core.main.TestCaseMain.startTestSuite(TestCaseMain.java:157)
	at com.kms.katalon.core.main.TestCaseMain$startTestSuite$0.call(Unknown Source)
	at TempTestSuite1649228487552.run(TempTestSuite1649228487552.groovy:39)
Caused by: com.kms.katalon.core.exception.StepFailedException: com.kms.katalon.core.webui.exception.WebElementNotFoundException: Web element with id: 'Object Repository/Staging Objects/Page_diagnostics/span_Sample type' located by '//div[@id='tab-desc3']/div[2]/div[4]/span' not found
	at com.kms.katalon.core.webui.keyword.internal.WebUIKeywordMain.stepFailed(WebUIKeywordMain.groovy:64)
	at com.kms.katalon.core.webui.keyword.builtin.VerifyElementPresentKeyword$_verifyElementPresent_closure1.doCall(VerifyElementPresentKeyword.groovy:85)
	at com.kms.katalon.core.webui.keyword.builtin.VerifyElementPresentKeyword$_verifyElementPresent_closure1.call(VerifyElementPresentKeyword.groovy)
	at com.kms.katalon.core.webui.keyword.internal.WebUIKeywordMain.runKeyword(WebUIKeywordMain.groovy:20)
	... 19 more
"/>
         <system-out><![CDATA[2022-04-06 15:27:31 - [TEST_CASE][FAILED] - Test Cases/Custom Item Details/TEST CASE/TC_DETAILS_UI_040: Test Cases/Custom Item Details/TEST CASE/TC_DETAILS_UI_040 FAILED.
Reason:
com.kms.katalon.core.exception.StepFailedException: Unable to verify object 'Object Repository/Staging Objects/Page_diagnostics/span_Sample type' is present
	at com.kms.katalon.core.webui.keyword.internal.WebUIKeywordMain.stepFailed(WebUIKeywordMain.groovy:64)
	at com.kms.katalon.core.webui.keyword.internal.WebUIKeywordMain.runKeyword(WebUIKeywordMain.groovy:26)
	at com.kms.katalon.core.webui.keyword.builtin.VerifyElementPresentKeyword.verifyElementPresent(VerifyElementPresentKeyword.groovy:92)
	at com.kms.katalon.core.webui.keyword.builtin.VerifyElementPresentKeyword.execute(VerifyElementPresentKeyword.groovy:68)
	at com.kms.katalon.core.keyword.internal.KeywordExecutor.executeKeywordForPlatform(KeywordExecutor.groovy:73)
	at com.kms.katalon.core.webui.keyword.WebUiBuiltInKeywords.verifyElementPresent(WebUiBuiltInKeywords.groovy:1461)
	at com.kms.katalon.core.webui.keyword.WebUiBuiltInKeywords$verifyElementPresent$9.call(Unknown Source)
	at TC_DETAILS_UI_040.run(TC_DETAILS_UI_040:22)
	at com.kms.katalon.core.main.ScriptEngine.run(ScriptEngine.java:194)
	at com.kms.katalon.core.main.ScriptEngine.runScriptAsRawText(ScriptEngine.java:119)
	at com.kms.katalon.core.main.TestCaseExecutor.runScript(TestCaseExecutor.java:339)
	at com.kms.katalon.core.main.TestCaseExecutor.doExecute(TestCaseExecutor.java:330)
	at com.kms.katalon.core.main.TestCaseExecutor.processExecutionPhase(TestCaseExecutor.java:309)
	at com.kms.katalon.core.main.TestCaseExecutor.accessMainPhase(TestCaseExecutor.java:301)
	at com.kms.katalon.core.main.TestCaseExecutor.execute(TestCaseExecutor.java:235)
	at com.kms.katalon.core.main.TestSuiteExecutor.accessTestCaseMainPhase(TestSuiteExecutor.java:191)
	at com.kms.katalon.core.main.TestSuiteExecutor.accessTestSuiteMainPhase(TestSuiteExecutor.java:141)
	at com.kms.katalon.core.main.TestSuiteExecutor.execute(TestSuiteExecutor.java:90)
	at com.kms.katalon.core.main.TestCaseMain.startTestSuite(TestCaseMain.java:157)
	at com.kms.katalon.core.main.TestCaseMain$startTestSuite$0.call(Unknown Source)
	at TempTestSuite1649228487552.run(TempTestSuite1649228487552.groovy:39)
Caused by: com.kms.katalon.core.exception.StepFailedException: com.kms.katalon.core.webui.exception.WebElementNotFoundException: Web element with id: 'Object Repository/Staging Objects/Page_diagnostics/span_Sample type' located by '//div[@id='tab-desc3']/div[2]/div[4]/span' not found
	at com.kms.katalon.core.webui.keyword.internal.WebUIKeywordMain.stepFailed(WebUIKeywordMain.groovy:64)
	at com.kms.katalon.core.webui.keyword.builtin.VerifyElementPresentKeyword$_verifyElementPresent_closure1.doCall(VerifyElementPresentKeyword.groovy:85)
	at com.kms.katalon.core.webui.keyword.builtin.VerifyElementPresentKeyword$_verifyElementPresent_closure1.call(VerifyElementPresentKeyword.groovy)
	at com.kms.katalon.core.webui.keyword.internal.WebUIKeywordMain.runKeyword(WebUIKeywordMain.groovy:20)
	... 19 more


2022-04-06 15:27:31 - [TEST_STEP][PASSED] - callTestCase(findTestCase("Custom Item Details/UTILITIES/OPEN_BROWSER"), [:], STOP_ON_FAILURE): Call Test Case 'Test Cases/Custom Item Details/UTILITIES/OPEN_BROWSER' successfully

2022-04-06 15:27:31 - [TEST_CASE][PASSED] - Test Cases/Custom Item Details/UTILITIES/OPEN_BROWSER: Test Cases/Custom Item Details/UTILITIES/OPEN_BROWSER

2022-04-06 15:27:31 - [TEST_STEP][PASSED] - openBrowser("https://diagnostics.staging.arcadier.io/"): Browser is opened with url: 'https://diagnostics.staging.arcadier.io/'

2022-04-06 15:27:31 - [MESSAGE][INFO] - Starting 'Chrome' driver

2022-04-06 15:27:31 - [MESSAGE][INFO] - Action delay is set to 0 milliseconds

2022-04-06 15:27:34 - [MESSAGE][PASSED] - Browser is opened with url: 'https://diagnostics.staging.arcadier.io/'

2022-04-06 15:27:34 - [TEST_STEP][PASSED] - maximizeWindow(): Current window maximized

2022-04-06 15:27:34 - [MESSAGE][PASSED] - Current window maximized

2022-04-06 15:27:34 - [TEST_STEP][PASSED] - click(findTestObject("Item Details Objects/Page_diagnostics/a_Accept Cookies")): Object: 'Object Repository/Item Details Objects/Page_diagnostics/a_Accept Cookies' is clicked on

2022-04-06 15:27:36 - [MESSAGE][PASSED] - Object: 'Object Repository/Item Details Objects/Page_diagnostics/a_Accept Cookies' is clicked on

2022-04-06 15:27:36 - [TEST_STEP][PASSED] - click(findTestObject("Staging Objects/Page_diagnostics/a_DIABETES DIAGNOSTICS"), STOP_ON_FAILURE): Object: 'Object Repository/Staging Objects/Page_diagnostics/a_DIABETES DIAGNOSTICS' is clicked on

2022-04-06 15:27:38 - [MESSAGE][PASSED] - Object: 'Object Repository/Staging Objects/Page_diagnostics/a_DIABETES DIAGNOSTICS' is clicked on

2022-04-06 15:27:38 - [TEST_STEP][PASSED] - mouseOver(findTestObject("Staging Objects/Page_diagnostics/a_CareSens N Eco Blood Glucose Meter")): Object: 'Object Repository/Staging Objects/Page_diagnostics/a_CareSens N Eco Blood Glucose Meter' is hovered

2022-04-06 15:27:42 - [MESSAGE][PASSED] - Object: 'Object Repository/Staging Objects/Page_diagnostics/a_CareSens N Eco Blood Glucose Meter' is hovered

2022-04-06 15:27:42 - [TEST_STEP][PASSED] - click(findTestObject("Staging Objects/Page_diagnostics/a_CareSens N Eco Blood Glucose Meter")): Object: 'Object Repository/Staging Objects/Page_diagnostics/a_CareSens N Eco Blood Glucose Meter' is clicked on

2022-04-06 15:27:47 - [MESSAGE][PASSED] - Object: 'Object Repository/Staging Objects/Page_diagnostics/a_CareSens N Eco Blood Glucose Meter' is clicked on

2022-04-06 15:27:47 - [MESSAGE][PASSED] - Call Test Case 'Test Cases/Custom Item Details/UTILITIES/OPEN_BROWSER' successfully

2022-04-06 15:27:47 - [TEST_STEP][PASSED] - waitForElementVisible(findTestObject("Staging Objects/Page_diagnostics/span_Sample type"), 0): Web element with id: 'Object Repository/Staging Objects/Page_diagnostics/span_Sample type' located by '//div[@id='tab-desc3']/div[2]/div[4]/span' not found

2022-04-06 15:27:47 - [MESSAGE][WARNING] - Timeout '0' is invalid. Using default page load timeout: '30'

2022-04-06 15:28:18 - [MESSAGE][INFO] - Unable to find the element located by 'By.xpath: //div[@id='tab-desc3']/div[2]/div[4]/span'. Please recheck the objects properties to make sure the desired element is located. 

2022-04-06 15:28:18 - [MESSAGE][WARNING] - Web element with id: 'Object Repository/Staging Objects/Page_diagnostics/span_Sample type' located by '//div[@id='tab-desc3']/div[2]/div[4]/span' not found

2022-04-06 15:28:18 - [TEST_STEP][FAILED] - verifyElementPresent(findTestObject("Staging Objects/Page_diagnostics/span_Sample type"), 0): Unable to verify object 'Object Repository/Staging Objects/Page_diagnostics/span_Sample type' is present (Root cause: com.kms.katalon.core.exception.StepFailedException: Unable to verify object 'Object Repository/Staging Objects/Page_diagnostics/span_Sample type' is present
	at com.kms.katalon.core.webui.keyword.internal.WebUIKeywordMain.stepFailed(WebUIKeywordMain.groovy:64)
	at com.kms.katalon.core.webui.keyword.internal.WebUIKeywordMain.runKeyword(WebUIKeywordMain.groovy:26)
	at com.kms.katalon.core.webui.keyword.builtin.VerifyElementPresentKeyword.verifyElementPresent(VerifyElementPresentKeyword.groovy:92)
	at com.kms.katalon.core.webui.keyword.builtin.VerifyElementPresentKeyword.execute(VerifyElementPresentKeyword.groovy:68)
	at com.kms.katalon.core.keyword.internal.KeywordExecutor.executeKeywordForPlatform(KeywordExecutor.groovy:73)
	at com.kms.katalon.core.webui.keyword.WebUiBuiltInKeywords.verifyElementPresent(WebUiBuiltInKeywords.groovy:1461)
	at com.kms.katalon.core.webui.keyword.WebUiBuiltInKeywords$verifyElementPresent$9.call(Unknown Source)
	at TC_DETAILS_UI_040.run(TC_DETAILS_UI_040:22)
	at com.kms.katalon.core.main.ScriptEngine.run(ScriptEngine.java:194)
	at com.kms.katalon.core.main.ScriptEngine.runScriptAsRawText(ScriptEngine.java:119)
	at com.kms.katalon.core.main.TestCaseExecutor.runScript(TestCaseExecutor.java:339)
	at com.kms.katalon.core.main.TestCaseExecutor.doExecute(TestCaseExecutor.java:330)
	at com.kms.katalon.core.main.TestCaseExecutor.processExecutionPhase(TestCaseExecutor.java:309)
	at com.kms.katalon.core.main.TestCaseExecutor.accessMainPhase(TestCaseExecutor.java:301)
	at com.kms.katalon.core.main.TestCaseExecutor.execute(TestCaseExecutor.java:235)
	at com.kms.katalon.core.main.TestSuiteExecutor.accessTestCaseMainPhase(TestSuiteExecutor.java:191)
	at com.kms.katalon.core.main.TestSuiteExecutor.accessTestSuiteMainPhase(TestSuiteExecutor.java:141)
	at com.kms.katalon.core.main.TestSuiteExecutor.execute(TestSuiteExecutor.java:90)
	at com.kms.katalon.core.main.TestCaseMain.startTestSuite(TestCaseMain.java:157)
	at com.kms.katalon.core.main.TestCaseMain$startTestSuite$0.call(Unknown Source)
	at TempTestSuite1649228487552.run(TempTestSuite1649228487552.groovy:39)
Caused by: com.kms.katalon.core.exception.StepFailedException: com.kms.katalon.core.webui.exception.WebElementNotFoundException: Web element with id: 'Object Repository/Staging Objects/Page_diagnostics/span_Sample type' located by '//div[@id='tab-desc3']/div[2]/div[4]/span' not found
	at com.kms.katalon.core.webui.keyword.internal.WebUIKeywordMain.stepFailed(WebUIKeywordMain.groovy:64)
	at com.kms.katalon.core.webui.keyword.builtin.VerifyElementPresentKeyword$_verifyElementPresent_closure1.doCall(VerifyElementPresentKeyword.groovy:85)
	at com.kms.katalon.core.webui.keyword.builtin.VerifyElementPresentKeyword$_verifyElementPresent_closure1.call(VerifyElementPresentKeyword.groovy)
	at com.kms.katalon.core.webui.keyword.internal.WebUIKeywordMain.runKeyword(WebUIKeywordMain.groovy:20)
	... 19 more
)

2022-04-06 15:28:18 - [MESSAGE][WARNING] - Timeout '0' is invalid. Using default page load timeout: '30'

2022-04-06 15:28:49 - [MESSAGE][INFO] - Unable to find the element located by 'By.xpath: //div[@id='tab-desc3']/div[2]/div[4]/span'. Please recheck the objects properties to make sure the desired element is located. 

2022-04-06 15:28:49 - [MESSAGE][FAILED] - com.kms.katalon.core.webui.exception.WebElementNotFoundException: Web element with id: 'Object Repository/Staging Objects/Page_diagnostics/span_Sample type' located by '//div[@id='tab-desc3']/div[2]/div[4]/span' not found (Root cause: com.kms.katalon.core.exception.StepFailedException: com.kms.katalon.core.webui.exception.WebElementNotFoundException: Web element with id: 'Object Repository/Staging Objects/Page_diagnostics/span_Sample type' located by '//div[@id='tab-desc3']/div[2]/div[4]/span' not found
	at com.kms.katalon.core.webui.keyword.internal.WebUIKeywordMain.stepFailed(WebUIKeywordMain.groovy:64)
	at com.kms.katalon.core.webui.keyword.builtin.VerifyElementPresentKeyword$_verifyElementPresent_closure1.doCall(VerifyElementPresentKeyword.groovy:85)
	at com.kms.katalon.core.webui.keyword.builtin.VerifyElementPresentKeyword$_verifyElementPresent_closure1.call(VerifyElementPresentKeyword.groovy)
	at com.kms.katalon.core.webui.keyword.internal.WebUIKeywordMain.runKeyword(WebUIKeywordMain.groovy:20)
	at com.kms.katalon.core.webui.keyword.builtin.VerifyElementPresentKeyword.verifyElementPresent(VerifyElementPresentKeyword.groovy:92)
	at com.kms.katalon.core.webui.keyword.builtin.VerifyElementPresentKeyword.execute(VerifyElementPresentKeyword.groovy:68)
	at com.kms.katalon.core.keyword.internal.KeywordExecutor.executeKeywordForPlatform(KeywordExecutor.groovy:73)
	at com.kms.katalon.core.webui.keyword.WebUiBuiltInKeywords.verifyElementPresent(WebUiBuiltInKeywords.groovy:1461)
	at com.kms.katalon.core.webui.keyword.WebUiBuiltInKeywords$verifyElementPresent$9.call(Unknown Source)
	at TC_DETAILS_UI_040.run(TC_DETAILS_UI_040:22)
	at com.kms.katalon.core.main.ScriptEngine.run(ScriptEngine.java:194)
	at com.kms.katalon.core.main.ScriptEngine.runScriptAsRawText(ScriptEngine.java:119)
	at com.kms.katalon.core.main.TestCaseExecutor.runScript(TestCaseExecutor.java:339)
	at com.kms.katalon.core.main.TestCaseExecutor.doExecute(TestCaseExecutor.java:330)
	at com.kms.katalon.core.main.TestCaseExecutor.processExecutionPhase(TestCaseExecutor.java:309)
	at com.kms.katalon.core.main.TestCaseExecutor.accessMainPhase(TestCaseExecutor.java:301)
	at com.kms.katalon.core.main.TestCaseExecutor.execute(TestCaseExecutor.java:235)
	at com.kms.katalon.core.main.TestSuiteExecutor.accessTestCaseMainPhase(TestSuiteExecutor.java:191)
	at com.kms.katalon.core.main.TestSuiteExecutor.accessTestSuiteMainPhase(TestSuiteExecutor.java:141)
	at com.kms.katalon.core.main.TestSuiteExecutor.execute(TestSuiteExecutor.java:90)
	at com.kms.katalon.core.main.TestCaseMain.startTestSuite(TestCaseMain.java:157)
	at com.kms.katalon.core.main.TestCaseMain$startTestSuite$0.call(Unknown Source)
	at TempTestSuite1649228487552.run(TempTestSuite1649228487552.groovy:39)
)
[[ATTACHMENT|K:\\Work\\GitHub\\find-item-detail-test_v2\\Reports\\20220406_150127\\Item detail test\\20220406_150127\\1649230129355.png]]

2022-04-06 15:28:49 - [MESSAGE][FAILED] - Unable to verify object 'Object Repository/Staging Objects/Page_diagnostics/span_Sample type' is present (Root cause: com.kms.katalon.core.exception.StepFailedException: Unable to verify object 'Object Repository/Staging Objects/Page_diagnostics/span_Sample type' is present
	at com.kms.katalon.core.webui.keyword.internal.WebUIKeywordMain.stepFailed(WebUIKeywordMain.groovy:64)
	at com.kms.katalon.core.webui.keyword.internal.WebUIKeywordMain.runKeyword(WebUIKeywordMain.groovy:26)
	at com.kms.katalon.core.webui.keyword.builtin.VerifyElementPresentKeyword.verifyElementPresent(VerifyElementPresentKeyword.groovy:92)
	at com.kms.katalon.core.webui.keyword.builtin.VerifyElementPresentKeyword.execute(VerifyElementPresentKeyword.groovy:68)
	at com.kms.katalon.core.keyword.internal.KeywordExecutor.executeKeywordForPlatform(KeywordExecutor.groovy:73)
	at com.kms.katalon.core.webui.keyword.WebUiBuiltInKeywords.verifyElementPresent(WebUiBuiltInKeywords.groovy:1461)
	at com.kms.katalon.core.webui.keyword.WebUiBuiltInKeywords$verifyElementPresent$9.call(Unknown Source)
	at TC_DETAILS_UI_040.run(TC_DETAILS_UI_040:22)
	at com.kms.katalon.core.main.ScriptEngine.run(ScriptEngine.java:194)
	at com.kms.katalon.core.main.ScriptEngine.runScriptAsRawText(ScriptEngine.java:119)
	at com.kms.katalon.core.main.TestCaseExecutor.runScript(TestCaseExecutor.java:339)
	at com.kms.katalon.core.main.TestCaseExecutor.doExecute(TestCaseExecutor.java:330)
	at com.kms.katalon.core.main.TestCaseExecutor.processExecutionPhase(TestCaseExecutor.java:309)
	at com.kms.katalon.core.main.TestCaseExecutor.accessMainPhase(TestCaseExecutor.java:301)
	at com.kms.katalon.core.main.TestCaseExecutor.execute(TestCaseExecutor.java:235)
	at com.kms.katalon.core.main.TestSuiteExecutor.accessTestCaseMainPhase(TestSuiteExecutor.java:191)
	at com.kms.katalon.core.main.TestSuiteExecutor.accessTestSuiteMainPhase(TestSuiteExecutor.java:141)
	at com.kms.katalon.core.main.TestSuiteExecutor.execute(TestSuiteExecutor.java:90)
	at com.kms.katalon.core.main.TestCaseMain.startTestSuite(TestCaseMain.java:157)
	at com.kms.katalon.core.main.TestCaseMain$startTestSuite$0.call(Unknown Source)
	at TempTestSuite1649228487552.run(TempTestSuite1649228487552.groovy:39)
Caused by: com.kms.katalon.core.exception.StepFailedException: com.kms.katalon.core.webui.exception.WebElementNotFoundException: Web element with id: 'Object Repository/Staging Objects/Page_diagnostics/span_Sample type' located by '//div[@id='tab-desc3']/div[2]/div[4]/span' not found
	at com.kms.katalon.core.webui.keyword.internal.WebUIKeywordMain.stepFailed(WebUIKeywordMain.groovy:64)
	at com.kms.katalon.core.webui.keyword.builtin.VerifyElementPresentKeyword$_verifyElementPresent_closure1.doCall(VerifyElementPresentKeyword.groovy:85)
	at com.kms.katalon.core.webui.keyword.builtin.VerifyElementPresentKeyword$_verifyElementPresent_closure1.call(VerifyElementPresentKeyword.groovy)
	at com.kms.katalon.core.webui.keyword.internal.WebUIKeywordMain.runKeyword(WebUIKeywordMain.groovy:20)
	... 19 more
)
[[ATTACHMENT|K:\\Work\\GitHub\\find-item-detail-test_v2\\Reports\\20220406_150127\\Item detail test\\20220406_150127\\1649230129509.png]]]]></system-out>
         <system-err><![CDATA[2022-04-06 15:27:31 - [TEST_CASE][FAILED] - Test Cases/Custom Item Details/TEST CASE/TC_DETAILS_UI_040: Test Cases/Custom Item Details/TEST CASE/TC_DETAILS_UI_040 FAILED.
Reason:
com.kms.katalon.core.exception.StepFailedException: Unable to verify object 'Object Repository/Staging Objects/Page_diagnostics/span_Sample type' is present
	at com.kms.katalon.core.webui.keyword.internal.WebUIKeywordMain.stepFailed(WebUIKeywordMain.groovy:64)
	at com.kms.katalon.core.webui.keyword.internal.WebUIKeywordMain.runKeyword(WebUIKeywordMain.groovy:26)
	at com.kms.katalon.core.webui.keyword.builtin.VerifyElementPresentKeyword.verifyElementPresent(VerifyElementPresentKeyword.groovy:92)
	at com.kms.katalon.core.webui.keyword.builtin.VerifyElementPresentKeyword.execute(VerifyElementPresentKeyword.groovy:68)
	at com.kms.katalon.core.keyword.internal.KeywordExecutor.executeKeywordForPlatform(KeywordExecutor.groovy:73)
	at com.kms.katalon.core.webui.keyword.WebUiBuiltInKeywords.verifyElementPresent(WebUiBuiltInKeywords.groovy:1461)
	at com.kms.katalon.core.webui.keyword.WebUiBuiltInKeywords$verifyElementPresent$9.call(Unknown Source)
	at TC_DETAILS_UI_040.run(TC_DETAILS_UI_040:22)
	at com.kms.katalon.core.main.ScriptEngine.run(ScriptEngine.java:194)
	at com.kms.katalon.core.main.ScriptEngine.runScriptAsRawText(ScriptEngine.java:119)
	at com.kms.katalon.core.main.TestCaseExecutor.runScript(TestCaseExecutor.java:339)
	at com.kms.katalon.core.main.TestCaseExecutor.doExecute(TestCaseExecutor.java:330)
	at com.kms.katalon.core.main.TestCaseExecutor.processExecutionPhase(TestCaseExecutor.java:309)
	at com.kms.katalon.core.main.TestCaseExecutor.accessMainPhase(TestCaseExecutor.java:301)
	at com.kms.katalon.core.main.TestCaseExecutor.execute(TestCaseExecutor.java:235)
	at com.kms.katalon.core.main.TestSuiteExecutor.accessTestCaseMainPhase(TestSuiteExecutor.java:191)
	at com.kms.katalon.core.main.TestSuiteExecutor.accessTestSuiteMainPhase(TestSuiteExecutor.java:141)
	at com.kms.katalon.core.main.TestSuiteExecutor.execute(TestSuiteExecutor.java:90)
	at com.kms.katalon.core.main.TestCaseMain.startTestSuite(TestCaseMain.java:157)
	at com.kms.katalon.core.main.TestCaseMain$startTestSuite$0.call(Unknown Source)
	at TempTestSuite1649228487552.run(TempTestSuite1649228487552.groovy:39)
Caused by: com.kms.katalon.core.exception.StepFailedException: com.kms.katalon.core.webui.exception.WebElementNotFoundException: Web element with id: 'Object Repository/Staging Objects/Page_diagnostics/span_Sample type' located by '//div[@id='tab-desc3']/div[2]/div[4]/span' not found
	at com.kms.katalon.core.webui.keyword.internal.WebUIKeywordMain.stepFailed(WebUIKeywordMain.groovy:64)
	at com.kms.katalon.core.webui.keyword.builtin.VerifyElementPresentKeyword$_verifyElementPresent_closure1.doCall(VerifyElementPresentKeyword.groovy:85)
	at com.kms.katalon.core.webui.keyword.builtin.VerifyElementPresentKeyword$_verifyElementPresent_closure1.call(VerifyElementPresentKeyword.groovy)
	at com.kms.katalon.core.webui.keyword.internal.WebUIKeywordMain.runKeyword(WebUIKeywordMain.groovy:20)
	... 19 more]]></system-err>
      </testcase>
      <testcase name="Test Cases/Custom Item Details/TEST CASE/TC_DETAILS_UI_041" time="19.908" classname="Test Cases/Custom Item Details/TEST CASE/TC_DETAILS_UI_041" status="PASSED">
         <system-out><![CDATA[2022-04-06 15:28:49 - [TEST_CASE][PASSED] - Test Cases/Custom Item Details/TEST CASE/TC_DETAILS_UI_041: Test Cases/Custom Item Details/TEST CASE/TC_DETAILS_UI_041

2022-04-06 15:28:49 - [TEST_STEP][PASSED] - callTestCase(findTestCase("Custom Item Details/UTILITIES/OPEN_BROWSER"), [:], STOP_ON_FAILURE): Call Test Case 'Test Cases/Custom Item Details/UTILITIES/OPEN_BROWSER' successfully

2022-04-06 15:28:49 - [TEST_CASE][PASSED] - Test Cases/Custom Item Details/UTILITIES/OPEN_BROWSER: Test Cases/Custom Item Details/UTILITIES/OPEN_BROWSER

2022-04-06 15:28:49 - [TEST_STEP][PASSED] - openBrowser("https://diagnostics.staging.arcadier.io/"): Browser is opened with url: 'https://diagnostics.staging.arcadier.io/'

2022-04-06 15:28:49 - [MESSAGE][WARNING] - A browser is already opened. Closing browser and opening a new one

2022-04-06 15:28:50 - [MESSAGE][INFO] - Starting 'Chrome' driver

2022-04-06 15:28:50 - [MESSAGE][INFO] - Action delay is set to 0 milliseconds

2022-04-06 15:28:53 - [MESSAGE][PASSED] - Browser is opened with url: 'https://diagnostics.staging.arcadier.io/'

2022-04-06 15:28:53 - [TEST_STEP][PASSED] - maximizeWindow(): Current window maximized

2022-04-06 15:28:54 - [MESSAGE][PASSED] - Current window maximized

2022-04-06 15:28:54 - [TEST_STEP][PASSED] - click(findTestObject("Item Details Objects/Page_diagnostics/a_Accept Cookies")): Object: 'Object Repository/Item Details Objects/Page_diagnostics/a_Accept Cookies' is clicked on

2022-04-06 15:28:55 - [MESSAGE][PASSED] - Object: 'Object Repository/Item Details Objects/Page_diagnostics/a_Accept Cookies' is clicked on

2022-04-06 15:28:55 - [TEST_STEP][PASSED] - click(findTestObject("Staging Objects/Page_diagnostics/a_DIABETES DIAGNOSTICS"), STOP_ON_FAILURE): Object: 'Object Repository/Staging Objects/Page_diagnostics/a_DIABETES DIAGNOSTICS' is clicked on

2022-04-06 15:28:58 - [MESSAGE][PASSED] - Object: 'Object Repository/Staging Objects/Page_diagnostics/a_DIABETES DIAGNOSTICS' is clicked on

2022-04-06 15:28:58 - [TEST_STEP][PASSED] - mouseOver(findTestObject("Staging Objects/Page_diagnostics/a_CareSens N Eco Blood Glucose Meter")): Object: 'Object Repository/Staging Objects/Page_diagnostics/a_CareSens N Eco Blood Glucose Meter' is hovered

2022-04-06 15:29:02 - [MESSAGE][PASSED] - Object: 'Object Repository/Staging Objects/Page_diagnostics/a_CareSens N Eco Blood Glucose Meter' is hovered

2022-04-06 15:29:02 - [TEST_STEP][PASSED] - click(findTestObject("Staging Objects/Page_diagnostics/a_CareSens N Eco Blood Glucose Meter")): Object: 'Object Repository/Staging Objects/Page_diagnostics/a_CareSens N Eco Blood Glucose Meter' is clicked on

2022-04-06 15:29:07 - [MESSAGE][PASSED] - Object: 'Object Repository/Staging Objects/Page_diagnostics/a_CareSens N Eco Blood Glucose Meter' is clicked on

2022-04-06 15:29:07 - [MESSAGE][PASSED] - Call Test Case 'Test Cases/Custom Item Details/UTILITIES/OPEN_BROWSER' successfully

2022-04-06 15:29:07 - [TEST_STEP][PASSED] - waitForElementVisible(findTestObject("Staging Objects/Page_diagnostics/span_Storage conditions"), 0): Object 'Object Repository/Staging Objects/Page_diagnostics/span_Storage conditions' is visible

2022-04-06 15:29:07 - [MESSAGE][WARNING] - Timeout '0' is invalid. Using default page load timeout: '30'

2022-04-06 15:29:08 - [MESSAGE][PASSED] - Object 'Object Repository/Staging Objects/Page_diagnostics/span_Storage conditions' is visible

2022-04-06 15:29:08 - [TEST_STEP][PASSED] - verifyElementPresent(findTestObject("Staging Objects/Page_diagnostics/span_Storage conditions"), 0): Object 'Object Repository/Staging Objects/Page_diagnostics/span_Storage conditions' is present

2022-04-06 15:29:08 - [MESSAGE][WARNING] - Timeout '0' is invalid. Using default page load timeout: '30'

2022-04-06 15:29:08 - [MESSAGE][PASSED] - Object 'Object Repository/Staging Objects/Page_diagnostics/span_Storage conditions' is present

2022-04-06 15:29:08 - [TEST_STEP][PASSED] - callTestCase(findTestCase("Custom Item Details/UTILITIES/CLOSE_BROWSER"), [:], STOP_ON_FAILURE): Call Test Case 'Test Cases/Custom Item Details/UTILITIES/CLOSE_BROWSER' successfully

2022-04-06 15:29:08 - [TEST_CASE][PASSED] - Test Cases/Custom Item Details/UTILITIES/CLOSE_BROWSER: Test Cases/Custom Item Details/UTILITIES/CLOSE_BROWSER

2022-04-06 15:29:08 - [TEST_STEP][PASSED] - closeBrowser(): Browser is closed

2022-04-06 15:29:09 - [MESSAGE][PASSED] - Browser is closed

2022-04-06 15:29:09 - [MESSAGE][PASSED] - Call Test Case 'Test Cases/Custom Item Details/UTILITIES/CLOSE_BROWSER' successfully]]></system-out>
         <system-err><![CDATA[]]></system-err>
      </testcase>
      <testcase name="Test Cases/Custom Item Details/TEST CASE/TC_DETAILS_UI_042" time="17.67" classname="Test Cases/Custom Item Details/TEST CASE/TC_DETAILS_UI_042" status="PASSED">
         <system-out><![CDATA[2022-04-06 15:29:09 - [TEST_CASE][PASSED] - Test Cases/Custom Item Details/TEST CASE/TC_DETAILS_UI_042: Test Cases/Custom Item Details/TEST CASE/TC_DETAILS_UI_042

2022-04-06 15:29:09 - [TEST_STEP][PASSED] - callTestCase(findTestCase("Custom Item Details/UTILITIES/OPEN_BROWSER"), [:], STOP_ON_FAILURE): Call Test Case 'Test Cases/Custom Item Details/UTILITIES/OPEN_BROWSER' successfully

2022-04-06 15:29:09 - [TEST_CASE][PASSED] - Test Cases/Custom Item Details/UTILITIES/OPEN_BROWSER: Test Cases/Custom Item Details/UTILITIES/OPEN_BROWSER

2022-04-06 15:29:09 - [TEST_STEP][PASSED] - openBrowser("https://diagnostics.staging.arcadier.io/"): Browser is opened with url: 'https://diagnostics.staging.arcadier.io/'

2022-04-06 15:29:09 - [MESSAGE][INFO] - Starting 'Chrome' driver

2022-04-06 15:29:09 - [MESSAGE][INFO] - Action delay is set to 0 milliseconds

2022-04-06 15:29:12 - [MESSAGE][PASSED] - Browser is opened with url: 'https://diagnostics.staging.arcadier.io/'

2022-04-06 15:29:12 - [TEST_STEP][PASSED] - maximizeWindow(): Current window maximized

2022-04-06 15:29:13 - [MESSAGE][PASSED] - Current window maximized

2022-04-06 15:29:13 - [TEST_STEP][PASSED] - click(findTestObject("Item Details Objects/Page_diagnostics/a_Accept Cookies")): Object: 'Object Repository/Item Details Objects/Page_diagnostics/a_Accept Cookies' is clicked on

2022-04-06 15:29:14 - [MESSAGE][PASSED] - Object: 'Object Repository/Item Details Objects/Page_diagnostics/a_Accept Cookies' is clicked on

2022-04-06 15:29:14 - [TEST_STEP][PASSED] - click(findTestObject("Staging Objects/Page_diagnostics/a_DIABETES DIAGNOSTICS"), STOP_ON_FAILURE): Object: 'Object Repository/Staging Objects/Page_diagnostics/a_DIABETES DIAGNOSTICS' is clicked on

2022-04-06 15:29:15 - [MESSAGE][PASSED] - Object: 'Object Repository/Staging Objects/Page_diagnostics/a_DIABETES DIAGNOSTICS' is clicked on

2022-04-06 15:29:15 - [TEST_STEP][PASSED] - mouseOver(findTestObject("Staging Objects/Page_diagnostics/a_CareSens N Eco Blood Glucose Meter")): Object: 'Object Repository/Staging Objects/Page_diagnostics/a_CareSens N Eco Blood Glucose Meter' is hovered

2022-04-06 15:29:19 - [MESSAGE][PASSED] - Object: 'Object Repository/Staging Objects/Page_diagnostics/a_CareSens N Eco Blood Glucose Meter' is hovered

2022-04-06 15:29:19 - [TEST_STEP][PASSED] - click(findTestObject("Staging Objects/Page_diagnostics/a_CareSens N Eco Blood Glucose Meter")): Object: 'Object Repository/Staging Objects/Page_diagnostics/a_CareSens N Eco Blood Glucose Meter' is clicked on

2022-04-06 15:29:24 - [MESSAGE][PASSED] - Object: 'Object Repository/Staging Objects/Page_diagnostics/a_CareSens N Eco Blood Glucose Meter' is clicked on

2022-04-06 15:29:24 - [MESSAGE][PASSED] - Call Test Case 'Test Cases/Custom Item Details/UTILITIES/OPEN_BROWSER' successfully

2022-04-06 15:29:24 - [TEST_STEP][PASSED] - waitForElementVisible(findTestObject("Staging Objects/Page_diagnostics/span_Technology principle"), 0): Object 'Object Repository/Staging Objects/Page_diagnostics/span_Technology principle' is visible

2022-04-06 15:29:24 - [MESSAGE][WARNING] - Timeout '0' is invalid. Using default page load timeout: '30'

2022-04-06 15:29:26 - [MESSAGE][PASSED] - Object 'Object Repository/Staging Objects/Page_diagnostics/span_Technology principle' is visible

2022-04-06 15:29:26 - [TEST_STEP][PASSED] - verifyElementPresent(findTestObject("Staging Objects/Page_diagnostics/span_Technology principle"), 0): Object 'Object Repository/Staging Objects/Page_diagnostics/span_Technology principle' is present

2022-04-06 15:29:26 - [MESSAGE][WARNING] - Timeout '0' is invalid. Using default page load timeout: '30'

2022-04-06 15:29:26 - [MESSAGE][PASSED] - Object 'Object Repository/Staging Objects/Page_diagnostics/span_Technology principle' is present

2022-04-06 15:29:26 - [TEST_STEP][PASSED] - callTestCase(findTestCase("Custom Item Details/UTILITIES/CLOSE_BROWSER"), [:], STOP_ON_FAILURE): Call Test Case 'Test Cases/Custom Item Details/UTILITIES/CLOSE_BROWSER' successfully

2022-04-06 15:29:26 - [TEST_CASE][PASSED] - Test Cases/Custom Item Details/UTILITIES/CLOSE_BROWSER: Test Cases/Custom Item Details/UTILITIES/CLOSE_BROWSER

2022-04-06 15:29:26 - [TEST_STEP][PASSED] - closeBrowser(): Browser is closed

2022-04-06 15:29:27 - [MESSAGE][PASSED] - Browser is closed

2022-04-06 15:29:27 - [MESSAGE][PASSED] - Call Test Case 'Test Cases/Custom Item Details/UTILITIES/CLOSE_BROWSER' successfully]]></system-out>
         <system-err><![CDATA[]]></system-err>
      </testcase>
      <testcase name="Test Cases/Custom Item Details/TEST CASE/TC_DETAILS_UI_043" time="78.835" classname="Test Cases/Custom Item Details/TEST CASE/TC_DETAILS_UI_043" status="FAILED">
         <failure type="FAILED" message="Test Cases/Custom Item Details/TEST CASE/TC_DETAILS_UI_043 FAILED.
Reason:
com.kms.katalon.core.exception.StepFailedException: Unable to verify object 'Object Repository/Staging Objects/Page_diagnostics/span_Test strip ejector' is present
	at com.kms.katalon.core.webui.keyword.internal.WebUIKeywordMain.stepFailed(WebUIKeywordMain.groovy:64)
	at com.kms.katalon.core.webui.keyword.internal.WebUIKeywordMain.runKeyword(WebUIKeywordMain.groovy:26)
	at com.kms.katalon.core.webui.keyword.builtin.VerifyElementPresentKeyword.verifyElementPresent(VerifyElementPresentKeyword.groovy:92)
	at com.kms.katalon.core.webui.keyword.builtin.VerifyElementPresentKeyword.execute(VerifyElementPresentKeyword.groovy:68)
	at com.kms.katalon.core.keyword.internal.KeywordExecutor.executeKeywordForPlatform(KeywordExecutor.groovy:73)
	at com.kms.katalon.core.webui.keyword.WebUiBuiltInKeywords.verifyElementPresent(WebUiBuiltInKeywords.groovy:1461)
	at com.kms.katalon.core.webui.keyword.WebUiBuiltInKeywords$verifyElementPresent$9.call(Unknown Source)
	at TC_DETAILS_UI_043.run(TC_DETAILS_UI_043:22)
	at com.kms.katalon.core.main.ScriptEngine.run(ScriptEngine.java:194)
	at com.kms.katalon.core.main.ScriptEngine.runScriptAsRawText(ScriptEngine.java:119)
	at com.kms.katalon.core.main.TestCaseExecutor.runScript(TestCaseExecutor.java:339)
	at com.kms.katalon.core.main.TestCaseExecutor.doExecute(TestCaseExecutor.java:330)
	at com.kms.katalon.core.main.TestCaseExecutor.processExecutionPhase(TestCaseExecutor.java:309)
	at com.kms.katalon.core.main.TestCaseExecutor.accessMainPhase(TestCaseExecutor.java:301)
	at com.kms.katalon.core.main.TestCaseExecutor.execute(TestCaseExecutor.java:235)
	at com.kms.katalon.core.main.TestSuiteExecutor.accessTestCaseMainPhase(TestSuiteExecutor.java:191)
	at com.kms.katalon.core.main.TestSuiteExecutor.accessTestSuiteMainPhase(TestSuiteExecutor.java:141)
	at com.kms.katalon.core.main.TestSuiteExecutor.execute(TestSuiteExecutor.java:90)
	at com.kms.katalon.core.main.TestCaseMain.startTestSuite(TestCaseMain.java:157)
	at com.kms.katalon.core.main.TestCaseMain$startTestSuite$0.call(Unknown Source)
	at TempTestSuite1649228487552.run(TempTestSuite1649228487552.groovy:39)
Caused by: com.kms.katalon.core.exception.StepFailedException: com.kms.katalon.core.webui.exception.WebElementNotFoundException: Web element with id: 'Object Repository/Staging Objects/Page_diagnostics/span_Test strip ejector' located by '//div[@id='tab-desc3']/div[2]/div[10]/span' not found
	at com.kms.katalon.core.webui.keyword.internal.WebUIKeywordMain.stepFailed(WebUIKeywordMain.groovy:64)
	at com.kms.katalon.core.webui.keyword.builtin.VerifyElementPresentKeyword$_verifyElementPresent_closure1.doCall(VerifyElementPresentKeyword.groovy:85)
	at com.kms.katalon.core.webui.keyword.builtin.VerifyElementPresentKeyword$_verifyElementPresent_closure1.call(VerifyElementPresentKeyword.groovy)
	at com.kms.katalon.core.webui.keyword.internal.WebUIKeywordMain.runKeyword(WebUIKeywordMain.groovy:20)
	... 19 more
"/>
         <system-out><![CDATA[2022-04-06 15:29:27 - [TEST_CASE][FAILED] - Test Cases/Custom Item Details/TEST CASE/TC_DETAILS_UI_043: Test Cases/Custom Item Details/TEST CASE/TC_DETAILS_UI_043 FAILED.
Reason:
com.kms.katalon.core.exception.StepFailedException: Unable to verify object 'Object Repository/Staging Objects/Page_diagnostics/span_Test strip ejector' is present
	at com.kms.katalon.core.webui.keyword.internal.WebUIKeywordMain.stepFailed(WebUIKeywordMain.groovy:64)
	at com.kms.katalon.core.webui.keyword.internal.WebUIKeywordMain.runKeyword(WebUIKeywordMain.groovy:26)
	at com.kms.katalon.core.webui.keyword.builtin.VerifyElementPresentKeyword.verifyElementPresent(VerifyElementPresentKeyword.groovy:92)
	at com.kms.katalon.core.webui.keyword.builtin.VerifyElementPresentKeyword.execute(VerifyElementPresentKeyword.groovy:68)
	at com.kms.katalon.core.keyword.internal.KeywordExecutor.executeKeywordForPlatform(KeywordExecutor.groovy:73)
	at com.kms.katalon.core.webui.keyword.WebUiBuiltInKeywords.verifyElementPresent(WebUiBuiltInKeywords.groovy:1461)
	at com.kms.katalon.core.webui.keyword.WebUiBuiltInKeywords$verifyElementPresent$9.call(Unknown Source)
	at TC_DETAILS_UI_043.run(TC_DETAILS_UI_043:22)
	at com.kms.katalon.core.main.ScriptEngine.run(ScriptEngine.java:194)
	at com.kms.katalon.core.main.ScriptEngine.runScriptAsRawText(ScriptEngine.java:119)
	at com.kms.katalon.core.main.TestCaseExecutor.runScript(TestCaseExecutor.java:339)
	at com.kms.katalon.core.main.TestCaseExecutor.doExecute(TestCaseExecutor.java:330)
	at com.kms.katalon.core.main.TestCaseExecutor.processExecutionPhase(TestCaseExecutor.java:309)
	at com.kms.katalon.core.main.TestCaseExecutor.accessMainPhase(TestCaseExecutor.java:301)
	at com.kms.katalon.core.main.TestCaseExecutor.execute(TestCaseExecutor.java:235)
	at com.kms.katalon.core.main.TestSuiteExecutor.accessTestCaseMainPhase(TestSuiteExecutor.java:191)
	at com.kms.katalon.core.main.TestSuiteExecutor.accessTestSuiteMainPhase(TestSuiteExecutor.java:141)
	at com.kms.katalon.core.main.TestSuiteExecutor.execute(TestSuiteExecutor.java:90)
	at com.kms.katalon.core.main.TestCaseMain.startTestSuite(TestCaseMain.java:157)
	at com.kms.katalon.core.main.TestCaseMain$startTestSuite$0.call(Unknown Source)
	at TempTestSuite1649228487552.run(TempTestSuite1649228487552.groovy:39)
Caused by: com.kms.katalon.core.exception.StepFailedException: com.kms.katalon.core.webui.exception.WebElementNotFoundException: Web element with id: 'Object Repository/Staging Objects/Page_diagnostics/span_Test strip ejector' located by '//div[@id='tab-desc3']/div[2]/div[10]/span' not found
	at com.kms.katalon.core.webui.keyword.internal.WebUIKeywordMain.stepFailed(WebUIKeywordMain.groovy:64)
	at com.kms.katalon.core.webui.keyword.builtin.VerifyElementPresentKeyword$_verifyElementPresent_closure1.doCall(VerifyElementPresentKeyword.groovy:85)
	at com.kms.katalon.core.webui.keyword.builtin.VerifyElementPresentKeyword$_verifyElementPresent_closure1.call(VerifyElementPresentKeyword.groovy)
	at com.kms.katalon.core.webui.keyword.internal.WebUIKeywordMain.runKeyword(WebUIKeywordMain.groovy:20)
	... 19 more


2022-04-06 15:29:27 - [TEST_STEP][PASSED] - callTestCase(findTestCase("Custom Item Details/UTILITIES/OPEN_BROWSER"), [:], STOP_ON_FAILURE): Call Test Case 'Test Cases/Custom Item Details/UTILITIES/OPEN_BROWSER' successfully

2022-04-06 15:29:27 - [TEST_CASE][PASSED] - Test Cases/Custom Item Details/UTILITIES/OPEN_BROWSER: Test Cases/Custom Item Details/UTILITIES/OPEN_BROWSER

2022-04-06 15:29:27 - [TEST_STEP][PASSED] - openBrowser("https://diagnostics.staging.arcadier.io/"): Browser is opened with url: 'https://diagnostics.staging.arcadier.io/'

2022-04-06 15:29:27 - [MESSAGE][INFO] - Starting 'Chrome' driver

2022-04-06 15:29:27 - [MESSAGE][INFO] - Action delay is set to 0 milliseconds

2022-04-06 15:29:30 - [MESSAGE][PASSED] - Browser is opened with url: 'https://diagnostics.staging.arcadier.io/'

2022-04-06 15:29:30 - [TEST_STEP][PASSED] - maximizeWindow(): Current window maximized

2022-04-06 15:29:30 - [MESSAGE][PASSED] - Current window maximized

2022-04-06 15:29:30 - [TEST_STEP][PASSED] - click(findTestObject("Item Details Objects/Page_diagnostics/a_Accept Cookies")): Object: 'Object Repository/Item Details Objects/Page_diagnostics/a_Accept Cookies' is clicked on

2022-04-06 15:29:32 - [MESSAGE][PASSED] - Object: 'Object Repository/Item Details Objects/Page_diagnostics/a_Accept Cookies' is clicked on

2022-04-06 15:29:32 - [TEST_STEP][PASSED] - click(findTestObject("Staging Objects/Page_diagnostics/a_DIABETES DIAGNOSTICS"), STOP_ON_FAILURE): Object: 'Object Repository/Staging Objects/Page_diagnostics/a_DIABETES DIAGNOSTICS' is clicked on

2022-04-06 15:29:34 - [MESSAGE][PASSED] - Object: 'Object Repository/Staging Objects/Page_diagnostics/a_DIABETES DIAGNOSTICS' is clicked on

2022-04-06 15:29:34 - [TEST_STEP][PASSED] - mouseOver(findTestObject("Staging Objects/Page_diagnostics/a_CareSens N Eco Blood Glucose Meter")): Object: 'Object Repository/Staging Objects/Page_diagnostics/a_CareSens N Eco Blood Glucose Meter' is hovered

2022-04-06 15:29:38 - [MESSAGE][PASSED] - Object: 'Object Repository/Staging Objects/Page_diagnostics/a_CareSens N Eco Blood Glucose Meter' is hovered

2022-04-06 15:29:38 - [TEST_STEP][PASSED] - click(findTestObject("Staging Objects/Page_diagnostics/a_CareSens N Eco Blood Glucose Meter")): Object: 'Object Repository/Staging Objects/Page_diagnostics/a_CareSens N Eco Blood Glucose Meter' is clicked on

2022-04-06 15:29:43 - [MESSAGE][PASSED] - Object: 'Object Repository/Staging Objects/Page_diagnostics/a_CareSens N Eco Blood Glucose Meter' is clicked on

2022-04-06 15:29:43 - [MESSAGE][PASSED] - Call Test Case 'Test Cases/Custom Item Details/UTILITIES/OPEN_BROWSER' successfully

2022-04-06 15:29:43 - [TEST_STEP][PASSED] - waitForElementVisible(findTestObject("Staging Objects/Page_diagnostics/span_Test strip ejector"), 0): Web element with id: 'Object Repository/Staging Objects/Page_diagnostics/span_Test strip ejector' located by '//div[@id='tab-desc3']/div[2]/div[10]/span' not found

2022-04-06 15:29:43 - [MESSAGE][WARNING] - Timeout '0' is invalid. Using default page load timeout: '30'

2022-04-06 15:30:14 - [MESSAGE][INFO] - Unable to find the element located by 'By.xpath: //div[@id='tab-desc3']/div[2]/div[10]/span'. Please recheck the objects properties to make sure the desired element is located. 

2022-04-06 15:30:14 - [MESSAGE][WARNING] - Web element with id: 'Object Repository/Staging Objects/Page_diagnostics/span_Test strip ejector' located by '//div[@id='tab-desc3']/div[2]/div[10]/span' not found

2022-04-06 15:30:14 - [TEST_STEP][FAILED] - verifyElementPresent(findTestObject("Staging Objects/Page_diagnostics/span_Test strip ejector"), 0): Unable to verify object 'Object Repository/Staging Objects/Page_diagnostics/span_Test strip ejector' is present (Root cause: com.kms.katalon.core.exception.StepFailedException: Unable to verify object 'Object Repository/Staging Objects/Page_diagnostics/span_Test strip ejector' is present
	at com.kms.katalon.core.webui.keyword.internal.WebUIKeywordMain.stepFailed(WebUIKeywordMain.groovy:64)
	at com.kms.katalon.core.webui.keyword.internal.WebUIKeywordMain.runKeyword(WebUIKeywordMain.groovy:26)
	at com.kms.katalon.core.webui.keyword.builtin.VerifyElementPresentKeyword.verifyElementPresent(VerifyElementPresentKeyword.groovy:92)
	at com.kms.katalon.core.webui.keyword.builtin.VerifyElementPresentKeyword.execute(VerifyElementPresentKeyword.groovy:68)
	at com.kms.katalon.core.keyword.internal.KeywordExecutor.executeKeywordForPlatform(KeywordExecutor.groovy:73)
	at com.kms.katalon.core.webui.keyword.WebUiBuiltInKeywords.verifyElementPresent(WebUiBuiltInKeywords.groovy:1461)
	at com.kms.katalon.core.webui.keyword.WebUiBuiltInKeywords$verifyElementPresent$9.call(Unknown Source)
	at TC_DETAILS_UI_043.run(TC_DETAILS_UI_043:22)
	at com.kms.katalon.core.main.ScriptEngine.run(ScriptEngine.java:194)
	at com.kms.katalon.core.main.ScriptEngine.runScriptAsRawText(ScriptEngine.java:119)
	at com.kms.katalon.core.main.TestCaseExecutor.runScript(TestCaseExecutor.java:339)
	at com.kms.katalon.core.main.TestCaseExecutor.doExecute(TestCaseExecutor.java:330)
	at com.kms.katalon.core.main.TestCaseExecutor.processExecutionPhase(TestCaseExecutor.java:309)
	at com.kms.katalon.core.main.TestCaseExecutor.accessMainPhase(TestCaseExecutor.java:301)
	at com.kms.katalon.core.main.TestCaseExecutor.execute(TestCaseExecutor.java:235)
	at com.kms.katalon.core.main.TestSuiteExecutor.accessTestCaseMainPhase(TestSuiteExecutor.java:191)
	at com.kms.katalon.core.main.TestSuiteExecutor.accessTestSuiteMainPhase(TestSuiteExecutor.java:141)
	at com.kms.katalon.core.main.TestSuiteExecutor.execute(TestSuiteExecutor.java:90)
	at com.kms.katalon.core.main.TestCaseMain.startTestSuite(TestCaseMain.java:157)
	at com.kms.katalon.core.main.TestCaseMain$startTestSuite$0.call(Unknown Source)
	at TempTestSuite1649228487552.run(TempTestSuite1649228487552.groovy:39)
Caused by: com.kms.katalon.core.exception.StepFailedException: com.kms.katalon.core.webui.exception.WebElementNotFoundException: Web element with id: 'Object Repository/Staging Objects/Page_diagnostics/span_Test strip ejector' located by '//div[@id='tab-desc3']/div[2]/div[10]/span' not found
	at com.kms.katalon.core.webui.keyword.internal.WebUIKeywordMain.stepFailed(WebUIKeywordMain.groovy:64)
	at com.kms.katalon.core.webui.keyword.builtin.VerifyElementPresentKeyword$_verifyElementPresent_closure1.doCall(VerifyElementPresentKeyword.groovy:85)
	at com.kms.katalon.core.webui.keyword.builtin.VerifyElementPresentKeyword$_verifyElementPresent_closure1.call(VerifyElementPresentKeyword.groovy)
	at com.kms.katalon.core.webui.keyword.internal.WebUIKeywordMain.runKeyword(WebUIKeywordMain.groovy:20)
	... 19 more
)

2022-04-06 15:30:14 - [MESSAGE][WARNING] - Timeout '0' is invalid. Using default page load timeout: '30'

2022-04-06 15:30:45 - [MESSAGE][INFO] - Unable to find the element located by 'By.xpath: //div[@id='tab-desc3']/div[2]/div[10]/span'. Please recheck the objects properties to make sure the desired element is located. 

2022-04-06 15:30:45 - [MESSAGE][FAILED] - com.kms.katalon.core.webui.exception.WebElementNotFoundException: Web element with id: 'Object Repository/Staging Objects/Page_diagnostics/span_Test strip ejector' located by '//div[@id='tab-desc3']/div[2]/div[10]/span' not found (Root cause: com.kms.katalon.core.exception.StepFailedException: com.kms.katalon.core.webui.exception.WebElementNotFoundException: Web element with id: 'Object Repository/Staging Objects/Page_diagnostics/span_Test strip ejector' located by '//div[@id='tab-desc3']/div[2]/div[10]/span' not found
	at com.kms.katalon.core.webui.keyword.internal.WebUIKeywordMain.stepFailed(WebUIKeywordMain.groovy:64)
	at com.kms.katalon.core.webui.keyword.builtin.VerifyElementPresentKeyword$_verifyElementPresent_closure1.doCall(VerifyElementPresentKeyword.groovy:85)
	at com.kms.katalon.core.webui.keyword.builtin.VerifyElementPresentKeyword$_verifyElementPresent_closure1.call(VerifyElementPresentKeyword.groovy)
	at com.kms.katalon.core.webui.keyword.internal.WebUIKeywordMain.runKeyword(WebUIKeywordMain.groovy:20)
	at com.kms.katalon.core.webui.keyword.builtin.VerifyElementPresentKeyword.verifyElementPresent(VerifyElementPresentKeyword.groovy:92)
	at com.kms.katalon.core.webui.keyword.builtin.VerifyElementPresentKeyword.execute(VerifyElementPresentKeyword.groovy:68)
	at com.kms.katalon.core.keyword.internal.KeywordExecutor.executeKeywordForPlatform(KeywordExecutor.groovy:73)
	at com.kms.katalon.core.webui.keyword.WebUiBuiltInKeywords.verifyElementPresent(WebUiBuiltInKeywords.groovy:1461)
	at com.kms.katalon.core.webui.keyword.WebUiBuiltInKeywords$verifyElementPresent$9.call(Unknown Source)
	at TC_DETAILS_UI_043.run(TC_DETAILS_UI_043:22)
	at com.kms.katalon.core.main.ScriptEngine.run(ScriptEngine.java:194)
	at com.kms.katalon.core.main.ScriptEngine.runScriptAsRawText(ScriptEngine.java:119)
	at com.kms.katalon.core.main.TestCaseExecutor.runScript(TestCaseExecutor.java:339)
	at com.kms.katalon.core.main.TestCaseExecutor.doExecute(TestCaseExecutor.java:330)
	at com.kms.katalon.core.main.TestCaseExecutor.processExecutionPhase(TestCaseExecutor.java:309)
	at com.kms.katalon.core.main.TestCaseExecutor.accessMainPhase(TestCaseExecutor.java:301)
	at com.kms.katalon.core.main.TestCaseExecutor.execute(TestCaseExecutor.java:235)
	at com.kms.katalon.core.main.TestSuiteExecutor.accessTestCaseMainPhase(TestSuiteExecutor.java:191)
	at com.kms.katalon.core.main.TestSuiteExecutor.accessTestSuiteMainPhase(TestSuiteExecutor.java:141)
	at com.kms.katalon.core.main.TestSuiteExecutor.execute(TestSuiteExecutor.java:90)
	at com.kms.katalon.core.main.TestCaseMain.startTestSuite(TestCaseMain.java:157)
	at com.kms.katalon.core.main.TestCaseMain$startTestSuite$0.call(Unknown Source)
	at TempTestSuite1649228487552.run(TempTestSuite1649228487552.groovy:39)
)
[[ATTACHMENT|K:\\Work\\GitHub\\find-item-detail-test_v2\\Reports\\20220406_150127\\Item detail test\\20220406_150127\\1649230245778.png]]

2022-04-06 15:30:46 - [MESSAGE][FAILED] - Unable to verify object 'Object Repository/Staging Objects/Page_diagnostics/span_Test strip ejector' is present (Root cause: com.kms.katalon.core.exception.StepFailedException: Unable to verify object 'Object Repository/Staging Objects/Page_diagnostics/span_Test strip ejector' is present
	at com.kms.katalon.core.webui.keyword.internal.WebUIKeywordMain.stepFailed(WebUIKeywordMain.groovy:64)
	at com.kms.katalon.core.webui.keyword.internal.WebUIKeywordMain.runKeyword(WebUIKeywordMain.groovy:26)
	at com.kms.katalon.core.webui.keyword.builtin.VerifyElementPresentKeyword.verifyElementPresent(VerifyElementPresentKeyword.groovy:92)
	at com.kms.katalon.core.webui.keyword.builtin.VerifyElementPresentKeyword.execute(VerifyElementPresentKeyword.groovy:68)
	at com.kms.katalon.core.keyword.internal.KeywordExecutor.executeKeywordForPlatform(KeywordExecutor.groovy:73)
	at com.kms.katalon.core.webui.keyword.WebUiBuiltInKeywords.verifyElementPresent(WebUiBuiltInKeywords.groovy:1461)
	at com.kms.katalon.core.webui.keyword.WebUiBuiltInKeywords$verifyElementPresent$9.call(Unknown Source)
	at TC_DETAILS_UI_043.run(TC_DETAILS_UI_043:22)
	at com.kms.katalon.core.main.ScriptEngine.run(ScriptEngine.java:194)
	at com.kms.katalon.core.main.ScriptEngine.runScriptAsRawText(ScriptEngine.java:119)
	at com.kms.katalon.core.main.TestCaseExecutor.runScript(TestCaseExecutor.java:339)
	at com.kms.katalon.core.main.TestCaseExecutor.doExecute(TestCaseExecutor.java:330)
	at com.kms.katalon.core.main.TestCaseExecutor.processExecutionPhase(TestCaseExecutor.java:309)
	at com.kms.katalon.core.main.TestCaseExecutor.accessMainPhase(TestCaseExecutor.java:301)
	at com.kms.katalon.core.main.TestCaseExecutor.execute(TestCaseExecutor.java:235)
	at com.kms.katalon.core.main.TestSuiteExecutor.accessTestCaseMainPhase(TestSuiteExecutor.java:191)
	at com.kms.katalon.core.main.TestSuiteExecutor.accessTestSuiteMainPhase(TestSuiteExecutor.java:141)
	at com.kms.katalon.core.main.TestSuiteExecutor.execute(TestSuiteExecutor.java:90)
	at com.kms.katalon.core.main.TestCaseMain.startTestSuite(TestCaseMain.java:157)
	at com.kms.katalon.core.main.TestCaseMain$startTestSuite$0.call(Unknown Source)
	at TempTestSuite1649228487552.run(TempTestSuite1649228487552.groovy:39)
Caused by: com.kms.katalon.core.exception.StepFailedException: com.kms.katalon.core.webui.exception.WebElementNotFoundException: Web element with id: 'Object Repository/Staging Objects/Page_diagnostics/span_Test strip ejector' located by '//div[@id='tab-desc3']/div[2]/div[10]/span' not found
	at com.kms.katalon.core.webui.keyword.internal.WebUIKeywordMain.stepFailed(WebUIKeywordMain.groovy:64)
	at com.kms.katalon.core.webui.keyword.builtin.VerifyElementPresentKeyword$_verifyElementPresent_closure1.doCall(VerifyElementPresentKeyword.groovy:85)
	at com.kms.katalon.core.webui.keyword.builtin.VerifyElementPresentKeyword$_verifyElementPresent_closure1.call(VerifyElementPresentKeyword.groovy)
	at com.kms.katalon.core.webui.keyword.internal.WebUIKeywordMain.runKeyword(WebUIKeywordMain.groovy:20)
	... 19 more
)
[[ATTACHMENT|K:\\Work\\GitHub\\find-item-detail-test_v2\\Reports\\20220406_150127\\Item detail test\\20220406_150127\\1649230245927.png]]]]></system-out>
         <system-err><![CDATA[2022-04-06 15:29:27 - [TEST_CASE][FAILED] - Test Cases/Custom Item Details/TEST CASE/TC_DETAILS_UI_043: Test Cases/Custom Item Details/TEST CASE/TC_DETAILS_UI_043 FAILED.
Reason:
com.kms.katalon.core.exception.StepFailedException: Unable to verify object 'Object Repository/Staging Objects/Page_diagnostics/span_Test strip ejector' is present
	at com.kms.katalon.core.webui.keyword.internal.WebUIKeywordMain.stepFailed(WebUIKeywordMain.groovy:64)
	at com.kms.katalon.core.webui.keyword.internal.WebUIKeywordMain.runKeyword(WebUIKeywordMain.groovy:26)
	at com.kms.katalon.core.webui.keyword.builtin.VerifyElementPresentKeyword.verifyElementPresent(VerifyElementPresentKeyword.groovy:92)
	at com.kms.katalon.core.webui.keyword.builtin.VerifyElementPresentKeyword.execute(VerifyElementPresentKeyword.groovy:68)
	at com.kms.katalon.core.keyword.internal.KeywordExecutor.executeKeywordForPlatform(KeywordExecutor.groovy:73)
	at com.kms.katalon.core.webui.keyword.WebUiBuiltInKeywords.verifyElementPresent(WebUiBuiltInKeywords.groovy:1461)
	at com.kms.katalon.core.webui.keyword.WebUiBuiltInKeywords$verifyElementPresent$9.call(Unknown Source)
	at TC_DETAILS_UI_043.run(TC_DETAILS_UI_043:22)
	at com.kms.katalon.core.main.ScriptEngine.run(ScriptEngine.java:194)
	at com.kms.katalon.core.main.ScriptEngine.runScriptAsRawText(ScriptEngine.java:119)
	at com.kms.katalon.core.main.TestCaseExecutor.runScript(TestCaseExecutor.java:339)
	at com.kms.katalon.core.main.TestCaseExecutor.doExecute(TestCaseExecutor.java:330)
	at com.kms.katalon.core.main.TestCaseExecutor.processExecutionPhase(TestCaseExecutor.java:309)
	at com.kms.katalon.core.main.TestCaseExecutor.accessMainPhase(TestCaseExecutor.java:301)
	at com.kms.katalon.core.main.TestCaseExecutor.execute(TestCaseExecutor.java:235)
	at com.kms.katalon.core.main.TestSuiteExecutor.accessTestCaseMainPhase(TestSuiteExecutor.java:191)
	at com.kms.katalon.core.main.TestSuiteExecutor.accessTestSuiteMainPhase(TestSuiteExecutor.java:141)
	at com.kms.katalon.core.main.TestSuiteExecutor.execute(TestSuiteExecutor.java:90)
	at com.kms.katalon.core.main.TestCaseMain.startTestSuite(TestCaseMain.java:157)
	at com.kms.katalon.core.main.TestCaseMain$startTestSuite$0.call(Unknown Source)
	at TempTestSuite1649228487552.run(TempTestSuite1649228487552.groovy:39)
Caused by: com.kms.katalon.core.exception.StepFailedException: com.kms.katalon.core.webui.exception.WebElementNotFoundException: Web element with id: 'Object Repository/Staging Objects/Page_diagnostics/span_Test strip ejector' located by '//div[@id='tab-desc3']/div[2]/div[10]/span' not found
	at com.kms.katalon.core.webui.keyword.internal.WebUIKeywordMain.stepFailed(WebUIKeywordMain.groovy:64)
	at com.kms.katalon.core.webui.keyword.builtin.VerifyElementPresentKeyword$_verifyElementPresent_closure1.doCall(VerifyElementPresentKeyword.groovy:85)
	at com.kms.katalon.core.webui.keyword.builtin.VerifyElementPresentKeyword$_verifyElementPresent_closure1.call(VerifyElementPresentKeyword.groovy)
	at com.kms.katalon.core.webui.keyword.internal.WebUIKeywordMain.runKeyword(WebUIKeywordMain.groovy:20)
	... 19 more]]></system-err>
      </testcase>
      <testcase name="Test Cases/Custom Item Details/TEST CASE/TC_DETAILS_UI_044" time="80.363" classname="Test Cases/Custom Item Details/TEST CASE/TC_DETAILS_UI_044" status="FAILED">
         <failure type="FAILED" message="Test Cases/Custom Item Details/TEST CASE/TC_DETAILS_UI_044 FAILED.
Reason:
com.kms.katalon.core.exception.StepFailedException: Unable to verify object 'Object Repository/Staging Objects/Page_diagnostics/span_Transportation' is present
	at com.kms.katalon.core.webui.keyword.internal.WebUIKeywordMain.stepFailed(WebUIKeywordMain.groovy:64)
	at com.kms.katalon.core.webui.keyword.internal.WebUIKeywordMain.runKeyword(WebUIKeywordMain.groovy:26)
	at com.kms.katalon.core.webui.keyword.builtin.VerifyElementPresentKeyword.verifyElementPresent(VerifyElementPresentKeyword.groovy:92)
	at com.kms.katalon.core.webui.keyword.builtin.VerifyElementPresentKeyword.execute(VerifyElementPresentKeyword.groovy:68)
	at com.kms.katalon.core.keyword.internal.KeywordExecutor.executeKeywordForPlatform(KeywordExecutor.groovy:73)
	at com.kms.katalon.core.webui.keyword.WebUiBuiltInKeywords.verifyElementPresent(WebUiBuiltInKeywords.groovy:1461)
	at com.kms.katalon.core.webui.keyword.WebUiBuiltInKeywords$verifyElementPresent$9.call(Unknown Source)
	at TC_DETAILS_UI_044.run(TC_DETAILS_UI_044:22)
	at com.kms.katalon.core.main.ScriptEngine.run(ScriptEngine.java:194)
	at com.kms.katalon.core.main.ScriptEngine.runScriptAsRawText(ScriptEngine.java:119)
	at com.kms.katalon.core.main.TestCaseExecutor.runScript(TestCaseExecutor.java:339)
	at com.kms.katalon.core.main.TestCaseExecutor.doExecute(TestCaseExecutor.java:330)
	at com.kms.katalon.core.main.TestCaseExecutor.processExecutionPhase(TestCaseExecutor.java:309)
	at com.kms.katalon.core.main.TestCaseExecutor.accessMainPhase(TestCaseExecutor.java:301)
	at com.kms.katalon.core.main.TestCaseExecutor.execute(TestCaseExecutor.java:235)
	at com.kms.katalon.core.main.TestSuiteExecutor.accessTestCaseMainPhase(TestSuiteExecutor.java:191)
	at com.kms.katalon.core.main.TestSuiteExecutor.accessTestSuiteMainPhase(TestSuiteExecutor.java:141)
	at com.kms.katalon.core.main.TestSuiteExecutor.execute(TestSuiteExecutor.java:90)
	at com.kms.katalon.core.main.TestCaseMain.startTestSuite(TestCaseMain.java:157)
	at com.kms.katalon.core.main.TestCaseMain$startTestSuite$0.call(Unknown Source)
	at TempTestSuite1649228487552.run(TempTestSuite1649228487552.groovy:39)
Caused by: com.kms.katalon.core.exception.StepFailedException: com.kms.katalon.core.webui.exception.WebElementNotFoundException: Web element with id: 'Object Repository/Staging Objects/Page_diagnostics/span_Transportation' located by '//div[@id='tab-desc4']/div[2]/div[3]/span' not found
	at com.kms.katalon.core.webui.keyword.internal.WebUIKeywordMain.stepFailed(WebUIKeywordMain.groovy:64)
	at com.kms.katalon.core.webui.keyword.builtin.VerifyElementPresentKeyword$_verifyElementPresent_closure1.doCall(VerifyElementPresentKeyword.groovy:85)
	at com.kms.katalon.core.webui.keyword.builtin.VerifyElementPresentKeyword$_verifyElementPresent_closure1.call(VerifyElementPresentKeyword.groovy)
	at com.kms.katalon.core.webui.keyword.internal.WebUIKeywordMain.runKeyword(WebUIKeywordMain.groovy:20)
	... 19 more
"/>
         <system-out><![CDATA[2022-04-06 15:30:46 - [TEST_CASE][FAILED] - Test Cases/Custom Item Details/TEST CASE/TC_DETAILS_UI_044: Test Cases/Custom Item Details/TEST CASE/TC_DETAILS_UI_044 FAILED.
Reason:
com.kms.katalon.core.exception.StepFailedException: Unable to verify object 'Object Repository/Staging Objects/Page_diagnostics/span_Transportation' is present
	at com.kms.katalon.core.webui.keyword.internal.WebUIKeywordMain.stepFailed(WebUIKeywordMain.groovy:64)
	at com.kms.katalon.core.webui.keyword.internal.WebUIKeywordMain.runKeyword(WebUIKeywordMain.groovy:26)
	at com.kms.katalon.core.webui.keyword.builtin.VerifyElementPresentKeyword.verifyElementPresent(VerifyElementPresentKeyword.groovy:92)
	at com.kms.katalon.core.webui.keyword.builtin.VerifyElementPresentKeyword.execute(VerifyElementPresentKeyword.groovy:68)
	at com.kms.katalon.core.keyword.internal.KeywordExecutor.executeKeywordForPlatform(KeywordExecutor.groovy:73)
	at com.kms.katalon.core.webui.keyword.WebUiBuiltInKeywords.verifyElementPresent(WebUiBuiltInKeywords.groovy:1461)
	at com.kms.katalon.core.webui.keyword.WebUiBuiltInKeywords$verifyElementPresent$9.call(Unknown Source)
	at TC_DETAILS_UI_044.run(TC_DETAILS_UI_044:22)
	at com.kms.katalon.core.main.ScriptEngine.run(ScriptEngine.java:194)
	at com.kms.katalon.core.main.ScriptEngine.runScriptAsRawText(ScriptEngine.java:119)
	at com.kms.katalon.core.main.TestCaseExecutor.runScript(TestCaseExecutor.java:339)
	at com.kms.katalon.core.main.TestCaseExecutor.doExecute(TestCaseExecutor.java:330)
	at com.kms.katalon.core.main.TestCaseExecutor.processExecutionPhase(TestCaseExecutor.java:309)
	at com.kms.katalon.core.main.TestCaseExecutor.accessMainPhase(TestCaseExecutor.java:301)
	at com.kms.katalon.core.main.TestCaseExecutor.execute(TestCaseExecutor.java:235)
	at com.kms.katalon.core.main.TestSuiteExecutor.accessTestCaseMainPhase(TestSuiteExecutor.java:191)
	at com.kms.katalon.core.main.TestSuiteExecutor.accessTestSuiteMainPhase(TestSuiteExecutor.java:141)
	at com.kms.katalon.core.main.TestSuiteExecutor.execute(TestSuiteExecutor.java:90)
	at com.kms.katalon.core.main.TestCaseMain.startTestSuite(TestCaseMain.java:157)
	at com.kms.katalon.core.main.TestCaseMain$startTestSuite$0.call(Unknown Source)
	at TempTestSuite1649228487552.run(TempTestSuite1649228487552.groovy:39)
Caused by: com.kms.katalon.core.exception.StepFailedException: com.kms.katalon.core.webui.exception.WebElementNotFoundException: Web element with id: 'Object Repository/Staging Objects/Page_diagnostics/span_Transportation' located by '//div[@id='tab-desc4']/div[2]/div[3]/span' not found
	at com.kms.katalon.core.webui.keyword.internal.WebUIKeywordMain.stepFailed(WebUIKeywordMain.groovy:64)
	at com.kms.katalon.core.webui.keyword.builtin.VerifyElementPresentKeyword$_verifyElementPresent_closure1.doCall(VerifyElementPresentKeyword.groovy:85)
	at com.kms.katalon.core.webui.keyword.builtin.VerifyElementPresentKeyword$_verifyElementPresent_closure1.call(VerifyElementPresentKeyword.groovy)
	at com.kms.katalon.core.webui.keyword.internal.WebUIKeywordMain.runKeyword(WebUIKeywordMain.groovy:20)
	... 19 more


2022-04-06 15:30:46 - [TEST_STEP][PASSED] - callTestCase(findTestCase("Custom Item Details/UTILITIES/OPEN_BROWSER"), [:], STOP_ON_FAILURE): Call Test Case 'Test Cases/Custom Item Details/UTILITIES/OPEN_BROWSER' successfully

2022-04-06 15:30:46 - [TEST_CASE][PASSED] - Test Cases/Custom Item Details/UTILITIES/OPEN_BROWSER: Test Cases/Custom Item Details/UTILITIES/OPEN_BROWSER

2022-04-06 15:30:46 - [TEST_STEP][PASSED] - openBrowser("https://diagnostics.staging.arcadier.io/"): Browser is opened with url: 'https://diagnostics.staging.arcadier.io/'

2022-04-06 15:30:46 - [MESSAGE][WARNING] - A browser is already opened. Closing browser and opening a new one

2022-04-06 15:30:46 - [MESSAGE][INFO] - Starting 'Chrome' driver

2022-04-06 15:30:46 - [MESSAGE][INFO] - Action delay is set to 0 milliseconds

2022-04-06 15:30:50 - [MESSAGE][PASSED] - Browser is opened with url: 'https://diagnostics.staging.arcadier.io/'

2022-04-06 15:30:50 - [TEST_STEP][PASSED] - maximizeWindow(): Current window maximized

2022-04-06 15:30:50 - [MESSAGE][PASSED] - Current window maximized

2022-04-06 15:30:50 - [TEST_STEP][PASSED] - click(findTestObject("Item Details Objects/Page_diagnostics/a_Accept Cookies")): Object: 'Object Repository/Item Details Objects/Page_diagnostics/a_Accept Cookies' is clicked on

2022-04-06 15:30:53 - [MESSAGE][PASSED] - Object: 'Object Repository/Item Details Objects/Page_diagnostics/a_Accept Cookies' is clicked on

2022-04-06 15:30:53 - [TEST_STEP][PASSED] - click(findTestObject("Staging Objects/Page_diagnostics/a_DIABETES DIAGNOSTICS"), STOP_ON_FAILURE): Object: 'Object Repository/Staging Objects/Page_diagnostics/a_DIABETES DIAGNOSTICS' is clicked on

2022-04-06 15:30:54 - [MESSAGE][PASSED] - Object: 'Object Repository/Staging Objects/Page_diagnostics/a_DIABETES DIAGNOSTICS' is clicked on

2022-04-06 15:30:54 - [TEST_STEP][PASSED] - mouseOver(findTestObject("Staging Objects/Page_diagnostics/a_CareSens N Eco Blood Glucose Meter")): Object: 'Object Repository/Staging Objects/Page_diagnostics/a_CareSens N Eco Blood Glucose Meter' is hovered

2022-04-06 15:30:58 - [MESSAGE][PASSED] - Object: 'Object Repository/Staging Objects/Page_diagnostics/a_CareSens N Eco Blood Glucose Meter' is hovered

2022-04-06 15:30:58 - [TEST_STEP][PASSED] - click(findTestObject("Staging Objects/Page_diagnostics/a_CareSens N Eco Blood Glucose Meter")): Object: 'Object Repository/Staging Objects/Page_diagnostics/a_CareSens N Eco Blood Glucose Meter' is clicked on

2022-04-06 15:31:03 - [MESSAGE][PASSED] - Object: 'Object Repository/Staging Objects/Page_diagnostics/a_CareSens N Eco Blood Glucose Meter' is clicked on

2022-04-06 15:31:03 - [MESSAGE][PASSED] - Call Test Case 'Test Cases/Custom Item Details/UTILITIES/OPEN_BROWSER' successfully

2022-04-06 15:31:03 - [TEST_STEP][PASSED] - waitForElementVisible(findTestObject("Staging Objects/Page_diagnostics/span_Transportation"), 0): Web element with id: 'Object Repository/Staging Objects/Page_diagnostics/span_Transportation' located by '//div[@id='tab-desc4']/div[2]/div[3]/span' not found

2022-04-06 15:31:03 - [MESSAGE][WARNING] - Timeout '0' is invalid. Using default page load timeout: '30'

2022-04-06 15:31:35 - [MESSAGE][INFO] - Unable to find the element located by 'By.xpath: //div[@id='tab-desc4']/div[2]/div[3]/span'. Please recheck the objects properties to make sure the desired element is located. 

2022-04-06 15:31:35 - [MESSAGE][WARNING] - Web element with id: 'Object Repository/Staging Objects/Page_diagnostics/span_Transportation' located by '//div[@id='tab-desc4']/div[2]/div[3]/span' not found

2022-04-06 15:31:35 - [TEST_STEP][FAILED] - verifyElementPresent(findTestObject("Staging Objects/Page_diagnostics/span_Transportation"), 0): Unable to verify object 'Object Repository/Staging Objects/Page_diagnostics/span_Transportation' is present (Root cause: com.kms.katalon.core.exception.StepFailedException: Unable to verify object 'Object Repository/Staging Objects/Page_diagnostics/span_Transportation' is present
	at com.kms.katalon.core.webui.keyword.internal.WebUIKeywordMain.stepFailed(WebUIKeywordMain.groovy:64)
	at com.kms.katalon.core.webui.keyword.internal.WebUIKeywordMain.runKeyword(WebUIKeywordMain.groovy:26)
	at com.kms.katalon.core.webui.keyword.builtin.VerifyElementPresentKeyword.verifyElementPresent(VerifyElementPresentKeyword.groovy:92)
	at com.kms.katalon.core.webui.keyword.builtin.VerifyElementPresentKeyword.execute(VerifyElementPresentKeyword.groovy:68)
	at com.kms.katalon.core.keyword.internal.KeywordExecutor.executeKeywordForPlatform(KeywordExecutor.groovy:73)
	at com.kms.katalon.core.webui.keyword.WebUiBuiltInKeywords.verifyElementPresent(WebUiBuiltInKeywords.groovy:1461)
	at com.kms.katalon.core.webui.keyword.WebUiBuiltInKeywords$verifyElementPresent$9.call(Unknown Source)
	at TC_DETAILS_UI_044.run(TC_DETAILS_UI_044:22)
	at com.kms.katalon.core.main.ScriptEngine.run(ScriptEngine.java:194)
	at com.kms.katalon.core.main.ScriptEngine.runScriptAsRawText(ScriptEngine.java:119)
	at com.kms.katalon.core.main.TestCaseExecutor.runScript(TestCaseExecutor.java:339)
	at com.kms.katalon.core.main.TestCaseExecutor.doExecute(TestCaseExecutor.java:330)
	at com.kms.katalon.core.main.TestCaseExecutor.processExecutionPhase(TestCaseExecutor.java:309)
	at com.kms.katalon.core.main.TestCaseExecutor.accessMainPhase(TestCaseExecutor.java:301)
	at com.kms.katalon.core.main.TestCaseExecutor.execute(TestCaseExecutor.java:235)
	at com.kms.katalon.core.main.TestSuiteExecutor.accessTestCaseMainPhase(TestSuiteExecutor.java:191)
	at com.kms.katalon.core.main.TestSuiteExecutor.accessTestSuiteMainPhase(TestSuiteExecutor.java:141)
	at com.kms.katalon.core.main.TestSuiteExecutor.execute(TestSuiteExecutor.java:90)
	at com.kms.katalon.core.main.TestCaseMain.startTestSuite(TestCaseMain.java:157)
	at com.kms.katalon.core.main.TestCaseMain$startTestSuite$0.call(Unknown Source)
	at TempTestSuite1649228487552.run(TempTestSuite1649228487552.groovy:39)
Caused by: com.kms.katalon.core.exception.StepFailedException: com.kms.katalon.core.webui.exception.WebElementNotFoundException: Web element with id: 'Object Repository/Staging Objects/Page_diagnostics/span_Transportation' located by '//div[@id='tab-desc4']/div[2]/div[3]/span' not found
	at com.kms.katalon.core.webui.keyword.internal.WebUIKeywordMain.stepFailed(WebUIKeywordMain.groovy:64)
	at com.kms.katalon.core.webui.keyword.builtin.VerifyElementPresentKeyword$_verifyElementPresent_closure1.doCall(VerifyElementPresentKeyword.groovy:85)
	at com.kms.katalon.core.webui.keyword.builtin.VerifyElementPresentKeyword$_verifyElementPresent_closure1.call(VerifyElementPresentKeyword.groovy)
	at com.kms.katalon.core.webui.keyword.internal.WebUIKeywordMain.runKeyword(WebUIKeywordMain.groovy:20)
	... 19 more
)

2022-04-06 15:31:35 - [MESSAGE][WARNING] - Timeout '0' is invalid. Using default page load timeout: '30'

2022-04-06 15:32:06 - [MESSAGE][INFO] - Unable to find the element located by 'By.xpath: //div[@id='tab-desc4']/div[2]/div[3]/span'. Please recheck the objects properties to make sure the desired element is located. 

2022-04-06 15:32:06 - [MESSAGE][FAILED] - com.kms.katalon.core.webui.exception.WebElementNotFoundException: Web element with id: 'Object Repository/Staging Objects/Page_diagnostics/span_Transportation' located by '//div[@id='tab-desc4']/div[2]/div[3]/span' not found (Root cause: com.kms.katalon.core.exception.StepFailedException: com.kms.katalon.core.webui.exception.WebElementNotFoundException: Web element with id: 'Object Repository/Staging Objects/Page_diagnostics/span_Transportation' located by '//div[@id='tab-desc4']/div[2]/div[3]/span' not found
	at com.kms.katalon.core.webui.keyword.internal.WebUIKeywordMain.stepFailed(WebUIKeywordMain.groovy:64)
	at com.kms.katalon.core.webui.keyword.builtin.VerifyElementPresentKeyword$_verifyElementPresent_closure1.doCall(VerifyElementPresentKeyword.groovy:85)
	at com.kms.katalon.core.webui.keyword.builtin.VerifyElementPresentKeyword$_verifyElementPresent_closure1.call(VerifyElementPresentKeyword.groovy)
	at com.kms.katalon.core.webui.keyword.internal.WebUIKeywordMain.runKeyword(WebUIKeywordMain.groovy:20)
	at com.kms.katalon.core.webui.keyword.builtin.VerifyElementPresentKeyword.verifyElementPresent(VerifyElementPresentKeyword.groovy:92)
	at com.kms.katalon.core.webui.keyword.builtin.VerifyElementPresentKeyword.execute(VerifyElementPresentKeyword.groovy:68)
	at com.kms.katalon.core.keyword.internal.KeywordExecutor.executeKeywordForPlatform(KeywordExecutor.groovy:73)
	at com.kms.katalon.core.webui.keyword.WebUiBuiltInKeywords.verifyElementPresent(WebUiBuiltInKeywords.groovy:1461)
	at com.kms.katalon.core.webui.keyword.WebUiBuiltInKeywords$verifyElementPresent$9.call(Unknown Source)
	at TC_DETAILS_UI_044.run(TC_DETAILS_UI_044:22)
	at com.kms.katalon.core.main.ScriptEngine.run(ScriptEngine.java:194)
	at com.kms.katalon.core.main.ScriptEngine.runScriptAsRawText(ScriptEngine.java:119)
	at com.kms.katalon.core.main.TestCaseExecutor.runScript(TestCaseExecutor.java:339)
	at com.kms.katalon.core.main.TestCaseExecutor.doExecute(TestCaseExecutor.java:330)
	at com.kms.katalon.core.main.TestCaseExecutor.processExecutionPhase(TestCaseExecutor.java:309)
	at com.kms.katalon.core.main.TestCaseExecutor.accessMainPhase(TestCaseExecutor.java:301)
	at com.kms.katalon.core.main.TestCaseExecutor.execute(TestCaseExecutor.java:235)
	at com.kms.katalon.core.main.TestSuiteExecutor.accessTestCaseMainPhase(TestSuiteExecutor.java:191)
	at com.kms.katalon.core.main.TestSuiteExecutor.accessTestSuiteMainPhase(TestSuiteExecutor.java:141)
	at com.kms.katalon.core.main.TestSuiteExecutor.execute(TestSuiteExecutor.java:90)
	at com.kms.katalon.core.main.TestCaseMain.startTestSuite(TestCaseMain.java:157)
	at com.kms.katalon.core.main.TestCaseMain$startTestSuite$0.call(Unknown Source)
	at TempTestSuite1649228487552.run(TempTestSuite1649228487552.groovy:39)
)
[[ATTACHMENT|K:\\Work\\GitHub\\find-item-detail-test_v2\\Reports\\20220406_150127\\Item detail test\\20220406_150127\\1649230326148.png]]

2022-04-06 15:32:06 - [MESSAGE][FAILED] - Unable to verify object 'Object Repository/Staging Objects/Page_diagnostics/span_Transportation' is present (Root cause: com.kms.katalon.core.exception.StepFailedException: Unable to verify object 'Object Repository/Staging Objects/Page_diagnostics/span_Transportation' is present
	at com.kms.katalon.core.webui.keyword.internal.WebUIKeywordMain.stepFailed(WebUIKeywordMain.groovy:64)
	at com.kms.katalon.core.webui.keyword.internal.WebUIKeywordMain.runKeyword(WebUIKeywordMain.groovy:26)
	at com.kms.katalon.core.webui.keyword.builtin.VerifyElementPresentKeyword.verifyElementPresent(VerifyElementPresentKeyword.groovy:92)
	at com.kms.katalon.core.webui.keyword.builtin.VerifyElementPresentKeyword.execute(VerifyElementPresentKeyword.groovy:68)
	at com.kms.katalon.core.keyword.internal.KeywordExecutor.executeKeywordForPlatform(KeywordExecutor.groovy:73)
	at com.kms.katalon.core.webui.keyword.WebUiBuiltInKeywords.verifyElementPresent(WebUiBuiltInKeywords.groovy:1461)
	at com.kms.katalon.core.webui.keyword.WebUiBuiltInKeywords$verifyElementPresent$9.call(Unknown Source)
	at TC_DETAILS_UI_044.run(TC_DETAILS_UI_044:22)
	at com.kms.katalon.core.main.ScriptEngine.run(ScriptEngine.java:194)
	at com.kms.katalon.core.main.ScriptEngine.runScriptAsRawText(ScriptEngine.java:119)
	at com.kms.katalon.core.main.TestCaseExecutor.runScript(TestCaseExecutor.java:339)
	at com.kms.katalon.core.main.TestCaseExecutor.doExecute(TestCaseExecutor.java:330)
	at com.kms.katalon.core.main.TestCaseExecutor.processExecutionPhase(TestCaseExecutor.java:309)
	at com.kms.katalon.core.main.TestCaseExecutor.accessMainPhase(TestCaseExecutor.java:301)
	at com.kms.katalon.core.main.TestCaseExecutor.execute(TestCaseExecutor.java:235)
	at com.kms.katalon.core.main.TestSuiteExecutor.accessTestCaseMainPhase(TestSuiteExecutor.java:191)
	at com.kms.katalon.core.main.TestSuiteExecutor.accessTestSuiteMainPhase(TestSuiteExecutor.java:141)
	at com.kms.katalon.core.main.TestSuiteExecutor.execute(TestSuiteExecutor.java:90)
	at com.kms.katalon.core.main.TestCaseMain.startTestSuite(TestCaseMain.java:157)
	at com.kms.katalon.core.main.TestCaseMain$startTestSuite$0.call(Unknown Source)
	at TempTestSuite1649228487552.run(TempTestSuite1649228487552.groovy:39)
Caused by: com.kms.katalon.core.exception.StepFailedException: com.kms.katalon.core.webui.exception.WebElementNotFoundException: Web element with id: 'Object Repository/Staging Objects/Page_diagnostics/span_Transportation' located by '//div[@id='tab-desc4']/div[2]/div[3]/span' not found
	at com.kms.katalon.core.webui.keyword.internal.WebUIKeywordMain.stepFailed(WebUIKeywordMain.groovy:64)
	at com.kms.katalon.core.webui.keyword.builtin.VerifyElementPresentKeyword$_verifyElementPresent_closure1.doCall(VerifyElementPresentKeyword.groovy:85)
	at com.kms.katalon.core.webui.keyword.builtin.VerifyElementPresentKeyword$_verifyElementPresent_closure1.call(VerifyElementPresentKeyword.groovy)
	at com.kms.katalon.core.webui.keyword.internal.WebUIKeywordMain.runKeyword(WebUIKeywordMain.groovy:20)
	... 19 more
)
[[ATTACHMENT|K:\\Work\\GitHub\\find-item-detail-test_v2\\Reports\\20220406_150127\\Item detail test\\20220406_150127\\1649230326287.png]]]]></system-out>
         <system-err><![CDATA[2022-04-06 15:30:46 - [TEST_CASE][FAILED] - Test Cases/Custom Item Details/TEST CASE/TC_DETAILS_UI_044: Test Cases/Custom Item Details/TEST CASE/TC_DETAILS_UI_044 FAILED.
Reason:
com.kms.katalon.core.exception.StepFailedException: Unable to verify object 'Object Repository/Staging Objects/Page_diagnostics/span_Transportation' is present
	at com.kms.katalon.core.webui.keyword.internal.WebUIKeywordMain.stepFailed(WebUIKeywordMain.groovy:64)
	at com.kms.katalon.core.webui.keyword.internal.WebUIKeywordMain.runKeyword(WebUIKeywordMain.groovy:26)
	at com.kms.katalon.core.webui.keyword.builtin.VerifyElementPresentKeyword.verifyElementPresent(VerifyElementPresentKeyword.groovy:92)
	at com.kms.katalon.core.webui.keyword.builtin.VerifyElementPresentKeyword.execute(VerifyElementPresentKeyword.groovy:68)
	at com.kms.katalon.core.keyword.internal.KeywordExecutor.executeKeywordForPlatform(KeywordExecutor.groovy:73)
	at com.kms.katalon.core.webui.keyword.WebUiBuiltInKeywords.verifyElementPresent(WebUiBuiltInKeywords.groovy:1461)
	at com.kms.katalon.core.webui.keyword.WebUiBuiltInKeywords$verifyElementPresent$9.call(Unknown Source)
	at TC_DETAILS_UI_044.run(TC_DETAILS_UI_044:22)
	at com.kms.katalon.core.main.ScriptEngine.run(ScriptEngine.java:194)
	at com.kms.katalon.core.main.ScriptEngine.runScriptAsRawText(ScriptEngine.java:119)
	at com.kms.katalon.core.main.TestCaseExecutor.runScript(TestCaseExecutor.java:339)
	at com.kms.katalon.core.main.TestCaseExecutor.doExecute(TestCaseExecutor.java:330)
	at com.kms.katalon.core.main.TestCaseExecutor.processExecutionPhase(TestCaseExecutor.java:309)
	at com.kms.katalon.core.main.TestCaseExecutor.accessMainPhase(TestCaseExecutor.java:301)
	at com.kms.katalon.core.main.TestCaseExecutor.execute(TestCaseExecutor.java:235)
	at com.kms.katalon.core.main.TestSuiteExecutor.accessTestCaseMainPhase(TestSuiteExecutor.java:191)
	at com.kms.katalon.core.main.TestSuiteExecutor.accessTestSuiteMainPhase(TestSuiteExecutor.java:141)
	at com.kms.katalon.core.main.TestSuiteExecutor.execute(TestSuiteExecutor.java:90)
	at com.kms.katalon.core.main.TestCaseMain.startTestSuite(TestCaseMain.java:157)
	at com.kms.katalon.core.main.TestCaseMain$startTestSuite$0.call(Unknown Source)
	at TempTestSuite1649228487552.run(TempTestSuite1649228487552.groovy:39)
Caused by: com.kms.katalon.core.exception.StepFailedException: com.kms.katalon.core.webui.exception.WebElementNotFoundException: Web element with id: 'Object Repository/Staging Objects/Page_diagnostics/span_Transportation' located by '//div[@id='tab-desc4']/div[2]/div[3]/span' not found
	at com.kms.katalon.core.webui.keyword.internal.WebUIKeywordMain.stepFailed(WebUIKeywordMain.groovy:64)
	at com.kms.katalon.core.webui.keyword.builtin.VerifyElementPresentKeyword$_verifyElementPresent_closure1.doCall(VerifyElementPresentKeyword.groovy:85)
	at com.kms.katalon.core.webui.keyword.builtin.VerifyElementPresentKeyword$_verifyElementPresent_closure1.call(VerifyElementPresentKeyword.groovy)
	at com.kms.katalon.core.webui.keyword.internal.WebUIKeywordMain.runKeyword(WebUIKeywordMain.groovy:20)
	... 19 more]]></system-err>
      </testcase>
      <testcase name="Test Cases/Custom Item Details/TEST CASE/TC_DETAILS_UI_045" time="61.97" classname="Test Cases/Custom Item Details/TEST CASE/TC_DETAILS_UI_045" status="FAILED">
         <failure type="FAILED" message="Test Cases/Custom Item Details/TEST CASE/TC_DETAILS_UI_045 FAILED.
Reason:
com.kms.katalon.core.exception.StepFailedException: Call Test Case 'Test Cases/Custom Item Details/UTILITIES/OPEN_BROWSER' failed
	at com.kms.katalon.core.keyword.builtin.CallTestCaseKeyword$_callTestCase_closure1.doCall(CallTestCaseKeyword.groovy:63)
	at com.kms.katalon.core.keyword.builtin.CallTestCaseKeyword$_callTestCase_closure1.call(CallTestCaseKeyword.groovy)
	at com.kms.katalon.core.keyword.internal.KeywordMain.runKeyword(KeywordMain.groovy:68)
	at com.kms.katalon.core.keyword.builtin.CallTestCaseKeyword.callTestCase(CallTestCaseKeyword.groovy:81)
	at com.kms.katalon.core.keyword.builtin.CallTestCaseKeyword.execute(CallTestCaseKeyword.groovy:44)
	at com.kms.katalon.core.keyword.internal.KeywordExecutor.executeKeywordForPlatform(KeywordExecutor.groovy:73)
	at com.kms.katalon.core.keyword.BuiltinKeywords.callTestCase(BuiltinKeywords.groovy:334)
	at TC_DETAILS_UI_045.run(TC_DETAILS_UI_045:18)
	at com.kms.katalon.core.main.ScriptEngine.run(ScriptEngine.java:194)
	at com.kms.katalon.core.main.ScriptEngine.runScriptAsRawText(ScriptEngine.java:119)
	at com.kms.katalon.core.main.TestCaseExecutor.runScript(TestCaseExecutor.java:339)
	at com.kms.katalon.core.main.TestCaseExecutor.doExecute(TestCaseExecutor.java:330)
	at com.kms.katalon.core.main.TestCaseExecutor.processExecutionPhase(TestCaseExecutor.java:309)
	at com.kms.katalon.core.main.TestCaseExecutor.accessMainPhase(TestCaseExecutor.java:301)
	at com.kms.katalon.core.main.TestCaseExecutor.execute(TestCaseExecutor.java:235)
	at com.kms.katalon.core.main.TestSuiteExecutor.accessTestCaseMainPhase(TestSuiteExecutor.java:191)
	at com.kms.katalon.core.main.TestSuiteExecutor.accessTestSuiteMainPhase(TestSuiteExecutor.java:141)
	at com.kms.katalon.core.main.TestSuiteExecutor.execute(TestSuiteExecutor.java:90)
	at com.kms.katalon.core.main.TestCaseMain.startTestSuite(TestCaseMain.java:157)
	at com.kms.katalon.core.main.TestCaseMain$startTestSuite$0.call(Unknown Source)
	at TempTestSuite1649228487552.run(TempTestSuite1649228487552.groovy:39)
Caused by: com.kms.katalon.core.exception.StepFailedException: Unable to open browser with url: 'https://diagnostics.staging.arcadier.io/'
	at com.kms.katalon.core.webui.keyword.internal.WebUIKeywordMain.stepFailed(WebUIKeywordMain.groovy:64)
	at com.kms.katalon.core.webui.keyword.internal.WebUIKeywordMain.runKeyword(WebUIKeywordMain.groovy:26)
	at com.kms.katalon.core.webui.keyword.builtin.OpenBrowserKeyword.openBrowser(OpenBrowserKeyword.groovy:81)
	at com.kms.katalon.core.webui.keyword.builtin.OpenBrowserKeyword.execute(OpenBrowserKeyword.groovy:67)
	at com.kms.katalon.core.keyword.internal.KeywordExecutor.executeKeywordForPlatform(KeywordExecutor.groovy:73)
	at com.kms.katalon.core.webui.keyword.WebUiBuiltInKeywords.openBrowser(WebUiBuiltInKeywords.groovy:61)
	at com.kms.katalon.core.webui.keyword.WebUiBuiltInKeywords$openBrowser.call(Unknown Source)
	at OPEN_BROWSER.run(OPEN_BROWSER:18)
	at com.kms.katalon.core.main.ScriptEngine.run(ScriptEngine.java:194)
	at com.kms.katalon.core.main.ScriptEngine.runScriptAsRawText(ScriptEngine.java:119)
	at com.kms.katalon.core.main.TestCaseExecutor.runScript(TestCaseExecutor.java:339)
	at com.kms.katalon.core.main.TestCaseExecutor.doExecute(TestCaseExecutor.java:330)
	at com.kms.katalon.core.main.TestCaseExecutor.processExecutionPhase(TestCaseExecutor.java:309)
	at com.kms.katalon.core.main.TestCaseExecutor.accessMainPhase(TestCaseExecutor.java:301)
	at com.kms.katalon.core.main.TestCaseExecutor.execute(TestCaseExecutor.java:235)
	at com.kms.katalon.core.main.TestCaseMain.runTestCase(TestCaseMain.java:114)
	at com.kms.katalon.core.keyword.builtin.CallTestCaseKeyword$_callTestCase_closure1.doCall(CallTestCaseKeyword.groovy:59)
	... 20 more
Caused by: org.openqa.selenium.WebDriverException: chrome not reachable
Build info: version: '3.141.59', revision: 'e82be7d358', time: '2018-11-14T08:25:53'
System info: host: 'DESKTOP-IJBB9BE', ip: '192.168.1.2', os.name: 'Windows 10', os.arch: 'amd64', os.version: '10.0', java.version: '1.8.0_181'
Driver info: driver.version: CChromeDriver
remote stacktrace: Backtrace:
	Ordinal0 [0x00409943+2595139]
	Ordinal0 [0x0039C9F1+2148849]
	Ordinal0 [0x002943F0+1065968]
	Ordinal0 [0x002886EB+1017579]
	Ordinal0 [0x002B3C78+1195128]
	Ordinal0 [0x002AFE37+1179191]
	Ordinal0 [0x002AD6F1+1169137]
	Ordinal0 [0x002E0530+1377584]
	Ordinal0 [0x002E018A+1376650]
	Ordinal0 [0x002DB806+1357830]
	Ordinal0 [0x002B6086+1204358]
	Ordinal0 [0x002B6F96+1208214]
	GetHandleVerifier [0x005AB232+1658114]
	GetHandleVerifier [0x0066312C+2411516]
	GetHandleVerifier [0x0049F261+560433]
	GetHandleVerifier [0x0049E366+556598]
	Ordinal0 [0x003A286B+2173035]
	Ordinal0 [0x003A75F8+2192888]
	Ordinal0 [0x003A76E5+2193125]
	Ordinal0 [0x003B11FC+2232828]
	BaseThreadInitThunk [0x770EFA29+25]
	RtlGetAppContainerNamedObjectPath [0x77D57A7E+286]
	RtlGetAppContainerNamedObjectPath [0x77D57A4E+238]

	at org.openqa.selenium.remote.W3CHandshakeResponse.lambda$errorHandler$0(W3CHandshakeResponse.java:62)
	at org.openqa.selenium.remote.HandshakeResponse.lambda$getResponseFunction$0(HandshakeResponse.java:30)
	at org.openqa.selenium.remote.ProtocolHandshake.lambda$createSession$0(ProtocolHandshake.java:126)
	at org.openqa.selenium.remote.ProtocolHandshake.createSession(ProtocolHandshake.java:128)
	at org.openqa.selenium.remote.ProtocolHandshake.createSession(ProtocolHandshake.java:74)
	at org.openqa.selenium.remote.HttpCommandExecutor.execute(HttpCommandExecutor.java:136)
	at org.openqa.selenium.remote.service.DriverCommandExecutor.execute(DriverCommandExecutor.java:83)
	at org.openqa.selenium.remote.RemoteWebDriver.execute(RemoteWebDriver.java:552)
	at com.kms.katalon.selenium.driver.CChromeDriver.execute(CChromeDriver.java:19)
	at org.openqa.selenium.remote.RemoteWebDriver.startSession(RemoteWebDriver.java:213)
	at org.openqa.selenium.remote.RemoteWebDriver.&lt;init>(RemoteWebDriver.java:131)
	at org.openqa.selenium.chrome.ChromeDriver.&lt;init>(ChromeDriver.java:181)
	at org.openqa.selenium.chrome.ChromeDriver.&lt;init>(ChromeDriver.java:147)
	at com.kms.katalon.selenium.driver.CChromeDriver.&lt;init>(CChromeDriver.java:13)
	at com.kms.katalon.core.webui.driver.DriverFactory.createNewChromeDriver(DriverFactory.java:392)
	at com.kms.katalon.core.webui.driver.DriverFactory.startNewBrowser(DriverFactory.java:350)
	at com.kms.katalon.core.webui.driver.DriverFactory.openWebDriver(DriverFactory.java:241)
	at com.kms.katalon.core.webui.keyword.builtin.OpenBrowserKeyword$_openBrowser_closure1.doCall(OpenBrowserKeyword.groovy:74)
	at com.kms.katalon.core.webui.keyword.builtin.OpenBrowserKeyword$_openBrowser_closure1.call(OpenBrowserKeyword.groovy)
	at com.kms.katalon.core.webui.keyword.internal.WebUIKeywordMain.runKeyword(WebUIKeywordMain.groovy:20)
	... 35 more
"/>
         <system-out><![CDATA[2022-04-06 15:32:06 - [TEST_CASE][FAILED] - Test Cases/Custom Item Details/TEST CASE/TC_DETAILS_UI_045: Test Cases/Custom Item Details/TEST CASE/TC_DETAILS_UI_045 FAILED.
Reason:
com.kms.katalon.core.exception.StepFailedException: Call Test Case 'Test Cases/Custom Item Details/UTILITIES/OPEN_BROWSER' failed
	at com.kms.katalon.core.keyword.builtin.CallTestCaseKeyword$_callTestCase_closure1.doCall(CallTestCaseKeyword.groovy:63)
	at com.kms.katalon.core.keyword.builtin.CallTestCaseKeyword$_callTestCase_closure1.call(CallTestCaseKeyword.groovy)
	at com.kms.katalon.core.keyword.internal.KeywordMain.runKeyword(KeywordMain.groovy:68)
	at com.kms.katalon.core.keyword.builtin.CallTestCaseKeyword.callTestCase(CallTestCaseKeyword.groovy:81)
	at com.kms.katalon.core.keyword.builtin.CallTestCaseKeyword.execute(CallTestCaseKeyword.groovy:44)
	at com.kms.katalon.core.keyword.internal.KeywordExecutor.executeKeywordForPlatform(KeywordExecutor.groovy:73)
	at com.kms.katalon.core.keyword.BuiltinKeywords.callTestCase(BuiltinKeywords.groovy:334)
	at TC_DETAILS_UI_045.run(TC_DETAILS_UI_045:18)
	at com.kms.katalon.core.main.ScriptEngine.run(ScriptEngine.java:194)
	at com.kms.katalon.core.main.ScriptEngine.runScriptAsRawText(ScriptEngine.java:119)
	at com.kms.katalon.core.main.TestCaseExecutor.runScript(TestCaseExecutor.java:339)
	at com.kms.katalon.core.main.TestCaseExecutor.doExecute(TestCaseExecutor.java:330)
	at com.kms.katalon.core.main.TestCaseExecutor.processExecutionPhase(TestCaseExecutor.java:309)
	at com.kms.katalon.core.main.TestCaseExecutor.accessMainPhase(TestCaseExecutor.java:301)
	at com.kms.katalon.core.main.TestCaseExecutor.execute(TestCaseExecutor.java:235)
	at com.kms.katalon.core.main.TestSuiteExecutor.accessTestCaseMainPhase(TestSuiteExecutor.java:191)
	at com.kms.katalon.core.main.TestSuiteExecutor.accessTestSuiteMainPhase(TestSuiteExecutor.java:141)
	at com.kms.katalon.core.main.TestSuiteExecutor.execute(TestSuiteExecutor.java:90)
	at com.kms.katalon.core.main.TestCaseMain.startTestSuite(TestCaseMain.java:157)
	at com.kms.katalon.core.main.TestCaseMain$startTestSuite$0.call(Unknown Source)
	at TempTestSuite1649228487552.run(TempTestSuite1649228487552.groovy:39)
Caused by: com.kms.katalon.core.exception.StepFailedException: Unable to open browser with url: 'https://diagnostics.staging.arcadier.io/'
	at com.kms.katalon.core.webui.keyword.internal.WebUIKeywordMain.stepFailed(WebUIKeywordMain.groovy:64)
	at com.kms.katalon.core.webui.keyword.internal.WebUIKeywordMain.runKeyword(WebUIKeywordMain.groovy:26)
	at com.kms.katalon.core.webui.keyword.builtin.OpenBrowserKeyword.openBrowser(OpenBrowserKeyword.groovy:81)
	at com.kms.katalon.core.webui.keyword.builtin.OpenBrowserKeyword.execute(OpenBrowserKeyword.groovy:67)
	at com.kms.katalon.core.keyword.internal.KeywordExecutor.executeKeywordForPlatform(KeywordExecutor.groovy:73)
	at com.kms.katalon.core.webui.keyword.WebUiBuiltInKeywords.openBrowser(WebUiBuiltInKeywords.groovy:61)
	at com.kms.katalon.core.webui.keyword.WebUiBuiltInKeywords$openBrowser.call(Unknown Source)
	at OPEN_BROWSER.run(OPEN_BROWSER:18)
	at com.kms.katalon.core.main.ScriptEngine.run(ScriptEngine.java:194)
	at com.kms.katalon.core.main.ScriptEngine.runScriptAsRawText(ScriptEngine.java:119)
	at com.kms.katalon.core.main.TestCaseExecutor.runScript(TestCaseExecutor.java:339)
	at com.kms.katalon.core.main.TestCaseExecutor.doExecute(TestCaseExecutor.java:330)
	at com.kms.katalon.core.main.TestCaseExecutor.processExecutionPhase(TestCaseExecutor.java:309)
	at com.kms.katalon.core.main.TestCaseExecutor.accessMainPhase(TestCaseExecutor.java:301)
	at com.kms.katalon.core.main.TestCaseExecutor.execute(TestCaseExecutor.java:235)
	at com.kms.katalon.core.main.TestCaseMain.runTestCase(TestCaseMain.java:114)
	at com.kms.katalon.core.keyword.builtin.CallTestCaseKeyword$_callTestCase_closure1.doCall(CallTestCaseKeyword.groovy:59)
	... 20 more
Caused by: org.openqa.selenium.WebDriverException: chrome not reachable
Build info: version: '3.141.59', revision: 'e82be7d358', time: '2018-11-14T08:25:53'
System info: host: 'DESKTOP-IJBB9BE', ip: '192.168.1.2', os.name: 'Windows 10', os.arch: 'amd64', os.version: '10.0', java.version: '1.8.0_181'
Driver info: driver.version: CChromeDriver
remote stacktrace: Backtrace:
	Ordinal0 [0x00409943+2595139]
	Ordinal0 [0x0039C9F1+2148849]
	Ordinal0 [0x002943F0+1065968]
	Ordinal0 [0x002886EB+1017579]
	Ordinal0 [0x002B3C78+1195128]
	Ordinal0 [0x002AFE37+1179191]
	Ordinal0 [0x002AD6F1+1169137]
	Ordinal0 [0x002E0530+1377584]
	Ordinal0 [0x002E018A+1376650]
	Ordinal0 [0x002DB806+1357830]
	Ordinal0 [0x002B6086+1204358]
	Ordinal0 [0x002B6F96+1208214]
	GetHandleVerifier [0x005AB232+1658114]
	GetHandleVerifier [0x0066312C+2411516]
	GetHandleVerifier [0x0049F261+560433]
	GetHandleVerifier [0x0049E366+556598]
	Ordinal0 [0x003A286B+2173035]
	Ordinal0 [0x003A75F8+2192888]
	Ordinal0 [0x003A76E5+2193125]
	Ordinal0 [0x003B11FC+2232828]
	BaseThreadInitThunk [0x770EFA29+25]
	RtlGetAppContainerNamedObjectPath [0x77D57A7E+286]
	RtlGetAppContainerNamedObjectPath [0x77D57A4E+238]

	at org.openqa.selenium.remote.W3CHandshakeResponse.lambda$errorHandler$0(W3CHandshakeResponse.java:62)
	at org.openqa.selenium.remote.HandshakeResponse.lambda$getResponseFunction$0(HandshakeResponse.java:30)
	at org.openqa.selenium.remote.ProtocolHandshake.lambda$createSession$0(ProtocolHandshake.java:126)
	at org.openqa.selenium.remote.ProtocolHandshake.createSession(ProtocolHandshake.java:128)
	at org.openqa.selenium.remote.ProtocolHandshake.createSession(ProtocolHandshake.java:74)
	at org.openqa.selenium.remote.HttpCommandExecutor.execute(HttpCommandExecutor.java:136)
	at org.openqa.selenium.remote.service.DriverCommandExecutor.execute(DriverCommandExecutor.java:83)
	at org.openqa.selenium.remote.RemoteWebDriver.execute(RemoteWebDriver.java:552)
	at com.kms.katalon.selenium.driver.CChromeDriver.execute(CChromeDriver.java:19)
	at org.openqa.selenium.remote.RemoteWebDriver.startSession(RemoteWebDriver.java:213)
	at org.openqa.selenium.remote.RemoteWebDriver.<init>(RemoteWebDriver.java:131)
	at org.openqa.selenium.chrome.ChromeDriver.<init>(ChromeDriver.java:181)
	at org.openqa.selenium.chrome.ChromeDriver.<init>(ChromeDriver.java:147)
	at com.kms.katalon.selenium.driver.CChromeDriver.<init>(CChromeDriver.java:13)
	at com.kms.katalon.core.webui.driver.DriverFactory.createNewChromeDriver(DriverFactory.java:392)
	at com.kms.katalon.core.webui.driver.DriverFactory.startNewBrowser(DriverFactory.java:350)
	at com.kms.katalon.core.webui.driver.DriverFactory.openWebDriver(DriverFactory.java:241)
	at com.kms.katalon.core.webui.keyword.builtin.OpenBrowserKeyword$_openBrowser_closure1.doCall(OpenBrowserKeyword.groovy:74)
	at com.kms.katalon.core.webui.keyword.builtin.OpenBrowserKeyword$_openBrowser_closure1.call(OpenBrowserKeyword.groovy)
	at com.kms.katalon.core.webui.keyword.internal.WebUIKeywordMain.runKeyword(WebUIKeywordMain.groovy:20)
	... 35 more


2022-04-06 15:32:06 - [TEST_STEP][FAILED] - callTestCase(findTestCase("Custom Item Details/UTILITIES/OPEN_BROWSER"), [:], STOP_ON_FAILURE): Unable to call Test Case 'Test Cases/Custom Item Details/UTILITIES/OPEN_BROWSER' (Root cause: com.kms.katalon.core.exception.StepFailedException: Call Test Case 'Test Cases/Custom Item Details/UTILITIES/OPEN_BROWSER' failed
	at com.kms.katalon.core.keyword.builtin.CallTestCaseKeyword$_callTestCase_closure1.doCall(CallTestCaseKeyword.groovy:63)
	at com.kms.katalon.core.keyword.builtin.CallTestCaseKeyword$_callTestCase_closure1.call(CallTestCaseKeyword.groovy)
	at com.kms.katalon.core.keyword.internal.KeywordMain.runKeyword(KeywordMain.groovy:68)
	at com.kms.katalon.core.keyword.builtin.CallTestCaseKeyword.callTestCase(CallTestCaseKeyword.groovy:81)
	at com.kms.katalon.core.keyword.builtin.CallTestCaseKeyword.execute(CallTestCaseKeyword.groovy:44)
	at com.kms.katalon.core.keyword.internal.KeywordExecutor.executeKeywordForPlatform(KeywordExecutor.groovy:73)
	at com.kms.katalon.core.keyword.BuiltinKeywords.callTestCase(BuiltinKeywords.groovy:334)
	at TC_DETAILS_UI_045.run(TC_DETAILS_UI_045:18)
	at com.kms.katalon.core.main.ScriptEngine.run(ScriptEngine.java:194)
	at com.kms.katalon.core.main.ScriptEngine.runScriptAsRawText(ScriptEngine.java:119)
	at com.kms.katalon.core.main.TestCaseExecutor.runScript(TestCaseExecutor.java:339)
	at com.kms.katalon.core.main.TestCaseExecutor.doExecute(TestCaseExecutor.java:330)
	at com.kms.katalon.core.main.TestCaseExecutor.processExecutionPhase(TestCaseExecutor.java:309)
	at com.kms.katalon.core.main.TestCaseExecutor.accessMainPhase(TestCaseExecutor.java:301)
	at com.kms.katalon.core.main.TestCaseExecutor.execute(TestCaseExecutor.java:235)
	at com.kms.katalon.core.main.TestSuiteExecutor.accessTestCaseMainPhase(TestSuiteExecutor.java:191)
	at com.kms.katalon.core.main.TestSuiteExecutor.accessTestSuiteMainPhase(TestSuiteExecutor.java:141)
	at com.kms.katalon.core.main.TestSuiteExecutor.execute(TestSuiteExecutor.java:90)
	at com.kms.katalon.core.main.TestCaseMain.startTestSuite(TestCaseMain.java:157)
	at com.kms.katalon.core.main.TestCaseMain$startTestSuite$0.call(Unknown Source)
	at TempTestSuite1649228487552.run(TempTestSuite1649228487552.groovy:39)
Caused by: com.kms.katalon.core.exception.StepFailedException: Unable to open browser with url: 'https://diagnostics.staging.arcadier.io/'
	at com.kms.katalon.core.webui.keyword.internal.WebUIKeywordMain.stepFailed(WebUIKeywordMain.groovy:64)
	at com.kms.katalon.core.webui.keyword.internal.WebUIKeywordMain.runKeyword(WebUIKeywordMain.groovy:26)
	at com.kms.katalon.core.webui.keyword.builtin.OpenBrowserKeyword.openBrowser(OpenBrowserKeyword.groovy:81)
	at com.kms.katalon.core.webui.keyword.builtin.OpenBrowserKeyword.execute(OpenBrowserKeyword.groovy:67)
	at com.kms.katalon.core.keyword.internal.KeywordExecutor.executeKeywordForPlatform(KeywordExecutor.groovy:73)
	at com.kms.katalon.core.webui.keyword.WebUiBuiltInKeywords.openBrowser(WebUiBuiltInKeywords.groovy:61)
	at com.kms.katalon.core.webui.keyword.WebUiBuiltInKeywords$openBrowser.call(Unknown Source)
	at OPEN_BROWSER.run(OPEN_BROWSER:18)
	at com.kms.katalon.core.main.ScriptEngine.run(ScriptEngine.java:194)
	at com.kms.katalon.core.main.ScriptEngine.runScriptAsRawText(ScriptEngine.java:119)
	at com.kms.katalon.core.main.TestCaseExecutor.runScript(TestCaseExecutor.java:339)
	at com.kms.katalon.core.main.TestCaseExecutor.doExecute(TestCaseExecutor.java:330)
	at com.kms.katalon.core.main.TestCaseExecutor.processExecutionPhase(TestCaseExecutor.java:309)
	at com.kms.katalon.core.main.TestCaseExecutor.accessMainPhase(TestCaseExecutor.java:301)
	at com.kms.katalon.core.main.TestCaseExecutor.execute(TestCaseExecutor.java:235)
	at com.kms.katalon.core.main.TestCaseMain.runTestCase(TestCaseMain.java:114)
	at com.kms.katalon.core.keyword.builtin.CallTestCaseKeyword$_callTestCase_closure1.doCall(CallTestCaseKeyword.groovy:59)
	... 20 more
Caused by: org.openqa.selenium.WebDriverException: chrome not reachable
Build info: version: '3.141.59', revision: 'e82be7d358', time: '2018-11-14T08:25:53'
System info: host: 'DESKTOP-IJBB9BE', ip: '192.168.1.2', os.name: 'Windows 10', os.arch: 'amd64', os.version: '10.0', java.version: '1.8.0_181'
Driver info: driver.version: CChromeDriver
remote stacktrace: Backtrace:
	Ordinal0 [0x00409943+2595139]
	Ordinal0 [0x0039C9F1+2148849]
	Ordinal0 [0x002943F0+1065968]
	Ordinal0 [0x002886EB+1017579]
	Ordinal0 [0x002B3C78+1195128]
	Ordinal0 [0x002AFE37+1179191]
	Ordinal0 [0x002AD6F1+1169137]
	Ordinal0 [0x002E0530+1377584]
	Ordinal0 [0x002E018A+1376650]
	Ordinal0 [0x002DB806+1357830]
	Ordinal0 [0x002B6086+1204358]
	Ordinal0 [0x002B6F96+1208214]
	GetHandleVerifier [0x005AB232+1658114]
	GetHandleVerifier [0x0066312C+2411516]
	GetHandleVerifier [0x0049F261+560433]
	GetHandleVerifier [0x0049E366+556598]
	Ordinal0 [0x003A286B+2173035]
	Ordinal0 [0x003A75F8+2192888]
	Ordinal0 [0x003A76E5+2193125]
	Ordinal0 [0x003B11FC+2232828]
	BaseThreadInitThunk [0x770EFA29+25]
	RtlGetAppContainerNamedObjectPath [0x77D57A7E+286]
	RtlGetAppContainerNamedObjectPath [0x77D57A4E+238]

	at org.openqa.selenium.remote.W3CHandshakeResponse.lambda$errorHandler$0(W3CHandshakeResponse.java:62)
	at org.openqa.selenium.remote.HandshakeResponse.lambda$getResponseFunction$0(HandshakeResponse.java:30)
	at org.openqa.selenium.remote.ProtocolHandshake.lambda$createSession$0(ProtocolHandshake.java:126)
	at org.openqa.selenium.remote.ProtocolHandshake.createSession(ProtocolHandshake.java:128)
	at org.openqa.selenium.remote.ProtocolHandshake.createSession(ProtocolHandshake.java:74)
	at org.openqa.selenium.remote.HttpCommandExecutor.execute(HttpCommandExecutor.java:136)
	at org.openqa.selenium.remote.service.DriverCommandExecutor.execute(DriverCommandExecutor.java:83)
	at org.openqa.selenium.remote.RemoteWebDriver.execute(RemoteWebDriver.java:552)
	at com.kms.katalon.selenium.driver.CChromeDriver.execute(CChromeDriver.java:19)
	at org.openqa.selenium.remote.RemoteWebDriver.startSession(RemoteWebDriver.java:213)
	at org.openqa.selenium.remote.RemoteWebDriver.<init>(RemoteWebDriver.java:131)
	at org.openqa.selenium.chrome.ChromeDriver.<init>(ChromeDriver.java:181)
	at org.openqa.selenium.chrome.ChromeDriver.<init>(ChromeDriver.java:147)
	at com.kms.katalon.selenium.driver.CChromeDriver.<init>(CChromeDriver.java:13)
	at com.kms.katalon.core.webui.driver.DriverFactory.createNewChromeDriver(DriverFactory.java:392)
	at com.kms.katalon.core.webui.driver.DriverFactory.startNewBrowser(DriverFactory.java:350)
	at com.kms.katalon.core.webui.driver.DriverFactory.openWebDriver(DriverFactory.java:241)
	at com.kms.katalon.core.webui.keyword.builtin.OpenBrowserKeyword$_openBrowser_closure1.doCall(OpenBrowserKeyword.groovy:74)
	at com.kms.katalon.core.webui.keyword.builtin.OpenBrowserKeyword$_openBrowser_closure1.call(OpenBrowserKeyword.groovy)
	at com.kms.katalon.core.webui.keyword.internal.WebUIKeywordMain.runKeyword(WebUIKeywordMain.groovy:20)
	... 35 more
)

2022-04-06 15:32:06 - [TEST_CASE][FAILED] - Test Cases/Custom Item Details/UTILITIES/OPEN_BROWSER: Test Cases/Custom Item Details/UTILITIES/OPEN_BROWSER FAILED.
Reason:
com.kms.katalon.core.exception.StepFailedException: Unable to open browser with url: 'https://diagnostics.staging.arcadier.io/'
	at com.kms.katalon.core.webui.keyword.internal.WebUIKeywordMain.stepFailed(WebUIKeywordMain.groovy:64)
	at com.kms.katalon.core.webui.keyword.internal.WebUIKeywordMain.runKeyword(WebUIKeywordMain.groovy:26)
	at com.kms.katalon.core.webui.keyword.builtin.OpenBrowserKeyword.openBrowser(OpenBrowserKeyword.groovy:81)
	at com.kms.katalon.core.webui.keyword.builtin.OpenBrowserKeyword.execute(OpenBrowserKeyword.groovy:67)
	at com.kms.katalon.core.keyword.internal.KeywordExecutor.executeKeywordForPlatform(KeywordExecutor.groovy:73)
	at com.kms.katalon.core.webui.keyword.WebUiBuiltInKeywords.openBrowser(WebUiBuiltInKeywords.groovy:61)
	at com.kms.katalon.core.webui.keyword.WebUiBuiltInKeywords$openBrowser.call(Unknown Source)
	at OPEN_BROWSER.run(OPEN_BROWSER:18)
	at com.kms.katalon.core.main.ScriptEngine.run(ScriptEngine.java:194)
	at com.kms.katalon.core.main.ScriptEngine.runScriptAsRawText(ScriptEngine.java:119)
	at com.kms.katalon.core.main.TestCaseExecutor.runScript(TestCaseExecutor.java:339)
	at com.kms.katalon.core.main.TestCaseExecutor.doExecute(TestCaseExecutor.java:330)
	at com.kms.katalon.core.main.TestCaseExecutor.processExecutionPhase(TestCaseExecutor.java:309)
	at com.kms.katalon.core.main.TestCaseExecutor.accessMainPhase(TestCaseExecutor.java:301)
	at com.kms.katalon.core.main.TestCaseExecutor.execute(TestCaseExecutor.java:235)
	at com.kms.katalon.core.main.TestCaseMain.runTestCase(TestCaseMain.java:114)
	at com.kms.katalon.core.keyword.builtin.CallTestCaseKeyword$_callTestCase_closure1.doCall(CallTestCaseKeyword.groovy:59)
	at com.kms.katalon.core.keyword.builtin.CallTestCaseKeyword$_callTestCase_closure1.call(CallTestCaseKeyword.groovy)
	at com.kms.katalon.core.keyword.internal.KeywordMain.runKeyword(KeywordMain.groovy:68)
	at com.kms.katalon.core.keyword.builtin.CallTestCaseKeyword.callTestCase(CallTestCaseKeyword.groovy:81)
	at com.kms.katalon.core.keyword.builtin.CallTestCaseKeyword.execute(CallTestCaseKeyword.groovy:44)
	at com.kms.katalon.core.keyword.internal.KeywordExecutor.executeKeywordForPlatform(KeywordExecutor.groovy:73)
	at com.kms.katalon.core.keyword.BuiltinKeywords.callTestCase(BuiltinKeywords.groovy:334)
	at TC_DETAILS_UI_045.run(TC_DETAILS_UI_045:18)
	at com.kms.katalon.core.main.ScriptEngine.run(ScriptEngine.java:194)
	at com.kms.katalon.core.main.ScriptEngine.runScriptAsRawText(ScriptEngine.java:119)
	at com.kms.katalon.core.main.TestCaseExecutor.runScript(TestCaseExecutor.java:339)
	at com.kms.katalon.core.main.TestCaseExecutor.doExecute(TestCaseExecutor.java:330)
	at com.kms.katalon.core.main.TestCaseExecutor.processExecutionPhase(TestCaseExecutor.java:309)
	at com.kms.katalon.core.main.TestCaseExecutor.accessMainPhase(TestCaseExecutor.java:301)
	at com.kms.katalon.core.main.TestCaseExecutor.execute(TestCaseExecutor.java:235)
	at com.kms.katalon.core.main.TestSuiteExecutor.accessTestCaseMainPhase(TestSuiteExecutor.java:191)
	at com.kms.katalon.core.main.TestSuiteExecutor.accessTestSuiteMainPhase(TestSuiteExecutor.java:141)
	at com.kms.katalon.core.main.TestSuiteExecutor.execute(TestSuiteExecutor.java:90)
	at com.kms.katalon.core.main.TestCaseMain.startTestSuite(TestCaseMain.java:157)
	at com.kms.katalon.core.main.TestCaseMain$startTestSuite$0.call(Unknown Source)
	at TempTestSuite1649228487552.run(TempTestSuite1649228487552.groovy:39)
Caused by: org.openqa.selenium.WebDriverException: chrome not reachable
Build info: version: '3.141.59', revision: 'e82be7d358', time: '2018-11-14T08:25:53'
System info: host: 'DESKTOP-IJBB9BE', ip: '192.168.1.2', os.name: 'Windows 10', os.arch: 'amd64', os.version: '10.0', java.version: '1.8.0_181'
Driver info: driver.version: CChromeDriver
remote stacktrace: Backtrace:
	Ordinal0 [0x00409943+2595139]
	Ordinal0 [0x0039C9F1+2148849]
	Ordinal0 [0x002943F0+1065968]
	Ordinal0 [0x002886EB+1017579]
	Ordinal0 [0x002B3C78+1195128]
	Ordinal0 [0x002AFE37+1179191]
	Ordinal0 [0x002AD6F1+1169137]
	Ordinal0 [0x002E0530+1377584]
	Ordinal0 [0x002E018A+1376650]
	Ordinal0 [0x002DB806+1357830]
	Ordinal0 [0x002B6086+1204358]
	Ordinal0 [0x002B6F96+1208214]
	GetHandleVerifier [0x005AB232+1658114]
	GetHandleVerifier [0x0066312C+2411516]
	GetHandleVerifier [0x0049F261+560433]
	GetHandleVerifier [0x0049E366+556598]
	Ordinal0 [0x003A286B+2173035]
	Ordinal0 [0x003A75F8+2192888]
	Ordinal0 [0x003A76E5+2193125]
	Ordinal0 [0x003B11FC+2232828]
	BaseThreadInitThunk [0x770EFA29+25]
	RtlGetAppContainerNamedObjectPath [0x77D57A7E+286]
	RtlGetAppContainerNamedObjectPath [0x77D57A4E+238]

	at org.openqa.selenium.remote.W3CHandshakeResponse.lambda$errorHandler$0(W3CHandshakeResponse.java:62)
	at org.openqa.selenium.remote.HandshakeResponse.lambda$getResponseFunction$0(HandshakeResponse.java:30)
	at org.openqa.selenium.remote.ProtocolHandshake.lambda$createSession$0(ProtocolHandshake.java:126)
	at org.openqa.selenium.remote.ProtocolHandshake.createSession(ProtocolHandshake.java:128)
	at org.openqa.selenium.remote.ProtocolHandshake.createSession(ProtocolHandshake.java:74)
	at org.openqa.selenium.remote.HttpCommandExecutor.execute(HttpCommandExecutor.java:136)
	at org.openqa.selenium.remote.service.DriverCommandExecutor.execute(DriverCommandExecutor.java:83)
	at org.openqa.selenium.remote.RemoteWebDriver.execute(RemoteWebDriver.java:552)
	at com.kms.katalon.selenium.driver.CChromeDriver.execute(CChromeDriver.java:19)
	at org.openqa.selenium.remote.RemoteWebDriver.startSession(RemoteWebDriver.java:213)
	at org.openqa.selenium.remote.RemoteWebDriver.<init>(RemoteWebDriver.java:131)
	at org.openqa.selenium.chrome.ChromeDriver.<init>(ChromeDriver.java:181)
	at org.openqa.selenium.chrome.ChromeDriver.<init>(ChromeDriver.java:147)
	at com.kms.katalon.selenium.driver.CChromeDriver.<init>(CChromeDriver.java:13)
	at com.kms.katalon.core.webui.driver.DriverFactory.createNewChromeDriver(DriverFactory.java:392)
	at com.kms.katalon.core.webui.driver.DriverFactory.startNewBrowser(DriverFactory.java:350)
	at com.kms.katalon.core.webui.driver.DriverFactory.openWebDriver(DriverFactory.java:241)
	at com.kms.katalon.core.webui.keyword.builtin.OpenBrowserKeyword$_openBrowser_closure1.doCall(OpenBrowserKeyword.groovy:74)
	at com.kms.katalon.core.webui.keyword.builtin.OpenBrowserKeyword$_openBrowser_closure1.call(OpenBrowserKeyword.groovy)
	at com.kms.katalon.core.webui.keyword.internal.WebUIKeywordMain.runKeyword(WebUIKeywordMain.groovy:20)
	... 35 more


2022-04-06 15:32:06 - [TEST_STEP][FAILED] - openBrowser("https://diagnostics.staging.arcadier.io/"): Unable to open browser with url: 'https://diagnostics.staging.arcadier.io/' (Root cause: com.kms.katalon.core.exception.StepFailedException: Unable to open browser with url: 'https://diagnostics.staging.arcadier.io/'
	at com.kms.katalon.core.webui.keyword.internal.WebUIKeywordMain.stepFailed(WebUIKeywordMain.groovy:64)
	at com.kms.katalon.core.webui.keyword.internal.WebUIKeywordMain.runKeyword(WebUIKeywordMain.groovy:26)
	at com.kms.katalon.core.webui.keyword.builtin.OpenBrowserKeyword.openBrowser(OpenBrowserKeyword.groovy:81)
	at com.kms.katalon.core.webui.keyword.builtin.OpenBrowserKeyword.execute(OpenBrowserKeyword.groovy:67)
	at com.kms.katalon.core.keyword.internal.KeywordExecutor.executeKeywordForPlatform(KeywordExecutor.groovy:73)
	at com.kms.katalon.core.webui.keyword.WebUiBuiltInKeywords.openBrowser(WebUiBuiltInKeywords.groovy:61)
	at com.kms.katalon.core.webui.keyword.WebUiBuiltInKeywords$openBrowser.call(Unknown Source)
	at OPEN_BROWSER.run(OPEN_BROWSER:18)
	at com.kms.katalon.core.main.ScriptEngine.run(ScriptEngine.java:194)
	at com.kms.katalon.core.main.ScriptEngine.runScriptAsRawText(ScriptEngine.java:119)
	at com.kms.katalon.core.main.TestCaseExecutor.runScript(TestCaseExecutor.java:339)
	at com.kms.katalon.core.main.TestCaseExecutor.doExecute(TestCaseExecutor.java:330)
	at com.kms.katalon.core.main.TestCaseExecutor.processExecutionPhase(TestCaseExecutor.java:309)
	at com.kms.katalon.core.main.TestCaseExecutor.accessMainPhase(TestCaseExecutor.java:301)
	at com.kms.katalon.core.main.TestCaseExecutor.execute(TestCaseExecutor.java:235)
	at com.kms.katalon.core.main.TestCaseMain.runTestCase(TestCaseMain.java:114)
	at com.kms.katalon.core.keyword.builtin.CallTestCaseKeyword$_callTestCase_closure1.doCall(CallTestCaseKeyword.groovy:59)
	at com.kms.katalon.core.keyword.builtin.CallTestCaseKeyword$_callTestCase_closure1.call(CallTestCaseKeyword.groovy)
	at com.kms.katalon.core.keyword.internal.KeywordMain.runKeyword(KeywordMain.groovy:68)
	at com.kms.katalon.core.keyword.builtin.CallTestCaseKeyword.callTestCase(CallTestCaseKeyword.groovy:81)
	at com.kms.katalon.core.keyword.builtin.CallTestCaseKeyword.execute(CallTestCaseKeyword.groovy:44)
	at com.kms.katalon.core.keyword.internal.KeywordExecutor.executeKeywordForPlatform(KeywordExecutor.groovy:73)
	at com.kms.katalon.core.keyword.BuiltinKeywords.callTestCase(BuiltinKeywords.groovy:334)
	at TC_DETAILS_UI_045.run(TC_DETAILS_UI_045:18)
	at com.kms.katalon.core.main.ScriptEngine.run(ScriptEngine.java:194)
	at com.kms.katalon.core.main.ScriptEngine.runScriptAsRawText(ScriptEngine.java:119)
	at com.kms.katalon.core.main.TestCaseExecutor.runScript(TestCaseExecutor.java:339)
	at com.kms.katalon.core.main.TestCaseExecutor.doExecute(TestCaseExecutor.java:330)
	at com.kms.katalon.core.main.TestCaseExecutor.processExecutionPhase(TestCaseExecutor.java:309)
	at com.kms.katalon.core.main.TestCaseExecutor.accessMainPhase(TestCaseExecutor.java:301)
	at com.kms.katalon.core.main.TestCaseExecutor.execute(TestCaseExecutor.java:235)
	at com.kms.katalon.core.main.TestSuiteExecutor.accessTestCaseMainPhase(TestSuiteExecutor.java:191)
	at com.kms.katalon.core.main.TestSuiteExecutor.accessTestSuiteMainPhase(TestSuiteExecutor.java:141)
	at com.kms.katalon.core.main.TestSuiteExecutor.execute(TestSuiteExecutor.java:90)
	at com.kms.katalon.core.main.TestCaseMain.startTestSuite(TestCaseMain.java:157)
	at com.kms.katalon.core.main.TestCaseMain$startTestSuite$0.call(Unknown Source)
	at TempTestSuite1649228487552.run(TempTestSuite1649228487552.groovy:39)
Caused by: org.openqa.selenium.WebDriverException: chrome not reachable
Build info: version: '3.141.59', revision: 'e82be7d358', time: '2018-11-14T08:25:53'
System info: host: 'DESKTOP-IJBB9BE', ip: '192.168.1.2', os.name: 'Windows 10', os.arch: 'amd64', os.version: '10.0', java.version: '1.8.0_181'
Driver info: driver.version: CChromeDriver
remote stacktrace: Backtrace:
	Ordinal0 [0x00409943+2595139]
	Ordinal0 [0x0039C9F1+2148849]
	Ordinal0 [0x002943F0+1065968]
	Ordinal0 [0x002886EB+1017579]
	Ordinal0 [0x002B3C78+1195128]
	Ordinal0 [0x002AFE37+1179191]
	Ordinal0 [0x002AD6F1+1169137]
	Ordinal0 [0x002E0530+1377584]
	Ordinal0 [0x002E018A+1376650]
	Ordinal0 [0x002DB806+1357830]
	Ordinal0 [0x002B6086+1204358]
	Ordinal0 [0x002B6F96+1208214]
	GetHandleVerifier [0x005AB232+1658114]
	GetHandleVerifier [0x0066312C+2411516]
	GetHandleVerifier [0x0049F261+560433]
	GetHandleVerifier [0x0049E366+556598]
	Ordinal0 [0x003A286B+2173035]
	Ordinal0 [0x003A75F8+2192888]
	Ordinal0 [0x003A76E5+2193125]
	Ordinal0 [0x003B11FC+2232828]
	BaseThreadInitThunk [0x770EFA29+25]
	RtlGetAppContainerNamedObjectPath [0x77D57A7E+286]
	RtlGetAppContainerNamedObjectPath [0x77D57A4E+238]

	at org.openqa.selenium.remote.W3CHandshakeResponse.lambda$errorHandler$0(W3CHandshakeResponse.java:62)
	at org.openqa.selenium.remote.HandshakeResponse.lambda$getResponseFunction$0(HandshakeResponse.java:30)
	at org.openqa.selenium.remote.ProtocolHandshake.lambda$createSession$0(ProtocolHandshake.java:126)
	at org.openqa.selenium.remote.ProtocolHandshake.createSession(ProtocolHandshake.java:128)
	at org.openqa.selenium.remote.ProtocolHandshake.createSession(ProtocolHandshake.java:74)
	at org.openqa.selenium.remote.HttpCommandExecutor.execute(HttpCommandExecutor.java:136)
	at org.openqa.selenium.remote.service.DriverCommandExecutor.execute(DriverCommandExecutor.java:83)
	at org.openqa.selenium.remote.RemoteWebDriver.execute(RemoteWebDriver.java:552)
	at com.kms.katalon.selenium.driver.CChromeDriver.execute(CChromeDriver.java:19)
	at org.openqa.selenium.remote.RemoteWebDriver.startSession(RemoteWebDriver.java:213)
	at org.openqa.selenium.remote.RemoteWebDriver.<init>(RemoteWebDriver.java:131)
	at org.openqa.selenium.chrome.ChromeDriver.<init>(ChromeDriver.java:181)
	at org.openqa.selenium.chrome.ChromeDriver.<init>(ChromeDriver.java:147)
	at com.kms.katalon.selenium.driver.CChromeDriver.<init>(CChromeDriver.java:13)
	at com.kms.katalon.core.webui.driver.DriverFactory.createNewChromeDriver(DriverFactory.java:392)
	at com.kms.katalon.core.webui.driver.DriverFactory.startNewBrowser(DriverFactory.java:350)
	at com.kms.katalon.core.webui.driver.DriverFactory.openWebDriver(DriverFactory.java:241)
	at com.kms.katalon.core.webui.keyword.builtin.OpenBrowserKeyword$_openBrowser_closure1.doCall(OpenBrowserKeyword.groovy:74)
	at com.kms.katalon.core.webui.keyword.builtin.OpenBrowserKeyword$_openBrowser_closure1.call(OpenBrowserKeyword.groovy)
	at com.kms.katalon.core.webui.keyword.internal.WebUIKeywordMain.runKeyword(WebUIKeywordMain.groovy:20)
	at com.kms.katalon.core.webui.keyword.builtin.OpenBrowserKeyword.openBrowser(OpenBrowserKeyword.groovy:81)
	at com.kms.katalon.core.webui.keyword.builtin.OpenBrowserKeyword.execute(OpenBrowserKeyword.groovy:67)
	at com.kms.katalon.core.keyword.internal.KeywordExecutor.executeKeywordForPlatform(KeywordExecutor.groovy:73)
	at com.kms.katalon.core.webui.keyword.WebUiBuiltInKeywords.openBrowser(WebUiBuiltInKeywords.groovy:61)
	at com.kms.katalon.core.webui.keyword.WebUiBuiltInKeywords$openBrowser.call(Unknown Source)
	at Script1601284353601.run(Script1601284353601.groovy:18)
	at com.kms.katalon.core.main.ScriptEngine.run(ScriptEngine.java:194)
	at com.kms.katalon.core.main.ScriptEngine.runScriptAsRawText(ScriptEngine.java:119)
	at com.kms.katalon.core.main.TestCaseExecutor.runScript(TestCaseExecutor.java:339)
	at com.kms.katalon.core.main.TestCaseExecutor.doExecute(TestCaseExecutor.java:330)
	at com.kms.katalon.core.main.TestCaseExecutor.processExecutionPhase(TestCaseExecutor.java:309)
	at com.kms.katalon.core.main.TestCaseExecutor.accessMainPhase(TestCaseExecutor.java:301)
	at com.kms.katalon.core.main.TestCaseExecutor.execute(TestCaseExecutor.java:235)
	at com.kms.katalon.core.main.TestCaseMain.runTestCase(TestCaseMain.java:114)
	at com.kms.katalon.core.keyword.builtin.CallTestCaseKeyword$_callTestCase_closure1.doCall(CallTestCaseKeyword.groovy:59)
	at com.kms.katalon.core.keyword.builtin.CallTestCaseKeyword$_callTestCase_closure1.call(CallTestCaseKeyword.groovy)
	at com.kms.katalon.core.keyword.internal.KeywordMain.runKeyword(KeywordMain.groovy:68)
	at com.kms.katalon.core.keyword.builtin.CallTestCaseKeyword.callTestCase(CallTestCaseKeyword.groovy:81)
	at com.kms.katalon.core.keyword.builtin.CallTestCaseKeyword.execute(CallTestCaseKeyword.groovy:44)
	at com.kms.katalon.core.keyword.internal.KeywordExecutor.executeKeywordForPlatform(KeywordExecutor.groovy:73)
	at com.kms.katalon.core.keyword.BuiltinKeywords.callTestCase(BuiltinKeywords.groovy:334)
	at Script1620629465518.run(Script1620629465518.groovy:18)
	... 13 more
)

2022-04-06 15:32:06 - [MESSAGE][WARNING] - A browser is already opened. Closing browser and opening a new one

2022-04-06 15:32:07 - [MESSAGE][INFO] - Starting 'Chrome' driver

2022-04-06 15:32:07 - [MESSAGE][INFO] - Action delay is set to 0 milliseconds

2022-04-06 15:33:08 - [MESSAGE][FAILED] - Unable to open browser with url: 'https://diagnostics.staging.arcadier.io/' (Root cause: com.kms.katalon.core.exception.StepFailedException: Unable to open browser with url: 'https://diagnostics.staging.arcadier.io/'
	at com.kms.katalon.core.webui.keyword.internal.WebUIKeywordMain.stepFailed(WebUIKeywordMain.groovy:64)
	at com.kms.katalon.core.webui.keyword.internal.WebUIKeywordMain.runKeyword(WebUIKeywordMain.groovy:26)
	at com.kms.katalon.core.webui.keyword.builtin.OpenBrowserKeyword.openBrowser(OpenBrowserKeyword.groovy:81)
	at com.kms.katalon.core.webui.keyword.builtin.OpenBrowserKeyword.execute(OpenBrowserKeyword.groovy:67)
	at com.kms.katalon.core.keyword.internal.KeywordExecutor.executeKeywordForPlatform(KeywordExecutor.groovy:73)
	at com.kms.katalon.core.webui.keyword.WebUiBuiltInKeywords.openBrowser(WebUiBuiltInKeywords.groovy:61)
	at com.kms.katalon.core.webui.keyword.WebUiBuiltInKeywords$openBrowser.call(Unknown Source)
	at OPEN_BROWSER.run(OPEN_BROWSER:18)
	at com.kms.katalon.core.main.ScriptEngine.run(ScriptEngine.java:194)
	at com.kms.katalon.core.main.ScriptEngine.runScriptAsRawText(ScriptEngine.java:119)
	at com.kms.katalon.core.main.TestCaseExecutor.runScript(TestCaseExecutor.java:339)
	at com.kms.katalon.core.main.TestCaseExecutor.doExecute(TestCaseExecutor.java:330)
	at com.kms.katalon.core.main.TestCaseExecutor.processExecutionPhase(TestCaseExecutor.java:309)
	at com.kms.katalon.core.main.TestCaseExecutor.accessMainPhase(TestCaseExecutor.java:301)
	at com.kms.katalon.core.main.TestCaseExecutor.execute(TestCaseExecutor.java:235)
	at com.kms.katalon.core.main.TestCaseMain.runTestCase(TestCaseMain.java:114)
	at com.kms.katalon.core.keyword.builtin.CallTestCaseKeyword$_callTestCase_closure1.doCall(CallTestCaseKeyword.groovy:59)
	at com.kms.katalon.core.keyword.builtin.CallTestCaseKeyword$_callTestCase_closure1.call(CallTestCaseKeyword.groovy)
	at com.kms.katalon.core.keyword.internal.KeywordMain.runKeyword(KeywordMain.groovy:68)
	at com.kms.katalon.core.keyword.builtin.CallTestCaseKeyword.callTestCase(CallTestCaseKeyword.groovy:81)
	at com.kms.katalon.core.keyword.builtin.CallTestCaseKeyword.execute(CallTestCaseKeyword.groovy:44)
	at com.kms.katalon.core.keyword.internal.KeywordExecutor.executeKeywordForPlatform(KeywordExecutor.groovy:73)
	at com.kms.katalon.core.keyword.BuiltinKeywords.callTestCase(BuiltinKeywords.groovy:334)
	at TC_DETAILS_UI_045.run(TC_DETAILS_UI_045:18)
	at com.kms.katalon.core.main.ScriptEngine.run(ScriptEngine.java:194)
	at com.kms.katalon.core.main.ScriptEngine.runScriptAsRawText(ScriptEngine.java:119)
	at com.kms.katalon.core.main.TestCaseExecutor.runScript(TestCaseExecutor.java:339)
	at com.kms.katalon.core.main.TestCaseExecutor.doExecute(TestCaseExecutor.java:330)
	at com.kms.katalon.core.main.TestCaseExecutor.processExecutionPhase(TestCaseExecutor.java:309)
	at com.kms.katalon.core.main.TestCaseExecutor.accessMainPhase(TestCaseExecutor.java:301)
	at com.kms.katalon.core.main.TestCaseExecutor.execute(TestCaseExecutor.java:235)
	at com.kms.katalon.core.main.TestSuiteExecutor.accessTestCaseMainPhase(TestSuiteExecutor.java:191)
	at com.kms.katalon.core.main.TestSuiteExecutor.accessTestSuiteMainPhase(TestSuiteExecutor.java:141)
	at com.kms.katalon.core.main.TestSuiteExecutor.execute(TestSuiteExecutor.java:90)
	at com.kms.katalon.core.main.TestCaseMain.startTestSuite(TestCaseMain.java:157)
	at com.kms.katalon.core.main.TestCaseMain$startTestSuite$0.call(Unknown Source)
	at TempTestSuite1649228487552.run(TempTestSuite1649228487552.groovy:39)
Caused by: org.openqa.selenium.WebDriverException: chrome not reachable
Build info: version: '3.141.59', revision: 'e82be7d358', time: '2018-11-14T08:25:53'
System info: host: 'DESKTOP-IJBB9BE', ip: '192.168.1.2', os.name: 'Windows 10', os.arch: 'amd64', os.version: '10.0', java.version: '1.8.0_181'
Driver info: driver.version: CChromeDriver
remote stacktrace: Backtrace:
	Ordinal0 [0x00409943+2595139]
	Ordinal0 [0x0039C9F1+2148849]
	Ordinal0 [0x002943F0+1065968]
	Ordinal0 [0x002886EB+1017579]
	Ordinal0 [0x002B3C78+1195128]
	Ordinal0 [0x002AFE37+1179191]
	Ordinal0 [0x002AD6F1+1169137]
	Ordinal0 [0x002E0530+1377584]
	Ordinal0 [0x002E018A+1376650]
	Ordinal0 [0x002DB806+1357830]
	Ordinal0 [0x002B6086+1204358]
	Ordinal0 [0x002B6F96+1208214]
	GetHandleVerifier [0x005AB232+1658114]
	GetHandleVerifier [0x0066312C+2411516]
	GetHandleVerifier [0x0049F261+560433]
	GetHandleVerifier [0x0049E366+556598]
	Ordinal0 [0x003A286B+2173035]
	Ordinal0 [0x003A75F8+2192888]
	Ordinal0 [0x003A76E5+2193125]
	Ordinal0 [0x003B11FC+2232828]
	BaseThreadInitThunk [0x770EFA29+25]
	RtlGetAppContainerNamedObjectPath [0x77D57A7E+286]
	RtlGetAppContainerNamedObjectPath [0x77D57A4E+238]

	at org.openqa.selenium.remote.W3CHandshakeResponse.lambda$errorHandler$0(W3CHandshakeResponse.java:62)
	at org.openqa.selenium.remote.HandshakeResponse.lambda$getResponseFunction$0(HandshakeResponse.java:30)
	at org.openqa.selenium.remote.ProtocolHandshake.lambda$createSession$0(ProtocolHandshake.java:126)
	at org.openqa.selenium.remote.ProtocolHandshake.createSession(ProtocolHandshake.java:128)
	at org.openqa.selenium.remote.ProtocolHandshake.createSession(ProtocolHandshake.java:74)
	at org.openqa.selenium.remote.HttpCommandExecutor.execute(HttpCommandExecutor.java:136)
	at org.openqa.selenium.remote.service.DriverCommandExecutor.execute(DriverCommandExecutor.java:83)
	at org.openqa.selenium.remote.RemoteWebDriver.execute(RemoteWebDriver.java:552)
	at com.kms.katalon.selenium.driver.CChromeDriver.execute(CChromeDriver.java:19)
	at org.openqa.selenium.remote.RemoteWebDriver.startSession(RemoteWebDriver.java:213)
	at org.openqa.selenium.remote.RemoteWebDriver.<init>(RemoteWebDriver.java:131)
	at org.openqa.selenium.chrome.ChromeDriver.<init>(ChromeDriver.java:181)
	at org.openqa.selenium.chrome.ChromeDriver.<init>(ChromeDriver.java:147)
	at com.kms.katalon.selenium.driver.CChromeDriver.<init>(CChromeDriver.java:13)
	at com.kms.katalon.core.webui.driver.DriverFactory.createNewChromeDriver(DriverFactory.java:392)
	at com.kms.katalon.core.webui.driver.DriverFactory.startNewBrowser(DriverFactory.java:350)
	at com.kms.katalon.core.webui.driver.DriverFactory.openWebDriver(DriverFactory.java:241)
	at com.kms.katalon.core.webui.keyword.builtin.OpenBrowserKeyword$_openBrowser_closure1.doCall(OpenBrowserKeyword.groovy:74)
	at com.kms.katalon.core.webui.keyword.builtin.OpenBrowserKeyword$_openBrowser_closure1.call(OpenBrowserKeyword.groovy)
	at com.kms.katalon.core.webui.keyword.internal.WebUIKeywordMain.runKeyword(WebUIKeywordMain.groovy:20)
	at com.kms.katalon.core.webui.keyword.builtin.OpenBrowserKeyword.openBrowser(OpenBrowserKeyword.groovy:81)
	at com.kms.katalon.core.webui.keyword.builtin.OpenBrowserKeyword.execute(OpenBrowserKeyword.groovy:67)
	at com.kms.katalon.core.keyword.internal.KeywordExecutor.executeKeywordForPlatform(KeywordExecutor.groovy:73)
	at com.kms.katalon.core.webui.keyword.WebUiBuiltInKeywords.openBrowser(WebUiBuiltInKeywords.groovy:61)
	at com.kms.katalon.core.webui.keyword.WebUiBuiltInKeywords$openBrowser.call(Unknown Source)
	at Script1601284353601.run(Script1601284353601.groovy:18)
	at com.kms.katalon.core.main.ScriptEngine.run(ScriptEngine.java:194)
	at com.kms.katalon.core.main.ScriptEngine.runScriptAsRawText(ScriptEngine.java:119)
	at com.kms.katalon.core.main.TestCaseExecutor.runScript(TestCaseExecutor.java:339)
	at com.kms.katalon.core.main.TestCaseExecutor.doExecute(TestCaseExecutor.java:330)
	at com.kms.katalon.core.main.TestCaseExecutor.processExecutionPhase(TestCaseExecutor.java:309)
	at com.kms.katalon.core.main.TestCaseExecutor.accessMainPhase(TestCaseExecutor.java:301)
	at com.kms.katalon.core.main.TestCaseExecutor.execute(TestCaseExecutor.java:235)
	at com.kms.katalon.core.main.TestCaseMain.runTestCase(TestCaseMain.java:114)
	at com.kms.katalon.core.keyword.builtin.CallTestCaseKeyword$_callTestCase_closure1.doCall(CallTestCaseKeyword.groovy:59)
	at com.kms.katalon.core.keyword.builtin.CallTestCaseKeyword$_callTestCase_closure1.call(CallTestCaseKeyword.groovy)
	at com.kms.katalon.core.keyword.internal.KeywordMain.runKeyword(KeywordMain.groovy:68)
	at com.kms.katalon.core.keyword.builtin.CallTestCaseKeyword.callTestCase(CallTestCaseKeyword.groovy:81)
	at com.kms.katalon.core.keyword.builtin.CallTestCaseKeyword.execute(CallTestCaseKeyword.groovy:44)
	at com.kms.katalon.core.keyword.internal.KeywordExecutor.executeKeywordForPlatform(KeywordExecutor.groovy:73)
	at com.kms.katalon.core.keyword.BuiltinKeywords.callTestCase(BuiltinKeywords.groovy:334)
	at Script1620629465518.run(Script1620629465518.groovy:18)
	... 13 more
)

2022-04-06 15:33:08 - [MESSAGE][FAILED] - Unable to call Test Case 'Test Cases/Custom Item Details/UTILITIES/OPEN_BROWSER' (Root cause: com.kms.katalon.core.exception.StepFailedException: Call Test Case 'Test Cases/Custom Item Details/UTILITIES/OPEN_BROWSER' failed
	at com.kms.katalon.core.keyword.builtin.CallTestCaseKeyword$_callTestCase_closure1.doCall(CallTestCaseKeyword.groovy:63)
	at com.kms.katalon.core.keyword.builtin.CallTestCaseKeyword$_callTestCase_closure1.call(CallTestCaseKeyword.groovy)
	at com.kms.katalon.core.keyword.internal.KeywordMain.runKeyword(KeywordMain.groovy:68)
	at com.kms.katalon.core.keyword.builtin.CallTestCaseKeyword.callTestCase(CallTestCaseKeyword.groovy:81)
	at com.kms.katalon.core.keyword.builtin.CallTestCaseKeyword.execute(CallTestCaseKeyword.groovy:44)
	at com.kms.katalon.core.keyword.internal.KeywordExecutor.executeKeywordForPlatform(KeywordExecutor.groovy:73)
	at com.kms.katalon.core.keyword.BuiltinKeywords.callTestCase(BuiltinKeywords.groovy:334)
	at TC_DETAILS_UI_045.run(TC_DETAILS_UI_045:18)
	at com.kms.katalon.core.main.ScriptEngine.run(ScriptEngine.java:194)
	at com.kms.katalon.core.main.ScriptEngine.runScriptAsRawText(ScriptEngine.java:119)
	at com.kms.katalon.core.main.TestCaseExecutor.runScript(TestCaseExecutor.java:339)
	at com.kms.katalon.core.main.TestCaseExecutor.doExecute(TestCaseExecutor.java:330)
	at com.kms.katalon.core.main.TestCaseExecutor.processExecutionPhase(TestCaseExecutor.java:309)
	at com.kms.katalon.core.main.TestCaseExecutor.accessMainPhase(TestCaseExecutor.java:301)
	at com.kms.katalon.core.main.TestCaseExecutor.execute(TestCaseExecutor.java:235)
	at com.kms.katalon.core.main.TestSuiteExecutor.accessTestCaseMainPhase(TestSuiteExecutor.java:191)
	at com.kms.katalon.core.main.TestSuiteExecutor.accessTestSuiteMainPhase(TestSuiteExecutor.java:141)
	at com.kms.katalon.core.main.TestSuiteExecutor.execute(TestSuiteExecutor.java:90)
	at com.kms.katalon.core.main.TestCaseMain.startTestSuite(TestCaseMain.java:157)
	at com.kms.katalon.core.main.TestCaseMain$startTestSuite$0.call(Unknown Source)
	at TempTestSuite1649228487552.run(TempTestSuite1649228487552.groovy:39)
Caused by: com.kms.katalon.core.exception.StepFailedException: Unable to open browser with url: 'https://diagnostics.staging.arcadier.io/'
	at com.kms.katalon.core.webui.keyword.internal.WebUIKeywordMain.stepFailed(WebUIKeywordMain.groovy:64)
	at com.kms.katalon.core.webui.keyword.internal.WebUIKeywordMain.runKeyword(WebUIKeywordMain.groovy:26)
	at com.kms.katalon.core.webui.keyword.builtin.OpenBrowserKeyword.openBrowser(OpenBrowserKeyword.groovy:81)
	at com.kms.katalon.core.webui.keyword.builtin.OpenBrowserKeyword.execute(OpenBrowserKeyword.groovy:67)
	at com.kms.katalon.core.keyword.internal.KeywordExecutor.executeKeywordForPlatform(KeywordExecutor.groovy:73)
	at com.kms.katalon.core.webui.keyword.WebUiBuiltInKeywords.openBrowser(WebUiBuiltInKeywords.groovy:61)
	at com.kms.katalon.core.webui.keyword.WebUiBuiltInKeywords$openBrowser.call(Unknown Source)
	at OPEN_BROWSER.run(OPEN_BROWSER:18)
	at com.kms.katalon.core.main.ScriptEngine.run(ScriptEngine.java:194)
	at com.kms.katalon.core.main.ScriptEngine.runScriptAsRawText(ScriptEngine.java:119)
	at com.kms.katalon.core.main.TestCaseExecutor.runScript(TestCaseExecutor.java:339)
	at com.kms.katalon.core.main.TestCaseExecutor.doExecute(TestCaseExecutor.java:330)
	at com.kms.katalon.core.main.TestCaseExecutor.processExecutionPhase(TestCaseExecutor.java:309)
	at com.kms.katalon.core.main.TestCaseExecutor.accessMainPhase(TestCaseExecutor.java:301)
	at com.kms.katalon.core.main.TestCaseExecutor.execute(TestCaseExecutor.java:235)
	at com.kms.katalon.core.main.TestCaseMain.runTestCase(TestCaseMain.java:114)
	at com.kms.katalon.core.keyword.builtin.CallTestCaseKeyword$_callTestCase_closure1.doCall(CallTestCaseKeyword.groovy:59)
	... 20 more
Caused by: org.openqa.selenium.WebDriverException: chrome not reachable
Build info: version: '3.141.59', revision: 'e82be7d358', time: '2018-11-14T08:25:53'
System info: host: 'DESKTOP-IJBB9BE', ip: '192.168.1.2', os.name: 'Windows 10', os.arch: 'amd64', os.version: '10.0', java.version: '1.8.0_181'
Driver info: driver.version: CChromeDriver
remote stacktrace: Backtrace:
	Ordinal0 [0x00409943+2595139]
	Ordinal0 [0x0039C9F1+2148849]
	Ordinal0 [0x002943F0+1065968]
	Ordinal0 [0x002886EB+1017579]
	Ordinal0 [0x002B3C78+1195128]
	Ordinal0 [0x002AFE37+1179191]
	Ordinal0 [0x002AD6F1+1169137]
	Ordinal0 [0x002E0530+1377584]
	Ordinal0 [0x002E018A+1376650]
	Ordinal0 [0x002DB806+1357830]
	Ordinal0 [0x002B6086+1204358]
	Ordinal0 [0x002B6F96+1208214]
	GetHandleVerifier [0x005AB232+1658114]
	GetHandleVerifier [0x0066312C+2411516]
	GetHandleVerifier [0x0049F261+560433]
	GetHandleVerifier [0x0049E366+556598]
	Ordinal0 [0x003A286B+2173035]
	Ordinal0 [0x003A75F8+2192888]
	Ordinal0 [0x003A76E5+2193125]
	Ordinal0 [0x003B11FC+2232828]
	BaseThreadInitThunk [0x770EFA29+25]
	RtlGetAppContainerNamedObjectPath [0x77D57A7E+286]
	RtlGetAppContainerNamedObjectPath [0x77D57A4E+238]

	at org.openqa.selenium.remote.W3CHandshakeResponse.lambda$errorHandler$0(W3CHandshakeResponse.java:62)
	at org.openqa.selenium.remote.HandshakeResponse.lambda$getResponseFunction$0(HandshakeResponse.java:30)
	at org.openqa.selenium.remote.ProtocolHandshake.lambda$createSession$0(ProtocolHandshake.java:126)
	at org.openqa.selenium.remote.ProtocolHandshake.createSession(ProtocolHandshake.java:128)
	at org.openqa.selenium.remote.ProtocolHandshake.createSession(ProtocolHandshake.java:74)
	at org.openqa.selenium.remote.HttpCommandExecutor.execute(HttpCommandExecutor.java:136)
	at org.openqa.selenium.remote.service.DriverCommandExecutor.execute(DriverCommandExecutor.java:83)
	at org.openqa.selenium.remote.RemoteWebDriver.execute(RemoteWebDriver.java:552)
	at com.kms.katalon.selenium.driver.CChromeDriver.execute(CChromeDriver.java:19)
	at org.openqa.selenium.remote.RemoteWebDriver.startSession(RemoteWebDriver.java:213)
	at org.openqa.selenium.remote.RemoteWebDriver.<init>(RemoteWebDriver.java:131)
	at org.openqa.selenium.chrome.ChromeDriver.<init>(ChromeDriver.java:181)
	at org.openqa.selenium.chrome.ChromeDriver.<init>(ChromeDriver.java:147)
	at com.kms.katalon.selenium.driver.CChromeDriver.<init>(CChromeDriver.java:13)
	at com.kms.katalon.core.webui.driver.DriverFactory.createNewChromeDriver(DriverFactory.java:392)
	at com.kms.katalon.core.webui.driver.DriverFactory.startNewBrowser(DriverFactory.java:350)
	at com.kms.katalon.core.webui.driver.DriverFactory.openWebDriver(DriverFactory.java:241)
	at com.kms.katalon.core.webui.keyword.builtin.OpenBrowserKeyword$_openBrowser_closure1.doCall(OpenBrowserKeyword.groovy:74)
	at com.kms.katalon.core.webui.keyword.builtin.OpenBrowserKeyword$_openBrowser_closure1.call(OpenBrowserKeyword.groovy)
	at com.kms.katalon.core.webui.keyword.internal.WebUIKeywordMain.runKeyword(WebUIKeywordMain.groovy:20)
	... 35 more
)]]></system-out>
         <system-err><![CDATA[2022-04-06 15:32:06 - [TEST_CASE][FAILED] - Test Cases/Custom Item Details/TEST CASE/TC_DETAILS_UI_045: Test Cases/Custom Item Details/TEST CASE/TC_DETAILS_UI_045 FAILED.
Reason:
com.kms.katalon.core.exception.StepFailedException: Call Test Case 'Test Cases/Custom Item Details/UTILITIES/OPEN_BROWSER' failed
	at com.kms.katalon.core.keyword.builtin.CallTestCaseKeyword$_callTestCase_closure1.doCall(CallTestCaseKeyword.groovy:63)
	at com.kms.katalon.core.keyword.builtin.CallTestCaseKeyword$_callTestCase_closure1.call(CallTestCaseKeyword.groovy)
	at com.kms.katalon.core.keyword.internal.KeywordMain.runKeyword(KeywordMain.groovy:68)
	at com.kms.katalon.core.keyword.builtin.CallTestCaseKeyword.callTestCase(CallTestCaseKeyword.groovy:81)
	at com.kms.katalon.core.keyword.builtin.CallTestCaseKeyword.execute(CallTestCaseKeyword.groovy:44)
	at com.kms.katalon.core.keyword.internal.KeywordExecutor.executeKeywordForPlatform(KeywordExecutor.groovy:73)
	at com.kms.katalon.core.keyword.BuiltinKeywords.callTestCase(BuiltinKeywords.groovy:334)
	at TC_DETAILS_UI_045.run(TC_DETAILS_UI_045:18)
	at com.kms.katalon.core.main.ScriptEngine.run(ScriptEngine.java:194)
	at com.kms.katalon.core.main.ScriptEngine.runScriptAsRawText(ScriptEngine.java:119)
	at com.kms.katalon.core.main.TestCaseExecutor.runScript(TestCaseExecutor.java:339)
	at com.kms.katalon.core.main.TestCaseExecutor.doExecute(TestCaseExecutor.java:330)
	at com.kms.katalon.core.main.TestCaseExecutor.processExecutionPhase(TestCaseExecutor.java:309)
	at com.kms.katalon.core.main.TestCaseExecutor.accessMainPhase(TestCaseExecutor.java:301)
	at com.kms.katalon.core.main.TestCaseExecutor.execute(TestCaseExecutor.java:235)
	at com.kms.katalon.core.main.TestSuiteExecutor.accessTestCaseMainPhase(TestSuiteExecutor.java:191)
	at com.kms.katalon.core.main.TestSuiteExecutor.accessTestSuiteMainPhase(TestSuiteExecutor.java:141)
	at com.kms.katalon.core.main.TestSuiteExecutor.execute(TestSuiteExecutor.java:90)
	at com.kms.katalon.core.main.TestCaseMain.startTestSuite(TestCaseMain.java:157)
	at com.kms.katalon.core.main.TestCaseMain$startTestSuite$0.call(Unknown Source)
	at TempTestSuite1649228487552.run(TempTestSuite1649228487552.groovy:39)
Caused by: com.kms.katalon.core.exception.StepFailedException: Unable to open browser with url: 'https://diagnostics.staging.arcadier.io/'
	at com.kms.katalon.core.webui.keyword.internal.WebUIKeywordMain.stepFailed(WebUIKeywordMain.groovy:64)
	at com.kms.katalon.core.webui.keyword.internal.WebUIKeywordMain.runKeyword(WebUIKeywordMain.groovy:26)
	at com.kms.katalon.core.webui.keyword.builtin.OpenBrowserKeyword.openBrowser(OpenBrowserKeyword.groovy:81)
	at com.kms.katalon.core.webui.keyword.builtin.OpenBrowserKeyword.execute(OpenBrowserKeyword.groovy:67)
	at com.kms.katalon.core.keyword.internal.KeywordExecutor.executeKeywordForPlatform(KeywordExecutor.groovy:73)
	at com.kms.katalon.core.webui.keyword.WebUiBuiltInKeywords.openBrowser(WebUiBuiltInKeywords.groovy:61)
	at com.kms.katalon.core.webui.keyword.WebUiBuiltInKeywords$openBrowser.call(Unknown Source)
	at OPEN_BROWSER.run(OPEN_BROWSER:18)
	at com.kms.katalon.core.main.ScriptEngine.run(ScriptEngine.java:194)
	at com.kms.katalon.core.main.ScriptEngine.runScriptAsRawText(ScriptEngine.java:119)
	at com.kms.katalon.core.main.TestCaseExecutor.runScript(TestCaseExecutor.java:339)
	at com.kms.katalon.core.main.TestCaseExecutor.doExecute(TestCaseExecutor.java:330)
	at com.kms.katalon.core.main.TestCaseExecutor.processExecutionPhase(TestCaseExecutor.java:309)
	at com.kms.katalon.core.main.TestCaseExecutor.accessMainPhase(TestCaseExecutor.java:301)
	at com.kms.katalon.core.main.TestCaseExecutor.execute(TestCaseExecutor.java:235)
	at com.kms.katalon.core.main.TestCaseMain.runTestCase(TestCaseMain.java:114)
	at com.kms.katalon.core.keyword.builtin.CallTestCaseKeyword$_callTestCase_closure1.doCall(CallTestCaseKeyword.groovy:59)
	... 20 more
Caused by: org.openqa.selenium.WebDriverException: chrome not reachable
Build info: version: '3.141.59', revision: 'e82be7d358', time: '2018-11-14T08:25:53'
System info: host: 'DESKTOP-IJBB9BE', ip: '192.168.1.2', os.name: 'Windows 10', os.arch: 'amd64', os.version: '10.0', java.version: '1.8.0_181'
Driver info: driver.version: CChromeDriver
remote stacktrace: Backtrace:
	Ordinal0 [0x00409943+2595139]
	Ordinal0 [0x0039C9F1+2148849]
	Ordinal0 [0x002943F0+1065968]
	Ordinal0 [0x002886EB+1017579]
	Ordinal0 [0x002B3C78+1195128]
	Ordinal0 [0x002AFE37+1179191]
	Ordinal0 [0x002AD6F1+1169137]
	Ordinal0 [0x002E0530+1377584]
	Ordinal0 [0x002E018A+1376650]
	Ordinal0 [0x002DB806+1357830]
	Ordinal0 [0x002B6086+1204358]
	Ordinal0 [0x002B6F96+1208214]
	GetHandleVerifier [0x005AB232+1658114]
	GetHandleVerifier [0x0066312C+2411516]
	GetHandleVerifier [0x0049F261+560433]
	GetHandleVerifier [0x0049E366+556598]
	Ordinal0 [0x003A286B+2173035]
	Ordinal0 [0x003A75F8+2192888]
	Ordinal0 [0x003A76E5+2193125]
	Ordinal0 [0x003B11FC+2232828]
	BaseThreadInitThunk [0x770EFA29+25]
	RtlGetAppContainerNamedObjectPath [0x77D57A7E+286]
	RtlGetAppContainerNamedObjectPath [0x77D57A4E+238]

	at org.openqa.selenium.remote.W3CHandshakeResponse.lambda$errorHandler$0(W3CHandshakeResponse.java:62)
	at org.openqa.selenium.remote.HandshakeResponse.lambda$getResponseFunction$0(HandshakeResponse.java:30)
	at org.openqa.selenium.remote.ProtocolHandshake.lambda$createSession$0(ProtocolHandshake.java:126)
	at org.openqa.selenium.remote.ProtocolHandshake.createSession(ProtocolHandshake.java:128)
	at org.openqa.selenium.remote.ProtocolHandshake.createSession(ProtocolHandshake.java:74)
	at org.openqa.selenium.remote.HttpCommandExecutor.execute(HttpCommandExecutor.java:136)
	at org.openqa.selenium.remote.service.DriverCommandExecutor.execute(DriverCommandExecutor.java:83)
	at org.openqa.selenium.remote.RemoteWebDriver.execute(RemoteWebDriver.java:552)
	at com.kms.katalon.selenium.driver.CChromeDriver.execute(CChromeDriver.java:19)
	at org.openqa.selenium.remote.RemoteWebDriver.startSession(RemoteWebDriver.java:213)
	at org.openqa.selenium.remote.RemoteWebDriver.<init>(RemoteWebDriver.java:131)
	at org.openqa.selenium.chrome.ChromeDriver.<init>(ChromeDriver.java:181)
	at org.openqa.selenium.chrome.ChromeDriver.<init>(ChromeDriver.java:147)
	at com.kms.katalon.selenium.driver.CChromeDriver.<init>(CChromeDriver.java:13)
	at com.kms.katalon.core.webui.driver.DriverFactory.createNewChromeDriver(DriverFactory.java:392)
	at com.kms.katalon.core.webui.driver.DriverFactory.startNewBrowser(DriverFactory.java:350)
	at com.kms.katalon.core.webui.driver.DriverFactory.openWebDriver(DriverFactory.java:241)
	at com.kms.katalon.core.webui.keyword.builtin.OpenBrowserKeyword$_openBrowser_closure1.doCall(OpenBrowserKeyword.groovy:74)
	at com.kms.katalon.core.webui.keyword.builtin.OpenBrowserKeyword$_openBrowser_closure1.call(OpenBrowserKeyword.groovy)
	at com.kms.katalon.core.webui.keyword.internal.WebUIKeywordMain.runKeyword(WebUIKeywordMain.groovy:20)
	... 35 more]]></system-err>
      </testcase>
      <testcase name="Test Cases/Custom Item Details/TEST CASE/TC_DETAILS_UI_046" time="20.433" classname="Test Cases/Custom Item Details/TEST CASE/TC_DETAILS_UI_046" status="PASSED">
         <system-out><![CDATA[2022-04-06 15:33:08 - [TEST_CASE][PASSED] - Test Cases/Custom Item Details/TEST CASE/TC_DETAILS_UI_046: Test Cases/Custom Item Details/TEST CASE/TC_DETAILS_UI_046

2022-04-06 15:33:08 - [TEST_STEP][PASSED] - callTestCase(findTestCase("Custom Item Details/UTILITIES/OPEN_BROWSER"), [:], STOP_ON_FAILURE): Call Test Case 'Test Cases/Custom Item Details/UTILITIES/OPEN_BROWSER' successfully

2022-04-06 15:33:08 - [TEST_CASE][PASSED] - Test Cases/Custom Item Details/UTILITIES/OPEN_BROWSER: Test Cases/Custom Item Details/UTILITIES/OPEN_BROWSER

2022-04-06 15:33:08 - [TEST_STEP][PASSED] - openBrowser("https://diagnostics.staging.arcadier.io/"): Browser is opened with url: 'https://diagnostics.staging.arcadier.io/'

2022-04-06 15:33:08 - [MESSAGE][INFO] - Starting 'Chrome' driver

2022-04-06 15:33:08 - [MESSAGE][INFO] - Action delay is set to 0 milliseconds

2022-04-06 15:33:11 - [MESSAGE][PASSED] - Browser is opened with url: 'https://diagnostics.staging.arcadier.io/'

2022-04-06 15:33:11 - [TEST_STEP][PASSED] - maximizeWindow(): Current window maximized

2022-04-06 15:33:12 - [MESSAGE][PASSED] - Current window maximized

2022-04-06 15:33:12 - [TEST_STEP][PASSED] - click(findTestObject("Item Details Objects/Page_diagnostics/a_Accept Cookies")): Object: 'Object Repository/Item Details Objects/Page_diagnostics/a_Accept Cookies' is clicked on

2022-04-06 15:33:13 - [MESSAGE][PASSED] - Object: 'Object Repository/Item Details Objects/Page_diagnostics/a_Accept Cookies' is clicked on

2022-04-06 15:33:13 - [TEST_STEP][PASSED] - click(findTestObject("Staging Objects/Page_diagnostics/a_DIABETES DIAGNOSTICS"), STOP_ON_FAILURE): Object: 'Object Repository/Staging Objects/Page_diagnostics/a_DIABETES DIAGNOSTICS' is clicked on

2022-04-06 15:33:17 - [MESSAGE][PASSED] - Object: 'Object Repository/Staging Objects/Page_diagnostics/a_DIABETES DIAGNOSTICS' is clicked on

2022-04-06 15:33:17 - [TEST_STEP][PASSED] - mouseOver(findTestObject("Staging Objects/Page_diagnostics/a_CareSens N Eco Blood Glucose Meter")): Object: 'Object Repository/Staging Objects/Page_diagnostics/a_CareSens N Eco Blood Glucose Meter' is hovered

2022-04-06 15:33:21 - [MESSAGE][PASSED] - Object: 'Object Repository/Staging Objects/Page_diagnostics/a_CareSens N Eco Blood Glucose Meter' is hovered

2022-04-06 15:33:21 - [TEST_STEP][PASSED] - click(findTestObject("Staging Objects/Page_diagnostics/a_CareSens N Eco Blood Glucose Meter")): Object: 'Object Repository/Staging Objects/Page_diagnostics/a_CareSens N Eco Blood Glucose Meter' is clicked on

2022-04-06 15:33:26 - [MESSAGE][PASSED] - Object: 'Object Repository/Staging Objects/Page_diagnostics/a_CareSens N Eco Blood Glucose Meter' is clicked on

2022-04-06 15:33:26 - [MESSAGE][PASSED] - Call Test Case 'Test Cases/Custom Item Details/UTILITIES/OPEN_BROWSER' successfully

2022-04-06 15:33:26 - [TEST_STEP][PASSED] - waitForElementVisible(findTestObject("Staging Objects/Page_diagnostics/span_Volume pricing"), 0): Object 'Object Repository/Staging Objects/Page_diagnostics/span_Volume pricing' is visible

2022-04-06 15:33:26 - [MESSAGE][WARNING] - Timeout '0' is invalid. Using default page load timeout: '30'

2022-04-06 15:33:27 - [MESSAGE][PASSED] - Object 'Object Repository/Staging Objects/Page_diagnostics/span_Volume pricing' is visible

2022-04-06 15:33:27 - [TEST_STEP][PASSED] - verifyElementPresent(findTestObject("Staging Objects/Page_diagnostics/span_Volume pricing"), 0): Object 'Object Repository/Staging Objects/Page_diagnostics/span_Volume pricing' is present

2022-04-06 15:33:27 - [MESSAGE][WARNING] - Timeout '0' is invalid. Using default page load timeout: '30'

2022-04-06 15:33:28 - [MESSAGE][PASSED] - Object 'Object Repository/Staging Objects/Page_diagnostics/span_Volume pricing' is present

2022-04-06 15:33:28 - [TEST_STEP][PASSED] - callTestCase(findTestCase("Custom Item Details/UTILITIES/CLOSE_BROWSER"), [:], STOP_ON_FAILURE): Call Test Case 'Test Cases/Custom Item Details/UTILITIES/CLOSE_BROWSER' successfully

2022-04-06 15:33:28 - [TEST_CASE][PASSED] - Test Cases/Custom Item Details/UTILITIES/CLOSE_BROWSER: Test Cases/Custom Item Details/UTILITIES/CLOSE_BROWSER

2022-04-06 15:33:28 - [TEST_STEP][PASSED] - closeBrowser(): Browser is closed

2022-04-06 15:33:28 - [MESSAGE][PASSED] - Browser is closed

2022-04-06 15:33:28 - [MESSAGE][PASSED] - Call Test Case 'Test Cases/Custom Item Details/UTILITIES/CLOSE_BROWSER' successfully]]></system-out>
         <system-err><![CDATA[]]></system-err>
      </testcase>
      <testcase name="Test Cases/Custom Item Details/TEST CASE/TC_DETAILS_UI_047" time="77.994" classname="Test Cases/Custom Item Details/TEST CASE/TC_DETAILS_UI_047" status="FAILED">
         <failure type="FAILED" message="Test Cases/Custom Item Details/TEST CASE/TC_DETAILS_UI_047 FAILED.
Reason:
com.kms.katalon.core.exception.StepFailedException: Unable to verify object 'Object Repository/Staging Objects/Page_diagnostics/span_User care' is present
	at com.kms.katalon.core.webui.keyword.internal.WebUIKeywordMain.stepFailed(WebUIKeywordMain.groovy:64)
	at com.kms.katalon.core.webui.keyword.internal.WebUIKeywordMain.runKeyword(WebUIKeywordMain.groovy:26)
	at com.kms.katalon.core.webui.keyword.builtin.VerifyElementPresentKeyword.verifyElementPresent(VerifyElementPresentKeyword.groovy:92)
	at com.kms.katalon.core.webui.keyword.builtin.VerifyElementPresentKeyword.execute(VerifyElementPresentKeyword.groovy:68)
	at com.kms.katalon.core.keyword.internal.KeywordExecutor.executeKeywordForPlatform(KeywordExecutor.groovy:73)
	at com.kms.katalon.core.webui.keyword.WebUiBuiltInKeywords.verifyElementPresent(WebUiBuiltInKeywords.groovy:1461)
	at com.kms.katalon.core.webui.keyword.WebUiBuiltInKeywords$verifyElementPresent$9.call(Unknown Source)
	at TC_DETAILS_UI_047.run(TC_DETAILS_UI_047:22)
	at com.kms.katalon.core.main.ScriptEngine.run(ScriptEngine.java:194)
	at com.kms.katalon.core.main.ScriptEngine.runScriptAsRawText(ScriptEngine.java:119)
	at com.kms.katalon.core.main.TestCaseExecutor.runScript(TestCaseExecutor.java:339)
	at com.kms.katalon.core.main.TestCaseExecutor.doExecute(TestCaseExecutor.java:330)
	at com.kms.katalon.core.main.TestCaseExecutor.processExecutionPhase(TestCaseExecutor.java:309)
	at com.kms.katalon.core.main.TestCaseExecutor.accessMainPhase(TestCaseExecutor.java:301)
	at com.kms.katalon.core.main.TestCaseExecutor.execute(TestCaseExecutor.java:235)
	at com.kms.katalon.core.main.TestSuiteExecutor.accessTestCaseMainPhase(TestSuiteExecutor.java:191)
	at com.kms.katalon.core.main.TestSuiteExecutor.accessTestSuiteMainPhase(TestSuiteExecutor.java:141)
	at com.kms.katalon.core.main.TestSuiteExecutor.execute(TestSuiteExecutor.java:90)
	at com.kms.katalon.core.main.TestCaseMain.startTestSuite(TestCaseMain.java:157)
	at com.kms.katalon.core.main.TestCaseMain$startTestSuite$0.call(Unknown Source)
	at TempTestSuite1649228487552.run(TempTestSuite1649228487552.groovy:39)
Caused by: com.kms.katalon.core.exception.StepFailedException: com.kms.katalon.core.webui.exception.WebElementNotFoundException: Web element with id: 'Object Repository/Staging Objects/Page_diagnostics/span_User care' located by '//div[@id='tab-desc3']/div[2]/div[12]/span' not found
	at com.kms.katalon.core.webui.keyword.internal.WebUIKeywordMain.stepFailed(WebUIKeywordMain.groovy:64)
	at com.kms.katalon.core.webui.keyword.builtin.VerifyElementPresentKeyword$_verifyElementPresent_closure1.doCall(VerifyElementPresentKeyword.groovy:85)
	at com.kms.katalon.core.webui.keyword.builtin.VerifyElementPresentKeyword$_verifyElementPresent_closure1.call(VerifyElementPresentKeyword.groovy)
	at com.kms.katalon.core.webui.keyword.internal.WebUIKeywordMain.runKeyword(WebUIKeywordMain.groovy:20)
	... 19 more
"/>
         <system-out><![CDATA[2022-04-06 15:33:28 - [TEST_CASE][FAILED] - Test Cases/Custom Item Details/TEST CASE/TC_DETAILS_UI_047: Test Cases/Custom Item Details/TEST CASE/TC_DETAILS_UI_047 FAILED.
Reason:
com.kms.katalon.core.exception.StepFailedException: Unable to verify object 'Object Repository/Staging Objects/Page_diagnostics/span_User care' is present
	at com.kms.katalon.core.webui.keyword.internal.WebUIKeywordMain.stepFailed(WebUIKeywordMain.groovy:64)
	at com.kms.katalon.core.webui.keyword.internal.WebUIKeywordMain.runKeyword(WebUIKeywordMain.groovy:26)
	at com.kms.katalon.core.webui.keyword.builtin.VerifyElementPresentKeyword.verifyElementPresent(VerifyElementPresentKeyword.groovy:92)
	at com.kms.katalon.core.webui.keyword.builtin.VerifyElementPresentKeyword.execute(VerifyElementPresentKeyword.groovy:68)
	at com.kms.katalon.core.keyword.internal.KeywordExecutor.executeKeywordForPlatform(KeywordExecutor.groovy:73)
	at com.kms.katalon.core.webui.keyword.WebUiBuiltInKeywords.verifyElementPresent(WebUiBuiltInKeywords.groovy:1461)
	at com.kms.katalon.core.webui.keyword.WebUiBuiltInKeywords$verifyElementPresent$9.call(Unknown Source)
	at TC_DETAILS_UI_047.run(TC_DETAILS_UI_047:22)
	at com.kms.katalon.core.main.ScriptEngine.run(ScriptEngine.java:194)
	at com.kms.katalon.core.main.ScriptEngine.runScriptAsRawText(ScriptEngine.java:119)
	at com.kms.katalon.core.main.TestCaseExecutor.runScript(TestCaseExecutor.java:339)
	at com.kms.katalon.core.main.TestCaseExecutor.doExecute(TestCaseExecutor.java:330)
	at com.kms.katalon.core.main.TestCaseExecutor.processExecutionPhase(TestCaseExecutor.java:309)
	at com.kms.katalon.core.main.TestCaseExecutor.accessMainPhase(TestCaseExecutor.java:301)
	at com.kms.katalon.core.main.TestCaseExecutor.execute(TestCaseExecutor.java:235)
	at com.kms.katalon.core.main.TestSuiteExecutor.accessTestCaseMainPhase(TestSuiteExecutor.java:191)
	at com.kms.katalon.core.main.TestSuiteExecutor.accessTestSuiteMainPhase(TestSuiteExecutor.java:141)
	at com.kms.katalon.core.main.TestSuiteExecutor.execute(TestSuiteExecutor.java:90)
	at com.kms.katalon.core.main.TestCaseMain.startTestSuite(TestCaseMain.java:157)
	at com.kms.katalon.core.main.TestCaseMain$startTestSuite$0.call(Unknown Source)
	at TempTestSuite1649228487552.run(TempTestSuite1649228487552.groovy:39)
Caused by: com.kms.katalon.core.exception.StepFailedException: com.kms.katalon.core.webui.exception.WebElementNotFoundException: Web element with id: 'Object Repository/Staging Objects/Page_diagnostics/span_User care' located by '//div[@id='tab-desc3']/div[2]/div[12]/span' not found
	at com.kms.katalon.core.webui.keyword.internal.WebUIKeywordMain.stepFailed(WebUIKeywordMain.groovy:64)
	at com.kms.katalon.core.webui.keyword.builtin.VerifyElementPresentKeyword$_verifyElementPresent_closure1.doCall(VerifyElementPresentKeyword.groovy:85)
	at com.kms.katalon.core.webui.keyword.builtin.VerifyElementPresentKeyword$_verifyElementPresent_closure1.call(VerifyElementPresentKeyword.groovy)
	at com.kms.katalon.core.webui.keyword.internal.WebUIKeywordMain.runKeyword(WebUIKeywordMain.groovy:20)
	... 19 more


2022-04-06 15:33:29 - [TEST_STEP][PASSED] - callTestCase(findTestCase("Custom Item Details/UTILITIES/OPEN_BROWSER"), [:], STOP_ON_FAILURE): Call Test Case 'Test Cases/Custom Item Details/UTILITIES/OPEN_BROWSER' successfully

2022-04-06 15:33:29 - [TEST_CASE][PASSED] - Test Cases/Custom Item Details/UTILITIES/OPEN_BROWSER: Test Cases/Custom Item Details/UTILITIES/OPEN_BROWSER

2022-04-06 15:33:29 - [TEST_STEP][PASSED] - openBrowser("https://diagnostics.staging.arcadier.io/"): Browser is opened with url: 'https://diagnostics.staging.arcadier.io/'

2022-04-06 15:33:29 - [MESSAGE][INFO] - Starting 'Chrome' driver

2022-04-06 15:33:29 - [MESSAGE][INFO] - Action delay is set to 0 milliseconds

2022-04-06 15:33:32 - [MESSAGE][PASSED] - Browser is opened with url: 'https://diagnostics.staging.arcadier.io/'

2022-04-06 15:33:32 - [TEST_STEP][PASSED] - maximizeWindow(): Current window maximized

2022-04-06 15:33:32 - [MESSAGE][PASSED] - Current window maximized

2022-04-06 15:33:32 - [TEST_STEP][PASSED] - click(findTestObject("Item Details Objects/Page_diagnostics/a_Accept Cookies")): Object: 'Object Repository/Item Details Objects/Page_diagnostics/a_Accept Cookies' is clicked on

2022-04-06 15:33:34 - [MESSAGE][PASSED] - Object: 'Object Repository/Item Details Objects/Page_diagnostics/a_Accept Cookies' is clicked on

2022-04-06 15:33:34 - [TEST_STEP][PASSED] - click(findTestObject("Staging Objects/Page_diagnostics/a_DIABETES DIAGNOSTICS"), STOP_ON_FAILURE): Object: 'Object Repository/Staging Objects/Page_diagnostics/a_DIABETES DIAGNOSTICS' is clicked on

2022-04-06 15:33:35 - [MESSAGE][PASSED] - Object: 'Object Repository/Staging Objects/Page_diagnostics/a_DIABETES DIAGNOSTICS' is clicked on

2022-04-06 15:33:35 - [TEST_STEP][PASSED] - mouseOver(findTestObject("Staging Objects/Page_diagnostics/a_CareSens N Eco Blood Glucose Meter")): Object: 'Object Repository/Staging Objects/Page_diagnostics/a_CareSens N Eco Blood Glucose Meter' is hovered

2022-04-06 15:33:39 - [MESSAGE][PASSED] - Object: 'Object Repository/Staging Objects/Page_diagnostics/a_CareSens N Eco Blood Glucose Meter' is hovered

2022-04-06 15:33:39 - [TEST_STEP][PASSED] - click(findTestObject("Staging Objects/Page_diagnostics/a_CareSens N Eco Blood Glucose Meter")): Object: 'Object Repository/Staging Objects/Page_diagnostics/a_CareSens N Eco Blood Glucose Meter' is clicked on

2022-04-06 15:33:44 - [MESSAGE][PASSED] - Object: 'Object Repository/Staging Objects/Page_diagnostics/a_CareSens N Eco Blood Glucose Meter' is clicked on

2022-04-06 15:33:44 - [MESSAGE][PASSED] - Call Test Case 'Test Cases/Custom Item Details/UTILITIES/OPEN_BROWSER' successfully

2022-04-06 15:33:44 - [TEST_STEP][PASSED] - waitForElementVisible(findTestObject("Staging Objects/Page_diagnostics/span_User care"), 0): Web element with id: 'Object Repository/Staging Objects/Page_diagnostics/span_User care' located by '//div[@id='tab-desc3']/div[2]/div[12]/span' not found

2022-04-06 15:33:44 - [MESSAGE][WARNING] - Timeout '0' is invalid. Using default page load timeout: '30'

2022-04-06 15:34:15 - [MESSAGE][INFO] - Unable to find the element located by 'By.xpath: //div[@id='tab-desc3']/div[2]/div[12]/span'. Please recheck the objects properties to make sure the desired element is located. 

2022-04-06 15:34:15 - [MESSAGE][WARNING] - Web element with id: 'Object Repository/Staging Objects/Page_diagnostics/span_User care' located by '//div[@id='tab-desc3']/div[2]/div[12]/span' not found

2022-04-06 15:34:15 - [TEST_STEP][FAILED] - verifyElementPresent(findTestObject("Staging Objects/Page_diagnostics/span_User care"), 0): Unable to verify object 'Object Repository/Staging Objects/Page_diagnostics/span_User care' is present (Root cause: com.kms.katalon.core.exception.StepFailedException: Unable to verify object 'Object Repository/Staging Objects/Page_diagnostics/span_User care' is present
	at com.kms.katalon.core.webui.keyword.internal.WebUIKeywordMain.stepFailed(WebUIKeywordMain.groovy:64)
	at com.kms.katalon.core.webui.keyword.internal.WebUIKeywordMain.runKeyword(WebUIKeywordMain.groovy:26)
	at com.kms.katalon.core.webui.keyword.builtin.VerifyElementPresentKeyword.verifyElementPresent(VerifyElementPresentKeyword.groovy:92)
	at com.kms.katalon.core.webui.keyword.builtin.VerifyElementPresentKeyword.execute(VerifyElementPresentKeyword.groovy:68)
	at com.kms.katalon.core.keyword.internal.KeywordExecutor.executeKeywordForPlatform(KeywordExecutor.groovy:73)
	at com.kms.katalon.core.webui.keyword.WebUiBuiltInKeywords.verifyElementPresent(WebUiBuiltInKeywords.groovy:1461)
	at com.kms.katalon.core.webui.keyword.WebUiBuiltInKeywords$verifyElementPresent$9.call(Unknown Source)
	at TC_DETAILS_UI_047.run(TC_DETAILS_UI_047:22)
	at com.kms.katalon.core.main.ScriptEngine.run(ScriptEngine.java:194)
	at com.kms.katalon.core.main.ScriptEngine.runScriptAsRawText(ScriptEngine.java:119)
	at com.kms.katalon.core.main.TestCaseExecutor.runScript(TestCaseExecutor.java:339)
	at com.kms.katalon.core.main.TestCaseExecutor.doExecute(TestCaseExecutor.java:330)
	at com.kms.katalon.core.main.TestCaseExecutor.processExecutionPhase(TestCaseExecutor.java:309)
	at com.kms.katalon.core.main.TestCaseExecutor.accessMainPhase(TestCaseExecutor.java:301)
	at com.kms.katalon.core.main.TestCaseExecutor.execute(TestCaseExecutor.java:235)
	at com.kms.katalon.core.main.TestSuiteExecutor.accessTestCaseMainPhase(TestSuiteExecutor.java:191)
	at com.kms.katalon.core.main.TestSuiteExecutor.accessTestSuiteMainPhase(TestSuiteExecutor.java:141)
	at com.kms.katalon.core.main.TestSuiteExecutor.execute(TestSuiteExecutor.java:90)
	at com.kms.katalon.core.main.TestCaseMain.startTestSuite(TestCaseMain.java:157)
	at com.kms.katalon.core.main.TestCaseMain$startTestSuite$0.call(Unknown Source)
	at TempTestSuite1649228487552.run(TempTestSuite1649228487552.groovy:39)
Caused by: com.kms.katalon.core.exception.StepFailedException: com.kms.katalon.core.webui.exception.WebElementNotFoundException: Web element with id: 'Object Repository/Staging Objects/Page_diagnostics/span_User care' located by '//div[@id='tab-desc3']/div[2]/div[12]/span' not found
	at com.kms.katalon.core.webui.keyword.internal.WebUIKeywordMain.stepFailed(WebUIKeywordMain.groovy:64)
	at com.kms.katalon.core.webui.keyword.builtin.VerifyElementPresentKeyword$_verifyElementPresent_closure1.doCall(VerifyElementPresentKeyword.groovy:85)
	at com.kms.katalon.core.webui.keyword.builtin.VerifyElementPresentKeyword$_verifyElementPresent_closure1.call(VerifyElementPresentKeyword.groovy)
	at com.kms.katalon.core.webui.keyword.internal.WebUIKeywordMain.runKeyword(WebUIKeywordMain.groovy:20)
	... 19 more
)

2022-04-06 15:34:15 - [MESSAGE][WARNING] - Timeout '0' is invalid. Using default page load timeout: '30'

2022-04-06 15:34:46 - [MESSAGE][INFO] - Unable to find the element located by 'By.xpath: //div[@id='tab-desc3']/div[2]/div[12]/span'. Please recheck the objects properties to make sure the desired element is located. 

2022-04-06 15:34:46 - [MESSAGE][FAILED] - com.kms.katalon.core.webui.exception.WebElementNotFoundException: Web element with id: 'Object Repository/Staging Objects/Page_diagnostics/span_User care' located by '//div[@id='tab-desc3']/div[2]/div[12]/span' not found (Root cause: com.kms.katalon.core.exception.StepFailedException: com.kms.katalon.core.webui.exception.WebElementNotFoundException: Web element with id: 'Object Repository/Staging Objects/Page_diagnostics/span_User care' located by '//div[@id='tab-desc3']/div[2]/div[12]/span' not found
	at com.kms.katalon.core.webui.keyword.internal.WebUIKeywordMain.stepFailed(WebUIKeywordMain.groovy:64)
	at com.kms.katalon.core.webui.keyword.builtin.VerifyElementPresentKeyword$_verifyElementPresent_closure1.doCall(VerifyElementPresentKeyword.groovy:85)
	at com.kms.katalon.core.webui.keyword.builtin.VerifyElementPresentKeyword$_verifyElementPresent_closure1.call(VerifyElementPresentKeyword.groovy)
	at com.kms.katalon.core.webui.keyword.internal.WebUIKeywordMain.runKeyword(WebUIKeywordMain.groovy:20)
	at com.kms.katalon.core.webui.keyword.builtin.VerifyElementPresentKeyword.verifyElementPresent(VerifyElementPresentKeyword.groovy:92)
	at com.kms.katalon.core.webui.keyword.builtin.VerifyElementPresentKeyword.execute(VerifyElementPresentKeyword.groovy:68)
	at com.kms.katalon.core.keyword.internal.KeywordExecutor.executeKeywordForPlatform(KeywordExecutor.groovy:73)
	at com.kms.katalon.core.webui.keyword.WebUiBuiltInKeywords.verifyElementPresent(WebUiBuiltInKeywords.groovy:1461)
	at com.kms.katalon.core.webui.keyword.WebUiBuiltInKeywords$verifyElementPresent$9.call(Unknown Source)
	at TC_DETAILS_UI_047.run(TC_DETAILS_UI_047:22)
	at com.kms.katalon.core.main.ScriptEngine.run(ScriptEngine.java:194)
	at com.kms.katalon.core.main.ScriptEngine.runScriptAsRawText(ScriptEngine.java:119)
	at com.kms.katalon.core.main.TestCaseExecutor.runScript(TestCaseExecutor.java:339)
	at com.kms.katalon.core.main.TestCaseExecutor.doExecute(TestCaseExecutor.java:330)
	at com.kms.katalon.core.main.TestCaseExecutor.processExecutionPhase(TestCaseExecutor.java:309)
	at com.kms.katalon.core.main.TestCaseExecutor.accessMainPhase(TestCaseExecutor.java:301)
	at com.kms.katalon.core.main.TestCaseExecutor.execute(TestCaseExecutor.java:235)
	at com.kms.katalon.core.main.TestSuiteExecutor.accessTestCaseMainPhase(TestSuiteExecutor.java:191)
	at com.kms.katalon.core.main.TestSuiteExecutor.accessTestSuiteMainPhase(TestSuiteExecutor.java:141)
	at com.kms.katalon.core.main.TestSuiteExecutor.execute(TestSuiteExecutor.java:90)
	at com.kms.katalon.core.main.TestCaseMain.startTestSuite(TestCaseMain.java:157)
	at com.kms.katalon.core.main.TestCaseMain$startTestSuite$0.call(Unknown Source)
	at TempTestSuite1649228487552.run(TempTestSuite1649228487552.groovy:39)
)
[[ATTACHMENT|K:\\Work\\GitHub\\find-item-detail-test_v2\\Reports\\20220406_150127\\Item detail test\\20220406_150127\\1649230486552.png]]

2022-04-06 15:34:46 - [MESSAGE][FAILED] - Unable to verify object 'Object Repository/Staging Objects/Page_diagnostics/span_User care' is present (Root cause: com.kms.katalon.core.exception.StepFailedException: Unable to verify object 'Object Repository/Staging Objects/Page_diagnostics/span_User care' is present
	at com.kms.katalon.core.webui.keyword.internal.WebUIKeywordMain.stepFailed(WebUIKeywordMain.groovy:64)
	at com.kms.katalon.core.webui.keyword.internal.WebUIKeywordMain.runKeyword(WebUIKeywordMain.groovy:26)
	at com.kms.katalon.core.webui.keyword.builtin.VerifyElementPresentKeyword.verifyElementPresent(VerifyElementPresentKeyword.groovy:92)
	at com.kms.katalon.core.webui.keyword.builtin.VerifyElementPresentKeyword.execute(VerifyElementPresentKeyword.groovy:68)
	at com.kms.katalon.core.keyword.internal.KeywordExecutor.executeKeywordForPlatform(KeywordExecutor.groovy:73)
	at com.kms.katalon.core.webui.keyword.WebUiBuiltInKeywords.verifyElementPresent(WebUiBuiltInKeywords.groovy:1461)
	at com.kms.katalon.core.webui.keyword.WebUiBuiltInKeywords$verifyElementPresent$9.call(Unknown Source)
	at TC_DETAILS_UI_047.run(TC_DETAILS_UI_047:22)
	at com.kms.katalon.core.main.ScriptEngine.run(ScriptEngine.java:194)
	at com.kms.katalon.core.main.ScriptEngine.runScriptAsRawText(ScriptEngine.java:119)
	at com.kms.katalon.core.main.TestCaseExecutor.runScript(TestCaseExecutor.java:339)
	at com.kms.katalon.core.main.TestCaseExecutor.doExecute(TestCaseExecutor.java:330)
	at com.kms.katalon.core.main.TestCaseExecutor.processExecutionPhase(TestCaseExecutor.java:309)
	at com.kms.katalon.core.main.TestCaseExecutor.accessMainPhase(TestCaseExecutor.java:301)
	at com.kms.katalon.core.main.TestCaseExecutor.execute(TestCaseExecutor.java:235)
	at com.kms.katalon.core.main.TestSuiteExecutor.accessTestCaseMainPhase(TestSuiteExecutor.java:191)
	at com.kms.katalon.core.main.TestSuiteExecutor.accessTestSuiteMainPhase(TestSuiteExecutor.java:141)
	at com.kms.katalon.core.main.TestSuiteExecutor.execute(TestSuiteExecutor.java:90)
	at com.kms.katalon.core.main.TestCaseMain.startTestSuite(TestCaseMain.java:157)
	at com.kms.katalon.core.main.TestCaseMain$startTestSuite$0.call(Unknown Source)
	at TempTestSuite1649228487552.run(TempTestSuite1649228487552.groovy:39)
Caused by: com.kms.katalon.core.exception.StepFailedException: com.kms.katalon.core.webui.exception.WebElementNotFoundException: Web element with id: 'Object Repository/Staging Objects/Page_diagnostics/span_User care' located by '//div[@id='tab-desc3']/div[2]/div[12]/span' not found
	at com.kms.katalon.core.webui.keyword.internal.WebUIKeywordMain.stepFailed(WebUIKeywordMain.groovy:64)
	at com.kms.katalon.core.webui.keyword.builtin.VerifyElementPresentKeyword$_verifyElementPresent_closure1.doCall(VerifyElementPresentKeyword.groovy:85)
	at com.kms.katalon.core.webui.keyword.builtin.VerifyElementPresentKeyword$_verifyElementPresent_closure1.call(VerifyElementPresentKeyword.groovy)
	at com.kms.katalon.core.webui.keyword.internal.WebUIKeywordMain.runKeyword(WebUIKeywordMain.groovy:20)
	... 19 more
)
[[ATTACHMENT|K:\\Work\\GitHub\\find-item-detail-test_v2\\Reports\\20220406_150127\\Item detail test\\20220406_150127\\1649230486694.png]]]]></system-out>
         <system-err><![CDATA[2022-04-06 15:33:28 - [TEST_CASE][FAILED] - Test Cases/Custom Item Details/TEST CASE/TC_DETAILS_UI_047: Test Cases/Custom Item Details/TEST CASE/TC_DETAILS_UI_047 FAILED.
Reason:
com.kms.katalon.core.exception.StepFailedException: Unable to verify object 'Object Repository/Staging Objects/Page_diagnostics/span_User care' is present
	at com.kms.katalon.core.webui.keyword.internal.WebUIKeywordMain.stepFailed(WebUIKeywordMain.groovy:64)
	at com.kms.katalon.core.webui.keyword.internal.WebUIKeywordMain.runKeyword(WebUIKeywordMain.groovy:26)
	at com.kms.katalon.core.webui.keyword.builtin.VerifyElementPresentKeyword.verifyElementPresent(VerifyElementPresentKeyword.groovy:92)
	at com.kms.katalon.core.webui.keyword.builtin.VerifyElementPresentKeyword.execute(VerifyElementPresentKeyword.groovy:68)
	at com.kms.katalon.core.keyword.internal.KeywordExecutor.executeKeywordForPlatform(KeywordExecutor.groovy:73)
	at com.kms.katalon.core.webui.keyword.WebUiBuiltInKeywords.verifyElementPresent(WebUiBuiltInKeywords.groovy:1461)
	at com.kms.katalon.core.webui.keyword.WebUiBuiltInKeywords$verifyElementPresent$9.call(Unknown Source)
	at TC_DETAILS_UI_047.run(TC_DETAILS_UI_047:22)
	at com.kms.katalon.core.main.ScriptEngine.run(ScriptEngine.java:194)
	at com.kms.katalon.core.main.ScriptEngine.runScriptAsRawText(ScriptEngine.java:119)
	at com.kms.katalon.core.main.TestCaseExecutor.runScript(TestCaseExecutor.java:339)
	at com.kms.katalon.core.main.TestCaseExecutor.doExecute(TestCaseExecutor.java:330)
	at com.kms.katalon.core.main.TestCaseExecutor.processExecutionPhase(TestCaseExecutor.java:309)
	at com.kms.katalon.core.main.TestCaseExecutor.accessMainPhase(TestCaseExecutor.java:301)
	at com.kms.katalon.core.main.TestCaseExecutor.execute(TestCaseExecutor.java:235)
	at com.kms.katalon.core.main.TestSuiteExecutor.accessTestCaseMainPhase(TestSuiteExecutor.java:191)
	at com.kms.katalon.core.main.TestSuiteExecutor.accessTestSuiteMainPhase(TestSuiteExecutor.java:141)
	at com.kms.katalon.core.main.TestSuiteExecutor.execute(TestSuiteExecutor.java:90)
	at com.kms.katalon.core.main.TestCaseMain.startTestSuite(TestCaseMain.java:157)
	at com.kms.katalon.core.main.TestCaseMain$startTestSuite$0.call(Unknown Source)
	at TempTestSuite1649228487552.run(TempTestSuite1649228487552.groovy:39)
Caused by: com.kms.katalon.core.exception.StepFailedException: com.kms.katalon.core.webui.exception.WebElementNotFoundException: Web element with id: 'Object Repository/Staging Objects/Page_diagnostics/span_User care' located by '//div[@id='tab-desc3']/div[2]/div[12]/span' not found
	at com.kms.katalon.core.webui.keyword.internal.WebUIKeywordMain.stepFailed(WebUIKeywordMain.groovy:64)
	at com.kms.katalon.core.webui.keyword.builtin.VerifyElementPresentKeyword$_verifyElementPresent_closure1.doCall(VerifyElementPresentKeyword.groovy:85)
	at com.kms.katalon.core.webui.keyword.builtin.VerifyElementPresentKeyword$_verifyElementPresent_closure1.call(VerifyElementPresentKeyword.groovy)
	at com.kms.katalon.core.webui.keyword.internal.WebUIKeywordMain.runKeyword(WebUIKeywordMain.groovy:20)
	... 19 more]]></system-err>
      </testcase>
      <testcase name="Test Cases/Custom Item Details/TEST CASE/TC_DETAILS_UI_048" time="19.966" classname="Test Cases/Custom Item Details/TEST CASE/TC_DETAILS_UI_048" status="PASSED">
         <system-out><![CDATA[2022-04-06 15:34:46 - [TEST_CASE][PASSED] - Test Cases/Custom Item Details/TEST CASE/TC_DETAILS_UI_048: Test Cases/Custom Item Details/TEST CASE/TC_DETAILS_UI_048

2022-04-06 15:34:47 - [TEST_STEP][PASSED] - callTestCase(findTestCase("Custom Item Details/UTILITIES/OPEN_BROWSER"), [:], STOP_ON_FAILURE): Call Test Case 'Test Cases/Custom Item Details/UTILITIES/OPEN_BROWSER' successfully

2022-04-06 15:34:47 - [TEST_CASE][PASSED] - Test Cases/Custom Item Details/UTILITIES/OPEN_BROWSER: Test Cases/Custom Item Details/UTILITIES/OPEN_BROWSER

2022-04-06 15:34:47 - [TEST_STEP][PASSED] - openBrowser("https://diagnostics.staging.arcadier.io/"): Browser is opened with url: 'https://diagnostics.staging.arcadier.io/'

2022-04-06 15:34:47 - [MESSAGE][WARNING] - A browser is already opened. Closing browser and opening a new one

2022-04-06 15:34:47 - [MESSAGE][INFO] - Starting 'Chrome' driver

2022-04-06 15:34:47 - [MESSAGE][INFO] - Action delay is set to 0 milliseconds

2022-04-06 15:34:51 - [MESSAGE][PASSED] - Browser is opened with url: 'https://diagnostics.staging.arcadier.io/'

2022-04-06 15:34:51 - [TEST_STEP][PASSED] - maximizeWindow(): Current window maximized

2022-04-06 15:34:51 - [MESSAGE][PASSED] - Current window maximized

2022-04-06 15:34:51 - [TEST_STEP][PASSED] - click(findTestObject("Item Details Objects/Page_diagnostics/a_Accept Cookies")): Object: 'Object Repository/Item Details Objects/Page_diagnostics/a_Accept Cookies' is clicked on

2022-04-06 15:34:52 - [MESSAGE][PASSED] - Object: 'Object Repository/Item Details Objects/Page_diagnostics/a_Accept Cookies' is clicked on

2022-04-06 15:34:52 - [TEST_STEP][PASSED] - click(findTestObject("Staging Objects/Page_diagnostics/a_DIABETES DIAGNOSTICS"), STOP_ON_FAILURE): Object: 'Object Repository/Staging Objects/Page_diagnostics/a_DIABETES DIAGNOSTICS' is clicked on

2022-04-06 15:34:55 - [MESSAGE][PASSED] - Object: 'Object Repository/Staging Objects/Page_diagnostics/a_DIABETES DIAGNOSTICS' is clicked on

2022-04-06 15:34:55 - [TEST_STEP][PASSED] - mouseOver(findTestObject("Staging Objects/Page_diagnostics/a_CareSens N Eco Blood Glucose Meter")): Object: 'Object Repository/Staging Objects/Page_diagnostics/a_CareSens N Eco Blood Glucose Meter' is hovered

2022-04-06 15:34:59 - [MESSAGE][PASSED] - Object: 'Object Repository/Staging Objects/Page_diagnostics/a_CareSens N Eco Blood Glucose Meter' is hovered

2022-04-06 15:34:59 - [TEST_STEP][PASSED] - click(findTestObject("Staging Objects/Page_diagnostics/a_CareSens N Eco Blood Glucose Meter")): Object: 'Object Repository/Staging Objects/Page_diagnostics/a_CareSens N Eco Blood Glucose Meter' is clicked on

2022-04-06 15:35:04 - [MESSAGE][PASSED] - Object: 'Object Repository/Staging Objects/Page_diagnostics/a_CareSens N Eco Blood Glucose Meter' is clicked on

2022-04-06 15:35:04 - [MESSAGE][PASSED] - Call Test Case 'Test Cases/Custom Item Details/UTILITIES/OPEN_BROWSER' successfully

2022-04-06 15:35:04 - [TEST_STEP][PASSED] - verifyElementPresent(findTestObject("Item Details Objects/Page_diagnostics/div_Price_Box"), 0): Object 'Object Repository/Item Details Objects/Page_diagnostics/div_Price_Box' is present

2022-04-06 15:35:04 - [MESSAGE][WARNING] - Timeout '0' is invalid. Using default page load timeout: '30'

2022-04-06 15:35:05 - [MESSAGE][PASSED] - Object 'Object Repository/Item Details Objects/Page_diagnostics/div_Price_Box' is present

2022-04-06 15:35:05 - [TEST_STEP][PASSED] - verifyElementNotVisible(findTestObject("Item Details Objects/Page_diagnostics/div_Price_Box"), STOP_ON_FAILURE): Object 'Object Repository/Item Details Objects/Page_diagnostics/div_Price_Box' is NOT visible

2022-04-06 15:35:06 - [MESSAGE][PASSED] - Object 'Object Repository/Item Details Objects/Page_diagnostics/div_Price_Box' is NOT visible

2022-04-06 15:35:06 - [TEST_STEP][PASSED] - callTestCase(findTestCase("Custom Item Details/UTILITIES/CLOSE_BROWSER"), [:], STOP_ON_FAILURE): Call Test Case 'Test Cases/Custom Item Details/UTILITIES/CLOSE_BROWSER' successfully

2022-04-06 15:35:06 - [TEST_CASE][PASSED] - Test Cases/Custom Item Details/UTILITIES/CLOSE_BROWSER: Test Cases/Custom Item Details/UTILITIES/CLOSE_BROWSER

2022-04-06 15:35:06 - [TEST_STEP][PASSED] - closeBrowser(): Browser is closed

2022-04-06 15:35:06 - [MESSAGE][PASSED] - Browser is closed

2022-04-06 15:35:06 - [MESSAGE][PASSED] - Call Test Case 'Test Cases/Custom Item Details/UTILITIES/CLOSE_BROWSER' successfully]]></system-out>
         <system-err><![CDATA[]]></system-err>
      </testcase>
      <testcase name="Test Cases/Custom Item Details/TEST CASE/TC_DETAILS_UI_049" time="18.619" classname="Test Cases/Custom Item Details/TEST CASE/TC_DETAILS_UI_049" status="FAILED">
         <failure type="FAILED" message="Test Cases/Custom Item Details/TEST CASE/TC_DETAILS_UI_049 FAILED.
Reason:
com.kms.katalon.core.exception.StepFailedException: Unable to click on object 'Object Repository/Staging Objects/Page_diagnostics/a_REQUEST FOR QUOTATION'
	at com.kms.katalon.core.webui.keyword.internal.WebUIKeywordMain.stepFailed(WebUIKeywordMain.groovy:64)
	at com.kms.katalon.core.webui.keyword.internal.WebUIKeywordMain.runKeyword(WebUIKeywordMain.groovy:26)
	at com.kms.katalon.core.webui.keyword.builtin.ClickKeyword.click(ClickKeyword.groovy:76)
	at com.kms.katalon.core.webui.keyword.builtin.ClickKeyword.execute(ClickKeyword.groovy:43)
	at com.kms.katalon.core.keyword.internal.KeywordExecutor.executeKeywordForPlatform(KeywordExecutor.groovy:73)
	at com.kms.katalon.core.webui.keyword.WebUiBuiltInKeywords.click(WebUiBuiltInKeywords.groovy:617)
	at com.kms.katalon.core.webui.keyword.WebUiBuiltInKeywords$click$1.call(Unknown Source)
	at TC_DETAILS_UI_049.run(TC_DETAILS_UI_049:22)
	at com.kms.katalon.core.main.ScriptEngine.run(ScriptEngine.java:194)
	at com.kms.katalon.core.main.ScriptEngine.runScriptAsRawText(ScriptEngine.java:119)
	at com.kms.katalon.core.main.TestCaseExecutor.runScript(TestCaseExecutor.java:339)
	at com.kms.katalon.core.main.TestCaseExecutor.doExecute(TestCaseExecutor.java:330)
	at com.kms.katalon.core.main.TestCaseExecutor.processExecutionPhase(TestCaseExecutor.java:309)
	at com.kms.katalon.core.main.TestCaseExecutor.accessMainPhase(TestCaseExecutor.java:301)
	at com.kms.katalon.core.main.TestCaseExecutor.execute(TestCaseExecutor.java:235)
	at com.kms.katalon.core.main.TestSuiteExecutor.accessTestCaseMainPhase(TestSuiteExecutor.java:191)
	at com.kms.katalon.core.main.TestSuiteExecutor.accessTestSuiteMainPhase(TestSuiteExecutor.java:141)
	at com.kms.katalon.core.main.TestSuiteExecutor.execute(TestSuiteExecutor.java:90)
	at com.kms.katalon.core.main.TestCaseMain.startTestSuite(TestCaseMain.java:157)
	at com.kms.katalon.core.main.TestCaseMain$startTestSuite$0.call(Unknown Source)
	at TempTestSuite1649228487552.run(TempTestSuite1649228487552.groovy:39)
Caused by: org.openqa.selenium.WebDriverException: unknown error: cannot determine loading status
from target frame detached
  (Session info: chrome=99.0.4844.84)
Build info: version: '3.141.59', revision: 'e82be7d358', time: '2018-11-14T08:25:53'
System info: host: 'DESKTOP-IJBB9BE', ip: '192.168.1.2', os.name: 'Windows 10', os.arch: 'amd64', os.version: '10.0', java.version: '1.8.0_181'
Driver info: com.kms.katalon.selenium.driver.CChromeDriver
Capabilities {acceptInsecureCerts: false, browserName: chrome, browserVersion: 99.0.4844.84, chrome: {chromedriverVersion: 99.0.4844.51 (d537ec02474b5..., userDataDir: C:\Users\Lexoter\AppData\Lo...}, goog:chromeOptions: {debuggerAddress: localhost:6842}, javascriptEnabled: true, networkConnectionEnabled: false, pageLoadStrategy: normal, platform: WINDOWS, platformName: WINDOWS, proxy: Proxy(), setWindowRect: true, strictFileInteractability: false, timeouts: {implicit: 0, pageLoad: 300000, script: 30000}, unhandledPromptBehavior: dismiss and notify, webauthn:extension:credBlob: true, webauthn:extension:largeBlob: true, webauthn:virtualAuthenticators: true}
Session ID: 64b417f4227e343b06cc496de0409100
	at org.openqa.selenium.remote.http.W3CHttpResponseCodec.createException(W3CHttpResponseCodec.java:187)
	at org.openqa.selenium.remote.http.W3CHttpResponseCodec.decode(W3CHttpResponseCodec.java:122)
	at org.openqa.selenium.remote.http.W3CHttpResponseCodec.decode(W3CHttpResponseCodec.java:49)
	at org.openqa.selenium.remote.HttpCommandExecutor.execute(HttpCommandExecutor.java:158)
	at org.openqa.selenium.remote.service.DriverCommandExecutor.execute(DriverCommandExecutor.java:83)
	at org.openqa.selenium.remote.RemoteWebDriver.execute(RemoteWebDriver.java:552)
	at com.kms.katalon.selenium.driver.CChromeDriver.execute(CChromeDriver.java:19)
	at org.openqa.selenium.remote.RemoteWebElement.execute(RemoteWebElement.java:285)
	at org.openqa.selenium.remote.RemoteWebElement.click(RemoteWebElement.java:84)
	at org.openqa.selenium.support.events.EventFiringWebDriver$EventFiringWebElement.lambda$new$0(EventFiringWebDriver.java:404)
	at com.sun.proxy.$Proxy10.click(Unknown Source)
	at org.openqa.selenium.support.events.EventFiringWebDriver$EventFiringWebElement.click(EventFiringWebDriver.java:417)
	at com.kms.katalon.core.webui.keyword.builtin.ClickKeyword$_click_closure1.doCall(ClickKeyword.groovy:69)
	at com.kms.katalon.core.webui.keyword.builtin.ClickKeyword$_click_closure1.call(ClickKeyword.groovy)
	at com.kms.katalon.core.webui.keyword.internal.WebUIKeywordMain.runKeyword(WebUIKeywordMain.groovy:20)
	... 19 more
"/>
         <system-out><![CDATA[2022-04-06 15:35:06 - [TEST_CASE][FAILED] - Test Cases/Custom Item Details/TEST CASE/TC_DETAILS_UI_049: Test Cases/Custom Item Details/TEST CASE/TC_DETAILS_UI_049 FAILED.
Reason:
com.kms.katalon.core.exception.StepFailedException: Unable to click on object 'Object Repository/Staging Objects/Page_diagnostics/a_REQUEST FOR QUOTATION'
	at com.kms.katalon.core.webui.keyword.internal.WebUIKeywordMain.stepFailed(WebUIKeywordMain.groovy:64)
	at com.kms.katalon.core.webui.keyword.internal.WebUIKeywordMain.runKeyword(WebUIKeywordMain.groovy:26)
	at com.kms.katalon.core.webui.keyword.builtin.ClickKeyword.click(ClickKeyword.groovy:76)
	at com.kms.katalon.core.webui.keyword.builtin.ClickKeyword.execute(ClickKeyword.groovy:43)
	at com.kms.katalon.core.keyword.internal.KeywordExecutor.executeKeywordForPlatform(KeywordExecutor.groovy:73)
	at com.kms.katalon.core.webui.keyword.WebUiBuiltInKeywords.click(WebUiBuiltInKeywords.groovy:617)
	at com.kms.katalon.core.webui.keyword.WebUiBuiltInKeywords$click$1.call(Unknown Source)
	at TC_DETAILS_UI_049.run(TC_DETAILS_UI_049:22)
	at com.kms.katalon.core.main.ScriptEngine.run(ScriptEngine.java:194)
	at com.kms.katalon.core.main.ScriptEngine.runScriptAsRawText(ScriptEngine.java:119)
	at com.kms.katalon.core.main.TestCaseExecutor.runScript(TestCaseExecutor.java:339)
	at com.kms.katalon.core.main.TestCaseExecutor.doExecute(TestCaseExecutor.java:330)
	at com.kms.katalon.core.main.TestCaseExecutor.processExecutionPhase(TestCaseExecutor.java:309)
	at com.kms.katalon.core.main.TestCaseExecutor.accessMainPhase(TestCaseExecutor.java:301)
	at com.kms.katalon.core.main.TestCaseExecutor.execute(TestCaseExecutor.java:235)
	at com.kms.katalon.core.main.TestSuiteExecutor.accessTestCaseMainPhase(TestSuiteExecutor.java:191)
	at com.kms.katalon.core.main.TestSuiteExecutor.accessTestSuiteMainPhase(TestSuiteExecutor.java:141)
	at com.kms.katalon.core.main.TestSuiteExecutor.execute(TestSuiteExecutor.java:90)
	at com.kms.katalon.core.main.TestCaseMain.startTestSuite(TestCaseMain.java:157)
	at com.kms.katalon.core.main.TestCaseMain$startTestSuite$0.call(Unknown Source)
	at TempTestSuite1649228487552.run(TempTestSuite1649228487552.groovy:39)
Caused by: org.openqa.selenium.WebDriverException: unknown error: cannot determine loading status
from target frame detached
  (Session info: chrome=99.0.4844.84)
Build info: version: '3.141.59', revision: 'e82be7d358', time: '2018-11-14T08:25:53'
System info: host: 'DESKTOP-IJBB9BE', ip: '192.168.1.2', os.name: 'Windows 10', os.arch: 'amd64', os.version: '10.0', java.version: '1.8.0_181'
Driver info: com.kms.katalon.selenium.driver.CChromeDriver
Capabilities {acceptInsecureCerts: false, browserName: chrome, browserVersion: 99.0.4844.84, chrome: {chromedriverVersion: 99.0.4844.51 (d537ec02474b5..., userDataDir: C:\Users\Lexoter\AppData\Lo...}, goog:chromeOptions: {debuggerAddress: localhost:6842}, javascriptEnabled: true, networkConnectionEnabled: false, pageLoadStrategy: normal, platform: WINDOWS, platformName: WINDOWS, proxy: Proxy(), setWindowRect: true, strictFileInteractability: false, timeouts: {implicit: 0, pageLoad: 300000, script: 30000}, unhandledPromptBehavior: dismiss and notify, webauthn:extension:credBlob: true, webauthn:extension:largeBlob: true, webauthn:virtualAuthenticators: true}
Session ID: 64b417f4227e343b06cc496de0409100
	at org.openqa.selenium.remote.http.W3CHttpResponseCodec.createException(W3CHttpResponseCodec.java:187)
	at org.openqa.selenium.remote.http.W3CHttpResponseCodec.decode(W3CHttpResponseCodec.java:122)
	at org.openqa.selenium.remote.http.W3CHttpResponseCodec.decode(W3CHttpResponseCodec.java:49)
	at org.openqa.selenium.remote.HttpCommandExecutor.execute(HttpCommandExecutor.java:158)
	at org.openqa.selenium.remote.service.DriverCommandExecutor.execute(DriverCommandExecutor.java:83)
	at org.openqa.selenium.remote.RemoteWebDriver.execute(RemoteWebDriver.java:552)
	at com.kms.katalon.selenium.driver.CChromeDriver.execute(CChromeDriver.java:19)
	at org.openqa.selenium.remote.RemoteWebElement.execute(RemoteWebElement.java:285)
	at org.openqa.selenium.remote.RemoteWebElement.click(RemoteWebElement.java:84)
	at org.openqa.selenium.support.events.EventFiringWebDriver$EventFiringWebElement.lambda$new$0(EventFiringWebDriver.java:404)
	at com.sun.proxy.$Proxy10.click(Unknown Source)
	at org.openqa.selenium.support.events.EventFiringWebDriver$EventFiringWebElement.click(EventFiringWebDriver.java:417)
	at com.kms.katalon.core.webui.keyword.builtin.ClickKeyword$_click_closure1.doCall(ClickKeyword.groovy:69)
	at com.kms.katalon.core.webui.keyword.builtin.ClickKeyword$_click_closure1.call(ClickKeyword.groovy)
	at com.kms.katalon.core.webui.keyword.internal.WebUIKeywordMain.runKeyword(WebUIKeywordMain.groovy:20)
	... 19 more


2022-04-06 15:35:06 - [TEST_STEP][PASSED] - callTestCase(findTestCase("Custom Item Details/UTILITIES/OPEN_BROWSER"), [:], STOP_ON_FAILURE): Call Test Case 'Test Cases/Custom Item Details/UTILITIES/OPEN_BROWSER' successfully

2022-04-06 15:35:07 - [TEST_CASE][PASSED] - Test Cases/Custom Item Details/UTILITIES/OPEN_BROWSER: Test Cases/Custom Item Details/UTILITIES/OPEN_BROWSER

2022-04-06 15:35:07 - [TEST_STEP][PASSED] - openBrowser("https://diagnostics.staging.arcadier.io/"): Browser is opened with url: 'https://diagnostics.staging.arcadier.io/'

2022-04-06 15:35:07 - [MESSAGE][INFO] - Starting 'Chrome' driver

2022-04-06 15:35:07 - [MESSAGE][INFO] - Action delay is set to 0 milliseconds

2022-04-06 15:35:10 - [MESSAGE][PASSED] - Browser is opened with url: 'https://diagnostics.staging.arcadier.io/'

2022-04-06 15:35:10 - [TEST_STEP][PASSED] - maximizeWindow(): Current window maximized

2022-04-06 15:35:10 - [MESSAGE][PASSED] - Current window maximized

2022-04-06 15:35:10 - [TEST_STEP][PASSED] - click(findTestObject("Item Details Objects/Page_diagnostics/a_Accept Cookies")): Object: 'Object Repository/Item Details Objects/Page_diagnostics/a_Accept Cookies' is clicked on

2022-04-06 15:35:11 - [MESSAGE][PASSED] - Object: 'Object Repository/Item Details Objects/Page_diagnostics/a_Accept Cookies' is clicked on

2022-04-06 15:35:11 - [TEST_STEP][PASSED] - click(findTestObject("Staging Objects/Page_diagnostics/a_DIABETES DIAGNOSTICS"), STOP_ON_FAILURE): Object: 'Object Repository/Staging Objects/Page_diagnostics/a_DIABETES DIAGNOSTICS' is clicked on

2022-04-06 15:35:13 - [MESSAGE][PASSED] - Object: 'Object Repository/Staging Objects/Page_diagnostics/a_DIABETES DIAGNOSTICS' is clicked on

2022-04-06 15:35:13 - [TEST_STEP][PASSED] - mouseOver(findTestObject("Staging Objects/Page_diagnostics/a_CareSens N Eco Blood Glucose Meter")): Object: 'Object Repository/Staging Objects/Page_diagnostics/a_CareSens N Eco Blood Glucose Meter' is hovered

2022-04-06 15:35:17 - [MESSAGE][PASSED] - Object: 'Object Repository/Staging Objects/Page_diagnostics/a_CareSens N Eco Blood Glucose Meter' is hovered

2022-04-06 15:35:17 - [TEST_STEP][PASSED] - click(findTestObject("Staging Objects/Page_diagnostics/a_CareSens N Eco Blood Glucose Meter")): Object: 'Object Repository/Staging Objects/Page_diagnostics/a_CareSens N Eco Blood Glucose Meter' is clicked on

2022-04-06 15:35:23 - [MESSAGE][PASSED] - Object: 'Object Repository/Staging Objects/Page_diagnostics/a_CareSens N Eco Blood Glucose Meter' is clicked on

2022-04-06 15:35:23 - [MESSAGE][PASSED] - Call Test Case 'Test Cases/Custom Item Details/UTILITIES/OPEN_BROWSER' successfully

2022-04-06 15:35:23 - [TEST_STEP][PASSED] - waitForElementVisible(findTestObject("Staging Objects/Page_diagnostics/a_REQUEST FOR QUOTATION"), 0): Object 'Object Repository/Staging Objects/Page_diagnostics/a_REQUEST FOR QUOTATION' is visible

2022-04-06 15:35:23 - [MESSAGE][WARNING] - Timeout '0' is invalid. Using default page load timeout: '30'

2022-04-06 15:35:24 - [MESSAGE][PASSED] - Object 'Object Repository/Staging Objects/Page_diagnostics/a_REQUEST FOR QUOTATION' is visible

2022-04-06 15:35:24 - [TEST_STEP][FAILED] - click(findTestObject("Staging Objects/Page_diagnostics/a_REQUEST FOR QUOTATION")): Unable to click on object 'Object Repository/Staging Objects/Page_diagnostics/a_REQUEST FOR QUOTATION' (Root cause: com.kms.katalon.core.exception.StepFailedException: Unable to click on object 'Object Repository/Staging Objects/Page_diagnostics/a_REQUEST FOR QUOTATION'
	at com.kms.katalon.core.webui.keyword.internal.WebUIKeywordMain.stepFailed(WebUIKeywordMain.groovy:64)
	at com.kms.katalon.core.webui.keyword.internal.WebUIKeywordMain.runKeyword(WebUIKeywordMain.groovy:26)
	at com.kms.katalon.core.webui.keyword.builtin.ClickKeyword.click(ClickKeyword.groovy:76)
	at com.kms.katalon.core.webui.keyword.builtin.ClickKeyword.execute(ClickKeyword.groovy:43)
	at com.kms.katalon.core.keyword.internal.KeywordExecutor.executeKeywordForPlatform(KeywordExecutor.groovy:73)
	at com.kms.katalon.core.webui.keyword.WebUiBuiltInKeywords.click(WebUiBuiltInKeywords.groovy:617)
	at com.kms.katalon.core.webui.keyword.WebUiBuiltInKeywords$click$1.call(Unknown Source)
	at TC_DETAILS_UI_049.run(TC_DETAILS_UI_049:22)
	at com.kms.katalon.core.main.ScriptEngine.run(ScriptEngine.java:194)
	at com.kms.katalon.core.main.ScriptEngine.runScriptAsRawText(ScriptEngine.java:119)
	at com.kms.katalon.core.main.TestCaseExecutor.runScript(TestCaseExecutor.java:339)
	at com.kms.katalon.core.main.TestCaseExecutor.doExecute(TestCaseExecutor.java:330)
	at com.kms.katalon.core.main.TestCaseExecutor.processExecutionPhase(TestCaseExecutor.java:309)
	at com.kms.katalon.core.main.TestCaseExecutor.accessMainPhase(TestCaseExecutor.java:301)
	at com.kms.katalon.core.main.TestCaseExecutor.execute(TestCaseExecutor.java:235)
	at com.kms.katalon.core.main.TestSuiteExecutor.accessTestCaseMainPhase(TestSuiteExecutor.java:191)
	at com.kms.katalon.core.main.TestSuiteExecutor.accessTestSuiteMainPhase(TestSuiteExecutor.java:141)
	at com.kms.katalon.core.main.TestSuiteExecutor.execute(TestSuiteExecutor.java:90)
	at com.kms.katalon.core.main.TestCaseMain.startTestSuite(TestCaseMain.java:157)
	at com.kms.katalon.core.main.TestCaseMain$startTestSuite$0.call(Unknown Source)
	at TempTestSuite1649228487552.run(TempTestSuite1649228487552.groovy:39)
Caused by: org.openqa.selenium.WebDriverException: unknown error: cannot determine loading status
from target frame detached
  (Session info: chrome=99.0.4844.84)
Build info: version: '3.141.59', revision: 'e82be7d358', time: '2018-11-14T08:25:53'
System info: host: 'DESKTOP-IJBB9BE', ip: '192.168.1.2', os.name: 'Windows 10', os.arch: 'amd64', os.version: '10.0', java.version: '1.8.0_181'
Driver info: com.kms.katalon.selenium.driver.CChromeDriver
Capabilities {acceptInsecureCerts: false, browserName: chrome, browserVersion: 99.0.4844.84, chrome: {chromedriverVersion: 99.0.4844.51 (d537ec02474b5..., userDataDir: C:\Users\Lexoter\AppData\Lo...}, goog:chromeOptions: {debuggerAddress: localhost:6842}, javascriptEnabled: true, networkConnectionEnabled: false, pageLoadStrategy: normal, platform: WINDOWS, platformName: WINDOWS, proxy: Proxy(), setWindowRect: true, strictFileInteractability: false, timeouts: {implicit: 0, pageLoad: 300000, script: 30000}, unhandledPromptBehavior: dismiss and notify, webauthn:extension:credBlob: true, webauthn:extension:largeBlob: true, webauthn:virtualAuthenticators: true}
Session ID: 64b417f4227e343b06cc496de0409100
	at org.openqa.selenium.remote.http.W3CHttpResponseCodec.createException(W3CHttpResponseCodec.java:187)
	at org.openqa.selenium.remote.http.W3CHttpResponseCodec.decode(W3CHttpResponseCodec.java:122)
	at org.openqa.selenium.remote.http.W3CHttpResponseCodec.decode(W3CHttpResponseCodec.java:49)
	at org.openqa.selenium.remote.HttpCommandExecutor.execute(HttpCommandExecutor.java:158)
	at org.openqa.selenium.remote.service.DriverCommandExecutor.execute(DriverCommandExecutor.java:83)
	at org.openqa.selenium.remote.RemoteWebDriver.execute(RemoteWebDriver.java:552)
	at com.kms.katalon.selenium.driver.CChromeDriver.execute(CChromeDriver.java:19)
	at org.openqa.selenium.remote.RemoteWebElement.execute(RemoteWebElement.java:285)
	at org.openqa.selenium.remote.RemoteWebElement.click(RemoteWebElement.java:84)
	at org.openqa.selenium.support.events.EventFiringWebDriver$EventFiringWebElement.lambda$new$0(EventFiringWebDriver.java:404)
	at com.sun.proxy.$Proxy10.click(Unknown Source)
	at org.openqa.selenium.support.events.EventFiringWebDriver$EventFiringWebElement.click(EventFiringWebDriver.java:417)
	at com.kms.katalon.core.webui.keyword.builtin.ClickKeyword$_click_closure1.doCall(ClickKeyword.groovy:69)
	at com.kms.katalon.core.webui.keyword.builtin.ClickKeyword$_click_closure1.call(ClickKeyword.groovy)
	at com.kms.katalon.core.webui.keyword.internal.WebUIKeywordMain.runKeyword(WebUIKeywordMain.groovy:20)
	at com.kms.katalon.core.webui.keyword.builtin.ClickKeyword.click(ClickKeyword.groovy:76)
	at com.kms.katalon.core.webui.keyword.builtin.ClickKeyword.execute(ClickKeyword.groovy:43)
	at com.kms.katalon.core.keyword.internal.KeywordExecutor.executeKeywordForPlatform(KeywordExecutor.groovy:73)
	at com.kms.katalon.core.webui.keyword.WebUiBuiltInKeywords.click(WebUiBuiltInKeywords.groovy:617)
	at com.kms.katalon.core.webui.keyword.WebUiBuiltInKeywords$click$1.call(Unknown Source)
	at Script1620629493096.run(Script1620629493096.groovy:22)
	... 13 more
)

2022-04-06 15:35:25 - [MESSAGE][FAILED] - Unable to click on object 'Object Repository/Staging Objects/Page_diagnostics/a_REQUEST FOR QUOTATION' (Root cause: com.kms.katalon.core.exception.StepFailedException: Unable to click on object 'Object Repository/Staging Objects/Page_diagnostics/a_REQUEST FOR QUOTATION'
	at com.kms.katalon.core.webui.keyword.internal.WebUIKeywordMain.stepFailed(WebUIKeywordMain.groovy:64)
	at com.kms.katalon.core.webui.keyword.internal.WebUIKeywordMain.runKeyword(WebUIKeywordMain.groovy:26)
	at com.kms.katalon.core.webui.keyword.builtin.ClickKeyword.click(ClickKeyword.groovy:76)
	at com.kms.katalon.core.webui.keyword.builtin.ClickKeyword.execute(ClickKeyword.groovy:43)
	at com.kms.katalon.core.keyword.internal.KeywordExecutor.executeKeywordForPlatform(KeywordExecutor.groovy:73)
	at com.kms.katalon.core.webui.keyword.WebUiBuiltInKeywords.click(WebUiBuiltInKeywords.groovy:617)
	at com.kms.katalon.core.webui.keyword.WebUiBuiltInKeywords$click$1.call(Unknown Source)
	at TC_DETAILS_UI_049.run(TC_DETAILS_UI_049:22)
	at com.kms.katalon.core.main.ScriptEngine.run(ScriptEngine.java:194)
	at com.kms.katalon.core.main.ScriptEngine.runScriptAsRawText(ScriptEngine.java:119)
	at com.kms.katalon.core.main.TestCaseExecutor.runScript(TestCaseExecutor.java:339)
	at com.kms.katalon.core.main.TestCaseExecutor.doExecute(TestCaseExecutor.java:330)
	at com.kms.katalon.core.main.TestCaseExecutor.processExecutionPhase(TestCaseExecutor.java:309)
	at com.kms.katalon.core.main.TestCaseExecutor.accessMainPhase(TestCaseExecutor.java:301)
	at com.kms.katalon.core.main.TestCaseExecutor.execute(TestCaseExecutor.java:235)
	at com.kms.katalon.core.main.TestSuiteExecutor.accessTestCaseMainPhase(TestSuiteExecutor.java:191)
	at com.kms.katalon.core.main.TestSuiteExecutor.accessTestSuiteMainPhase(TestSuiteExecutor.java:141)
	at com.kms.katalon.core.main.TestSuiteExecutor.execute(TestSuiteExecutor.java:90)
	at com.kms.katalon.core.main.TestCaseMain.startTestSuite(TestCaseMain.java:157)
	at com.kms.katalon.core.main.TestCaseMain$startTestSuite$0.call(Unknown Source)
	at TempTestSuite1649228487552.run(TempTestSuite1649228487552.groovy:39)
Caused by: org.openqa.selenium.WebDriverException: unknown error: cannot determine loading status
from target frame detached
  (Session info: chrome=99.0.4844.84)
Build info: version: '3.141.59', revision: 'e82be7d358', time: '2018-11-14T08:25:53'
System info: host: 'DESKTOP-IJBB9BE', ip: '192.168.1.2', os.name: 'Windows 10', os.arch: 'amd64', os.version: '10.0', java.version: '1.8.0_181'
Driver info: com.kms.katalon.selenium.driver.CChromeDriver
Capabilities {acceptInsecureCerts: false, browserName: chrome, browserVersion: 99.0.4844.84, chrome: {chromedriverVersion: 99.0.4844.51 (d537ec02474b5..., userDataDir: C:\Users\Lexoter\AppData\Lo...}, goog:chromeOptions: {debuggerAddress: localhost:6842}, javascriptEnabled: true, networkConnectionEnabled: false, pageLoadStrategy: normal, platform: WINDOWS, platformName: WINDOWS, proxy: Proxy(), setWindowRect: true, strictFileInteractability: false, timeouts: {implicit: 0, pageLoad: 300000, script: 30000}, unhandledPromptBehavior: dismiss and notify, webauthn:extension:credBlob: true, webauthn:extension:largeBlob: true, webauthn:virtualAuthenticators: true}
Session ID: 64b417f4227e343b06cc496de0409100
	at org.openqa.selenium.remote.http.W3CHttpResponseCodec.createException(W3CHttpResponseCodec.java:187)
	at org.openqa.selenium.remote.http.W3CHttpResponseCodec.decode(W3CHttpResponseCodec.java:122)
	at org.openqa.selenium.remote.http.W3CHttpResponseCodec.decode(W3CHttpResponseCodec.java:49)
	at org.openqa.selenium.remote.HttpCommandExecutor.execute(HttpCommandExecutor.java:158)
	at org.openqa.selenium.remote.service.DriverCommandExecutor.execute(DriverCommandExecutor.java:83)
	at org.openqa.selenium.remote.RemoteWebDriver.execute(RemoteWebDriver.java:552)
	at com.kms.katalon.selenium.driver.CChromeDriver.execute(CChromeDriver.java:19)
	at org.openqa.selenium.remote.RemoteWebElement.execute(RemoteWebElement.java:285)
	at org.openqa.selenium.remote.RemoteWebElement.click(RemoteWebElement.java:84)
	at org.openqa.selenium.support.events.EventFiringWebDriver$EventFiringWebElement.lambda$new$0(EventFiringWebDriver.java:404)
	at com.sun.proxy.$Proxy10.click(Unknown Source)
	at org.openqa.selenium.support.events.EventFiringWebDriver$EventFiringWebElement.click(EventFiringWebDriver.java:417)
	at com.kms.katalon.core.webui.keyword.builtin.ClickKeyword$_click_closure1.doCall(ClickKeyword.groovy:69)
	at com.kms.katalon.core.webui.keyword.builtin.ClickKeyword$_click_closure1.call(ClickKeyword.groovy)
	at com.kms.katalon.core.webui.keyword.internal.WebUIKeywordMain.runKeyword(WebUIKeywordMain.groovy:20)
	at com.kms.katalon.core.webui.keyword.builtin.ClickKeyword.click(ClickKeyword.groovy:76)
	at com.kms.katalon.core.webui.keyword.builtin.ClickKeyword.execute(ClickKeyword.groovy:43)
	at com.kms.katalon.core.keyword.internal.KeywordExecutor.executeKeywordForPlatform(KeywordExecutor.groovy:73)
	at com.kms.katalon.core.webui.keyword.WebUiBuiltInKeywords.click(WebUiBuiltInKeywords.groovy:617)
	at com.kms.katalon.core.webui.keyword.WebUiBuiltInKeywords$click$1.call(Unknown Source)
	at Script1620629493096.run(Script1620629493096.groovy:22)
	... 13 more
)
[[ATTACHMENT|K:\\Work\\GitHub\\find-item-detail-test_v2\\Reports\\20220406_150127\\Item detail test\\20220406_150127\\1649230525175.png]]]]></system-out>
         <system-err><![CDATA[2022-04-06 15:35:06 - [TEST_CASE][FAILED] - Test Cases/Custom Item Details/TEST CASE/TC_DETAILS_UI_049: Test Cases/Custom Item Details/TEST CASE/TC_DETAILS_UI_049 FAILED.
Reason:
com.kms.katalon.core.exception.StepFailedException: Unable to click on object 'Object Repository/Staging Objects/Page_diagnostics/a_REQUEST FOR QUOTATION'
	at com.kms.katalon.core.webui.keyword.internal.WebUIKeywordMain.stepFailed(WebUIKeywordMain.groovy:64)
	at com.kms.katalon.core.webui.keyword.internal.WebUIKeywordMain.runKeyword(WebUIKeywordMain.groovy:26)
	at com.kms.katalon.core.webui.keyword.builtin.ClickKeyword.click(ClickKeyword.groovy:76)
	at com.kms.katalon.core.webui.keyword.builtin.ClickKeyword.execute(ClickKeyword.groovy:43)
	at com.kms.katalon.core.keyword.internal.KeywordExecutor.executeKeywordForPlatform(KeywordExecutor.groovy:73)
	at com.kms.katalon.core.webui.keyword.WebUiBuiltInKeywords.click(WebUiBuiltInKeywords.groovy:617)
	at com.kms.katalon.core.webui.keyword.WebUiBuiltInKeywords$click$1.call(Unknown Source)
	at TC_DETAILS_UI_049.run(TC_DETAILS_UI_049:22)
	at com.kms.katalon.core.main.ScriptEngine.run(ScriptEngine.java:194)
	at com.kms.katalon.core.main.ScriptEngine.runScriptAsRawText(ScriptEngine.java:119)
	at com.kms.katalon.core.main.TestCaseExecutor.runScript(TestCaseExecutor.java:339)
	at com.kms.katalon.core.main.TestCaseExecutor.doExecute(TestCaseExecutor.java:330)
	at com.kms.katalon.core.main.TestCaseExecutor.processExecutionPhase(TestCaseExecutor.java:309)
	at com.kms.katalon.core.main.TestCaseExecutor.accessMainPhase(TestCaseExecutor.java:301)
	at com.kms.katalon.core.main.TestCaseExecutor.execute(TestCaseExecutor.java:235)
	at com.kms.katalon.core.main.TestSuiteExecutor.accessTestCaseMainPhase(TestSuiteExecutor.java:191)
	at com.kms.katalon.core.main.TestSuiteExecutor.accessTestSuiteMainPhase(TestSuiteExecutor.java:141)
	at com.kms.katalon.core.main.TestSuiteExecutor.execute(TestSuiteExecutor.java:90)
	at com.kms.katalon.core.main.TestCaseMain.startTestSuite(TestCaseMain.java:157)
	at com.kms.katalon.core.main.TestCaseMain$startTestSuite$0.call(Unknown Source)
	at TempTestSuite1649228487552.run(TempTestSuite1649228487552.groovy:39)
Caused by: org.openqa.selenium.WebDriverException: unknown error: cannot determine loading status
from target frame detached
  (Session info: chrome=99.0.4844.84)
Build info: version: '3.141.59', revision: 'e82be7d358', time: '2018-11-14T08:25:53'
System info: host: 'DESKTOP-IJBB9BE', ip: '192.168.1.2', os.name: 'Windows 10', os.arch: 'amd64', os.version: '10.0', java.version: '1.8.0_181'
Driver info: com.kms.katalon.selenium.driver.CChromeDriver
Capabilities {acceptInsecureCerts: false, browserName: chrome, browserVersion: 99.0.4844.84, chrome: {chromedriverVersion: 99.0.4844.51 (d537ec02474b5..., userDataDir: C:\Users\Lexoter\AppData\Lo...}, goog:chromeOptions: {debuggerAddress: localhost:6842}, javascriptEnabled: true, networkConnectionEnabled: false, pageLoadStrategy: normal, platform: WINDOWS, platformName: WINDOWS, proxy: Proxy(), setWindowRect: true, strictFileInteractability: false, timeouts: {implicit: 0, pageLoad: 300000, script: 30000}, unhandledPromptBehavior: dismiss and notify, webauthn:extension:credBlob: true, webauthn:extension:largeBlob: true, webauthn:virtualAuthenticators: true}
Session ID: 64b417f4227e343b06cc496de0409100
	at org.openqa.selenium.remote.http.W3CHttpResponseCodec.createException(W3CHttpResponseCodec.java:187)
	at org.openqa.selenium.remote.http.W3CHttpResponseCodec.decode(W3CHttpResponseCodec.java:122)
	at org.openqa.selenium.remote.http.W3CHttpResponseCodec.decode(W3CHttpResponseCodec.java:49)
	at org.openqa.selenium.remote.HttpCommandExecutor.execute(HttpCommandExecutor.java:158)
	at org.openqa.selenium.remote.service.DriverCommandExecutor.execute(DriverCommandExecutor.java:83)
	at org.openqa.selenium.remote.RemoteWebDriver.execute(RemoteWebDriver.java:552)
	at com.kms.katalon.selenium.driver.CChromeDriver.execute(CChromeDriver.java:19)
	at org.openqa.selenium.remote.RemoteWebElement.execute(RemoteWebElement.java:285)
	at org.openqa.selenium.remote.RemoteWebElement.click(RemoteWebElement.java:84)
	at org.openqa.selenium.support.events.EventFiringWebDriver$EventFiringWebElement.lambda$new$0(EventFiringWebDriver.java:404)
	at com.sun.proxy.$Proxy10.click(Unknown Source)
	at org.openqa.selenium.support.events.EventFiringWebDriver$EventFiringWebElement.click(EventFiringWebDriver.java:417)
	at com.kms.katalon.core.webui.keyword.builtin.ClickKeyword$_click_closure1.doCall(ClickKeyword.groovy:69)
	at com.kms.katalon.core.webui.keyword.builtin.ClickKeyword$_click_closure1.call(ClickKeyword.groovy)
	at com.kms.katalon.core.webui.keyword.internal.WebUIKeywordMain.runKeyword(WebUIKeywordMain.groovy:20)
	... 19 more]]></system-err>
      </testcase>
      <system-out><![CDATA[2022-04-06 15:01:34 - [TEST_SUITE][FAILED] - Item detail test: Test Cases/Custom Item Details/TEST CASE/TC_DETAILS_UI_021 FAILED.
Reason:
com.kms.katalon.core.exception.StepFailedException: Unable to verify object 'Object Repository/Staging Objects/Page_diagnostics/span_Accessories included' is present
	at com.kms.katalon.core.webui.keyword.internal.WebUIKeywordMain.stepFailed(WebUIKeywordMain.groovy:64)
	at com.kms.katalon.core.webui.keyword.internal.WebUIKeywordMain.runKeyword(WebUIKeywordMain.groovy:26)
	at com.kms.katalon.core.webui.keyword.builtin.VerifyElementPresentKeyword.verifyElementPresent(VerifyElementPresentKeyword.groovy:92)
	at com.kms.katalon.core.webui.keyword.builtin.VerifyElementPresentKeyword.execute(VerifyElementPresentKeyword.groovy:68)
	at com.kms.katalon.core.keyword.internal.KeywordExecutor.executeKeywordForPlatform(KeywordExecutor.groovy:73)
	at com.kms.katalon.core.webui.keyword.WebUiBuiltInKeywords.verifyElementPresent(WebUiBuiltInKeywords.groovy:1461)
	at com.kms.katalon.core.webui.keyword.WebUiBuiltInKeywords$verifyElementPresent$9.call(Unknown Source)
	at TC_DETAILS_UI_021.run(TC_DETAILS_UI_021:22)
	at com.kms.katalon.core.main.ScriptEngine.run(ScriptEngine.java:194)
	at com.kms.katalon.core.main.ScriptEngine.runScriptAsRawText(ScriptEngine.java:119)
	at com.kms.katalon.core.main.TestCaseExecutor.runScript(TestCaseExecutor.java:339)
	at com.kms.katalon.core.main.TestCaseExecutor.doExecute(TestCaseExecutor.java:330)
	at com.kms.katalon.core.main.TestCaseExecutor.processExecutionPhase(TestCaseExecutor.java:309)
	at com.kms.katalon.core.main.TestCaseExecutor.accessMainPhase(TestCaseExecutor.java:301)
	at com.kms.katalon.core.main.TestCaseExecutor.execute(TestCaseExecutor.java:235)
	at com.kms.katalon.core.main.TestSuiteExecutor.accessTestCaseMainPhase(TestSuiteExecutor.java:191)
	at com.kms.katalon.core.main.TestSuiteExecutor.accessTestSuiteMainPhase(TestSuiteExecutor.java:141)
	at com.kms.katalon.core.main.TestSuiteExecutor.execute(TestSuiteExecutor.java:90)
	at com.kms.katalon.core.main.TestCaseMain.startTestSuite(TestCaseMain.java:157)
	at com.kms.katalon.core.main.TestCaseMain$startTestSuite$0.call(Unknown Source)
	at TempTestSuite1649228487552.run(TempTestSuite1649228487552.groovy:39)
Caused by: com.kms.katalon.core.exception.StepFailedException: com.kms.katalon.core.webui.exception.WebElementNotFoundException: Web element with id: 'Object Repository/Staging Objects/Page_diagnostics/span_Accessories included' located by '//div[@id='tab-desc4']/div[2]/div[5]/span' not found
	at com.kms.katalon.core.webui.keyword.internal.WebUIKeywordMain.stepFailed(WebUIKeywordMain.groovy:64)
	at com.kms.katalon.core.webui.keyword.builtin.VerifyElementPresentKeyword$_verifyElementPresent_closure1.doCall(VerifyElementPresentKeyword.groovy:85)
	at com.kms.katalon.core.webui.keyword.builtin.VerifyElementPresentKeyword$_verifyElementPresent_closure1.call(VerifyElementPresentKeyword.groovy)
	at com.kms.katalon.core.webui.keyword.internal.WebUIKeywordMain.runKeyword(WebUIKeywordMain.groovy:20)
	... 19 more]]></system-out>
      <system-err><![CDATA[2022-04-06 15:01:34 - [TEST_SUITE][FAILED] - Item detail test: Test Cases/Custom Item Details/TEST CASE/TC_DETAILS_UI_021 FAILED.
Reason:
com.kms.katalon.core.exception.StepFailedException: Unable to verify object 'Object Repository/Staging Objects/Page_diagnostics/span_Accessories included' is present
	at com.kms.katalon.core.webui.keyword.internal.WebUIKeywordMain.stepFailed(WebUIKeywordMain.groovy:64)
	at com.kms.katalon.core.webui.keyword.internal.WebUIKeywordMain.runKeyword(WebUIKeywordMain.groovy:26)
	at com.kms.katalon.core.webui.keyword.builtin.VerifyElementPresentKeyword.verifyElementPresent(VerifyElementPresentKeyword.groovy:92)
	at com.kms.katalon.core.webui.keyword.builtin.VerifyElementPresentKeyword.execute(VerifyElementPresentKeyword.groovy:68)
	at com.kms.katalon.core.keyword.internal.KeywordExecutor.executeKeywordForPlatform(KeywordExecutor.groovy:73)
	at com.kms.katalon.core.webui.keyword.WebUiBuiltInKeywords.verifyElementPresent(WebUiBuiltInKeywords.groovy:1461)
	at com.kms.katalon.core.webui.keyword.WebUiBuiltInKeywords$verifyElementPresent$9.call(Unknown Source)
	at TC_DETAILS_UI_021.run(TC_DETAILS_UI_021:22)
	at com.kms.katalon.core.main.ScriptEngine.run(ScriptEngine.java:194)
	at com.kms.katalon.core.main.ScriptEngine.runScriptAsRawText(ScriptEngine.java:119)
	at com.kms.katalon.core.main.TestCaseExecutor.runScript(TestCaseExecutor.java:339)
	at com.kms.katalon.core.main.TestCaseExecutor.doExecute(TestCaseExecutor.java:330)
	at com.kms.katalon.core.main.TestCaseExecutor.processExecutionPhase(TestCaseExecutor.java:309)
	at com.kms.katalon.core.main.TestCaseExecutor.accessMainPhase(TestCaseExecutor.java:301)
	at com.kms.katalon.core.main.TestCaseExecutor.execute(TestCaseExecutor.java:235)
	at com.kms.katalon.core.main.TestSuiteExecutor.accessTestCaseMainPhase(TestSuiteExecutor.java:191)
	at com.kms.katalon.core.main.TestSuiteExecutor.accessTestSuiteMainPhase(TestSuiteExecutor.java:141)
	at com.kms.katalon.core.main.TestSuiteExecutor.execute(TestSuiteExecutor.java:90)
	at com.kms.katalon.core.main.TestCaseMain.startTestSuite(TestCaseMain.java:157)
	at com.kms.katalon.core.main.TestCaseMain$startTestSuite$0.call(Unknown Source)
	at TempTestSuite1649228487552.run(TempTestSuite1649228487552.groovy:39)
Caused by: com.kms.katalon.core.exception.StepFailedException: com.kms.katalon.core.webui.exception.WebElementNotFoundException: Web element with id: 'Object Repository/Staging Objects/Page_diagnostics/span_Accessories included' located by '//div[@id='tab-desc4']/div[2]/div[5]/span' not found
	at com.kms.katalon.core.webui.keyword.internal.WebUIKeywordMain.stepFailed(WebUIKeywordMain.groovy:64)
	at com.kms.katalon.core.webui.keyword.builtin.VerifyElementPresentKeyword$_verifyElementPresent_closure1.doCall(VerifyElementPresentKeyword.groovy:85)
	at com.kms.katalon.core.webui.keyword.builtin.VerifyElementPresentKeyword$_verifyElementPresent_closure1.call(VerifyElementPresentKeyword.groovy)
	at com.kms.katalon.core.webui.keyword.internal.WebUIKeywordMain.runKeyword(WebUIKeywordMain.groovy:20)
	... 19 more]]></system-err>
   </testsuite>
</testsuites>
