<?xml version="1.0" encoding="UTF-8"?>
<testsuites name="Item detail test" time="1481.398" tests="49" failures="13" errors="0">
   <testsuite name="Item detail test" tests="49" failures="13" errors="0" time="1481.398" timestamp="2022-04-06 18:57:10" hostname="Lexoter - DESKTOP-IJBB9BE" id="Test Suites/Item detail test">
      <properties>
         <property name="deviceName" value=""/>
         <property name="devicePlatform" value=""/>
         <property name="logFolder" value="K:\\Work\\GitHub\\find-item-detail-test_v2\\Reports\\20220406_185701\\Item detail test\\20220406_185702"/>
         <property name="logFiles" value="K:\\Work\\GitHub\\find-item-detail-test_v2\\Reports\\20220406_185701\\Item detail test\\20220406_185702\\execution0.log"/>
         <property name="attachments" value="K:\\Work\\GitHub\\find-item-detail-test_v2\\Reports\\20220406_185701\\Item detail test\\20220406_185702\\1649242948797.png, K:\\Work\\GitHub\\find-item-detail-test_v2\\Reports\\20220406_185701\\Item detail test\\20220406_185702\\1649243040151.png, K:\\Work\\GitHub\\find-item-detail-test_v2\\Reports\\20220406_185701\\Item detail test\\20220406_185702\\1649243040312.png, K:\\Work\\GitHub\\find-item-detail-test_v2\\Reports\\20220406_185701\\Item detail test\\20220406_185702\\1649243115375.png, K:\\Work\\GitHub\\find-item-detail-test_v2\\Reports\\20220406_185701\\Item detail test\\20220406_185702\\1649243115526.png, K:\\Work\\GitHub\\find-item-detail-test_v2\\Reports\\20220406_185701\\Item detail test\\20220406_185702\\1649243204629.png, K:\\Work\\GitHub\\find-item-detail-test_v2\\Reports\\20220406_185701\\Item detail test\\20220406_185702\\1649243204792.png, K:\\Work\\GitHub\\find-item-detail-test_v2\\Reports\\20220406_185701\\Item detail test\\20220406_185702\\1649243307420.png, K:\\Work\\GitHub\\find-item-detail-test_v2\\Reports\\20220406_185701\\Item detail test\\20220406_185702\\1649243307574.png, K:\\Work\\GitHub\\find-item-detail-test_v2\\Reports\\20220406_185701\\Item detail test\\20220406_185702\\1649243474330.png, K:\\Work\\GitHub\\find-item-detail-test_v2\\Reports\\20220406_185701\\Item detail test\\20220406_185702\\1649243474475.png, K:\\Work\\GitHub\\find-item-detail-test_v2\\Reports\\20220406_185701\\Item detail test\\20220406_185702\\1649243547709.png, K:\\Work\\GitHub\\find-item-detail-test_v2\\Reports\\20220406_185701\\Item detail test\\20220406_185702\\1649243547854.png, K:\\Work\\GitHub\\find-item-detail-test_v2\\Reports\\20220406_185701\\Item detail test\\20220406_185702\\1649243621420.png, K:\\Work\\GitHub\\find-item-detail-test_v2\\Reports\\20220406_185701\\Item detail test\\20220406_185702\\1649243621580.png, K:\\Work\\GitHub\\find-item-detail-test_v2\\Reports\\20220406_185701\\Item detail test\\20220406_185702\\1649243724850.png, K:\\Work\\GitHub\\find-item-detail-test_v2\\Reports\\20220406_185701\\Item detail test\\20220406_185702\\1649243724999.png, K:\\Work\\GitHub\\find-item-detail-test_v2\\Reports\\20220406_185701\\Item detail test\\20220406_185702\\1649243897022.png, K:\\Work\\GitHub\\find-item-detail-test_v2\\Reports\\20220406_185701\\Item detail test\\20220406_185702\\1649243897172.png, K:\\Work\\GitHub\\find-item-detail-test_v2\\Reports\\20220406_185701\\Item detail test\\20220406_185702\\1649243986955.png, K:\\Work\\GitHub\\find-item-detail-test_v2\\Reports\\20220406_185701\\Item detail test\\20220406_185702\\1649243987117.png, K:\\Work\\GitHub\\find-item-detail-test_v2\\Reports\\20220406_185701\\Item detail test\\20220406_185702\\1649244082136.png, K:\\Work\\GitHub\\find-item-detail-test_v2\\Reports\\20220406_185701\\Item detail test\\20220406_185702\\1649244082282.png, K:\\Work\\GitHub\\find-item-detail-test_v2\\Reports\\20220406_185701\\Item detail test\\20220406_185702\\1649244109884.png"/>
         <property name="hostName" value="Lexoter - DESKTOP-IJBB9BE"/>
         <property name="os" value="Windows 10 64bit"/>
         <property name="katalonVersion" value="7.7.0.205"/>
         <property name="browser" value="Chrome 99.0.4844.84"/>
         <property name="hostAddress" value="192.168.1.2"/>
         <property name="sessionId" value="f30b4a97990fe54611339ea01e0568d1"/>
         <property name="seleniumVersion" value="3.141.59"/>
         <property name="proxyInformation" value="ProxyInformation { proxyOption=NO_PROXY, proxyServerType=HTTP, username=, password=********, proxyServerAddress=, proxyServerPort=0, executionList=&quot;&quot;, isApplyToDesiredCapabilities=true }"/>
         <property name="platform" value="Windows 10"/>
      </properties>
      <testcase name="Test Cases/Custom Item Details/TEST CASE/TC_DETAILS_UI_001" time="15.862" classname="Test Cases/Custom Item Details/TEST CASE/TC_DETAILS_UI_001" status="PASSED">
         <system-out><![CDATA[2022-04-06 18:57:10 - [TEST_CASE][PASSED] - Test Cases/Custom Item Details/TEST CASE/TC_DETAILS_UI_001: Test Cases/Custom Item Details/TEST CASE/TC_DETAILS_UI_001

2022-04-06 18:57:10 - [TEST_STEP][PASSED] - callTestCase(findTestCase("Custom Item Details/UTILITIES/OPEN_BROWSER"), [:], STOP_ON_FAILURE): Call Test Case 'Test Cases/Custom Item Details/UTILITIES/OPEN_BROWSER' successfully

2022-04-06 18:57:11 - [TEST_CASE][PASSED] - Test Cases/Custom Item Details/UTILITIES/OPEN_BROWSER: Test Cases/Custom Item Details/UTILITIES/OPEN_BROWSER

2022-04-06 18:57:11 - [TEST_STEP][PASSED] - openBrowser("https://diagnostics.staging.arcadier.io/"): Browser is opened with url: 'https://diagnostics.staging.arcadier.io/'

2022-04-06 18:57:11 - [MESSAGE][INFO] - Starting 'Chrome' driver

2022-04-06 18:57:11 - [MESSAGE][INFO] - Action delay is set to 0 milliseconds

2022-04-06 18:57:15 - [MESSAGE][PASSED] - Browser is opened with url: 'https://diagnostics.staging.arcadier.io/'

2022-04-06 18:57:15 - [TEST_STEP][PASSED] - maximizeWindow(): Current window maximized

2022-04-06 18:57:15 - [MESSAGE][PASSED] - Current window maximized

2022-04-06 18:57:15 - [TEST_STEP][PASSED] - click(findTestObject("Item Details Objects/Page_diagnostics/a_Accept Cookies")): Object: 'Object Repository/Item Details Objects/Page_diagnostics/a_Accept Cookies' is clicked on

2022-04-06 18:57:18 - [MESSAGE][PASSED] - Object: 'Object Repository/Item Details Objects/Page_diagnostics/a_Accept Cookies' is clicked on

2022-04-06 18:57:18 - [TEST_STEP][PASSED] - click(findTestObject("New_Homepage/Page_diagnostics/a_COVID-19 DIAGNOSTICS"), STOP_ON_FAILURE): Object: 'Object Repository/New_Homepage/Page_diagnostics/a_COVID-19 DIAGNOSTICS' is clicked on

2022-04-06 18:57:19 - [MESSAGE][PASSED] - Object: 'Object Repository/New_Homepage/Page_diagnostics/a_COVID-19 DIAGNOSTICS' is clicked on

2022-04-06 18:57:19 - [TEST_STEP][PASSED] - mouseOver(findTestObject("New_Homepage/Page_diagnostics/a_Abbott Rapid Diagnostics PANBIO COVID-19 Ag Rapid Test Device (Nasopharyngeal)")): Object: 'Object Repository/New_Homepage/Page_diagnostics/a_Abbott Rapid Diagnostics PANBIO COVID-19 Ag Rapid Test Device (Nasopharyngeal)' is hovered

2022-04-06 18:57:21 - [MESSAGE][PASSED] - Object: 'Object Repository/New_Homepage/Page_diagnostics/a_Abbott Rapid Diagnostics PANBIO COVID-19 Ag Rapid Test Device (Nasopharyngeal)' is hovered

2022-04-06 18:57:21 - [TEST_STEP][PASSED] - click(findTestObject("New_Homepage/Page_diagnostics/a_Abbott Rapid Diagnostics PANBIO COVID-19 Ag Rapid Test Device (Nasopharyngeal)")): Object: 'Object Repository/New_Homepage/Page_diagnostics/a_Abbott Rapid Diagnostics PANBIO COVID-19 Ag Rapid Test Device (Nasopharyngeal)' is clicked on

2022-04-06 18:57:23 - [MESSAGE][PASSED] - Object: 'Object Repository/New_Homepage/Page_diagnostics/a_Abbott Rapid Diagnostics PANBIO COVID-19 Ag Rapid Test Device (Nasopharyngeal)' is clicked on

2022-04-06 18:57:23 - [MESSAGE][PASSED] - Call Test Case 'Test Cases/Custom Item Details/UTILITIES/OPEN_BROWSER' successfully

2022-04-06 18:57:23 - [TEST_STEP][PASSED] - waitForElementVisible(findTestObject("Item Details Objects/Page_diagnostics/div.item-details"), 0): Object 'Object Repository/Item Details Objects/Page_diagnostics/div.item-details' is visible

2022-04-06 18:57:24 - [MESSAGE][WARNING] - Timeout '0' is invalid. Using default page load timeout: '30'

2022-04-06 18:57:25 - [MESSAGE][PASSED] - Object 'Object Repository/Item Details Objects/Page_diagnostics/div.item-details' is visible

2022-04-06 18:57:25 - [TEST_STEP][PASSED] - callTestCase(findTestCase("Custom Item Details/UTILITIES/CLOSE_BROWSER"), [:], STOP_ON_FAILURE): Call Test Case 'Test Cases/Custom Item Details/UTILITIES/CLOSE_BROWSER' successfully

2022-04-06 18:57:25 - [TEST_CASE][PASSED] - Test Cases/Custom Item Details/UTILITIES/CLOSE_BROWSER: Test Cases/Custom Item Details/UTILITIES/CLOSE_BROWSER

2022-04-06 18:57:25 - [TEST_STEP][PASSED] - closeBrowser(): Browser is closed

2022-04-06 18:57:26 - [MESSAGE][PASSED] - Browser is closed

2022-04-06 18:57:26 - [MESSAGE][PASSED] - Call Test Case 'Test Cases/Custom Item Details/UTILITIES/CLOSE_BROWSER' successfully]]></system-out>
         <system-err><![CDATA[]]></system-err>
      </testcase>
      <testcase name="Test Cases/Custom Item Details/TEST CASE/TC_DETAILS_UI_002" time="14.457" classname="Test Cases/Custom Item Details/TEST CASE/TC_DETAILS_UI_002" status="PASSED">
         <system-out><![CDATA[2022-04-06 18:57:26 - [TEST_CASE][PASSED] - Test Cases/Custom Item Details/TEST CASE/TC_DETAILS_UI_002: Test Cases/Custom Item Details/TEST CASE/TC_DETAILS_UI_002

2022-04-06 18:57:26 - [TEST_STEP][PASSED] - callTestCase(findTestCase("Custom Item Details/UTILITIES/OPEN_BROWSER"), [:], STOP_ON_FAILURE): Call Test Case 'Test Cases/Custom Item Details/UTILITIES/OPEN_BROWSER' successfully

2022-04-06 18:57:26 - [TEST_CASE][PASSED] - Test Cases/Custom Item Details/UTILITIES/OPEN_BROWSER: Test Cases/Custom Item Details/UTILITIES/OPEN_BROWSER

2022-04-06 18:57:26 - [TEST_STEP][PASSED] - openBrowser("https://diagnostics.staging.arcadier.io/"): Browser is opened with url: 'https://diagnostics.staging.arcadier.io/'

2022-04-06 18:57:26 - [MESSAGE][INFO] - Starting 'Chrome' driver

2022-04-06 18:57:26 - [MESSAGE][INFO] - Action delay is set to 0 milliseconds

2022-04-06 18:57:30 - [MESSAGE][PASSED] - Browser is opened with url: 'https://diagnostics.staging.arcadier.io/'

2022-04-06 18:57:30 - [TEST_STEP][PASSED] - maximizeWindow(): Current window maximized

2022-04-06 18:57:30 - [MESSAGE][PASSED] - Current window maximized

2022-04-06 18:57:30 - [TEST_STEP][PASSED] - click(findTestObject("Item Details Objects/Page_diagnostics/a_Accept Cookies")): Object: 'Object Repository/Item Details Objects/Page_diagnostics/a_Accept Cookies' is clicked on

2022-04-06 18:57:32 - [MESSAGE][PASSED] - Object: 'Object Repository/Item Details Objects/Page_diagnostics/a_Accept Cookies' is clicked on

2022-04-06 18:57:32 - [TEST_STEP][PASSED] - click(findTestObject("New_Homepage/Page_diagnostics/a_COVID-19 DIAGNOSTICS"), STOP_ON_FAILURE): Object: 'Object Repository/New_Homepage/Page_diagnostics/a_COVID-19 DIAGNOSTICS' is clicked on

2022-04-06 18:57:34 - [MESSAGE][PASSED] - Object: 'Object Repository/New_Homepage/Page_diagnostics/a_COVID-19 DIAGNOSTICS' is clicked on

2022-04-06 18:57:34 - [TEST_STEP][PASSED] - mouseOver(findTestObject("New_Homepage/Page_diagnostics/a_Abbott Rapid Diagnostics PANBIO COVID-19 Ag Rapid Test Device (Nasopharyngeal)")): Object: 'Object Repository/New_Homepage/Page_diagnostics/a_Abbott Rapid Diagnostics PANBIO COVID-19 Ag Rapid Test Device (Nasopharyngeal)' is hovered

2022-04-06 18:57:36 - [MESSAGE][PASSED] - Object: 'Object Repository/New_Homepage/Page_diagnostics/a_Abbott Rapid Diagnostics PANBIO COVID-19 Ag Rapid Test Device (Nasopharyngeal)' is hovered

2022-04-06 18:57:36 - [TEST_STEP][PASSED] - click(findTestObject("New_Homepage/Page_diagnostics/a_Abbott Rapid Diagnostics PANBIO COVID-19 Ag Rapid Test Device (Nasopharyngeal)")): Object: 'Object Repository/New_Homepage/Page_diagnostics/a_Abbott Rapid Diagnostics PANBIO COVID-19 Ag Rapid Test Device (Nasopharyngeal)' is clicked on

2022-04-06 18:57:38 - [MESSAGE][PASSED] - Object: 'Object Repository/New_Homepage/Page_diagnostics/a_Abbott Rapid Diagnostics PANBIO COVID-19 Ag Rapid Test Device (Nasopharyngeal)' is clicked on

2022-04-06 18:57:38 - [MESSAGE][PASSED] - Call Test Case 'Test Cases/Custom Item Details/UTILITIES/OPEN_BROWSER' successfully

2022-04-06 18:57:38 - [TEST_STEP][PASSED] - waitForElementVisible(findTestObject("Item Details Objects/Page_diagnostics/div.item-detail-right"), 0): Object 'Object Repository/Item Details Objects/Page_diagnostics/div.item-detail-right' is visible

2022-04-06 18:57:38 - [MESSAGE][WARNING] - Timeout '0' is invalid. Using default page load timeout: '30'

2022-04-06 18:57:40 - [MESSAGE][PASSED] - Object 'Object Repository/Item Details Objects/Page_diagnostics/div.item-detail-right' is visible

2022-04-06 18:57:40 - [TEST_STEP][PASSED] - callTestCase(findTestCase("Custom Item Details/UTILITIES/CLOSE_BROWSER"), [:], STOP_ON_FAILURE): Call Test Case 'Test Cases/Custom Item Details/UTILITIES/CLOSE_BROWSER' successfully

2022-04-06 18:57:40 - [TEST_CASE][PASSED] - Test Cases/Custom Item Details/UTILITIES/CLOSE_BROWSER: Test Cases/Custom Item Details/UTILITIES/CLOSE_BROWSER

2022-04-06 18:57:40 - [TEST_STEP][PASSED] - closeBrowser(): Browser is closed

2022-04-06 18:57:40 - [MESSAGE][PASSED] - Browser is closed

2022-04-06 18:57:40 - [MESSAGE][PASSED] - Call Test Case 'Test Cases/Custom Item Details/UTILITIES/CLOSE_BROWSER' successfully]]></system-out>
         <system-err><![CDATA[]]></system-err>
      </testcase>
      <testcase name="Test Cases/Custom Item Details/TEST CASE/TC_DETAILS_UI_003" time="14.063" classname="Test Cases/Custom Item Details/TEST CASE/TC_DETAILS_UI_003" status="PASSED">
         <system-out><![CDATA[2022-04-06 18:57:40 - [TEST_CASE][PASSED] - Test Cases/Custom Item Details/TEST CASE/TC_DETAILS_UI_003: Test Cases/Custom Item Details/TEST CASE/TC_DETAILS_UI_003

2022-04-06 18:57:41 - [TEST_STEP][PASSED] - callTestCase(findTestCase("Custom Item Details/UTILITIES/OPEN_BROWSER"), [:], STOP_ON_FAILURE): Call Test Case 'Test Cases/Custom Item Details/UTILITIES/OPEN_BROWSER' successfully

2022-04-06 18:57:41 - [TEST_CASE][PASSED] - Test Cases/Custom Item Details/UTILITIES/OPEN_BROWSER: Test Cases/Custom Item Details/UTILITIES/OPEN_BROWSER

2022-04-06 18:57:41 - [TEST_STEP][PASSED] - openBrowser("https://diagnostics.staging.arcadier.io/"): Browser is opened with url: 'https://diagnostics.staging.arcadier.io/'

2022-04-06 18:57:41 - [MESSAGE][INFO] - Starting 'Chrome' driver

2022-04-06 18:57:41 - [MESSAGE][INFO] - Action delay is set to 0 milliseconds

2022-04-06 18:57:44 - [MESSAGE][PASSED] - Browser is opened with url: 'https://diagnostics.staging.arcadier.io/'

2022-04-06 18:57:44 - [TEST_STEP][PASSED] - maximizeWindow(): Current window maximized

2022-04-06 18:57:44 - [MESSAGE][PASSED] - Current window maximized

2022-04-06 18:57:44 - [TEST_STEP][PASSED] - click(findTestObject("Item Details Objects/Page_diagnostics/a_Accept Cookies")): Object: 'Object Repository/Item Details Objects/Page_diagnostics/a_Accept Cookies' is clicked on

2022-04-06 18:57:46 - [MESSAGE][PASSED] - Object: 'Object Repository/Item Details Objects/Page_diagnostics/a_Accept Cookies' is clicked on

2022-04-06 18:57:46 - [TEST_STEP][PASSED] - click(findTestObject("New_Homepage/Page_diagnostics/a_COVID-19 DIAGNOSTICS"), STOP_ON_FAILURE): Object: 'Object Repository/New_Homepage/Page_diagnostics/a_COVID-19 DIAGNOSTICS' is clicked on

2022-04-06 18:57:48 - [MESSAGE][PASSED] - Object: 'Object Repository/New_Homepage/Page_diagnostics/a_COVID-19 DIAGNOSTICS' is clicked on

2022-04-06 18:57:48 - [TEST_STEP][PASSED] - mouseOver(findTestObject("New_Homepage/Page_diagnostics/a_Abbott Rapid Diagnostics PANBIO COVID-19 Ag Rapid Test Device (Nasopharyngeal)")): Object: 'Object Repository/New_Homepage/Page_diagnostics/a_Abbott Rapid Diagnostics PANBIO COVID-19 Ag Rapid Test Device (Nasopharyngeal)' is hovered

2022-04-06 18:57:50 - [MESSAGE][PASSED] - Object: 'Object Repository/New_Homepage/Page_diagnostics/a_Abbott Rapid Diagnostics PANBIO COVID-19 Ag Rapid Test Device (Nasopharyngeal)' is hovered

2022-04-06 18:57:50 - [TEST_STEP][PASSED] - click(findTestObject("New_Homepage/Page_diagnostics/a_Abbott Rapid Diagnostics PANBIO COVID-19 Ag Rapid Test Device (Nasopharyngeal)")): Object: 'Object Repository/New_Homepage/Page_diagnostics/a_Abbott Rapid Diagnostics PANBIO COVID-19 Ag Rapid Test Device (Nasopharyngeal)' is clicked on

2022-04-06 18:57:52 - [MESSAGE][PASSED] - Object: 'Object Repository/New_Homepage/Page_diagnostics/a_Abbott Rapid Diagnostics PANBIO COVID-19 Ag Rapid Test Device (Nasopharyngeal)' is clicked on

2022-04-06 18:57:52 - [MESSAGE][PASSED] - Call Test Case 'Test Cases/Custom Item Details/UTILITIES/OPEN_BROWSER' successfully

2022-04-06 18:57:52 - [TEST_STEP][PASSED] - waitForElementVisible(findTestObject("Item Details Objects/Page_diagnostics/img.Item"), 0): Object 'Object Repository/Item Details Objects/Page_diagnostics/img.Item' is visible

2022-04-06 18:57:52 - [MESSAGE][WARNING] - Timeout '0' is invalid. Using default page load timeout: '30'

2022-04-06 18:57:54 - [MESSAGE][PASSED] - Object 'Object Repository/Item Details Objects/Page_diagnostics/img.Item' is visible

2022-04-06 18:57:54 - [TEST_STEP][PASSED] - callTestCase(findTestCase("Custom Item Details/UTILITIES/CLOSE_BROWSER"), [:], STOP_ON_FAILURE): Call Test Case 'Test Cases/Custom Item Details/UTILITIES/CLOSE_BROWSER' successfully

2022-04-06 18:57:54 - [TEST_CASE][PASSED] - Test Cases/Custom Item Details/UTILITIES/CLOSE_BROWSER: Test Cases/Custom Item Details/UTILITIES/CLOSE_BROWSER

2022-04-06 18:57:54 - [TEST_STEP][PASSED] - closeBrowser(): Browser is closed

2022-04-06 18:57:54 - [MESSAGE][PASSED] - Browser is closed

2022-04-06 18:57:54 - [MESSAGE][PASSED] - Call Test Case 'Test Cases/Custom Item Details/UTILITIES/CLOSE_BROWSER' successfully]]></system-out>
         <system-err><![CDATA[]]></system-err>
      </testcase>
      <testcase name="Test Cases/Custom Item Details/TEST CASE/TC_DETAILS_UI_004" time="14.534" classname="Test Cases/Custom Item Details/TEST CASE/TC_DETAILS_UI_004" status="PASSED">
         <system-out><![CDATA[2022-04-06 18:57:54 - [TEST_CASE][PASSED] - Test Cases/Custom Item Details/TEST CASE/TC_DETAILS_UI_004: Test Cases/Custom Item Details/TEST CASE/TC_DETAILS_UI_004

2022-04-06 18:57:55 - [TEST_STEP][PASSED] - callTestCase(findTestCase("Custom Item Details/UTILITIES/OPEN_BROWSER"), [:], STOP_ON_FAILURE): Call Test Case 'Test Cases/Custom Item Details/UTILITIES/OPEN_BROWSER' successfully

2022-04-06 18:57:55 - [TEST_CASE][PASSED] - Test Cases/Custom Item Details/UTILITIES/OPEN_BROWSER: Test Cases/Custom Item Details/UTILITIES/OPEN_BROWSER

2022-04-06 18:57:55 - [TEST_STEP][PASSED] - openBrowser("https://diagnostics.staging.arcadier.io/"): Browser is opened with url: 'https://diagnostics.staging.arcadier.io/'

2022-04-06 18:57:55 - [MESSAGE][INFO] - Starting 'Chrome' driver

2022-04-06 18:57:55 - [MESSAGE][INFO] - Action delay is set to 0 milliseconds

2022-04-06 18:57:58 - [MESSAGE][PASSED] - Browser is opened with url: 'https://diagnostics.staging.arcadier.io/'

2022-04-06 18:57:58 - [TEST_STEP][PASSED] - maximizeWindow(): Current window maximized

2022-04-06 18:57:58 - [MESSAGE][PASSED] - Current window maximized

2022-04-06 18:57:58 - [TEST_STEP][PASSED] - click(findTestObject("Item Details Objects/Page_diagnostics/a_Accept Cookies")): Object: 'Object Repository/Item Details Objects/Page_diagnostics/a_Accept Cookies' is clicked on

2022-04-06 18:58:00 - [MESSAGE][PASSED] - Object: 'Object Repository/Item Details Objects/Page_diagnostics/a_Accept Cookies' is clicked on

2022-04-06 18:58:00 - [TEST_STEP][PASSED] - click(findTestObject("New_Homepage/Page_diagnostics/a_COVID-19 DIAGNOSTICS"), STOP_ON_FAILURE): Object: 'Object Repository/New_Homepage/Page_diagnostics/a_COVID-19 DIAGNOSTICS' is clicked on

2022-04-06 18:58:02 - [MESSAGE][PASSED] - Object: 'Object Repository/New_Homepage/Page_diagnostics/a_COVID-19 DIAGNOSTICS' is clicked on

2022-04-06 18:58:02 - [TEST_STEP][PASSED] - mouseOver(findTestObject("New_Homepage/Page_diagnostics/a_Abbott Rapid Diagnostics PANBIO COVID-19 Ag Rapid Test Device (Nasopharyngeal)")): Object: 'Object Repository/New_Homepage/Page_diagnostics/a_Abbott Rapid Diagnostics PANBIO COVID-19 Ag Rapid Test Device (Nasopharyngeal)' is hovered

2022-04-06 18:58:04 - [MESSAGE][PASSED] - Object: 'Object Repository/New_Homepage/Page_diagnostics/a_Abbott Rapid Diagnostics PANBIO COVID-19 Ag Rapid Test Device (Nasopharyngeal)' is hovered

2022-04-06 18:58:04 - [TEST_STEP][PASSED] - click(findTestObject("New_Homepage/Page_diagnostics/a_Abbott Rapid Diagnostics PANBIO COVID-19 Ag Rapid Test Device (Nasopharyngeal)")): Object: 'Object Repository/New_Homepage/Page_diagnostics/a_Abbott Rapid Diagnostics PANBIO COVID-19 Ag Rapid Test Device (Nasopharyngeal)' is clicked on

2022-04-06 18:58:07 - [MESSAGE][PASSED] - Object: 'Object Repository/New_Homepage/Page_diagnostics/a_Abbott Rapid Diagnostics PANBIO COVID-19 Ag Rapid Test Device (Nasopharyngeal)' is clicked on

2022-04-06 18:58:07 - [MESSAGE][PASSED] - Call Test Case 'Test Cases/Custom Item Details/UTILITIES/OPEN_BROWSER' successfully

2022-04-06 18:58:07 - [TEST_STEP][PASSED] - waitForElementVisible(findTestObject("Item Details Objects/Page_diagnostics/div.merchant-name2"), 0): Object 'Object Repository/Item Details Objects/Page_diagnostics/div.merchant-name2' is visible

2022-04-06 18:58:07 - [MESSAGE][WARNING] - Timeout '0' is invalid. Using default page load timeout: '30'

2022-04-06 18:58:08 - [MESSAGE][PASSED] - Object 'Object Repository/Item Details Objects/Page_diagnostics/div.merchant-name2' is visible

2022-04-06 18:58:08 - [TEST_STEP][PASSED] - callTestCase(findTestCase("Custom Item Details/UTILITIES/CLOSE_BROWSER"), [:], STOP_ON_FAILURE): Call Test Case 'Test Cases/Custom Item Details/UTILITIES/CLOSE_BROWSER' successfully

2022-04-06 18:58:08 - [TEST_CASE][PASSED] - Test Cases/Custom Item Details/UTILITIES/CLOSE_BROWSER: Test Cases/Custom Item Details/UTILITIES/CLOSE_BROWSER

2022-04-06 18:58:08 - [TEST_STEP][PASSED] - closeBrowser(): Browser is closed

2022-04-06 18:58:09 - [MESSAGE][PASSED] - Browser is closed

2022-04-06 18:58:09 - [MESSAGE][PASSED] - Call Test Case 'Test Cases/Custom Item Details/UTILITIES/CLOSE_BROWSER' successfully]]></system-out>
         <system-err><![CDATA[]]></system-err>
      </testcase>
      <testcase name="Test Cases/Custom Item Details/TEST CASE/TC_DETAILS_UI_005" time="14.753" classname="Test Cases/Custom Item Details/TEST CASE/TC_DETAILS_UI_005" status="PASSED">
         <system-out><![CDATA[2022-04-06 18:58:09 - [TEST_CASE][PASSED] - Test Cases/Custom Item Details/TEST CASE/TC_DETAILS_UI_005: Test Cases/Custom Item Details/TEST CASE/TC_DETAILS_UI_005

2022-04-06 18:58:09 - [TEST_STEP][PASSED] - callTestCase(findTestCase("Custom Item Details/UTILITIES/OPEN_BROWSER"), [:], STOP_ON_FAILURE): Call Test Case 'Test Cases/Custom Item Details/UTILITIES/OPEN_BROWSER' successfully

2022-04-06 18:58:09 - [TEST_CASE][PASSED] - Test Cases/Custom Item Details/UTILITIES/OPEN_BROWSER: Test Cases/Custom Item Details/UTILITIES/OPEN_BROWSER

2022-04-06 18:58:09 - [TEST_STEP][PASSED] - openBrowser("https://diagnostics.staging.arcadier.io/"): Browser is opened with url: 'https://diagnostics.staging.arcadier.io/'

2022-04-06 18:58:09 - [MESSAGE][INFO] - Starting 'Chrome' driver

2022-04-06 18:58:09 - [MESSAGE][INFO] - Action delay is set to 0 milliseconds

2022-04-06 18:58:13 - [MESSAGE][PASSED] - Browser is opened with url: 'https://diagnostics.staging.arcadier.io/'

2022-04-06 18:58:13 - [TEST_STEP][PASSED] - maximizeWindow(): Current window maximized

2022-04-06 18:58:13 - [MESSAGE][PASSED] - Current window maximized

2022-04-06 18:58:13 - [TEST_STEP][PASSED] - click(findTestObject("Item Details Objects/Page_diagnostics/a_Accept Cookies")): Object: 'Object Repository/Item Details Objects/Page_diagnostics/a_Accept Cookies' is clicked on

2022-04-06 18:58:14 - [MESSAGE][PASSED] - Object: 'Object Repository/Item Details Objects/Page_diagnostics/a_Accept Cookies' is clicked on

2022-04-06 18:58:14 - [TEST_STEP][PASSED] - click(findTestObject("New_Homepage/Page_diagnostics/a_COVID-19 DIAGNOSTICS"), STOP_ON_FAILURE): Object: 'Object Repository/New_Homepage/Page_diagnostics/a_COVID-19 DIAGNOSTICS' is clicked on

2022-04-06 18:58:16 - [MESSAGE][PASSED] - Object: 'Object Repository/New_Homepage/Page_diagnostics/a_COVID-19 DIAGNOSTICS' is clicked on

2022-04-06 18:58:16 - [TEST_STEP][PASSED] - mouseOver(findTestObject("New_Homepage/Page_diagnostics/a_Abbott Rapid Diagnostics PANBIO COVID-19 Ag Rapid Test Device (Nasopharyngeal)")): Object: 'Object Repository/New_Homepage/Page_diagnostics/a_Abbott Rapid Diagnostics PANBIO COVID-19 Ag Rapid Test Device (Nasopharyngeal)' is hovered

2022-04-06 18:58:18 - [MESSAGE][PASSED] - Object: 'Object Repository/New_Homepage/Page_diagnostics/a_Abbott Rapid Diagnostics PANBIO COVID-19 Ag Rapid Test Device (Nasopharyngeal)' is hovered

2022-04-06 18:58:18 - [TEST_STEP][PASSED] - click(findTestObject("New_Homepage/Page_diagnostics/a_Abbott Rapid Diagnostics PANBIO COVID-19 Ag Rapid Test Device (Nasopharyngeal)")): Object: 'Object Repository/New_Homepage/Page_diagnostics/a_Abbott Rapid Diagnostics PANBIO COVID-19 Ag Rapid Test Device (Nasopharyngeal)' is clicked on

2022-04-06 18:58:21 - [MESSAGE][PASSED] - Object: 'Object Repository/New_Homepage/Page_diagnostics/a_Abbott Rapid Diagnostics PANBIO COVID-19 Ag Rapid Test Device (Nasopharyngeal)' is clicked on

2022-04-06 18:58:21 - [MESSAGE][PASSED] - Call Test Case 'Test Cases/Custom Item Details/UTILITIES/OPEN_BROWSER' successfully

2022-04-06 18:58:21 - [TEST_STEP][PASSED] - waitForElementVisible(findTestObject("Item Details Objects/Page_diagnostics/Merchant_name"), 0): Object 'Object Repository/Item Details Objects/Page_diagnostics/Merchant_name' is visible

2022-04-06 18:58:21 - [MESSAGE][WARNING] - Timeout '0' is invalid. Using default page load timeout: '30'

2022-04-06 18:58:23 - [MESSAGE][PASSED] - Object 'Object Repository/Item Details Objects/Page_diagnostics/Merchant_name' is visible

2022-04-06 18:58:23 - [TEST_STEP][PASSED] - verifyElementClickable(findTestObject("Item Details Objects/Page_diagnostics/Merchant_name")): Object 'Object Repository/Item Details Objects/Page_diagnostics/Merchant_name' is clickable

2022-04-06 18:58:23 - [MESSAGE][PASSED] - Object 'Object Repository/Item Details Objects/Page_diagnostics/Merchant_name' is clickable

2022-04-06 18:58:23 - [TEST_STEP][PASSED] - callTestCase(findTestCase("Custom Item Details/UTILITIES/CLOSE_BROWSER"), [:], STOP_ON_FAILURE): Call Test Case 'Test Cases/Custom Item Details/UTILITIES/CLOSE_BROWSER' successfully

2022-04-06 18:58:23 - [TEST_CASE][PASSED] - Test Cases/Custom Item Details/UTILITIES/CLOSE_BROWSER: Test Cases/Custom Item Details/UTILITIES/CLOSE_BROWSER

2022-04-06 18:58:23 - [TEST_STEP][PASSED] - closeBrowser(): Browser is closed

2022-04-06 18:58:24 - [MESSAGE][PASSED] - Browser is closed

2022-04-06 18:58:24 - [MESSAGE][PASSED] - Call Test Case 'Test Cases/Custom Item Details/UTILITIES/CLOSE_BROWSER' successfully]]></system-out>
         <system-err><![CDATA[]]></system-err>
      </testcase>
      <testcase name="Test Cases/Custom Item Details/TEST CASE/TC_DETAILS_UI_006" time="14.327" classname="Test Cases/Custom Item Details/TEST CASE/TC_DETAILS_UI_006" status="PASSED">
         <system-out><![CDATA[2022-04-06 18:58:24 - [TEST_CASE][PASSED] - Test Cases/Custom Item Details/TEST CASE/TC_DETAILS_UI_006: Test Cases/Custom Item Details/TEST CASE/TC_DETAILS_UI_006

2022-04-06 18:58:24 - [TEST_STEP][PASSED] - callTestCase(findTestCase("Custom Item Details/UTILITIES/OPEN_BROWSER"), [:], STOP_ON_FAILURE): Call Test Case 'Test Cases/Custom Item Details/UTILITIES/OPEN_BROWSER' successfully

2022-04-06 18:58:24 - [TEST_CASE][PASSED] - Test Cases/Custom Item Details/UTILITIES/OPEN_BROWSER: Test Cases/Custom Item Details/UTILITIES/OPEN_BROWSER

2022-04-06 18:58:24 - [TEST_STEP][PASSED] - openBrowser("https://diagnostics.staging.arcadier.io/"): Browser is opened with url: 'https://diagnostics.staging.arcadier.io/'

2022-04-06 18:58:24 - [MESSAGE][INFO] - Starting 'Chrome' driver

2022-04-06 18:58:24 - [MESSAGE][INFO] - Action delay is set to 0 milliseconds

2022-04-06 18:58:27 - [MESSAGE][PASSED] - Browser is opened with url: 'https://diagnostics.staging.arcadier.io/'

2022-04-06 18:58:27 - [TEST_STEP][PASSED] - maximizeWindow(): Current window maximized

2022-04-06 18:58:27 - [MESSAGE][PASSED] - Current window maximized

2022-04-06 18:58:27 - [TEST_STEP][PASSED] - click(findTestObject("Item Details Objects/Page_diagnostics/a_Accept Cookies")): Object: 'Object Repository/Item Details Objects/Page_diagnostics/a_Accept Cookies' is clicked on

2022-04-06 18:58:29 - [MESSAGE][PASSED] - Object: 'Object Repository/Item Details Objects/Page_diagnostics/a_Accept Cookies' is clicked on

2022-04-06 18:58:29 - [TEST_STEP][PASSED] - click(findTestObject("New_Homepage/Page_diagnostics/a_COVID-19 DIAGNOSTICS"), STOP_ON_FAILURE): Object: 'Object Repository/New_Homepage/Page_diagnostics/a_COVID-19 DIAGNOSTICS' is clicked on

2022-04-06 18:58:31 - [MESSAGE][PASSED] - Object: 'Object Repository/New_Homepage/Page_diagnostics/a_COVID-19 DIAGNOSTICS' is clicked on

2022-04-06 18:58:31 - [TEST_STEP][PASSED] - mouseOver(findTestObject("New_Homepage/Page_diagnostics/a_Abbott Rapid Diagnostics PANBIO COVID-19 Ag Rapid Test Device (Nasopharyngeal)")): Object: 'Object Repository/New_Homepage/Page_diagnostics/a_Abbott Rapid Diagnostics PANBIO COVID-19 Ag Rapid Test Device (Nasopharyngeal)' is hovered

2022-04-06 18:58:32 - [MESSAGE][PASSED] - Object: 'Object Repository/New_Homepage/Page_diagnostics/a_Abbott Rapid Diagnostics PANBIO COVID-19 Ag Rapid Test Device (Nasopharyngeal)' is hovered

2022-04-06 18:58:32 - [TEST_STEP][PASSED] - click(findTestObject("New_Homepage/Page_diagnostics/a_Abbott Rapid Diagnostics PANBIO COVID-19 Ag Rapid Test Device (Nasopharyngeal)")): Object: 'Object Repository/New_Homepage/Page_diagnostics/a_Abbott Rapid Diagnostics PANBIO COVID-19 Ag Rapid Test Device (Nasopharyngeal)' is clicked on

2022-04-06 18:58:35 - [MESSAGE][PASSED] - Object: 'Object Repository/New_Homepage/Page_diagnostics/a_Abbott Rapid Diagnostics PANBIO COVID-19 Ag Rapid Test Device (Nasopharyngeal)' is clicked on

2022-04-06 18:58:35 - [MESSAGE][PASSED] - Call Test Case 'Test Cases/Custom Item Details/UTILITIES/OPEN_BROWSER' successfully

2022-04-06 18:58:35 - [TEST_STEP][PASSED] - waitForElementVisible(findTestObject("Item Details Objects/Page_diagnostics/a_Contact_seller_btn"), 0): Object 'Object Repository/Item Details Objects/Page_diagnostics/a_Contact_seller_btn' is visible

2022-04-06 18:58:35 - [MESSAGE][WARNING] - Timeout '0' is invalid. Using default page load timeout: '30'

2022-04-06 18:58:37 - [MESSAGE][PASSED] - Object 'Object Repository/Item Details Objects/Page_diagnostics/a_Contact_seller_btn' is visible

2022-04-06 18:58:37 - [TEST_STEP][PASSED] - verifyElementClickable(findTestObject("Item Details Objects/Page_diagnostics/a_Contact_seller_btn")): Object 'Object Repository/Item Details Objects/Page_diagnostics/a_Contact_seller_btn' is clickable

2022-04-06 18:58:37 - [MESSAGE][PASSED] - Object 'Object Repository/Item Details Objects/Page_diagnostics/a_Contact_seller_btn' is clickable

2022-04-06 18:58:37 - [TEST_STEP][PASSED] - verifyElementText(findTestObject("Item Details Objects/Page_diagnostics/a_Contact_seller_btn"), "ASK THE SELLER"): Actual text and expected text of test object 'Object Repository/Item Details Objects/Page_diagnostics/a_Contact_seller_btn' are matched.

2022-04-06 18:58:37 - [MESSAGE][PASSED] - Actual text and expected text of test object 'Object Repository/Item Details Objects/Page_diagnostics/a_Contact_seller_btn' are matched.

2022-04-06 18:58:37 - [TEST_STEP][PASSED] - callTestCase(findTestCase("Custom Item Details/UTILITIES/CLOSE_BROWSER"), [:], STOP_ON_FAILURE): Call Test Case 'Test Cases/Custom Item Details/UTILITIES/CLOSE_BROWSER' successfully

2022-04-06 18:58:37 - [TEST_CASE][PASSED] - Test Cases/Custom Item Details/UTILITIES/CLOSE_BROWSER: Test Cases/Custom Item Details/UTILITIES/CLOSE_BROWSER

2022-04-06 18:58:37 - [TEST_STEP][PASSED] - closeBrowser(): Browser is closed

2022-04-06 18:58:38 - [MESSAGE][PASSED] - Browser is closed

2022-04-06 18:58:38 - [MESSAGE][PASSED] - Call Test Case 'Test Cases/Custom Item Details/UTILITIES/CLOSE_BROWSER' successfully]]></system-out>
         <system-err><![CDATA[]]></system-err>
      </testcase>
      <testcase name="Test Cases/Custom Item Details/TEST CASE/TC_DETAILS_UI_007" time="12.446" classname="Test Cases/Custom Item Details/TEST CASE/TC_DETAILS_UI_007" status="PASSED">
         <system-out><![CDATA[2022-04-06 18:58:38 - [TEST_CASE][PASSED] - Test Cases/Custom Item Details/TEST CASE/TC_DETAILS_UI_007: Test Cases/Custom Item Details/TEST CASE/TC_DETAILS_UI_007

2022-04-06 18:58:38 - [TEST_STEP][PASSED] - callTestCase(findTestCase("Custom Item Details/UTILITIES/OPEN_BROWSER"), [:], STOP_ON_FAILURE): Call Test Case 'Test Cases/Custom Item Details/UTILITIES/OPEN_BROWSER' successfully

2022-04-06 18:58:38 - [TEST_CASE][PASSED] - Test Cases/Custom Item Details/UTILITIES/OPEN_BROWSER: Test Cases/Custom Item Details/UTILITIES/OPEN_BROWSER

2022-04-06 18:58:38 - [TEST_STEP][PASSED] - openBrowser("https://diagnostics.staging.arcadier.io/"): Browser is opened with url: 'https://diagnostics.staging.arcadier.io/'

2022-04-06 18:58:38 - [MESSAGE][INFO] - Starting 'Chrome' driver

2022-04-06 18:58:38 - [MESSAGE][INFO] - Action delay is set to 0 milliseconds

2022-04-06 18:58:42 - [MESSAGE][PASSED] - Browser is opened with url: 'https://diagnostics.staging.arcadier.io/'

2022-04-06 18:58:42 - [TEST_STEP][PASSED] - maximizeWindow(): Current window maximized

2022-04-06 18:58:42 - [MESSAGE][PASSED] - Current window maximized

2022-04-06 18:58:42 - [TEST_STEP][PASSED] - click(findTestObject("Item Details Objects/Page_diagnostics/a_Accept Cookies")): Object: 'Object Repository/Item Details Objects/Page_diagnostics/a_Accept Cookies' is clicked on

2022-04-06 18:58:43 - [MESSAGE][PASSED] - Object: 'Object Repository/Item Details Objects/Page_diagnostics/a_Accept Cookies' is clicked on

2022-04-06 18:58:43 - [TEST_STEP][PASSED] - click(findTestObject("New_Homepage/Page_diagnostics/a_COVID-19 DIAGNOSTICS"), STOP_ON_FAILURE): Object: 'Object Repository/New_Homepage/Page_diagnostics/a_COVID-19 DIAGNOSTICS' is clicked on

2022-04-06 18:58:44 - [MESSAGE][PASSED] - Object: 'Object Repository/New_Homepage/Page_diagnostics/a_COVID-19 DIAGNOSTICS' is clicked on

2022-04-06 18:58:44 - [TEST_STEP][PASSED] - mouseOver(findTestObject("New_Homepage/Page_diagnostics/a_Abbott Rapid Diagnostics PANBIO COVID-19 Ag Rapid Test Device (Nasopharyngeal)")): Object: 'Object Repository/New_Homepage/Page_diagnostics/a_Abbott Rapid Diagnostics PANBIO COVID-19 Ag Rapid Test Device (Nasopharyngeal)' is hovered

2022-04-06 18:58:46 - [MESSAGE][PASSED] - Object: 'Object Repository/New_Homepage/Page_diagnostics/a_Abbott Rapid Diagnostics PANBIO COVID-19 Ag Rapid Test Device (Nasopharyngeal)' is hovered

2022-04-06 18:58:46 - [TEST_STEP][PASSED] - click(findTestObject("New_Homepage/Page_diagnostics/a_Abbott Rapid Diagnostics PANBIO COVID-19 Ag Rapid Test Device (Nasopharyngeal)")): Object: 'Object Repository/New_Homepage/Page_diagnostics/a_Abbott Rapid Diagnostics PANBIO COVID-19 Ag Rapid Test Device (Nasopharyngeal)' is clicked on

2022-04-06 18:58:48 - [MESSAGE][PASSED] - Object: 'Object Repository/New_Homepage/Page_diagnostics/a_Abbott Rapid Diagnostics PANBIO COVID-19 Ag Rapid Test Device (Nasopharyngeal)' is clicked on

2022-04-06 18:58:48 - [MESSAGE][PASSED] - Call Test Case 'Test Cases/Custom Item Details/UTILITIES/OPEN_BROWSER' successfully

2022-04-06 18:58:48 - [TEST_STEP][PASSED] - waitForElementVisible(findTestObject("Item Details Objects/Page_diagnostics/div.item-detail-left"), 0): Object 'Object Repository/Item Details Objects/Page_diagnostics/div.item-detail-left' is visible

2022-04-06 18:58:48 - [MESSAGE][WARNING] - Timeout '0' is invalid. Using default page load timeout: '30'

2022-04-06 18:58:50 - [MESSAGE][PASSED] - Object 'Object Repository/Item Details Objects/Page_diagnostics/div.item-detail-left' is visible

2022-04-06 18:58:50 - [TEST_STEP][PASSED] - callTestCase(findTestCase("Custom Item Details/UTILITIES/CLOSE_BROWSER"), [:], STOP_ON_FAILURE): Call Test Case 'Test Cases/Custom Item Details/UTILITIES/CLOSE_BROWSER' successfully

2022-04-06 18:58:50 - [TEST_CASE][PASSED] - Test Cases/Custom Item Details/UTILITIES/CLOSE_BROWSER: Test Cases/Custom Item Details/UTILITIES/CLOSE_BROWSER

2022-04-06 18:58:50 - [TEST_STEP][PASSED] - closeBrowser(): Browser is closed

2022-04-06 18:58:51 - [MESSAGE][PASSED] - Browser is closed

2022-04-06 18:58:51 - [MESSAGE][PASSED] - Call Test Case 'Test Cases/Custom Item Details/UTILITIES/CLOSE_BROWSER' successfully]]></system-out>
         <system-err><![CDATA[]]></system-err>
      </testcase>
      <testcase name="Test Cases/Custom Item Details/TEST CASE/TC_DETAILS_UI_008" time="14.452" classname="Test Cases/Custom Item Details/TEST CASE/TC_DETAILS_UI_008" status="PASSED">
         <system-out><![CDATA[2022-04-06 18:58:51 - [TEST_CASE][PASSED] - Test Cases/Custom Item Details/TEST CASE/TC_DETAILS_UI_008: Test Cases/Custom Item Details/TEST CASE/TC_DETAILS_UI_008

2022-04-06 18:58:51 - [TEST_STEP][PASSED] - callTestCase(findTestCase("Custom Item Details/UTILITIES/OPEN_BROWSER"), [:], STOP_ON_FAILURE): Call Test Case 'Test Cases/Custom Item Details/UTILITIES/OPEN_BROWSER' successfully

2022-04-06 18:58:51 - [TEST_CASE][PASSED] - Test Cases/Custom Item Details/UTILITIES/OPEN_BROWSER: Test Cases/Custom Item Details/UTILITIES/OPEN_BROWSER

2022-04-06 18:58:51 - [TEST_STEP][PASSED] - openBrowser("https://diagnostics.staging.arcadier.io/"): Browser is opened with url: 'https://diagnostics.staging.arcadier.io/'

2022-04-06 18:58:51 - [MESSAGE][INFO] - Starting 'Chrome' driver

2022-04-06 18:58:51 - [MESSAGE][INFO] - Action delay is set to 0 milliseconds

2022-04-06 18:58:54 - [MESSAGE][PASSED] - Browser is opened with url: 'https://diagnostics.staging.arcadier.io/'

2022-04-06 18:58:54 - [TEST_STEP][PASSED] - maximizeWindow(): Current window maximized

2022-04-06 18:58:54 - [MESSAGE][PASSED] - Current window maximized

2022-04-06 18:58:54 - [TEST_STEP][PASSED] - click(findTestObject("Item Details Objects/Page_diagnostics/a_Accept Cookies")): Object: 'Object Repository/Item Details Objects/Page_diagnostics/a_Accept Cookies' is clicked on

2022-04-06 18:58:56 - [MESSAGE][PASSED] - Object: 'Object Repository/Item Details Objects/Page_diagnostics/a_Accept Cookies' is clicked on

2022-04-06 18:58:56 - [TEST_STEP][PASSED] - click(findTestObject("New_Homepage/Page_diagnostics/a_COVID-19 DIAGNOSTICS"), STOP_ON_FAILURE): Object: 'Object Repository/New_Homepage/Page_diagnostics/a_COVID-19 DIAGNOSTICS' is clicked on

2022-04-06 18:58:58 - [MESSAGE][PASSED] - Object: 'Object Repository/New_Homepage/Page_diagnostics/a_COVID-19 DIAGNOSTICS' is clicked on

2022-04-06 18:58:58 - [TEST_STEP][PASSED] - mouseOver(findTestObject("New_Homepage/Page_diagnostics/a_Abbott Rapid Diagnostics PANBIO COVID-19 Ag Rapid Test Device (Nasopharyngeal)")): Object: 'Object Repository/New_Homepage/Page_diagnostics/a_Abbott Rapid Diagnostics PANBIO COVID-19 Ag Rapid Test Device (Nasopharyngeal)' is hovered

2022-04-06 18:59:00 - [MESSAGE][PASSED] - Object: 'Object Repository/New_Homepage/Page_diagnostics/a_Abbott Rapid Diagnostics PANBIO COVID-19 Ag Rapid Test Device (Nasopharyngeal)' is hovered

2022-04-06 18:59:00 - [TEST_STEP][PASSED] - click(findTestObject("New_Homepage/Page_diagnostics/a_Abbott Rapid Diagnostics PANBIO COVID-19 Ag Rapid Test Device (Nasopharyngeal)")): Object: 'Object Repository/New_Homepage/Page_diagnostics/a_Abbott Rapid Diagnostics PANBIO COVID-19 Ag Rapid Test Device (Nasopharyngeal)' is clicked on

2022-04-06 18:59:03 - [MESSAGE][PASSED] - Object: 'Object Repository/New_Homepage/Page_diagnostics/a_Abbott Rapid Diagnostics PANBIO COVID-19 Ag Rapid Test Device (Nasopharyngeal)' is clicked on

2022-04-06 18:59:03 - [MESSAGE][PASSED] - Call Test Case 'Test Cases/Custom Item Details/UTILITIES/OPEN_BROWSER' successfully

2022-04-06 18:59:03 - [TEST_STEP][PASSED] - waitForElementVisible(findTestObject("Item Details Objects/Page_diagnostics/div_itemDetailName"), 0): Object 'Object Repository/Item Details Objects/Page_diagnostics/div_itemDetailName' is visible

2022-04-06 18:59:03 - [MESSAGE][WARNING] - Timeout '0' is invalid. Using default page load timeout: '30'

2022-04-06 18:59:04 - [MESSAGE][PASSED] - Object 'Object Repository/Item Details Objects/Page_diagnostics/div_itemDetailName' is visible

2022-04-06 18:59:04 - [TEST_STEP][PASSED] - callTestCase(findTestCase("Custom Item Details/UTILITIES/CLOSE_BROWSER"), [:], STOP_ON_FAILURE): Call Test Case 'Test Cases/Custom Item Details/UTILITIES/CLOSE_BROWSER' successfully

2022-04-06 18:59:04 - [TEST_CASE][PASSED] - Test Cases/Custom Item Details/UTILITIES/CLOSE_BROWSER: Test Cases/Custom Item Details/UTILITIES/CLOSE_BROWSER

2022-04-06 18:59:04 - [TEST_STEP][PASSED] - closeBrowser(): Browser is closed

2022-04-06 18:59:05 - [MESSAGE][PASSED] - Browser is closed

2022-04-06 18:59:05 - [MESSAGE][PASSED] - Call Test Case 'Test Cases/Custom Item Details/UTILITIES/CLOSE_BROWSER' successfully]]></system-out>
         <system-err><![CDATA[]]></system-err>
      </testcase>
      <testcase name="Test Cases/Custom Item Details/TEST CASE/TC_DETAILS_UI_009" time="43.576" classname="Test Cases/Custom Item Details/TEST CASE/TC_DETAILS_UI_009" status="PASSED">
         <system-out><![CDATA[2022-04-06 18:59:05 - [TEST_CASE][PASSED] - Test Cases/Custom Item Details/TEST CASE/TC_DETAILS_UI_009: Test Cases/Custom Item Details/TEST CASE/TC_DETAILS_UI_009

2022-04-06 18:59:05 - [TEST_STEP][PASSED] - callTestCase(findTestCase("Custom Item Details/UTILITIES/OPEN_BROWSER"), [:], STOP_ON_FAILURE): Call Test Case 'Test Cases/Custom Item Details/UTILITIES/OPEN_BROWSER' successfully

2022-04-06 18:59:05 - [TEST_CASE][PASSED] - Test Cases/Custom Item Details/UTILITIES/OPEN_BROWSER: Test Cases/Custom Item Details/UTILITIES/OPEN_BROWSER

2022-04-06 18:59:05 - [TEST_STEP][PASSED] - openBrowser("https://diagnostics.staging.arcadier.io/"): Browser is opened with url: 'https://diagnostics.staging.arcadier.io/'

2022-04-06 18:59:05 - [MESSAGE][INFO] - Starting 'Chrome' driver

2022-04-06 18:59:05 - [MESSAGE][INFO] - Action delay is set to 0 milliseconds

2022-04-06 18:59:09 - [MESSAGE][PASSED] - Browser is opened with url: 'https://diagnostics.staging.arcadier.io/'

2022-04-06 18:59:09 - [TEST_STEP][PASSED] - maximizeWindow(): Current window maximized

2022-04-06 18:59:09 - [MESSAGE][PASSED] - Current window maximized

2022-04-06 18:59:09 - [TEST_STEP][PASSED] - click(findTestObject("Item Details Objects/Page_diagnostics/a_Accept Cookies")): Object: 'Object Repository/Item Details Objects/Page_diagnostics/a_Accept Cookies' is clicked on

2022-04-06 18:59:10 - [MESSAGE][PASSED] - Object: 'Object Repository/Item Details Objects/Page_diagnostics/a_Accept Cookies' is clicked on

2022-04-06 18:59:10 - [TEST_STEP][PASSED] - click(findTestObject("New_Homepage/Page_diagnostics/a_COVID-19 DIAGNOSTICS"), STOP_ON_FAILURE): Object: 'Object Repository/New_Homepage/Page_diagnostics/a_COVID-19 DIAGNOSTICS' is clicked on

2022-04-06 18:59:12 - [MESSAGE][PASSED] - Object: 'Object Repository/New_Homepage/Page_diagnostics/a_COVID-19 DIAGNOSTICS' is clicked on

2022-04-06 18:59:12 - [TEST_STEP][PASSED] - mouseOver(findTestObject("New_Homepage/Page_diagnostics/a_Abbott Rapid Diagnostics PANBIO COVID-19 Ag Rapid Test Device (Nasopharyngeal)")): Object: 'Object Repository/New_Homepage/Page_diagnostics/a_Abbott Rapid Diagnostics PANBIO COVID-19 Ag Rapid Test Device (Nasopharyngeal)' is hovered

2022-04-06 18:59:14 - [MESSAGE][PASSED] - Object: 'Object Repository/New_Homepage/Page_diagnostics/a_Abbott Rapid Diagnostics PANBIO COVID-19 Ag Rapid Test Device (Nasopharyngeal)' is hovered

2022-04-06 18:59:14 - [TEST_STEP][PASSED] - click(findTestObject("New_Homepage/Page_diagnostics/a_Abbott Rapid Diagnostics PANBIO COVID-19 Ag Rapid Test Device (Nasopharyngeal)")): Object: 'Object Repository/New_Homepage/Page_diagnostics/a_Abbott Rapid Diagnostics PANBIO COVID-19 Ag Rapid Test Device (Nasopharyngeal)' is clicked on

2022-04-06 18:59:16 - [MESSAGE][PASSED] - Object: 'Object Repository/New_Homepage/Page_diagnostics/a_Abbott Rapid Diagnostics PANBIO COVID-19 Ag Rapid Test Device (Nasopharyngeal)' is clicked on

2022-04-06 18:59:16 - [MESSAGE][PASSED] - Call Test Case 'Test Cases/Custom Item Details/UTILITIES/OPEN_BROWSER' successfully

2022-04-06 18:59:16 - [TEST_STEP][PASSED] - waitForElementVisible(findTestObject("Item Details Objects/Page_diagnostics/div.item-id"), 0): Object 'Object Repository/Item Details Objects/Page_diagnostics/div.item-id' is not visible after 30 second(s)

2022-04-06 18:59:16 - [MESSAGE][WARNING] - Timeout '0' is invalid. Using default page load timeout: '30'

2022-04-06 18:59:48 - [MESSAGE][WARNING] - Object 'Object Repository/Item Details Objects/Page_diagnostics/div.item-id' is not visible after 30 second(s)

2022-04-06 18:59:48 - [TEST_STEP][PASSED] - callTestCase(findTestCase("Custom Item Details/UTILITIES/CLOSE_BROWSER"), [:], STOP_ON_FAILURE): Call Test Case 'Test Cases/Custom Item Details/UTILITIES/CLOSE_BROWSER' successfully

2022-04-06 18:59:48 - [TEST_CASE][PASSED] - Test Cases/Custom Item Details/UTILITIES/CLOSE_BROWSER: Test Cases/Custom Item Details/UTILITIES/CLOSE_BROWSER

2022-04-06 18:59:48 - [TEST_STEP][PASSED] - closeBrowser(): Browser is closed

2022-04-06 18:59:49 - [MESSAGE][PASSED] - Browser is closed

2022-04-06 18:59:49 - [MESSAGE][PASSED] - Call Test Case 'Test Cases/Custom Item Details/UTILITIES/CLOSE_BROWSER' successfully]]></system-out>
         <system-err><![CDATA[]]></system-err>
      </testcase>
      <testcase name="Test Cases/Custom Item Details/TEST CASE/TC_DETAILS_UI_010" time="15.171" classname="Test Cases/Custom Item Details/TEST CASE/TC_DETAILS_UI_010" status="PASSED">
         <system-out><![CDATA[2022-04-06 18:59:49 - [TEST_CASE][PASSED] - Test Cases/Custom Item Details/TEST CASE/TC_DETAILS_UI_010: Test Cases/Custom Item Details/TEST CASE/TC_DETAILS_UI_010

2022-04-06 18:59:49 - [TEST_STEP][PASSED] - callTestCase(findTestCase("Custom Item Details/UTILITIES/OPEN_BROWSER"), [:], STOP_ON_FAILURE): Call Test Case 'Test Cases/Custom Item Details/UTILITIES/OPEN_BROWSER' successfully

2022-04-06 18:59:49 - [TEST_CASE][PASSED] - Test Cases/Custom Item Details/UTILITIES/OPEN_BROWSER: Test Cases/Custom Item Details/UTILITIES/OPEN_BROWSER

2022-04-06 18:59:49 - [TEST_STEP][PASSED] - openBrowser("https://diagnostics.staging.arcadier.io/"): Browser is opened with url: 'https://diagnostics.staging.arcadier.io/'

2022-04-06 18:59:49 - [MESSAGE][INFO] - Starting 'Chrome' driver

2022-04-06 18:59:49 - [MESSAGE][INFO] - Action delay is set to 0 milliseconds

2022-04-06 18:59:52 - [MESSAGE][PASSED] - Browser is opened with url: 'https://diagnostics.staging.arcadier.io/'

2022-04-06 18:59:52 - [TEST_STEP][PASSED] - maximizeWindow(): Current window maximized

2022-04-06 18:59:52 - [MESSAGE][PASSED] - Current window maximized

2022-04-06 18:59:52 - [TEST_STEP][PASSED] - click(findTestObject("Item Details Objects/Page_diagnostics/a_Accept Cookies")): Object: 'Object Repository/Item Details Objects/Page_diagnostics/a_Accept Cookies' is clicked on

2022-04-06 18:59:54 - [MESSAGE][PASSED] - Object: 'Object Repository/Item Details Objects/Page_diagnostics/a_Accept Cookies' is clicked on

2022-04-06 18:59:54 - [TEST_STEP][PASSED] - click(findTestObject("New_Homepage/Page_diagnostics/a_COVID-19 DIAGNOSTICS"), STOP_ON_FAILURE): Object: 'Object Repository/New_Homepage/Page_diagnostics/a_COVID-19 DIAGNOSTICS' is clicked on

2022-04-06 18:59:56 - [MESSAGE][PASSED] - Object: 'Object Repository/New_Homepage/Page_diagnostics/a_COVID-19 DIAGNOSTICS' is clicked on

2022-04-06 18:59:56 - [TEST_STEP][PASSED] - mouseOver(findTestObject("New_Homepage/Page_diagnostics/a_Abbott Rapid Diagnostics PANBIO COVID-19 Ag Rapid Test Device (Nasopharyngeal)")): Object: 'Object Repository/New_Homepage/Page_diagnostics/a_Abbott Rapid Diagnostics PANBIO COVID-19 Ag Rapid Test Device (Nasopharyngeal)' is hovered

2022-04-06 18:59:58 - [MESSAGE][PASSED] - Object: 'Object Repository/New_Homepage/Page_diagnostics/a_Abbott Rapid Diagnostics PANBIO COVID-19 Ag Rapid Test Device (Nasopharyngeal)' is hovered

2022-04-06 18:59:58 - [TEST_STEP][PASSED] - click(findTestObject("New_Homepage/Page_diagnostics/a_Abbott Rapid Diagnostics PANBIO COVID-19 Ag Rapid Test Device (Nasopharyngeal)")): Object: 'Object Repository/New_Homepage/Page_diagnostics/a_Abbott Rapid Diagnostics PANBIO COVID-19 Ag Rapid Test Device (Nasopharyngeal)' is clicked on

2022-04-06 19:00:02 - [MESSAGE][PASSED] - Object: 'Object Repository/New_Homepage/Page_diagnostics/a_Abbott Rapid Diagnostics PANBIO COVID-19 Ag Rapid Test Device (Nasopharyngeal)' is clicked on

2022-04-06 19:00:02 - [MESSAGE][PASSED] - Call Test Case 'Test Cases/Custom Item Details/UTILITIES/OPEN_BROWSER' successfully

2022-04-06 19:00:02 - [TEST_STEP][PASSED] - waitForElementVisible(findTestObject("Item Details Objects/Page_diagnostics/div.new-button-area"), 0): Object 'Object Repository/Item Details Objects/Page_diagnostics/div.new-button-area' is visible

2022-04-06 19:00:02 - [MESSAGE][WARNING] - Timeout '0' is invalid. Using default page load timeout: '30'

2022-04-06 19:00:03 - [MESSAGE][PASSED] - Object 'Object Repository/Item Details Objects/Page_diagnostics/div.new-button-area' is visible

2022-04-06 19:00:03 - [TEST_STEP][PASSED] - callTestCase(findTestCase("Custom Item Details/UTILITIES/CLOSE_BROWSER"), [:], STOP_ON_FAILURE): Call Test Case 'Test Cases/Custom Item Details/UTILITIES/CLOSE_BROWSER' successfully

2022-04-06 19:00:03 - [TEST_CASE][PASSED] - Test Cases/Custom Item Details/UTILITIES/CLOSE_BROWSER: Test Cases/Custom Item Details/UTILITIES/CLOSE_BROWSER

2022-04-06 19:00:03 - [TEST_STEP][PASSED] - closeBrowser(): Browser is closed

2022-04-06 19:00:04 - [MESSAGE][PASSED] - Browser is closed

2022-04-06 19:00:04 - [MESSAGE][PASSED] - Call Test Case 'Test Cases/Custom Item Details/UTILITIES/CLOSE_BROWSER' successfully]]></system-out>
         <system-err><![CDATA[]]></system-err>
      </testcase>
      <testcase name="Test Cases/Custom Item Details/TEST CASE/TC_DETAILS_UI_011" time="14.494" classname="Test Cases/Custom Item Details/TEST CASE/TC_DETAILS_UI_011" status="PASSED">
         <system-out><![CDATA[2022-04-06 19:00:04 - [TEST_CASE][PASSED] - Test Cases/Custom Item Details/TEST CASE/TC_DETAILS_UI_011: Test Cases/Custom Item Details/TEST CASE/TC_DETAILS_UI_011

2022-04-06 19:00:04 - [TEST_STEP][PASSED] - callTestCase(findTestCase("Custom Item Details/UTILITIES/OPEN_BROWSER"), [:], STOP_ON_FAILURE): Call Test Case 'Test Cases/Custom Item Details/UTILITIES/OPEN_BROWSER' successfully

2022-04-06 19:00:04 - [TEST_CASE][PASSED] - Test Cases/Custom Item Details/UTILITIES/OPEN_BROWSER: Test Cases/Custom Item Details/UTILITIES/OPEN_BROWSER

2022-04-06 19:00:04 - [TEST_STEP][PASSED] - openBrowser("https://diagnostics.staging.arcadier.io/"): Browser is opened with url: 'https://diagnostics.staging.arcadier.io/'

2022-04-06 19:00:04 - [MESSAGE][INFO] - Starting 'Chrome' driver

2022-04-06 19:00:04 - [MESSAGE][INFO] - Action delay is set to 0 milliseconds

2022-04-06 19:00:07 - [MESSAGE][PASSED] - Browser is opened with url: 'https://diagnostics.staging.arcadier.io/'

2022-04-06 19:00:07 - [TEST_STEP][PASSED] - maximizeWindow(): Current window maximized

2022-04-06 19:00:07 - [MESSAGE][PASSED] - Current window maximized

2022-04-06 19:00:07 - [TEST_STEP][PASSED] - click(findTestObject("Item Details Objects/Page_diagnostics/a_Accept Cookies")): Object: 'Object Repository/Item Details Objects/Page_diagnostics/a_Accept Cookies' is clicked on

2022-04-06 19:00:09 - [MESSAGE][PASSED] - Object: 'Object Repository/Item Details Objects/Page_diagnostics/a_Accept Cookies' is clicked on

2022-04-06 19:00:09 - [TEST_STEP][PASSED] - click(findTestObject("New_Homepage/Page_diagnostics/a_COVID-19 DIAGNOSTICS"), STOP_ON_FAILURE): Object: 'Object Repository/New_Homepage/Page_diagnostics/a_COVID-19 DIAGNOSTICS' is clicked on

2022-04-06 19:00:11 - [MESSAGE][PASSED] - Object: 'Object Repository/New_Homepage/Page_diagnostics/a_COVID-19 DIAGNOSTICS' is clicked on

2022-04-06 19:00:11 - [TEST_STEP][PASSED] - mouseOver(findTestObject("New_Homepage/Page_diagnostics/a_Abbott Rapid Diagnostics PANBIO COVID-19 Ag Rapid Test Device (Nasopharyngeal)")): Object: 'Object Repository/New_Homepage/Page_diagnostics/a_Abbott Rapid Diagnostics PANBIO COVID-19 Ag Rapid Test Device (Nasopharyngeal)' is hovered

2022-04-06 19:00:13 - [MESSAGE][PASSED] - Object: 'Object Repository/New_Homepage/Page_diagnostics/a_Abbott Rapid Diagnostics PANBIO COVID-19 Ag Rapid Test Device (Nasopharyngeal)' is hovered

2022-04-06 19:00:13 - [TEST_STEP][PASSED] - click(findTestObject("New_Homepage/Page_diagnostics/a_Abbott Rapid Diagnostics PANBIO COVID-19 Ag Rapid Test Device (Nasopharyngeal)")): Object: 'Object Repository/New_Homepage/Page_diagnostics/a_Abbott Rapid Diagnostics PANBIO COVID-19 Ag Rapid Test Device (Nasopharyngeal)' is clicked on

2022-04-06 19:00:16 - [MESSAGE][PASSED] - Object: 'Object Repository/New_Homepage/Page_diagnostics/a_Abbott Rapid Diagnostics PANBIO COVID-19 Ag Rapid Test Device (Nasopharyngeal)' is clicked on

2022-04-06 19:00:16 - [MESSAGE][PASSED] - Call Test Case 'Test Cases/Custom Item Details/UTILITIES/OPEN_BROWSER' successfully

2022-04-06 19:00:16 - [TEST_STEP][PASSED] - waitForElementVisible(findTestObject("Item Details Objects/Page_diagnostics/div.item-price-text"), 0): Object 'Object Repository/Item Details Objects/Page_diagnostics/div.item-price-text' is visible

2022-04-06 19:00:16 - [MESSAGE][WARNING] - Timeout '0' is invalid. Using default page load timeout: '30'

2022-04-06 19:00:18 - [MESSAGE][PASSED] - Object 'Object Repository/Item Details Objects/Page_diagnostics/div.item-price-text' is visible

2022-04-06 19:00:18 - [TEST_STEP][PASSED] - callTestCase(findTestCase("Custom Item Details/UTILITIES/CLOSE_BROWSER"), [:], STOP_ON_FAILURE): Call Test Case 'Test Cases/Custom Item Details/UTILITIES/CLOSE_BROWSER' successfully

2022-04-06 19:00:18 - [TEST_CASE][PASSED] - Test Cases/Custom Item Details/UTILITIES/CLOSE_BROWSER: Test Cases/Custom Item Details/UTILITIES/CLOSE_BROWSER

2022-04-06 19:00:18 - [TEST_STEP][PASSED] - closeBrowser(): Browser is closed

2022-04-06 19:00:18 - [MESSAGE][PASSED] - Browser is closed

2022-04-06 19:00:18 - [MESSAGE][PASSED] - Call Test Case 'Test Cases/Custom Item Details/UTILITIES/CLOSE_BROWSER' successfully]]></system-out>
         <system-err><![CDATA[]]></system-err>
      </testcase>
      <testcase name="Test Cases/Custom Item Details/TEST CASE/TC_DETAILS_UI_012" time="16.012" classname="Test Cases/Custom Item Details/TEST CASE/TC_DETAILS_UI_012" status="PASSED">
         <system-out><![CDATA[2022-04-06 19:00:18 - [TEST_CASE][PASSED] - Test Cases/Custom Item Details/TEST CASE/TC_DETAILS_UI_012: Test Cases/Custom Item Details/TEST CASE/TC_DETAILS_UI_012

2022-04-06 19:00:18 - [TEST_STEP][PASSED] - callTestCase(findTestCase("Custom Item Details/UTILITIES/OPEN_BROWSER"), [:], STOP_ON_FAILURE): Call Test Case 'Test Cases/Custom Item Details/UTILITIES/OPEN_BROWSER' successfully

2022-04-06 19:00:18 - [TEST_CASE][PASSED] - Test Cases/Custom Item Details/UTILITIES/OPEN_BROWSER: Test Cases/Custom Item Details/UTILITIES/OPEN_BROWSER

2022-04-06 19:00:18 - [TEST_STEP][PASSED] - openBrowser("https://diagnostics.staging.arcadier.io/"): Browser is opened with url: 'https://diagnostics.staging.arcadier.io/'

2022-04-06 19:00:18 - [MESSAGE][INFO] - Starting 'Chrome' driver

2022-04-06 19:00:18 - [MESSAGE][INFO] - Action delay is set to 0 milliseconds

2022-04-06 19:00:22 - [MESSAGE][PASSED] - Browser is opened with url: 'https://diagnostics.staging.arcadier.io/'

2022-04-06 19:00:22 - [TEST_STEP][PASSED] - maximizeWindow(): Current window maximized

2022-04-06 19:00:22 - [MESSAGE][PASSED] - Current window maximized

2022-04-06 19:00:22 - [TEST_STEP][PASSED] - click(findTestObject("Item Details Objects/Page_diagnostics/a_Accept Cookies")): Object: 'Object Repository/Item Details Objects/Page_diagnostics/a_Accept Cookies' is clicked on

2022-04-06 19:00:23 - [MESSAGE][PASSED] - Object: 'Object Repository/Item Details Objects/Page_diagnostics/a_Accept Cookies' is clicked on

2022-04-06 19:00:23 - [TEST_STEP][PASSED] - click(findTestObject("New_Homepage/Page_diagnostics/a_COVID-19 DIAGNOSTICS"), STOP_ON_FAILURE): Object: 'Object Repository/New_Homepage/Page_diagnostics/a_COVID-19 DIAGNOSTICS' is clicked on

2022-04-06 19:00:25 - [MESSAGE][PASSED] - Object: 'Object Repository/New_Homepage/Page_diagnostics/a_COVID-19 DIAGNOSTICS' is clicked on

2022-04-06 19:00:25 - [TEST_STEP][PASSED] - mouseOver(findTestObject("New_Homepage/Page_diagnostics/a_Abbott Rapid Diagnostics PANBIO COVID-19 Ag Rapid Test Device (Nasopharyngeal)")): Object: 'Object Repository/New_Homepage/Page_diagnostics/a_Abbott Rapid Diagnostics PANBIO COVID-19 Ag Rapid Test Device (Nasopharyngeal)' is hovered

2022-04-06 19:00:27 - [MESSAGE][PASSED] - Object: 'Object Repository/New_Homepage/Page_diagnostics/a_Abbott Rapid Diagnostics PANBIO COVID-19 Ag Rapid Test Device (Nasopharyngeal)' is hovered

2022-04-06 19:00:27 - [TEST_STEP][PASSED] - click(findTestObject("New_Homepage/Page_diagnostics/a_Abbott Rapid Diagnostics PANBIO COVID-19 Ag Rapid Test Device (Nasopharyngeal)")): Object: 'Object Repository/New_Homepage/Page_diagnostics/a_Abbott Rapid Diagnostics PANBIO COVID-19 Ag Rapid Test Device (Nasopharyngeal)' is clicked on

2022-04-06 19:00:31 - [MESSAGE][PASSED] - Object: 'Object Repository/New_Homepage/Page_diagnostics/a_Abbott Rapid Diagnostics PANBIO COVID-19 Ag Rapid Test Device (Nasopharyngeal)' is clicked on

2022-04-06 19:00:31 - [MESSAGE][PASSED] - Call Test Case 'Test Cases/Custom Item Details/UTILITIES/OPEN_BROWSER' successfully

2022-04-06 19:00:31 - [TEST_STEP][PASSED] - waitForElementVisible(findTestObject("Item Details Objects/Page_diagnostics/a_Procure_Directly_From_Seller"), 0): Object 'Object Repository/Item Details Objects/Page_diagnostics/a_Procure_Directly_From_Seller' is visible

2022-04-06 19:00:31 - [MESSAGE][WARNING] - Timeout '0' is invalid. Using default page load timeout: '30'

2022-04-06 19:00:32 - [MESSAGE][PASSED] - Object 'Object Repository/Item Details Objects/Page_diagnostics/a_Procure_Directly_From_Seller' is visible

2022-04-06 19:00:32 - [TEST_STEP][PASSED] - verifyElementClickable(findTestObject("Item Details Objects/Page_diagnostics/a_Procure_Directly_From_Seller")): Object 'Object Repository/Item Details Objects/Page_diagnostics/a_Procure_Directly_From_Seller' is clickable

2022-04-06 19:00:33 - [MESSAGE][PASSED] - Object 'Object Repository/Item Details Objects/Page_diagnostics/a_Procure_Directly_From_Seller' is clickable

2022-04-06 19:00:33 - [TEST_STEP][PASSED] - click(findTestObject("Item Details Objects/Page_diagnostics/a_Procure_Directly_From_Seller")): Object: 'Object Repository/Item Details Objects/Page_diagnostics/a_Procure_Directly_From_Seller' is clicked on

2022-04-06 19:00:34 - [MESSAGE][PASSED] - Object: 'Object Repository/Item Details Objects/Page_diagnostics/a_Procure_Directly_From_Seller' is clicked on

2022-04-06 19:00:34 - [TEST_STEP][PASSED] - callTestCase(findTestCase("Custom Item Details/UTILITIES/CLOSE_BROWSER"), [:], STOP_ON_FAILURE): Call Test Case 'Test Cases/Custom Item Details/UTILITIES/CLOSE_BROWSER' successfully

2022-04-06 19:00:34 - [TEST_CASE][PASSED] - Test Cases/Custom Item Details/UTILITIES/CLOSE_BROWSER: Test Cases/Custom Item Details/UTILITIES/CLOSE_BROWSER

2022-04-06 19:00:34 - [TEST_STEP][PASSED] - closeBrowser(): Browser is closed

2022-04-06 19:00:34 - [MESSAGE][PASSED] - Browser is closed

2022-04-06 19:00:34 - [MESSAGE][PASSED] - Call Test Case 'Test Cases/Custom Item Details/UTILITIES/CLOSE_BROWSER' successfully]]></system-out>
         <system-err><![CDATA[]]></system-err>
      </testcase>
      <testcase name="Test Cases/Custom Item Details/TEST CASE/TC_DETAILS_UI_013" time="13.431" classname="Test Cases/Custom Item Details/TEST CASE/TC_DETAILS_UI_013" status="PASSED">
         <system-out><![CDATA[2022-04-06 19:00:34 - [TEST_CASE][PASSED] - Test Cases/Custom Item Details/TEST CASE/TC_DETAILS_UI_013: Test Cases/Custom Item Details/TEST CASE/TC_DETAILS_UI_013

2022-04-06 19:00:34 - [TEST_STEP][PASSED] - callTestCase(findTestCase("Custom Item Details/UTILITIES/OPEN_BROWSER"), [:], STOP_ON_FAILURE): Call Test Case 'Test Cases/Custom Item Details/UTILITIES/OPEN_BROWSER' successfully

2022-04-06 19:00:34 - [TEST_CASE][PASSED] - Test Cases/Custom Item Details/UTILITIES/OPEN_BROWSER: Test Cases/Custom Item Details/UTILITIES/OPEN_BROWSER

2022-04-06 19:00:35 - [TEST_STEP][PASSED] - openBrowser("https://diagnostics.staging.arcadier.io/"): Browser is opened with url: 'https://diagnostics.staging.arcadier.io/'

2022-04-06 19:00:35 - [MESSAGE][INFO] - Starting 'Chrome' driver

2022-04-06 19:00:35 - [MESSAGE][INFO] - Action delay is set to 0 milliseconds

2022-04-06 19:00:38 - [MESSAGE][PASSED] - Browser is opened with url: 'https://diagnostics.staging.arcadier.io/'

2022-04-06 19:00:38 - [TEST_STEP][PASSED] - maximizeWindow(): Current window maximized

2022-04-06 19:00:38 - [MESSAGE][PASSED] - Current window maximized

2022-04-06 19:00:38 - [TEST_STEP][PASSED] - click(findTestObject("Item Details Objects/Page_diagnostics/a_Accept Cookies")): Object: 'Object Repository/Item Details Objects/Page_diagnostics/a_Accept Cookies' is clicked on

2022-04-06 19:00:39 - [MESSAGE][PASSED] - Object: 'Object Repository/Item Details Objects/Page_diagnostics/a_Accept Cookies' is clicked on

2022-04-06 19:00:39 - [TEST_STEP][PASSED] - click(findTestObject("New_Homepage/Page_diagnostics/a_COVID-19 DIAGNOSTICS"), STOP_ON_FAILURE): Object: 'Object Repository/New_Homepage/Page_diagnostics/a_COVID-19 DIAGNOSTICS' is clicked on

2022-04-06 19:00:40 - [MESSAGE][PASSED] - Object: 'Object Repository/New_Homepage/Page_diagnostics/a_COVID-19 DIAGNOSTICS' is clicked on

2022-04-06 19:00:40 - [TEST_STEP][PASSED] - mouseOver(findTestObject("New_Homepage/Page_diagnostics/a_Abbott Rapid Diagnostics PANBIO COVID-19 Ag Rapid Test Device (Nasopharyngeal)")): Object: 'Object Repository/New_Homepage/Page_diagnostics/a_Abbott Rapid Diagnostics PANBIO COVID-19 Ag Rapid Test Device (Nasopharyngeal)' is hovered

2022-04-06 19:00:42 - [MESSAGE][PASSED] - Object: 'Object Repository/New_Homepage/Page_diagnostics/a_Abbott Rapid Diagnostics PANBIO COVID-19 Ag Rapid Test Device (Nasopharyngeal)' is hovered

2022-04-06 19:00:42 - [TEST_STEP][PASSED] - click(findTestObject("New_Homepage/Page_diagnostics/a_Abbott Rapid Diagnostics PANBIO COVID-19 Ag Rapid Test Device (Nasopharyngeal)")): Object: 'Object Repository/New_Homepage/Page_diagnostics/a_Abbott Rapid Diagnostics PANBIO COVID-19 Ag Rapid Test Device (Nasopharyngeal)' is clicked on

2022-04-06 19:00:45 - [MESSAGE][PASSED] - Object: 'Object Repository/New_Homepage/Page_diagnostics/a_Abbott Rapid Diagnostics PANBIO COVID-19 Ag Rapid Test Device (Nasopharyngeal)' is clicked on

2022-04-06 19:00:45 - [MESSAGE][PASSED] - Call Test Case 'Test Cases/Custom Item Details/UTILITIES/OPEN_BROWSER' successfully

2022-04-06 19:00:45 - [TEST_STEP][PASSED] - waitForElementPresent(findTestObject("Item Details Objects/Page_diagnostics/btn_Procure_grey"), 0): Object 'Object Repository/Item Details Objects/Page_diagnostics/btn_Procure_grey' is present

2022-04-06 19:00:46 - [MESSAGE][WARNING] - Timeout '0' is invalid. Using default page load timeout: '30'

2022-04-06 19:00:47 - [MESSAGE][PASSED] - Object 'Object Repository/Item Details Objects/Page_diagnostics/btn_Procure_grey' is present

2022-04-06 19:00:47 - [TEST_STEP][PASSED] - callTestCase(findTestCase("Custom Item Details/UTILITIES/CLOSE_BROWSER"), [:], STOP_ON_FAILURE): Call Test Case 'Test Cases/Custom Item Details/UTILITIES/CLOSE_BROWSER' successfully

2022-04-06 19:00:47 - [TEST_CASE][PASSED] - Test Cases/Custom Item Details/UTILITIES/CLOSE_BROWSER: Test Cases/Custom Item Details/UTILITIES/CLOSE_BROWSER

2022-04-06 19:00:47 - [TEST_STEP][PASSED] - closeBrowser(): Browser is closed

2022-04-06 19:00:48 - [MESSAGE][PASSED] - Browser is closed

2022-04-06 19:00:48 - [MESSAGE][PASSED] - Call Test Case 'Test Cases/Custom Item Details/UTILITIES/CLOSE_BROWSER' successfully]]></system-out>
         <system-err><![CDATA[]]></system-err>
      </testcase>
      <testcase name="Test Cases/Custom Item Details/TEST CASE/TC_DETAILS_UI_014" time="14.749" classname="Test Cases/Custom Item Details/TEST CASE/TC_DETAILS_UI_014" status="PASSED">
         <system-out><![CDATA[2022-04-06 19:00:48 - [TEST_CASE][PASSED] - Test Cases/Custom Item Details/TEST CASE/TC_DETAILS_UI_014: Test Cases/Custom Item Details/TEST CASE/TC_DETAILS_UI_014

2022-04-06 19:00:48 - [TEST_STEP][PASSED] - callTestCase(findTestCase("Custom Item Details/UTILITIES/OPEN_BROWSER"), [:], STOP_ON_FAILURE): Call Test Case 'Test Cases/Custom Item Details/UTILITIES/OPEN_BROWSER' successfully

2022-04-06 19:00:48 - [TEST_CASE][PASSED] - Test Cases/Custom Item Details/UTILITIES/OPEN_BROWSER: Test Cases/Custom Item Details/UTILITIES/OPEN_BROWSER

2022-04-06 19:00:48 - [TEST_STEP][PASSED] - openBrowser("https://diagnostics.staging.arcadier.io/"): Browser is opened with url: 'https://diagnostics.staging.arcadier.io/'

2022-04-06 19:00:48 - [MESSAGE][INFO] - Starting 'Chrome' driver

2022-04-06 19:00:48 - [MESSAGE][INFO] - Action delay is set to 0 milliseconds

2022-04-06 19:00:51 - [MESSAGE][PASSED] - Browser is opened with url: 'https://diagnostics.staging.arcadier.io/'

2022-04-06 19:00:51 - [TEST_STEP][PASSED] - maximizeWindow(): Current window maximized

2022-04-06 19:00:51 - [MESSAGE][PASSED] - Current window maximized

2022-04-06 19:00:51 - [TEST_STEP][PASSED] - click(findTestObject("Item Details Objects/Page_diagnostics/a_Accept Cookies")): Object: 'Object Repository/Item Details Objects/Page_diagnostics/a_Accept Cookies' is clicked on

2022-04-06 19:00:53 - [MESSAGE][PASSED] - Object: 'Object Repository/Item Details Objects/Page_diagnostics/a_Accept Cookies' is clicked on

2022-04-06 19:00:53 - [TEST_STEP][PASSED] - click(findTestObject("New_Homepage/Page_diagnostics/a_COVID-19 DIAGNOSTICS"), STOP_ON_FAILURE): Object: 'Object Repository/New_Homepage/Page_diagnostics/a_COVID-19 DIAGNOSTICS' is clicked on

2022-04-06 19:00:54 - [MESSAGE][PASSED] - Object: 'Object Repository/New_Homepage/Page_diagnostics/a_COVID-19 DIAGNOSTICS' is clicked on

2022-04-06 19:00:54 - [TEST_STEP][PASSED] - mouseOver(findTestObject("New_Homepage/Page_diagnostics/a_Abbott Rapid Diagnostics PANBIO COVID-19 Ag Rapid Test Device (Nasopharyngeal)")): Object: 'Object Repository/New_Homepage/Page_diagnostics/a_Abbott Rapid Diagnostics PANBIO COVID-19 Ag Rapid Test Device (Nasopharyngeal)' is hovered

2022-04-06 19:00:56 - [MESSAGE][PASSED] - Object: 'Object Repository/New_Homepage/Page_diagnostics/a_Abbott Rapid Diagnostics PANBIO COVID-19 Ag Rapid Test Device (Nasopharyngeal)' is hovered

2022-04-06 19:00:56 - [TEST_STEP][PASSED] - click(findTestObject("New_Homepage/Page_diagnostics/a_Abbott Rapid Diagnostics PANBIO COVID-19 Ag Rapid Test Device (Nasopharyngeal)")): Object: 'Object Repository/New_Homepage/Page_diagnostics/a_Abbott Rapid Diagnostics PANBIO COVID-19 Ag Rapid Test Device (Nasopharyngeal)' is clicked on

2022-04-06 19:00:59 - [MESSAGE][PASSED] - Object: 'Object Repository/New_Homepage/Page_diagnostics/a_Abbott Rapid Diagnostics PANBIO COVID-19 Ag Rapid Test Device (Nasopharyngeal)' is clicked on

2022-04-06 19:00:59 - [MESSAGE][PASSED] - Call Test Case 'Test Cases/Custom Item Details/UTILITIES/OPEN_BROWSER' successfully

2022-04-06 19:00:59 - [TEST_STEP][PASSED] - waitForElementVisible(findTestObject("Staging Objects/Page_diagnostics/div_Description"), 0): Object 'Object Repository/Staging Objects/Page_diagnostics/div_Description' is visible

2022-04-06 19:00:59 - [MESSAGE][WARNING] - Timeout '0' is invalid. Using default page load timeout: '30'

2022-04-06 19:01:01 - [MESSAGE][PASSED] - Object 'Object Repository/Staging Objects/Page_diagnostics/div_Description' is visible

2022-04-06 19:01:01 - [TEST_STEP][PASSED] - verifyElementClickable(findTestObject("Staging Objects/Page_diagnostics/div_Description")): Object 'Object Repository/Staging Objects/Page_diagnostics/div_Description' is clickable

2022-04-06 19:01:01 - [MESSAGE][PASSED] - Object 'Object Repository/Staging Objects/Page_diagnostics/div_Description' is clickable

2022-04-06 19:01:01 - [TEST_STEP][PASSED] - verifyElementText(findTestObject("Staging Objects/Page_diagnostics/div_Description"), "Description"): Actual text and expected text of test object 'Object Repository/Staging Objects/Page_diagnostics/div_Description' are matched.

2022-04-06 19:01:01 - [MESSAGE][PASSED] - Actual text and expected text of test object 'Object Repository/Staging Objects/Page_diagnostics/div_Description' are matched.

2022-04-06 19:01:01 - [TEST_STEP][PASSED] - click(findTestObject("Staging Objects/Page_diagnostics/div_Description")): Object: 'Object Repository/Staging Objects/Page_diagnostics/div_Description' is clicked on

2022-04-06 19:01:02 - [MESSAGE][PASSED] - Object: 'Object Repository/Staging Objects/Page_diagnostics/div_Description' is clicked on

2022-04-06 19:01:02 - [TEST_STEP][PASSED] - callTestCase(findTestCase("Custom Item Details/UTILITIES/CLOSE_BROWSER"), [:], STOP_ON_FAILURE): Call Test Case 'Test Cases/Custom Item Details/UTILITIES/CLOSE_BROWSER' successfully

2022-04-06 19:01:02 - [TEST_CASE][PASSED] - Test Cases/Custom Item Details/UTILITIES/CLOSE_BROWSER: Test Cases/Custom Item Details/UTILITIES/CLOSE_BROWSER

2022-04-06 19:01:02 - [TEST_STEP][PASSED] - closeBrowser(): Browser is closed

2022-04-06 19:01:02 - [MESSAGE][PASSED] - Browser is closed

2022-04-06 19:01:02 - [MESSAGE][PASSED] - Call Test Case 'Test Cases/Custom Item Details/UTILITIES/CLOSE_BROWSER' successfully]]></system-out>
         <system-err><![CDATA[]]></system-err>
      </testcase>
      <testcase name="Test Cases/Custom Item Details/TEST CASE/TC_DETAILS_UI_015" time="14.516" classname="Test Cases/Custom Item Details/TEST CASE/TC_DETAILS_UI_015" status="PASSED">
         <system-out><![CDATA[2022-04-06 19:01:02 - [TEST_CASE][PASSED] - Test Cases/Custom Item Details/TEST CASE/TC_DETAILS_UI_015: Test Cases/Custom Item Details/TEST CASE/TC_DETAILS_UI_015

2022-04-06 19:01:03 - [TEST_STEP][PASSED] - callTestCase(findTestCase("Custom Item Details/UTILITIES/OPEN_BROWSER"), [:], STOP_ON_FAILURE): Call Test Case 'Test Cases/Custom Item Details/UTILITIES/OPEN_BROWSER' successfully

2022-04-06 19:01:03 - [TEST_CASE][PASSED] - Test Cases/Custom Item Details/UTILITIES/OPEN_BROWSER: Test Cases/Custom Item Details/UTILITIES/OPEN_BROWSER

2022-04-06 19:01:03 - [TEST_STEP][PASSED] - openBrowser("https://diagnostics.staging.arcadier.io/"): Browser is opened with url: 'https://diagnostics.staging.arcadier.io/'

2022-04-06 19:01:03 - [MESSAGE][INFO] - Starting 'Chrome' driver

2022-04-06 19:01:03 - [MESSAGE][INFO] - Action delay is set to 0 milliseconds

2022-04-06 19:01:06 - [MESSAGE][PASSED] - Browser is opened with url: 'https://diagnostics.staging.arcadier.io/'

2022-04-06 19:01:06 - [TEST_STEP][PASSED] - maximizeWindow(): Current window maximized

2022-04-06 19:01:06 - [MESSAGE][PASSED] - Current window maximized

2022-04-06 19:01:06 - [TEST_STEP][PASSED] - click(findTestObject("Item Details Objects/Page_diagnostics/a_Accept Cookies")): Object: 'Object Repository/Item Details Objects/Page_diagnostics/a_Accept Cookies' is clicked on

2022-04-06 19:01:08 - [MESSAGE][PASSED] - Object: 'Object Repository/Item Details Objects/Page_diagnostics/a_Accept Cookies' is clicked on

2022-04-06 19:01:08 - [TEST_STEP][PASSED] - click(findTestObject("New_Homepage/Page_diagnostics/a_COVID-19 DIAGNOSTICS"), STOP_ON_FAILURE): Object: 'Object Repository/New_Homepage/Page_diagnostics/a_COVID-19 DIAGNOSTICS' is clicked on

2022-04-06 19:01:10 - [MESSAGE][PASSED] - Object: 'Object Repository/New_Homepage/Page_diagnostics/a_COVID-19 DIAGNOSTICS' is clicked on

2022-04-06 19:01:10 - [TEST_STEP][PASSED] - mouseOver(findTestObject("New_Homepage/Page_diagnostics/a_Abbott Rapid Diagnostics PANBIO COVID-19 Ag Rapid Test Device (Nasopharyngeal)")): Object: 'Object Repository/New_Homepage/Page_diagnostics/a_Abbott Rapid Diagnostics PANBIO COVID-19 Ag Rapid Test Device (Nasopharyngeal)' is hovered

2022-04-06 19:01:11 - [MESSAGE][PASSED] - Object: 'Object Repository/New_Homepage/Page_diagnostics/a_Abbott Rapid Diagnostics PANBIO COVID-19 Ag Rapid Test Device (Nasopharyngeal)' is hovered

2022-04-06 19:01:11 - [TEST_STEP][PASSED] - click(findTestObject("New_Homepage/Page_diagnostics/a_Abbott Rapid Diagnostics PANBIO COVID-19 Ag Rapid Test Device (Nasopharyngeal)")): Object: 'Object Repository/New_Homepage/Page_diagnostics/a_Abbott Rapid Diagnostics PANBIO COVID-19 Ag Rapid Test Device (Nasopharyngeal)' is clicked on

2022-04-06 19:01:14 - [MESSAGE][PASSED] - Object: 'Object Repository/New_Homepage/Page_diagnostics/a_Abbott Rapid Diagnostics PANBIO COVID-19 Ag Rapid Test Device (Nasopharyngeal)' is clicked on

2022-04-06 19:01:14 - [MESSAGE][PASSED] - Call Test Case 'Test Cases/Custom Item Details/UTILITIES/OPEN_BROWSER' successfully

2022-04-06 19:01:14 - [TEST_STEP][PASSED] - waitForElementVisible(findTestObject("Staging Objects/Page_diagnostics/div_Technical Specifications"), 0): Object 'Object Repository/Staging Objects/Page_diagnostics/div_Technical Specifications' is visible

2022-04-06 19:01:14 - [MESSAGE][WARNING] - Timeout '0' is invalid. Using default page load timeout: '30'

2022-04-06 19:01:15 - [MESSAGE][PASSED] - Object 'Object Repository/Staging Objects/Page_diagnostics/div_Technical Specifications' is visible

2022-04-06 19:01:15 - [TEST_STEP][PASSED] - verifyElementClickable(findTestObject("Staging Objects/Page_diagnostics/div_Technical Specifications")): Object 'Object Repository/Staging Objects/Page_diagnostics/div_Technical Specifications' is clickable

2022-04-06 19:01:16 - [MESSAGE][PASSED] - Object 'Object Repository/Staging Objects/Page_diagnostics/div_Technical Specifications' is clickable

2022-04-06 19:01:16 - [TEST_STEP][PASSED] - verifyElementText(findTestObject("Staging Objects/Page_diagnostics/div_Technical Specifications"), "Technical Specifications"): Actual text and expected text of test object 'Object Repository/Staging Objects/Page_diagnostics/div_Technical Specifications' are matched.

2022-04-06 19:01:16 - [MESSAGE][PASSED] - Actual text and expected text of test object 'Object Repository/Staging Objects/Page_diagnostics/div_Technical Specifications' are matched.

2022-04-06 19:01:16 - [TEST_STEP][PASSED] - click(findTestObject("Staging Objects/Page_diagnostics/div_Technical Specifications")): Object: 'Object Repository/Staging Objects/Page_diagnostics/div_Technical Specifications' is clicked on

2022-04-06 19:01:16 - [MESSAGE][PASSED] - Object: 'Object Repository/Staging Objects/Page_diagnostics/div_Technical Specifications' is clicked on

2022-04-06 19:01:16 - [TEST_STEP][PASSED] - callTestCase(findTestCase("Custom Item Details/UTILITIES/CLOSE_BROWSER"), [:], STOP_ON_FAILURE): Call Test Case 'Test Cases/Custom Item Details/UTILITIES/CLOSE_BROWSER' successfully

2022-04-06 19:01:16 - [TEST_CASE][PASSED] - Test Cases/Custom Item Details/UTILITIES/CLOSE_BROWSER: Test Cases/Custom Item Details/UTILITIES/CLOSE_BROWSER

2022-04-06 19:01:16 - [TEST_STEP][PASSED] - closeBrowser(): Browser is closed

2022-04-06 19:01:17 - [MESSAGE][PASSED] - Browser is closed

2022-04-06 19:01:17 - [MESSAGE][PASSED] - Call Test Case 'Test Cases/Custom Item Details/UTILITIES/CLOSE_BROWSER' successfully]]></system-out>
         <system-err><![CDATA[]]></system-err>
      </testcase>
      <testcase name="Test Cases/Custom Item Details/TEST CASE/TC_DETAILS_UI_016" time="14.371" classname="Test Cases/Custom Item Details/TEST CASE/TC_DETAILS_UI_016" status="PASSED">
         <system-out><![CDATA[2022-04-06 19:01:17 - [TEST_CASE][PASSED] - Test Cases/Custom Item Details/TEST CASE/TC_DETAILS_UI_016: Test Cases/Custom Item Details/TEST CASE/TC_DETAILS_UI_016

2022-04-06 19:01:17 - [TEST_STEP][PASSED] - callTestCase(findTestCase("Custom Item Details/UTILITIES/OPEN_BROWSER"), [:], STOP_ON_FAILURE): Call Test Case 'Test Cases/Custom Item Details/UTILITIES/OPEN_BROWSER' successfully

2022-04-06 19:01:17 - [TEST_CASE][PASSED] - Test Cases/Custom Item Details/UTILITIES/OPEN_BROWSER: Test Cases/Custom Item Details/UTILITIES/OPEN_BROWSER

2022-04-06 19:01:17 - [TEST_STEP][PASSED] - openBrowser("https://diagnostics.staging.arcadier.io/"): Browser is opened with url: 'https://diagnostics.staging.arcadier.io/'

2022-04-06 19:01:17 - [MESSAGE][INFO] - Starting 'Chrome' driver

2022-04-06 19:01:17 - [MESSAGE][INFO] - Action delay is set to 0 milliseconds

2022-04-06 19:01:21 - [MESSAGE][PASSED] - Browser is opened with url: 'https://diagnostics.staging.arcadier.io/'

2022-04-06 19:01:21 - [TEST_STEP][PASSED] - maximizeWindow(): Current window maximized

2022-04-06 19:01:21 - [MESSAGE][PASSED] - Current window maximized

2022-04-06 19:01:21 - [TEST_STEP][PASSED] - click(findTestObject("Item Details Objects/Page_diagnostics/a_Accept Cookies")): Object: 'Object Repository/Item Details Objects/Page_diagnostics/a_Accept Cookies' is clicked on

2022-04-06 19:01:22 - [MESSAGE][PASSED] - Object: 'Object Repository/Item Details Objects/Page_diagnostics/a_Accept Cookies' is clicked on

2022-04-06 19:01:22 - [TEST_STEP][PASSED] - click(findTestObject("New_Homepage/Page_diagnostics/a_COVID-19 DIAGNOSTICS"), STOP_ON_FAILURE): Object: 'Object Repository/New_Homepage/Page_diagnostics/a_COVID-19 DIAGNOSTICS' is clicked on

2022-04-06 19:01:23 - [MESSAGE][PASSED] - Object: 'Object Repository/New_Homepage/Page_diagnostics/a_COVID-19 DIAGNOSTICS' is clicked on

2022-04-06 19:01:23 - [TEST_STEP][PASSED] - mouseOver(findTestObject("New_Homepage/Page_diagnostics/a_Abbott Rapid Diagnostics PANBIO COVID-19 Ag Rapid Test Device (Nasopharyngeal)")): Object: 'Object Repository/New_Homepage/Page_diagnostics/a_Abbott Rapid Diagnostics PANBIO COVID-19 Ag Rapid Test Device (Nasopharyngeal)' is hovered

2022-04-06 19:01:25 - [MESSAGE][PASSED] - Object: 'Object Repository/New_Homepage/Page_diagnostics/a_Abbott Rapid Diagnostics PANBIO COVID-19 Ag Rapid Test Device (Nasopharyngeal)' is hovered

2022-04-06 19:01:25 - [TEST_STEP][PASSED] - click(findTestObject("New_Homepage/Page_diagnostics/a_Abbott Rapid Diagnostics PANBIO COVID-19 Ag Rapid Test Device (Nasopharyngeal)")): Object: 'Object Repository/New_Homepage/Page_diagnostics/a_Abbott Rapid Diagnostics PANBIO COVID-19 Ag Rapid Test Device (Nasopharyngeal)' is clicked on

2022-04-06 19:01:28 - [MESSAGE][PASSED] - Object: 'Object Repository/New_Homepage/Page_diagnostics/a_Abbott Rapid Diagnostics PANBIO COVID-19 Ag Rapid Test Device (Nasopharyngeal)' is clicked on

2022-04-06 19:01:28 - [MESSAGE][PASSED] - Call Test Case 'Test Cases/Custom Item Details/UTILITIES/OPEN_BROWSER' successfully

2022-04-06 19:01:28 - [TEST_STEP][PASSED] - waitForElementVisible(findTestObject("Staging Objects/Page_diagnostics/div_Product Attributes"), 0): Object 'Object Repository/Staging Objects/Page_diagnostics/div_Product Attributes' is visible

2022-04-06 19:01:28 - [MESSAGE][WARNING] - Timeout '0' is invalid. Using default page load timeout: '30'

2022-04-06 19:01:30 - [MESSAGE][PASSED] - Object 'Object Repository/Staging Objects/Page_diagnostics/div_Product Attributes' is visible

2022-04-06 19:01:30 - [TEST_STEP][PASSED] - verifyElementClickable(findTestObject("Staging Objects/Page_diagnostics/div_Product Attributes")): Object 'Object Repository/Staging Objects/Page_diagnostics/div_Product Attributes' is clickable

2022-04-06 19:01:30 - [MESSAGE][PASSED] - Object 'Object Repository/Staging Objects/Page_diagnostics/div_Product Attributes' is clickable

2022-04-06 19:01:30 - [TEST_STEP][PASSED] - verifyElementText(findTestObject("Staging Objects/Page_diagnostics/div_Product Attributes"), "Product Attributes"): Actual text and expected text of test object 'Object Repository/Staging Objects/Page_diagnostics/div_Product Attributes' are matched.

2022-04-06 19:01:30 - [MESSAGE][PASSED] - Actual text and expected text of test object 'Object Repository/Staging Objects/Page_diagnostics/div_Product Attributes' are matched.

2022-04-06 19:01:30 - [TEST_STEP][PASSED] - click(findTestObject("Staging Objects/Page_diagnostics/div_Product Attributes")): Object: 'Object Repository/Staging Objects/Page_diagnostics/div_Product Attributes' is clicked on

2022-04-06 19:01:31 - [MESSAGE][PASSED] - Object: 'Object Repository/Staging Objects/Page_diagnostics/div_Product Attributes' is clicked on

2022-04-06 19:01:31 - [TEST_STEP][PASSED] - callTestCase(findTestCase("Custom Item Details/UTILITIES/CLOSE_BROWSER"), [:], STOP_ON_FAILURE): Call Test Case 'Test Cases/Custom Item Details/UTILITIES/CLOSE_BROWSER' successfully

2022-04-06 19:01:31 - [TEST_CASE][PASSED] - Test Cases/Custom Item Details/UTILITIES/CLOSE_BROWSER: Test Cases/Custom Item Details/UTILITIES/CLOSE_BROWSER

2022-04-06 19:01:31 - [TEST_STEP][PASSED] - closeBrowser(): Browser is closed

2022-04-06 19:01:31 - [MESSAGE][PASSED] - Browser is closed

2022-04-06 19:01:31 - [MESSAGE][PASSED] - Call Test Case 'Test Cases/Custom Item Details/UTILITIES/CLOSE_BROWSER' successfully]]></system-out>
         <system-err><![CDATA[]]></system-err>
      </testcase>
      <testcase name="Test Cases/Custom Item Details/TEST CASE/TC_DETAILS_UI_017" time="15.279" classname="Test Cases/Custom Item Details/TEST CASE/TC_DETAILS_UI_017" status="PASSED">
         <system-out><![CDATA[2022-04-06 19:01:31 - [TEST_CASE][PASSED] - Test Cases/Custom Item Details/TEST CASE/TC_DETAILS_UI_017: Test Cases/Custom Item Details/TEST CASE/TC_DETAILS_UI_017

2022-04-06 19:01:31 - [TEST_STEP][PASSED] - callTestCase(findTestCase("Custom Item Details/UTILITIES/OPEN_BROWSER"), [:], STOP_ON_FAILURE): Call Test Case 'Test Cases/Custom Item Details/UTILITIES/OPEN_BROWSER' successfully

2022-04-06 19:01:32 - [TEST_CASE][PASSED] - Test Cases/Custom Item Details/UTILITIES/OPEN_BROWSER: Test Cases/Custom Item Details/UTILITIES/OPEN_BROWSER

2022-04-06 19:01:32 - [TEST_STEP][PASSED] - openBrowser("https://diagnostics.staging.arcadier.io/"): Browser is opened with url: 'https://diagnostics.staging.arcadier.io/'

2022-04-06 19:01:32 - [MESSAGE][INFO] - Starting 'Chrome' driver

2022-04-06 19:01:32 - [MESSAGE][INFO] - Action delay is set to 0 milliseconds

2022-04-06 19:01:35 - [MESSAGE][PASSED] - Browser is opened with url: 'https://diagnostics.staging.arcadier.io/'

2022-04-06 19:01:35 - [TEST_STEP][PASSED] - maximizeWindow(): Current window maximized

2022-04-06 19:01:35 - [MESSAGE][PASSED] - Current window maximized

2022-04-06 19:01:35 - [TEST_STEP][PASSED] - click(findTestObject("Item Details Objects/Page_diagnostics/a_Accept Cookies")): Object: 'Object Repository/Item Details Objects/Page_diagnostics/a_Accept Cookies' is clicked on

2022-04-06 19:01:37 - [MESSAGE][PASSED] - Object: 'Object Repository/Item Details Objects/Page_diagnostics/a_Accept Cookies' is clicked on

2022-04-06 19:01:37 - [TEST_STEP][PASSED] - click(findTestObject("New_Homepage/Page_diagnostics/a_COVID-19 DIAGNOSTICS"), STOP_ON_FAILURE): Object: 'Object Repository/New_Homepage/Page_diagnostics/a_COVID-19 DIAGNOSTICS' is clicked on

2022-04-06 19:01:38 - [MESSAGE][PASSED] - Object: 'Object Repository/New_Homepage/Page_diagnostics/a_COVID-19 DIAGNOSTICS' is clicked on

2022-04-06 19:01:38 - [TEST_STEP][PASSED] - mouseOver(findTestObject("New_Homepage/Page_diagnostics/a_Abbott Rapid Diagnostics PANBIO COVID-19 Ag Rapid Test Device (Nasopharyngeal)")): Object: 'Object Repository/New_Homepage/Page_diagnostics/a_Abbott Rapid Diagnostics PANBIO COVID-19 Ag Rapid Test Device (Nasopharyngeal)' is hovered

2022-04-06 19:01:40 - [MESSAGE][PASSED] - Object: 'Object Repository/New_Homepage/Page_diagnostics/a_Abbott Rapid Diagnostics PANBIO COVID-19 Ag Rapid Test Device (Nasopharyngeal)' is hovered

2022-04-06 19:01:40 - [TEST_STEP][PASSED] - click(findTestObject("New_Homepage/Page_diagnostics/a_Abbott Rapid Diagnostics PANBIO COVID-19 Ag Rapid Test Device (Nasopharyngeal)")): Object: 'Object Repository/New_Homepage/Page_diagnostics/a_Abbott Rapid Diagnostics PANBIO COVID-19 Ag Rapid Test Device (Nasopharyngeal)' is clicked on

2022-04-06 19:01:43 - [MESSAGE][PASSED] - Object: 'Object Repository/New_Homepage/Page_diagnostics/a_Abbott Rapid Diagnostics PANBIO COVID-19 Ag Rapid Test Device (Nasopharyngeal)' is clicked on

2022-04-06 19:01:43 - [MESSAGE][PASSED] - Call Test Case 'Test Cases/Custom Item Details/UTILITIES/OPEN_BROWSER' successfully

2022-04-06 19:01:43 - [TEST_STEP][PASSED] - waitForElementVisible(findTestObject("Staging Objects/Page_diagnostics/div_Manufacture Information"), 0): Object 'Object Repository/Staging Objects/Page_diagnostics/div_Manufacture Information' is visible

2022-04-06 19:01:43 - [MESSAGE][WARNING] - Timeout '0' is invalid. Using default page load timeout: '30'

2022-04-06 19:01:45 - [MESSAGE][PASSED] - Object 'Object Repository/Staging Objects/Page_diagnostics/div_Manufacture Information' is visible

2022-04-06 19:01:45 - [TEST_STEP][PASSED] - verifyElementClickable(findTestObject("Staging Objects/Page_diagnostics/div_Manufacture Information")): Object 'Object Repository/Staging Objects/Page_diagnostics/div_Manufacture Information' is clickable

2022-04-06 19:01:45 - [MESSAGE][PASSED] - Object 'Object Repository/Staging Objects/Page_diagnostics/div_Manufacture Information' is clickable

2022-04-06 19:01:45 - [TEST_STEP][PASSED] - verifyElementText(findTestObject("Staging Objects/Page_diagnostics/div_Manufacture Information"), "Manufacture Information"): Actual text and expected text of test object 'Object Repository/Staging Objects/Page_diagnostics/div_Manufacture Information' are matched.

2022-04-06 19:01:46 - [MESSAGE][PASSED] - Actual text and expected text of test object 'Object Repository/Staging Objects/Page_diagnostics/div_Manufacture Information' are matched.

2022-04-06 19:01:46 - [TEST_STEP][PASSED] - click(findTestObject("Staging Objects/Page_diagnostics/div_Manufacture Information")): Object: 'Object Repository/Staging Objects/Page_diagnostics/div_Manufacture Information' is clicked on

2022-04-06 19:01:46 - [MESSAGE][PASSED] - Object: 'Object Repository/Staging Objects/Page_diagnostics/div_Manufacture Information' is clicked on

2022-04-06 19:01:46 - [TEST_STEP][PASSED] - callTestCase(findTestCase("Custom Item Details/UTILITIES/CLOSE_BROWSER"), [:], STOP_ON_FAILURE): Call Test Case 'Test Cases/Custom Item Details/UTILITIES/CLOSE_BROWSER' successfully

2022-04-06 19:01:46 - [TEST_CASE][PASSED] - Test Cases/Custom Item Details/UTILITIES/CLOSE_BROWSER: Test Cases/Custom Item Details/UTILITIES/CLOSE_BROWSER

2022-04-06 19:01:46 - [TEST_STEP][PASSED] - closeBrowser(): Browser is closed

2022-04-06 19:01:47 - [MESSAGE][PASSED] - Browser is closed

2022-04-06 19:01:47 - [MESSAGE][PASSED] - Call Test Case 'Test Cases/Custom Item Details/UTILITIES/CLOSE_BROWSER' successfully]]></system-out>
         <system-err><![CDATA[]]></system-err>
      </testcase>
      <testcase name="Test Cases/Custom Item Details/TEST CASE/TC_DETAILS_UI_018" time="14.786" classname="Test Cases/Custom Item Details/TEST CASE/TC_DETAILS_UI_018" status="PASSED">
         <system-out><![CDATA[2022-04-06 19:01:47 - [TEST_CASE][PASSED] - Test Cases/Custom Item Details/TEST CASE/TC_DETAILS_UI_018: Test Cases/Custom Item Details/TEST CASE/TC_DETAILS_UI_018

2022-04-06 19:01:47 - [TEST_STEP][PASSED] - callTestCase(findTestCase("Custom Item Details/UTILITIES/OPEN_BROWSER"), [:], STOP_ON_FAILURE): Call Test Case 'Test Cases/Custom Item Details/UTILITIES/OPEN_BROWSER' successfully

2022-04-06 19:01:47 - [TEST_CASE][PASSED] - Test Cases/Custom Item Details/UTILITIES/OPEN_BROWSER: Test Cases/Custom Item Details/UTILITIES/OPEN_BROWSER

2022-04-06 19:01:47 - [TEST_STEP][PASSED] - openBrowser("https://diagnostics.staging.arcadier.io/"): Browser is opened with url: 'https://diagnostics.staging.arcadier.io/'

2022-04-06 19:01:47 - [MESSAGE][INFO] - Starting 'Chrome' driver

2022-04-06 19:01:47 - [MESSAGE][INFO] - Action delay is set to 0 milliseconds

2022-04-06 19:01:50 - [MESSAGE][PASSED] - Browser is opened with url: 'https://diagnostics.staging.arcadier.io/'

2022-04-06 19:01:50 - [TEST_STEP][PASSED] - maximizeWindow(): Current window maximized

2022-04-06 19:01:50 - [MESSAGE][PASSED] - Current window maximized

2022-04-06 19:01:50 - [TEST_STEP][PASSED] - click(findTestObject("Item Details Objects/Page_diagnostics/a_Accept Cookies")): Object: 'Object Repository/Item Details Objects/Page_diagnostics/a_Accept Cookies' is clicked on

2022-04-06 19:01:52 - [MESSAGE][PASSED] - Object: 'Object Repository/Item Details Objects/Page_diagnostics/a_Accept Cookies' is clicked on

2022-04-06 19:01:52 - [TEST_STEP][PASSED] - click(findTestObject("New_Homepage/Page_diagnostics/a_COVID-19 DIAGNOSTICS"), STOP_ON_FAILURE): Object: 'Object Repository/New_Homepage/Page_diagnostics/a_COVID-19 DIAGNOSTICS' is clicked on

2022-04-06 19:01:54 - [MESSAGE][PASSED] - Object: 'Object Repository/New_Homepage/Page_diagnostics/a_COVID-19 DIAGNOSTICS' is clicked on

2022-04-06 19:01:54 - [TEST_STEP][PASSED] - mouseOver(findTestObject("New_Homepage/Page_diagnostics/a_Abbott Rapid Diagnostics PANBIO COVID-19 Ag Rapid Test Device (Nasopharyngeal)")): Object: 'Object Repository/New_Homepage/Page_diagnostics/a_Abbott Rapid Diagnostics PANBIO COVID-19 Ag Rapid Test Device (Nasopharyngeal)' is hovered

2022-04-06 19:01:56 - [MESSAGE][PASSED] - Object: 'Object Repository/New_Homepage/Page_diagnostics/a_Abbott Rapid Diagnostics PANBIO COVID-19 Ag Rapid Test Device (Nasopharyngeal)' is hovered

2022-04-06 19:01:56 - [TEST_STEP][PASSED] - click(findTestObject("New_Homepage/Page_diagnostics/a_Abbott Rapid Diagnostics PANBIO COVID-19 Ag Rapid Test Device (Nasopharyngeal)")): Object: 'Object Repository/New_Homepage/Page_diagnostics/a_Abbott Rapid Diagnostics PANBIO COVID-19 Ag Rapid Test Device (Nasopharyngeal)' is clicked on

2022-04-06 19:01:58 - [MESSAGE][PASSED] - Object: 'Object Repository/New_Homepage/Page_diagnostics/a_Abbott Rapid Diagnostics PANBIO COVID-19 Ag Rapid Test Device (Nasopharyngeal)' is clicked on

2022-04-06 19:01:58 - [MESSAGE][PASSED] - Call Test Case 'Test Cases/Custom Item Details/UTILITIES/OPEN_BROWSER' successfully

2022-04-06 19:01:58 - [TEST_STEP][PASSED] - waitForElementVisible(findTestObject("Staging Objects/Page_diagnostics/div_Regulatory Approval"), 0): Object 'Object Repository/Staging Objects/Page_diagnostics/div_Regulatory Approval' is visible

2022-04-06 19:01:58 - [MESSAGE][WARNING] - Timeout '0' is invalid. Using default page load timeout: '30'

2022-04-06 19:02:00 - [MESSAGE][PASSED] - Object 'Object Repository/Staging Objects/Page_diagnostics/div_Regulatory Approval' is visible

2022-04-06 19:02:00 - [TEST_STEP][PASSED] - verifyElementClickable(findTestObject("Staging Objects/Page_diagnostics/div_Regulatory Approval")): Object 'Object Repository/Staging Objects/Page_diagnostics/div_Regulatory Approval' is clickable

2022-04-06 19:02:00 - [MESSAGE][PASSED] - Object 'Object Repository/Staging Objects/Page_diagnostics/div_Regulatory Approval' is clickable

2022-04-06 19:02:00 - [TEST_STEP][PASSED] - verifyElementText(findTestObject("Staging Objects/Page_diagnostics/div_Regulatory Approval"), "Regulatory Approval"): Actual text and expected text of test object 'Object Repository/Staging Objects/Page_diagnostics/div_Regulatory Approval' are matched.

2022-04-06 19:02:00 - [MESSAGE][PASSED] - Actual text and expected text of test object 'Object Repository/Staging Objects/Page_diagnostics/div_Regulatory Approval' are matched.

2022-04-06 19:02:00 - [TEST_STEP][PASSED] - click(findTestObject("Staging Objects/Page_diagnostics/div_Regulatory Approval")): Object: 'Object Repository/Staging Objects/Page_diagnostics/div_Regulatory Approval' is clicked on

2022-04-06 19:02:01 - [MESSAGE][PASSED] - Object: 'Object Repository/Staging Objects/Page_diagnostics/div_Regulatory Approval' is clicked on

2022-04-06 19:02:01 - [TEST_STEP][PASSED] - callTestCase(findTestCase("Custom Item Details/UTILITIES/CLOSE_BROWSER"), [:], STOP_ON_FAILURE): Call Test Case 'Test Cases/Custom Item Details/UTILITIES/CLOSE_BROWSER' successfully

2022-04-06 19:02:01 - [TEST_CASE][PASSED] - Test Cases/Custom Item Details/UTILITIES/CLOSE_BROWSER: Test Cases/Custom Item Details/UTILITIES/CLOSE_BROWSER

2022-04-06 19:02:01 - [TEST_STEP][PASSED] - closeBrowser(): Browser is closed

2022-04-06 19:02:01 - [MESSAGE][PASSED] - Browser is closed

2022-04-06 19:02:01 - [MESSAGE][PASSED] - Call Test Case 'Test Cases/Custom Item Details/UTILITIES/CLOSE_BROWSER' successfully]]></system-out>
         <system-err><![CDATA[]]></system-err>
      </testcase>
      <testcase name="Test Cases/Custom Item Details/TEST CASE/TC_DETAILS_UI_019" time="13.745" classname="Test Cases/Custom Item Details/TEST CASE/TC_DETAILS_UI_019" status="PASSED">
         <system-out><![CDATA[2022-04-06 19:02:01 - [TEST_CASE][PASSED] - Test Cases/Custom Item Details/TEST CASE/TC_DETAILS_UI_019: Test Cases/Custom Item Details/TEST CASE/TC_DETAILS_UI_019

2022-04-06 19:02:02 - [TEST_STEP][PASSED] - callTestCase(findTestCase("Custom Item Details/UTILITIES/OPEN_BROWSER"), [:], STOP_ON_FAILURE): Call Test Case 'Test Cases/Custom Item Details/UTILITIES/OPEN_BROWSER' successfully

2022-04-06 19:02:02 - [TEST_CASE][PASSED] - Test Cases/Custom Item Details/UTILITIES/OPEN_BROWSER: Test Cases/Custom Item Details/UTILITIES/OPEN_BROWSER

2022-04-06 19:02:02 - [TEST_STEP][PASSED] - openBrowser("https://diagnostics.staging.arcadier.io/"): Browser is opened with url: 'https://diagnostics.staging.arcadier.io/'

2022-04-06 19:02:02 - [MESSAGE][INFO] - Starting 'Chrome' driver

2022-04-06 19:02:02 - [MESSAGE][INFO] - Action delay is set to 0 milliseconds

2022-04-06 19:02:05 - [MESSAGE][PASSED] - Browser is opened with url: 'https://diagnostics.staging.arcadier.io/'

2022-04-06 19:02:05 - [TEST_STEP][PASSED] - maximizeWindow(): Current window maximized

2022-04-06 19:02:05 - [MESSAGE][PASSED] - Current window maximized

2022-04-06 19:02:05 - [TEST_STEP][PASSED] - click(findTestObject("Item Details Objects/Page_diagnostics/a_Accept Cookies")): Object: 'Object Repository/Item Details Objects/Page_diagnostics/a_Accept Cookies' is clicked on

2022-04-06 19:02:06 - [MESSAGE][PASSED] - Object: 'Object Repository/Item Details Objects/Page_diagnostics/a_Accept Cookies' is clicked on

2022-04-06 19:02:06 - [TEST_STEP][PASSED] - click(findTestObject("New_Homepage/Page_diagnostics/a_COVID-19 DIAGNOSTICS"), STOP_ON_FAILURE): Object: 'Object Repository/New_Homepage/Page_diagnostics/a_COVID-19 DIAGNOSTICS' is clicked on

2022-04-06 19:02:08 - [MESSAGE][PASSED] - Object: 'Object Repository/New_Homepage/Page_diagnostics/a_COVID-19 DIAGNOSTICS' is clicked on

2022-04-06 19:02:08 - [TEST_STEP][PASSED] - mouseOver(findTestObject("New_Homepage/Page_diagnostics/a_Abbott Rapid Diagnostics PANBIO COVID-19 Ag Rapid Test Device (Nasopharyngeal)")): Object: 'Object Repository/New_Homepage/Page_diagnostics/a_Abbott Rapid Diagnostics PANBIO COVID-19 Ag Rapid Test Device (Nasopharyngeal)' is hovered

2022-04-06 19:02:09 - [MESSAGE][PASSED] - Object: 'Object Repository/New_Homepage/Page_diagnostics/a_Abbott Rapid Diagnostics PANBIO COVID-19 Ag Rapid Test Device (Nasopharyngeal)' is hovered

2022-04-06 19:02:09 - [TEST_STEP][PASSED] - click(findTestObject("New_Homepage/Page_diagnostics/a_Abbott Rapid Diagnostics PANBIO COVID-19 Ag Rapid Test Device (Nasopharyngeal)")): Object: 'Object Repository/New_Homepage/Page_diagnostics/a_Abbott Rapid Diagnostics PANBIO COVID-19 Ag Rapid Test Device (Nasopharyngeal)' is clicked on

2022-04-06 19:02:11 - [MESSAGE][PASSED] - Object: 'Object Repository/New_Homepage/Page_diagnostics/a_Abbott Rapid Diagnostics PANBIO COVID-19 Ag Rapid Test Device (Nasopharyngeal)' is clicked on

2022-04-06 19:02:11 - [MESSAGE][PASSED] - Call Test Case 'Test Cases/Custom Item Details/UTILITIES/OPEN_BROWSER' successfully

2022-04-06 19:02:11 - [TEST_STEP][PASSED] - waitForElementVisible(findTestObject("Staging Objects/Page_diagnostics/a_REQUEST FOR QUOTATION"), 0): Object 'Object Repository/Staging Objects/Page_diagnostics/a_REQUEST FOR QUOTATION' is visible

2022-04-06 19:02:11 - [MESSAGE][WARNING] - Timeout '0' is invalid. Using default page load timeout: '30'

2022-04-06 19:02:13 - [MESSAGE][PASSED] - Object 'Object Repository/Staging Objects/Page_diagnostics/a_REQUEST FOR QUOTATION' is visible

2022-04-06 19:02:13 - [TEST_STEP][PASSED] - verifyElementClickable(findTestObject("Staging Objects/Page_diagnostics/a_REQUEST FOR QUOTATION")): Object 'Object Repository/Staging Objects/Page_diagnostics/a_REQUEST FOR QUOTATION' is clickable

2022-04-06 19:02:13 - [MESSAGE][PASSED] - Object 'Object Repository/Staging Objects/Page_diagnostics/a_REQUEST FOR QUOTATION' is clickable

2022-04-06 19:02:13 - [TEST_STEP][PASSED] - click(findTestObject("Staging Objects/Page_diagnostics/a_REQUEST FOR QUOTATION")): Object: 'Object Repository/Staging Objects/Page_diagnostics/a_REQUEST FOR QUOTATION' is clicked on

2022-04-06 19:02:14 - [MESSAGE][PASSED] - Object: 'Object Repository/Staging Objects/Page_diagnostics/a_REQUEST FOR QUOTATION' is clicked on

2022-04-06 19:02:14 - [TEST_STEP][PASSED] - verifyElementPresent(findTestObject("Login Page/Page_diagnostics/div_Login_Page"), 0): Object 'Object Repository/Login Page/Page_diagnostics/div_Login_Page' is present

2022-04-06 19:02:14 - [MESSAGE][WARNING] - Timeout '0' is invalid. Using default page load timeout: '30'

2022-04-06 19:02:14 - [MESSAGE][PASSED] - Object 'Object Repository/Login Page/Page_diagnostics/div_Login_Page' is present

2022-04-06 19:02:14 - [TEST_STEP][PASSED] - callTestCase(findTestCase("Custom Item Details/UTILITIES/CLOSE_BROWSER"), [:], STOP_ON_FAILURE): Call Test Case 'Test Cases/Custom Item Details/UTILITIES/CLOSE_BROWSER' successfully

2022-04-06 19:02:15 - [TEST_CASE][PASSED] - Test Cases/Custom Item Details/UTILITIES/CLOSE_BROWSER: Test Cases/Custom Item Details/UTILITIES/CLOSE_BROWSER

2022-04-06 19:02:15 - [TEST_STEP][PASSED] - closeBrowser(): Browser is closed

2022-04-06 19:02:15 - [MESSAGE][PASSED] - Browser is closed

2022-04-06 19:02:15 - [MESSAGE][PASSED] - Call Test Case 'Test Cases/Custom Item Details/UTILITIES/CLOSE_BROWSER' successfully]]></system-out>
         <system-err><![CDATA[]]></system-err>
      </testcase>
      <testcase name="Test Cases/Custom Item Details/TEST CASE/TC_DETAILS_UI_020" time="13.503" classname="Test Cases/Custom Item Details/TEST CASE/TC_DETAILS_UI_020" status="FAILED">
         <failure type="FAILED" message="Test Cases/Custom Item Details/TEST CASE/TC_DETAILS_UI_020 FAILED.
Reason:
com.kms.katalon.core.exception.StepFailedException: Unable to click on object 'Object Repository/Item Details Objects/Page_diagnostics/a_Procure_Directly_From_Seller'
	at com.kms.katalon.core.webui.keyword.internal.WebUIKeywordMain.stepFailed(WebUIKeywordMain.groovy:64)
	at com.kms.katalon.core.webui.keyword.internal.WebUIKeywordMain.runKeyword(WebUIKeywordMain.groovy:26)
	at com.kms.katalon.core.webui.keyword.builtin.ClickKeyword.click(ClickKeyword.groovy:76)
	at com.kms.katalon.core.webui.keyword.builtin.ClickKeyword.execute(ClickKeyword.groovy:43)
	at com.kms.katalon.core.keyword.internal.KeywordExecutor.executeKeywordForPlatform(KeywordExecutor.groovy:73)
	at com.kms.katalon.core.webui.keyword.WebUiBuiltInKeywords.click(WebUiBuiltInKeywords.groovy:617)
	at com.kms.katalon.core.webui.keyword.WebUiBuiltInKeywords$click$1.call(Unknown Source)
	at TC_DETAILS_UI_020.run(TC_DETAILS_UI_020:22)
	at com.kms.katalon.core.main.ScriptEngine.run(ScriptEngine.java:194)
	at com.kms.katalon.core.main.ScriptEngine.runScriptAsRawText(ScriptEngine.java:119)
	at com.kms.katalon.core.main.TestCaseExecutor.runScript(TestCaseExecutor.java:339)
	at com.kms.katalon.core.main.TestCaseExecutor.doExecute(TestCaseExecutor.java:330)
	at com.kms.katalon.core.main.TestCaseExecutor.processExecutionPhase(TestCaseExecutor.java:309)
	at com.kms.katalon.core.main.TestCaseExecutor.accessMainPhase(TestCaseExecutor.java:301)
	at com.kms.katalon.core.main.TestCaseExecutor.execute(TestCaseExecutor.java:235)
	at com.kms.katalon.core.main.TestSuiteExecutor.accessTestCaseMainPhase(TestSuiteExecutor.java:191)
	at com.kms.katalon.core.main.TestSuiteExecutor.accessTestSuiteMainPhase(TestSuiteExecutor.java:141)
	at com.kms.katalon.core.main.TestSuiteExecutor.execute(TestSuiteExecutor.java:90)
	at com.kms.katalon.core.main.TestCaseMain.startTestSuite(TestCaseMain.java:157)
	at com.kms.katalon.core.main.TestCaseMain$startTestSuite$0.call(Unknown Source)
	at TempTestSuite1649242622951.run(TempTestSuite1649242622951.groovy:39)
Caused by: org.openqa.selenium.WebDriverException: target frame detached
  (Session info: chrome=99.0.4844.84)
Build info: version: '3.141.59', revision: 'e82be7d358', time: '2018-11-14T08:25:53'
System info: host: 'DESKTOP-IJBB9BE', ip: '192.168.1.2', os.name: 'Windows 10', os.arch: 'amd64', os.version: '10.0', java.version: '1.8.0_181'
Driver info: com.kms.katalon.selenium.driver.CChromeDriver
Capabilities {acceptInsecureCerts: false, browserName: chrome, browserVersion: 99.0.4844.84, chrome: {chromedriverVersion: 99.0.4844.51 (d537ec02474b5..., userDataDir: C:\Users\Lexoter\AppData\Lo...}, goog:chromeOptions: {debuggerAddress: localhost:6530}, javascriptEnabled: true, networkConnectionEnabled: false, pageLoadStrategy: normal, platform: WINDOWS, platformName: WINDOWS, proxy: Proxy(), setWindowRect: true, strictFileInteractability: false, timeouts: {implicit: 0, pageLoad: 300000, script: 30000}, unhandledPromptBehavior: dismiss and notify, webauthn:extension:credBlob: true, webauthn:extension:largeBlob: true, webauthn:virtualAuthenticators: true}
Session ID: b68dda2777130fb2e7a36c8a34f76af1
	at org.openqa.selenium.remote.http.W3CHttpResponseCodec.createException(W3CHttpResponseCodec.java:187)
	at org.openqa.selenium.remote.http.W3CHttpResponseCodec.decode(W3CHttpResponseCodec.java:122)
	at org.openqa.selenium.remote.http.W3CHttpResponseCodec.decode(W3CHttpResponseCodec.java:49)
	at org.openqa.selenium.remote.HttpCommandExecutor.execute(HttpCommandExecutor.java:158)
	at org.openqa.selenium.remote.service.DriverCommandExecutor.execute(DriverCommandExecutor.java:83)
	at org.openqa.selenium.remote.RemoteWebDriver.execute(RemoteWebDriver.java:552)
	at com.kms.katalon.selenium.driver.CChromeDriver.execute(CChromeDriver.java:19)
	at org.openqa.selenium.remote.RemoteWebElement.execute(RemoteWebElement.java:285)
	at org.openqa.selenium.remote.RemoteWebElement.click(RemoteWebElement.java:84)
	at org.openqa.selenium.support.events.EventFiringWebDriver$EventFiringWebElement.lambda$new$0(EventFiringWebDriver.java:404)
	at com.sun.proxy.$Proxy10.click(Unknown Source)
	at org.openqa.selenium.support.events.EventFiringWebDriver$EventFiringWebElement.click(EventFiringWebDriver.java:417)
	at com.kms.katalon.core.webui.keyword.builtin.ClickKeyword$_click_closure1.doCall(ClickKeyword.groovy:69)
	at com.kms.katalon.core.webui.keyword.builtin.ClickKeyword$_click_closure1.call(ClickKeyword.groovy)
	at com.kms.katalon.core.webui.keyword.internal.WebUIKeywordMain.runKeyword(WebUIKeywordMain.groovy:20)
	... 19 more
"/>
         <system-out><![CDATA[2022-04-06 19:02:15 - [TEST_CASE][FAILED] - Test Cases/Custom Item Details/TEST CASE/TC_DETAILS_UI_020: Test Cases/Custom Item Details/TEST CASE/TC_DETAILS_UI_020 FAILED.
Reason:
com.kms.katalon.core.exception.StepFailedException: Unable to click on object 'Object Repository/Item Details Objects/Page_diagnostics/a_Procure_Directly_From_Seller'
	at com.kms.katalon.core.webui.keyword.internal.WebUIKeywordMain.stepFailed(WebUIKeywordMain.groovy:64)
	at com.kms.katalon.core.webui.keyword.internal.WebUIKeywordMain.runKeyword(WebUIKeywordMain.groovy:26)
	at com.kms.katalon.core.webui.keyword.builtin.ClickKeyword.click(ClickKeyword.groovy:76)
	at com.kms.katalon.core.webui.keyword.builtin.ClickKeyword.execute(ClickKeyword.groovy:43)
	at com.kms.katalon.core.keyword.internal.KeywordExecutor.executeKeywordForPlatform(KeywordExecutor.groovy:73)
	at com.kms.katalon.core.webui.keyword.WebUiBuiltInKeywords.click(WebUiBuiltInKeywords.groovy:617)
	at com.kms.katalon.core.webui.keyword.WebUiBuiltInKeywords$click$1.call(Unknown Source)
	at TC_DETAILS_UI_020.run(TC_DETAILS_UI_020:22)
	at com.kms.katalon.core.main.ScriptEngine.run(ScriptEngine.java:194)
	at com.kms.katalon.core.main.ScriptEngine.runScriptAsRawText(ScriptEngine.java:119)
	at com.kms.katalon.core.main.TestCaseExecutor.runScript(TestCaseExecutor.java:339)
	at com.kms.katalon.core.main.TestCaseExecutor.doExecute(TestCaseExecutor.java:330)
	at com.kms.katalon.core.main.TestCaseExecutor.processExecutionPhase(TestCaseExecutor.java:309)
	at com.kms.katalon.core.main.TestCaseExecutor.accessMainPhase(TestCaseExecutor.java:301)
	at com.kms.katalon.core.main.TestCaseExecutor.execute(TestCaseExecutor.java:235)
	at com.kms.katalon.core.main.TestSuiteExecutor.accessTestCaseMainPhase(TestSuiteExecutor.java:191)
	at com.kms.katalon.core.main.TestSuiteExecutor.accessTestSuiteMainPhase(TestSuiteExecutor.java:141)
	at com.kms.katalon.core.main.TestSuiteExecutor.execute(TestSuiteExecutor.java:90)
	at com.kms.katalon.core.main.TestCaseMain.startTestSuite(TestCaseMain.java:157)
	at com.kms.katalon.core.main.TestCaseMain$startTestSuite$0.call(Unknown Source)
	at TempTestSuite1649242622951.run(TempTestSuite1649242622951.groovy:39)
Caused by: org.openqa.selenium.WebDriverException: target frame detached
  (Session info: chrome=99.0.4844.84)
Build info: version: '3.141.59', revision: 'e82be7d358', time: '2018-11-14T08:25:53'
System info: host: 'DESKTOP-IJBB9BE', ip: '192.168.1.2', os.name: 'Windows 10', os.arch: 'amd64', os.version: '10.0', java.version: '1.8.0_181'
Driver info: com.kms.katalon.selenium.driver.CChromeDriver
Capabilities {acceptInsecureCerts: false, browserName: chrome, browserVersion: 99.0.4844.84, chrome: {chromedriverVersion: 99.0.4844.51 (d537ec02474b5..., userDataDir: C:\Users\Lexoter\AppData\Lo...}, goog:chromeOptions: {debuggerAddress: localhost:6530}, javascriptEnabled: true, networkConnectionEnabled: false, pageLoadStrategy: normal, platform: WINDOWS, platformName: WINDOWS, proxy: Proxy(), setWindowRect: true, strictFileInteractability: false, timeouts: {implicit: 0, pageLoad: 300000, script: 30000}, unhandledPromptBehavior: dismiss and notify, webauthn:extension:credBlob: true, webauthn:extension:largeBlob: true, webauthn:virtualAuthenticators: true}
Session ID: b68dda2777130fb2e7a36c8a34f76af1
	at org.openqa.selenium.remote.http.W3CHttpResponseCodec.createException(W3CHttpResponseCodec.java:187)
	at org.openqa.selenium.remote.http.W3CHttpResponseCodec.decode(W3CHttpResponseCodec.java:122)
	at org.openqa.selenium.remote.http.W3CHttpResponseCodec.decode(W3CHttpResponseCodec.java:49)
	at org.openqa.selenium.remote.HttpCommandExecutor.execute(HttpCommandExecutor.java:158)
	at org.openqa.selenium.remote.service.DriverCommandExecutor.execute(DriverCommandExecutor.java:83)
	at org.openqa.selenium.remote.RemoteWebDriver.execute(RemoteWebDriver.java:552)
	at com.kms.katalon.selenium.driver.CChromeDriver.execute(CChromeDriver.java:19)
	at org.openqa.selenium.remote.RemoteWebElement.execute(RemoteWebElement.java:285)
	at org.openqa.selenium.remote.RemoteWebElement.click(RemoteWebElement.java:84)
	at org.openqa.selenium.support.events.EventFiringWebDriver$EventFiringWebElement.lambda$new$0(EventFiringWebDriver.java:404)
	at com.sun.proxy.$Proxy10.click(Unknown Source)
	at org.openqa.selenium.support.events.EventFiringWebDriver$EventFiringWebElement.click(EventFiringWebDriver.java:417)
	at com.kms.katalon.core.webui.keyword.builtin.ClickKeyword$_click_closure1.doCall(ClickKeyword.groovy:69)
	at com.kms.katalon.core.webui.keyword.builtin.ClickKeyword$_click_closure1.call(ClickKeyword.groovy)
	at com.kms.katalon.core.webui.keyword.internal.WebUIKeywordMain.runKeyword(WebUIKeywordMain.groovy:20)
	... 19 more


2022-04-06 19:02:15 - [TEST_STEP][PASSED] - callTestCase(findTestCase("Custom Item Details/UTILITIES/OPEN_BROWSER"), [:], STOP_ON_FAILURE): Call Test Case 'Test Cases/Custom Item Details/UTILITIES/OPEN_BROWSER' successfully

2022-04-06 19:02:15 - [TEST_CASE][PASSED] - Test Cases/Custom Item Details/UTILITIES/OPEN_BROWSER: Test Cases/Custom Item Details/UTILITIES/OPEN_BROWSER

2022-04-06 19:02:15 - [TEST_STEP][PASSED] - openBrowser("https://diagnostics.staging.arcadier.io/"): Browser is opened with url: 'https://diagnostics.staging.arcadier.io/'

2022-04-06 19:02:15 - [MESSAGE][INFO] - Starting 'Chrome' driver

2022-04-06 19:02:15 - [MESSAGE][INFO] - Action delay is set to 0 milliseconds

2022-04-06 19:02:18 - [MESSAGE][PASSED] - Browser is opened with url: 'https://diagnostics.staging.arcadier.io/'

2022-04-06 19:02:18 - [TEST_STEP][PASSED] - maximizeWindow(): Current window maximized

2022-04-06 19:02:18 - [MESSAGE][PASSED] - Current window maximized

2022-04-06 19:02:18 - [TEST_STEP][PASSED] - click(findTestObject("Item Details Objects/Page_diagnostics/a_Accept Cookies")): Object: 'Object Repository/Item Details Objects/Page_diagnostics/a_Accept Cookies' is clicked on

2022-04-06 19:02:20 - [MESSAGE][PASSED] - Object: 'Object Repository/Item Details Objects/Page_diagnostics/a_Accept Cookies' is clicked on

2022-04-06 19:02:20 - [TEST_STEP][PASSED] - click(findTestObject("New_Homepage/Page_diagnostics/a_COVID-19 DIAGNOSTICS"), STOP_ON_FAILURE): Object: 'Object Repository/New_Homepage/Page_diagnostics/a_COVID-19 DIAGNOSTICS' is clicked on

2022-04-06 19:02:22 - [MESSAGE][PASSED] - Object: 'Object Repository/New_Homepage/Page_diagnostics/a_COVID-19 DIAGNOSTICS' is clicked on

2022-04-06 19:02:22 - [TEST_STEP][PASSED] - mouseOver(findTestObject("New_Homepage/Page_diagnostics/a_Abbott Rapid Diagnostics PANBIO COVID-19 Ag Rapid Test Device (Nasopharyngeal)")): Object: 'Object Repository/New_Homepage/Page_diagnostics/a_Abbott Rapid Diagnostics PANBIO COVID-19 Ag Rapid Test Device (Nasopharyngeal)' is hovered

2022-04-06 19:02:24 - [MESSAGE][PASSED] - Object: 'Object Repository/New_Homepage/Page_diagnostics/a_Abbott Rapid Diagnostics PANBIO COVID-19 Ag Rapid Test Device (Nasopharyngeal)' is hovered

2022-04-06 19:02:24 - [TEST_STEP][PASSED] - click(findTestObject("New_Homepage/Page_diagnostics/a_Abbott Rapid Diagnostics PANBIO COVID-19 Ag Rapid Test Device (Nasopharyngeal)")): Object: 'Object Repository/New_Homepage/Page_diagnostics/a_Abbott Rapid Diagnostics PANBIO COVID-19 Ag Rapid Test Device (Nasopharyngeal)' is clicked on

2022-04-06 19:02:26 - [MESSAGE][PASSED] - Object: 'Object Repository/New_Homepage/Page_diagnostics/a_Abbott Rapid Diagnostics PANBIO COVID-19 Ag Rapid Test Device (Nasopharyngeal)' is clicked on

2022-04-06 19:02:26 - [MESSAGE][PASSED] - Call Test Case 'Test Cases/Custom Item Details/UTILITIES/OPEN_BROWSER' successfully

2022-04-06 19:02:26 - [TEST_STEP][PASSED] - waitForElementVisible(findTestObject("Item Details Objects/Page_diagnostics/a_Procure_Directly_From_Seller"), 0): Object 'Object Repository/Item Details Objects/Page_diagnostics/a_Procure_Directly_From_Seller' is visible

2022-04-06 19:02:26 - [MESSAGE][WARNING] - Timeout '0' is invalid. Using default page load timeout: '30'

2022-04-06 19:02:28 - [MESSAGE][PASSED] - Object 'Object Repository/Item Details Objects/Page_diagnostics/a_Procure_Directly_From_Seller' is visible

2022-04-06 19:02:28 - [TEST_STEP][FAILED] - click(findTestObject("Item Details Objects/Page_diagnostics/a_Procure_Directly_From_Seller")): Unable to click on object 'Object Repository/Item Details Objects/Page_diagnostics/a_Procure_Directly_From_Seller' (Root cause: com.kms.katalon.core.exception.StepFailedException: Unable to click on object 'Object Repository/Item Details Objects/Page_diagnostics/a_Procure_Directly_From_Seller'
	at com.kms.katalon.core.webui.keyword.internal.WebUIKeywordMain.stepFailed(WebUIKeywordMain.groovy:64)
	at com.kms.katalon.core.webui.keyword.internal.WebUIKeywordMain.runKeyword(WebUIKeywordMain.groovy:26)
	at com.kms.katalon.core.webui.keyword.builtin.ClickKeyword.click(ClickKeyword.groovy:76)
	at com.kms.katalon.core.webui.keyword.builtin.ClickKeyword.execute(ClickKeyword.groovy:43)
	at com.kms.katalon.core.keyword.internal.KeywordExecutor.executeKeywordForPlatform(KeywordExecutor.groovy:73)
	at com.kms.katalon.core.webui.keyword.WebUiBuiltInKeywords.click(WebUiBuiltInKeywords.groovy:617)
	at com.kms.katalon.core.webui.keyword.WebUiBuiltInKeywords$click$1.call(Unknown Source)
	at TC_DETAILS_UI_020.run(TC_DETAILS_UI_020:22)
	at com.kms.katalon.core.main.ScriptEngine.run(ScriptEngine.java:194)
	at com.kms.katalon.core.main.ScriptEngine.runScriptAsRawText(ScriptEngine.java:119)
	at com.kms.katalon.core.main.TestCaseExecutor.runScript(TestCaseExecutor.java:339)
	at com.kms.katalon.core.main.TestCaseExecutor.doExecute(TestCaseExecutor.java:330)
	at com.kms.katalon.core.main.TestCaseExecutor.processExecutionPhase(TestCaseExecutor.java:309)
	at com.kms.katalon.core.main.TestCaseExecutor.accessMainPhase(TestCaseExecutor.java:301)
	at com.kms.katalon.core.main.TestCaseExecutor.execute(TestCaseExecutor.java:235)
	at com.kms.katalon.core.main.TestSuiteExecutor.accessTestCaseMainPhase(TestSuiteExecutor.java:191)
	at com.kms.katalon.core.main.TestSuiteExecutor.accessTestSuiteMainPhase(TestSuiteExecutor.java:141)
	at com.kms.katalon.core.main.TestSuiteExecutor.execute(TestSuiteExecutor.java:90)
	at com.kms.katalon.core.main.TestCaseMain.startTestSuite(TestCaseMain.java:157)
	at com.kms.katalon.core.main.TestCaseMain$startTestSuite$0.call(Unknown Source)
	at TempTestSuite1649242622951.run(TempTestSuite1649242622951.groovy:39)
Caused by: org.openqa.selenium.WebDriverException: target frame detached
  (Session info: chrome=99.0.4844.84)
Build info: version: '3.141.59', revision: 'e82be7d358', time: '2018-11-14T08:25:53'
System info: host: 'DESKTOP-IJBB9BE', ip: '192.168.1.2', os.name: 'Windows 10', os.arch: 'amd64', os.version: '10.0', java.version: '1.8.0_181'
Driver info: com.kms.katalon.selenium.driver.CChromeDriver
Capabilities {acceptInsecureCerts: false, browserName: chrome, browserVersion: 99.0.4844.84, chrome: {chromedriverVersion: 99.0.4844.51 (d537ec02474b5..., userDataDir: C:\Users\Lexoter\AppData\Lo...}, goog:chromeOptions: {debuggerAddress: localhost:6530}, javascriptEnabled: true, networkConnectionEnabled: false, pageLoadStrategy: normal, platform: WINDOWS, platformName: WINDOWS, proxy: Proxy(), setWindowRect: true, strictFileInteractability: false, timeouts: {implicit: 0, pageLoad: 300000, script: 30000}, unhandledPromptBehavior: dismiss and notify, webauthn:extension:credBlob: true, webauthn:extension:largeBlob: true, webauthn:virtualAuthenticators: true}
Session ID: b68dda2777130fb2e7a36c8a34f76af1
	at org.openqa.selenium.remote.http.W3CHttpResponseCodec.createException(W3CHttpResponseCodec.java:187)
	at org.openqa.selenium.remote.http.W3CHttpResponseCodec.decode(W3CHttpResponseCodec.java:122)
	at org.openqa.selenium.remote.http.W3CHttpResponseCodec.decode(W3CHttpResponseCodec.java:49)
	at org.openqa.selenium.remote.HttpCommandExecutor.execute(HttpCommandExecutor.java:158)
	at org.openqa.selenium.remote.service.DriverCommandExecutor.execute(DriverCommandExecutor.java:83)
	at org.openqa.selenium.remote.RemoteWebDriver.execute(RemoteWebDriver.java:552)
	at com.kms.katalon.selenium.driver.CChromeDriver.execute(CChromeDriver.java:19)
	at org.openqa.selenium.remote.RemoteWebElement.execute(RemoteWebElement.java:285)
	at org.openqa.selenium.remote.RemoteWebElement.click(RemoteWebElement.java:84)
	at org.openqa.selenium.support.events.EventFiringWebDriver$EventFiringWebElement.lambda$new$0(EventFiringWebDriver.java:404)
	at com.sun.proxy.$Proxy10.click(Unknown Source)
	at org.openqa.selenium.support.events.EventFiringWebDriver$EventFiringWebElement.click(EventFiringWebDriver.java:417)
	at com.kms.katalon.core.webui.keyword.builtin.ClickKeyword$_click_closure1.doCall(ClickKeyword.groovy:69)
	at com.kms.katalon.core.webui.keyword.builtin.ClickKeyword$_click_closure1.call(ClickKeyword.groovy)
	at com.kms.katalon.core.webui.keyword.internal.WebUIKeywordMain.runKeyword(WebUIKeywordMain.groovy:20)
	at com.kms.katalon.core.webui.keyword.builtin.ClickKeyword.click(ClickKeyword.groovy:76)
	at com.kms.katalon.core.webui.keyword.builtin.ClickKeyword.execute(ClickKeyword.groovy:43)
	at com.kms.katalon.core.keyword.internal.KeywordExecutor.executeKeywordForPlatform(KeywordExecutor.groovy:73)
	at com.kms.katalon.core.webui.keyword.WebUiBuiltInKeywords.click(WebUiBuiltInKeywords.groovy:617)
	at com.kms.katalon.core.webui.keyword.WebUiBuiltInKeywords$click$1.call(Unknown Source)
	at Script1620629262211.run(Script1620629262211.groovy:22)
	... 13 more
)

2022-04-06 19:02:29 - [MESSAGE][FAILED] - Unable to click on object 'Object Repository/Item Details Objects/Page_diagnostics/a_Procure_Directly_From_Seller' (Root cause: com.kms.katalon.core.exception.StepFailedException: Unable to click on object 'Object Repository/Item Details Objects/Page_diagnostics/a_Procure_Directly_From_Seller'
	at com.kms.katalon.core.webui.keyword.internal.WebUIKeywordMain.stepFailed(WebUIKeywordMain.groovy:64)
	at com.kms.katalon.core.webui.keyword.internal.WebUIKeywordMain.runKeyword(WebUIKeywordMain.groovy:26)
	at com.kms.katalon.core.webui.keyword.builtin.ClickKeyword.click(ClickKeyword.groovy:76)
	at com.kms.katalon.core.webui.keyword.builtin.ClickKeyword.execute(ClickKeyword.groovy:43)
	at com.kms.katalon.core.keyword.internal.KeywordExecutor.executeKeywordForPlatform(KeywordExecutor.groovy:73)
	at com.kms.katalon.core.webui.keyword.WebUiBuiltInKeywords.click(WebUiBuiltInKeywords.groovy:617)
	at com.kms.katalon.core.webui.keyword.WebUiBuiltInKeywords$click$1.call(Unknown Source)
	at TC_DETAILS_UI_020.run(TC_DETAILS_UI_020:22)
	at com.kms.katalon.core.main.ScriptEngine.run(ScriptEngine.java:194)
	at com.kms.katalon.core.main.ScriptEngine.runScriptAsRawText(ScriptEngine.java:119)
	at com.kms.katalon.core.main.TestCaseExecutor.runScript(TestCaseExecutor.java:339)
	at com.kms.katalon.core.main.TestCaseExecutor.doExecute(TestCaseExecutor.java:330)
	at com.kms.katalon.core.main.TestCaseExecutor.processExecutionPhase(TestCaseExecutor.java:309)
	at com.kms.katalon.core.main.TestCaseExecutor.accessMainPhase(TestCaseExecutor.java:301)
	at com.kms.katalon.core.main.TestCaseExecutor.execute(TestCaseExecutor.java:235)
	at com.kms.katalon.core.main.TestSuiteExecutor.accessTestCaseMainPhase(TestSuiteExecutor.java:191)
	at com.kms.katalon.core.main.TestSuiteExecutor.accessTestSuiteMainPhase(TestSuiteExecutor.java:141)
	at com.kms.katalon.core.main.TestSuiteExecutor.execute(TestSuiteExecutor.java:90)
	at com.kms.katalon.core.main.TestCaseMain.startTestSuite(TestCaseMain.java:157)
	at com.kms.katalon.core.main.TestCaseMain$startTestSuite$0.call(Unknown Source)
	at TempTestSuite1649242622951.run(TempTestSuite1649242622951.groovy:39)
Caused by: org.openqa.selenium.WebDriverException: target frame detached
  (Session info: chrome=99.0.4844.84)
Build info: version: '3.141.59', revision: 'e82be7d358', time: '2018-11-14T08:25:53'
System info: host: 'DESKTOP-IJBB9BE', ip: '192.168.1.2', os.name: 'Windows 10', os.arch: 'amd64', os.version: '10.0', java.version: '1.8.0_181'
Driver info: com.kms.katalon.selenium.driver.CChromeDriver
Capabilities {acceptInsecureCerts: false, browserName: chrome, browserVersion: 99.0.4844.84, chrome: {chromedriverVersion: 99.0.4844.51 (d537ec02474b5..., userDataDir: C:\Users\Lexoter\AppData\Lo...}, goog:chromeOptions: {debuggerAddress: localhost:6530}, javascriptEnabled: true, networkConnectionEnabled: false, pageLoadStrategy: normal, platform: WINDOWS, platformName: WINDOWS, proxy: Proxy(), setWindowRect: true, strictFileInteractability: false, timeouts: {implicit: 0, pageLoad: 300000, script: 30000}, unhandledPromptBehavior: dismiss and notify, webauthn:extension:credBlob: true, webauthn:extension:largeBlob: true, webauthn:virtualAuthenticators: true}
Session ID: b68dda2777130fb2e7a36c8a34f76af1
	at org.openqa.selenium.remote.http.W3CHttpResponseCodec.createException(W3CHttpResponseCodec.java:187)
	at org.openqa.selenium.remote.http.W3CHttpResponseCodec.decode(W3CHttpResponseCodec.java:122)
	at org.openqa.selenium.remote.http.W3CHttpResponseCodec.decode(W3CHttpResponseCodec.java:49)
	at org.openqa.selenium.remote.HttpCommandExecutor.execute(HttpCommandExecutor.java:158)
	at org.openqa.selenium.remote.service.DriverCommandExecutor.execute(DriverCommandExecutor.java:83)
	at org.openqa.selenium.remote.RemoteWebDriver.execute(RemoteWebDriver.java:552)
	at com.kms.katalon.selenium.driver.CChromeDriver.execute(CChromeDriver.java:19)
	at org.openqa.selenium.remote.RemoteWebElement.execute(RemoteWebElement.java:285)
	at org.openqa.selenium.remote.RemoteWebElement.click(RemoteWebElement.java:84)
	at org.openqa.selenium.support.events.EventFiringWebDriver$EventFiringWebElement.lambda$new$0(EventFiringWebDriver.java:404)
	at com.sun.proxy.$Proxy10.click(Unknown Source)
	at org.openqa.selenium.support.events.EventFiringWebDriver$EventFiringWebElement.click(EventFiringWebDriver.java:417)
	at com.kms.katalon.core.webui.keyword.builtin.ClickKeyword$_click_closure1.doCall(ClickKeyword.groovy:69)
	at com.kms.katalon.core.webui.keyword.builtin.ClickKeyword$_click_closure1.call(ClickKeyword.groovy)
	at com.kms.katalon.core.webui.keyword.internal.WebUIKeywordMain.runKeyword(WebUIKeywordMain.groovy:20)
	at com.kms.katalon.core.webui.keyword.builtin.ClickKeyword.click(ClickKeyword.groovy:76)
	at com.kms.katalon.core.webui.keyword.builtin.ClickKeyword.execute(ClickKeyword.groovy:43)
	at com.kms.katalon.core.keyword.internal.KeywordExecutor.executeKeywordForPlatform(KeywordExecutor.groovy:73)
	at com.kms.katalon.core.webui.keyword.WebUiBuiltInKeywords.click(WebUiBuiltInKeywords.groovy:617)
	at com.kms.katalon.core.webui.keyword.WebUiBuiltInKeywords$click$1.call(Unknown Source)
	at Script1620629262211.run(Script1620629262211.groovy:22)
	... 13 more
)
[[ATTACHMENT|K:\\Work\\GitHub\\find-item-detail-test_v2\\Reports\\20220406_185701\\Item detail test\\20220406_185702\\1649242948797.png]]]]></system-out>
         <system-err><![CDATA[2022-04-06 19:02:15 - [TEST_CASE][FAILED] - Test Cases/Custom Item Details/TEST CASE/TC_DETAILS_UI_020: Test Cases/Custom Item Details/TEST CASE/TC_DETAILS_UI_020 FAILED.
Reason:
com.kms.katalon.core.exception.StepFailedException: Unable to click on object 'Object Repository/Item Details Objects/Page_diagnostics/a_Procure_Directly_From_Seller'
	at com.kms.katalon.core.webui.keyword.internal.WebUIKeywordMain.stepFailed(WebUIKeywordMain.groovy:64)
	at com.kms.katalon.core.webui.keyword.internal.WebUIKeywordMain.runKeyword(WebUIKeywordMain.groovy:26)
	at com.kms.katalon.core.webui.keyword.builtin.ClickKeyword.click(ClickKeyword.groovy:76)
	at com.kms.katalon.core.webui.keyword.builtin.ClickKeyword.execute(ClickKeyword.groovy:43)
	at com.kms.katalon.core.keyword.internal.KeywordExecutor.executeKeywordForPlatform(KeywordExecutor.groovy:73)
	at com.kms.katalon.core.webui.keyword.WebUiBuiltInKeywords.click(WebUiBuiltInKeywords.groovy:617)
	at com.kms.katalon.core.webui.keyword.WebUiBuiltInKeywords$click$1.call(Unknown Source)
	at TC_DETAILS_UI_020.run(TC_DETAILS_UI_020:22)
	at com.kms.katalon.core.main.ScriptEngine.run(ScriptEngine.java:194)
	at com.kms.katalon.core.main.ScriptEngine.runScriptAsRawText(ScriptEngine.java:119)
	at com.kms.katalon.core.main.TestCaseExecutor.runScript(TestCaseExecutor.java:339)
	at com.kms.katalon.core.main.TestCaseExecutor.doExecute(TestCaseExecutor.java:330)
	at com.kms.katalon.core.main.TestCaseExecutor.processExecutionPhase(TestCaseExecutor.java:309)
	at com.kms.katalon.core.main.TestCaseExecutor.accessMainPhase(TestCaseExecutor.java:301)
	at com.kms.katalon.core.main.TestCaseExecutor.execute(TestCaseExecutor.java:235)
	at com.kms.katalon.core.main.TestSuiteExecutor.accessTestCaseMainPhase(TestSuiteExecutor.java:191)
	at com.kms.katalon.core.main.TestSuiteExecutor.accessTestSuiteMainPhase(TestSuiteExecutor.java:141)
	at com.kms.katalon.core.main.TestSuiteExecutor.execute(TestSuiteExecutor.java:90)
	at com.kms.katalon.core.main.TestCaseMain.startTestSuite(TestCaseMain.java:157)
	at com.kms.katalon.core.main.TestCaseMain$startTestSuite$0.call(Unknown Source)
	at TempTestSuite1649242622951.run(TempTestSuite1649242622951.groovy:39)
Caused by: org.openqa.selenium.WebDriverException: target frame detached
  (Session info: chrome=99.0.4844.84)
Build info: version: '3.141.59', revision: 'e82be7d358', time: '2018-11-14T08:25:53'
System info: host: 'DESKTOP-IJBB9BE', ip: '192.168.1.2', os.name: 'Windows 10', os.arch: 'amd64', os.version: '10.0', java.version: '1.8.0_181'
Driver info: com.kms.katalon.selenium.driver.CChromeDriver
Capabilities {acceptInsecureCerts: false, browserName: chrome, browserVersion: 99.0.4844.84, chrome: {chromedriverVersion: 99.0.4844.51 (d537ec02474b5..., userDataDir: C:\Users\Lexoter\AppData\Lo...}, goog:chromeOptions: {debuggerAddress: localhost:6530}, javascriptEnabled: true, networkConnectionEnabled: false, pageLoadStrategy: normal, platform: WINDOWS, platformName: WINDOWS, proxy: Proxy(), setWindowRect: true, strictFileInteractability: false, timeouts: {implicit: 0, pageLoad: 300000, script: 30000}, unhandledPromptBehavior: dismiss and notify, webauthn:extension:credBlob: true, webauthn:extension:largeBlob: true, webauthn:virtualAuthenticators: true}
Session ID: b68dda2777130fb2e7a36c8a34f76af1
	at org.openqa.selenium.remote.http.W3CHttpResponseCodec.createException(W3CHttpResponseCodec.java:187)
	at org.openqa.selenium.remote.http.W3CHttpResponseCodec.decode(W3CHttpResponseCodec.java:122)
	at org.openqa.selenium.remote.http.W3CHttpResponseCodec.decode(W3CHttpResponseCodec.java:49)
	at org.openqa.selenium.remote.HttpCommandExecutor.execute(HttpCommandExecutor.java:158)
	at org.openqa.selenium.remote.service.DriverCommandExecutor.execute(DriverCommandExecutor.java:83)
	at org.openqa.selenium.remote.RemoteWebDriver.execute(RemoteWebDriver.java:552)
	at com.kms.katalon.selenium.driver.CChromeDriver.execute(CChromeDriver.java:19)
	at org.openqa.selenium.remote.RemoteWebElement.execute(RemoteWebElement.java:285)
	at org.openqa.selenium.remote.RemoteWebElement.click(RemoteWebElement.java:84)
	at org.openqa.selenium.support.events.EventFiringWebDriver$EventFiringWebElement.lambda$new$0(EventFiringWebDriver.java:404)
	at com.sun.proxy.$Proxy10.click(Unknown Source)
	at org.openqa.selenium.support.events.EventFiringWebDriver$EventFiringWebElement.click(EventFiringWebDriver.java:417)
	at com.kms.katalon.core.webui.keyword.builtin.ClickKeyword$_click_closure1.doCall(ClickKeyword.groovy:69)
	at com.kms.katalon.core.webui.keyword.builtin.ClickKeyword$_click_closure1.call(ClickKeyword.groovy)
	at com.kms.katalon.core.webui.keyword.internal.WebUIKeywordMain.runKeyword(WebUIKeywordMain.groovy:20)
	... 19 more]]></system-err>
      </testcase>
      <testcase name="Test Cases/Custom Item Details/TEST CASE/TC_DETAILS_UI_021" time="16.186" classname="Test Cases/Custom Item Details/TEST CASE/TC_DETAILS_UI_021" status="PASSED">
         <system-out><![CDATA[2022-04-06 19:02:29 - [TEST_CASE][PASSED] - Test Cases/Custom Item Details/TEST CASE/TC_DETAILS_UI_021: Test Cases/Custom Item Details/TEST CASE/TC_DETAILS_UI_021

2022-04-06 19:02:29 - [TEST_STEP][PASSED] - callTestCase(findTestCase("Custom Item Details/UTILITIES/OPEN_BROWSER"), [:], STOP_ON_FAILURE): Call Test Case 'Test Cases/Custom Item Details/UTILITIES/OPEN_BROWSER' successfully

2022-04-06 19:02:29 - [TEST_CASE][PASSED] - Test Cases/Custom Item Details/UTILITIES/OPEN_BROWSER: Test Cases/Custom Item Details/UTILITIES/OPEN_BROWSER

2022-04-06 19:02:29 - [TEST_STEP][PASSED] - openBrowser("https://diagnostics.staging.arcadier.io/"): Browser is opened with url: 'https://diagnostics.staging.arcadier.io/'

2022-04-06 19:02:29 - [MESSAGE][WARNING] - A browser is already opened. Closing browser and opening a new one

2022-04-06 19:02:30 - [MESSAGE][INFO] - Starting 'Chrome' driver

2022-04-06 19:02:30 - [MESSAGE][INFO] - Action delay is set to 0 milliseconds

2022-04-06 19:02:33 - [MESSAGE][PASSED] - Browser is opened with url: 'https://diagnostics.staging.arcadier.io/'

2022-04-06 19:02:33 - [TEST_STEP][PASSED] - maximizeWindow(): Current window maximized

2022-04-06 19:02:33 - [MESSAGE][PASSED] - Current window maximized

2022-04-06 19:02:33 - [TEST_STEP][PASSED] - click(findTestObject("Item Details Objects/Page_diagnostics/a_Accept Cookies")): Object: 'Object Repository/Item Details Objects/Page_diagnostics/a_Accept Cookies' is clicked on

2022-04-06 19:02:35 - [MESSAGE][PASSED] - Object: 'Object Repository/Item Details Objects/Page_diagnostics/a_Accept Cookies' is clicked on

2022-04-06 19:02:35 - [TEST_STEP][PASSED] - click(findTestObject("New_Homepage/Page_diagnostics/a_COVID-19 DIAGNOSTICS"), STOP_ON_FAILURE): Object: 'Object Repository/New_Homepage/Page_diagnostics/a_COVID-19 DIAGNOSTICS' is clicked on

2022-04-06 19:02:37 - [MESSAGE][PASSED] - Object: 'Object Repository/New_Homepage/Page_diagnostics/a_COVID-19 DIAGNOSTICS' is clicked on

2022-04-06 19:02:37 - [TEST_STEP][PASSED] - mouseOver(findTestObject("New_Homepage/Page_diagnostics/a_Abbott Rapid Diagnostics PANBIO COVID-19 Ag Rapid Test Device (Nasopharyngeal)")): Object: 'Object Repository/New_Homepage/Page_diagnostics/a_Abbott Rapid Diagnostics PANBIO COVID-19 Ag Rapid Test Device (Nasopharyngeal)' is hovered

2022-04-06 19:02:39 - [MESSAGE][PASSED] - Object: 'Object Repository/New_Homepage/Page_diagnostics/a_Abbott Rapid Diagnostics PANBIO COVID-19 Ag Rapid Test Device (Nasopharyngeal)' is hovered

2022-04-06 19:02:39 - [TEST_STEP][PASSED] - click(findTestObject("New_Homepage/Page_diagnostics/a_Abbott Rapid Diagnostics PANBIO COVID-19 Ag Rapid Test Device (Nasopharyngeal)")): Object: 'Object Repository/New_Homepage/Page_diagnostics/a_Abbott Rapid Diagnostics PANBIO COVID-19 Ag Rapid Test Device (Nasopharyngeal)' is clicked on

2022-04-06 19:02:42 - [MESSAGE][PASSED] - Object: 'Object Repository/New_Homepage/Page_diagnostics/a_Abbott Rapid Diagnostics PANBIO COVID-19 Ag Rapid Test Device (Nasopharyngeal)' is clicked on

2022-04-06 19:02:42 - [MESSAGE][PASSED] - Call Test Case 'Test Cases/Custom Item Details/UTILITIES/OPEN_BROWSER' successfully

2022-04-06 19:02:42 - [TEST_STEP][PASSED] - waitForElementVisible(findTestObject("Staging Objects/Page_diagnostics/span_Accessories included"), 0): Object 'Object Repository/Staging Objects/Page_diagnostics/span_Accessories included' is visible

2022-04-06 19:02:42 - [MESSAGE][WARNING] - Timeout '0' is invalid. Using default page load timeout: '30'

2022-04-06 19:02:44 - [MESSAGE][PASSED] - Object 'Object Repository/Staging Objects/Page_diagnostics/span_Accessories included' is visible

2022-04-06 19:02:44 - [TEST_STEP][PASSED] - verifyElementPresent(findTestObject("Staging Objects/Page_diagnostics/span_Accessories included"), 0): Object 'Object Repository/Staging Objects/Page_diagnostics/span_Accessories included' is present

2022-04-06 19:02:44 - [MESSAGE][WARNING] - Timeout '0' is invalid. Using default page load timeout: '30'

2022-04-06 19:02:44 - [MESSAGE][PASSED] - Object 'Object Repository/Staging Objects/Page_diagnostics/span_Accessories included' is present

2022-04-06 19:02:44 - [TEST_STEP][PASSED] - callTestCase(findTestCase("Custom Item Details/UTILITIES/CLOSE_BROWSER"), [:], STOP_ON_FAILURE): Call Test Case 'Test Cases/Custom Item Details/UTILITIES/CLOSE_BROWSER' successfully

2022-04-06 19:02:44 - [TEST_CASE][PASSED] - Test Cases/Custom Item Details/UTILITIES/CLOSE_BROWSER: Test Cases/Custom Item Details/UTILITIES/CLOSE_BROWSER

2022-04-06 19:02:44 - [TEST_STEP][PASSED] - closeBrowser(): Browser is closed

2022-04-06 19:02:45 - [MESSAGE][PASSED] - Browser is closed

2022-04-06 19:02:45 - [MESSAGE][PASSED] - Call Test Case 'Test Cases/Custom Item Details/UTILITIES/CLOSE_BROWSER' successfully]]></system-out>
         <system-err><![CDATA[]]></system-err>
      </testcase>
      <testcase name="Test Cases/Custom Item Details/TEST CASE/TC_DETAILS_UI_022" time="75.089" classname="Test Cases/Custom Item Details/TEST CASE/TC_DETAILS_UI_022" status="FAILED">
         <failure type="FAILED" message="Test Cases/Custom Item Details/TEST CASE/TC_DETAILS_UI_022 FAILED.
Reason:
com.kms.katalon.core.exception.StepFailedException: Unable to verify object 'Object Repository/Staging Objects/Page_diagnostics/span_Alerts' is present
	at com.kms.katalon.core.webui.keyword.internal.WebUIKeywordMain.stepFailed(WebUIKeywordMain.groovy:64)
	at com.kms.katalon.core.webui.keyword.internal.WebUIKeywordMain.runKeyword(WebUIKeywordMain.groovy:26)
	at com.kms.katalon.core.webui.keyword.builtin.VerifyElementPresentKeyword.verifyElementPresent(VerifyElementPresentKeyword.groovy:92)
	at com.kms.katalon.core.webui.keyword.builtin.VerifyElementPresentKeyword.execute(VerifyElementPresentKeyword.groovy:68)
	at com.kms.katalon.core.keyword.internal.KeywordExecutor.executeKeywordForPlatform(KeywordExecutor.groovy:73)
	at com.kms.katalon.core.webui.keyword.WebUiBuiltInKeywords.verifyElementPresent(WebUiBuiltInKeywords.groovy:1461)
	at com.kms.katalon.core.webui.keyword.WebUiBuiltInKeywords$verifyElementPresent$9.call(Unknown Source)
	at TC_DETAILS_UI_022.run(TC_DETAILS_UI_022:22)
	at com.kms.katalon.core.main.ScriptEngine.run(ScriptEngine.java:194)
	at com.kms.katalon.core.main.ScriptEngine.runScriptAsRawText(ScriptEngine.java:119)
	at com.kms.katalon.core.main.TestCaseExecutor.runScript(TestCaseExecutor.java:339)
	at com.kms.katalon.core.main.TestCaseExecutor.doExecute(TestCaseExecutor.java:330)
	at com.kms.katalon.core.main.TestCaseExecutor.processExecutionPhase(TestCaseExecutor.java:309)
	at com.kms.katalon.core.main.TestCaseExecutor.accessMainPhase(TestCaseExecutor.java:301)
	at com.kms.katalon.core.main.TestCaseExecutor.execute(TestCaseExecutor.java:235)
	at com.kms.katalon.core.main.TestSuiteExecutor.accessTestCaseMainPhase(TestSuiteExecutor.java:191)
	at com.kms.katalon.core.main.TestSuiteExecutor.accessTestSuiteMainPhase(TestSuiteExecutor.java:141)
	at com.kms.katalon.core.main.TestSuiteExecutor.execute(TestSuiteExecutor.java:90)
	at com.kms.katalon.core.main.TestCaseMain.startTestSuite(TestCaseMain.java:157)
	at com.kms.katalon.core.main.TestCaseMain$startTestSuite$0.call(Unknown Source)
	at TempTestSuite1649242622951.run(TempTestSuite1649242622951.groovy:39)
Caused by: com.kms.katalon.core.exception.StepFailedException: com.kms.katalon.core.webui.exception.WebElementNotFoundException: Web element with id: 'Object Repository/Staging Objects/Page_diagnostics/span_Alerts' located by '//*[(text() = 'Alerts:' or . = 'Alerts:')]' not found
	at com.kms.katalon.core.webui.keyword.internal.WebUIKeywordMain.stepFailed(WebUIKeywordMain.groovy:64)
	at com.kms.katalon.core.webui.keyword.builtin.VerifyElementPresentKeyword$_verifyElementPresent_closure1.doCall(VerifyElementPresentKeyword.groovy:85)
	at com.kms.katalon.core.webui.keyword.builtin.VerifyElementPresentKeyword$_verifyElementPresent_closure1.call(VerifyElementPresentKeyword.groovy)
	at com.kms.katalon.core.webui.keyword.internal.WebUIKeywordMain.runKeyword(WebUIKeywordMain.groovy:20)
	... 19 more
"/>
         <system-out><![CDATA[2022-04-06 19:02:45 - [TEST_CASE][FAILED] - Test Cases/Custom Item Details/TEST CASE/TC_DETAILS_UI_022: Test Cases/Custom Item Details/TEST CASE/TC_DETAILS_UI_022 FAILED.
Reason:
com.kms.katalon.core.exception.StepFailedException: Unable to verify object 'Object Repository/Staging Objects/Page_diagnostics/span_Alerts' is present
	at com.kms.katalon.core.webui.keyword.internal.WebUIKeywordMain.stepFailed(WebUIKeywordMain.groovy:64)
	at com.kms.katalon.core.webui.keyword.internal.WebUIKeywordMain.runKeyword(WebUIKeywordMain.groovy:26)
	at com.kms.katalon.core.webui.keyword.builtin.VerifyElementPresentKeyword.verifyElementPresent(VerifyElementPresentKeyword.groovy:92)
	at com.kms.katalon.core.webui.keyword.builtin.VerifyElementPresentKeyword.execute(VerifyElementPresentKeyword.groovy:68)
	at com.kms.katalon.core.keyword.internal.KeywordExecutor.executeKeywordForPlatform(KeywordExecutor.groovy:73)
	at com.kms.katalon.core.webui.keyword.WebUiBuiltInKeywords.verifyElementPresent(WebUiBuiltInKeywords.groovy:1461)
	at com.kms.katalon.core.webui.keyword.WebUiBuiltInKeywords$verifyElementPresent$9.call(Unknown Source)
	at TC_DETAILS_UI_022.run(TC_DETAILS_UI_022:22)
	at com.kms.katalon.core.main.ScriptEngine.run(ScriptEngine.java:194)
	at com.kms.katalon.core.main.ScriptEngine.runScriptAsRawText(ScriptEngine.java:119)
	at com.kms.katalon.core.main.TestCaseExecutor.runScript(TestCaseExecutor.java:339)
	at com.kms.katalon.core.main.TestCaseExecutor.doExecute(TestCaseExecutor.java:330)
	at com.kms.katalon.core.main.TestCaseExecutor.processExecutionPhase(TestCaseExecutor.java:309)
	at com.kms.katalon.core.main.TestCaseExecutor.accessMainPhase(TestCaseExecutor.java:301)
	at com.kms.katalon.core.main.TestCaseExecutor.execute(TestCaseExecutor.java:235)
	at com.kms.katalon.core.main.TestSuiteExecutor.accessTestCaseMainPhase(TestSuiteExecutor.java:191)
	at com.kms.katalon.core.main.TestSuiteExecutor.accessTestSuiteMainPhase(TestSuiteExecutor.java:141)
	at com.kms.katalon.core.main.TestSuiteExecutor.execute(TestSuiteExecutor.java:90)
	at com.kms.katalon.core.main.TestCaseMain.startTestSuite(TestCaseMain.java:157)
	at com.kms.katalon.core.main.TestCaseMain$startTestSuite$0.call(Unknown Source)
	at TempTestSuite1649242622951.run(TempTestSuite1649242622951.groovy:39)
Caused by: com.kms.katalon.core.exception.StepFailedException: com.kms.katalon.core.webui.exception.WebElementNotFoundException: Web element with id: 'Object Repository/Staging Objects/Page_diagnostics/span_Alerts' located by '//*[(text() = 'Alerts:' or . = 'Alerts:')]' not found
	at com.kms.katalon.core.webui.keyword.internal.WebUIKeywordMain.stepFailed(WebUIKeywordMain.groovy:64)
	at com.kms.katalon.core.webui.keyword.builtin.VerifyElementPresentKeyword$_verifyElementPresent_closure1.doCall(VerifyElementPresentKeyword.groovy:85)
	at com.kms.katalon.core.webui.keyword.builtin.VerifyElementPresentKeyword$_verifyElementPresent_closure1.call(VerifyElementPresentKeyword.groovy)
	at com.kms.katalon.core.webui.keyword.internal.WebUIKeywordMain.runKeyword(WebUIKeywordMain.groovy:20)
	... 19 more


2022-04-06 19:02:45 - [TEST_STEP][PASSED] - callTestCase(findTestCase("Custom Item Details/UTILITIES/OPEN_BROWSER"), [:], STOP_ON_FAILURE): Call Test Case 'Test Cases/Custom Item Details/UTILITIES/OPEN_BROWSER' successfully

2022-04-06 19:02:45 - [TEST_CASE][PASSED] - Test Cases/Custom Item Details/UTILITIES/OPEN_BROWSER: Test Cases/Custom Item Details/UTILITIES/OPEN_BROWSER

2022-04-06 19:02:45 - [TEST_STEP][PASSED] - openBrowser("https://diagnostics.staging.arcadier.io/"): Browser is opened with url: 'https://diagnostics.staging.arcadier.io/'

2022-04-06 19:02:45 - [MESSAGE][INFO] - Starting 'Chrome' driver

2022-04-06 19:02:45 - [MESSAGE][INFO] - Action delay is set to 0 milliseconds

2022-04-06 19:02:48 - [MESSAGE][PASSED] - Browser is opened with url: 'https://diagnostics.staging.arcadier.io/'

2022-04-06 19:02:48 - [TEST_STEP][PASSED] - maximizeWindow(): Current window maximized

2022-04-06 19:02:48 - [MESSAGE][PASSED] - Current window maximized

2022-04-06 19:02:48 - [TEST_STEP][PASSED] - click(findTestObject("Item Details Objects/Page_diagnostics/a_Accept Cookies")): Object: 'Object Repository/Item Details Objects/Page_diagnostics/a_Accept Cookies' is clicked on

2022-04-06 19:02:50 - [MESSAGE][PASSED] - Object: 'Object Repository/Item Details Objects/Page_diagnostics/a_Accept Cookies' is clicked on

2022-04-06 19:02:50 - [TEST_STEP][PASSED] - click(findTestObject("New_Homepage/Page_diagnostics/a_COVID-19 DIAGNOSTICS"), STOP_ON_FAILURE): Object: 'Object Repository/New_Homepage/Page_diagnostics/a_COVID-19 DIAGNOSTICS' is clicked on

2022-04-06 19:02:52 - [MESSAGE][PASSED] - Object: 'Object Repository/New_Homepage/Page_diagnostics/a_COVID-19 DIAGNOSTICS' is clicked on

2022-04-06 19:02:52 - [TEST_STEP][PASSED] - mouseOver(findTestObject("New_Homepage/Page_diagnostics/a_Abbott Rapid Diagnostics PANBIO COVID-19 Ag Rapid Test Device (Nasopharyngeal)")): Object: 'Object Repository/New_Homepage/Page_diagnostics/a_Abbott Rapid Diagnostics PANBIO COVID-19 Ag Rapid Test Device (Nasopharyngeal)' is hovered

2022-04-06 19:02:54 - [MESSAGE][PASSED] - Object: 'Object Repository/New_Homepage/Page_diagnostics/a_Abbott Rapid Diagnostics PANBIO COVID-19 Ag Rapid Test Device (Nasopharyngeal)' is hovered

2022-04-06 19:02:54 - [TEST_STEP][PASSED] - click(findTestObject("New_Homepage/Page_diagnostics/a_Abbott Rapid Diagnostics PANBIO COVID-19 Ag Rapid Test Device (Nasopharyngeal)")): Object: 'Object Repository/New_Homepage/Page_diagnostics/a_Abbott Rapid Diagnostics PANBIO COVID-19 Ag Rapid Test Device (Nasopharyngeal)' is clicked on

2022-04-06 19:02:57 - [MESSAGE][PASSED] - Object: 'Object Repository/New_Homepage/Page_diagnostics/a_Abbott Rapid Diagnostics PANBIO COVID-19 Ag Rapid Test Device (Nasopharyngeal)' is clicked on

2022-04-06 19:02:57 - [MESSAGE][PASSED] - Call Test Case 'Test Cases/Custom Item Details/UTILITIES/OPEN_BROWSER' successfully

2022-04-06 19:02:57 - [TEST_STEP][PASSED] - waitForElementVisible(findTestObject("Staging Objects/Page_diagnostics/span_Alerts"), 0): Web element with id: 'Object Repository/Staging Objects/Page_diagnostics/span_Alerts' located by '//*[(text() = 'Alerts:' or . = 'Alerts:')]' not found

2022-04-06 19:02:57 - [MESSAGE][WARNING] - Timeout '0' is invalid. Using default page load timeout: '30'

2022-04-06 19:03:28 - [MESSAGE][INFO] - Unable to find the element located by 'By.xpath: //*[(text() = 'Alerts:' or . = 'Alerts:')]'. Please recheck the objects properties to make sure the desired element is located. 

2022-04-06 19:03:28 - [MESSAGE][WARNING] - Web element with id: 'Object Repository/Staging Objects/Page_diagnostics/span_Alerts' located by '//*[(text() = 'Alerts:' or . = 'Alerts:')]' not found

2022-04-06 19:03:28 - [TEST_STEP][FAILED] - verifyElementPresent(findTestObject("Staging Objects/Page_diagnostics/span_Alerts"), 0): Unable to verify object 'Object Repository/Staging Objects/Page_diagnostics/span_Alerts' is present (Root cause: com.kms.katalon.core.exception.StepFailedException: Unable to verify object 'Object Repository/Staging Objects/Page_diagnostics/span_Alerts' is present
	at com.kms.katalon.core.webui.keyword.internal.WebUIKeywordMain.stepFailed(WebUIKeywordMain.groovy:64)
	at com.kms.katalon.core.webui.keyword.internal.WebUIKeywordMain.runKeyword(WebUIKeywordMain.groovy:26)
	at com.kms.katalon.core.webui.keyword.builtin.VerifyElementPresentKeyword.verifyElementPresent(VerifyElementPresentKeyword.groovy:92)
	at com.kms.katalon.core.webui.keyword.builtin.VerifyElementPresentKeyword.execute(VerifyElementPresentKeyword.groovy:68)
	at com.kms.katalon.core.keyword.internal.KeywordExecutor.executeKeywordForPlatform(KeywordExecutor.groovy:73)
	at com.kms.katalon.core.webui.keyword.WebUiBuiltInKeywords.verifyElementPresent(WebUiBuiltInKeywords.groovy:1461)
	at com.kms.katalon.core.webui.keyword.WebUiBuiltInKeywords$verifyElementPresent$9.call(Unknown Source)
	at TC_DETAILS_UI_022.run(TC_DETAILS_UI_022:22)
	at com.kms.katalon.core.main.ScriptEngine.run(ScriptEngine.java:194)
	at com.kms.katalon.core.main.ScriptEngine.runScriptAsRawText(ScriptEngine.java:119)
	at com.kms.katalon.core.main.TestCaseExecutor.runScript(TestCaseExecutor.java:339)
	at com.kms.katalon.core.main.TestCaseExecutor.doExecute(TestCaseExecutor.java:330)
	at com.kms.katalon.core.main.TestCaseExecutor.processExecutionPhase(TestCaseExecutor.java:309)
	at com.kms.katalon.core.main.TestCaseExecutor.accessMainPhase(TestCaseExecutor.java:301)
	at com.kms.katalon.core.main.TestCaseExecutor.execute(TestCaseExecutor.java:235)
	at com.kms.katalon.core.main.TestSuiteExecutor.accessTestCaseMainPhase(TestSuiteExecutor.java:191)
	at com.kms.katalon.core.main.TestSuiteExecutor.accessTestSuiteMainPhase(TestSuiteExecutor.java:141)
	at com.kms.katalon.core.main.TestSuiteExecutor.execute(TestSuiteExecutor.java:90)
	at com.kms.katalon.core.main.TestCaseMain.startTestSuite(TestCaseMain.java:157)
	at com.kms.katalon.core.main.TestCaseMain$startTestSuite$0.call(Unknown Source)
	at TempTestSuite1649242622951.run(TempTestSuite1649242622951.groovy:39)
Caused by: com.kms.katalon.core.exception.StepFailedException: com.kms.katalon.core.webui.exception.WebElementNotFoundException: Web element with id: 'Object Repository/Staging Objects/Page_diagnostics/span_Alerts' located by '//*[(text() = 'Alerts:' or . = 'Alerts:')]' not found
	at com.kms.katalon.core.webui.keyword.internal.WebUIKeywordMain.stepFailed(WebUIKeywordMain.groovy:64)
	at com.kms.katalon.core.webui.keyword.builtin.VerifyElementPresentKeyword$_verifyElementPresent_closure1.doCall(VerifyElementPresentKeyword.groovy:85)
	at com.kms.katalon.core.webui.keyword.builtin.VerifyElementPresentKeyword$_verifyElementPresent_closure1.call(VerifyElementPresentKeyword.groovy)
	at com.kms.katalon.core.webui.keyword.internal.WebUIKeywordMain.runKeyword(WebUIKeywordMain.groovy:20)
	... 19 more
)

2022-04-06 19:03:28 - [MESSAGE][WARNING] - Timeout '0' is invalid. Using default page load timeout: '30'

2022-04-06 19:04:00 - [MESSAGE][INFO] - Unable to find the element located by 'By.xpath: //*[(text() = 'Alerts:' or . = 'Alerts:')]'. Please recheck the objects properties to make sure the desired element is located. 

2022-04-06 19:04:00 - [MESSAGE][FAILED] - com.kms.katalon.core.webui.exception.WebElementNotFoundException: Web element with id: 'Object Repository/Staging Objects/Page_diagnostics/span_Alerts' located by '//*[(text() = 'Alerts:' or . = 'Alerts:')]' not found (Root cause: com.kms.katalon.core.exception.StepFailedException: com.kms.katalon.core.webui.exception.WebElementNotFoundException: Web element with id: 'Object Repository/Staging Objects/Page_diagnostics/span_Alerts' located by '//*[(text() = 'Alerts:' or . = 'Alerts:')]' not found
	at com.kms.katalon.core.webui.keyword.internal.WebUIKeywordMain.stepFailed(WebUIKeywordMain.groovy:64)
	at com.kms.katalon.core.webui.keyword.builtin.VerifyElementPresentKeyword$_verifyElementPresent_closure1.doCall(VerifyElementPresentKeyword.groovy:85)
	at com.kms.katalon.core.webui.keyword.builtin.VerifyElementPresentKeyword$_verifyElementPresent_closure1.call(VerifyElementPresentKeyword.groovy)
	at com.kms.katalon.core.webui.keyword.internal.WebUIKeywordMain.runKeyword(WebUIKeywordMain.groovy:20)
	at com.kms.katalon.core.webui.keyword.builtin.VerifyElementPresentKeyword.verifyElementPresent(VerifyElementPresentKeyword.groovy:92)
	at com.kms.katalon.core.webui.keyword.builtin.VerifyElementPresentKeyword.execute(VerifyElementPresentKeyword.groovy:68)
	at com.kms.katalon.core.keyword.internal.KeywordExecutor.executeKeywordForPlatform(KeywordExecutor.groovy:73)
	at com.kms.katalon.core.webui.keyword.WebUiBuiltInKeywords.verifyElementPresent(WebUiBuiltInKeywords.groovy:1461)
	at com.kms.katalon.core.webui.keyword.WebUiBuiltInKeywords$verifyElementPresent$9.call(Unknown Source)
	at TC_DETAILS_UI_022.run(TC_DETAILS_UI_022:22)
	at com.kms.katalon.core.main.ScriptEngine.run(ScriptEngine.java:194)
	at com.kms.katalon.core.main.ScriptEngine.runScriptAsRawText(ScriptEngine.java:119)
	at com.kms.katalon.core.main.TestCaseExecutor.runScript(TestCaseExecutor.java:339)
	at com.kms.katalon.core.main.TestCaseExecutor.doExecute(TestCaseExecutor.java:330)
	at com.kms.katalon.core.main.TestCaseExecutor.processExecutionPhase(TestCaseExecutor.java:309)
	at com.kms.katalon.core.main.TestCaseExecutor.accessMainPhase(TestCaseExecutor.java:301)
	at com.kms.katalon.core.main.TestCaseExecutor.execute(TestCaseExecutor.java:235)
	at com.kms.katalon.core.main.TestSuiteExecutor.accessTestCaseMainPhase(TestSuiteExecutor.java:191)
	at com.kms.katalon.core.main.TestSuiteExecutor.accessTestSuiteMainPhase(TestSuiteExecutor.java:141)
	at com.kms.katalon.core.main.TestSuiteExecutor.execute(TestSuiteExecutor.java:90)
	at com.kms.katalon.core.main.TestCaseMain.startTestSuite(TestCaseMain.java:157)
	at com.kms.katalon.core.main.TestCaseMain$startTestSuite$0.call(Unknown Source)
	at TempTestSuite1649242622951.run(TempTestSuite1649242622951.groovy:39)
)
[[ATTACHMENT|K:\\Work\\GitHub\\find-item-detail-test_v2\\Reports\\20220406_185701\\Item detail test\\20220406_185702\\1649243040151.png]]

2022-04-06 19:04:00 - [MESSAGE][FAILED] - Unable to verify object 'Object Repository/Staging Objects/Page_diagnostics/span_Alerts' is present (Root cause: com.kms.katalon.core.exception.StepFailedException: Unable to verify object 'Object Repository/Staging Objects/Page_diagnostics/span_Alerts' is present
	at com.kms.katalon.core.webui.keyword.internal.WebUIKeywordMain.stepFailed(WebUIKeywordMain.groovy:64)
	at com.kms.katalon.core.webui.keyword.internal.WebUIKeywordMain.runKeyword(WebUIKeywordMain.groovy:26)
	at com.kms.katalon.core.webui.keyword.builtin.VerifyElementPresentKeyword.verifyElementPresent(VerifyElementPresentKeyword.groovy:92)
	at com.kms.katalon.core.webui.keyword.builtin.VerifyElementPresentKeyword.execute(VerifyElementPresentKeyword.groovy:68)
	at com.kms.katalon.core.keyword.internal.KeywordExecutor.executeKeywordForPlatform(KeywordExecutor.groovy:73)
	at com.kms.katalon.core.webui.keyword.WebUiBuiltInKeywords.verifyElementPresent(WebUiBuiltInKeywords.groovy:1461)
	at com.kms.katalon.core.webui.keyword.WebUiBuiltInKeywords$verifyElementPresent$9.call(Unknown Source)
	at TC_DETAILS_UI_022.run(TC_DETAILS_UI_022:22)
	at com.kms.katalon.core.main.ScriptEngine.run(ScriptEngine.java:194)
	at com.kms.katalon.core.main.ScriptEngine.runScriptAsRawText(ScriptEngine.java:119)
	at com.kms.katalon.core.main.TestCaseExecutor.runScript(TestCaseExecutor.java:339)
	at com.kms.katalon.core.main.TestCaseExecutor.doExecute(TestCaseExecutor.java:330)
	at com.kms.katalon.core.main.TestCaseExecutor.processExecutionPhase(TestCaseExecutor.java:309)
	at com.kms.katalon.core.main.TestCaseExecutor.accessMainPhase(TestCaseExecutor.java:301)
	at com.kms.katalon.core.main.TestCaseExecutor.execute(TestCaseExecutor.java:235)
	at com.kms.katalon.core.main.TestSuiteExecutor.accessTestCaseMainPhase(TestSuiteExecutor.java:191)
	at com.kms.katalon.core.main.TestSuiteExecutor.accessTestSuiteMainPhase(TestSuiteExecutor.java:141)
	at com.kms.katalon.core.main.TestSuiteExecutor.execute(TestSuiteExecutor.java:90)
	at com.kms.katalon.core.main.TestCaseMain.startTestSuite(TestCaseMain.java:157)
	at com.kms.katalon.core.main.TestCaseMain$startTestSuite$0.call(Unknown Source)
	at TempTestSuite1649242622951.run(TempTestSuite1649242622951.groovy:39)
Caused by: com.kms.katalon.core.exception.StepFailedException: com.kms.katalon.core.webui.exception.WebElementNotFoundException: Web element with id: 'Object Repository/Staging Objects/Page_diagnostics/span_Alerts' located by '//*[(text() = 'Alerts:' or . = 'Alerts:')]' not found
	at com.kms.katalon.core.webui.keyword.internal.WebUIKeywordMain.stepFailed(WebUIKeywordMain.groovy:64)
	at com.kms.katalon.core.webui.keyword.builtin.VerifyElementPresentKeyword$_verifyElementPresent_closure1.doCall(VerifyElementPresentKeyword.groovy:85)
	at com.kms.katalon.core.webui.keyword.builtin.VerifyElementPresentKeyword$_verifyElementPresent_closure1.call(VerifyElementPresentKeyword.groovy)
	at com.kms.katalon.core.webui.keyword.internal.WebUIKeywordMain.runKeyword(WebUIKeywordMain.groovy:20)
	... 19 more
)
[[ATTACHMENT|K:\\Work\\GitHub\\find-item-detail-test_v2\\Reports\\20220406_185701\\Item detail test\\20220406_185702\\1649243040312.png]]]]></system-out>
         <system-err><![CDATA[2022-04-06 19:02:45 - [TEST_CASE][FAILED] - Test Cases/Custom Item Details/TEST CASE/TC_DETAILS_UI_022: Test Cases/Custom Item Details/TEST CASE/TC_DETAILS_UI_022 FAILED.
Reason:
com.kms.katalon.core.exception.StepFailedException: Unable to verify object 'Object Repository/Staging Objects/Page_diagnostics/span_Alerts' is present
	at com.kms.katalon.core.webui.keyword.internal.WebUIKeywordMain.stepFailed(WebUIKeywordMain.groovy:64)
	at com.kms.katalon.core.webui.keyword.internal.WebUIKeywordMain.runKeyword(WebUIKeywordMain.groovy:26)
	at com.kms.katalon.core.webui.keyword.builtin.VerifyElementPresentKeyword.verifyElementPresent(VerifyElementPresentKeyword.groovy:92)
	at com.kms.katalon.core.webui.keyword.builtin.VerifyElementPresentKeyword.execute(VerifyElementPresentKeyword.groovy:68)
	at com.kms.katalon.core.keyword.internal.KeywordExecutor.executeKeywordForPlatform(KeywordExecutor.groovy:73)
	at com.kms.katalon.core.webui.keyword.WebUiBuiltInKeywords.verifyElementPresent(WebUiBuiltInKeywords.groovy:1461)
	at com.kms.katalon.core.webui.keyword.WebUiBuiltInKeywords$verifyElementPresent$9.call(Unknown Source)
	at TC_DETAILS_UI_022.run(TC_DETAILS_UI_022:22)
	at com.kms.katalon.core.main.ScriptEngine.run(ScriptEngine.java:194)
	at com.kms.katalon.core.main.ScriptEngine.runScriptAsRawText(ScriptEngine.java:119)
	at com.kms.katalon.core.main.TestCaseExecutor.runScript(TestCaseExecutor.java:339)
	at com.kms.katalon.core.main.TestCaseExecutor.doExecute(TestCaseExecutor.java:330)
	at com.kms.katalon.core.main.TestCaseExecutor.processExecutionPhase(TestCaseExecutor.java:309)
	at com.kms.katalon.core.main.TestCaseExecutor.accessMainPhase(TestCaseExecutor.java:301)
	at com.kms.katalon.core.main.TestCaseExecutor.execute(TestCaseExecutor.java:235)
	at com.kms.katalon.core.main.TestSuiteExecutor.accessTestCaseMainPhase(TestSuiteExecutor.java:191)
	at com.kms.katalon.core.main.TestSuiteExecutor.accessTestSuiteMainPhase(TestSuiteExecutor.java:141)
	at com.kms.katalon.core.main.TestSuiteExecutor.execute(TestSuiteExecutor.java:90)
	at com.kms.katalon.core.main.TestCaseMain.startTestSuite(TestCaseMain.java:157)
	at com.kms.katalon.core.main.TestCaseMain$startTestSuite$0.call(Unknown Source)
	at TempTestSuite1649242622951.run(TempTestSuite1649242622951.groovy:39)
Caused by: com.kms.katalon.core.exception.StepFailedException: com.kms.katalon.core.webui.exception.WebElementNotFoundException: Web element with id: 'Object Repository/Staging Objects/Page_diagnostics/span_Alerts' located by '//*[(text() = 'Alerts:' or . = 'Alerts:')]' not found
	at com.kms.katalon.core.webui.keyword.internal.WebUIKeywordMain.stepFailed(WebUIKeywordMain.groovy:64)
	at com.kms.katalon.core.webui.keyword.builtin.VerifyElementPresentKeyword$_verifyElementPresent_closure1.doCall(VerifyElementPresentKeyword.groovy:85)
	at com.kms.katalon.core.webui.keyword.builtin.VerifyElementPresentKeyword$_verifyElementPresent_closure1.call(VerifyElementPresentKeyword.groovy)
	at com.kms.katalon.core.webui.keyword.internal.WebUIKeywordMain.runKeyword(WebUIKeywordMain.groovy:20)
	... 19 more]]></system-err>
      </testcase>
      <testcase name="Test Cases/Custom Item Details/TEST CASE/TC_DETAILS_UI_023" time="75.227" classname="Test Cases/Custom Item Details/TEST CASE/TC_DETAILS_UI_023" status="FAILED">
         <failure type="FAILED" message="Test Cases/Custom Item Details/TEST CASE/TC_DETAILS_UI_023 FAILED.
Reason:
com.kms.katalon.core.exception.StepFailedException: Unable to verify object 'Object Repository/Staging Objects/Page_diagnostics/span_Coding of the meter' is present
	at com.kms.katalon.core.webui.keyword.internal.WebUIKeywordMain.stepFailed(WebUIKeywordMain.groovy:64)
	at com.kms.katalon.core.webui.keyword.internal.WebUIKeywordMain.runKeyword(WebUIKeywordMain.groovy:26)
	at com.kms.katalon.core.webui.keyword.builtin.VerifyElementPresentKeyword.verifyElementPresent(VerifyElementPresentKeyword.groovy:92)
	at com.kms.katalon.core.webui.keyword.builtin.VerifyElementPresentKeyword.execute(VerifyElementPresentKeyword.groovy:68)
	at com.kms.katalon.core.keyword.internal.KeywordExecutor.executeKeywordForPlatform(KeywordExecutor.groovy:73)
	at com.kms.katalon.core.webui.keyword.WebUiBuiltInKeywords.verifyElementPresent(WebUiBuiltInKeywords.groovy:1461)
	at com.kms.katalon.core.webui.keyword.WebUiBuiltInKeywords$verifyElementPresent$9.call(Unknown Source)
	at TC_DETAILS_UI_023.run(TC_DETAILS_UI_023:22)
	at com.kms.katalon.core.main.ScriptEngine.run(ScriptEngine.java:194)
	at com.kms.katalon.core.main.ScriptEngine.runScriptAsRawText(ScriptEngine.java:119)
	at com.kms.katalon.core.main.TestCaseExecutor.runScript(TestCaseExecutor.java:339)
	at com.kms.katalon.core.main.TestCaseExecutor.doExecute(TestCaseExecutor.java:330)
	at com.kms.katalon.core.main.TestCaseExecutor.processExecutionPhase(TestCaseExecutor.java:309)
	at com.kms.katalon.core.main.TestCaseExecutor.accessMainPhase(TestCaseExecutor.java:301)
	at com.kms.katalon.core.main.TestCaseExecutor.execute(TestCaseExecutor.java:235)
	at com.kms.katalon.core.main.TestSuiteExecutor.accessTestCaseMainPhase(TestSuiteExecutor.java:191)
	at com.kms.katalon.core.main.TestSuiteExecutor.accessTestSuiteMainPhase(TestSuiteExecutor.java:141)
	at com.kms.katalon.core.main.TestSuiteExecutor.execute(TestSuiteExecutor.java:90)
	at com.kms.katalon.core.main.TestCaseMain.startTestSuite(TestCaseMain.java:157)
	at com.kms.katalon.core.main.TestCaseMain$startTestSuite$0.call(Unknown Source)
	at TempTestSuite1649242622951.run(TempTestSuite1649242622951.groovy:39)
Caused by: com.kms.katalon.core.exception.StepFailedException: com.kms.katalon.core.webui.exception.WebElementNotFoundException: Web element with id: 'Object Repository/Staging Objects/Page_diagnostics/span_Coding of the meter' located by '//*[(text() = 'Coding of the meter:' or . = 'Coding of the meter:')]' not found
	at com.kms.katalon.core.webui.keyword.internal.WebUIKeywordMain.stepFailed(WebUIKeywordMain.groovy:64)
	at com.kms.katalon.core.webui.keyword.builtin.VerifyElementPresentKeyword$_verifyElementPresent_closure1.doCall(VerifyElementPresentKeyword.groovy:85)
	at com.kms.katalon.core.webui.keyword.builtin.VerifyElementPresentKeyword$_verifyElementPresent_closure1.call(VerifyElementPresentKeyword.groovy)
	at com.kms.katalon.core.webui.keyword.internal.WebUIKeywordMain.runKeyword(WebUIKeywordMain.groovy:20)
	... 19 more
"/>
         <system-out><![CDATA[2022-04-06 19:04:00 - [TEST_CASE][FAILED] - Test Cases/Custom Item Details/TEST CASE/TC_DETAILS_UI_023: Test Cases/Custom Item Details/TEST CASE/TC_DETAILS_UI_023 FAILED.
Reason:
com.kms.katalon.core.exception.StepFailedException: Unable to verify object 'Object Repository/Staging Objects/Page_diagnostics/span_Coding of the meter' is present
	at com.kms.katalon.core.webui.keyword.internal.WebUIKeywordMain.stepFailed(WebUIKeywordMain.groovy:64)
	at com.kms.katalon.core.webui.keyword.internal.WebUIKeywordMain.runKeyword(WebUIKeywordMain.groovy:26)
	at com.kms.katalon.core.webui.keyword.builtin.VerifyElementPresentKeyword.verifyElementPresent(VerifyElementPresentKeyword.groovy:92)
	at com.kms.katalon.core.webui.keyword.builtin.VerifyElementPresentKeyword.execute(VerifyElementPresentKeyword.groovy:68)
	at com.kms.katalon.core.keyword.internal.KeywordExecutor.executeKeywordForPlatform(KeywordExecutor.groovy:73)
	at com.kms.katalon.core.webui.keyword.WebUiBuiltInKeywords.verifyElementPresent(WebUiBuiltInKeywords.groovy:1461)
	at com.kms.katalon.core.webui.keyword.WebUiBuiltInKeywords$verifyElementPresent$9.call(Unknown Source)
	at TC_DETAILS_UI_023.run(TC_DETAILS_UI_023:22)
	at com.kms.katalon.core.main.ScriptEngine.run(ScriptEngine.java:194)
	at com.kms.katalon.core.main.ScriptEngine.runScriptAsRawText(ScriptEngine.java:119)
	at com.kms.katalon.core.main.TestCaseExecutor.runScript(TestCaseExecutor.java:339)
	at com.kms.katalon.core.main.TestCaseExecutor.doExecute(TestCaseExecutor.java:330)
	at com.kms.katalon.core.main.TestCaseExecutor.processExecutionPhase(TestCaseExecutor.java:309)
	at com.kms.katalon.core.main.TestCaseExecutor.accessMainPhase(TestCaseExecutor.java:301)
	at com.kms.katalon.core.main.TestCaseExecutor.execute(TestCaseExecutor.java:235)
	at com.kms.katalon.core.main.TestSuiteExecutor.accessTestCaseMainPhase(TestSuiteExecutor.java:191)
	at com.kms.katalon.core.main.TestSuiteExecutor.accessTestSuiteMainPhase(TestSuiteExecutor.java:141)
	at com.kms.katalon.core.main.TestSuiteExecutor.execute(TestSuiteExecutor.java:90)
	at com.kms.katalon.core.main.TestCaseMain.startTestSuite(TestCaseMain.java:157)
	at com.kms.katalon.core.main.TestCaseMain$startTestSuite$0.call(Unknown Source)
	at TempTestSuite1649242622951.run(TempTestSuite1649242622951.groovy:39)
Caused by: com.kms.katalon.core.exception.StepFailedException: com.kms.katalon.core.webui.exception.WebElementNotFoundException: Web element with id: 'Object Repository/Staging Objects/Page_diagnostics/span_Coding of the meter' located by '//*[(text() = 'Coding of the meter:' or . = 'Coding of the meter:')]' not found
	at com.kms.katalon.core.webui.keyword.internal.WebUIKeywordMain.stepFailed(WebUIKeywordMain.groovy:64)
	at com.kms.katalon.core.webui.keyword.builtin.VerifyElementPresentKeyword$_verifyElementPresent_closure1.doCall(VerifyElementPresentKeyword.groovy:85)
	at com.kms.katalon.core.webui.keyword.builtin.VerifyElementPresentKeyword$_verifyElementPresent_closure1.call(VerifyElementPresentKeyword.groovy)
	at com.kms.katalon.core.webui.keyword.internal.WebUIKeywordMain.runKeyword(WebUIKeywordMain.groovy:20)
	... 19 more


2022-04-06 19:04:00 - [TEST_STEP][PASSED] - callTestCase(findTestCase("Custom Item Details/UTILITIES/OPEN_BROWSER"), [:], STOP_ON_FAILURE): Call Test Case 'Test Cases/Custom Item Details/UTILITIES/OPEN_BROWSER' successfully

2022-04-06 19:04:00 - [TEST_CASE][PASSED] - Test Cases/Custom Item Details/UTILITIES/OPEN_BROWSER: Test Cases/Custom Item Details/UTILITIES/OPEN_BROWSER

2022-04-06 19:04:00 - [TEST_STEP][PASSED] - openBrowser("https://diagnostics.staging.arcadier.io/"): Browser is opened with url: 'https://diagnostics.staging.arcadier.io/'

2022-04-06 19:04:00 - [MESSAGE][WARNING] - A browser is already opened. Closing browser and opening a new one

2022-04-06 19:04:01 - [MESSAGE][INFO] - Starting 'Chrome' driver

2022-04-06 19:04:01 - [MESSAGE][INFO] - Action delay is set to 0 milliseconds

2022-04-06 19:04:04 - [MESSAGE][PASSED] - Browser is opened with url: 'https://diagnostics.staging.arcadier.io/'

2022-04-06 19:04:04 - [TEST_STEP][PASSED] - maximizeWindow(): Current window maximized

2022-04-06 19:04:04 - [MESSAGE][PASSED] - Current window maximized

2022-04-06 19:04:04 - [TEST_STEP][PASSED] - click(findTestObject("Item Details Objects/Page_diagnostics/a_Accept Cookies")): Object: 'Object Repository/Item Details Objects/Page_diagnostics/a_Accept Cookies' is clicked on

2022-04-06 19:04:07 - [MESSAGE][PASSED] - Object: 'Object Repository/Item Details Objects/Page_diagnostics/a_Accept Cookies' is clicked on

2022-04-06 19:04:07 - [TEST_STEP][PASSED] - click(findTestObject("New_Homepage/Page_diagnostics/a_COVID-19 DIAGNOSTICS"), STOP_ON_FAILURE): Object: 'Object Repository/New_Homepage/Page_diagnostics/a_COVID-19 DIAGNOSTICS' is clicked on

2022-04-06 19:04:09 - [MESSAGE][PASSED] - Object: 'Object Repository/New_Homepage/Page_diagnostics/a_COVID-19 DIAGNOSTICS' is clicked on

2022-04-06 19:04:09 - [TEST_STEP][PASSED] - mouseOver(findTestObject("New_Homepage/Page_diagnostics/a_Abbott Rapid Diagnostics PANBIO COVID-19 Ag Rapid Test Device (Nasopharyngeal)")): Object: 'Object Repository/New_Homepage/Page_diagnostics/a_Abbott Rapid Diagnostics PANBIO COVID-19 Ag Rapid Test Device (Nasopharyngeal)' is hovered

2022-04-06 19:04:10 - [MESSAGE][PASSED] - Object: 'Object Repository/New_Homepage/Page_diagnostics/a_Abbott Rapid Diagnostics PANBIO COVID-19 Ag Rapid Test Device (Nasopharyngeal)' is hovered

2022-04-06 19:04:10 - [TEST_STEP][PASSED] - click(findTestObject("New_Homepage/Page_diagnostics/a_Abbott Rapid Diagnostics PANBIO COVID-19 Ag Rapid Test Device (Nasopharyngeal)")): Object: 'Object Repository/New_Homepage/Page_diagnostics/a_Abbott Rapid Diagnostics PANBIO COVID-19 Ag Rapid Test Device (Nasopharyngeal)' is clicked on

2022-04-06 19:04:12 - [MESSAGE][PASSED] - Object: 'Object Repository/New_Homepage/Page_diagnostics/a_Abbott Rapid Diagnostics PANBIO COVID-19 Ag Rapid Test Device (Nasopharyngeal)' is clicked on

2022-04-06 19:04:12 - [MESSAGE][PASSED] - Call Test Case 'Test Cases/Custom Item Details/UTILITIES/OPEN_BROWSER' successfully

2022-04-06 19:04:12 - [TEST_STEP][PASSED] - waitForElementVisible(findTestObject("Staging Objects/Page_diagnostics/span_Coding of the meter"), 0): Web element with id: 'Object Repository/Staging Objects/Page_diagnostics/span_Coding of the meter' located by '//*[(text() = 'Coding of the meter:' or . = 'Coding of the meter:')]' not found

2022-04-06 19:04:13 - [MESSAGE][WARNING] - Timeout '0' is invalid. Using default page load timeout: '30'

2022-04-06 19:04:44 - [MESSAGE][INFO] - Unable to find the element located by 'By.xpath: //*[(text() = 'Coding of the meter:' or . = 'Coding of the meter:')]'. Please recheck the objects properties to make sure the desired element is located. 

2022-04-06 19:04:44 - [MESSAGE][WARNING] - Web element with id: 'Object Repository/Staging Objects/Page_diagnostics/span_Coding of the meter' located by '//*[(text() = 'Coding of the meter:' or . = 'Coding of the meter:')]' not found

2022-04-06 19:04:44 - [TEST_STEP][FAILED] - verifyElementPresent(findTestObject("Staging Objects/Page_diagnostics/span_Coding of the meter"), 0): Unable to verify object 'Object Repository/Staging Objects/Page_diagnostics/span_Coding of the meter' is present (Root cause: com.kms.katalon.core.exception.StepFailedException: Unable to verify object 'Object Repository/Staging Objects/Page_diagnostics/span_Coding of the meter' is present
	at com.kms.katalon.core.webui.keyword.internal.WebUIKeywordMain.stepFailed(WebUIKeywordMain.groovy:64)
	at com.kms.katalon.core.webui.keyword.internal.WebUIKeywordMain.runKeyword(WebUIKeywordMain.groovy:26)
	at com.kms.katalon.core.webui.keyword.builtin.VerifyElementPresentKeyword.verifyElementPresent(VerifyElementPresentKeyword.groovy:92)
	at com.kms.katalon.core.webui.keyword.builtin.VerifyElementPresentKeyword.execute(VerifyElementPresentKeyword.groovy:68)
	at com.kms.katalon.core.keyword.internal.KeywordExecutor.executeKeywordForPlatform(KeywordExecutor.groovy:73)
	at com.kms.katalon.core.webui.keyword.WebUiBuiltInKeywords.verifyElementPresent(WebUiBuiltInKeywords.groovy:1461)
	at com.kms.katalon.core.webui.keyword.WebUiBuiltInKeywords$verifyElementPresent$9.call(Unknown Source)
	at TC_DETAILS_UI_023.run(TC_DETAILS_UI_023:22)
	at com.kms.katalon.core.main.ScriptEngine.run(ScriptEngine.java:194)
	at com.kms.katalon.core.main.ScriptEngine.runScriptAsRawText(ScriptEngine.java:119)
	at com.kms.katalon.core.main.TestCaseExecutor.runScript(TestCaseExecutor.java:339)
	at com.kms.katalon.core.main.TestCaseExecutor.doExecute(TestCaseExecutor.java:330)
	at com.kms.katalon.core.main.TestCaseExecutor.processExecutionPhase(TestCaseExecutor.java:309)
	at com.kms.katalon.core.main.TestCaseExecutor.accessMainPhase(TestCaseExecutor.java:301)
	at com.kms.katalon.core.main.TestCaseExecutor.execute(TestCaseExecutor.java:235)
	at com.kms.katalon.core.main.TestSuiteExecutor.accessTestCaseMainPhase(TestSuiteExecutor.java:191)
	at com.kms.katalon.core.main.TestSuiteExecutor.accessTestSuiteMainPhase(TestSuiteExecutor.java:141)
	at com.kms.katalon.core.main.TestSuiteExecutor.execute(TestSuiteExecutor.java:90)
	at com.kms.katalon.core.main.TestCaseMain.startTestSuite(TestCaseMain.java:157)
	at com.kms.katalon.core.main.TestCaseMain$startTestSuite$0.call(Unknown Source)
	at TempTestSuite1649242622951.run(TempTestSuite1649242622951.groovy:39)
Caused by: com.kms.katalon.core.exception.StepFailedException: com.kms.katalon.core.webui.exception.WebElementNotFoundException: Web element with id: 'Object Repository/Staging Objects/Page_diagnostics/span_Coding of the meter' located by '//*[(text() = 'Coding of the meter:' or . = 'Coding of the meter:')]' not found
	at com.kms.katalon.core.webui.keyword.internal.WebUIKeywordMain.stepFailed(WebUIKeywordMain.groovy:64)
	at com.kms.katalon.core.webui.keyword.builtin.VerifyElementPresentKeyword$_verifyElementPresent_closure1.doCall(VerifyElementPresentKeyword.groovy:85)
	at com.kms.katalon.core.webui.keyword.builtin.VerifyElementPresentKeyword$_verifyElementPresent_closure1.call(VerifyElementPresentKeyword.groovy)
	at com.kms.katalon.core.webui.keyword.internal.WebUIKeywordMain.runKeyword(WebUIKeywordMain.groovy:20)
	... 19 more
)

2022-04-06 19:04:44 - [MESSAGE][WARNING] - Timeout '0' is invalid. Using default page load timeout: '30'

2022-04-06 19:05:15 - [MESSAGE][INFO] - Unable to find the element located by 'By.xpath: //*[(text() = 'Coding of the meter:' or . = 'Coding of the meter:')]'. Please recheck the objects properties to make sure the desired element is located. 

2022-04-06 19:05:15 - [MESSAGE][FAILED] - com.kms.katalon.core.webui.exception.WebElementNotFoundException: Web element with id: 'Object Repository/Staging Objects/Page_diagnostics/span_Coding of the meter' located by '//*[(text() = 'Coding of the meter:' or . = 'Coding of the meter:')]' not found (Root cause: com.kms.katalon.core.exception.StepFailedException: com.kms.katalon.core.webui.exception.WebElementNotFoundException: Web element with id: 'Object Repository/Staging Objects/Page_diagnostics/span_Coding of the meter' located by '//*[(text() = 'Coding of the meter:' or . = 'Coding of the meter:')]' not found
	at com.kms.katalon.core.webui.keyword.internal.WebUIKeywordMain.stepFailed(WebUIKeywordMain.groovy:64)
	at com.kms.katalon.core.webui.keyword.builtin.VerifyElementPresentKeyword$_verifyElementPresent_closure1.doCall(VerifyElementPresentKeyword.groovy:85)
	at com.kms.katalon.core.webui.keyword.builtin.VerifyElementPresentKeyword$_verifyElementPresent_closure1.call(VerifyElementPresentKeyword.groovy)
	at com.kms.katalon.core.webui.keyword.internal.WebUIKeywordMain.runKeyword(WebUIKeywordMain.groovy:20)
	at com.kms.katalon.core.webui.keyword.builtin.VerifyElementPresentKeyword.verifyElementPresent(VerifyElementPresentKeyword.groovy:92)
	at com.kms.katalon.core.webui.keyword.builtin.VerifyElementPresentKeyword.execute(VerifyElementPresentKeyword.groovy:68)
	at com.kms.katalon.core.keyword.internal.KeywordExecutor.executeKeywordForPlatform(KeywordExecutor.groovy:73)
	at com.kms.katalon.core.webui.keyword.WebUiBuiltInKeywords.verifyElementPresent(WebUiBuiltInKeywords.groovy:1461)
	at com.kms.katalon.core.webui.keyword.WebUiBuiltInKeywords$verifyElementPresent$9.call(Unknown Source)
	at TC_DETAILS_UI_023.run(TC_DETAILS_UI_023:22)
	at com.kms.katalon.core.main.ScriptEngine.run(ScriptEngine.java:194)
	at com.kms.katalon.core.main.ScriptEngine.runScriptAsRawText(ScriptEngine.java:119)
	at com.kms.katalon.core.main.TestCaseExecutor.runScript(TestCaseExecutor.java:339)
	at com.kms.katalon.core.main.TestCaseExecutor.doExecute(TestCaseExecutor.java:330)
	at com.kms.katalon.core.main.TestCaseExecutor.processExecutionPhase(TestCaseExecutor.java:309)
	at com.kms.katalon.core.main.TestCaseExecutor.accessMainPhase(TestCaseExecutor.java:301)
	at com.kms.katalon.core.main.TestCaseExecutor.execute(TestCaseExecutor.java:235)
	at com.kms.katalon.core.main.TestSuiteExecutor.accessTestCaseMainPhase(TestSuiteExecutor.java:191)
	at com.kms.katalon.core.main.TestSuiteExecutor.accessTestSuiteMainPhase(TestSuiteExecutor.java:141)
	at com.kms.katalon.core.main.TestSuiteExecutor.execute(TestSuiteExecutor.java:90)
	at com.kms.katalon.core.main.TestCaseMain.startTestSuite(TestCaseMain.java:157)
	at com.kms.katalon.core.main.TestCaseMain$startTestSuite$0.call(Unknown Source)
	at TempTestSuite1649242622951.run(TempTestSuite1649242622951.groovy:39)
)
[[ATTACHMENT|K:\\Work\\GitHub\\find-item-detail-test_v2\\Reports\\20220406_185701\\Item detail test\\20220406_185702\\1649243115375.png]]

2022-04-06 19:05:15 - [MESSAGE][FAILED] - Unable to verify object 'Object Repository/Staging Objects/Page_diagnostics/span_Coding of the meter' is present (Root cause: com.kms.katalon.core.exception.StepFailedException: Unable to verify object 'Object Repository/Staging Objects/Page_diagnostics/span_Coding of the meter' is present
	at com.kms.katalon.core.webui.keyword.internal.WebUIKeywordMain.stepFailed(WebUIKeywordMain.groovy:64)
	at com.kms.katalon.core.webui.keyword.internal.WebUIKeywordMain.runKeyword(WebUIKeywordMain.groovy:26)
	at com.kms.katalon.core.webui.keyword.builtin.VerifyElementPresentKeyword.verifyElementPresent(VerifyElementPresentKeyword.groovy:92)
	at com.kms.katalon.core.webui.keyword.builtin.VerifyElementPresentKeyword.execute(VerifyElementPresentKeyword.groovy:68)
	at com.kms.katalon.core.keyword.internal.KeywordExecutor.executeKeywordForPlatform(KeywordExecutor.groovy:73)
	at com.kms.katalon.core.webui.keyword.WebUiBuiltInKeywords.verifyElementPresent(WebUiBuiltInKeywords.groovy:1461)
	at com.kms.katalon.core.webui.keyword.WebUiBuiltInKeywords$verifyElementPresent$9.call(Unknown Source)
	at TC_DETAILS_UI_023.run(TC_DETAILS_UI_023:22)
	at com.kms.katalon.core.main.ScriptEngine.run(ScriptEngine.java:194)
	at com.kms.katalon.core.main.ScriptEngine.runScriptAsRawText(ScriptEngine.java:119)
	at com.kms.katalon.core.main.TestCaseExecutor.runScript(TestCaseExecutor.java:339)
	at com.kms.katalon.core.main.TestCaseExecutor.doExecute(TestCaseExecutor.java:330)
	at com.kms.katalon.core.main.TestCaseExecutor.processExecutionPhase(TestCaseExecutor.java:309)
	at com.kms.katalon.core.main.TestCaseExecutor.accessMainPhase(TestCaseExecutor.java:301)
	at com.kms.katalon.core.main.TestCaseExecutor.execute(TestCaseExecutor.java:235)
	at com.kms.katalon.core.main.TestSuiteExecutor.accessTestCaseMainPhase(TestSuiteExecutor.java:191)
	at com.kms.katalon.core.main.TestSuiteExecutor.accessTestSuiteMainPhase(TestSuiteExecutor.java:141)
	at com.kms.katalon.core.main.TestSuiteExecutor.execute(TestSuiteExecutor.java:90)
	at com.kms.katalon.core.main.TestCaseMain.startTestSuite(TestCaseMain.java:157)
	at com.kms.katalon.core.main.TestCaseMain$startTestSuite$0.call(Unknown Source)
	at TempTestSuite1649242622951.run(TempTestSuite1649242622951.groovy:39)
Caused by: com.kms.katalon.core.exception.StepFailedException: com.kms.katalon.core.webui.exception.WebElementNotFoundException: Web element with id: 'Object Repository/Staging Objects/Page_diagnostics/span_Coding of the meter' located by '//*[(text() = 'Coding of the meter:' or . = 'Coding of the meter:')]' not found
	at com.kms.katalon.core.webui.keyword.internal.WebUIKeywordMain.stepFailed(WebUIKeywordMain.groovy:64)
	at com.kms.katalon.core.webui.keyword.builtin.VerifyElementPresentKeyword$_verifyElementPresent_closure1.doCall(VerifyElementPresentKeyword.groovy:85)
	at com.kms.katalon.core.webui.keyword.builtin.VerifyElementPresentKeyword$_verifyElementPresent_closure1.call(VerifyElementPresentKeyword.groovy)
	at com.kms.katalon.core.webui.keyword.internal.WebUIKeywordMain.runKeyword(WebUIKeywordMain.groovy:20)
	... 19 more
)
[[ATTACHMENT|K:\\Work\\GitHub\\find-item-detail-test_v2\\Reports\\20220406_185701\\Item detail test\\20220406_185702\\1649243115526.png]]]]></system-out>
         <system-err><![CDATA[2022-04-06 19:04:00 - [TEST_CASE][FAILED] - Test Cases/Custom Item Details/TEST CASE/TC_DETAILS_UI_023: Test Cases/Custom Item Details/TEST CASE/TC_DETAILS_UI_023 FAILED.
Reason:
com.kms.katalon.core.exception.StepFailedException: Unable to verify object 'Object Repository/Staging Objects/Page_diagnostics/span_Coding of the meter' is present
	at com.kms.katalon.core.webui.keyword.internal.WebUIKeywordMain.stepFailed(WebUIKeywordMain.groovy:64)
	at com.kms.katalon.core.webui.keyword.internal.WebUIKeywordMain.runKeyword(WebUIKeywordMain.groovy:26)
	at com.kms.katalon.core.webui.keyword.builtin.VerifyElementPresentKeyword.verifyElementPresent(VerifyElementPresentKeyword.groovy:92)
	at com.kms.katalon.core.webui.keyword.builtin.VerifyElementPresentKeyword.execute(VerifyElementPresentKeyword.groovy:68)
	at com.kms.katalon.core.keyword.internal.KeywordExecutor.executeKeywordForPlatform(KeywordExecutor.groovy:73)
	at com.kms.katalon.core.webui.keyword.WebUiBuiltInKeywords.verifyElementPresent(WebUiBuiltInKeywords.groovy:1461)
	at com.kms.katalon.core.webui.keyword.WebUiBuiltInKeywords$verifyElementPresent$9.call(Unknown Source)
	at TC_DETAILS_UI_023.run(TC_DETAILS_UI_023:22)
	at com.kms.katalon.core.main.ScriptEngine.run(ScriptEngine.java:194)
	at com.kms.katalon.core.main.ScriptEngine.runScriptAsRawText(ScriptEngine.java:119)
	at com.kms.katalon.core.main.TestCaseExecutor.runScript(TestCaseExecutor.java:339)
	at com.kms.katalon.core.main.TestCaseExecutor.doExecute(TestCaseExecutor.java:330)
	at com.kms.katalon.core.main.TestCaseExecutor.processExecutionPhase(TestCaseExecutor.java:309)
	at com.kms.katalon.core.main.TestCaseExecutor.accessMainPhase(TestCaseExecutor.java:301)
	at com.kms.katalon.core.main.TestCaseExecutor.execute(TestCaseExecutor.java:235)
	at com.kms.katalon.core.main.TestSuiteExecutor.accessTestCaseMainPhase(TestSuiteExecutor.java:191)
	at com.kms.katalon.core.main.TestSuiteExecutor.accessTestSuiteMainPhase(TestSuiteExecutor.java:141)
	at com.kms.katalon.core.main.TestSuiteExecutor.execute(TestSuiteExecutor.java:90)
	at com.kms.katalon.core.main.TestCaseMain.startTestSuite(TestCaseMain.java:157)
	at com.kms.katalon.core.main.TestCaseMain$startTestSuite$0.call(Unknown Source)
	at TempTestSuite1649242622951.run(TempTestSuite1649242622951.groovy:39)
Caused by: com.kms.katalon.core.exception.StepFailedException: com.kms.katalon.core.webui.exception.WebElementNotFoundException: Web element with id: 'Object Repository/Staging Objects/Page_diagnostics/span_Coding of the meter' located by '//*[(text() = 'Coding of the meter:' or . = 'Coding of the meter:')]' not found
	at com.kms.katalon.core.webui.keyword.internal.WebUIKeywordMain.stepFailed(WebUIKeywordMain.groovy:64)
	at com.kms.katalon.core.webui.keyword.builtin.VerifyElementPresentKeyword$_verifyElementPresent_closure1.doCall(VerifyElementPresentKeyword.groovy:85)
	at com.kms.katalon.core.webui.keyword.builtin.VerifyElementPresentKeyword$_verifyElementPresent_closure1.call(VerifyElementPresentKeyword.groovy)
	at com.kms.katalon.core.webui.keyword.internal.WebUIKeywordMain.runKeyword(WebUIKeywordMain.groovy:20)
	... 19 more]]></system-err>
      </testcase>
      <testcase name="Test Cases/Custom Item Details/TEST CASE/TC_DETAILS_UI_024" time="16.357" classname="Test Cases/Custom Item Details/TEST CASE/TC_DETAILS_UI_024" status="PASSED">
         <system-out><![CDATA[2022-04-06 19:05:15 - [TEST_CASE][PASSED] - Test Cases/Custom Item Details/TEST CASE/TC_DETAILS_UI_024: Test Cases/Custom Item Details/TEST CASE/TC_DETAILS_UI_024

2022-04-06 19:05:15 - [TEST_STEP][PASSED] - callTestCase(findTestCase("Custom Item Details/UTILITIES/OPEN_BROWSER"), [:], STOP_ON_FAILURE): Call Test Case 'Test Cases/Custom Item Details/UTILITIES/OPEN_BROWSER' successfully

2022-04-06 19:05:15 - [TEST_CASE][PASSED] - Test Cases/Custom Item Details/UTILITIES/OPEN_BROWSER: Test Cases/Custom Item Details/UTILITIES/OPEN_BROWSER

2022-04-06 19:05:15 - [TEST_STEP][PASSED] - openBrowser("https://diagnostics.staging.arcadier.io/"): Browser is opened with url: 'https://diagnostics.staging.arcadier.io/'

2022-04-06 19:05:15 - [MESSAGE][WARNING] - A browser is already opened. Closing browser and opening a new one

2022-04-06 19:05:16 - [MESSAGE][INFO] - Starting 'Chrome' driver

2022-04-06 19:05:16 - [MESSAGE][INFO] - Action delay is set to 0 milliseconds

2022-04-06 19:05:20 - [MESSAGE][PASSED] - Browser is opened with url: 'https://diagnostics.staging.arcadier.io/'

2022-04-06 19:05:20 - [TEST_STEP][PASSED] - maximizeWindow(): Current window maximized

2022-04-06 19:05:20 - [MESSAGE][PASSED] - Current window maximized

2022-04-06 19:05:20 - [TEST_STEP][PASSED] - click(findTestObject("Item Details Objects/Page_diagnostics/a_Accept Cookies")): Object: 'Object Repository/Item Details Objects/Page_diagnostics/a_Accept Cookies' is clicked on

2022-04-06 19:05:22 - [MESSAGE][PASSED] - Object: 'Object Repository/Item Details Objects/Page_diagnostics/a_Accept Cookies' is clicked on

2022-04-06 19:05:22 - [TEST_STEP][PASSED] - click(findTestObject("New_Homepage/Page_diagnostics/a_COVID-19 DIAGNOSTICS"), STOP_ON_FAILURE): Object: 'Object Repository/New_Homepage/Page_diagnostics/a_COVID-19 DIAGNOSTICS' is clicked on

2022-04-06 19:05:24 - [MESSAGE][PASSED] - Object: 'Object Repository/New_Homepage/Page_diagnostics/a_COVID-19 DIAGNOSTICS' is clicked on

2022-04-06 19:05:24 - [TEST_STEP][PASSED] - mouseOver(findTestObject("New_Homepage/Page_diagnostics/a_Abbott Rapid Diagnostics PANBIO COVID-19 Ag Rapid Test Device (Nasopharyngeal)")): Object: 'Object Repository/New_Homepage/Page_diagnostics/a_Abbott Rapid Diagnostics PANBIO COVID-19 Ag Rapid Test Device (Nasopharyngeal)' is hovered

2022-04-06 19:05:26 - [MESSAGE][PASSED] - Object: 'Object Repository/New_Homepage/Page_diagnostics/a_Abbott Rapid Diagnostics PANBIO COVID-19 Ag Rapid Test Device (Nasopharyngeal)' is hovered

2022-04-06 19:05:26 - [TEST_STEP][PASSED] - click(findTestObject("New_Homepage/Page_diagnostics/a_Abbott Rapid Diagnostics PANBIO COVID-19 Ag Rapid Test Device (Nasopharyngeal)")): Object: 'Object Repository/New_Homepage/Page_diagnostics/a_Abbott Rapid Diagnostics PANBIO COVID-19 Ag Rapid Test Device (Nasopharyngeal)' is clicked on

2022-04-06 19:05:29 - [MESSAGE][PASSED] - Object: 'Object Repository/New_Homepage/Page_diagnostics/a_Abbott Rapid Diagnostics PANBIO COVID-19 Ag Rapid Test Device (Nasopharyngeal)' is clicked on

2022-04-06 19:05:29 - [MESSAGE][PASSED] - Call Test Case 'Test Cases/Custom Item Details/UTILITIES/OPEN_BROWSER' successfully

2022-04-06 19:05:29 - [TEST_STEP][PASSED] - waitForElementVisible(findTestObject("Staging Objects/Page_diagnostics/span_Cold chain requirements"), 0): Object 'Object Repository/Staging Objects/Page_diagnostics/span_Cold chain requirements' is visible

2022-04-06 19:05:29 - [MESSAGE][WARNING] - Timeout '0' is invalid. Using default page load timeout: '30'

2022-04-06 19:05:30 - [MESSAGE][PASSED] - Object 'Object Repository/Staging Objects/Page_diagnostics/span_Cold chain requirements' is visible

2022-04-06 19:05:30 - [TEST_STEP][PASSED] - verifyElementPresent(findTestObject("Staging Objects/Page_diagnostics/span_Cold chain requirements"), 0): Object 'Object Repository/Staging Objects/Page_diagnostics/span_Cold chain requirements' is present

2022-04-06 19:05:31 - [MESSAGE][WARNING] - Timeout '0' is invalid. Using default page load timeout: '30'

2022-04-06 19:05:31 - [MESSAGE][PASSED] - Object 'Object Repository/Staging Objects/Page_diagnostics/span_Cold chain requirements' is present

2022-04-06 19:05:31 - [TEST_STEP][PASSED] - callTestCase(findTestCase("Custom Item Details/UTILITIES/CLOSE_BROWSER"), [:], STOP_ON_FAILURE): Call Test Case 'Test Cases/Custom Item Details/UTILITIES/CLOSE_BROWSER' successfully

2022-04-06 19:05:31 - [TEST_CASE][PASSED] - Test Cases/Custom Item Details/UTILITIES/CLOSE_BROWSER: Test Cases/Custom Item Details/UTILITIES/CLOSE_BROWSER

2022-04-06 19:05:31 - [TEST_STEP][PASSED] - closeBrowser(): Browser is closed

2022-04-06 19:05:32 - [MESSAGE][PASSED] - Browser is closed

2022-04-06 19:05:32 - [MESSAGE][PASSED] - Call Test Case 'Test Cases/Custom Item Details/UTILITIES/CLOSE_BROWSER' successfully]]></system-out>
         <system-err><![CDATA[]]></system-err>
      </testcase>
      <testcase name="Test Cases/Custom Item Details/TEST CASE/TC_DETAILS_UI_025" time="72.888" classname="Test Cases/Custom Item Details/TEST CASE/TC_DETAILS_UI_025" status="FAILED">
         <failure type="FAILED" message="Test Cases/Custom Item Details/TEST CASE/TC_DETAILS_UI_025 FAILED.
Reason:
com.kms.katalon.core.exception.StepFailedException: Unable to verify object 'Object Repository/Staging Objects/Page_diagnostics/span_Compatible test strips' is present
	at com.kms.katalon.core.webui.keyword.internal.WebUIKeywordMain.stepFailed(WebUIKeywordMain.groovy:64)
	at com.kms.katalon.core.webui.keyword.internal.WebUIKeywordMain.runKeyword(WebUIKeywordMain.groovy:26)
	at com.kms.katalon.core.webui.keyword.builtin.VerifyElementPresentKeyword.verifyElementPresent(VerifyElementPresentKeyword.groovy:92)
	at com.kms.katalon.core.webui.keyword.builtin.VerifyElementPresentKeyword.execute(VerifyElementPresentKeyword.groovy:68)
	at com.kms.katalon.core.keyword.internal.KeywordExecutor.executeKeywordForPlatform(KeywordExecutor.groovy:73)
	at com.kms.katalon.core.webui.keyword.WebUiBuiltInKeywords.verifyElementPresent(WebUiBuiltInKeywords.groovy:1461)
	at com.kms.katalon.core.webui.keyword.WebUiBuiltInKeywords$verifyElementPresent$9.call(Unknown Source)
	at TC_DETAILS_UI_025.run(TC_DETAILS_UI_025:22)
	at com.kms.katalon.core.main.ScriptEngine.run(ScriptEngine.java:194)
	at com.kms.katalon.core.main.ScriptEngine.runScriptAsRawText(ScriptEngine.java:119)
	at com.kms.katalon.core.main.TestCaseExecutor.runScript(TestCaseExecutor.java:339)
	at com.kms.katalon.core.main.TestCaseExecutor.doExecute(TestCaseExecutor.java:330)
	at com.kms.katalon.core.main.TestCaseExecutor.processExecutionPhase(TestCaseExecutor.java:309)
	at com.kms.katalon.core.main.TestCaseExecutor.accessMainPhase(TestCaseExecutor.java:301)
	at com.kms.katalon.core.main.TestCaseExecutor.execute(TestCaseExecutor.java:235)
	at com.kms.katalon.core.main.TestSuiteExecutor.accessTestCaseMainPhase(TestSuiteExecutor.java:191)
	at com.kms.katalon.core.main.TestSuiteExecutor.accessTestSuiteMainPhase(TestSuiteExecutor.java:141)
	at com.kms.katalon.core.main.TestSuiteExecutor.execute(TestSuiteExecutor.java:90)
	at com.kms.katalon.core.main.TestCaseMain.startTestSuite(TestCaseMain.java:157)
	at com.kms.katalon.core.main.TestCaseMain$startTestSuite$0.call(Unknown Source)
	at TempTestSuite1649242622951.run(TempTestSuite1649242622951.groovy:39)
Caused by: com.kms.katalon.core.exception.StepFailedException: com.kms.katalon.core.webui.exception.WebElementNotFoundException: Web element with id: 'Object Repository/Staging Objects/Page_diagnostics/span_Compatible test strips' located by '//*[(text() = 'Compatible test strips:' or . = 'Compatible test strips:')]' not found
	at com.kms.katalon.core.webui.keyword.internal.WebUIKeywordMain.stepFailed(WebUIKeywordMain.groovy:64)
	at com.kms.katalon.core.webui.keyword.builtin.VerifyElementPresentKeyword$_verifyElementPresent_closure1.doCall(VerifyElementPresentKeyword.groovy:85)
	at com.kms.katalon.core.webui.keyword.builtin.VerifyElementPresentKeyword$_verifyElementPresent_closure1.call(VerifyElementPresentKeyword.groovy)
	at com.kms.katalon.core.webui.keyword.internal.WebUIKeywordMain.runKeyword(WebUIKeywordMain.groovy:20)
	... 19 more
"/>
         <system-out><![CDATA[2022-04-06 19:05:32 - [TEST_CASE][FAILED] - Test Cases/Custom Item Details/TEST CASE/TC_DETAILS_UI_025: Test Cases/Custom Item Details/TEST CASE/TC_DETAILS_UI_025 FAILED.
Reason:
com.kms.katalon.core.exception.StepFailedException: Unable to verify object 'Object Repository/Staging Objects/Page_diagnostics/span_Compatible test strips' is present
	at com.kms.katalon.core.webui.keyword.internal.WebUIKeywordMain.stepFailed(WebUIKeywordMain.groovy:64)
	at com.kms.katalon.core.webui.keyword.internal.WebUIKeywordMain.runKeyword(WebUIKeywordMain.groovy:26)
	at com.kms.katalon.core.webui.keyword.builtin.VerifyElementPresentKeyword.verifyElementPresent(VerifyElementPresentKeyword.groovy:92)
	at com.kms.katalon.core.webui.keyword.builtin.VerifyElementPresentKeyword.execute(VerifyElementPresentKeyword.groovy:68)
	at com.kms.katalon.core.keyword.internal.KeywordExecutor.executeKeywordForPlatform(KeywordExecutor.groovy:73)
	at com.kms.katalon.core.webui.keyword.WebUiBuiltInKeywords.verifyElementPresent(WebUiBuiltInKeywords.groovy:1461)
	at com.kms.katalon.core.webui.keyword.WebUiBuiltInKeywords$verifyElementPresent$9.call(Unknown Source)
	at TC_DETAILS_UI_025.run(TC_DETAILS_UI_025:22)
	at com.kms.katalon.core.main.ScriptEngine.run(ScriptEngine.java:194)
	at com.kms.katalon.core.main.ScriptEngine.runScriptAsRawText(ScriptEngine.java:119)
	at com.kms.katalon.core.main.TestCaseExecutor.runScript(TestCaseExecutor.java:339)
	at com.kms.katalon.core.main.TestCaseExecutor.doExecute(TestCaseExecutor.java:330)
	at com.kms.katalon.core.main.TestCaseExecutor.processExecutionPhase(TestCaseExecutor.java:309)
	at com.kms.katalon.core.main.TestCaseExecutor.accessMainPhase(TestCaseExecutor.java:301)
	at com.kms.katalon.core.main.TestCaseExecutor.execute(TestCaseExecutor.java:235)
	at com.kms.katalon.core.main.TestSuiteExecutor.accessTestCaseMainPhase(TestSuiteExecutor.java:191)
	at com.kms.katalon.core.main.TestSuiteExecutor.accessTestSuiteMainPhase(TestSuiteExecutor.java:141)
	at com.kms.katalon.core.main.TestSuiteExecutor.execute(TestSuiteExecutor.java:90)
	at com.kms.katalon.core.main.TestCaseMain.startTestSuite(TestCaseMain.java:157)
	at com.kms.katalon.core.main.TestCaseMain$startTestSuite$0.call(Unknown Source)
	at TempTestSuite1649242622951.run(TempTestSuite1649242622951.groovy:39)
Caused by: com.kms.katalon.core.exception.StepFailedException: com.kms.katalon.core.webui.exception.WebElementNotFoundException: Web element with id: 'Object Repository/Staging Objects/Page_diagnostics/span_Compatible test strips' located by '//*[(text() = 'Compatible test strips:' or . = 'Compatible test strips:')]' not found
	at com.kms.katalon.core.webui.keyword.internal.WebUIKeywordMain.stepFailed(WebUIKeywordMain.groovy:64)
	at com.kms.katalon.core.webui.keyword.builtin.VerifyElementPresentKeyword$_verifyElementPresent_closure1.doCall(VerifyElementPresentKeyword.groovy:85)
	at com.kms.katalon.core.webui.keyword.builtin.VerifyElementPresentKeyword$_verifyElementPresent_closure1.call(VerifyElementPresentKeyword.groovy)
	at com.kms.katalon.core.webui.keyword.internal.WebUIKeywordMain.runKeyword(WebUIKeywordMain.groovy:20)
	... 19 more


2022-04-06 19:05:32 - [TEST_STEP][PASSED] - callTestCase(findTestCase("Custom Item Details/UTILITIES/OPEN_BROWSER"), [:], STOP_ON_FAILURE): Call Test Case 'Test Cases/Custom Item Details/UTILITIES/OPEN_BROWSER' successfully

2022-04-06 19:05:32 - [TEST_CASE][PASSED] - Test Cases/Custom Item Details/UTILITIES/OPEN_BROWSER: Test Cases/Custom Item Details/UTILITIES/OPEN_BROWSER

2022-04-06 19:05:32 - [TEST_STEP][PASSED] - openBrowser("https://diagnostics.staging.arcadier.io/"): Browser is opened with url: 'https://diagnostics.staging.arcadier.io/'

2022-04-06 19:05:32 - [MESSAGE][INFO] - Starting 'Chrome' driver

2022-04-06 19:05:32 - [MESSAGE][INFO] - Action delay is set to 0 milliseconds

2022-04-06 19:05:35 - [MESSAGE][PASSED] - Browser is opened with url: 'https://diagnostics.staging.arcadier.io/'

2022-04-06 19:05:35 - [TEST_STEP][PASSED] - maximizeWindow(): Current window maximized

2022-04-06 19:05:35 - [MESSAGE][PASSED] - Current window maximized

2022-04-06 19:05:35 - [TEST_STEP][PASSED] - click(findTestObject("Item Details Objects/Page_diagnostics/a_Accept Cookies")): Object: 'Object Repository/Item Details Objects/Page_diagnostics/a_Accept Cookies' is clicked on

2022-04-06 19:05:37 - [MESSAGE][PASSED] - Object: 'Object Repository/Item Details Objects/Page_diagnostics/a_Accept Cookies' is clicked on

2022-04-06 19:05:37 - [TEST_STEP][PASSED] - click(findTestObject("New_Homepage/Page_diagnostics/a_COVID-19 DIAGNOSTICS"), STOP_ON_FAILURE): Object: 'Object Repository/New_Homepage/Page_diagnostics/a_COVID-19 DIAGNOSTICS' is clicked on

2022-04-06 19:05:38 - [MESSAGE][PASSED] - Object: 'Object Repository/New_Homepage/Page_diagnostics/a_COVID-19 DIAGNOSTICS' is clicked on

2022-04-06 19:05:38 - [TEST_STEP][PASSED] - mouseOver(findTestObject("New_Homepage/Page_diagnostics/a_Abbott Rapid Diagnostics PANBIO COVID-19 Ag Rapid Test Device (Nasopharyngeal)")): Object: 'Object Repository/New_Homepage/Page_diagnostics/a_Abbott Rapid Diagnostics PANBIO COVID-19 Ag Rapid Test Device (Nasopharyngeal)' is hovered

2022-04-06 19:05:39 - [MESSAGE][PASSED] - Object: 'Object Repository/New_Homepage/Page_diagnostics/a_Abbott Rapid Diagnostics PANBIO COVID-19 Ag Rapid Test Device (Nasopharyngeal)' is hovered

2022-04-06 19:05:39 - [TEST_STEP][PASSED] - click(findTestObject("New_Homepage/Page_diagnostics/a_Abbott Rapid Diagnostics PANBIO COVID-19 Ag Rapid Test Device (Nasopharyngeal)")): Object: 'Object Repository/New_Homepage/Page_diagnostics/a_Abbott Rapid Diagnostics PANBIO COVID-19 Ag Rapid Test Device (Nasopharyngeal)' is clicked on

2022-04-06 19:05:42 - [MESSAGE][PASSED] - Object: 'Object Repository/New_Homepage/Page_diagnostics/a_Abbott Rapid Diagnostics PANBIO COVID-19 Ag Rapid Test Device (Nasopharyngeal)' is clicked on

2022-04-06 19:05:42 - [MESSAGE][PASSED] - Call Test Case 'Test Cases/Custom Item Details/UTILITIES/OPEN_BROWSER' successfully

2022-04-06 19:05:42 - [TEST_STEP][PASSED] - waitForElementVisible(findTestObject("Staging Objects/Page_diagnostics/span_Compatible test strips"), 0): Web element with id: 'Object Repository/Staging Objects/Page_diagnostics/span_Compatible test strips' located by '//*[(text() = 'Compatible test strips:' or . = 'Compatible test strips:')]' not found

2022-04-06 19:05:42 - [MESSAGE][WARNING] - Timeout '0' is invalid. Using default page load timeout: '30'

2022-04-06 19:06:13 - [MESSAGE][INFO] - Unable to find the element located by 'By.xpath: //*[(text() = 'Compatible test strips:' or . = 'Compatible test strips:')]'. Please recheck the objects properties to make sure the desired element is located. 

2022-04-06 19:06:13 - [MESSAGE][WARNING] - Web element with id: 'Object Repository/Staging Objects/Page_diagnostics/span_Compatible test strips' located by '//*[(text() = 'Compatible test strips:' or . = 'Compatible test strips:')]' not found

2022-04-06 19:06:13 - [TEST_STEP][FAILED] - verifyElementPresent(findTestObject("Staging Objects/Page_diagnostics/span_Compatible test strips"), 0): Unable to verify object 'Object Repository/Staging Objects/Page_diagnostics/span_Compatible test strips' is present (Root cause: com.kms.katalon.core.exception.StepFailedException: Unable to verify object 'Object Repository/Staging Objects/Page_diagnostics/span_Compatible test strips' is present
	at com.kms.katalon.core.webui.keyword.internal.WebUIKeywordMain.stepFailed(WebUIKeywordMain.groovy:64)
	at com.kms.katalon.core.webui.keyword.internal.WebUIKeywordMain.runKeyword(WebUIKeywordMain.groovy:26)
	at com.kms.katalon.core.webui.keyword.builtin.VerifyElementPresentKeyword.verifyElementPresent(VerifyElementPresentKeyword.groovy:92)
	at com.kms.katalon.core.webui.keyword.builtin.VerifyElementPresentKeyword.execute(VerifyElementPresentKeyword.groovy:68)
	at com.kms.katalon.core.keyword.internal.KeywordExecutor.executeKeywordForPlatform(KeywordExecutor.groovy:73)
	at com.kms.katalon.core.webui.keyword.WebUiBuiltInKeywords.verifyElementPresent(WebUiBuiltInKeywords.groovy:1461)
	at com.kms.katalon.core.webui.keyword.WebUiBuiltInKeywords$verifyElementPresent$9.call(Unknown Source)
	at TC_DETAILS_UI_025.run(TC_DETAILS_UI_025:22)
	at com.kms.katalon.core.main.ScriptEngine.run(ScriptEngine.java:194)
	at com.kms.katalon.core.main.ScriptEngine.runScriptAsRawText(ScriptEngine.java:119)
	at com.kms.katalon.core.main.TestCaseExecutor.runScript(TestCaseExecutor.java:339)
	at com.kms.katalon.core.main.TestCaseExecutor.doExecute(TestCaseExecutor.java:330)
	at com.kms.katalon.core.main.TestCaseExecutor.processExecutionPhase(TestCaseExecutor.java:309)
	at com.kms.katalon.core.main.TestCaseExecutor.accessMainPhase(TestCaseExecutor.java:301)
	at com.kms.katalon.core.main.TestCaseExecutor.execute(TestCaseExecutor.java:235)
	at com.kms.katalon.core.main.TestSuiteExecutor.accessTestCaseMainPhase(TestSuiteExecutor.java:191)
	at com.kms.katalon.core.main.TestSuiteExecutor.accessTestSuiteMainPhase(TestSuiteExecutor.java:141)
	at com.kms.katalon.core.main.TestSuiteExecutor.execute(TestSuiteExecutor.java:90)
	at com.kms.katalon.core.main.TestCaseMain.startTestSuite(TestCaseMain.java:157)
	at com.kms.katalon.core.main.TestCaseMain$startTestSuite$0.call(Unknown Source)
	at TempTestSuite1649242622951.run(TempTestSuite1649242622951.groovy:39)
Caused by: com.kms.katalon.core.exception.StepFailedException: com.kms.katalon.core.webui.exception.WebElementNotFoundException: Web element with id: 'Object Repository/Staging Objects/Page_diagnostics/span_Compatible test strips' located by '//*[(text() = 'Compatible test strips:' or . = 'Compatible test strips:')]' not found
	at com.kms.katalon.core.webui.keyword.internal.WebUIKeywordMain.stepFailed(WebUIKeywordMain.groovy:64)
	at com.kms.katalon.core.webui.keyword.builtin.VerifyElementPresentKeyword$_verifyElementPresent_closure1.doCall(VerifyElementPresentKeyword.groovy:85)
	at com.kms.katalon.core.webui.keyword.builtin.VerifyElementPresentKeyword$_verifyElementPresent_closure1.call(VerifyElementPresentKeyword.groovy)
	at com.kms.katalon.core.webui.keyword.internal.WebUIKeywordMain.runKeyword(WebUIKeywordMain.groovy:20)
	... 19 more
)

2022-04-06 19:06:13 - [MESSAGE][WARNING] - Timeout '0' is invalid. Using default page load timeout: '30'

2022-04-06 19:06:44 - [MESSAGE][INFO] - Unable to find the element located by 'By.xpath: //*[(text() = 'Compatible test strips:' or . = 'Compatible test strips:')]'. Please recheck the objects properties to make sure the desired element is located. 

2022-04-06 19:06:44 - [MESSAGE][FAILED] - com.kms.katalon.core.webui.exception.WebElementNotFoundException: Web element with id: 'Object Repository/Staging Objects/Page_diagnostics/span_Compatible test strips' located by '//*[(text() = 'Compatible test strips:' or . = 'Compatible test strips:')]' not found (Root cause: com.kms.katalon.core.exception.StepFailedException: com.kms.katalon.core.webui.exception.WebElementNotFoundException: Web element with id: 'Object Repository/Staging Objects/Page_diagnostics/span_Compatible test strips' located by '//*[(text() = 'Compatible test strips:' or . = 'Compatible test strips:')]' not found
	at com.kms.katalon.core.webui.keyword.internal.WebUIKeywordMain.stepFailed(WebUIKeywordMain.groovy:64)
	at com.kms.katalon.core.webui.keyword.builtin.VerifyElementPresentKeyword$_verifyElementPresent_closure1.doCall(VerifyElementPresentKeyword.groovy:85)
	at com.kms.katalon.core.webui.keyword.builtin.VerifyElementPresentKeyword$_verifyElementPresent_closure1.call(VerifyElementPresentKeyword.groovy)
	at com.kms.katalon.core.webui.keyword.internal.WebUIKeywordMain.runKeyword(WebUIKeywordMain.groovy:20)
	at com.kms.katalon.core.webui.keyword.builtin.VerifyElementPresentKeyword.verifyElementPresent(VerifyElementPresentKeyword.groovy:92)
	at com.kms.katalon.core.webui.keyword.builtin.VerifyElementPresentKeyword.execute(VerifyElementPresentKeyword.groovy:68)
	at com.kms.katalon.core.keyword.internal.KeywordExecutor.executeKeywordForPlatform(KeywordExecutor.groovy:73)
	at com.kms.katalon.core.webui.keyword.WebUiBuiltInKeywords.verifyElementPresent(WebUiBuiltInKeywords.groovy:1461)
	at com.kms.katalon.core.webui.keyword.WebUiBuiltInKeywords$verifyElementPresent$9.call(Unknown Source)
	at TC_DETAILS_UI_025.run(TC_DETAILS_UI_025:22)
	at com.kms.katalon.core.main.ScriptEngine.run(ScriptEngine.java:194)
	at com.kms.katalon.core.main.ScriptEngine.runScriptAsRawText(ScriptEngine.java:119)
	at com.kms.katalon.core.main.TestCaseExecutor.runScript(TestCaseExecutor.java:339)
	at com.kms.katalon.core.main.TestCaseExecutor.doExecute(TestCaseExecutor.java:330)
	at com.kms.katalon.core.main.TestCaseExecutor.processExecutionPhase(TestCaseExecutor.java:309)
	at com.kms.katalon.core.main.TestCaseExecutor.accessMainPhase(TestCaseExecutor.java:301)
	at com.kms.katalon.core.main.TestCaseExecutor.execute(TestCaseExecutor.java:235)
	at com.kms.katalon.core.main.TestSuiteExecutor.accessTestCaseMainPhase(TestSuiteExecutor.java:191)
	at com.kms.katalon.core.main.TestSuiteExecutor.accessTestSuiteMainPhase(TestSuiteExecutor.java:141)
	at com.kms.katalon.core.main.TestSuiteExecutor.execute(TestSuiteExecutor.java:90)
	at com.kms.katalon.core.main.TestCaseMain.startTestSuite(TestCaseMain.java:157)
	at com.kms.katalon.core.main.TestCaseMain$startTestSuite$0.call(Unknown Source)
	at TempTestSuite1649242622951.run(TempTestSuite1649242622951.groovy:39)
)
[[ATTACHMENT|K:\\Work\\GitHub\\find-item-detail-test_v2\\Reports\\20220406_185701\\Item detail test\\20220406_185702\\1649243204629.png]]

2022-04-06 19:06:44 - [MESSAGE][FAILED] - Unable to verify object 'Object Repository/Staging Objects/Page_diagnostics/span_Compatible test strips' is present (Root cause: com.kms.katalon.core.exception.StepFailedException: Unable to verify object 'Object Repository/Staging Objects/Page_diagnostics/span_Compatible test strips' is present
	at com.kms.katalon.core.webui.keyword.internal.WebUIKeywordMain.stepFailed(WebUIKeywordMain.groovy:64)
	at com.kms.katalon.core.webui.keyword.internal.WebUIKeywordMain.runKeyword(WebUIKeywordMain.groovy:26)
	at com.kms.katalon.core.webui.keyword.builtin.VerifyElementPresentKeyword.verifyElementPresent(VerifyElementPresentKeyword.groovy:92)
	at com.kms.katalon.core.webui.keyword.builtin.VerifyElementPresentKeyword.execute(VerifyElementPresentKeyword.groovy:68)
	at com.kms.katalon.core.keyword.internal.KeywordExecutor.executeKeywordForPlatform(KeywordExecutor.groovy:73)
	at com.kms.katalon.core.webui.keyword.WebUiBuiltInKeywords.verifyElementPresent(WebUiBuiltInKeywords.groovy:1461)
	at com.kms.katalon.core.webui.keyword.WebUiBuiltInKeywords$verifyElementPresent$9.call(Unknown Source)
	at TC_DETAILS_UI_025.run(TC_DETAILS_UI_025:22)
	at com.kms.katalon.core.main.ScriptEngine.run(ScriptEngine.java:194)
	at com.kms.katalon.core.main.ScriptEngine.runScriptAsRawText(ScriptEngine.java:119)
	at com.kms.katalon.core.main.TestCaseExecutor.runScript(TestCaseExecutor.java:339)
	at com.kms.katalon.core.main.TestCaseExecutor.doExecute(TestCaseExecutor.java:330)
	at com.kms.katalon.core.main.TestCaseExecutor.processExecutionPhase(TestCaseExecutor.java:309)
	at com.kms.katalon.core.main.TestCaseExecutor.accessMainPhase(TestCaseExecutor.java:301)
	at com.kms.katalon.core.main.TestCaseExecutor.execute(TestCaseExecutor.java:235)
	at com.kms.katalon.core.main.TestSuiteExecutor.accessTestCaseMainPhase(TestSuiteExecutor.java:191)
	at com.kms.katalon.core.main.TestSuiteExecutor.accessTestSuiteMainPhase(TestSuiteExecutor.java:141)
	at com.kms.katalon.core.main.TestSuiteExecutor.execute(TestSuiteExecutor.java:90)
	at com.kms.katalon.core.main.TestCaseMain.startTestSuite(TestCaseMain.java:157)
	at com.kms.katalon.core.main.TestCaseMain$startTestSuite$0.call(Unknown Source)
	at TempTestSuite1649242622951.run(TempTestSuite1649242622951.groovy:39)
Caused by: com.kms.katalon.core.exception.StepFailedException: com.kms.katalon.core.webui.exception.WebElementNotFoundException: Web element with id: 'Object Repository/Staging Objects/Page_diagnostics/span_Compatible test strips' located by '//*[(text() = 'Compatible test strips:' or . = 'Compatible test strips:')]' not found
	at com.kms.katalon.core.webui.keyword.internal.WebUIKeywordMain.stepFailed(WebUIKeywordMain.groovy:64)
	at com.kms.katalon.core.webui.keyword.builtin.VerifyElementPresentKeyword$_verifyElementPresent_closure1.doCall(VerifyElementPresentKeyword.groovy:85)
	at com.kms.katalon.core.webui.keyword.builtin.VerifyElementPresentKeyword$_verifyElementPresent_closure1.call(VerifyElementPresentKeyword.groovy)
	at com.kms.katalon.core.webui.keyword.internal.WebUIKeywordMain.runKeyword(WebUIKeywordMain.groovy:20)
	... 19 more
)
[[ATTACHMENT|K:\\Work\\GitHub\\find-item-detail-test_v2\\Reports\\20220406_185701\\Item detail test\\20220406_185702\\1649243204792.png]]]]></system-out>
         <system-err><![CDATA[2022-04-06 19:05:32 - [TEST_CASE][FAILED] - Test Cases/Custom Item Details/TEST CASE/TC_DETAILS_UI_025: Test Cases/Custom Item Details/TEST CASE/TC_DETAILS_UI_025 FAILED.
Reason:
com.kms.katalon.core.exception.StepFailedException: Unable to verify object 'Object Repository/Staging Objects/Page_diagnostics/span_Compatible test strips' is present
	at com.kms.katalon.core.webui.keyword.internal.WebUIKeywordMain.stepFailed(WebUIKeywordMain.groovy:64)
	at com.kms.katalon.core.webui.keyword.internal.WebUIKeywordMain.runKeyword(WebUIKeywordMain.groovy:26)
	at com.kms.katalon.core.webui.keyword.builtin.VerifyElementPresentKeyword.verifyElementPresent(VerifyElementPresentKeyword.groovy:92)
	at com.kms.katalon.core.webui.keyword.builtin.VerifyElementPresentKeyword.execute(VerifyElementPresentKeyword.groovy:68)
	at com.kms.katalon.core.keyword.internal.KeywordExecutor.executeKeywordForPlatform(KeywordExecutor.groovy:73)
	at com.kms.katalon.core.webui.keyword.WebUiBuiltInKeywords.verifyElementPresent(WebUiBuiltInKeywords.groovy:1461)
	at com.kms.katalon.core.webui.keyword.WebUiBuiltInKeywords$verifyElementPresent$9.call(Unknown Source)
	at TC_DETAILS_UI_025.run(TC_DETAILS_UI_025:22)
	at com.kms.katalon.core.main.ScriptEngine.run(ScriptEngine.java:194)
	at com.kms.katalon.core.main.ScriptEngine.runScriptAsRawText(ScriptEngine.java:119)
	at com.kms.katalon.core.main.TestCaseExecutor.runScript(TestCaseExecutor.java:339)
	at com.kms.katalon.core.main.TestCaseExecutor.doExecute(TestCaseExecutor.java:330)
	at com.kms.katalon.core.main.TestCaseExecutor.processExecutionPhase(TestCaseExecutor.java:309)
	at com.kms.katalon.core.main.TestCaseExecutor.accessMainPhase(TestCaseExecutor.java:301)
	at com.kms.katalon.core.main.TestCaseExecutor.execute(TestCaseExecutor.java:235)
	at com.kms.katalon.core.main.TestSuiteExecutor.accessTestCaseMainPhase(TestSuiteExecutor.java:191)
	at com.kms.katalon.core.main.TestSuiteExecutor.accessTestSuiteMainPhase(TestSuiteExecutor.java:141)
	at com.kms.katalon.core.main.TestSuiteExecutor.execute(TestSuiteExecutor.java:90)
	at com.kms.katalon.core.main.TestCaseMain.startTestSuite(TestCaseMain.java:157)
	at com.kms.katalon.core.main.TestCaseMain$startTestSuite$0.call(Unknown Source)
	at TempTestSuite1649242622951.run(TempTestSuite1649242622951.groovy:39)
Caused by: com.kms.katalon.core.exception.StepFailedException: com.kms.katalon.core.webui.exception.WebElementNotFoundException: Web element with id: 'Object Repository/Staging Objects/Page_diagnostics/span_Compatible test strips' located by '//*[(text() = 'Compatible test strips:' or . = 'Compatible test strips:')]' not found
	at com.kms.katalon.core.webui.keyword.internal.WebUIKeywordMain.stepFailed(WebUIKeywordMain.groovy:64)
	at com.kms.katalon.core.webui.keyword.builtin.VerifyElementPresentKeyword$_verifyElementPresent_closure1.doCall(VerifyElementPresentKeyword.groovy:85)
	at com.kms.katalon.core.webui.keyword.builtin.VerifyElementPresentKeyword$_verifyElementPresent_closure1.call(VerifyElementPresentKeyword.groovy)
	at com.kms.katalon.core.webui.keyword.internal.WebUIKeywordMain.runKeyword(WebUIKeywordMain.groovy:20)
	... 19 more]]></system-err>
      </testcase>
      <testcase name="Test Cases/Custom Item Details/TEST CASE/TC_DETAILS_UI_026" time="16.135" classname="Test Cases/Custom Item Details/TEST CASE/TC_DETAILS_UI_026" status="PASSED">
         <system-out><![CDATA[2022-04-06 19:06:44 - [TEST_CASE][PASSED] - Test Cases/Custom Item Details/TEST CASE/TC_DETAILS_UI_026: Test Cases/Custom Item Details/TEST CASE/TC_DETAILS_UI_026

2022-04-06 19:06:45 - [TEST_STEP][PASSED] - callTestCase(findTestCase("Custom Item Details/UTILITIES/OPEN_BROWSER"), [:], STOP_ON_FAILURE): Call Test Case 'Test Cases/Custom Item Details/UTILITIES/OPEN_BROWSER' successfully

2022-04-06 19:06:45 - [TEST_CASE][PASSED] - Test Cases/Custom Item Details/UTILITIES/OPEN_BROWSER: Test Cases/Custom Item Details/UTILITIES/OPEN_BROWSER

2022-04-06 19:06:45 - [TEST_STEP][PASSED] - openBrowser("https://diagnostics.staging.arcadier.io/"): Browser is opened with url: 'https://diagnostics.staging.arcadier.io/'

2022-04-06 19:06:45 - [MESSAGE][WARNING] - A browser is already opened. Closing browser and opening a new one

2022-04-06 19:06:45 - [MESSAGE][INFO] - Starting 'Chrome' driver

2022-04-06 19:06:45 - [MESSAGE][INFO] - Action delay is set to 0 milliseconds

2022-04-06 19:06:49 - [MESSAGE][PASSED] - Browser is opened with url: 'https://diagnostics.staging.arcadier.io/'

2022-04-06 19:06:49 - [TEST_STEP][PASSED] - maximizeWindow(): Current window maximized

2022-04-06 19:06:49 - [MESSAGE][PASSED] - Current window maximized

2022-04-06 19:06:49 - [TEST_STEP][PASSED] - click(findTestObject("Item Details Objects/Page_diagnostics/a_Accept Cookies")): Object: 'Object Repository/Item Details Objects/Page_diagnostics/a_Accept Cookies' is clicked on

2022-04-06 19:06:51 - [MESSAGE][PASSED] - Object: 'Object Repository/Item Details Objects/Page_diagnostics/a_Accept Cookies' is clicked on

2022-04-06 19:06:51 - [TEST_STEP][PASSED] - click(findTestObject("New_Homepage/Page_diagnostics/a_COVID-19 DIAGNOSTICS"), STOP_ON_FAILURE): Object: 'Object Repository/New_Homepage/Page_diagnostics/a_COVID-19 DIAGNOSTICS' is clicked on

2022-04-06 19:06:53 - [MESSAGE][PASSED] - Object: 'Object Repository/New_Homepage/Page_diagnostics/a_COVID-19 DIAGNOSTICS' is clicked on

2022-04-06 19:06:53 - [TEST_STEP][PASSED] - mouseOver(findTestObject("New_Homepage/Page_diagnostics/a_Abbott Rapid Diagnostics PANBIO COVID-19 Ag Rapid Test Device (Nasopharyngeal)")): Object: 'Object Repository/New_Homepage/Page_diagnostics/a_Abbott Rapid Diagnostics PANBIO COVID-19 Ag Rapid Test Device (Nasopharyngeal)' is hovered

2022-04-06 19:06:55 - [MESSAGE][PASSED] - Object: 'Object Repository/New_Homepage/Page_diagnostics/a_Abbott Rapid Diagnostics PANBIO COVID-19 Ag Rapid Test Device (Nasopharyngeal)' is hovered

2022-04-06 19:06:55 - [TEST_STEP][PASSED] - click(findTestObject("New_Homepage/Page_diagnostics/a_Abbott Rapid Diagnostics PANBIO COVID-19 Ag Rapid Test Device (Nasopharyngeal)")): Object: 'Object Repository/New_Homepage/Page_diagnostics/a_Abbott Rapid Diagnostics PANBIO COVID-19 Ag Rapid Test Device (Nasopharyngeal)' is clicked on

2022-04-06 19:06:58 - [MESSAGE][PASSED] - Object: 'Object Repository/New_Homepage/Page_diagnostics/a_Abbott Rapid Diagnostics PANBIO COVID-19 Ag Rapid Test Device (Nasopharyngeal)' is clicked on

2022-04-06 19:06:58 - [MESSAGE][PASSED] - Call Test Case 'Test Cases/Custom Item Details/UTILITIES/OPEN_BROWSER' successfully

2022-04-06 19:06:58 - [TEST_STEP][PASSED] - waitForElementVisible(findTestObject("Staging Objects/Page_diagnostics/span_Country of manufacture"), 0): Object 'Object Repository/Staging Objects/Page_diagnostics/span_Country of manufacture' is visible

2022-04-06 19:06:58 - [MESSAGE][WARNING] - Timeout '0' is invalid. Using default page load timeout: '30'

2022-04-06 19:07:00 - [MESSAGE][PASSED] - Object 'Object Repository/Staging Objects/Page_diagnostics/span_Country of manufacture' is visible

2022-04-06 19:07:00 - [TEST_STEP][PASSED] - verifyElementPresent(findTestObject("Staging Objects/Page_diagnostics/span_Country of manufacture"), 0): Object 'Object Repository/Staging Objects/Page_diagnostics/span_Country of manufacture' is present

2022-04-06 19:07:00 - [MESSAGE][WARNING] - Timeout '0' is invalid. Using default page load timeout: '30'

2022-04-06 19:07:00 - [MESSAGE][PASSED] - Object 'Object Repository/Staging Objects/Page_diagnostics/span_Country of manufacture' is present

2022-04-06 19:07:00 - [TEST_STEP][PASSED] - callTestCase(findTestCase("Custom Item Details/UTILITIES/CLOSE_BROWSER"), [:], STOP_ON_FAILURE): Call Test Case 'Test Cases/Custom Item Details/UTILITIES/CLOSE_BROWSER' successfully

2022-04-06 19:07:00 - [TEST_CASE][PASSED] - Test Cases/Custom Item Details/UTILITIES/CLOSE_BROWSER: Test Cases/Custom Item Details/UTILITIES/CLOSE_BROWSER

2022-04-06 19:07:00 - [TEST_STEP][PASSED] - closeBrowser(): Browser is closed

2022-04-06 19:07:01 - [MESSAGE][PASSED] - Browser is closed

2022-04-06 19:07:01 - [MESSAGE][PASSED] - Call Test Case 'Test Cases/Custom Item Details/UTILITIES/CLOSE_BROWSER' successfully]]></system-out>
         <system-err><![CDATA[]]></system-err>
      </testcase>
      <testcase name="Test Cases/Custom Item Details/TEST CASE/TC_DETAILS_UI_027" time="13.767" classname="Test Cases/Custom Item Details/TEST CASE/TC_DETAILS_UI_027" status="PASSED">
         <system-out><![CDATA[2022-04-06 19:07:01 - [TEST_CASE][PASSED] - Test Cases/Custom Item Details/TEST CASE/TC_DETAILS_UI_027: Test Cases/Custom Item Details/TEST CASE/TC_DETAILS_UI_027

2022-04-06 19:07:01 - [TEST_STEP][PASSED] - callTestCase(findTestCase("Custom Item Details/UTILITIES/OPEN_BROWSER"), [:], STOP_ON_FAILURE): Call Test Case 'Test Cases/Custom Item Details/UTILITIES/OPEN_BROWSER' successfully

2022-04-06 19:07:01 - [TEST_CASE][PASSED] - Test Cases/Custom Item Details/UTILITIES/OPEN_BROWSER: Test Cases/Custom Item Details/UTILITIES/OPEN_BROWSER

2022-04-06 19:07:01 - [TEST_STEP][PASSED] - openBrowser("https://diagnostics.staging.arcadier.io/"): Browser is opened with url: 'https://diagnostics.staging.arcadier.io/'

2022-04-06 19:07:01 - [MESSAGE][INFO] - Starting 'Chrome' driver

2022-04-06 19:07:01 - [MESSAGE][INFO] - Action delay is set to 0 milliseconds

2022-04-06 19:07:04 - [MESSAGE][PASSED] - Browser is opened with url: 'https://diagnostics.staging.arcadier.io/'

2022-04-06 19:07:04 - [TEST_STEP][PASSED] - maximizeWindow(): Current window maximized

2022-04-06 19:07:04 - [MESSAGE][PASSED] - Current window maximized

2022-04-06 19:07:04 - [TEST_STEP][PASSED] - click(findTestObject("Item Details Objects/Page_diagnostics/a_Accept Cookies")): Object: 'Object Repository/Item Details Objects/Page_diagnostics/a_Accept Cookies' is clicked on

2022-04-06 19:07:05 - [MESSAGE][PASSED] - Object: 'Object Repository/Item Details Objects/Page_diagnostics/a_Accept Cookies' is clicked on

2022-04-06 19:07:05 - [TEST_STEP][PASSED] - click(findTestObject("New_Homepage/Page_diagnostics/a_COVID-19 DIAGNOSTICS"), STOP_ON_FAILURE): Object: 'Object Repository/New_Homepage/Page_diagnostics/a_COVID-19 DIAGNOSTICS' is clicked on

2022-04-06 19:07:08 - [MESSAGE][PASSED] - Object: 'Object Repository/New_Homepage/Page_diagnostics/a_COVID-19 DIAGNOSTICS' is clicked on

2022-04-06 19:07:08 - [TEST_STEP][PASSED] - mouseOver(findTestObject("New_Homepage/Page_diagnostics/a_Abbott Rapid Diagnostics PANBIO COVID-19 Ag Rapid Test Device (Nasopharyngeal)")): Object: 'Object Repository/New_Homepage/Page_diagnostics/a_Abbott Rapid Diagnostics PANBIO COVID-19 Ag Rapid Test Device (Nasopharyngeal)' is hovered

2022-04-06 19:07:10 - [MESSAGE][PASSED] - Object: 'Object Repository/New_Homepage/Page_diagnostics/a_Abbott Rapid Diagnostics PANBIO COVID-19 Ag Rapid Test Device (Nasopharyngeal)' is hovered

2022-04-06 19:07:10 - [TEST_STEP][PASSED] - click(findTestObject("New_Homepage/Page_diagnostics/a_Abbott Rapid Diagnostics PANBIO COVID-19 Ag Rapid Test Device (Nasopharyngeal)")): Object: 'Object Repository/New_Homepage/Page_diagnostics/a_Abbott Rapid Diagnostics PANBIO COVID-19 Ag Rapid Test Device (Nasopharyngeal)' is clicked on

2022-04-06 19:07:12 - [MESSAGE][PASSED] - Object: 'Object Repository/New_Homepage/Page_diagnostics/a_Abbott Rapid Diagnostics PANBIO COVID-19 Ag Rapid Test Device (Nasopharyngeal)' is clicked on

2022-04-06 19:07:12 - [MESSAGE][PASSED] - Call Test Case 'Test Cases/Custom Item Details/UTILITIES/OPEN_BROWSER' successfully

2022-04-06 19:07:12 - [TEST_STEP][PASSED] - waitForElementVisible(findTestObject("Staging Objects/Page_diagnostics/span_Description"), 0): Object 'Object Repository/Staging Objects/Page_diagnostics/span_Description' is visible

2022-04-06 19:07:12 - [MESSAGE][WARNING] - Timeout '0' is invalid. Using default page load timeout: '30'

2022-04-06 19:07:13 - [MESSAGE][PASSED] - Object 'Object Repository/Staging Objects/Page_diagnostics/span_Description' is visible

2022-04-06 19:07:13 - [TEST_STEP][PASSED] - verifyElementPresent(findTestObject("Staging Objects/Page_diagnostics/span_Description"), 0): Object 'Object Repository/Staging Objects/Page_diagnostics/span_Description' is present

2022-04-06 19:07:13 - [MESSAGE][WARNING] - Timeout '0' is invalid. Using default page load timeout: '30'

2022-04-06 19:07:14 - [MESSAGE][PASSED] - Object 'Object Repository/Staging Objects/Page_diagnostics/span_Description' is present

2022-04-06 19:07:14 - [TEST_STEP][PASSED] - callTestCase(findTestCase("Custom Item Details/UTILITIES/CLOSE_BROWSER"), [:], STOP_ON_FAILURE): Call Test Case 'Test Cases/Custom Item Details/UTILITIES/CLOSE_BROWSER' successfully

2022-04-06 19:07:14 - [TEST_CASE][PASSED] - Test Cases/Custom Item Details/UTILITIES/CLOSE_BROWSER: Test Cases/Custom Item Details/UTILITIES/CLOSE_BROWSER

2022-04-06 19:07:14 - [TEST_STEP][PASSED] - closeBrowser(): Browser is closed

2022-04-06 19:07:14 - [MESSAGE][PASSED] - Browser is closed

2022-04-06 19:07:14 - [MESSAGE][PASSED] - Call Test Case 'Test Cases/Custom Item Details/UTILITIES/CLOSE_BROWSER' successfully]]></system-out>
         <system-err><![CDATA[]]></system-err>
      </testcase>
      <testcase name="Test Cases/Custom Item Details/TEST CASE/TC_DETAILS_UI_028" time="72.873" classname="Test Cases/Custom Item Details/TEST CASE/TC_DETAILS_UI_028" status="FAILED">
         <failure type="FAILED" message="Test Cases/Custom Item Details/TEST CASE/TC_DETAILS_UI_028 FAILED.
Reason:
com.kms.katalon.core.exception.StepFailedException: Unable to verify object 'Object Repository/Staging Objects/Page_diagnostics/span_Diabetes Management Software' is present
	at com.kms.katalon.core.webui.keyword.internal.WebUIKeywordMain.stepFailed(WebUIKeywordMain.groovy:64)
	at com.kms.katalon.core.webui.keyword.internal.WebUIKeywordMain.runKeyword(WebUIKeywordMain.groovy:26)
	at com.kms.katalon.core.webui.keyword.builtin.VerifyElementPresentKeyword.verifyElementPresent(VerifyElementPresentKeyword.groovy:92)
	at com.kms.katalon.core.webui.keyword.builtin.VerifyElementPresentKeyword.execute(VerifyElementPresentKeyword.groovy:68)
	at com.kms.katalon.core.keyword.internal.KeywordExecutor.executeKeywordForPlatform(KeywordExecutor.groovy:73)
	at com.kms.katalon.core.webui.keyword.WebUiBuiltInKeywords.verifyElementPresent(WebUiBuiltInKeywords.groovy:1461)
	at com.kms.katalon.core.webui.keyword.WebUiBuiltInKeywords$verifyElementPresent$9.call(Unknown Source)
	at TC_DETAILS_UI_028.run(TC_DETAILS_UI_028:22)
	at com.kms.katalon.core.main.ScriptEngine.run(ScriptEngine.java:194)
	at com.kms.katalon.core.main.ScriptEngine.runScriptAsRawText(ScriptEngine.java:119)
	at com.kms.katalon.core.main.TestCaseExecutor.runScript(TestCaseExecutor.java:339)
	at com.kms.katalon.core.main.TestCaseExecutor.doExecute(TestCaseExecutor.java:330)
	at com.kms.katalon.core.main.TestCaseExecutor.processExecutionPhase(TestCaseExecutor.java:309)
	at com.kms.katalon.core.main.TestCaseExecutor.accessMainPhase(TestCaseExecutor.java:301)
	at com.kms.katalon.core.main.TestCaseExecutor.execute(TestCaseExecutor.java:235)
	at com.kms.katalon.core.main.TestSuiteExecutor.accessTestCaseMainPhase(TestSuiteExecutor.java:191)
	at com.kms.katalon.core.main.TestSuiteExecutor.accessTestSuiteMainPhase(TestSuiteExecutor.java:141)
	at com.kms.katalon.core.main.TestSuiteExecutor.execute(TestSuiteExecutor.java:90)
	at com.kms.katalon.core.main.TestCaseMain.startTestSuite(TestCaseMain.java:157)
	at com.kms.katalon.core.main.TestCaseMain$startTestSuite$0.call(Unknown Source)
	at TempTestSuite1649242622951.run(TempTestSuite1649242622951.groovy:39)
Caused by: com.kms.katalon.core.exception.StepFailedException: com.kms.katalon.core.webui.exception.WebElementNotFoundException: Web element with id: 'Object Repository/Staging Objects/Page_diagnostics/span_Diabetes Management Software' located by '//*[(text() = 'Diabetes Management Software:' or . = 'Diabetes Management Software:')]' not found
	at com.kms.katalon.core.webui.keyword.internal.WebUIKeywordMain.stepFailed(WebUIKeywordMain.groovy:64)
	at com.kms.katalon.core.webui.keyword.builtin.VerifyElementPresentKeyword$_verifyElementPresent_closure1.doCall(VerifyElementPresentKeyword.groovy:85)
	at com.kms.katalon.core.webui.keyword.builtin.VerifyElementPresentKeyword$_verifyElementPresent_closure1.call(VerifyElementPresentKeyword.groovy)
	at com.kms.katalon.core.webui.keyword.internal.WebUIKeywordMain.runKeyword(WebUIKeywordMain.groovy:20)
	... 19 more
"/>
         <system-out><![CDATA[2022-04-06 19:07:14 - [TEST_CASE][FAILED] - Test Cases/Custom Item Details/TEST CASE/TC_DETAILS_UI_028: Test Cases/Custom Item Details/TEST CASE/TC_DETAILS_UI_028 FAILED.
Reason:
com.kms.katalon.core.exception.StepFailedException: Unable to verify object 'Object Repository/Staging Objects/Page_diagnostics/span_Diabetes Management Software' is present
	at com.kms.katalon.core.webui.keyword.internal.WebUIKeywordMain.stepFailed(WebUIKeywordMain.groovy:64)
	at com.kms.katalon.core.webui.keyword.internal.WebUIKeywordMain.runKeyword(WebUIKeywordMain.groovy:26)
	at com.kms.katalon.core.webui.keyword.builtin.VerifyElementPresentKeyword.verifyElementPresent(VerifyElementPresentKeyword.groovy:92)
	at com.kms.katalon.core.webui.keyword.builtin.VerifyElementPresentKeyword.execute(VerifyElementPresentKeyword.groovy:68)
	at com.kms.katalon.core.keyword.internal.KeywordExecutor.executeKeywordForPlatform(KeywordExecutor.groovy:73)
	at com.kms.katalon.core.webui.keyword.WebUiBuiltInKeywords.verifyElementPresent(WebUiBuiltInKeywords.groovy:1461)
	at com.kms.katalon.core.webui.keyword.WebUiBuiltInKeywords$verifyElementPresent$9.call(Unknown Source)
	at TC_DETAILS_UI_028.run(TC_DETAILS_UI_028:22)
	at com.kms.katalon.core.main.ScriptEngine.run(ScriptEngine.java:194)
	at com.kms.katalon.core.main.ScriptEngine.runScriptAsRawText(ScriptEngine.java:119)
	at com.kms.katalon.core.main.TestCaseExecutor.runScript(TestCaseExecutor.java:339)
	at com.kms.katalon.core.main.TestCaseExecutor.doExecute(TestCaseExecutor.java:330)
	at com.kms.katalon.core.main.TestCaseExecutor.processExecutionPhase(TestCaseExecutor.java:309)
	at com.kms.katalon.core.main.TestCaseExecutor.accessMainPhase(TestCaseExecutor.java:301)
	at com.kms.katalon.core.main.TestCaseExecutor.execute(TestCaseExecutor.java:235)
	at com.kms.katalon.core.main.TestSuiteExecutor.accessTestCaseMainPhase(TestSuiteExecutor.java:191)
	at com.kms.katalon.core.main.TestSuiteExecutor.accessTestSuiteMainPhase(TestSuiteExecutor.java:141)
	at com.kms.katalon.core.main.TestSuiteExecutor.execute(TestSuiteExecutor.java:90)
	at com.kms.katalon.core.main.TestCaseMain.startTestSuite(TestCaseMain.java:157)
	at com.kms.katalon.core.main.TestCaseMain$startTestSuite$0.call(Unknown Source)
	at TempTestSuite1649242622951.run(TempTestSuite1649242622951.groovy:39)
Caused by: com.kms.katalon.core.exception.StepFailedException: com.kms.katalon.core.webui.exception.WebElementNotFoundException: Web element with id: 'Object Repository/Staging Objects/Page_diagnostics/span_Diabetes Management Software' located by '//*[(text() = 'Diabetes Management Software:' or . = 'Diabetes Management Software:')]' not found
	at com.kms.katalon.core.webui.keyword.internal.WebUIKeywordMain.stepFailed(WebUIKeywordMain.groovy:64)
	at com.kms.katalon.core.webui.keyword.builtin.VerifyElementPresentKeyword$_verifyElementPresent_closure1.doCall(VerifyElementPresentKeyword.groovy:85)
	at com.kms.katalon.core.webui.keyword.builtin.VerifyElementPresentKeyword$_verifyElementPresent_closure1.call(VerifyElementPresentKeyword.groovy)
	at com.kms.katalon.core.webui.keyword.internal.WebUIKeywordMain.runKeyword(WebUIKeywordMain.groovy:20)
	... 19 more


2022-04-06 19:07:14 - [TEST_STEP][PASSED] - callTestCase(findTestCase("Custom Item Details/UTILITIES/OPEN_BROWSER"), [:], STOP_ON_FAILURE): Call Test Case 'Test Cases/Custom Item Details/UTILITIES/OPEN_BROWSER' successfully

2022-04-06 19:07:15 - [TEST_CASE][PASSED] - Test Cases/Custom Item Details/UTILITIES/OPEN_BROWSER: Test Cases/Custom Item Details/UTILITIES/OPEN_BROWSER

2022-04-06 19:07:15 - [TEST_STEP][PASSED] - openBrowser("https://diagnostics.staging.arcadier.io/"): Browser is opened with url: 'https://diagnostics.staging.arcadier.io/'

2022-04-06 19:07:15 - [MESSAGE][INFO] - Starting 'Chrome' driver

2022-04-06 19:07:15 - [MESSAGE][INFO] - Action delay is set to 0 milliseconds

2022-04-06 19:07:18 - [MESSAGE][PASSED] - Browser is opened with url: 'https://diagnostics.staging.arcadier.io/'

2022-04-06 19:07:18 - [TEST_STEP][PASSED] - maximizeWindow(): Current window maximized

2022-04-06 19:07:18 - [MESSAGE][PASSED] - Current window maximized

2022-04-06 19:07:18 - [TEST_STEP][PASSED] - click(findTestObject("Item Details Objects/Page_diagnostics/a_Accept Cookies")): Object: 'Object Repository/Item Details Objects/Page_diagnostics/a_Accept Cookies' is clicked on

2022-04-06 19:07:19 - [MESSAGE][PASSED] - Object: 'Object Repository/Item Details Objects/Page_diagnostics/a_Accept Cookies' is clicked on

2022-04-06 19:07:19 - [TEST_STEP][PASSED] - click(findTestObject("New_Homepage/Page_diagnostics/a_COVID-19 DIAGNOSTICS"), STOP_ON_FAILURE): Object: 'Object Repository/New_Homepage/Page_diagnostics/a_COVID-19 DIAGNOSTICS' is clicked on

2022-04-06 19:07:20 - [MESSAGE][PASSED] - Object: 'Object Repository/New_Homepage/Page_diagnostics/a_COVID-19 DIAGNOSTICS' is clicked on

2022-04-06 19:07:20 - [TEST_STEP][PASSED] - mouseOver(findTestObject("New_Homepage/Page_diagnostics/a_Abbott Rapid Diagnostics PANBIO COVID-19 Ag Rapid Test Device (Nasopharyngeal)")): Object: 'Object Repository/New_Homepage/Page_diagnostics/a_Abbott Rapid Diagnostics PANBIO COVID-19 Ag Rapid Test Device (Nasopharyngeal)' is hovered

2022-04-06 19:07:22 - [MESSAGE][PASSED] - Object: 'Object Repository/New_Homepage/Page_diagnostics/a_Abbott Rapid Diagnostics PANBIO COVID-19 Ag Rapid Test Device (Nasopharyngeal)' is hovered

2022-04-06 19:07:22 - [TEST_STEP][PASSED] - click(findTestObject("New_Homepage/Page_diagnostics/a_Abbott Rapid Diagnostics PANBIO COVID-19 Ag Rapid Test Device (Nasopharyngeal)")): Object: 'Object Repository/New_Homepage/Page_diagnostics/a_Abbott Rapid Diagnostics PANBIO COVID-19 Ag Rapid Test Device (Nasopharyngeal)' is clicked on

2022-04-06 19:07:24 - [MESSAGE][PASSED] - Object: 'Object Repository/New_Homepage/Page_diagnostics/a_Abbott Rapid Diagnostics PANBIO COVID-19 Ag Rapid Test Device (Nasopharyngeal)' is clicked on

2022-04-06 19:07:24 - [MESSAGE][PASSED] - Call Test Case 'Test Cases/Custom Item Details/UTILITIES/OPEN_BROWSER' successfully

2022-04-06 19:07:24 - [TEST_STEP][PASSED] - waitForElementVisible(findTestObject("Staging Objects/Page_diagnostics/span_Diabetes Management Software"), 0): Web element with id: 'Object Repository/Staging Objects/Page_diagnostics/span_Diabetes Management Software' located by '//*[(text() = 'Diabetes Management Software:' or . = 'Diabetes Management Software:')]' not found

2022-04-06 19:07:24 - [MESSAGE][WARNING] - Timeout '0' is invalid. Using default page load timeout: '30'

2022-04-06 19:07:56 - [MESSAGE][INFO] - Unable to find the element located by 'By.xpath: //*[(text() = 'Diabetes Management Software:' or . = 'Diabetes Management Software:')]'. Please recheck the objects properties to make sure the desired element is located. 

2022-04-06 19:07:56 - [MESSAGE][WARNING] - Web element with id: 'Object Repository/Staging Objects/Page_diagnostics/span_Diabetes Management Software' located by '//*[(text() = 'Diabetes Management Software:' or . = 'Diabetes Management Software:')]' not found

2022-04-06 19:07:56 - [TEST_STEP][FAILED] - verifyElementPresent(findTestObject("Staging Objects/Page_diagnostics/span_Diabetes Management Software"), 0): Unable to verify object 'Object Repository/Staging Objects/Page_diagnostics/span_Diabetes Management Software' is present (Root cause: com.kms.katalon.core.exception.StepFailedException: Unable to verify object 'Object Repository/Staging Objects/Page_diagnostics/span_Diabetes Management Software' is present
	at com.kms.katalon.core.webui.keyword.internal.WebUIKeywordMain.stepFailed(WebUIKeywordMain.groovy:64)
	at com.kms.katalon.core.webui.keyword.internal.WebUIKeywordMain.runKeyword(WebUIKeywordMain.groovy:26)
	at com.kms.katalon.core.webui.keyword.builtin.VerifyElementPresentKeyword.verifyElementPresent(VerifyElementPresentKeyword.groovy:92)
	at com.kms.katalon.core.webui.keyword.builtin.VerifyElementPresentKeyword.execute(VerifyElementPresentKeyword.groovy:68)
	at com.kms.katalon.core.keyword.internal.KeywordExecutor.executeKeywordForPlatform(KeywordExecutor.groovy:73)
	at com.kms.katalon.core.webui.keyword.WebUiBuiltInKeywords.verifyElementPresent(WebUiBuiltInKeywords.groovy:1461)
	at com.kms.katalon.core.webui.keyword.WebUiBuiltInKeywords$verifyElementPresent$9.call(Unknown Source)
	at TC_DETAILS_UI_028.run(TC_DETAILS_UI_028:22)
	at com.kms.katalon.core.main.ScriptEngine.run(ScriptEngine.java:194)
	at com.kms.katalon.core.main.ScriptEngine.runScriptAsRawText(ScriptEngine.java:119)
	at com.kms.katalon.core.main.TestCaseExecutor.runScript(TestCaseExecutor.java:339)
	at com.kms.katalon.core.main.TestCaseExecutor.doExecute(TestCaseExecutor.java:330)
	at com.kms.katalon.core.main.TestCaseExecutor.processExecutionPhase(TestCaseExecutor.java:309)
	at com.kms.katalon.core.main.TestCaseExecutor.accessMainPhase(TestCaseExecutor.java:301)
	at com.kms.katalon.core.main.TestCaseExecutor.execute(TestCaseExecutor.java:235)
	at com.kms.katalon.core.main.TestSuiteExecutor.accessTestCaseMainPhase(TestSuiteExecutor.java:191)
	at com.kms.katalon.core.main.TestSuiteExecutor.accessTestSuiteMainPhase(TestSuiteExecutor.java:141)
	at com.kms.katalon.core.main.TestSuiteExecutor.execute(TestSuiteExecutor.java:90)
	at com.kms.katalon.core.main.TestCaseMain.startTestSuite(TestCaseMain.java:157)
	at com.kms.katalon.core.main.TestCaseMain$startTestSuite$0.call(Unknown Source)
	at TempTestSuite1649242622951.run(TempTestSuite1649242622951.groovy:39)
Caused by: com.kms.katalon.core.exception.StepFailedException: com.kms.katalon.core.webui.exception.WebElementNotFoundException: Web element with id: 'Object Repository/Staging Objects/Page_diagnostics/span_Diabetes Management Software' located by '//*[(text() = 'Diabetes Management Software:' or . = 'Diabetes Management Software:')]' not found
	at com.kms.katalon.core.webui.keyword.internal.WebUIKeywordMain.stepFailed(WebUIKeywordMain.groovy:64)
	at com.kms.katalon.core.webui.keyword.builtin.VerifyElementPresentKeyword$_verifyElementPresent_closure1.doCall(VerifyElementPresentKeyword.groovy:85)
	at com.kms.katalon.core.webui.keyword.builtin.VerifyElementPresentKeyword$_verifyElementPresent_closure1.call(VerifyElementPresentKeyword.groovy)
	at com.kms.katalon.core.webui.keyword.internal.WebUIKeywordMain.runKeyword(WebUIKeywordMain.groovy:20)
	... 19 more
)

2022-04-06 19:07:56 - [MESSAGE][WARNING] - Timeout '0' is invalid. Using default page load timeout: '30'

2022-04-06 19:08:27 - [MESSAGE][INFO] - Unable to find the element located by 'By.xpath: //*[(text() = 'Diabetes Management Software:' or . = 'Diabetes Management Software:')]'. Please recheck the objects properties to make sure the desired element is located. 

2022-04-06 19:08:27 - [MESSAGE][FAILED] - com.kms.katalon.core.webui.exception.WebElementNotFoundException: Web element with id: 'Object Repository/Staging Objects/Page_diagnostics/span_Diabetes Management Software' located by '//*[(text() = 'Diabetes Management Software:' or . = 'Diabetes Management Software:')]' not found (Root cause: com.kms.katalon.core.exception.StepFailedException: com.kms.katalon.core.webui.exception.WebElementNotFoundException: Web element with id: 'Object Repository/Staging Objects/Page_diagnostics/span_Diabetes Management Software' located by '//*[(text() = 'Diabetes Management Software:' or . = 'Diabetes Management Software:')]' not found
	at com.kms.katalon.core.webui.keyword.internal.WebUIKeywordMain.stepFailed(WebUIKeywordMain.groovy:64)
	at com.kms.katalon.core.webui.keyword.builtin.VerifyElementPresentKeyword$_verifyElementPresent_closure1.doCall(VerifyElementPresentKeyword.groovy:85)
	at com.kms.katalon.core.webui.keyword.builtin.VerifyElementPresentKeyword$_verifyElementPresent_closure1.call(VerifyElementPresentKeyword.groovy)
	at com.kms.katalon.core.webui.keyword.internal.WebUIKeywordMain.runKeyword(WebUIKeywordMain.groovy:20)
	at com.kms.katalon.core.webui.keyword.builtin.VerifyElementPresentKeyword.verifyElementPresent(VerifyElementPresentKeyword.groovy:92)
	at com.kms.katalon.core.webui.keyword.builtin.VerifyElementPresentKeyword.execute(VerifyElementPresentKeyword.groovy:68)
	at com.kms.katalon.core.keyword.internal.KeywordExecutor.executeKeywordForPlatform(KeywordExecutor.groovy:73)
	at com.kms.katalon.core.webui.keyword.WebUiBuiltInKeywords.verifyElementPresent(WebUiBuiltInKeywords.groovy:1461)
	at com.kms.katalon.core.webui.keyword.WebUiBuiltInKeywords$verifyElementPresent$9.call(Unknown Source)
	at TC_DETAILS_UI_028.run(TC_DETAILS_UI_028:22)
	at com.kms.katalon.core.main.ScriptEngine.run(ScriptEngine.java:194)
	at com.kms.katalon.core.main.ScriptEngine.runScriptAsRawText(ScriptEngine.java:119)
	at com.kms.katalon.core.main.TestCaseExecutor.runScript(TestCaseExecutor.java:339)
	at com.kms.katalon.core.main.TestCaseExecutor.doExecute(TestCaseExecutor.java:330)
	at com.kms.katalon.core.main.TestCaseExecutor.processExecutionPhase(TestCaseExecutor.java:309)
	at com.kms.katalon.core.main.TestCaseExecutor.accessMainPhase(TestCaseExecutor.java:301)
	at com.kms.katalon.core.main.TestCaseExecutor.execute(TestCaseExecutor.java:235)
	at com.kms.katalon.core.main.TestSuiteExecutor.accessTestCaseMainPhase(TestSuiteExecutor.java:191)
	at com.kms.katalon.core.main.TestSuiteExecutor.accessTestSuiteMainPhase(TestSuiteExecutor.java:141)
	at com.kms.katalon.core.main.TestSuiteExecutor.execute(TestSuiteExecutor.java:90)
	at com.kms.katalon.core.main.TestCaseMain.startTestSuite(TestCaseMain.java:157)
	at com.kms.katalon.core.main.TestCaseMain$startTestSuite$0.call(Unknown Source)
	at TempTestSuite1649242622951.run(TempTestSuite1649242622951.groovy:39)
)
[[ATTACHMENT|K:\\Work\\GitHub\\find-item-detail-test_v2\\Reports\\20220406_185701\\Item detail test\\20220406_185702\\1649243307420.png]]

2022-04-06 19:08:27 - [MESSAGE][FAILED] - Unable to verify object 'Object Repository/Staging Objects/Page_diagnostics/span_Diabetes Management Software' is present (Root cause: com.kms.katalon.core.exception.StepFailedException: Unable to verify object 'Object Repository/Staging Objects/Page_diagnostics/span_Diabetes Management Software' is present
	at com.kms.katalon.core.webui.keyword.internal.WebUIKeywordMain.stepFailed(WebUIKeywordMain.groovy:64)
	at com.kms.katalon.core.webui.keyword.internal.WebUIKeywordMain.runKeyword(WebUIKeywordMain.groovy:26)
	at com.kms.katalon.core.webui.keyword.builtin.VerifyElementPresentKeyword.verifyElementPresent(VerifyElementPresentKeyword.groovy:92)
	at com.kms.katalon.core.webui.keyword.builtin.VerifyElementPresentKeyword.execute(VerifyElementPresentKeyword.groovy:68)
	at com.kms.katalon.core.keyword.internal.KeywordExecutor.executeKeywordForPlatform(KeywordExecutor.groovy:73)
	at com.kms.katalon.core.webui.keyword.WebUiBuiltInKeywords.verifyElementPresent(WebUiBuiltInKeywords.groovy:1461)
	at com.kms.katalon.core.webui.keyword.WebUiBuiltInKeywords$verifyElementPresent$9.call(Unknown Source)
	at TC_DETAILS_UI_028.run(TC_DETAILS_UI_028:22)
	at com.kms.katalon.core.main.ScriptEngine.run(ScriptEngine.java:194)
	at com.kms.katalon.core.main.ScriptEngine.runScriptAsRawText(ScriptEngine.java:119)
	at com.kms.katalon.core.main.TestCaseExecutor.runScript(TestCaseExecutor.java:339)
	at com.kms.katalon.core.main.TestCaseExecutor.doExecute(TestCaseExecutor.java:330)
	at com.kms.katalon.core.main.TestCaseExecutor.processExecutionPhase(TestCaseExecutor.java:309)
	at com.kms.katalon.core.main.TestCaseExecutor.accessMainPhase(TestCaseExecutor.java:301)
	at com.kms.katalon.core.main.TestCaseExecutor.execute(TestCaseExecutor.java:235)
	at com.kms.katalon.core.main.TestSuiteExecutor.accessTestCaseMainPhase(TestSuiteExecutor.java:191)
	at com.kms.katalon.core.main.TestSuiteExecutor.accessTestSuiteMainPhase(TestSuiteExecutor.java:141)
	at com.kms.katalon.core.main.TestSuiteExecutor.execute(TestSuiteExecutor.java:90)
	at com.kms.katalon.core.main.TestCaseMain.startTestSuite(TestCaseMain.java:157)
	at com.kms.katalon.core.main.TestCaseMain$startTestSuite$0.call(Unknown Source)
	at TempTestSuite1649242622951.run(TempTestSuite1649242622951.groovy:39)
Caused by: com.kms.katalon.core.exception.StepFailedException: com.kms.katalon.core.webui.exception.WebElementNotFoundException: Web element with id: 'Object Repository/Staging Objects/Page_diagnostics/span_Diabetes Management Software' located by '//*[(text() = 'Diabetes Management Software:' or . = 'Diabetes Management Software:')]' not found
	at com.kms.katalon.core.webui.keyword.internal.WebUIKeywordMain.stepFailed(WebUIKeywordMain.groovy:64)
	at com.kms.katalon.core.webui.keyword.builtin.VerifyElementPresentKeyword$_verifyElementPresent_closure1.doCall(VerifyElementPresentKeyword.groovy:85)
	at com.kms.katalon.core.webui.keyword.builtin.VerifyElementPresentKeyword$_verifyElementPresent_closure1.call(VerifyElementPresentKeyword.groovy)
	at com.kms.katalon.core.webui.keyword.internal.WebUIKeywordMain.runKeyword(WebUIKeywordMain.groovy:20)
	... 19 more
)
[[ATTACHMENT|K:\\Work\\GitHub\\find-item-detail-test_v2\\Reports\\20220406_185701\\Item detail test\\20220406_185702\\1649243307574.png]]]]></system-out>
         <system-err><![CDATA[2022-04-06 19:07:14 - [TEST_CASE][FAILED] - Test Cases/Custom Item Details/TEST CASE/TC_DETAILS_UI_028: Test Cases/Custom Item Details/TEST CASE/TC_DETAILS_UI_028 FAILED.
Reason:
com.kms.katalon.core.exception.StepFailedException: Unable to verify object 'Object Repository/Staging Objects/Page_diagnostics/span_Diabetes Management Software' is present
	at com.kms.katalon.core.webui.keyword.internal.WebUIKeywordMain.stepFailed(WebUIKeywordMain.groovy:64)
	at com.kms.katalon.core.webui.keyword.internal.WebUIKeywordMain.runKeyword(WebUIKeywordMain.groovy:26)
	at com.kms.katalon.core.webui.keyword.builtin.VerifyElementPresentKeyword.verifyElementPresent(VerifyElementPresentKeyword.groovy:92)
	at com.kms.katalon.core.webui.keyword.builtin.VerifyElementPresentKeyword.execute(VerifyElementPresentKeyword.groovy:68)
	at com.kms.katalon.core.keyword.internal.KeywordExecutor.executeKeywordForPlatform(KeywordExecutor.groovy:73)
	at com.kms.katalon.core.webui.keyword.WebUiBuiltInKeywords.verifyElementPresent(WebUiBuiltInKeywords.groovy:1461)
	at com.kms.katalon.core.webui.keyword.WebUiBuiltInKeywords$verifyElementPresent$9.call(Unknown Source)
	at TC_DETAILS_UI_028.run(TC_DETAILS_UI_028:22)
	at com.kms.katalon.core.main.ScriptEngine.run(ScriptEngine.java:194)
	at com.kms.katalon.core.main.ScriptEngine.runScriptAsRawText(ScriptEngine.java:119)
	at com.kms.katalon.core.main.TestCaseExecutor.runScript(TestCaseExecutor.java:339)
	at com.kms.katalon.core.main.TestCaseExecutor.doExecute(TestCaseExecutor.java:330)
	at com.kms.katalon.core.main.TestCaseExecutor.processExecutionPhase(TestCaseExecutor.java:309)
	at com.kms.katalon.core.main.TestCaseExecutor.accessMainPhase(TestCaseExecutor.java:301)
	at com.kms.katalon.core.main.TestCaseExecutor.execute(TestCaseExecutor.java:235)
	at com.kms.katalon.core.main.TestSuiteExecutor.accessTestCaseMainPhase(TestSuiteExecutor.java:191)
	at com.kms.katalon.core.main.TestSuiteExecutor.accessTestSuiteMainPhase(TestSuiteExecutor.java:141)
	at com.kms.katalon.core.main.TestSuiteExecutor.execute(TestSuiteExecutor.java:90)
	at com.kms.katalon.core.main.TestCaseMain.startTestSuite(TestCaseMain.java:157)
	at com.kms.katalon.core.main.TestCaseMain$startTestSuite$0.call(Unknown Source)
	at TempTestSuite1649242622951.run(TempTestSuite1649242622951.groovy:39)
Caused by: com.kms.katalon.core.exception.StepFailedException: com.kms.katalon.core.webui.exception.WebElementNotFoundException: Web element with id: 'Object Repository/Staging Objects/Page_diagnostics/span_Diabetes Management Software' located by '//*[(text() = 'Diabetes Management Software:' or . = 'Diabetes Management Software:')]' not found
	at com.kms.katalon.core.webui.keyword.internal.WebUIKeywordMain.stepFailed(WebUIKeywordMain.groovy:64)
	at com.kms.katalon.core.webui.keyword.builtin.VerifyElementPresentKeyword$_verifyElementPresent_closure1.doCall(VerifyElementPresentKeyword.groovy:85)
	at com.kms.katalon.core.webui.keyword.builtin.VerifyElementPresentKeyword$_verifyElementPresent_closure1.call(VerifyElementPresentKeyword.groovy)
	at com.kms.katalon.core.webui.keyword.internal.WebUIKeywordMain.runKeyword(WebUIKeywordMain.groovy:20)
	... 19 more]]></system-err>
      </testcase>
      <testcase name="Test Cases/Custom Item Details/TEST CASE/TC_DETAILS_UI_029" time="34.723" classname="Test Cases/Custom Item Details/TEST CASE/TC_DETAILS_UI_029" status="PASSED">
         <system-out><![CDATA[2022-04-06 19:08:27 - [TEST_CASE][PASSED] - Test Cases/Custom Item Details/TEST CASE/TC_DETAILS_UI_029: Test Cases/Custom Item Details/TEST CASE/TC_DETAILS_UI_029

2022-04-06 19:08:27 - [TEST_STEP][PASSED] - callTestCase(findTestCase("Custom Item Details/UTILITIES/OPEN_BROWSER"), [:], STOP_ON_FAILURE): Call Test Case 'Test Cases/Custom Item Details/UTILITIES/OPEN_BROWSER' successfully

2022-04-06 19:08:27 - [TEST_CASE][PASSED] - Test Cases/Custom Item Details/UTILITIES/OPEN_BROWSER: Test Cases/Custom Item Details/UTILITIES/OPEN_BROWSER

2022-04-06 19:08:27 - [TEST_STEP][PASSED] - openBrowser("https://diagnostics.staging.arcadier.io/"): Browser is opened with url: 'https://diagnostics.staging.arcadier.io/'

2022-04-06 19:08:27 - [MESSAGE][WARNING] - A browser is already opened. Closing browser and opening a new one

2022-04-06 19:08:28 - [MESSAGE][INFO] - Starting 'Chrome' driver

2022-04-06 19:08:28 - [MESSAGE][INFO] - Action delay is set to 0 milliseconds

2022-04-06 19:08:52 - [MESSAGE][PASSED] - Browser is opened with url: 'https://diagnostics.staging.arcadier.io/'

2022-04-06 19:08:52 - [TEST_STEP][PASSED] - maximizeWindow(): Current window maximized

2022-04-06 19:08:52 - [MESSAGE][PASSED] - Current window maximized

2022-04-06 19:08:52 - [TEST_STEP][PASSED] - click(findTestObject("Item Details Objects/Page_diagnostics/a_Accept Cookies")): Object: 'Object Repository/Item Details Objects/Page_diagnostics/a_Accept Cookies' is clicked on

2022-04-06 19:08:53 - [MESSAGE][PASSED] - Object: 'Object Repository/Item Details Objects/Page_diagnostics/a_Accept Cookies' is clicked on

2022-04-06 19:08:53 - [TEST_STEP][PASSED] - click(findTestObject("New_Homepage/Page_diagnostics/a_COVID-19 DIAGNOSTICS"), STOP_ON_FAILURE): Object: 'Object Repository/New_Homepage/Page_diagnostics/a_COVID-19 DIAGNOSTICS' is clicked on

2022-04-06 19:08:54 - [MESSAGE][PASSED] - Object: 'Object Repository/New_Homepage/Page_diagnostics/a_COVID-19 DIAGNOSTICS' is clicked on

2022-04-06 19:08:54 - [TEST_STEP][PASSED] - mouseOver(findTestObject("New_Homepage/Page_diagnostics/a_Abbott Rapid Diagnostics PANBIO COVID-19 Ag Rapid Test Device (Nasopharyngeal)")): Object: 'Object Repository/New_Homepage/Page_diagnostics/a_Abbott Rapid Diagnostics PANBIO COVID-19 Ag Rapid Test Device (Nasopharyngeal)' is hovered

2022-04-06 19:08:56 - [MESSAGE][PASSED] - Object: 'Object Repository/New_Homepage/Page_diagnostics/a_Abbott Rapid Diagnostics PANBIO COVID-19 Ag Rapid Test Device (Nasopharyngeal)' is hovered

2022-04-06 19:08:56 - [TEST_STEP][PASSED] - click(findTestObject("New_Homepage/Page_diagnostics/a_Abbott Rapid Diagnostics PANBIO COVID-19 Ag Rapid Test Device (Nasopharyngeal)")): Object: 'Object Repository/New_Homepage/Page_diagnostics/a_Abbott Rapid Diagnostics PANBIO COVID-19 Ag Rapid Test Device (Nasopharyngeal)' is clicked on

2022-04-06 19:08:59 - [MESSAGE][PASSED] - Object: 'Object Repository/New_Homepage/Page_diagnostics/a_Abbott Rapid Diagnostics PANBIO COVID-19 Ag Rapid Test Device (Nasopharyngeal)' is clicked on

2022-04-06 19:08:59 - [MESSAGE][PASSED] - Call Test Case 'Test Cases/Custom Item Details/UTILITIES/OPEN_BROWSER' successfully

2022-04-06 19:08:59 - [TEST_STEP][PASSED] - waitForElementVisible(findTestObject("Staging Objects/Page_diagnostics/span_Enzyme"), 0): Object 'Object Repository/Staging Objects/Page_diagnostics/span_Enzyme' is visible

2022-04-06 19:08:59 - [MESSAGE][WARNING] - Timeout '0' is invalid. Using default page load timeout: '30'

2022-04-06 19:09:01 - [MESSAGE][PASSED] - Object 'Object Repository/Staging Objects/Page_diagnostics/span_Enzyme' is visible

2022-04-06 19:09:01 - [TEST_STEP][PASSED] - verifyElementPresent(findTestObject("Staging Objects/Page_diagnostics/span_Enzyme"), 0): Object 'Object Repository/Staging Objects/Page_diagnostics/span_Enzyme' is present

2022-04-06 19:09:01 - [MESSAGE][WARNING] - Timeout '0' is invalid. Using default page load timeout: '30'

2022-04-06 19:09:01 - [MESSAGE][PASSED] - Object 'Object Repository/Staging Objects/Page_diagnostics/span_Enzyme' is present

2022-04-06 19:09:01 - [TEST_STEP][PASSED] - callTestCase(findTestCase("Custom Item Details/UTILITIES/CLOSE_BROWSER"), [:], STOP_ON_FAILURE): Call Test Case 'Test Cases/Custom Item Details/UTILITIES/CLOSE_BROWSER' successfully

2022-04-06 19:09:01 - [TEST_CASE][PASSED] - Test Cases/Custom Item Details/UTILITIES/CLOSE_BROWSER: Test Cases/Custom Item Details/UTILITIES/CLOSE_BROWSER

2022-04-06 19:09:01 - [TEST_STEP][PASSED] - closeBrowser(): Browser is closed

2022-04-06 19:09:02 - [MESSAGE][PASSED] - Browser is closed

2022-04-06 19:09:02 - [MESSAGE][PASSED] - Call Test Case 'Test Cases/Custom Item Details/UTILITIES/CLOSE_BROWSER' successfully]]></system-out>
         <system-err><![CDATA[]]></system-err>
      </testcase>
      <testcase name="Test Cases/Custom Item Details/TEST CASE/TC_DETAILS_UI_030" time="14.559" classname="Test Cases/Custom Item Details/TEST CASE/TC_DETAILS_UI_030" status="PASSED">
         <system-out><![CDATA[2022-04-06 19:09:02 - [TEST_CASE][PASSED] - Test Cases/Custom Item Details/TEST CASE/TC_DETAILS_UI_030: Test Cases/Custom Item Details/TEST CASE/TC_DETAILS_UI_030

2022-04-06 19:09:02 - [TEST_STEP][PASSED] - callTestCase(findTestCase("Custom Item Details/UTILITIES/OPEN_BROWSER"), [:], STOP_ON_FAILURE): Call Test Case 'Test Cases/Custom Item Details/UTILITIES/OPEN_BROWSER' successfully

2022-04-06 19:09:02 - [TEST_CASE][PASSED] - Test Cases/Custom Item Details/UTILITIES/OPEN_BROWSER: Test Cases/Custom Item Details/UTILITIES/OPEN_BROWSER

2022-04-06 19:09:02 - [TEST_STEP][PASSED] - openBrowser("https://diagnostics.staging.arcadier.io/"): Browser is opened with url: 'https://diagnostics.staging.arcadier.io/'

2022-04-06 19:09:02 - [MESSAGE][INFO] - Starting 'Chrome' driver

2022-04-06 19:09:02 - [MESSAGE][INFO] - Action delay is set to 0 milliseconds

2022-04-06 19:09:06 - [MESSAGE][PASSED] - Browser is opened with url: 'https://diagnostics.staging.arcadier.io/'

2022-04-06 19:09:06 - [TEST_STEP][PASSED] - maximizeWindow(): Current window maximized

2022-04-06 19:09:06 - [MESSAGE][PASSED] - Current window maximized

2022-04-06 19:09:06 - [TEST_STEP][PASSED] - click(findTestObject("Item Details Objects/Page_diagnostics/a_Accept Cookies")): Object: 'Object Repository/Item Details Objects/Page_diagnostics/a_Accept Cookies' is clicked on

2022-04-06 19:09:07 - [MESSAGE][PASSED] - Object: 'Object Repository/Item Details Objects/Page_diagnostics/a_Accept Cookies' is clicked on

2022-04-06 19:09:07 - [TEST_STEP][PASSED] - click(findTestObject("New_Homepage/Page_diagnostics/a_COVID-19 DIAGNOSTICS"), STOP_ON_FAILURE): Object: 'Object Repository/New_Homepage/Page_diagnostics/a_COVID-19 DIAGNOSTICS' is clicked on

2022-04-06 19:09:10 - [MESSAGE][PASSED] - Object: 'Object Repository/New_Homepage/Page_diagnostics/a_COVID-19 DIAGNOSTICS' is clicked on

2022-04-06 19:09:10 - [TEST_STEP][PASSED] - mouseOver(findTestObject("New_Homepage/Page_diagnostics/a_Abbott Rapid Diagnostics PANBIO COVID-19 Ag Rapid Test Device (Nasopharyngeal)")): Object: 'Object Repository/New_Homepage/Page_diagnostics/a_Abbott Rapid Diagnostics PANBIO COVID-19 Ag Rapid Test Device (Nasopharyngeal)' is hovered

2022-04-06 19:09:12 - [MESSAGE][PASSED] - Object: 'Object Repository/New_Homepage/Page_diagnostics/a_Abbott Rapid Diagnostics PANBIO COVID-19 Ag Rapid Test Device (Nasopharyngeal)' is hovered

2022-04-06 19:09:12 - [TEST_STEP][PASSED] - click(findTestObject("New_Homepage/Page_diagnostics/a_Abbott Rapid Diagnostics PANBIO COVID-19 Ag Rapid Test Device (Nasopharyngeal)")): Object: 'Object Repository/New_Homepage/Page_diagnostics/a_Abbott Rapid Diagnostics PANBIO COVID-19 Ag Rapid Test Device (Nasopharyngeal)' is clicked on

2022-04-06 19:09:14 - [MESSAGE][PASSED] - Object: 'Object Repository/New_Homepage/Page_diagnostics/a_Abbott Rapid Diagnostics PANBIO COVID-19 Ag Rapid Test Device (Nasopharyngeal)' is clicked on

2022-04-06 19:09:14 - [MESSAGE][PASSED] - Call Test Case 'Test Cases/Custom Item Details/UTILITIES/OPEN_BROWSER' successfully

2022-04-06 19:09:14 - [TEST_STEP][PASSED] - waitForElementVisible(findTestObject("Staging Objects/Page_diagnostics/span_Intended use"), 0): Object 'Object Repository/Staging Objects/Page_diagnostics/span_Intended use' is visible

2022-04-06 19:09:14 - [MESSAGE][WARNING] - Timeout '0' is invalid. Using default page load timeout: '30'

2022-04-06 19:09:15 - [MESSAGE][PASSED] - Object 'Object Repository/Staging Objects/Page_diagnostics/span_Intended use' is visible

2022-04-06 19:09:15 - [TEST_STEP][PASSED] - verifyElementPresent(findTestObject("Staging Objects/Page_diagnostics/span_Intended use"), 0): Object 'Object Repository/Staging Objects/Page_diagnostics/span_Intended use' is present

2022-04-06 19:09:16 - [MESSAGE][WARNING] - Timeout '0' is invalid. Using default page load timeout: '30'

2022-04-06 19:09:16 - [MESSAGE][PASSED] - Object 'Object Repository/Staging Objects/Page_diagnostics/span_Intended use' is present

2022-04-06 19:09:16 - [TEST_STEP][PASSED] - callTestCase(findTestCase("Custom Item Details/UTILITIES/CLOSE_BROWSER"), [:], STOP_ON_FAILURE): Call Test Case 'Test Cases/Custom Item Details/UTILITIES/CLOSE_BROWSER' successfully

2022-04-06 19:09:16 - [TEST_CASE][PASSED] - Test Cases/Custom Item Details/UTILITIES/CLOSE_BROWSER: Test Cases/Custom Item Details/UTILITIES/CLOSE_BROWSER

2022-04-06 19:09:16 - [TEST_STEP][PASSED] - closeBrowser(): Browser is closed

2022-04-06 19:09:17 - [MESSAGE][PASSED] - Browser is closed

2022-04-06 19:09:17 - [MESSAGE][PASSED] - Call Test Case 'Test Cases/Custom Item Details/UTILITIES/CLOSE_BROWSER' successfully]]></system-out>
         <system-err><![CDATA[]]></system-err>
      </testcase>
      <testcase name="Test Cases/Custom Item Details/TEST CASE/TC_DETAILS_UI_031" time="43.035" classname="Test Cases/Custom Item Details/TEST CASE/TC_DETAILS_UI_031" status="PASSED">
         <system-out><![CDATA[2022-04-06 19:09:17 - [TEST_CASE][PASSED] - Test Cases/Custom Item Details/TEST CASE/TC_DETAILS_UI_031: Test Cases/Custom Item Details/TEST CASE/TC_DETAILS_UI_031

2022-04-06 19:09:17 - [TEST_STEP][PASSED] - callTestCase(findTestCase("Custom Item Details/UTILITIES/OPEN_BROWSER"), [:], STOP_ON_FAILURE): Call Test Case 'Test Cases/Custom Item Details/UTILITIES/OPEN_BROWSER' successfully

2022-04-06 19:09:17 - [TEST_CASE][PASSED] - Test Cases/Custom Item Details/UTILITIES/OPEN_BROWSER: Test Cases/Custom Item Details/UTILITIES/OPEN_BROWSER

2022-04-06 19:09:17 - [TEST_STEP][PASSED] - openBrowser("https://diagnostics.staging.arcadier.io/"): Browser is opened with url: 'https://diagnostics.staging.arcadier.io/'

2022-04-06 19:09:17 - [MESSAGE][INFO] - Starting 'Chrome' driver

2022-04-06 19:09:17 - [MESSAGE][INFO] - Action delay is set to 0 milliseconds

2022-04-06 19:09:20 - [MESSAGE][PASSED] - Browser is opened with url: 'https://diagnostics.staging.arcadier.io/'

2022-04-06 19:09:20 - [TEST_STEP][PASSED] - maximizeWindow(): Current window maximized

2022-04-06 19:09:20 - [MESSAGE][PASSED] - Current window maximized

2022-04-06 19:09:20 - [TEST_STEP][PASSED] - click(findTestObject("Item Details Objects/Page_diagnostics/a_Accept Cookies")): Object: 'Object Repository/Item Details Objects/Page_diagnostics/a_Accept Cookies' is clicked on

2022-04-06 19:09:22 - [MESSAGE][PASSED] - Object: 'Object Repository/Item Details Objects/Page_diagnostics/a_Accept Cookies' is clicked on

2022-04-06 19:09:22 - [TEST_STEP][PASSED] - click(findTestObject("New_Homepage/Page_diagnostics/a_COVID-19 DIAGNOSTICS"), STOP_ON_FAILURE): Object: 'Object Repository/New_Homepage/Page_diagnostics/a_COVID-19 DIAGNOSTICS' is clicked on

2022-04-06 19:09:23 - [MESSAGE][PASSED] - Object: 'Object Repository/New_Homepage/Page_diagnostics/a_COVID-19 DIAGNOSTICS' is clicked on

2022-04-06 19:09:23 - [TEST_STEP][PASSED] - mouseOver(findTestObject("New_Homepage/Page_diagnostics/a_Abbott Rapid Diagnostics PANBIO COVID-19 Ag Rapid Test Device (Nasopharyngeal)")): Object: 'Object Repository/New_Homepage/Page_diagnostics/a_Abbott Rapid Diagnostics PANBIO COVID-19 Ag Rapid Test Device (Nasopharyngeal)' is hovered

2022-04-06 19:09:24 - [MESSAGE][PASSED] - Object: 'Object Repository/New_Homepage/Page_diagnostics/a_Abbott Rapid Diagnostics PANBIO COVID-19 Ag Rapid Test Device (Nasopharyngeal)' is hovered

2022-04-06 19:09:24 - [TEST_STEP][PASSED] - click(findTestObject("New_Homepage/Page_diagnostics/a_Abbott Rapid Diagnostics PANBIO COVID-19 Ag Rapid Test Device (Nasopharyngeal)")): Object: 'Object Repository/New_Homepage/Page_diagnostics/a_Abbott Rapid Diagnostics PANBIO COVID-19 Ag Rapid Test Device (Nasopharyngeal)' is clicked on

2022-04-06 19:09:27 - [MESSAGE][PASSED] - Object: 'Object Repository/New_Homepage/Page_diagnostics/a_Abbott Rapid Diagnostics PANBIO COVID-19 Ag Rapid Test Device (Nasopharyngeal)' is clicked on

2022-04-06 19:09:27 - [MESSAGE][PASSED] - Call Test Case 'Test Cases/Custom Item Details/UTILITIES/OPEN_BROWSER' successfully

2022-04-06 19:09:27 - [TEST_STEP][PASSED] - waitForElementVisible(findTestObject("Staging Objects/Page_diagnostics/span_Language options"), 0): Object 'Object Repository/Staging Objects/Page_diagnostics/span_Language options' is not visible after 30 second(s)

2022-04-06 19:09:27 - [MESSAGE][WARNING] - Timeout '0' is invalid. Using default page load timeout: '30'

2022-04-06 19:09:59 - [MESSAGE][WARNING] - Object 'Object Repository/Staging Objects/Page_diagnostics/span_Language options' is not visible after 30 second(s)

2022-04-06 19:09:59 - [TEST_STEP][PASSED] - verifyElementPresent(findTestObject("Staging Objects/Page_diagnostics/span_Language options"), 0): Object 'Object Repository/Staging Objects/Page_diagnostics/span_Language options' is present

2022-04-06 19:09:59 - [MESSAGE][WARNING] - Timeout '0' is invalid. Using default page load timeout: '30'

2022-04-06 19:09:59 - [MESSAGE][PASSED] - Object 'Object Repository/Staging Objects/Page_diagnostics/span_Language options' is present

2022-04-06 19:09:59 - [TEST_STEP][PASSED] - callTestCase(findTestCase("Custom Item Details/UTILITIES/CLOSE_BROWSER"), [:], STOP_ON_FAILURE): Call Test Case 'Test Cases/Custom Item Details/UTILITIES/CLOSE_BROWSER' successfully

2022-04-06 19:09:59 - [TEST_CASE][PASSED] - Test Cases/Custom Item Details/UTILITIES/CLOSE_BROWSER: Test Cases/Custom Item Details/UTILITIES/CLOSE_BROWSER

2022-04-06 19:09:59 - [TEST_STEP][PASSED] - closeBrowser(): Browser is closed

2022-04-06 19:10:00 - [MESSAGE][PASSED] - Browser is closed

2022-04-06 19:10:00 - [MESSAGE][PASSED] - Call Test Case 'Test Cases/Custom Item Details/UTILITIES/CLOSE_BROWSER' successfully]]></system-out>
         <system-err><![CDATA[]]></system-err>
      </testcase>
      <testcase name="Test Cases/Custom Item Details/TEST CASE/TC_DETAILS_UI_032" time="74.576" classname="Test Cases/Custom Item Details/TEST CASE/TC_DETAILS_UI_032" status="FAILED">
         <failure type="FAILED" message="Test Cases/Custom Item Details/TEST CASE/TC_DETAILS_UI_032 FAILED.
Reason:
com.kms.katalon.core.exception.StepFailedException: Unable to verify object 'Object Repository/Staging Objects/Page_diagnostics/span_Memory capacity of the meter' is present
	at com.kms.katalon.core.webui.keyword.internal.WebUIKeywordMain.stepFailed(WebUIKeywordMain.groovy:64)
	at com.kms.katalon.core.webui.keyword.internal.WebUIKeywordMain.runKeyword(WebUIKeywordMain.groovy:26)
	at com.kms.katalon.core.webui.keyword.builtin.VerifyElementPresentKeyword.verifyElementPresent(VerifyElementPresentKeyword.groovy:92)
	at com.kms.katalon.core.webui.keyword.builtin.VerifyElementPresentKeyword.execute(VerifyElementPresentKeyword.groovy:68)
	at com.kms.katalon.core.keyword.internal.KeywordExecutor.executeKeywordForPlatform(KeywordExecutor.groovy:73)
	at com.kms.katalon.core.webui.keyword.WebUiBuiltInKeywords.verifyElementPresent(WebUiBuiltInKeywords.groovy:1461)
	at com.kms.katalon.core.webui.keyword.WebUiBuiltInKeywords$verifyElementPresent$9.call(Unknown Source)
	at TC_DETAILS_UI_032.run(TC_DETAILS_UI_032:22)
	at com.kms.katalon.core.main.ScriptEngine.run(ScriptEngine.java:194)
	at com.kms.katalon.core.main.ScriptEngine.runScriptAsRawText(ScriptEngine.java:119)
	at com.kms.katalon.core.main.TestCaseExecutor.runScript(TestCaseExecutor.java:339)
	at com.kms.katalon.core.main.TestCaseExecutor.doExecute(TestCaseExecutor.java:330)
	at com.kms.katalon.core.main.TestCaseExecutor.processExecutionPhase(TestCaseExecutor.java:309)
	at com.kms.katalon.core.main.TestCaseExecutor.accessMainPhase(TestCaseExecutor.java:301)
	at com.kms.katalon.core.main.TestCaseExecutor.execute(TestCaseExecutor.java:235)
	at com.kms.katalon.core.main.TestSuiteExecutor.accessTestCaseMainPhase(TestSuiteExecutor.java:191)
	at com.kms.katalon.core.main.TestSuiteExecutor.accessTestSuiteMainPhase(TestSuiteExecutor.java:141)
	at com.kms.katalon.core.main.TestSuiteExecutor.execute(TestSuiteExecutor.java:90)
	at com.kms.katalon.core.main.TestCaseMain.startTestSuite(TestCaseMain.java:157)
	at com.kms.katalon.core.main.TestCaseMain$startTestSuite$0.call(Unknown Source)
	at TempTestSuite1649242622951.run(TempTestSuite1649242622951.groovy:39)
Caused by: com.kms.katalon.core.exception.StepFailedException: com.kms.katalon.core.webui.exception.WebElementNotFoundException: Web element with id: 'Object Repository/Staging Objects/Page_diagnostics/span_Memory capacity of the meter' located by '//*[(text() = 'Memory capacity of the meter:' or . = 'Memory capacity of the meter:')]' not found
	at com.kms.katalon.core.webui.keyword.internal.WebUIKeywordMain.stepFailed(WebUIKeywordMain.groovy:64)
	at com.kms.katalon.core.webui.keyword.builtin.VerifyElementPresentKeyword$_verifyElementPresent_closure1.doCall(VerifyElementPresentKeyword.groovy:85)
	at com.kms.katalon.core.webui.keyword.builtin.VerifyElementPresentKeyword$_verifyElementPresent_closure1.call(VerifyElementPresentKeyword.groovy)
	at com.kms.katalon.core.webui.keyword.internal.WebUIKeywordMain.runKeyword(WebUIKeywordMain.groovy:20)
	... 19 more
"/>
         <system-out><![CDATA[2022-04-06 19:10:00 - [TEST_CASE][FAILED] - Test Cases/Custom Item Details/TEST CASE/TC_DETAILS_UI_032: Test Cases/Custom Item Details/TEST CASE/TC_DETAILS_UI_032 FAILED.
Reason:
com.kms.katalon.core.exception.StepFailedException: Unable to verify object 'Object Repository/Staging Objects/Page_diagnostics/span_Memory capacity of the meter' is present
	at com.kms.katalon.core.webui.keyword.internal.WebUIKeywordMain.stepFailed(WebUIKeywordMain.groovy:64)
	at com.kms.katalon.core.webui.keyword.internal.WebUIKeywordMain.runKeyword(WebUIKeywordMain.groovy:26)
	at com.kms.katalon.core.webui.keyword.builtin.VerifyElementPresentKeyword.verifyElementPresent(VerifyElementPresentKeyword.groovy:92)
	at com.kms.katalon.core.webui.keyword.builtin.VerifyElementPresentKeyword.execute(VerifyElementPresentKeyword.groovy:68)
	at com.kms.katalon.core.keyword.internal.KeywordExecutor.executeKeywordForPlatform(KeywordExecutor.groovy:73)
	at com.kms.katalon.core.webui.keyword.WebUiBuiltInKeywords.verifyElementPresent(WebUiBuiltInKeywords.groovy:1461)
	at com.kms.katalon.core.webui.keyword.WebUiBuiltInKeywords$verifyElementPresent$9.call(Unknown Source)
	at TC_DETAILS_UI_032.run(TC_DETAILS_UI_032:22)
	at com.kms.katalon.core.main.ScriptEngine.run(ScriptEngine.java:194)
	at com.kms.katalon.core.main.ScriptEngine.runScriptAsRawText(ScriptEngine.java:119)
	at com.kms.katalon.core.main.TestCaseExecutor.runScript(TestCaseExecutor.java:339)
	at com.kms.katalon.core.main.TestCaseExecutor.doExecute(TestCaseExecutor.java:330)
	at com.kms.katalon.core.main.TestCaseExecutor.processExecutionPhase(TestCaseExecutor.java:309)
	at com.kms.katalon.core.main.TestCaseExecutor.accessMainPhase(TestCaseExecutor.java:301)
	at com.kms.katalon.core.main.TestCaseExecutor.execute(TestCaseExecutor.java:235)
	at com.kms.katalon.core.main.TestSuiteExecutor.accessTestCaseMainPhase(TestSuiteExecutor.java:191)
	at com.kms.katalon.core.main.TestSuiteExecutor.accessTestSuiteMainPhase(TestSuiteExecutor.java:141)
	at com.kms.katalon.core.main.TestSuiteExecutor.execute(TestSuiteExecutor.java:90)
	at com.kms.katalon.core.main.TestCaseMain.startTestSuite(TestCaseMain.java:157)
	at com.kms.katalon.core.main.TestCaseMain$startTestSuite$0.call(Unknown Source)
	at TempTestSuite1649242622951.run(TempTestSuite1649242622951.groovy:39)
Caused by: com.kms.katalon.core.exception.StepFailedException: com.kms.katalon.core.webui.exception.WebElementNotFoundException: Web element with id: 'Object Repository/Staging Objects/Page_diagnostics/span_Memory capacity of the meter' located by '//*[(text() = 'Memory capacity of the meter:' or . = 'Memory capacity of the meter:')]' not found
	at com.kms.katalon.core.webui.keyword.internal.WebUIKeywordMain.stepFailed(WebUIKeywordMain.groovy:64)
	at com.kms.katalon.core.webui.keyword.builtin.VerifyElementPresentKeyword$_verifyElementPresent_closure1.doCall(VerifyElementPresentKeyword.groovy:85)
	at com.kms.katalon.core.webui.keyword.builtin.VerifyElementPresentKeyword$_verifyElementPresent_closure1.call(VerifyElementPresentKeyword.groovy)
	at com.kms.katalon.core.webui.keyword.internal.WebUIKeywordMain.runKeyword(WebUIKeywordMain.groovy:20)
	... 19 more


2022-04-06 19:10:00 - [TEST_STEP][PASSED] - callTestCase(findTestCase("Custom Item Details/UTILITIES/OPEN_BROWSER"), [:], STOP_ON_FAILURE): Call Test Case 'Test Cases/Custom Item Details/UTILITIES/OPEN_BROWSER' successfully

2022-04-06 19:10:00 - [TEST_CASE][PASSED] - Test Cases/Custom Item Details/UTILITIES/OPEN_BROWSER: Test Cases/Custom Item Details/UTILITIES/OPEN_BROWSER

2022-04-06 19:10:00 - [TEST_STEP][PASSED] - openBrowser("https://diagnostics.staging.arcadier.io/"): Browser is opened with url: 'https://diagnostics.staging.arcadier.io/'

2022-04-06 19:10:00 - [MESSAGE][INFO] - Starting 'Chrome' driver

2022-04-06 19:10:00 - [MESSAGE][INFO] - Action delay is set to 0 milliseconds

2022-04-06 19:10:03 - [MESSAGE][PASSED] - Browser is opened with url: 'https://diagnostics.staging.arcadier.io/'

2022-04-06 19:10:03 - [TEST_STEP][PASSED] - maximizeWindow(): Current window maximized

2022-04-06 19:10:03 - [MESSAGE][PASSED] - Current window maximized

2022-04-06 19:10:03 - [TEST_STEP][PASSED] - click(findTestObject("Item Details Objects/Page_diagnostics/a_Accept Cookies")): Object: 'Object Repository/Item Details Objects/Page_diagnostics/a_Accept Cookies' is clicked on

2022-04-06 19:10:05 - [MESSAGE][PASSED] - Object: 'Object Repository/Item Details Objects/Page_diagnostics/a_Accept Cookies' is clicked on

2022-04-06 19:10:05 - [TEST_STEP][PASSED] - click(findTestObject("New_Homepage/Page_diagnostics/a_COVID-19 DIAGNOSTICS"), STOP_ON_FAILURE): Object: 'Object Repository/New_Homepage/Page_diagnostics/a_COVID-19 DIAGNOSTICS' is clicked on

2022-04-06 19:10:07 - [MESSAGE][PASSED] - Object: 'Object Repository/New_Homepage/Page_diagnostics/a_COVID-19 DIAGNOSTICS' is clicked on

2022-04-06 19:10:07 - [TEST_STEP][PASSED] - mouseOver(findTestObject("New_Homepage/Page_diagnostics/a_Abbott Rapid Diagnostics PANBIO COVID-19 Ag Rapid Test Device (Nasopharyngeal)")): Object: 'Object Repository/New_Homepage/Page_diagnostics/a_Abbott Rapid Diagnostics PANBIO COVID-19 Ag Rapid Test Device (Nasopharyngeal)' is hovered

2022-04-06 19:10:09 - [MESSAGE][PASSED] - Object: 'Object Repository/New_Homepage/Page_diagnostics/a_Abbott Rapid Diagnostics PANBIO COVID-19 Ag Rapid Test Device (Nasopharyngeal)' is hovered

2022-04-06 19:10:09 - [TEST_STEP][PASSED] - click(findTestObject("New_Homepage/Page_diagnostics/a_Abbott Rapid Diagnostics PANBIO COVID-19 Ag Rapid Test Device (Nasopharyngeal)")): Object: 'Object Repository/New_Homepage/Page_diagnostics/a_Abbott Rapid Diagnostics PANBIO COVID-19 Ag Rapid Test Device (Nasopharyngeal)' is clicked on

2022-04-06 19:10:11 - [MESSAGE][PASSED] - Object: 'Object Repository/New_Homepage/Page_diagnostics/a_Abbott Rapid Diagnostics PANBIO COVID-19 Ag Rapid Test Device (Nasopharyngeal)' is clicked on

2022-04-06 19:10:11 - [MESSAGE][PASSED] - Call Test Case 'Test Cases/Custom Item Details/UTILITIES/OPEN_BROWSER' successfully

2022-04-06 19:10:11 - [TEST_STEP][PASSED] - waitForElementVisible(findTestObject("Staging Objects/Page_diagnostics/span_Memory capacity of the meter"), 0): Web element with id: 'Object Repository/Staging Objects/Page_diagnostics/span_Memory capacity of the meter' located by '//*[(text() = 'Memory capacity of the meter:' or . = 'Memory capacity of the meter:')]' not found

2022-04-06 19:10:11 - [MESSAGE][WARNING] - Timeout '0' is invalid. Using default page load timeout: '30'

2022-04-06 19:10:43 - [MESSAGE][INFO] - Unable to find the element located by 'By.xpath: //*[(text() = 'Memory capacity of the meter:' or . = 'Memory capacity of the meter:')]'. Please recheck the objects properties to make sure the desired element is located. 

2022-04-06 19:10:43 - [MESSAGE][WARNING] - Web element with id: 'Object Repository/Staging Objects/Page_diagnostics/span_Memory capacity of the meter' located by '//*[(text() = 'Memory capacity of the meter:' or . = 'Memory capacity of the meter:')]' not found

2022-04-06 19:10:43 - [TEST_STEP][FAILED] - verifyElementPresent(findTestObject("Staging Objects/Page_diagnostics/span_Memory capacity of the meter"), 0): Unable to verify object 'Object Repository/Staging Objects/Page_diagnostics/span_Memory capacity of the meter' is present (Root cause: com.kms.katalon.core.exception.StepFailedException: Unable to verify object 'Object Repository/Staging Objects/Page_diagnostics/span_Memory capacity of the meter' is present
	at com.kms.katalon.core.webui.keyword.internal.WebUIKeywordMain.stepFailed(WebUIKeywordMain.groovy:64)
	at com.kms.katalon.core.webui.keyword.internal.WebUIKeywordMain.runKeyword(WebUIKeywordMain.groovy:26)
	at com.kms.katalon.core.webui.keyword.builtin.VerifyElementPresentKeyword.verifyElementPresent(VerifyElementPresentKeyword.groovy:92)
	at com.kms.katalon.core.webui.keyword.builtin.VerifyElementPresentKeyword.execute(VerifyElementPresentKeyword.groovy:68)
	at com.kms.katalon.core.keyword.internal.KeywordExecutor.executeKeywordForPlatform(KeywordExecutor.groovy:73)
	at com.kms.katalon.core.webui.keyword.WebUiBuiltInKeywords.verifyElementPresent(WebUiBuiltInKeywords.groovy:1461)
	at com.kms.katalon.core.webui.keyword.WebUiBuiltInKeywords$verifyElementPresent$9.call(Unknown Source)
	at TC_DETAILS_UI_032.run(TC_DETAILS_UI_032:22)
	at com.kms.katalon.core.main.ScriptEngine.run(ScriptEngine.java:194)
	at com.kms.katalon.core.main.ScriptEngine.runScriptAsRawText(ScriptEngine.java:119)
	at com.kms.katalon.core.main.TestCaseExecutor.runScript(TestCaseExecutor.java:339)
	at com.kms.katalon.core.main.TestCaseExecutor.doExecute(TestCaseExecutor.java:330)
	at com.kms.katalon.core.main.TestCaseExecutor.processExecutionPhase(TestCaseExecutor.java:309)
	at com.kms.katalon.core.main.TestCaseExecutor.accessMainPhase(TestCaseExecutor.java:301)
	at com.kms.katalon.core.main.TestCaseExecutor.execute(TestCaseExecutor.java:235)
	at com.kms.katalon.core.main.TestSuiteExecutor.accessTestCaseMainPhase(TestSuiteExecutor.java:191)
	at com.kms.katalon.core.main.TestSuiteExecutor.accessTestSuiteMainPhase(TestSuiteExecutor.java:141)
	at com.kms.katalon.core.main.TestSuiteExecutor.execute(TestSuiteExecutor.java:90)
	at com.kms.katalon.core.main.TestCaseMain.startTestSuite(TestCaseMain.java:157)
	at com.kms.katalon.core.main.TestCaseMain$startTestSuite$0.call(Unknown Source)
	at TempTestSuite1649242622951.run(TempTestSuite1649242622951.groovy:39)
Caused by: com.kms.katalon.core.exception.StepFailedException: com.kms.katalon.core.webui.exception.WebElementNotFoundException: Web element with id: 'Object Repository/Staging Objects/Page_diagnostics/span_Memory capacity of the meter' located by '//*[(text() = 'Memory capacity of the meter:' or . = 'Memory capacity of the meter:')]' not found
	at com.kms.katalon.core.webui.keyword.internal.WebUIKeywordMain.stepFailed(WebUIKeywordMain.groovy:64)
	at com.kms.katalon.core.webui.keyword.builtin.VerifyElementPresentKeyword$_verifyElementPresent_closure1.doCall(VerifyElementPresentKeyword.groovy:85)
	at com.kms.katalon.core.webui.keyword.builtin.VerifyElementPresentKeyword$_verifyElementPresent_closure1.call(VerifyElementPresentKeyword.groovy)
	at com.kms.katalon.core.webui.keyword.internal.WebUIKeywordMain.runKeyword(WebUIKeywordMain.groovy:20)
	... 19 more
)

2022-04-06 19:10:43 - [MESSAGE][WARNING] - Timeout '0' is invalid. Using default page load timeout: '30'

2022-04-06 19:11:14 - [MESSAGE][INFO] - Unable to find the element located by 'By.xpath: //*[(text() = 'Memory capacity of the meter:' or . = 'Memory capacity of the meter:')]'. Please recheck the objects properties to make sure the desired element is located. 

2022-04-06 19:11:14 - [MESSAGE][FAILED] - com.kms.katalon.core.webui.exception.WebElementNotFoundException: Web element with id: 'Object Repository/Staging Objects/Page_diagnostics/span_Memory capacity of the meter' located by '//*[(text() = 'Memory capacity of the meter:' or . = 'Memory capacity of the meter:')]' not found (Root cause: com.kms.katalon.core.exception.StepFailedException: com.kms.katalon.core.webui.exception.WebElementNotFoundException: Web element with id: 'Object Repository/Staging Objects/Page_diagnostics/span_Memory capacity of the meter' located by '//*[(text() = 'Memory capacity of the meter:' or . = 'Memory capacity of the meter:')]' not found
	at com.kms.katalon.core.webui.keyword.internal.WebUIKeywordMain.stepFailed(WebUIKeywordMain.groovy:64)
	at com.kms.katalon.core.webui.keyword.builtin.VerifyElementPresentKeyword$_verifyElementPresent_closure1.doCall(VerifyElementPresentKeyword.groovy:85)
	at com.kms.katalon.core.webui.keyword.builtin.VerifyElementPresentKeyword$_verifyElementPresent_closure1.call(VerifyElementPresentKeyword.groovy)
	at com.kms.katalon.core.webui.keyword.internal.WebUIKeywordMain.runKeyword(WebUIKeywordMain.groovy:20)
	at com.kms.katalon.core.webui.keyword.builtin.VerifyElementPresentKeyword.verifyElementPresent(VerifyElementPresentKeyword.groovy:92)
	at com.kms.katalon.core.webui.keyword.builtin.VerifyElementPresentKeyword.execute(VerifyElementPresentKeyword.groovy:68)
	at com.kms.katalon.core.keyword.internal.KeywordExecutor.executeKeywordForPlatform(KeywordExecutor.groovy:73)
	at com.kms.katalon.core.webui.keyword.WebUiBuiltInKeywords.verifyElementPresent(WebUiBuiltInKeywords.groovy:1461)
	at com.kms.katalon.core.webui.keyword.WebUiBuiltInKeywords$verifyElementPresent$9.call(Unknown Source)
	at TC_DETAILS_UI_032.run(TC_DETAILS_UI_032:22)
	at com.kms.katalon.core.main.ScriptEngine.run(ScriptEngine.java:194)
	at com.kms.katalon.core.main.ScriptEngine.runScriptAsRawText(ScriptEngine.java:119)
	at com.kms.katalon.core.main.TestCaseExecutor.runScript(TestCaseExecutor.java:339)
	at com.kms.katalon.core.main.TestCaseExecutor.doExecute(TestCaseExecutor.java:330)
	at com.kms.katalon.core.main.TestCaseExecutor.processExecutionPhase(TestCaseExecutor.java:309)
	at com.kms.katalon.core.main.TestCaseExecutor.accessMainPhase(TestCaseExecutor.java:301)
	at com.kms.katalon.core.main.TestCaseExecutor.execute(TestCaseExecutor.java:235)
	at com.kms.katalon.core.main.TestSuiteExecutor.accessTestCaseMainPhase(TestSuiteExecutor.java:191)
	at com.kms.katalon.core.main.TestSuiteExecutor.accessTestSuiteMainPhase(TestSuiteExecutor.java:141)
	at com.kms.katalon.core.main.TestSuiteExecutor.execute(TestSuiteExecutor.java:90)
	at com.kms.katalon.core.main.TestCaseMain.startTestSuite(TestCaseMain.java:157)
	at com.kms.katalon.core.main.TestCaseMain$startTestSuite$0.call(Unknown Source)
	at TempTestSuite1649242622951.run(TempTestSuite1649242622951.groovy:39)
)
[[ATTACHMENT|K:\\Work\\GitHub\\find-item-detail-test_v2\\Reports\\20220406_185701\\Item detail test\\20220406_185702\\1649243474330.png]]

2022-04-06 19:11:14 - [MESSAGE][FAILED] - Unable to verify object 'Object Repository/Staging Objects/Page_diagnostics/span_Memory capacity of the meter' is present (Root cause: com.kms.katalon.core.exception.StepFailedException: Unable to verify object 'Object Repository/Staging Objects/Page_diagnostics/span_Memory capacity of the meter' is present
	at com.kms.katalon.core.webui.keyword.internal.WebUIKeywordMain.stepFailed(WebUIKeywordMain.groovy:64)
	at com.kms.katalon.core.webui.keyword.internal.WebUIKeywordMain.runKeyword(WebUIKeywordMain.groovy:26)
	at com.kms.katalon.core.webui.keyword.builtin.VerifyElementPresentKeyword.verifyElementPresent(VerifyElementPresentKeyword.groovy:92)
	at com.kms.katalon.core.webui.keyword.builtin.VerifyElementPresentKeyword.execute(VerifyElementPresentKeyword.groovy:68)
	at com.kms.katalon.core.keyword.internal.KeywordExecutor.executeKeywordForPlatform(KeywordExecutor.groovy:73)
	at com.kms.katalon.core.webui.keyword.WebUiBuiltInKeywords.verifyElementPresent(WebUiBuiltInKeywords.groovy:1461)
	at com.kms.katalon.core.webui.keyword.WebUiBuiltInKeywords$verifyElementPresent$9.call(Unknown Source)
	at TC_DETAILS_UI_032.run(TC_DETAILS_UI_032:22)
	at com.kms.katalon.core.main.ScriptEngine.run(ScriptEngine.java:194)
	at com.kms.katalon.core.main.ScriptEngine.runScriptAsRawText(ScriptEngine.java:119)
	at com.kms.katalon.core.main.TestCaseExecutor.runScript(TestCaseExecutor.java:339)
	at com.kms.katalon.core.main.TestCaseExecutor.doExecute(TestCaseExecutor.java:330)
	at com.kms.katalon.core.main.TestCaseExecutor.processExecutionPhase(TestCaseExecutor.java:309)
	at com.kms.katalon.core.main.TestCaseExecutor.accessMainPhase(TestCaseExecutor.java:301)
	at com.kms.katalon.core.main.TestCaseExecutor.execute(TestCaseExecutor.java:235)
	at com.kms.katalon.core.main.TestSuiteExecutor.accessTestCaseMainPhase(TestSuiteExecutor.java:191)
	at com.kms.katalon.core.main.TestSuiteExecutor.accessTestSuiteMainPhase(TestSuiteExecutor.java:141)
	at com.kms.katalon.core.main.TestSuiteExecutor.execute(TestSuiteExecutor.java:90)
	at com.kms.katalon.core.main.TestCaseMain.startTestSuite(TestCaseMain.java:157)
	at com.kms.katalon.core.main.TestCaseMain$startTestSuite$0.call(Unknown Source)
	at TempTestSuite1649242622951.run(TempTestSuite1649242622951.groovy:39)
Caused by: com.kms.katalon.core.exception.StepFailedException: com.kms.katalon.core.webui.exception.WebElementNotFoundException: Web element with id: 'Object Repository/Staging Objects/Page_diagnostics/span_Memory capacity of the meter' located by '//*[(text() = 'Memory capacity of the meter:' or . = 'Memory capacity of the meter:')]' not found
	at com.kms.katalon.core.webui.keyword.internal.WebUIKeywordMain.stepFailed(WebUIKeywordMain.groovy:64)
	at com.kms.katalon.core.webui.keyword.builtin.VerifyElementPresentKeyword$_verifyElementPresent_closure1.doCall(VerifyElementPresentKeyword.groovy:85)
	at com.kms.katalon.core.webui.keyword.builtin.VerifyElementPresentKeyword$_verifyElementPresent_closure1.call(VerifyElementPresentKeyword.groovy)
	at com.kms.katalon.core.webui.keyword.internal.WebUIKeywordMain.runKeyword(WebUIKeywordMain.groovy:20)
	... 19 more
)
[[ATTACHMENT|K:\\Work\\GitHub\\find-item-detail-test_v2\\Reports\\20220406_185701\\Item detail test\\20220406_185702\\1649243474475.png]]]]></system-out>
         <system-err><![CDATA[2022-04-06 19:10:00 - [TEST_CASE][FAILED] - Test Cases/Custom Item Details/TEST CASE/TC_DETAILS_UI_032: Test Cases/Custom Item Details/TEST CASE/TC_DETAILS_UI_032 FAILED.
Reason:
com.kms.katalon.core.exception.StepFailedException: Unable to verify object 'Object Repository/Staging Objects/Page_diagnostics/span_Memory capacity of the meter' is present
	at com.kms.katalon.core.webui.keyword.internal.WebUIKeywordMain.stepFailed(WebUIKeywordMain.groovy:64)
	at com.kms.katalon.core.webui.keyword.internal.WebUIKeywordMain.runKeyword(WebUIKeywordMain.groovy:26)
	at com.kms.katalon.core.webui.keyword.builtin.VerifyElementPresentKeyword.verifyElementPresent(VerifyElementPresentKeyword.groovy:92)
	at com.kms.katalon.core.webui.keyword.builtin.VerifyElementPresentKeyword.execute(VerifyElementPresentKeyword.groovy:68)
	at com.kms.katalon.core.keyword.internal.KeywordExecutor.executeKeywordForPlatform(KeywordExecutor.groovy:73)
	at com.kms.katalon.core.webui.keyword.WebUiBuiltInKeywords.verifyElementPresent(WebUiBuiltInKeywords.groovy:1461)
	at com.kms.katalon.core.webui.keyword.WebUiBuiltInKeywords$verifyElementPresent$9.call(Unknown Source)
	at TC_DETAILS_UI_032.run(TC_DETAILS_UI_032:22)
	at com.kms.katalon.core.main.ScriptEngine.run(ScriptEngine.java:194)
	at com.kms.katalon.core.main.ScriptEngine.runScriptAsRawText(ScriptEngine.java:119)
	at com.kms.katalon.core.main.TestCaseExecutor.runScript(TestCaseExecutor.java:339)
	at com.kms.katalon.core.main.TestCaseExecutor.doExecute(TestCaseExecutor.java:330)
	at com.kms.katalon.core.main.TestCaseExecutor.processExecutionPhase(TestCaseExecutor.java:309)
	at com.kms.katalon.core.main.TestCaseExecutor.accessMainPhase(TestCaseExecutor.java:301)
	at com.kms.katalon.core.main.TestCaseExecutor.execute(TestCaseExecutor.java:235)
	at com.kms.katalon.core.main.TestSuiteExecutor.accessTestCaseMainPhase(TestSuiteExecutor.java:191)
	at com.kms.katalon.core.main.TestSuiteExecutor.accessTestSuiteMainPhase(TestSuiteExecutor.java:141)
	at com.kms.katalon.core.main.TestSuiteExecutor.execute(TestSuiteExecutor.java:90)
	at com.kms.katalon.core.main.TestCaseMain.startTestSuite(TestCaseMain.java:157)
	at com.kms.katalon.core.main.TestCaseMain$startTestSuite$0.call(Unknown Source)
	at TempTestSuite1649242622951.run(TempTestSuite1649242622951.groovy:39)
Caused by: com.kms.katalon.core.exception.StepFailedException: com.kms.katalon.core.webui.exception.WebElementNotFoundException: Web element with id: 'Object Repository/Staging Objects/Page_diagnostics/span_Memory capacity of the meter' located by '//*[(text() = 'Memory capacity of the meter:' or . = 'Memory capacity of the meter:')]' not found
	at com.kms.katalon.core.webui.keyword.internal.WebUIKeywordMain.stepFailed(WebUIKeywordMain.groovy:64)
	at com.kms.katalon.core.webui.keyword.builtin.VerifyElementPresentKeyword$_verifyElementPresent_closure1.doCall(VerifyElementPresentKeyword.groovy:85)
	at com.kms.katalon.core.webui.keyword.builtin.VerifyElementPresentKeyword$_verifyElementPresent_closure1.call(VerifyElementPresentKeyword.groovy)
	at com.kms.katalon.core.webui.keyword.internal.WebUIKeywordMain.runKeyword(WebUIKeywordMain.groovy:20)
	... 19 more]]></system-err>
      </testcase>
      <testcase name="Test Cases/Custom Item Details/TEST CASE/TC_DETAILS_UI_033" time="73.378" classname="Test Cases/Custom Item Details/TEST CASE/TC_DETAILS_UI_033" status="FAILED">
         <failure type="FAILED" message="Test Cases/Custom Item Details/TEST CASE/TC_DETAILS_UI_033 FAILED.
Reason:
com.kms.katalon.core.exception.StepFailedException: Unable to verify object 'Object Repository/Staging Objects/Page_diagnostics/span_Meter connection to computer' is present
	at com.kms.katalon.core.webui.keyword.internal.WebUIKeywordMain.stepFailed(WebUIKeywordMain.groovy:64)
	at com.kms.katalon.core.webui.keyword.internal.WebUIKeywordMain.runKeyword(WebUIKeywordMain.groovy:26)
	at com.kms.katalon.core.webui.keyword.builtin.VerifyElementPresentKeyword.verifyElementPresent(VerifyElementPresentKeyword.groovy:92)
	at com.kms.katalon.core.webui.keyword.builtin.VerifyElementPresentKeyword.execute(VerifyElementPresentKeyword.groovy:68)
	at com.kms.katalon.core.keyword.internal.KeywordExecutor.executeKeywordForPlatform(KeywordExecutor.groovy:73)
	at com.kms.katalon.core.webui.keyword.WebUiBuiltInKeywords.verifyElementPresent(WebUiBuiltInKeywords.groovy:1461)
	at com.kms.katalon.core.webui.keyword.WebUiBuiltInKeywords$verifyElementPresent$9.call(Unknown Source)
	at TC_DETAILS_UI_033.run(TC_DETAILS_UI_033:22)
	at com.kms.katalon.core.main.ScriptEngine.run(ScriptEngine.java:194)
	at com.kms.katalon.core.main.ScriptEngine.runScriptAsRawText(ScriptEngine.java:119)
	at com.kms.katalon.core.main.TestCaseExecutor.runScript(TestCaseExecutor.java:339)
	at com.kms.katalon.core.main.TestCaseExecutor.doExecute(TestCaseExecutor.java:330)
	at com.kms.katalon.core.main.TestCaseExecutor.processExecutionPhase(TestCaseExecutor.java:309)
	at com.kms.katalon.core.main.TestCaseExecutor.accessMainPhase(TestCaseExecutor.java:301)
	at com.kms.katalon.core.main.TestCaseExecutor.execute(TestCaseExecutor.java:235)
	at com.kms.katalon.core.main.TestSuiteExecutor.accessTestCaseMainPhase(TestSuiteExecutor.java:191)
	at com.kms.katalon.core.main.TestSuiteExecutor.accessTestSuiteMainPhase(TestSuiteExecutor.java:141)
	at com.kms.katalon.core.main.TestSuiteExecutor.execute(TestSuiteExecutor.java:90)
	at com.kms.katalon.core.main.TestCaseMain.startTestSuite(TestCaseMain.java:157)
	at com.kms.katalon.core.main.TestCaseMain$startTestSuite$0.call(Unknown Source)
	at TempTestSuite1649242622951.run(TempTestSuite1649242622951.groovy:39)
Caused by: com.kms.katalon.core.exception.StepFailedException: com.kms.katalon.core.webui.exception.WebElementNotFoundException: Web element with id: 'Object Repository/Staging Objects/Page_diagnostics/span_Meter connection to computer' located by '//*[(text() = 'Meter connection to computer:' or . = 'Meter connection to computer:')]' not found
	at com.kms.katalon.core.webui.keyword.internal.WebUIKeywordMain.stepFailed(WebUIKeywordMain.groovy:64)
	at com.kms.katalon.core.webui.keyword.builtin.VerifyElementPresentKeyword$_verifyElementPresent_closure1.doCall(VerifyElementPresentKeyword.groovy:85)
	at com.kms.katalon.core.webui.keyword.builtin.VerifyElementPresentKeyword$_verifyElementPresent_closure1.call(VerifyElementPresentKeyword.groovy)
	at com.kms.katalon.core.webui.keyword.internal.WebUIKeywordMain.runKeyword(WebUIKeywordMain.groovy:20)
	... 19 more
"/>
         <system-out><![CDATA[2022-04-06 19:11:14 - [TEST_CASE][FAILED] - Test Cases/Custom Item Details/TEST CASE/TC_DETAILS_UI_033: Test Cases/Custom Item Details/TEST CASE/TC_DETAILS_UI_033 FAILED.
Reason:
com.kms.katalon.core.exception.StepFailedException: Unable to verify object 'Object Repository/Staging Objects/Page_diagnostics/span_Meter connection to computer' is present
	at com.kms.katalon.core.webui.keyword.internal.WebUIKeywordMain.stepFailed(WebUIKeywordMain.groovy:64)
	at com.kms.katalon.core.webui.keyword.internal.WebUIKeywordMain.runKeyword(WebUIKeywordMain.groovy:26)
	at com.kms.katalon.core.webui.keyword.builtin.VerifyElementPresentKeyword.verifyElementPresent(VerifyElementPresentKeyword.groovy:92)
	at com.kms.katalon.core.webui.keyword.builtin.VerifyElementPresentKeyword.execute(VerifyElementPresentKeyword.groovy:68)
	at com.kms.katalon.core.keyword.internal.KeywordExecutor.executeKeywordForPlatform(KeywordExecutor.groovy:73)
	at com.kms.katalon.core.webui.keyword.WebUiBuiltInKeywords.verifyElementPresent(WebUiBuiltInKeywords.groovy:1461)
	at com.kms.katalon.core.webui.keyword.WebUiBuiltInKeywords$verifyElementPresent$9.call(Unknown Source)
	at TC_DETAILS_UI_033.run(TC_DETAILS_UI_033:22)
	at com.kms.katalon.core.main.ScriptEngine.run(ScriptEngine.java:194)
	at com.kms.katalon.core.main.ScriptEngine.runScriptAsRawText(ScriptEngine.java:119)
	at com.kms.katalon.core.main.TestCaseExecutor.runScript(TestCaseExecutor.java:339)
	at com.kms.katalon.core.main.TestCaseExecutor.doExecute(TestCaseExecutor.java:330)
	at com.kms.katalon.core.main.TestCaseExecutor.processExecutionPhase(TestCaseExecutor.java:309)
	at com.kms.katalon.core.main.TestCaseExecutor.accessMainPhase(TestCaseExecutor.java:301)
	at com.kms.katalon.core.main.TestCaseExecutor.execute(TestCaseExecutor.java:235)
	at com.kms.katalon.core.main.TestSuiteExecutor.accessTestCaseMainPhase(TestSuiteExecutor.java:191)
	at com.kms.katalon.core.main.TestSuiteExecutor.accessTestSuiteMainPhase(TestSuiteExecutor.java:141)
	at com.kms.katalon.core.main.TestSuiteExecutor.execute(TestSuiteExecutor.java:90)
	at com.kms.katalon.core.main.TestCaseMain.startTestSuite(TestCaseMain.java:157)
	at com.kms.katalon.core.main.TestCaseMain$startTestSuite$0.call(Unknown Source)
	at TempTestSuite1649242622951.run(TempTestSuite1649242622951.groovy:39)
Caused by: com.kms.katalon.core.exception.StepFailedException: com.kms.katalon.core.webui.exception.WebElementNotFoundException: Web element with id: 'Object Repository/Staging Objects/Page_diagnostics/span_Meter connection to computer' located by '//*[(text() = 'Meter connection to computer:' or . = 'Meter connection to computer:')]' not found
	at com.kms.katalon.core.webui.keyword.internal.WebUIKeywordMain.stepFailed(WebUIKeywordMain.groovy:64)
	at com.kms.katalon.core.webui.keyword.builtin.VerifyElementPresentKeyword$_verifyElementPresent_closure1.doCall(VerifyElementPresentKeyword.groovy:85)
	at com.kms.katalon.core.webui.keyword.builtin.VerifyElementPresentKeyword$_verifyElementPresent_closure1.call(VerifyElementPresentKeyword.groovy)
	at com.kms.katalon.core.webui.keyword.internal.WebUIKeywordMain.runKeyword(WebUIKeywordMain.groovy:20)
	... 19 more


2022-04-06 19:11:14 - [TEST_STEP][PASSED] - callTestCase(findTestCase("Custom Item Details/UTILITIES/OPEN_BROWSER"), [:], STOP_ON_FAILURE): Call Test Case 'Test Cases/Custom Item Details/UTILITIES/OPEN_BROWSER' successfully

2022-04-06 19:11:14 - [TEST_CASE][PASSED] - Test Cases/Custom Item Details/UTILITIES/OPEN_BROWSER: Test Cases/Custom Item Details/UTILITIES/OPEN_BROWSER

2022-04-06 19:11:14 - [TEST_STEP][PASSED] - openBrowser("https://diagnostics.staging.arcadier.io/"): Browser is opened with url: 'https://diagnostics.staging.arcadier.io/'

2022-04-06 19:11:14 - [MESSAGE][WARNING] - A browser is already opened. Closing browser and opening a new one

2022-04-06 19:11:15 - [MESSAGE][INFO] - Starting 'Chrome' driver

2022-04-06 19:11:15 - [MESSAGE][INFO] - Action delay is set to 0 milliseconds

2022-04-06 19:11:18 - [MESSAGE][PASSED] - Browser is opened with url: 'https://diagnostics.staging.arcadier.io/'

2022-04-06 19:11:18 - [TEST_STEP][PASSED] - maximizeWindow(): Current window maximized

2022-04-06 19:11:18 - [MESSAGE][PASSED] - Current window maximized

2022-04-06 19:11:18 - [TEST_STEP][PASSED] - click(findTestObject("Item Details Objects/Page_diagnostics/a_Accept Cookies")): Object: 'Object Repository/Item Details Objects/Page_diagnostics/a_Accept Cookies' is clicked on

2022-04-06 19:11:20 - [MESSAGE][PASSED] - Object: 'Object Repository/Item Details Objects/Page_diagnostics/a_Accept Cookies' is clicked on

2022-04-06 19:11:20 - [TEST_STEP][PASSED] - click(findTestObject("New_Homepage/Page_diagnostics/a_COVID-19 DIAGNOSTICS"), STOP_ON_FAILURE): Object: 'Object Repository/New_Homepage/Page_diagnostics/a_COVID-19 DIAGNOSTICS' is clicked on

2022-04-06 19:11:21 - [MESSAGE][PASSED] - Object: 'Object Repository/New_Homepage/Page_diagnostics/a_COVID-19 DIAGNOSTICS' is clicked on

2022-04-06 19:11:21 - [TEST_STEP][PASSED] - mouseOver(findTestObject("New_Homepage/Page_diagnostics/a_Abbott Rapid Diagnostics PANBIO COVID-19 Ag Rapid Test Device (Nasopharyngeal)")): Object: 'Object Repository/New_Homepage/Page_diagnostics/a_Abbott Rapid Diagnostics PANBIO COVID-19 Ag Rapid Test Device (Nasopharyngeal)' is hovered

2022-04-06 19:11:22 - [MESSAGE][PASSED] - Object: 'Object Repository/New_Homepage/Page_diagnostics/a_Abbott Rapid Diagnostics PANBIO COVID-19 Ag Rapid Test Device (Nasopharyngeal)' is hovered

2022-04-06 19:11:22 - [TEST_STEP][PASSED] - click(findTestObject("New_Homepage/Page_diagnostics/a_Abbott Rapid Diagnostics PANBIO COVID-19 Ag Rapid Test Device (Nasopharyngeal)")): Object: 'Object Repository/New_Homepage/Page_diagnostics/a_Abbott Rapid Diagnostics PANBIO COVID-19 Ag Rapid Test Device (Nasopharyngeal)' is clicked on

2022-04-06 19:11:25 - [MESSAGE][PASSED] - Object: 'Object Repository/New_Homepage/Page_diagnostics/a_Abbott Rapid Diagnostics PANBIO COVID-19 Ag Rapid Test Device (Nasopharyngeal)' is clicked on

2022-04-06 19:11:25 - [MESSAGE][PASSED] - Call Test Case 'Test Cases/Custom Item Details/UTILITIES/OPEN_BROWSER' successfully

2022-04-06 19:11:25 - [TEST_STEP][PASSED] - waitForElementVisible(findTestObject("Staging Objects/Page_diagnostics/span_Meter connection to computer"), 0): Web element with id: 'Object Repository/Staging Objects/Page_diagnostics/span_Meter connection to computer' located by '//*[(text() = 'Meter connection to computer:' or . = 'Meter connection to computer:')]' not found

2022-04-06 19:11:25 - [MESSAGE][WARNING] - Timeout '0' is invalid. Using default page load timeout: '30'

2022-04-06 19:11:56 - [MESSAGE][INFO] - Unable to find the element located by 'By.xpath: //*[(text() = 'Meter connection to computer:' or . = 'Meter connection to computer:')]'. Please recheck the objects properties to make sure the desired element is located. 

2022-04-06 19:11:56 - [MESSAGE][WARNING] - Web element with id: 'Object Repository/Staging Objects/Page_diagnostics/span_Meter connection to computer' located by '//*[(text() = 'Meter connection to computer:' or . = 'Meter connection to computer:')]' not found

2022-04-06 19:11:56 - [TEST_STEP][FAILED] - verifyElementPresent(findTestObject("Staging Objects/Page_diagnostics/span_Meter connection to computer"), 0): Unable to verify object 'Object Repository/Staging Objects/Page_diagnostics/span_Meter connection to computer' is present (Root cause: com.kms.katalon.core.exception.StepFailedException: Unable to verify object 'Object Repository/Staging Objects/Page_diagnostics/span_Meter connection to computer' is present
	at com.kms.katalon.core.webui.keyword.internal.WebUIKeywordMain.stepFailed(WebUIKeywordMain.groovy:64)
	at com.kms.katalon.core.webui.keyword.internal.WebUIKeywordMain.runKeyword(WebUIKeywordMain.groovy:26)
	at com.kms.katalon.core.webui.keyword.builtin.VerifyElementPresentKeyword.verifyElementPresent(VerifyElementPresentKeyword.groovy:92)
	at com.kms.katalon.core.webui.keyword.builtin.VerifyElementPresentKeyword.execute(VerifyElementPresentKeyword.groovy:68)
	at com.kms.katalon.core.keyword.internal.KeywordExecutor.executeKeywordForPlatform(KeywordExecutor.groovy:73)
	at com.kms.katalon.core.webui.keyword.WebUiBuiltInKeywords.verifyElementPresent(WebUiBuiltInKeywords.groovy:1461)
	at com.kms.katalon.core.webui.keyword.WebUiBuiltInKeywords$verifyElementPresent$9.call(Unknown Source)
	at TC_DETAILS_UI_033.run(TC_DETAILS_UI_033:22)
	at com.kms.katalon.core.main.ScriptEngine.run(ScriptEngine.java:194)
	at com.kms.katalon.core.main.ScriptEngine.runScriptAsRawText(ScriptEngine.java:119)
	at com.kms.katalon.core.main.TestCaseExecutor.runScript(TestCaseExecutor.java:339)
	at com.kms.katalon.core.main.TestCaseExecutor.doExecute(TestCaseExecutor.java:330)
	at com.kms.katalon.core.main.TestCaseExecutor.processExecutionPhase(TestCaseExecutor.java:309)
	at com.kms.katalon.core.main.TestCaseExecutor.accessMainPhase(TestCaseExecutor.java:301)
	at com.kms.katalon.core.main.TestCaseExecutor.execute(TestCaseExecutor.java:235)
	at com.kms.katalon.core.main.TestSuiteExecutor.accessTestCaseMainPhase(TestSuiteExecutor.java:191)
	at com.kms.katalon.core.main.TestSuiteExecutor.accessTestSuiteMainPhase(TestSuiteExecutor.java:141)
	at com.kms.katalon.core.main.TestSuiteExecutor.execute(TestSuiteExecutor.java:90)
	at com.kms.katalon.core.main.TestCaseMain.startTestSuite(TestCaseMain.java:157)
	at com.kms.katalon.core.main.TestCaseMain$startTestSuite$0.call(Unknown Source)
	at TempTestSuite1649242622951.run(TempTestSuite1649242622951.groovy:39)
Caused by: com.kms.katalon.core.exception.StepFailedException: com.kms.katalon.core.webui.exception.WebElementNotFoundException: Web element with id: 'Object Repository/Staging Objects/Page_diagnostics/span_Meter connection to computer' located by '//*[(text() = 'Meter connection to computer:' or . = 'Meter connection to computer:')]' not found
	at com.kms.katalon.core.webui.keyword.internal.WebUIKeywordMain.stepFailed(WebUIKeywordMain.groovy:64)
	at com.kms.katalon.core.webui.keyword.builtin.VerifyElementPresentKeyword$_verifyElementPresent_closure1.doCall(VerifyElementPresentKeyword.groovy:85)
	at com.kms.katalon.core.webui.keyword.builtin.VerifyElementPresentKeyword$_verifyElementPresent_closure1.call(VerifyElementPresentKeyword.groovy)
	at com.kms.katalon.core.webui.keyword.internal.WebUIKeywordMain.runKeyword(WebUIKeywordMain.groovy:20)
	... 19 more
)

2022-04-06 19:11:56 - [MESSAGE][WARNING] - Timeout '0' is invalid. Using default page load timeout: '30'

2022-04-06 19:12:27 - [MESSAGE][INFO] - Unable to find the element located by 'By.xpath: //*[(text() = 'Meter connection to computer:' or . = 'Meter connection to computer:')]'. Please recheck the objects properties to make sure the desired element is located. 

2022-04-06 19:12:27 - [MESSAGE][FAILED] - com.kms.katalon.core.webui.exception.WebElementNotFoundException: Web element with id: 'Object Repository/Staging Objects/Page_diagnostics/span_Meter connection to computer' located by '//*[(text() = 'Meter connection to computer:' or . = 'Meter connection to computer:')]' not found (Root cause: com.kms.katalon.core.exception.StepFailedException: com.kms.katalon.core.webui.exception.WebElementNotFoundException: Web element with id: 'Object Repository/Staging Objects/Page_diagnostics/span_Meter connection to computer' located by '//*[(text() = 'Meter connection to computer:' or . = 'Meter connection to computer:')]' not found
	at com.kms.katalon.core.webui.keyword.internal.WebUIKeywordMain.stepFailed(WebUIKeywordMain.groovy:64)
	at com.kms.katalon.core.webui.keyword.builtin.VerifyElementPresentKeyword$_verifyElementPresent_closure1.doCall(VerifyElementPresentKeyword.groovy:85)
	at com.kms.katalon.core.webui.keyword.builtin.VerifyElementPresentKeyword$_verifyElementPresent_closure1.call(VerifyElementPresentKeyword.groovy)
	at com.kms.katalon.core.webui.keyword.internal.WebUIKeywordMain.runKeyword(WebUIKeywordMain.groovy:20)
	at com.kms.katalon.core.webui.keyword.builtin.VerifyElementPresentKeyword.verifyElementPresent(VerifyElementPresentKeyword.groovy:92)
	at com.kms.katalon.core.webui.keyword.builtin.VerifyElementPresentKeyword.execute(VerifyElementPresentKeyword.groovy:68)
	at com.kms.katalon.core.keyword.internal.KeywordExecutor.executeKeywordForPlatform(KeywordExecutor.groovy:73)
	at com.kms.katalon.core.webui.keyword.WebUiBuiltInKeywords.verifyElementPresent(WebUiBuiltInKeywords.groovy:1461)
	at com.kms.katalon.core.webui.keyword.WebUiBuiltInKeywords$verifyElementPresent$9.call(Unknown Source)
	at TC_DETAILS_UI_033.run(TC_DETAILS_UI_033:22)
	at com.kms.katalon.core.main.ScriptEngine.run(ScriptEngine.java:194)
	at com.kms.katalon.core.main.ScriptEngine.runScriptAsRawText(ScriptEngine.java:119)
	at com.kms.katalon.core.main.TestCaseExecutor.runScript(TestCaseExecutor.java:339)
	at com.kms.katalon.core.main.TestCaseExecutor.doExecute(TestCaseExecutor.java:330)
	at com.kms.katalon.core.main.TestCaseExecutor.processExecutionPhase(TestCaseExecutor.java:309)
	at com.kms.katalon.core.main.TestCaseExecutor.accessMainPhase(TestCaseExecutor.java:301)
	at com.kms.katalon.core.main.TestCaseExecutor.execute(TestCaseExecutor.java:235)
	at com.kms.katalon.core.main.TestSuiteExecutor.accessTestCaseMainPhase(TestSuiteExecutor.java:191)
	at com.kms.katalon.core.main.TestSuiteExecutor.accessTestSuiteMainPhase(TestSuiteExecutor.java:141)
	at com.kms.katalon.core.main.TestSuiteExecutor.execute(TestSuiteExecutor.java:90)
	at com.kms.katalon.core.main.TestCaseMain.startTestSuite(TestCaseMain.java:157)
	at com.kms.katalon.core.main.TestCaseMain$startTestSuite$0.call(Unknown Source)
	at TempTestSuite1649242622951.run(TempTestSuite1649242622951.groovy:39)
)
[[ATTACHMENT|K:\\Work\\GitHub\\find-item-detail-test_v2\\Reports\\20220406_185701\\Item detail test\\20220406_185702\\1649243547709.png]]

2022-04-06 19:12:27 - [MESSAGE][FAILED] - Unable to verify object 'Object Repository/Staging Objects/Page_diagnostics/span_Meter connection to computer' is present (Root cause: com.kms.katalon.core.exception.StepFailedException: Unable to verify object 'Object Repository/Staging Objects/Page_diagnostics/span_Meter connection to computer' is present
	at com.kms.katalon.core.webui.keyword.internal.WebUIKeywordMain.stepFailed(WebUIKeywordMain.groovy:64)
	at com.kms.katalon.core.webui.keyword.internal.WebUIKeywordMain.runKeyword(WebUIKeywordMain.groovy:26)
	at com.kms.katalon.core.webui.keyword.builtin.VerifyElementPresentKeyword.verifyElementPresent(VerifyElementPresentKeyword.groovy:92)
	at com.kms.katalon.core.webui.keyword.builtin.VerifyElementPresentKeyword.execute(VerifyElementPresentKeyword.groovy:68)
	at com.kms.katalon.core.keyword.internal.KeywordExecutor.executeKeywordForPlatform(KeywordExecutor.groovy:73)
	at com.kms.katalon.core.webui.keyword.WebUiBuiltInKeywords.verifyElementPresent(WebUiBuiltInKeywords.groovy:1461)
	at com.kms.katalon.core.webui.keyword.WebUiBuiltInKeywords$verifyElementPresent$9.call(Unknown Source)
	at TC_DETAILS_UI_033.run(TC_DETAILS_UI_033:22)
	at com.kms.katalon.core.main.ScriptEngine.run(ScriptEngine.java:194)
	at com.kms.katalon.core.main.ScriptEngine.runScriptAsRawText(ScriptEngine.java:119)
	at com.kms.katalon.core.main.TestCaseExecutor.runScript(TestCaseExecutor.java:339)
	at com.kms.katalon.core.main.TestCaseExecutor.doExecute(TestCaseExecutor.java:330)
	at com.kms.katalon.core.main.TestCaseExecutor.processExecutionPhase(TestCaseExecutor.java:309)
	at com.kms.katalon.core.main.TestCaseExecutor.accessMainPhase(TestCaseExecutor.java:301)
	at com.kms.katalon.core.main.TestCaseExecutor.execute(TestCaseExecutor.java:235)
	at com.kms.katalon.core.main.TestSuiteExecutor.accessTestCaseMainPhase(TestSuiteExecutor.java:191)
	at com.kms.katalon.core.main.TestSuiteExecutor.accessTestSuiteMainPhase(TestSuiteExecutor.java:141)
	at com.kms.katalon.core.main.TestSuiteExecutor.execute(TestSuiteExecutor.java:90)
	at com.kms.katalon.core.main.TestCaseMain.startTestSuite(TestCaseMain.java:157)
	at com.kms.katalon.core.main.TestCaseMain$startTestSuite$0.call(Unknown Source)
	at TempTestSuite1649242622951.run(TempTestSuite1649242622951.groovy:39)
Caused by: com.kms.katalon.core.exception.StepFailedException: com.kms.katalon.core.webui.exception.WebElementNotFoundException: Web element with id: 'Object Repository/Staging Objects/Page_diagnostics/span_Meter connection to computer' located by '//*[(text() = 'Meter connection to computer:' or . = 'Meter connection to computer:')]' not found
	at com.kms.katalon.core.webui.keyword.internal.WebUIKeywordMain.stepFailed(WebUIKeywordMain.groovy:64)
	at com.kms.katalon.core.webui.keyword.builtin.VerifyElementPresentKeyword$_verifyElementPresent_closure1.doCall(VerifyElementPresentKeyword.groovy:85)
	at com.kms.katalon.core.webui.keyword.builtin.VerifyElementPresentKeyword$_verifyElementPresent_closure1.call(VerifyElementPresentKeyword.groovy)
	at com.kms.katalon.core.webui.keyword.internal.WebUIKeywordMain.runKeyword(WebUIKeywordMain.groovy:20)
	... 19 more
)
[[ATTACHMENT|K:\\Work\\GitHub\\find-item-detail-test_v2\\Reports\\20220406_185701\\Item detail test\\20220406_185702\\1649243547854.png]]]]></system-out>
         <system-err><![CDATA[2022-04-06 19:11:14 - [TEST_CASE][FAILED] - Test Cases/Custom Item Details/TEST CASE/TC_DETAILS_UI_033: Test Cases/Custom Item Details/TEST CASE/TC_DETAILS_UI_033 FAILED.
Reason:
com.kms.katalon.core.exception.StepFailedException: Unable to verify object 'Object Repository/Staging Objects/Page_diagnostics/span_Meter connection to computer' is present
	at com.kms.katalon.core.webui.keyword.internal.WebUIKeywordMain.stepFailed(WebUIKeywordMain.groovy:64)
	at com.kms.katalon.core.webui.keyword.internal.WebUIKeywordMain.runKeyword(WebUIKeywordMain.groovy:26)
	at com.kms.katalon.core.webui.keyword.builtin.VerifyElementPresentKeyword.verifyElementPresent(VerifyElementPresentKeyword.groovy:92)
	at com.kms.katalon.core.webui.keyword.builtin.VerifyElementPresentKeyword.execute(VerifyElementPresentKeyword.groovy:68)
	at com.kms.katalon.core.keyword.internal.KeywordExecutor.executeKeywordForPlatform(KeywordExecutor.groovy:73)
	at com.kms.katalon.core.webui.keyword.WebUiBuiltInKeywords.verifyElementPresent(WebUiBuiltInKeywords.groovy:1461)
	at com.kms.katalon.core.webui.keyword.WebUiBuiltInKeywords$verifyElementPresent$9.call(Unknown Source)
	at TC_DETAILS_UI_033.run(TC_DETAILS_UI_033:22)
	at com.kms.katalon.core.main.ScriptEngine.run(ScriptEngine.java:194)
	at com.kms.katalon.core.main.ScriptEngine.runScriptAsRawText(ScriptEngine.java:119)
	at com.kms.katalon.core.main.TestCaseExecutor.runScript(TestCaseExecutor.java:339)
	at com.kms.katalon.core.main.TestCaseExecutor.doExecute(TestCaseExecutor.java:330)
	at com.kms.katalon.core.main.TestCaseExecutor.processExecutionPhase(TestCaseExecutor.java:309)
	at com.kms.katalon.core.main.TestCaseExecutor.accessMainPhase(TestCaseExecutor.java:301)
	at com.kms.katalon.core.main.TestCaseExecutor.execute(TestCaseExecutor.java:235)
	at com.kms.katalon.core.main.TestSuiteExecutor.accessTestCaseMainPhase(TestSuiteExecutor.java:191)
	at com.kms.katalon.core.main.TestSuiteExecutor.accessTestSuiteMainPhase(TestSuiteExecutor.java:141)
	at com.kms.katalon.core.main.TestSuiteExecutor.execute(TestSuiteExecutor.java:90)
	at com.kms.katalon.core.main.TestCaseMain.startTestSuite(TestCaseMain.java:157)
	at com.kms.katalon.core.main.TestCaseMain$startTestSuite$0.call(Unknown Source)
	at TempTestSuite1649242622951.run(TempTestSuite1649242622951.groovy:39)
Caused by: com.kms.katalon.core.exception.StepFailedException: com.kms.katalon.core.webui.exception.WebElementNotFoundException: Web element with id: 'Object Repository/Staging Objects/Page_diagnostics/span_Meter connection to computer' located by '//*[(text() = 'Meter connection to computer:' or . = 'Meter connection to computer:')]' not found
	at com.kms.katalon.core.webui.keyword.internal.WebUIKeywordMain.stepFailed(WebUIKeywordMain.groovy:64)
	at com.kms.katalon.core.webui.keyword.builtin.VerifyElementPresentKeyword$_verifyElementPresent_closure1.doCall(VerifyElementPresentKeyword.groovy:85)
	at com.kms.katalon.core.webui.keyword.builtin.VerifyElementPresentKeyword$_verifyElementPresent_closure1.call(VerifyElementPresentKeyword.groovy)
	at com.kms.katalon.core.webui.keyword.internal.WebUIKeywordMain.runKeyword(WebUIKeywordMain.groovy:20)
	... 19 more]]></system-err>
      </testcase>
      <testcase name="Test Cases/Custom Item Details/TEST CASE/TC_DETAILS_UI_034" time="73.721" classname="Test Cases/Custom Item Details/TEST CASE/TC_DETAILS_UI_034" status="FAILED">
         <failure type="FAILED" message="Test Cases/Custom Item Details/TEST CASE/TC_DETAILS_UI_034 FAILED.
Reason:
com.kms.katalon.core.exception.StepFailedException: Unable to verify object 'Object Repository/Staging Objects/Page_diagnostics/span_Meter connectivity' is present
	at com.kms.katalon.core.webui.keyword.internal.WebUIKeywordMain.stepFailed(WebUIKeywordMain.groovy:64)
	at com.kms.katalon.core.webui.keyword.internal.WebUIKeywordMain.runKeyword(WebUIKeywordMain.groovy:26)
	at com.kms.katalon.core.webui.keyword.builtin.VerifyElementPresentKeyword.verifyElementPresent(VerifyElementPresentKeyword.groovy:92)
	at com.kms.katalon.core.webui.keyword.builtin.VerifyElementPresentKeyword.execute(VerifyElementPresentKeyword.groovy:68)
	at com.kms.katalon.core.keyword.internal.KeywordExecutor.executeKeywordForPlatform(KeywordExecutor.groovy:73)
	at com.kms.katalon.core.webui.keyword.WebUiBuiltInKeywords.verifyElementPresent(WebUiBuiltInKeywords.groovy:1461)
	at com.kms.katalon.core.webui.keyword.WebUiBuiltInKeywords$verifyElementPresent$9.call(Unknown Source)
	at TC_DETAILS_UI_034.run(TC_DETAILS_UI_034:22)
	at com.kms.katalon.core.main.ScriptEngine.run(ScriptEngine.java:194)
	at com.kms.katalon.core.main.ScriptEngine.runScriptAsRawText(ScriptEngine.java:119)
	at com.kms.katalon.core.main.TestCaseExecutor.runScript(TestCaseExecutor.java:339)
	at com.kms.katalon.core.main.TestCaseExecutor.doExecute(TestCaseExecutor.java:330)
	at com.kms.katalon.core.main.TestCaseExecutor.processExecutionPhase(TestCaseExecutor.java:309)
	at com.kms.katalon.core.main.TestCaseExecutor.accessMainPhase(TestCaseExecutor.java:301)
	at com.kms.katalon.core.main.TestCaseExecutor.execute(TestCaseExecutor.java:235)
	at com.kms.katalon.core.main.TestSuiteExecutor.accessTestCaseMainPhase(TestSuiteExecutor.java:191)
	at com.kms.katalon.core.main.TestSuiteExecutor.accessTestSuiteMainPhase(TestSuiteExecutor.java:141)
	at com.kms.katalon.core.main.TestSuiteExecutor.execute(TestSuiteExecutor.java:90)
	at com.kms.katalon.core.main.TestCaseMain.startTestSuite(TestCaseMain.java:157)
	at com.kms.katalon.core.main.TestCaseMain$startTestSuite$0.call(Unknown Source)
	at TempTestSuite1649242622951.run(TempTestSuite1649242622951.groovy:39)
Caused by: com.kms.katalon.core.exception.StepFailedException: com.kms.katalon.core.webui.exception.WebElementNotFoundException: Web element with id: 'Object Repository/Staging Objects/Page_diagnostics/span_Meter connectivity' located by '//*[(text() = 'Meter connectivity:' or . = 'Meter connectivity:')]' not found
	at com.kms.katalon.core.webui.keyword.internal.WebUIKeywordMain.stepFailed(WebUIKeywordMain.groovy:64)
	at com.kms.katalon.core.webui.keyword.builtin.VerifyElementPresentKeyword$_verifyElementPresent_closure1.doCall(VerifyElementPresentKeyword.groovy:85)
	at com.kms.katalon.core.webui.keyword.builtin.VerifyElementPresentKeyword$_verifyElementPresent_closure1.call(VerifyElementPresentKeyword.groovy)
	at com.kms.katalon.core.webui.keyword.internal.WebUIKeywordMain.runKeyword(WebUIKeywordMain.groovy:20)
	... 19 more
"/>
         <system-out><![CDATA[2022-04-06 19:12:28 - [TEST_CASE][FAILED] - Test Cases/Custom Item Details/TEST CASE/TC_DETAILS_UI_034: Test Cases/Custom Item Details/TEST CASE/TC_DETAILS_UI_034 FAILED.
Reason:
com.kms.katalon.core.exception.StepFailedException: Unable to verify object 'Object Repository/Staging Objects/Page_diagnostics/span_Meter connectivity' is present
	at com.kms.katalon.core.webui.keyword.internal.WebUIKeywordMain.stepFailed(WebUIKeywordMain.groovy:64)
	at com.kms.katalon.core.webui.keyword.internal.WebUIKeywordMain.runKeyword(WebUIKeywordMain.groovy:26)
	at com.kms.katalon.core.webui.keyword.builtin.VerifyElementPresentKeyword.verifyElementPresent(VerifyElementPresentKeyword.groovy:92)
	at com.kms.katalon.core.webui.keyword.builtin.VerifyElementPresentKeyword.execute(VerifyElementPresentKeyword.groovy:68)
	at com.kms.katalon.core.keyword.internal.KeywordExecutor.executeKeywordForPlatform(KeywordExecutor.groovy:73)
	at com.kms.katalon.core.webui.keyword.WebUiBuiltInKeywords.verifyElementPresent(WebUiBuiltInKeywords.groovy:1461)
	at com.kms.katalon.core.webui.keyword.WebUiBuiltInKeywords$verifyElementPresent$9.call(Unknown Source)
	at TC_DETAILS_UI_034.run(TC_DETAILS_UI_034:22)
	at com.kms.katalon.core.main.ScriptEngine.run(ScriptEngine.java:194)
	at com.kms.katalon.core.main.ScriptEngine.runScriptAsRawText(ScriptEngine.java:119)
	at com.kms.katalon.core.main.TestCaseExecutor.runScript(TestCaseExecutor.java:339)
	at com.kms.katalon.core.main.TestCaseExecutor.doExecute(TestCaseExecutor.java:330)
	at com.kms.katalon.core.main.TestCaseExecutor.processExecutionPhase(TestCaseExecutor.java:309)
	at com.kms.katalon.core.main.TestCaseExecutor.accessMainPhase(TestCaseExecutor.java:301)
	at com.kms.katalon.core.main.TestCaseExecutor.execute(TestCaseExecutor.java:235)
	at com.kms.katalon.core.main.TestSuiteExecutor.accessTestCaseMainPhase(TestSuiteExecutor.java:191)
	at com.kms.katalon.core.main.TestSuiteExecutor.accessTestSuiteMainPhase(TestSuiteExecutor.java:141)
	at com.kms.katalon.core.main.TestSuiteExecutor.execute(TestSuiteExecutor.java:90)
	at com.kms.katalon.core.main.TestCaseMain.startTestSuite(TestCaseMain.java:157)
	at com.kms.katalon.core.main.TestCaseMain$startTestSuite$0.call(Unknown Source)
	at TempTestSuite1649242622951.run(TempTestSuite1649242622951.groovy:39)
Caused by: com.kms.katalon.core.exception.StepFailedException: com.kms.katalon.core.webui.exception.WebElementNotFoundException: Web element with id: 'Object Repository/Staging Objects/Page_diagnostics/span_Meter connectivity' located by '//*[(text() = 'Meter connectivity:' or . = 'Meter connectivity:')]' not found
	at com.kms.katalon.core.webui.keyword.internal.WebUIKeywordMain.stepFailed(WebUIKeywordMain.groovy:64)
	at com.kms.katalon.core.webui.keyword.builtin.VerifyElementPresentKeyword$_verifyElementPresent_closure1.doCall(VerifyElementPresentKeyword.groovy:85)
	at com.kms.katalon.core.webui.keyword.builtin.VerifyElementPresentKeyword$_verifyElementPresent_closure1.call(VerifyElementPresentKeyword.groovy)
	at com.kms.katalon.core.webui.keyword.internal.WebUIKeywordMain.runKeyword(WebUIKeywordMain.groovy:20)
	... 19 more


2022-04-06 19:12:28 - [TEST_STEP][PASSED] - callTestCase(findTestCase("Custom Item Details/UTILITIES/OPEN_BROWSER"), [:], STOP_ON_FAILURE): Call Test Case 'Test Cases/Custom Item Details/UTILITIES/OPEN_BROWSER' successfully

2022-04-06 19:12:28 - [TEST_CASE][PASSED] - Test Cases/Custom Item Details/UTILITIES/OPEN_BROWSER: Test Cases/Custom Item Details/UTILITIES/OPEN_BROWSER

2022-04-06 19:12:28 - [TEST_STEP][PASSED] - openBrowser("https://diagnostics.staging.arcadier.io/"): Browser is opened with url: 'https://diagnostics.staging.arcadier.io/'

2022-04-06 19:12:28 - [MESSAGE][WARNING] - A browser is already opened. Closing browser and opening a new one

2022-04-06 19:12:28 - [MESSAGE][INFO] - Starting 'Chrome' driver

2022-04-06 19:12:28 - [MESSAGE][INFO] - Action delay is set to 0 milliseconds

2022-04-06 19:12:31 - [MESSAGE][PASSED] - Browser is opened with url: 'https://diagnostics.staging.arcadier.io/'

2022-04-06 19:12:31 - [TEST_STEP][PASSED] - maximizeWindow(): Current window maximized

2022-04-06 19:12:32 - [MESSAGE][PASSED] - Current window maximized

2022-04-06 19:12:32 - [TEST_STEP][PASSED] - click(findTestObject("Item Details Objects/Page_diagnostics/a_Accept Cookies")): Object: 'Object Repository/Item Details Objects/Page_diagnostics/a_Accept Cookies' is clicked on

2022-04-06 19:12:33 - [MESSAGE][PASSED] - Object: 'Object Repository/Item Details Objects/Page_diagnostics/a_Accept Cookies' is clicked on

2022-04-06 19:12:33 - [TEST_STEP][PASSED] - click(findTestObject("New_Homepage/Page_diagnostics/a_COVID-19 DIAGNOSTICS"), STOP_ON_FAILURE): Object: 'Object Repository/New_Homepage/Page_diagnostics/a_COVID-19 DIAGNOSTICS' is clicked on

2022-04-06 19:12:34 - [MESSAGE][PASSED] - Object: 'Object Repository/New_Homepage/Page_diagnostics/a_COVID-19 DIAGNOSTICS' is clicked on

2022-04-06 19:12:34 - [TEST_STEP][PASSED] - mouseOver(findTestObject("New_Homepage/Page_diagnostics/a_Abbott Rapid Diagnostics PANBIO COVID-19 Ag Rapid Test Device (Nasopharyngeal)")): Object: 'Object Repository/New_Homepage/Page_diagnostics/a_Abbott Rapid Diagnostics PANBIO COVID-19 Ag Rapid Test Device (Nasopharyngeal)' is hovered

2022-04-06 19:12:36 - [MESSAGE][PASSED] - Object: 'Object Repository/New_Homepage/Page_diagnostics/a_Abbott Rapid Diagnostics PANBIO COVID-19 Ag Rapid Test Device (Nasopharyngeal)' is hovered

2022-04-06 19:12:36 - [TEST_STEP][PASSED] - click(findTestObject("New_Homepage/Page_diagnostics/a_Abbott Rapid Diagnostics PANBIO COVID-19 Ag Rapid Test Device (Nasopharyngeal)")): Object: 'Object Repository/New_Homepage/Page_diagnostics/a_Abbott Rapid Diagnostics PANBIO COVID-19 Ag Rapid Test Device (Nasopharyngeal)' is clicked on

2022-04-06 19:12:38 - [MESSAGE][PASSED] - Object: 'Object Repository/New_Homepage/Page_diagnostics/a_Abbott Rapid Diagnostics PANBIO COVID-19 Ag Rapid Test Device (Nasopharyngeal)' is clicked on

2022-04-06 19:12:38 - [MESSAGE][PASSED] - Call Test Case 'Test Cases/Custom Item Details/UTILITIES/OPEN_BROWSER' successfully

2022-04-06 19:12:38 - [TEST_STEP][PASSED] - waitForElementVisible(findTestObject("Staging Objects/Page_diagnostics/span_Meter connectivity"), 0): Web element with id: 'Object Repository/Staging Objects/Page_diagnostics/span_Meter connectivity' located by '//*[(text() = 'Meter connectivity:' or . = 'Meter connectivity:')]' not found

2022-04-06 19:12:39 - [MESSAGE][WARNING] - Timeout '0' is invalid. Using default page load timeout: '30'

2022-04-06 19:13:10 - [MESSAGE][INFO] - Unable to find the element located by 'By.xpath: //*[(text() = 'Meter connectivity:' or . = 'Meter connectivity:')]'. Please recheck the objects properties to make sure the desired element is located. 

2022-04-06 19:13:10 - [MESSAGE][WARNING] - Web element with id: 'Object Repository/Staging Objects/Page_diagnostics/span_Meter connectivity' located by '//*[(text() = 'Meter connectivity:' or . = 'Meter connectivity:')]' not found

2022-04-06 19:13:10 - [TEST_STEP][FAILED] - verifyElementPresent(findTestObject("Staging Objects/Page_diagnostics/span_Meter connectivity"), 0): Unable to verify object 'Object Repository/Staging Objects/Page_diagnostics/span_Meter connectivity' is present (Root cause: com.kms.katalon.core.exception.StepFailedException: Unable to verify object 'Object Repository/Staging Objects/Page_diagnostics/span_Meter connectivity' is present
	at com.kms.katalon.core.webui.keyword.internal.WebUIKeywordMain.stepFailed(WebUIKeywordMain.groovy:64)
	at com.kms.katalon.core.webui.keyword.internal.WebUIKeywordMain.runKeyword(WebUIKeywordMain.groovy:26)
	at com.kms.katalon.core.webui.keyword.builtin.VerifyElementPresentKeyword.verifyElementPresent(VerifyElementPresentKeyword.groovy:92)
	at com.kms.katalon.core.webui.keyword.builtin.VerifyElementPresentKeyword.execute(VerifyElementPresentKeyword.groovy:68)
	at com.kms.katalon.core.keyword.internal.KeywordExecutor.executeKeywordForPlatform(KeywordExecutor.groovy:73)
	at com.kms.katalon.core.webui.keyword.WebUiBuiltInKeywords.verifyElementPresent(WebUiBuiltInKeywords.groovy:1461)
	at com.kms.katalon.core.webui.keyword.WebUiBuiltInKeywords$verifyElementPresent$9.call(Unknown Source)
	at TC_DETAILS_UI_034.run(TC_DETAILS_UI_034:22)
	at com.kms.katalon.core.main.ScriptEngine.run(ScriptEngine.java:194)
	at com.kms.katalon.core.main.ScriptEngine.runScriptAsRawText(ScriptEngine.java:119)
	at com.kms.katalon.core.main.TestCaseExecutor.runScript(TestCaseExecutor.java:339)
	at com.kms.katalon.core.main.TestCaseExecutor.doExecute(TestCaseExecutor.java:330)
	at com.kms.katalon.core.main.TestCaseExecutor.processExecutionPhase(TestCaseExecutor.java:309)
	at com.kms.katalon.core.main.TestCaseExecutor.accessMainPhase(TestCaseExecutor.java:301)
	at com.kms.katalon.core.main.TestCaseExecutor.execute(TestCaseExecutor.java:235)
	at com.kms.katalon.core.main.TestSuiteExecutor.accessTestCaseMainPhase(TestSuiteExecutor.java:191)
	at com.kms.katalon.core.main.TestSuiteExecutor.accessTestSuiteMainPhase(TestSuiteExecutor.java:141)
	at com.kms.katalon.core.main.TestSuiteExecutor.execute(TestSuiteExecutor.java:90)
	at com.kms.katalon.core.main.TestCaseMain.startTestSuite(TestCaseMain.java:157)
	at com.kms.katalon.core.main.TestCaseMain$startTestSuite$0.call(Unknown Source)
	at TempTestSuite1649242622951.run(TempTestSuite1649242622951.groovy:39)
Caused by: com.kms.katalon.core.exception.StepFailedException: com.kms.katalon.core.webui.exception.WebElementNotFoundException: Web element with id: 'Object Repository/Staging Objects/Page_diagnostics/span_Meter connectivity' located by '//*[(text() = 'Meter connectivity:' or . = 'Meter connectivity:')]' not found
	at com.kms.katalon.core.webui.keyword.internal.WebUIKeywordMain.stepFailed(WebUIKeywordMain.groovy:64)
	at com.kms.katalon.core.webui.keyword.builtin.VerifyElementPresentKeyword$_verifyElementPresent_closure1.doCall(VerifyElementPresentKeyword.groovy:85)
	at com.kms.katalon.core.webui.keyword.builtin.VerifyElementPresentKeyword$_verifyElementPresent_closure1.call(VerifyElementPresentKeyword.groovy)
	at com.kms.katalon.core.webui.keyword.internal.WebUIKeywordMain.runKeyword(WebUIKeywordMain.groovy:20)
	... 19 more
)

2022-04-06 19:13:10 - [MESSAGE][WARNING] - Timeout '0' is invalid. Using default page load timeout: '30'

2022-04-06 19:13:41 - [MESSAGE][INFO] - Unable to find the element located by 'By.xpath: //*[(text() = 'Meter connectivity:' or . = 'Meter connectivity:')]'. Please recheck the objects properties to make sure the desired element is located. 

2022-04-06 19:13:41 - [MESSAGE][FAILED] - com.kms.katalon.core.webui.exception.WebElementNotFoundException: Web element with id: 'Object Repository/Staging Objects/Page_diagnostics/span_Meter connectivity' located by '//*[(text() = 'Meter connectivity:' or . = 'Meter connectivity:')]' not found (Root cause: com.kms.katalon.core.exception.StepFailedException: com.kms.katalon.core.webui.exception.WebElementNotFoundException: Web element with id: 'Object Repository/Staging Objects/Page_diagnostics/span_Meter connectivity' located by '//*[(text() = 'Meter connectivity:' or . = 'Meter connectivity:')]' not found
	at com.kms.katalon.core.webui.keyword.internal.WebUIKeywordMain.stepFailed(WebUIKeywordMain.groovy:64)
	at com.kms.katalon.core.webui.keyword.builtin.VerifyElementPresentKeyword$_verifyElementPresent_closure1.doCall(VerifyElementPresentKeyword.groovy:85)
	at com.kms.katalon.core.webui.keyword.builtin.VerifyElementPresentKeyword$_verifyElementPresent_closure1.call(VerifyElementPresentKeyword.groovy)
	at com.kms.katalon.core.webui.keyword.internal.WebUIKeywordMain.runKeyword(WebUIKeywordMain.groovy:20)
	at com.kms.katalon.core.webui.keyword.builtin.VerifyElementPresentKeyword.verifyElementPresent(VerifyElementPresentKeyword.groovy:92)
	at com.kms.katalon.core.webui.keyword.builtin.VerifyElementPresentKeyword.execute(VerifyElementPresentKeyword.groovy:68)
	at com.kms.katalon.core.keyword.internal.KeywordExecutor.executeKeywordForPlatform(KeywordExecutor.groovy:73)
	at com.kms.katalon.core.webui.keyword.WebUiBuiltInKeywords.verifyElementPresent(WebUiBuiltInKeywords.groovy:1461)
	at com.kms.katalon.core.webui.keyword.WebUiBuiltInKeywords$verifyElementPresent$9.call(Unknown Source)
	at TC_DETAILS_UI_034.run(TC_DETAILS_UI_034:22)
	at com.kms.katalon.core.main.ScriptEngine.run(ScriptEngine.java:194)
	at com.kms.katalon.core.main.ScriptEngine.runScriptAsRawText(ScriptEngine.java:119)
	at com.kms.katalon.core.main.TestCaseExecutor.runScript(TestCaseExecutor.java:339)
	at com.kms.katalon.core.main.TestCaseExecutor.doExecute(TestCaseExecutor.java:330)
	at com.kms.katalon.core.main.TestCaseExecutor.processExecutionPhase(TestCaseExecutor.java:309)
	at com.kms.katalon.core.main.TestCaseExecutor.accessMainPhase(TestCaseExecutor.java:301)
	at com.kms.katalon.core.main.TestCaseExecutor.execute(TestCaseExecutor.java:235)
	at com.kms.katalon.core.main.TestSuiteExecutor.accessTestCaseMainPhase(TestSuiteExecutor.java:191)
	at com.kms.katalon.core.main.TestSuiteExecutor.accessTestSuiteMainPhase(TestSuiteExecutor.java:141)
	at com.kms.katalon.core.main.TestSuiteExecutor.execute(TestSuiteExecutor.java:90)
	at com.kms.katalon.core.main.TestCaseMain.startTestSuite(TestCaseMain.java:157)
	at com.kms.katalon.core.main.TestCaseMain$startTestSuite$0.call(Unknown Source)
	at TempTestSuite1649242622951.run(TempTestSuite1649242622951.groovy:39)
)
[[ATTACHMENT|K:\\Work\\GitHub\\find-item-detail-test_v2\\Reports\\20220406_185701\\Item detail test\\20220406_185702\\1649243621420.png]]

2022-04-06 19:13:41 - [MESSAGE][FAILED] - Unable to verify object 'Object Repository/Staging Objects/Page_diagnostics/span_Meter connectivity' is present (Root cause: com.kms.katalon.core.exception.StepFailedException: Unable to verify object 'Object Repository/Staging Objects/Page_diagnostics/span_Meter connectivity' is present
	at com.kms.katalon.core.webui.keyword.internal.WebUIKeywordMain.stepFailed(WebUIKeywordMain.groovy:64)
	at com.kms.katalon.core.webui.keyword.internal.WebUIKeywordMain.runKeyword(WebUIKeywordMain.groovy:26)
	at com.kms.katalon.core.webui.keyword.builtin.VerifyElementPresentKeyword.verifyElementPresent(VerifyElementPresentKeyword.groovy:92)
	at com.kms.katalon.core.webui.keyword.builtin.VerifyElementPresentKeyword.execute(VerifyElementPresentKeyword.groovy:68)
	at com.kms.katalon.core.keyword.internal.KeywordExecutor.executeKeywordForPlatform(KeywordExecutor.groovy:73)
	at com.kms.katalon.core.webui.keyword.WebUiBuiltInKeywords.verifyElementPresent(WebUiBuiltInKeywords.groovy:1461)
	at com.kms.katalon.core.webui.keyword.WebUiBuiltInKeywords$verifyElementPresent$9.call(Unknown Source)
	at TC_DETAILS_UI_034.run(TC_DETAILS_UI_034:22)
	at com.kms.katalon.core.main.ScriptEngine.run(ScriptEngine.java:194)
	at com.kms.katalon.core.main.ScriptEngine.runScriptAsRawText(ScriptEngine.java:119)
	at com.kms.katalon.core.main.TestCaseExecutor.runScript(TestCaseExecutor.java:339)
	at com.kms.katalon.core.main.TestCaseExecutor.doExecute(TestCaseExecutor.java:330)
	at com.kms.katalon.core.main.TestCaseExecutor.processExecutionPhase(TestCaseExecutor.java:309)
	at com.kms.katalon.core.main.TestCaseExecutor.accessMainPhase(TestCaseExecutor.java:301)
	at com.kms.katalon.core.main.TestCaseExecutor.execute(TestCaseExecutor.java:235)
	at com.kms.katalon.core.main.TestSuiteExecutor.accessTestCaseMainPhase(TestSuiteExecutor.java:191)
	at com.kms.katalon.core.main.TestSuiteExecutor.accessTestSuiteMainPhase(TestSuiteExecutor.java:141)
	at com.kms.katalon.core.main.TestSuiteExecutor.execute(TestSuiteExecutor.java:90)
	at com.kms.katalon.core.main.TestCaseMain.startTestSuite(TestCaseMain.java:157)
	at com.kms.katalon.core.main.TestCaseMain$startTestSuite$0.call(Unknown Source)
	at TempTestSuite1649242622951.run(TempTestSuite1649242622951.groovy:39)
Caused by: com.kms.katalon.core.exception.StepFailedException: com.kms.katalon.core.webui.exception.WebElementNotFoundException: Web element with id: 'Object Repository/Staging Objects/Page_diagnostics/span_Meter connectivity' located by '//*[(text() = 'Meter connectivity:' or . = 'Meter connectivity:')]' not found
	at com.kms.katalon.core.webui.keyword.internal.WebUIKeywordMain.stepFailed(WebUIKeywordMain.groovy:64)
	at com.kms.katalon.core.webui.keyword.builtin.VerifyElementPresentKeyword$_verifyElementPresent_closure1.doCall(VerifyElementPresentKeyword.groovy:85)
	at com.kms.katalon.core.webui.keyword.builtin.VerifyElementPresentKeyword$_verifyElementPresent_closure1.call(VerifyElementPresentKeyword.groovy)
	at com.kms.katalon.core.webui.keyword.internal.WebUIKeywordMain.runKeyword(WebUIKeywordMain.groovy:20)
	... 19 more
)
[[ATTACHMENT|K:\\Work\\GitHub\\find-item-detail-test_v2\\Reports\\20220406_185701\\Item detail test\\20220406_185702\\1649243621580.png]]]]></system-out>
         <system-err><![CDATA[2022-04-06 19:12:28 - [TEST_CASE][FAILED] - Test Cases/Custom Item Details/TEST CASE/TC_DETAILS_UI_034: Test Cases/Custom Item Details/TEST CASE/TC_DETAILS_UI_034 FAILED.
Reason:
com.kms.katalon.core.exception.StepFailedException: Unable to verify object 'Object Repository/Staging Objects/Page_diagnostics/span_Meter connectivity' is present
	at com.kms.katalon.core.webui.keyword.internal.WebUIKeywordMain.stepFailed(WebUIKeywordMain.groovy:64)
	at com.kms.katalon.core.webui.keyword.internal.WebUIKeywordMain.runKeyword(WebUIKeywordMain.groovy:26)
	at com.kms.katalon.core.webui.keyword.builtin.VerifyElementPresentKeyword.verifyElementPresent(VerifyElementPresentKeyword.groovy:92)
	at com.kms.katalon.core.webui.keyword.builtin.VerifyElementPresentKeyword.execute(VerifyElementPresentKeyword.groovy:68)
	at com.kms.katalon.core.keyword.internal.KeywordExecutor.executeKeywordForPlatform(KeywordExecutor.groovy:73)
	at com.kms.katalon.core.webui.keyword.WebUiBuiltInKeywords.verifyElementPresent(WebUiBuiltInKeywords.groovy:1461)
	at com.kms.katalon.core.webui.keyword.WebUiBuiltInKeywords$verifyElementPresent$9.call(Unknown Source)
	at TC_DETAILS_UI_034.run(TC_DETAILS_UI_034:22)
	at com.kms.katalon.core.main.ScriptEngine.run(ScriptEngine.java:194)
	at com.kms.katalon.core.main.ScriptEngine.runScriptAsRawText(ScriptEngine.java:119)
	at com.kms.katalon.core.main.TestCaseExecutor.runScript(TestCaseExecutor.java:339)
	at com.kms.katalon.core.main.TestCaseExecutor.doExecute(TestCaseExecutor.java:330)
	at com.kms.katalon.core.main.TestCaseExecutor.processExecutionPhase(TestCaseExecutor.java:309)
	at com.kms.katalon.core.main.TestCaseExecutor.accessMainPhase(TestCaseExecutor.java:301)
	at com.kms.katalon.core.main.TestCaseExecutor.execute(TestCaseExecutor.java:235)
	at com.kms.katalon.core.main.TestSuiteExecutor.accessTestCaseMainPhase(TestSuiteExecutor.java:191)
	at com.kms.katalon.core.main.TestSuiteExecutor.accessTestSuiteMainPhase(TestSuiteExecutor.java:141)
	at com.kms.katalon.core.main.TestSuiteExecutor.execute(TestSuiteExecutor.java:90)
	at com.kms.katalon.core.main.TestCaseMain.startTestSuite(TestCaseMain.java:157)
	at com.kms.katalon.core.main.TestCaseMain$startTestSuite$0.call(Unknown Source)
	at TempTestSuite1649242622951.run(TempTestSuite1649242622951.groovy:39)
Caused by: com.kms.katalon.core.exception.StepFailedException: com.kms.katalon.core.webui.exception.WebElementNotFoundException: Web element with id: 'Object Repository/Staging Objects/Page_diagnostics/span_Meter connectivity' located by '//*[(text() = 'Meter connectivity:' or . = 'Meter connectivity:')]' not found
	at com.kms.katalon.core.webui.keyword.internal.WebUIKeywordMain.stepFailed(WebUIKeywordMain.groovy:64)
	at com.kms.katalon.core.webui.keyword.builtin.VerifyElementPresentKeyword$_verifyElementPresent_closure1.doCall(VerifyElementPresentKeyword.groovy:85)
	at com.kms.katalon.core.webui.keyword.builtin.VerifyElementPresentKeyword$_verifyElementPresent_closure1.call(VerifyElementPresentKeyword.groovy)
	at com.kms.katalon.core.webui.keyword.internal.WebUIKeywordMain.runKeyword(WebUIKeywordMain.groovy:20)
	... 19 more]]></system-err>
      </testcase>
      <testcase name="Test Cases/Custom Item Details/TEST CASE/TC_DETAILS_UI_035" time="16.392" classname="Test Cases/Custom Item Details/TEST CASE/TC_DETAILS_UI_035" status="PASSED">
         <system-out><![CDATA[2022-04-06 19:13:41 - [TEST_CASE][PASSED] - Test Cases/Custom Item Details/TEST CASE/TC_DETAILS_UI_035: Test Cases/Custom Item Details/TEST CASE/TC_DETAILS_UI_035

2022-04-06 19:13:41 - [TEST_STEP][PASSED] - callTestCase(findTestCase("Custom Item Details/UTILITIES/OPEN_BROWSER"), [:], STOP_ON_FAILURE): Call Test Case 'Test Cases/Custom Item Details/UTILITIES/OPEN_BROWSER' successfully

2022-04-06 19:13:41 - [TEST_CASE][PASSED] - Test Cases/Custom Item Details/UTILITIES/OPEN_BROWSER: Test Cases/Custom Item Details/UTILITIES/OPEN_BROWSER

2022-04-06 19:13:41 - [TEST_STEP][PASSED] - openBrowser("https://diagnostics.staging.arcadier.io/"): Browser is opened with url: 'https://diagnostics.staging.arcadier.io/'

2022-04-06 19:13:41 - [MESSAGE][WARNING] - A browser is already opened. Closing browser and opening a new one

2022-04-06 19:13:42 - [MESSAGE][INFO] - Starting 'Chrome' driver

2022-04-06 19:13:42 - [MESSAGE][INFO] - Action delay is set to 0 milliseconds

2022-04-06 19:13:45 - [MESSAGE][PASSED] - Browser is opened with url: 'https://diagnostics.staging.arcadier.io/'

2022-04-06 19:13:45 - [TEST_STEP][PASSED] - maximizeWindow(): Current window maximized

2022-04-06 19:13:46 - [MESSAGE][PASSED] - Current window maximized

2022-04-06 19:13:46 - [TEST_STEP][PASSED] - click(findTestObject("Item Details Objects/Page_diagnostics/a_Accept Cookies")): Object: 'Object Repository/Item Details Objects/Page_diagnostics/a_Accept Cookies' is clicked on

2022-04-06 19:13:47 - [MESSAGE][PASSED] - Object: 'Object Repository/Item Details Objects/Page_diagnostics/a_Accept Cookies' is clicked on

2022-04-06 19:13:47 - [TEST_STEP][PASSED] - click(findTestObject("New_Homepage/Page_diagnostics/a_COVID-19 DIAGNOSTICS"), STOP_ON_FAILURE): Object: 'Object Repository/New_Homepage/Page_diagnostics/a_COVID-19 DIAGNOSTICS' is clicked on

2022-04-06 19:13:50 - [MESSAGE][PASSED] - Object: 'Object Repository/New_Homepage/Page_diagnostics/a_COVID-19 DIAGNOSTICS' is clicked on

2022-04-06 19:13:50 - [TEST_STEP][PASSED] - mouseOver(findTestObject("New_Homepage/Page_diagnostics/a_Abbott Rapid Diagnostics PANBIO COVID-19 Ag Rapid Test Device (Nasopharyngeal)")): Object: 'Object Repository/New_Homepage/Page_diagnostics/a_Abbott Rapid Diagnostics PANBIO COVID-19 Ag Rapid Test Device (Nasopharyngeal)' is hovered

2022-04-06 19:13:52 - [MESSAGE][PASSED] - Object: 'Object Repository/New_Homepage/Page_diagnostics/a_Abbott Rapid Diagnostics PANBIO COVID-19 Ag Rapid Test Device (Nasopharyngeal)' is hovered

2022-04-06 19:13:52 - [TEST_STEP][PASSED] - click(findTestObject("New_Homepage/Page_diagnostics/a_Abbott Rapid Diagnostics PANBIO COVID-19 Ag Rapid Test Device (Nasopharyngeal)")): Object: 'Object Repository/New_Homepage/Page_diagnostics/a_Abbott Rapid Diagnostics PANBIO COVID-19 Ag Rapid Test Device (Nasopharyngeal)' is clicked on

2022-04-06 19:13:55 - [MESSAGE][PASSED] - Object: 'Object Repository/New_Homepage/Page_diagnostics/a_Abbott Rapid Diagnostics PANBIO COVID-19 Ag Rapid Test Device (Nasopharyngeal)' is clicked on

2022-04-06 19:13:55 - [MESSAGE][PASSED] - Call Test Case 'Test Cases/Custom Item Details/UTILITIES/OPEN_BROWSER' successfully

2022-04-06 19:13:55 - [TEST_STEP][PASSED] - waitForElementVisible(findTestObject("Staging Objects/Page_diagnostics/span_Name of manufacturer"), 0): Object 'Object Repository/Staging Objects/Page_diagnostics/span_Name of manufacturer' is visible

2022-04-06 19:13:55 - [MESSAGE][WARNING] - Timeout '0' is invalid. Using default page load timeout: '30'

2022-04-06 19:13:57 - [MESSAGE][PASSED] - Object 'Object Repository/Staging Objects/Page_diagnostics/span_Name of manufacturer' is visible

2022-04-06 19:13:57 - [TEST_STEP][PASSED] - verifyElementPresent(findTestObject("Staging Objects/Page_diagnostics/span_Name of manufacturer"), 0): Object 'Object Repository/Staging Objects/Page_diagnostics/span_Name of manufacturer' is present

2022-04-06 19:13:57 - [MESSAGE][WARNING] - Timeout '0' is invalid. Using default page load timeout: '30'

2022-04-06 19:13:57 - [MESSAGE][PASSED] - Object 'Object Repository/Staging Objects/Page_diagnostics/span_Name of manufacturer' is present

2022-04-06 19:13:57 - [TEST_STEP][PASSED] - callTestCase(findTestCase("Custom Item Details/UTILITIES/CLOSE_BROWSER"), [:], STOP_ON_FAILURE): Call Test Case 'Test Cases/Custom Item Details/UTILITIES/CLOSE_BROWSER' successfully

2022-04-06 19:13:57 - [TEST_CASE][PASSED] - Test Cases/Custom Item Details/UTILITIES/CLOSE_BROWSER: Test Cases/Custom Item Details/UTILITIES/CLOSE_BROWSER

2022-04-06 19:13:57 - [TEST_STEP][PASSED] - closeBrowser(): Browser is closed

2022-04-06 19:13:58 - [MESSAGE][PASSED] - Browser is closed

2022-04-06 19:13:58 - [MESSAGE][PASSED] - Call Test Case 'Test Cases/Custom Item Details/UTILITIES/CLOSE_BROWSER' successfully]]></system-out>
         <system-err><![CDATA[]]></system-err>
      </testcase>
      <testcase name="Test Cases/Custom Item Details/TEST CASE/TC_DETAILS_UI_036" time="13.736" classname="Test Cases/Custom Item Details/TEST CASE/TC_DETAILS_UI_036" status="PASSED">
         <system-out><![CDATA[2022-04-06 19:13:58 - [TEST_CASE][PASSED] - Test Cases/Custom Item Details/TEST CASE/TC_DETAILS_UI_036: Test Cases/Custom Item Details/TEST CASE/TC_DETAILS_UI_036

2022-04-06 19:13:58 - [TEST_STEP][PASSED] - callTestCase(findTestCase("Custom Item Details/UTILITIES/OPEN_BROWSER"), [:], STOP_ON_FAILURE): Call Test Case 'Test Cases/Custom Item Details/UTILITIES/OPEN_BROWSER' successfully

2022-04-06 19:13:58 - [TEST_CASE][PASSED] - Test Cases/Custom Item Details/UTILITIES/OPEN_BROWSER: Test Cases/Custom Item Details/UTILITIES/OPEN_BROWSER

2022-04-06 19:13:58 - [TEST_STEP][PASSED] - openBrowser("https://diagnostics.staging.arcadier.io/"): Browser is opened with url: 'https://diagnostics.staging.arcadier.io/'

2022-04-06 19:13:58 - [MESSAGE][INFO] - Starting 'Chrome' driver

2022-04-06 19:13:58 - [MESSAGE][INFO] - Action delay is set to 0 milliseconds

2022-04-06 19:14:01 - [MESSAGE][PASSED] - Browser is opened with url: 'https://diagnostics.staging.arcadier.io/'

2022-04-06 19:14:01 - [TEST_STEP][PASSED] - maximizeWindow(): Current window maximized

2022-04-06 19:14:01 - [MESSAGE][PASSED] - Current window maximized

2022-04-06 19:14:01 - [TEST_STEP][PASSED] - click(findTestObject("Item Details Objects/Page_diagnostics/a_Accept Cookies")): Object: 'Object Repository/Item Details Objects/Page_diagnostics/a_Accept Cookies' is clicked on

2022-04-06 19:14:02 - [MESSAGE][PASSED] - Object: 'Object Repository/Item Details Objects/Page_diagnostics/a_Accept Cookies' is clicked on

2022-04-06 19:14:02 - [TEST_STEP][PASSED] - click(findTestObject("New_Homepage/Page_diagnostics/a_COVID-19 DIAGNOSTICS"), STOP_ON_FAILURE): Object: 'Object Repository/New_Homepage/Page_diagnostics/a_COVID-19 DIAGNOSTICS' is clicked on

2022-04-06 19:14:05 - [MESSAGE][PASSED] - Object: 'Object Repository/New_Homepage/Page_diagnostics/a_COVID-19 DIAGNOSTICS' is clicked on

2022-04-06 19:14:05 - [TEST_STEP][PASSED] - mouseOver(findTestObject("New_Homepage/Page_diagnostics/a_Abbott Rapid Diagnostics PANBIO COVID-19 Ag Rapid Test Device (Nasopharyngeal)")): Object: 'Object Repository/New_Homepage/Page_diagnostics/a_Abbott Rapid Diagnostics PANBIO COVID-19 Ag Rapid Test Device (Nasopharyngeal)' is hovered

2022-04-06 19:14:06 - [MESSAGE][PASSED] - Object: 'Object Repository/New_Homepage/Page_diagnostics/a_Abbott Rapid Diagnostics PANBIO COVID-19 Ag Rapid Test Device (Nasopharyngeal)' is hovered

2022-04-06 19:14:06 - [TEST_STEP][PASSED] - click(findTestObject("New_Homepage/Page_diagnostics/a_Abbott Rapid Diagnostics PANBIO COVID-19 Ag Rapid Test Device (Nasopharyngeal)")): Object: 'Object Repository/New_Homepage/Page_diagnostics/a_Abbott Rapid Diagnostics PANBIO COVID-19 Ag Rapid Test Device (Nasopharyngeal)' is clicked on

2022-04-06 19:14:09 - [MESSAGE][PASSED] - Object: 'Object Repository/New_Homepage/Page_diagnostics/a_Abbott Rapid Diagnostics PANBIO COVID-19 Ag Rapid Test Device (Nasopharyngeal)' is clicked on

2022-04-06 19:14:09 - [MESSAGE][PASSED] - Call Test Case 'Test Cases/Custom Item Details/UTILITIES/OPEN_BROWSER' successfully

2022-04-06 19:14:09 - [TEST_STEP][PASSED] - waitForElementVisible(findTestObject("Staging Objects/Page_diagnostics/span_Operating conditions"), 0): Object 'Object Repository/Staging Objects/Page_diagnostics/span_Operating conditions' is visible

2022-04-06 19:14:09 - [MESSAGE][WARNING] - Timeout '0' is invalid. Using default page load timeout: '30'

2022-04-06 19:14:10 - [MESSAGE][PASSED] - Object 'Object Repository/Staging Objects/Page_diagnostics/span_Operating conditions' is visible

2022-04-06 19:14:10 - [TEST_STEP][PASSED] - verifyElementPresent(findTestObject("Staging Objects/Page_diagnostics/span_Operating conditions"), 0): Object 'Object Repository/Staging Objects/Page_diagnostics/span_Operating conditions' is present

2022-04-06 19:14:10 - [MESSAGE][WARNING] - Timeout '0' is invalid. Using default page load timeout: '30'

2022-04-06 19:14:11 - [MESSAGE][PASSED] - Object 'Object Repository/Staging Objects/Page_diagnostics/span_Operating conditions' is present

2022-04-06 19:14:11 - [TEST_STEP][PASSED] - callTestCase(findTestCase("Custom Item Details/UTILITIES/CLOSE_BROWSER"), [:], STOP_ON_FAILURE): Call Test Case 'Test Cases/Custom Item Details/UTILITIES/CLOSE_BROWSER' successfully

2022-04-06 19:14:11 - [TEST_CASE][PASSED] - Test Cases/Custom Item Details/UTILITIES/CLOSE_BROWSER: Test Cases/Custom Item Details/UTILITIES/CLOSE_BROWSER

2022-04-06 19:14:11 - [TEST_STEP][PASSED] - closeBrowser(): Browser is closed

2022-04-06 19:14:11 - [MESSAGE][PASSED] - Browser is closed

2022-04-06 19:14:11 - [MESSAGE][PASSED] - Call Test Case 'Test Cases/Custom Item Details/UTILITIES/CLOSE_BROWSER' successfully]]></system-out>
         <system-err><![CDATA[]]></system-err>
      </testcase>
      <testcase name="Test Cases/Custom Item Details/TEST CASE/TC_DETAILS_UI_037" time="73.296" classname="Test Cases/Custom Item Details/TEST CASE/TC_DETAILS_UI_037" status="FAILED">
         <failure type="FAILED" message="Test Cases/Custom Item Details/TEST CASE/TC_DETAILS_UI_037 FAILED.
Reason:
com.kms.katalon.core.exception.StepFailedException: Unable to verify object 'Object Repository/Staging Objects/Page_diagnostics/span_Power' is present
	at com.kms.katalon.core.webui.keyword.internal.WebUIKeywordMain.stepFailed(WebUIKeywordMain.groovy:64)
	at com.kms.katalon.core.webui.keyword.internal.WebUIKeywordMain.runKeyword(WebUIKeywordMain.groovy:26)
	at com.kms.katalon.core.webui.keyword.builtin.VerifyElementPresentKeyword.verifyElementPresent(VerifyElementPresentKeyword.groovy:92)
	at com.kms.katalon.core.webui.keyword.builtin.VerifyElementPresentKeyword.execute(VerifyElementPresentKeyword.groovy:68)
	at com.kms.katalon.core.keyword.internal.KeywordExecutor.executeKeywordForPlatform(KeywordExecutor.groovy:73)
	at com.kms.katalon.core.webui.keyword.WebUiBuiltInKeywords.verifyElementPresent(WebUiBuiltInKeywords.groovy:1461)
	at com.kms.katalon.core.webui.keyword.WebUiBuiltInKeywords$verifyElementPresent$9.call(Unknown Source)
	at TC_DETAILS_UI_037.run(TC_DETAILS_UI_037:22)
	at com.kms.katalon.core.main.ScriptEngine.run(ScriptEngine.java:194)
	at com.kms.katalon.core.main.ScriptEngine.runScriptAsRawText(ScriptEngine.java:119)
	at com.kms.katalon.core.main.TestCaseExecutor.runScript(TestCaseExecutor.java:339)
	at com.kms.katalon.core.main.TestCaseExecutor.doExecute(TestCaseExecutor.java:330)
	at com.kms.katalon.core.main.TestCaseExecutor.processExecutionPhase(TestCaseExecutor.java:309)
	at com.kms.katalon.core.main.TestCaseExecutor.accessMainPhase(TestCaseExecutor.java:301)
	at com.kms.katalon.core.main.TestCaseExecutor.execute(TestCaseExecutor.java:235)
	at com.kms.katalon.core.main.TestSuiteExecutor.accessTestCaseMainPhase(TestSuiteExecutor.java:191)
	at com.kms.katalon.core.main.TestSuiteExecutor.accessTestSuiteMainPhase(TestSuiteExecutor.java:141)
	at com.kms.katalon.core.main.TestSuiteExecutor.execute(TestSuiteExecutor.java:90)
	at com.kms.katalon.core.main.TestCaseMain.startTestSuite(TestCaseMain.java:157)
	at com.kms.katalon.core.main.TestCaseMain$startTestSuite$0.call(Unknown Source)
	at TempTestSuite1649242622951.run(TempTestSuite1649242622951.groovy:39)
Caused by: com.kms.katalon.core.exception.StepFailedException: com.kms.katalon.core.webui.exception.WebElementNotFoundException: Web element with id: 'Object Repository/Staging Objects/Page_diagnostics/span_Power' located by '//*[(text() = 'Power:' or . = 'Power:')]' not found
	at com.kms.katalon.core.webui.keyword.internal.WebUIKeywordMain.stepFailed(WebUIKeywordMain.groovy:64)
	at com.kms.katalon.core.webui.keyword.builtin.VerifyElementPresentKeyword$_verifyElementPresent_closure1.doCall(VerifyElementPresentKeyword.groovy:85)
	at com.kms.katalon.core.webui.keyword.builtin.VerifyElementPresentKeyword$_verifyElementPresent_closure1.call(VerifyElementPresentKeyword.groovy)
	at com.kms.katalon.core.webui.keyword.internal.WebUIKeywordMain.runKeyword(WebUIKeywordMain.groovy:20)
	... 19 more
"/>
         <system-out><![CDATA[2022-04-06 19:14:11 - [TEST_CASE][FAILED] - Test Cases/Custom Item Details/TEST CASE/TC_DETAILS_UI_037: Test Cases/Custom Item Details/TEST CASE/TC_DETAILS_UI_037 FAILED.
Reason:
com.kms.katalon.core.exception.StepFailedException: Unable to verify object 'Object Repository/Staging Objects/Page_diagnostics/span_Power' is present
	at com.kms.katalon.core.webui.keyword.internal.WebUIKeywordMain.stepFailed(WebUIKeywordMain.groovy:64)
	at com.kms.katalon.core.webui.keyword.internal.WebUIKeywordMain.runKeyword(WebUIKeywordMain.groovy:26)
	at com.kms.katalon.core.webui.keyword.builtin.VerifyElementPresentKeyword.verifyElementPresent(VerifyElementPresentKeyword.groovy:92)
	at com.kms.katalon.core.webui.keyword.builtin.VerifyElementPresentKeyword.execute(VerifyElementPresentKeyword.groovy:68)
	at com.kms.katalon.core.keyword.internal.KeywordExecutor.executeKeywordForPlatform(KeywordExecutor.groovy:73)
	at com.kms.katalon.core.webui.keyword.WebUiBuiltInKeywords.verifyElementPresent(WebUiBuiltInKeywords.groovy:1461)
	at com.kms.katalon.core.webui.keyword.WebUiBuiltInKeywords$verifyElementPresent$9.call(Unknown Source)
	at TC_DETAILS_UI_037.run(TC_DETAILS_UI_037:22)
	at com.kms.katalon.core.main.ScriptEngine.run(ScriptEngine.java:194)
	at com.kms.katalon.core.main.ScriptEngine.runScriptAsRawText(ScriptEngine.java:119)
	at com.kms.katalon.core.main.TestCaseExecutor.runScript(TestCaseExecutor.java:339)
	at com.kms.katalon.core.main.TestCaseExecutor.doExecute(TestCaseExecutor.java:330)
	at com.kms.katalon.core.main.TestCaseExecutor.processExecutionPhase(TestCaseExecutor.java:309)
	at com.kms.katalon.core.main.TestCaseExecutor.accessMainPhase(TestCaseExecutor.java:301)
	at com.kms.katalon.core.main.TestCaseExecutor.execute(TestCaseExecutor.java:235)
	at com.kms.katalon.core.main.TestSuiteExecutor.accessTestCaseMainPhase(TestSuiteExecutor.java:191)
	at com.kms.katalon.core.main.TestSuiteExecutor.accessTestSuiteMainPhase(TestSuiteExecutor.java:141)
	at com.kms.katalon.core.main.TestSuiteExecutor.execute(TestSuiteExecutor.java:90)
	at com.kms.katalon.core.main.TestCaseMain.startTestSuite(TestCaseMain.java:157)
	at com.kms.katalon.core.main.TestCaseMain$startTestSuite$0.call(Unknown Source)
	at TempTestSuite1649242622951.run(TempTestSuite1649242622951.groovy:39)
Caused by: com.kms.katalon.core.exception.StepFailedException: com.kms.katalon.core.webui.exception.WebElementNotFoundException: Web element with id: 'Object Repository/Staging Objects/Page_diagnostics/span_Power' located by '//*[(text() = 'Power:' or . = 'Power:')]' not found
	at com.kms.katalon.core.webui.keyword.internal.WebUIKeywordMain.stepFailed(WebUIKeywordMain.groovy:64)
	at com.kms.katalon.core.webui.keyword.builtin.VerifyElementPresentKeyword$_verifyElementPresent_closure1.doCall(VerifyElementPresentKeyword.groovy:85)
	at com.kms.katalon.core.webui.keyword.builtin.VerifyElementPresentKeyword$_verifyElementPresent_closure1.call(VerifyElementPresentKeyword.groovy)
	at com.kms.katalon.core.webui.keyword.internal.WebUIKeywordMain.runKeyword(WebUIKeywordMain.groovy:20)
	... 19 more


2022-04-06 19:14:11 - [TEST_STEP][PASSED] - callTestCase(findTestCase("Custom Item Details/UTILITIES/OPEN_BROWSER"), [:], STOP_ON_FAILURE): Call Test Case 'Test Cases/Custom Item Details/UTILITIES/OPEN_BROWSER' successfully

2022-04-06 19:14:12 - [TEST_CASE][PASSED] - Test Cases/Custom Item Details/UTILITIES/OPEN_BROWSER: Test Cases/Custom Item Details/UTILITIES/OPEN_BROWSER

2022-04-06 19:14:12 - [TEST_STEP][PASSED] - openBrowser("https://diagnostics.staging.arcadier.io/"): Browser is opened with url: 'https://diagnostics.staging.arcadier.io/'

2022-04-06 19:14:12 - [MESSAGE][INFO] - Starting 'Chrome' driver

2022-04-06 19:14:12 - [MESSAGE][INFO] - Action delay is set to 0 milliseconds

2022-04-06 19:14:15 - [MESSAGE][PASSED] - Browser is opened with url: 'https://diagnostics.staging.arcadier.io/'

2022-04-06 19:14:15 - [TEST_STEP][PASSED] - maximizeWindow(): Current window maximized

2022-04-06 19:14:15 - [MESSAGE][PASSED] - Current window maximized

2022-04-06 19:14:15 - [TEST_STEP][PASSED] - click(findTestObject("Item Details Objects/Page_diagnostics/a_Accept Cookies")): Object: 'Object Repository/Item Details Objects/Page_diagnostics/a_Accept Cookies' is clicked on

2022-04-06 19:14:16 - [MESSAGE][PASSED] - Object: 'Object Repository/Item Details Objects/Page_diagnostics/a_Accept Cookies' is clicked on

2022-04-06 19:14:16 - [TEST_STEP][PASSED] - click(findTestObject("New_Homepage/Page_diagnostics/a_COVID-19 DIAGNOSTICS"), STOP_ON_FAILURE): Object: 'Object Repository/New_Homepage/Page_diagnostics/a_COVID-19 DIAGNOSTICS' is clicked on

2022-04-06 19:14:18 - [MESSAGE][PASSED] - Object: 'Object Repository/New_Homepage/Page_diagnostics/a_COVID-19 DIAGNOSTICS' is clicked on

2022-04-06 19:14:18 - [TEST_STEP][PASSED] - mouseOver(findTestObject("New_Homepage/Page_diagnostics/a_Abbott Rapid Diagnostics PANBIO COVID-19 Ag Rapid Test Device (Nasopharyngeal)")): Object: 'Object Repository/New_Homepage/Page_diagnostics/a_Abbott Rapid Diagnostics PANBIO COVID-19 Ag Rapid Test Device (Nasopharyngeal)' is hovered

2022-04-06 19:14:19 - [MESSAGE][PASSED] - Object: 'Object Repository/New_Homepage/Page_diagnostics/a_Abbott Rapid Diagnostics PANBIO COVID-19 Ag Rapid Test Device (Nasopharyngeal)' is hovered

2022-04-06 19:14:19 - [TEST_STEP][PASSED] - click(findTestObject("New_Homepage/Page_diagnostics/a_Abbott Rapid Diagnostics PANBIO COVID-19 Ag Rapid Test Device (Nasopharyngeal)")): Object: 'Object Repository/New_Homepage/Page_diagnostics/a_Abbott Rapid Diagnostics PANBIO COVID-19 Ag Rapid Test Device (Nasopharyngeal)' is clicked on

2022-04-06 19:14:22 - [MESSAGE][PASSED] - Object: 'Object Repository/New_Homepage/Page_diagnostics/a_Abbott Rapid Diagnostics PANBIO COVID-19 Ag Rapid Test Device (Nasopharyngeal)' is clicked on

2022-04-06 19:14:22 - [MESSAGE][PASSED] - Call Test Case 'Test Cases/Custom Item Details/UTILITIES/OPEN_BROWSER' successfully

2022-04-06 19:14:22 - [TEST_STEP][PASSED] - waitForElementVisible(findTestObject("Staging Objects/Page_diagnostics/span_Power"), 0): Web element with id: 'Object Repository/Staging Objects/Page_diagnostics/span_Power' located by '//*[(text() = 'Power:' or . = 'Power:')]' not found

2022-04-06 19:14:22 - [MESSAGE][WARNING] - Timeout '0' is invalid. Using default page load timeout: '30'

2022-04-06 19:14:53 - [MESSAGE][INFO] - Unable to find the element located by 'By.xpath: //*[(text() = 'Power:' or . = 'Power:')]'. Please recheck the objects properties to make sure the desired element is located. 

2022-04-06 19:14:53 - [MESSAGE][WARNING] - Web element with id: 'Object Repository/Staging Objects/Page_diagnostics/span_Power' located by '//*[(text() = 'Power:' or . = 'Power:')]' not found

2022-04-06 19:14:53 - [TEST_STEP][FAILED] - verifyElementPresent(findTestObject("Staging Objects/Page_diagnostics/span_Power"), 0): Unable to verify object 'Object Repository/Staging Objects/Page_diagnostics/span_Power' is present (Root cause: com.kms.katalon.core.exception.StepFailedException: Unable to verify object 'Object Repository/Staging Objects/Page_diagnostics/span_Power' is present
	at com.kms.katalon.core.webui.keyword.internal.WebUIKeywordMain.stepFailed(WebUIKeywordMain.groovy:64)
	at com.kms.katalon.core.webui.keyword.internal.WebUIKeywordMain.runKeyword(WebUIKeywordMain.groovy:26)
	at com.kms.katalon.core.webui.keyword.builtin.VerifyElementPresentKeyword.verifyElementPresent(VerifyElementPresentKeyword.groovy:92)
	at com.kms.katalon.core.webui.keyword.builtin.VerifyElementPresentKeyword.execute(VerifyElementPresentKeyword.groovy:68)
	at com.kms.katalon.core.keyword.internal.KeywordExecutor.executeKeywordForPlatform(KeywordExecutor.groovy:73)
	at com.kms.katalon.core.webui.keyword.WebUiBuiltInKeywords.verifyElementPresent(WebUiBuiltInKeywords.groovy:1461)
	at com.kms.katalon.core.webui.keyword.WebUiBuiltInKeywords$verifyElementPresent$9.call(Unknown Source)
	at TC_DETAILS_UI_037.run(TC_DETAILS_UI_037:22)
	at com.kms.katalon.core.main.ScriptEngine.run(ScriptEngine.java:194)
	at com.kms.katalon.core.main.ScriptEngine.runScriptAsRawText(ScriptEngine.java:119)
	at com.kms.katalon.core.main.TestCaseExecutor.runScript(TestCaseExecutor.java:339)
	at com.kms.katalon.core.main.TestCaseExecutor.doExecute(TestCaseExecutor.java:330)
	at com.kms.katalon.core.main.TestCaseExecutor.processExecutionPhase(TestCaseExecutor.java:309)
	at com.kms.katalon.core.main.TestCaseExecutor.accessMainPhase(TestCaseExecutor.java:301)
	at com.kms.katalon.core.main.TestCaseExecutor.execute(TestCaseExecutor.java:235)
	at com.kms.katalon.core.main.TestSuiteExecutor.accessTestCaseMainPhase(TestSuiteExecutor.java:191)
	at com.kms.katalon.core.main.TestSuiteExecutor.accessTestSuiteMainPhase(TestSuiteExecutor.java:141)
	at com.kms.katalon.core.main.TestSuiteExecutor.execute(TestSuiteExecutor.java:90)
	at com.kms.katalon.core.main.TestCaseMain.startTestSuite(TestCaseMain.java:157)
	at com.kms.katalon.core.main.TestCaseMain$startTestSuite$0.call(Unknown Source)
	at TempTestSuite1649242622951.run(TempTestSuite1649242622951.groovy:39)
Caused by: com.kms.katalon.core.exception.StepFailedException: com.kms.katalon.core.webui.exception.WebElementNotFoundException: Web element with id: 'Object Repository/Staging Objects/Page_diagnostics/span_Power' located by '//*[(text() = 'Power:' or . = 'Power:')]' not found
	at com.kms.katalon.core.webui.keyword.internal.WebUIKeywordMain.stepFailed(WebUIKeywordMain.groovy:64)
	at com.kms.katalon.core.webui.keyword.builtin.VerifyElementPresentKeyword$_verifyElementPresent_closure1.doCall(VerifyElementPresentKeyword.groovy:85)
	at com.kms.katalon.core.webui.keyword.builtin.VerifyElementPresentKeyword$_verifyElementPresent_closure1.call(VerifyElementPresentKeyword.groovy)
	at com.kms.katalon.core.webui.keyword.internal.WebUIKeywordMain.runKeyword(WebUIKeywordMain.groovy:20)
	... 19 more
)

2022-04-06 19:14:53 - [MESSAGE][WARNING] - Timeout '0' is invalid. Using default page load timeout: '30'

2022-04-06 19:15:24 - [MESSAGE][INFO] - Unable to find the element located by 'By.xpath: //*[(text() = 'Power:' or . = 'Power:')]'. Please recheck the objects properties to make sure the desired element is located. 

2022-04-06 19:15:24 - [MESSAGE][FAILED] - com.kms.katalon.core.webui.exception.WebElementNotFoundException: Web element with id: 'Object Repository/Staging Objects/Page_diagnostics/span_Power' located by '//*[(text() = 'Power:' or . = 'Power:')]' not found (Root cause: com.kms.katalon.core.exception.StepFailedException: com.kms.katalon.core.webui.exception.WebElementNotFoundException: Web element with id: 'Object Repository/Staging Objects/Page_diagnostics/span_Power' located by '//*[(text() = 'Power:' or . = 'Power:')]' not found
	at com.kms.katalon.core.webui.keyword.internal.WebUIKeywordMain.stepFailed(WebUIKeywordMain.groovy:64)
	at com.kms.katalon.core.webui.keyword.builtin.VerifyElementPresentKeyword$_verifyElementPresent_closure1.doCall(VerifyElementPresentKeyword.groovy:85)
	at com.kms.katalon.core.webui.keyword.builtin.VerifyElementPresentKeyword$_verifyElementPresent_closure1.call(VerifyElementPresentKeyword.groovy)
	at com.kms.katalon.core.webui.keyword.internal.WebUIKeywordMain.runKeyword(WebUIKeywordMain.groovy:20)
	at com.kms.katalon.core.webui.keyword.builtin.VerifyElementPresentKeyword.verifyElementPresent(VerifyElementPresentKeyword.groovy:92)
	at com.kms.katalon.core.webui.keyword.builtin.VerifyElementPresentKeyword.execute(VerifyElementPresentKeyword.groovy:68)
	at com.kms.katalon.core.keyword.internal.KeywordExecutor.executeKeywordForPlatform(KeywordExecutor.groovy:73)
	at com.kms.katalon.core.webui.keyword.WebUiBuiltInKeywords.verifyElementPresent(WebUiBuiltInKeywords.groovy:1461)
	at com.kms.katalon.core.webui.keyword.WebUiBuiltInKeywords$verifyElementPresent$9.call(Unknown Source)
	at TC_DETAILS_UI_037.run(TC_DETAILS_UI_037:22)
	at com.kms.katalon.core.main.ScriptEngine.run(ScriptEngine.java:194)
	at com.kms.katalon.core.main.ScriptEngine.runScriptAsRawText(ScriptEngine.java:119)
	at com.kms.katalon.core.main.TestCaseExecutor.runScript(TestCaseExecutor.java:339)
	at com.kms.katalon.core.main.TestCaseExecutor.doExecute(TestCaseExecutor.java:330)
	at com.kms.katalon.core.main.TestCaseExecutor.processExecutionPhase(TestCaseExecutor.java:309)
	at com.kms.katalon.core.main.TestCaseExecutor.accessMainPhase(TestCaseExecutor.java:301)
	at com.kms.katalon.core.main.TestCaseExecutor.execute(TestCaseExecutor.java:235)
	at com.kms.katalon.core.main.TestSuiteExecutor.accessTestCaseMainPhase(TestSuiteExecutor.java:191)
	at com.kms.katalon.core.main.TestSuiteExecutor.accessTestSuiteMainPhase(TestSuiteExecutor.java:141)
	at com.kms.katalon.core.main.TestSuiteExecutor.execute(TestSuiteExecutor.java:90)
	at com.kms.katalon.core.main.TestCaseMain.startTestSuite(TestCaseMain.java:157)
	at com.kms.katalon.core.main.TestCaseMain$startTestSuite$0.call(Unknown Source)
	at TempTestSuite1649242622951.run(TempTestSuite1649242622951.groovy:39)
)
[[ATTACHMENT|K:\\Work\\GitHub\\find-item-detail-test_v2\\Reports\\20220406_185701\\Item detail test\\20220406_185702\\1649243724850.png]]

2022-04-06 19:15:25 - [MESSAGE][FAILED] - Unable to verify object 'Object Repository/Staging Objects/Page_diagnostics/span_Power' is present (Root cause: com.kms.katalon.core.exception.StepFailedException: Unable to verify object 'Object Repository/Staging Objects/Page_diagnostics/span_Power' is present
	at com.kms.katalon.core.webui.keyword.internal.WebUIKeywordMain.stepFailed(WebUIKeywordMain.groovy:64)
	at com.kms.katalon.core.webui.keyword.internal.WebUIKeywordMain.runKeyword(WebUIKeywordMain.groovy:26)
	at com.kms.katalon.core.webui.keyword.builtin.VerifyElementPresentKeyword.verifyElementPresent(VerifyElementPresentKeyword.groovy:92)
	at com.kms.katalon.core.webui.keyword.builtin.VerifyElementPresentKeyword.execute(VerifyElementPresentKeyword.groovy:68)
	at com.kms.katalon.core.keyword.internal.KeywordExecutor.executeKeywordForPlatform(KeywordExecutor.groovy:73)
	at com.kms.katalon.core.webui.keyword.WebUiBuiltInKeywords.verifyElementPresent(WebUiBuiltInKeywords.groovy:1461)
	at com.kms.katalon.core.webui.keyword.WebUiBuiltInKeywords$verifyElementPresent$9.call(Unknown Source)
	at TC_DETAILS_UI_037.run(TC_DETAILS_UI_037:22)
	at com.kms.katalon.core.main.ScriptEngine.run(ScriptEngine.java:194)
	at com.kms.katalon.core.main.ScriptEngine.runScriptAsRawText(ScriptEngine.java:119)
	at com.kms.katalon.core.main.TestCaseExecutor.runScript(TestCaseExecutor.java:339)
	at com.kms.katalon.core.main.TestCaseExecutor.doExecute(TestCaseExecutor.java:330)
	at com.kms.katalon.core.main.TestCaseExecutor.processExecutionPhase(TestCaseExecutor.java:309)
	at com.kms.katalon.core.main.TestCaseExecutor.accessMainPhase(TestCaseExecutor.java:301)
	at com.kms.katalon.core.main.TestCaseExecutor.execute(TestCaseExecutor.java:235)
	at com.kms.katalon.core.main.TestSuiteExecutor.accessTestCaseMainPhase(TestSuiteExecutor.java:191)
	at com.kms.katalon.core.main.TestSuiteExecutor.accessTestSuiteMainPhase(TestSuiteExecutor.java:141)
	at com.kms.katalon.core.main.TestSuiteExecutor.execute(TestSuiteExecutor.java:90)
	at com.kms.katalon.core.main.TestCaseMain.startTestSuite(TestCaseMain.java:157)
	at com.kms.katalon.core.main.TestCaseMain$startTestSuite$0.call(Unknown Source)
	at TempTestSuite1649242622951.run(TempTestSuite1649242622951.groovy:39)
Caused by: com.kms.katalon.core.exception.StepFailedException: com.kms.katalon.core.webui.exception.WebElementNotFoundException: Web element with id: 'Object Repository/Staging Objects/Page_diagnostics/span_Power' located by '//*[(text() = 'Power:' or . = 'Power:')]' not found
	at com.kms.katalon.core.webui.keyword.internal.WebUIKeywordMain.stepFailed(WebUIKeywordMain.groovy:64)
	at com.kms.katalon.core.webui.keyword.builtin.VerifyElementPresentKeyword$_verifyElementPresent_closure1.doCall(VerifyElementPresentKeyword.groovy:85)
	at com.kms.katalon.core.webui.keyword.builtin.VerifyElementPresentKeyword$_verifyElementPresent_closure1.call(VerifyElementPresentKeyword.groovy)
	at com.kms.katalon.core.webui.keyword.internal.WebUIKeywordMain.runKeyword(WebUIKeywordMain.groovy:20)
	... 19 more
)
[[ATTACHMENT|K:\\Work\\GitHub\\find-item-detail-test_v2\\Reports\\20220406_185701\\Item detail test\\20220406_185702\\1649243724999.png]]]]></system-out>
         <system-err><![CDATA[2022-04-06 19:14:11 - [TEST_CASE][FAILED] - Test Cases/Custom Item Details/TEST CASE/TC_DETAILS_UI_037: Test Cases/Custom Item Details/TEST CASE/TC_DETAILS_UI_037 FAILED.
Reason:
com.kms.katalon.core.exception.StepFailedException: Unable to verify object 'Object Repository/Staging Objects/Page_diagnostics/span_Power' is present
	at com.kms.katalon.core.webui.keyword.internal.WebUIKeywordMain.stepFailed(WebUIKeywordMain.groovy:64)
	at com.kms.katalon.core.webui.keyword.internal.WebUIKeywordMain.runKeyword(WebUIKeywordMain.groovy:26)
	at com.kms.katalon.core.webui.keyword.builtin.VerifyElementPresentKeyword.verifyElementPresent(VerifyElementPresentKeyword.groovy:92)
	at com.kms.katalon.core.webui.keyword.builtin.VerifyElementPresentKeyword.execute(VerifyElementPresentKeyword.groovy:68)
	at com.kms.katalon.core.keyword.internal.KeywordExecutor.executeKeywordForPlatform(KeywordExecutor.groovy:73)
	at com.kms.katalon.core.webui.keyword.WebUiBuiltInKeywords.verifyElementPresent(WebUiBuiltInKeywords.groovy:1461)
	at com.kms.katalon.core.webui.keyword.WebUiBuiltInKeywords$verifyElementPresent$9.call(Unknown Source)
	at TC_DETAILS_UI_037.run(TC_DETAILS_UI_037:22)
	at com.kms.katalon.core.main.ScriptEngine.run(ScriptEngine.java:194)
	at com.kms.katalon.core.main.ScriptEngine.runScriptAsRawText(ScriptEngine.java:119)
	at com.kms.katalon.core.main.TestCaseExecutor.runScript(TestCaseExecutor.java:339)
	at com.kms.katalon.core.main.TestCaseExecutor.doExecute(TestCaseExecutor.java:330)
	at com.kms.katalon.core.main.TestCaseExecutor.processExecutionPhase(TestCaseExecutor.java:309)
	at com.kms.katalon.core.main.TestCaseExecutor.accessMainPhase(TestCaseExecutor.java:301)
	at com.kms.katalon.core.main.TestCaseExecutor.execute(TestCaseExecutor.java:235)
	at com.kms.katalon.core.main.TestSuiteExecutor.accessTestCaseMainPhase(TestSuiteExecutor.java:191)
	at com.kms.katalon.core.main.TestSuiteExecutor.accessTestSuiteMainPhase(TestSuiteExecutor.java:141)
	at com.kms.katalon.core.main.TestSuiteExecutor.execute(TestSuiteExecutor.java:90)
	at com.kms.katalon.core.main.TestCaseMain.startTestSuite(TestCaseMain.java:157)
	at com.kms.katalon.core.main.TestCaseMain$startTestSuite$0.call(Unknown Source)
	at TempTestSuite1649242622951.run(TempTestSuite1649242622951.groovy:39)
Caused by: com.kms.katalon.core.exception.StepFailedException: com.kms.katalon.core.webui.exception.WebElementNotFoundException: Web element with id: 'Object Repository/Staging Objects/Page_diagnostics/span_Power' located by '//*[(text() = 'Power:' or . = 'Power:')]' not found
	at com.kms.katalon.core.webui.keyword.internal.WebUIKeywordMain.stepFailed(WebUIKeywordMain.groovy:64)
	at com.kms.katalon.core.webui.keyword.builtin.VerifyElementPresentKeyword$_verifyElementPresent_closure1.doCall(VerifyElementPresentKeyword.groovy:85)
	at com.kms.katalon.core.webui.keyword.builtin.VerifyElementPresentKeyword$_verifyElementPresent_closure1.call(VerifyElementPresentKeyword.groovy)
	at com.kms.katalon.core.webui.keyword.internal.WebUIKeywordMain.runKeyword(WebUIKeywordMain.groovy:20)
	... 19 more]]></system-err>
      </testcase>
      <testcase name="Test Cases/Custom Item Details/TEST CASE/TC_DETAILS_UI_038" time="13.951" classname="Test Cases/Custom Item Details/TEST CASE/TC_DETAILS_UI_038" status="PASSED">
         <system-out><![CDATA[2022-04-06 19:15:25 - [TEST_CASE][PASSED] - Test Cases/Custom Item Details/TEST CASE/TC_DETAILS_UI_038: Test Cases/Custom Item Details/TEST CASE/TC_DETAILS_UI_038

2022-04-06 19:15:25 - [TEST_STEP][PASSED] - callTestCase(findTestCase("Custom Item Details/UTILITIES/OPEN_BROWSER"), [:], STOP_ON_FAILURE): Call Test Case 'Test Cases/Custom Item Details/UTILITIES/OPEN_BROWSER' successfully

2022-04-06 19:15:25 - [TEST_CASE][PASSED] - Test Cases/Custom Item Details/UTILITIES/OPEN_BROWSER: Test Cases/Custom Item Details/UTILITIES/OPEN_BROWSER

2022-04-06 19:15:25 - [TEST_STEP][PASSED] - openBrowser("https://diagnostics.staging.arcadier.io/"): Browser is opened with url: 'https://diagnostics.staging.arcadier.io/'

2022-04-06 19:15:25 - [MESSAGE][WARNING] - A browser is already opened. Closing browser and opening a new one

2022-04-06 19:15:26 - [MESSAGE][INFO] - Starting 'Chrome' driver

2022-04-06 19:15:26 - [MESSAGE][INFO] - Action delay is set to 0 milliseconds

2022-04-06 19:15:29 - [MESSAGE][PASSED] - Browser is opened with url: 'https://diagnostics.staging.arcadier.io/'

2022-04-06 19:15:29 - [TEST_STEP][PASSED] - maximizeWindow(): Current window maximized

2022-04-06 19:15:29 - [MESSAGE][PASSED] - Current window maximized

2022-04-06 19:15:29 - [TEST_STEP][PASSED] - click(findTestObject("Item Details Objects/Page_diagnostics/a_Accept Cookies")): Object: 'Object Repository/Item Details Objects/Page_diagnostics/a_Accept Cookies' is clicked on

2022-04-06 19:15:30 - [MESSAGE][PASSED] - Object: 'Object Repository/Item Details Objects/Page_diagnostics/a_Accept Cookies' is clicked on

2022-04-06 19:15:30 - [TEST_STEP][PASSED] - click(findTestObject("New_Homepage/Page_diagnostics/a_COVID-19 DIAGNOSTICS"), STOP_ON_FAILURE): Object: 'Object Repository/New_Homepage/Page_diagnostics/a_COVID-19 DIAGNOSTICS' is clicked on

2022-04-06 19:15:32 - [MESSAGE][PASSED] - Object: 'Object Repository/New_Homepage/Page_diagnostics/a_COVID-19 DIAGNOSTICS' is clicked on

2022-04-06 19:15:32 - [TEST_STEP][PASSED] - mouseOver(findTestObject("New_Homepage/Page_diagnostics/a_Abbott Rapid Diagnostics PANBIO COVID-19 Ag Rapid Test Device (Nasopharyngeal)")): Object: 'Object Repository/New_Homepage/Page_diagnostics/a_Abbott Rapid Diagnostics PANBIO COVID-19 Ag Rapid Test Device (Nasopharyngeal)' is hovered

2022-04-06 19:15:34 - [MESSAGE][PASSED] - Object: 'Object Repository/New_Homepage/Page_diagnostics/a_Abbott Rapid Diagnostics PANBIO COVID-19 Ag Rapid Test Device (Nasopharyngeal)' is hovered

2022-04-06 19:15:34 - [TEST_STEP][PASSED] - click(findTestObject("New_Homepage/Page_diagnostics/a_Abbott Rapid Diagnostics PANBIO COVID-19 Ag Rapid Test Device (Nasopharyngeal)")): Object: 'Object Repository/New_Homepage/Page_diagnostics/a_Abbott Rapid Diagnostics PANBIO COVID-19 Ag Rapid Test Device (Nasopharyngeal)' is clicked on

2022-04-06 19:15:36 - [MESSAGE][PASSED] - Object: 'Object Repository/New_Homepage/Page_diagnostics/a_Abbott Rapid Diagnostics PANBIO COVID-19 Ag Rapid Test Device (Nasopharyngeal)' is clicked on

2022-04-06 19:15:36 - [MESSAGE][PASSED] - Call Test Case 'Test Cases/Custom Item Details/UTILITIES/OPEN_BROWSER' successfully

2022-04-06 19:15:36 - [TEST_STEP][PASSED] - waitForElementVisible(findTestObject("Staging Objects/Page_diagnostics/span_Product reference"), 0): Object 'Object Repository/Staging Objects/Page_diagnostics/span_Product reference' is visible

2022-04-06 19:15:36 - [MESSAGE][WARNING] - Timeout '0' is invalid. Using default page load timeout: '30'

2022-04-06 19:15:38 - [MESSAGE][PASSED] - Object 'Object Repository/Staging Objects/Page_diagnostics/span_Product reference' is visible

2022-04-06 19:15:38 - [TEST_STEP][PASSED] - verifyElementPresent(findTestObject("Staging Objects/Page_diagnostics/span_Product reference"), 0): Object 'Object Repository/Staging Objects/Page_diagnostics/span_Product reference' is present

2022-04-06 19:15:38 - [MESSAGE][WARNING] - Timeout '0' is invalid. Using default page load timeout: '30'

2022-04-06 19:15:38 - [MESSAGE][PASSED] - Object 'Object Repository/Staging Objects/Page_diagnostics/span_Product reference' is present

2022-04-06 19:15:38 - [TEST_STEP][PASSED] - callTestCase(findTestCase("Custom Item Details/UTILITIES/CLOSE_BROWSER"), [:], STOP_ON_FAILURE): Call Test Case 'Test Cases/Custom Item Details/UTILITIES/CLOSE_BROWSER' successfully

2022-04-06 19:15:38 - [TEST_CASE][PASSED] - Test Cases/Custom Item Details/UTILITIES/CLOSE_BROWSER: Test Cases/Custom Item Details/UTILITIES/CLOSE_BROWSER

2022-04-06 19:15:38 - [TEST_STEP][PASSED] - closeBrowser(): Browser is closed

2022-04-06 19:15:39 - [MESSAGE][PASSED] - Browser is closed

2022-04-06 19:15:39 - [MESSAGE][PASSED] - Call Test Case 'Test Cases/Custom Item Details/UTILITIES/CLOSE_BROWSER' successfully]]></system-out>
         <system-err><![CDATA[]]></system-err>
      </testcase>
      <testcase name="Test Cases/Custom Item Details/TEST CASE/TC_DETAILS_UI_039" time="13.9" classname="Test Cases/Custom Item Details/TEST CASE/TC_DETAILS_UI_039" status="PASSED">
         <system-out><![CDATA[2022-04-06 19:15:39 - [TEST_CASE][PASSED] - Test Cases/Custom Item Details/TEST CASE/TC_DETAILS_UI_039: Test Cases/Custom Item Details/TEST CASE/TC_DETAILS_UI_039

2022-04-06 19:15:39 - [TEST_STEP][PASSED] - callTestCase(findTestCase("Custom Item Details/UTILITIES/OPEN_BROWSER"), [:], STOP_ON_FAILURE): Call Test Case 'Test Cases/Custom Item Details/UTILITIES/OPEN_BROWSER' successfully

2022-04-06 19:15:39 - [TEST_CASE][PASSED] - Test Cases/Custom Item Details/UTILITIES/OPEN_BROWSER: Test Cases/Custom Item Details/UTILITIES/OPEN_BROWSER

2022-04-06 19:15:39 - [TEST_STEP][PASSED] - openBrowser("https://diagnostics.staging.arcadier.io/"): Browser is opened with url: 'https://diagnostics.staging.arcadier.io/'

2022-04-06 19:15:39 - [MESSAGE][INFO] - Starting 'Chrome' driver

2022-04-06 19:15:39 - [MESSAGE][INFO] - Action delay is set to 0 milliseconds

2022-04-06 19:15:42 - [MESSAGE][PASSED] - Browser is opened with url: 'https://diagnostics.staging.arcadier.io/'

2022-04-06 19:15:42 - [TEST_STEP][PASSED] - maximizeWindow(): Current window maximized

2022-04-06 19:15:42 - [MESSAGE][PASSED] - Current window maximized

2022-04-06 19:15:42 - [TEST_STEP][PASSED] - click(findTestObject("Item Details Objects/Page_diagnostics/a_Accept Cookies")): Object: 'Object Repository/Item Details Objects/Page_diagnostics/a_Accept Cookies' is clicked on

2022-04-06 19:15:43 - [MESSAGE][PASSED] - Object: 'Object Repository/Item Details Objects/Page_diagnostics/a_Accept Cookies' is clicked on

2022-04-06 19:15:43 - [TEST_STEP][PASSED] - click(findTestObject("New_Homepage/Page_diagnostics/a_COVID-19 DIAGNOSTICS"), STOP_ON_FAILURE): Object: 'Object Repository/New_Homepage/Page_diagnostics/a_COVID-19 DIAGNOSTICS' is clicked on

2022-04-06 19:15:45 - [MESSAGE][PASSED] - Object: 'Object Repository/New_Homepage/Page_diagnostics/a_COVID-19 DIAGNOSTICS' is clicked on

2022-04-06 19:15:45 - [TEST_STEP][PASSED] - mouseOver(findTestObject("New_Homepage/Page_diagnostics/a_Abbott Rapid Diagnostics PANBIO COVID-19 Ag Rapid Test Device (Nasopharyngeal)")): Object: 'Object Repository/New_Homepage/Page_diagnostics/a_Abbott Rapid Diagnostics PANBIO COVID-19 Ag Rapid Test Device (Nasopharyngeal)' is hovered

2022-04-06 19:15:47 - [MESSAGE][PASSED] - Object: 'Object Repository/New_Homepage/Page_diagnostics/a_Abbott Rapid Diagnostics PANBIO COVID-19 Ag Rapid Test Device (Nasopharyngeal)' is hovered

2022-04-06 19:15:47 - [TEST_STEP][PASSED] - click(findTestObject("New_Homepage/Page_diagnostics/a_Abbott Rapid Diagnostics PANBIO COVID-19 Ag Rapid Test Device (Nasopharyngeal)")): Object: 'Object Repository/New_Homepage/Page_diagnostics/a_Abbott Rapid Diagnostics PANBIO COVID-19 Ag Rapid Test Device (Nasopharyngeal)' is clicked on

2022-04-06 19:15:50 - [MESSAGE][PASSED] - Object: 'Object Repository/New_Homepage/Page_diagnostics/a_Abbott Rapid Diagnostics PANBIO COVID-19 Ag Rapid Test Device (Nasopharyngeal)' is clicked on

2022-04-06 19:15:50 - [MESSAGE][PASSED] - Call Test Case 'Test Cases/Custom Item Details/UTILITIES/OPEN_BROWSER' successfully

2022-04-06 19:15:50 - [TEST_STEP][PASSED] - waitForElementVisible(findTestObject("Staging Objects/Page_diagnostics/span_Regulatory approval"), 0): Object 'Object Repository/Staging Objects/Page_diagnostics/span_Regulatory approval' is visible

2022-04-06 19:15:50 - [MESSAGE][WARNING] - Timeout '0' is invalid. Using default page load timeout: '30'

2022-04-06 19:15:51 - [MESSAGE][PASSED] - Object 'Object Repository/Staging Objects/Page_diagnostics/span_Regulatory approval' is visible

2022-04-06 19:15:51 - [TEST_STEP][PASSED] - verifyElementPresent(findTestObject("Staging Objects/Page_diagnostics/span_Regulatory approval"), 0): Object 'Object Repository/Staging Objects/Page_diagnostics/span_Regulatory approval' is present

2022-04-06 19:15:52 - [MESSAGE][WARNING] - Timeout '0' is invalid. Using default page load timeout: '30'

2022-04-06 19:15:52 - [MESSAGE][PASSED] - Object 'Object Repository/Staging Objects/Page_diagnostics/span_Regulatory approval' is present

2022-04-06 19:15:52 - [TEST_STEP][PASSED] - callTestCase(findTestCase("Custom Item Details/UTILITIES/CLOSE_BROWSER"), [:], STOP_ON_FAILURE): Call Test Case 'Test Cases/Custom Item Details/UTILITIES/CLOSE_BROWSER' successfully

2022-04-06 19:15:52 - [TEST_CASE][PASSED] - Test Cases/Custom Item Details/UTILITIES/CLOSE_BROWSER: Test Cases/Custom Item Details/UTILITIES/CLOSE_BROWSER

2022-04-06 19:15:52 - [TEST_STEP][PASSED] - closeBrowser(): Browser is closed

2022-04-06 19:15:53 - [MESSAGE][PASSED] - Browser is closed

2022-04-06 19:15:53 - [MESSAGE][PASSED] - Call Test Case 'Test Cases/Custom Item Details/UTILITIES/CLOSE_BROWSER' successfully]]></system-out>
         <system-err><![CDATA[]]></system-err>
      </testcase>
      <testcase name="Test Cases/Custom Item Details/TEST CASE/TC_DETAILS_UI_040" time="44.247" classname="Test Cases/Custom Item Details/TEST CASE/TC_DETAILS_UI_040" status="PASSED">
         <system-out><![CDATA[2022-04-06 19:15:53 - [TEST_CASE][PASSED] - Test Cases/Custom Item Details/TEST CASE/TC_DETAILS_UI_040: Test Cases/Custom Item Details/TEST CASE/TC_DETAILS_UI_040

2022-04-06 19:15:53 - [TEST_STEP][PASSED] - callTestCase(findTestCase("Custom Item Details/UTILITIES/OPEN_BROWSER"), [:], STOP_ON_FAILURE): Call Test Case 'Test Cases/Custom Item Details/UTILITIES/OPEN_BROWSER' successfully

2022-04-06 19:15:53 - [TEST_CASE][PASSED] - Test Cases/Custom Item Details/UTILITIES/OPEN_BROWSER: Test Cases/Custom Item Details/UTILITIES/OPEN_BROWSER

2022-04-06 19:15:53 - [TEST_STEP][PASSED] - openBrowser("https://diagnostics.staging.arcadier.io/"): Browser is opened with url: 'https://diagnostics.staging.arcadier.io/'

2022-04-06 19:15:53 - [MESSAGE][INFO] - Starting 'Chrome' driver

2022-04-06 19:15:53 - [MESSAGE][INFO] - Action delay is set to 0 milliseconds

2022-04-06 19:15:57 - [MESSAGE][PASSED] - Browser is opened with url: 'https://diagnostics.staging.arcadier.io/'

2022-04-06 19:15:57 - [TEST_STEP][PASSED] - maximizeWindow(): Current window maximized

2022-04-06 19:15:57 - [MESSAGE][PASSED] - Current window maximized

2022-04-06 19:15:57 - [TEST_STEP][PASSED] - click(findTestObject("Item Details Objects/Page_diagnostics/a_Accept Cookies")): Object: 'Object Repository/Item Details Objects/Page_diagnostics/a_Accept Cookies' is clicked on

2022-04-06 19:15:58 - [MESSAGE][PASSED] - Object: 'Object Repository/Item Details Objects/Page_diagnostics/a_Accept Cookies' is clicked on

2022-04-06 19:15:58 - [TEST_STEP][PASSED] - click(findTestObject("New_Homepage/Page_diagnostics/a_COVID-19 DIAGNOSTICS"), STOP_ON_FAILURE): Object: 'Object Repository/New_Homepage/Page_diagnostics/a_COVID-19 DIAGNOSTICS' is clicked on

2022-04-06 19:16:00 - [MESSAGE][PASSED] - Object: 'Object Repository/New_Homepage/Page_diagnostics/a_COVID-19 DIAGNOSTICS' is clicked on

2022-04-06 19:16:00 - [TEST_STEP][PASSED] - mouseOver(findTestObject("New_Homepage/Page_diagnostics/a_Abbott Rapid Diagnostics PANBIO COVID-19 Ag Rapid Test Device (Nasopharyngeal)")): Object: 'Object Repository/New_Homepage/Page_diagnostics/a_Abbott Rapid Diagnostics PANBIO COVID-19 Ag Rapid Test Device (Nasopharyngeal)' is hovered

2022-04-06 19:16:02 - [MESSAGE][PASSED] - Object: 'Object Repository/New_Homepage/Page_diagnostics/a_Abbott Rapid Diagnostics PANBIO COVID-19 Ag Rapid Test Device (Nasopharyngeal)' is hovered

2022-04-06 19:16:02 - [TEST_STEP][PASSED] - click(findTestObject("New_Homepage/Page_diagnostics/a_Abbott Rapid Diagnostics PANBIO COVID-19 Ag Rapid Test Device (Nasopharyngeal)")): Object: 'Object Repository/New_Homepage/Page_diagnostics/a_Abbott Rapid Diagnostics PANBIO COVID-19 Ag Rapid Test Device (Nasopharyngeal)' is clicked on

2022-04-06 19:16:04 - [MESSAGE][PASSED] - Object: 'Object Repository/New_Homepage/Page_diagnostics/a_Abbott Rapid Diagnostics PANBIO COVID-19 Ag Rapid Test Device (Nasopharyngeal)' is clicked on

2022-04-06 19:16:04 - [MESSAGE][PASSED] - Call Test Case 'Test Cases/Custom Item Details/UTILITIES/OPEN_BROWSER' successfully

2022-04-06 19:16:04 - [TEST_STEP][PASSED] - waitForElementVisible(findTestObject("Staging Objects/Page_diagnostics/span_Sample type"), 0): Object 'Object Repository/Staging Objects/Page_diagnostics/span_Sample type' is not visible after 30 second(s)

2022-04-06 19:16:04 - [MESSAGE][WARNING] - Timeout '0' is invalid. Using default page load timeout: '30'

2022-04-06 19:16:36 - [MESSAGE][WARNING] - Object 'Object Repository/Staging Objects/Page_diagnostics/span_Sample type' is not visible after 30 second(s)

2022-04-06 19:16:36 - [TEST_STEP][PASSED] - verifyElementPresent(findTestObject("Staging Objects/Page_diagnostics/span_Sample type"), 0): Object 'Object Repository/Staging Objects/Page_diagnostics/span_Sample type' is present

2022-04-06 19:16:36 - [MESSAGE][WARNING] - Timeout '0' is invalid. Using default page load timeout: '30'

2022-04-06 19:16:36 - [MESSAGE][PASSED] - Object 'Object Repository/Staging Objects/Page_diagnostics/span_Sample type' is present

2022-04-06 19:16:36 - [TEST_STEP][PASSED] - callTestCase(findTestCase("Custom Item Details/UTILITIES/CLOSE_BROWSER"), [:], STOP_ON_FAILURE): Call Test Case 'Test Cases/Custom Item Details/UTILITIES/CLOSE_BROWSER' successfully

2022-04-06 19:16:36 - [TEST_CASE][PASSED] - Test Cases/Custom Item Details/UTILITIES/CLOSE_BROWSER: Test Cases/Custom Item Details/UTILITIES/CLOSE_BROWSER

2022-04-06 19:16:36 - [TEST_STEP][PASSED] - closeBrowser(): Browser is closed

2022-04-06 19:16:37 - [MESSAGE][PASSED] - Browser is closed

2022-04-06 19:16:37 - [MESSAGE][PASSED] - Call Test Case 'Test Cases/Custom Item Details/UTILITIES/CLOSE_BROWSER' successfully]]></system-out>
         <system-err><![CDATA[]]></system-err>
      </testcase>
      <testcase name="Test Cases/Custom Item Details/TEST CASE/TC_DETAILS_UI_041" time="13.661" classname="Test Cases/Custom Item Details/TEST CASE/TC_DETAILS_UI_041" status="PASSED">
         <system-out><![CDATA[2022-04-06 19:16:37 - [TEST_CASE][PASSED] - Test Cases/Custom Item Details/TEST CASE/TC_DETAILS_UI_041: Test Cases/Custom Item Details/TEST CASE/TC_DETAILS_UI_041

2022-04-06 19:16:37 - [TEST_STEP][PASSED] - callTestCase(findTestCase("Custom Item Details/UTILITIES/OPEN_BROWSER"), [:], STOP_ON_FAILURE): Call Test Case 'Test Cases/Custom Item Details/UTILITIES/OPEN_BROWSER' successfully

2022-04-06 19:16:37 - [TEST_CASE][PASSED] - Test Cases/Custom Item Details/UTILITIES/OPEN_BROWSER: Test Cases/Custom Item Details/UTILITIES/OPEN_BROWSER

2022-04-06 19:16:37 - [TEST_STEP][PASSED] - openBrowser("https://diagnostics.staging.arcadier.io/"): Browser is opened with url: 'https://diagnostics.staging.arcadier.io/'

2022-04-06 19:16:37 - [MESSAGE][INFO] - Starting 'Chrome' driver

2022-04-06 19:16:37 - [MESSAGE][INFO] - Action delay is set to 0 milliseconds

2022-04-06 19:16:40 - [MESSAGE][PASSED] - Browser is opened with url: 'https://diagnostics.staging.arcadier.io/'

2022-04-06 19:16:40 - [TEST_STEP][PASSED] - maximizeWindow(): Current window maximized

2022-04-06 19:16:40 - [MESSAGE][PASSED] - Current window maximized

2022-04-06 19:16:40 - [TEST_STEP][PASSED] - click(findTestObject("Item Details Objects/Page_diagnostics/a_Accept Cookies")): Object: 'Object Repository/Item Details Objects/Page_diagnostics/a_Accept Cookies' is clicked on

2022-04-06 19:16:42 - [MESSAGE][PASSED] - Object: 'Object Repository/Item Details Objects/Page_diagnostics/a_Accept Cookies' is clicked on

2022-04-06 19:16:42 - [TEST_STEP][PASSED] - click(findTestObject("New_Homepage/Page_diagnostics/a_COVID-19 DIAGNOSTICS"), STOP_ON_FAILURE): Object: 'Object Repository/New_Homepage/Page_diagnostics/a_COVID-19 DIAGNOSTICS' is clicked on

2022-04-06 19:16:44 - [MESSAGE][PASSED] - Object: 'Object Repository/New_Homepage/Page_diagnostics/a_COVID-19 DIAGNOSTICS' is clicked on

2022-04-06 19:16:44 - [TEST_STEP][PASSED] - mouseOver(findTestObject("New_Homepage/Page_diagnostics/a_Abbott Rapid Diagnostics PANBIO COVID-19 Ag Rapid Test Device (Nasopharyngeal)")): Object: 'Object Repository/New_Homepage/Page_diagnostics/a_Abbott Rapid Diagnostics PANBIO COVID-19 Ag Rapid Test Device (Nasopharyngeal)' is hovered

2022-04-06 19:16:45 - [MESSAGE][PASSED] - Object: 'Object Repository/New_Homepage/Page_diagnostics/a_Abbott Rapid Diagnostics PANBIO COVID-19 Ag Rapid Test Device (Nasopharyngeal)' is hovered

2022-04-06 19:16:45 - [TEST_STEP][PASSED] - click(findTestObject("New_Homepage/Page_diagnostics/a_Abbott Rapid Diagnostics PANBIO COVID-19 Ag Rapid Test Device (Nasopharyngeal)")): Object: 'Object Repository/New_Homepage/Page_diagnostics/a_Abbott Rapid Diagnostics PANBIO COVID-19 Ag Rapid Test Device (Nasopharyngeal)' is clicked on

2022-04-06 19:16:48 - [MESSAGE][PASSED] - Object: 'Object Repository/New_Homepage/Page_diagnostics/a_Abbott Rapid Diagnostics PANBIO COVID-19 Ag Rapid Test Device (Nasopharyngeal)' is clicked on

2022-04-06 19:16:48 - [MESSAGE][PASSED] - Call Test Case 'Test Cases/Custom Item Details/UTILITIES/OPEN_BROWSER' successfully

2022-04-06 19:16:48 - [TEST_STEP][PASSED] - waitForElementVisible(findTestObject("Staging Objects/Page_diagnostics/span_Storage conditions"), 0): Object 'Object Repository/Staging Objects/Page_diagnostics/span_Storage conditions' is visible

2022-04-06 19:16:48 - [MESSAGE][WARNING] - Timeout '0' is invalid. Using default page load timeout: '30'

2022-04-06 19:16:49 - [MESSAGE][PASSED] - Object 'Object Repository/Staging Objects/Page_diagnostics/span_Storage conditions' is visible

2022-04-06 19:16:49 - [TEST_STEP][PASSED] - verifyElementPresent(findTestObject("Staging Objects/Page_diagnostics/span_Storage conditions"), 0): Object 'Object Repository/Staging Objects/Page_diagnostics/span_Storage conditions' is present

2022-04-06 19:16:49 - [MESSAGE][WARNING] - Timeout '0' is invalid. Using default page load timeout: '30'

2022-04-06 19:16:50 - [MESSAGE][PASSED] - Object 'Object Repository/Staging Objects/Page_diagnostics/span_Storage conditions' is present

2022-04-06 19:16:50 - [TEST_STEP][PASSED] - callTestCase(findTestCase("Custom Item Details/UTILITIES/CLOSE_BROWSER"), [:], STOP_ON_FAILURE): Call Test Case 'Test Cases/Custom Item Details/UTILITIES/CLOSE_BROWSER' successfully

2022-04-06 19:16:50 - [TEST_CASE][PASSED] - Test Cases/Custom Item Details/UTILITIES/CLOSE_BROWSER: Test Cases/Custom Item Details/UTILITIES/CLOSE_BROWSER

2022-04-06 19:16:50 - [TEST_STEP][PASSED] - closeBrowser(): Browser is closed

2022-04-06 19:16:50 - [MESSAGE][PASSED] - Browser is closed

2022-04-06 19:16:50 - [MESSAGE][PASSED] - Call Test Case 'Test Cases/Custom Item Details/UTILITIES/CLOSE_BROWSER' successfully]]></system-out>
         <system-err><![CDATA[]]></system-err>
      </testcase>
      <testcase name="Test Cases/Custom Item Details/TEST CASE/TC_DETAILS_UI_042" time="12.958" classname="Test Cases/Custom Item Details/TEST CASE/TC_DETAILS_UI_042" status="PASSED">
         <system-out><![CDATA[2022-04-06 19:16:50 - [TEST_CASE][PASSED] - Test Cases/Custom Item Details/TEST CASE/TC_DETAILS_UI_042: Test Cases/Custom Item Details/TEST CASE/TC_DETAILS_UI_042

2022-04-06 19:16:51 - [TEST_STEP][PASSED] - callTestCase(findTestCase("Custom Item Details/UTILITIES/OPEN_BROWSER"), [:], STOP_ON_FAILURE): Call Test Case 'Test Cases/Custom Item Details/UTILITIES/OPEN_BROWSER' successfully

2022-04-06 19:16:51 - [TEST_CASE][PASSED] - Test Cases/Custom Item Details/UTILITIES/OPEN_BROWSER: Test Cases/Custom Item Details/UTILITIES/OPEN_BROWSER

2022-04-06 19:16:51 - [TEST_STEP][PASSED] - openBrowser("https://diagnostics.staging.arcadier.io/"): Browser is opened with url: 'https://diagnostics.staging.arcadier.io/'

2022-04-06 19:16:51 - [MESSAGE][INFO] - Starting 'Chrome' driver

2022-04-06 19:16:51 - [MESSAGE][INFO] - Action delay is set to 0 milliseconds

2022-04-06 19:16:54 - [MESSAGE][PASSED] - Browser is opened with url: 'https://diagnostics.staging.arcadier.io/'

2022-04-06 19:16:54 - [TEST_STEP][PASSED] - maximizeWindow(): Current window maximized

2022-04-06 19:16:54 - [MESSAGE][PASSED] - Current window maximized

2022-04-06 19:16:54 - [TEST_STEP][PASSED] - click(findTestObject("Item Details Objects/Page_diagnostics/a_Accept Cookies")): Object: 'Object Repository/Item Details Objects/Page_diagnostics/a_Accept Cookies' is clicked on

2022-04-06 19:16:56 - [MESSAGE][PASSED] - Object: 'Object Repository/Item Details Objects/Page_diagnostics/a_Accept Cookies' is clicked on

2022-04-06 19:16:56 - [TEST_STEP][PASSED] - click(findTestObject("New_Homepage/Page_diagnostics/a_COVID-19 DIAGNOSTICS"), STOP_ON_FAILURE): Object: 'Object Repository/New_Homepage/Page_diagnostics/a_COVID-19 DIAGNOSTICS' is clicked on

2022-04-06 19:16:57 - [MESSAGE][PASSED] - Object: 'Object Repository/New_Homepage/Page_diagnostics/a_COVID-19 DIAGNOSTICS' is clicked on

2022-04-06 19:16:57 - [TEST_STEP][PASSED] - mouseOver(findTestObject("New_Homepage/Page_diagnostics/a_Abbott Rapid Diagnostics PANBIO COVID-19 Ag Rapid Test Device (Nasopharyngeal)")): Object: 'Object Repository/New_Homepage/Page_diagnostics/a_Abbott Rapid Diagnostics PANBIO COVID-19 Ag Rapid Test Device (Nasopharyngeal)' is hovered

2022-04-06 19:16:58 - [MESSAGE][PASSED] - Object: 'Object Repository/New_Homepage/Page_diagnostics/a_Abbott Rapid Diagnostics PANBIO COVID-19 Ag Rapid Test Device (Nasopharyngeal)' is hovered

2022-04-06 19:16:58 - [TEST_STEP][PASSED] - click(findTestObject("New_Homepage/Page_diagnostics/a_Abbott Rapid Diagnostics PANBIO COVID-19 Ag Rapid Test Device (Nasopharyngeal)")): Object: 'Object Repository/New_Homepage/Page_diagnostics/a_Abbott Rapid Diagnostics PANBIO COVID-19 Ag Rapid Test Device (Nasopharyngeal)' is clicked on

2022-04-06 19:17:01 - [MESSAGE][PASSED] - Object: 'Object Repository/New_Homepage/Page_diagnostics/a_Abbott Rapid Diagnostics PANBIO COVID-19 Ag Rapid Test Device (Nasopharyngeal)' is clicked on

2022-04-06 19:17:01 - [MESSAGE][PASSED] - Call Test Case 'Test Cases/Custom Item Details/UTILITIES/OPEN_BROWSER' successfully

2022-04-06 19:17:01 - [TEST_STEP][PASSED] - waitForElementVisible(findTestObject("Staging Objects/Page_diagnostics/span_Technology principle"), 0): Object 'Object Repository/Staging Objects/Page_diagnostics/span_Technology principle' is visible

2022-04-06 19:17:01 - [MESSAGE][WARNING] - Timeout '0' is invalid. Using default page load timeout: '30'

2022-04-06 19:17:02 - [MESSAGE][PASSED] - Object 'Object Repository/Staging Objects/Page_diagnostics/span_Technology principle' is visible

2022-04-06 19:17:02 - [TEST_STEP][PASSED] - verifyElementPresent(findTestObject("Staging Objects/Page_diagnostics/span_Technology principle"), 0): Object 'Object Repository/Staging Objects/Page_diagnostics/span_Technology principle' is present

2022-04-06 19:17:02 - [MESSAGE][WARNING] - Timeout '0' is invalid. Using default page load timeout: '30'

2022-04-06 19:17:03 - [MESSAGE][PASSED] - Object 'Object Repository/Staging Objects/Page_diagnostics/span_Technology principle' is present

2022-04-06 19:17:03 - [TEST_STEP][PASSED] - callTestCase(findTestCase("Custom Item Details/UTILITIES/CLOSE_BROWSER"), [:], STOP_ON_FAILURE): Call Test Case 'Test Cases/Custom Item Details/UTILITIES/CLOSE_BROWSER' successfully

2022-04-06 19:17:03 - [TEST_CASE][PASSED] - Test Cases/Custom Item Details/UTILITIES/CLOSE_BROWSER: Test Cases/Custom Item Details/UTILITIES/CLOSE_BROWSER

2022-04-06 19:17:03 - [TEST_STEP][PASSED] - closeBrowser(): Browser is closed

2022-04-06 19:17:03 - [MESSAGE][PASSED] - Browser is closed

2022-04-06 19:17:03 - [MESSAGE][PASSED] - Call Test Case 'Test Cases/Custom Item Details/UTILITIES/CLOSE_BROWSER' successfully]]></system-out>
         <system-err><![CDATA[]]></system-err>
      </testcase>
      <testcase name="Test Cases/Custom Item Details/TEST CASE/TC_DETAILS_UI_043" time="73.434" classname="Test Cases/Custom Item Details/TEST CASE/TC_DETAILS_UI_043" status="FAILED">
         <failure type="FAILED" message="Test Cases/Custom Item Details/TEST CASE/TC_DETAILS_UI_043 FAILED.
Reason:
com.kms.katalon.core.exception.StepFailedException: Unable to verify object 'Object Repository/Staging Objects/Page_diagnostics/span_Test strip ejector' is present
	at com.kms.katalon.core.webui.keyword.internal.WebUIKeywordMain.stepFailed(WebUIKeywordMain.groovy:64)
	at com.kms.katalon.core.webui.keyword.internal.WebUIKeywordMain.runKeyword(WebUIKeywordMain.groovy:26)
	at com.kms.katalon.core.webui.keyword.builtin.VerifyElementPresentKeyword.verifyElementPresent(VerifyElementPresentKeyword.groovy:92)
	at com.kms.katalon.core.webui.keyword.builtin.VerifyElementPresentKeyword.execute(VerifyElementPresentKeyword.groovy:68)
	at com.kms.katalon.core.keyword.internal.KeywordExecutor.executeKeywordForPlatform(KeywordExecutor.groovy:73)
	at com.kms.katalon.core.webui.keyword.WebUiBuiltInKeywords.verifyElementPresent(WebUiBuiltInKeywords.groovy:1461)
	at com.kms.katalon.core.webui.keyword.WebUiBuiltInKeywords$verifyElementPresent$9.call(Unknown Source)
	at TC_DETAILS_UI_043.run(TC_DETAILS_UI_043:22)
	at com.kms.katalon.core.main.ScriptEngine.run(ScriptEngine.java:194)
	at com.kms.katalon.core.main.ScriptEngine.runScriptAsRawText(ScriptEngine.java:119)
	at com.kms.katalon.core.main.TestCaseExecutor.runScript(TestCaseExecutor.java:339)
	at com.kms.katalon.core.main.TestCaseExecutor.doExecute(TestCaseExecutor.java:330)
	at com.kms.katalon.core.main.TestCaseExecutor.processExecutionPhase(TestCaseExecutor.java:309)
	at com.kms.katalon.core.main.TestCaseExecutor.accessMainPhase(TestCaseExecutor.java:301)
	at com.kms.katalon.core.main.TestCaseExecutor.execute(TestCaseExecutor.java:235)
	at com.kms.katalon.core.main.TestSuiteExecutor.accessTestCaseMainPhase(TestSuiteExecutor.java:191)
	at com.kms.katalon.core.main.TestSuiteExecutor.accessTestSuiteMainPhase(TestSuiteExecutor.java:141)
	at com.kms.katalon.core.main.TestSuiteExecutor.execute(TestSuiteExecutor.java:90)
	at com.kms.katalon.core.main.TestCaseMain.startTestSuite(TestCaseMain.java:157)
	at com.kms.katalon.core.main.TestCaseMain$startTestSuite$0.call(Unknown Source)
	at TempTestSuite1649242622951.run(TempTestSuite1649242622951.groovy:39)
Caused by: com.kms.katalon.core.exception.StepFailedException: com.kms.katalon.core.webui.exception.WebElementNotFoundException: Web element with id: 'Object Repository/Staging Objects/Page_diagnostics/span_Test strip ejector' located by '//*[(text() = 'Test strip ejector:' or . = 'Test strip ejector:')]' not found
	at com.kms.katalon.core.webui.keyword.internal.WebUIKeywordMain.stepFailed(WebUIKeywordMain.groovy:64)
	at com.kms.katalon.core.webui.keyword.builtin.VerifyElementPresentKeyword$_verifyElementPresent_closure1.doCall(VerifyElementPresentKeyword.groovy:85)
	at com.kms.katalon.core.webui.keyword.builtin.VerifyElementPresentKeyword$_verifyElementPresent_closure1.call(VerifyElementPresentKeyword.groovy)
	at com.kms.katalon.core.webui.keyword.internal.WebUIKeywordMain.runKeyword(WebUIKeywordMain.groovy:20)
	... 19 more
"/>
         <system-out><![CDATA[2022-04-06 19:17:03 - [TEST_CASE][FAILED] - Test Cases/Custom Item Details/TEST CASE/TC_DETAILS_UI_043: Test Cases/Custom Item Details/TEST CASE/TC_DETAILS_UI_043 FAILED.
Reason:
com.kms.katalon.core.exception.StepFailedException: Unable to verify object 'Object Repository/Staging Objects/Page_diagnostics/span_Test strip ejector' is present
	at com.kms.katalon.core.webui.keyword.internal.WebUIKeywordMain.stepFailed(WebUIKeywordMain.groovy:64)
	at com.kms.katalon.core.webui.keyword.internal.WebUIKeywordMain.runKeyword(WebUIKeywordMain.groovy:26)
	at com.kms.katalon.core.webui.keyword.builtin.VerifyElementPresentKeyword.verifyElementPresent(VerifyElementPresentKeyword.groovy:92)
	at com.kms.katalon.core.webui.keyword.builtin.VerifyElementPresentKeyword.execute(VerifyElementPresentKeyword.groovy:68)
	at com.kms.katalon.core.keyword.internal.KeywordExecutor.executeKeywordForPlatform(KeywordExecutor.groovy:73)
	at com.kms.katalon.core.webui.keyword.WebUiBuiltInKeywords.verifyElementPresent(WebUiBuiltInKeywords.groovy:1461)
	at com.kms.katalon.core.webui.keyword.WebUiBuiltInKeywords$verifyElementPresent$9.call(Unknown Source)
	at TC_DETAILS_UI_043.run(TC_DETAILS_UI_043:22)
	at com.kms.katalon.core.main.ScriptEngine.run(ScriptEngine.java:194)
	at com.kms.katalon.core.main.ScriptEngine.runScriptAsRawText(ScriptEngine.java:119)
	at com.kms.katalon.core.main.TestCaseExecutor.runScript(TestCaseExecutor.java:339)
	at com.kms.katalon.core.main.TestCaseExecutor.doExecute(TestCaseExecutor.java:330)
	at com.kms.katalon.core.main.TestCaseExecutor.processExecutionPhase(TestCaseExecutor.java:309)
	at com.kms.katalon.core.main.TestCaseExecutor.accessMainPhase(TestCaseExecutor.java:301)
	at com.kms.katalon.core.main.TestCaseExecutor.execute(TestCaseExecutor.java:235)
	at com.kms.katalon.core.main.TestSuiteExecutor.accessTestCaseMainPhase(TestSuiteExecutor.java:191)
	at com.kms.katalon.core.main.TestSuiteExecutor.accessTestSuiteMainPhase(TestSuiteExecutor.java:141)
	at com.kms.katalon.core.main.TestSuiteExecutor.execute(TestSuiteExecutor.java:90)
	at com.kms.katalon.core.main.TestCaseMain.startTestSuite(TestCaseMain.java:157)
	at com.kms.katalon.core.main.TestCaseMain$startTestSuite$0.call(Unknown Source)
	at TempTestSuite1649242622951.run(TempTestSuite1649242622951.groovy:39)
Caused by: com.kms.katalon.core.exception.StepFailedException: com.kms.katalon.core.webui.exception.WebElementNotFoundException: Web element with id: 'Object Repository/Staging Objects/Page_diagnostics/span_Test strip ejector' located by '//*[(text() = 'Test strip ejector:' or . = 'Test strip ejector:')]' not found
	at com.kms.katalon.core.webui.keyword.internal.WebUIKeywordMain.stepFailed(WebUIKeywordMain.groovy:64)
	at com.kms.katalon.core.webui.keyword.builtin.VerifyElementPresentKeyword$_verifyElementPresent_closure1.doCall(VerifyElementPresentKeyword.groovy:85)
	at com.kms.katalon.core.webui.keyword.builtin.VerifyElementPresentKeyword$_verifyElementPresent_closure1.call(VerifyElementPresentKeyword.groovy)
	at com.kms.katalon.core.webui.keyword.internal.WebUIKeywordMain.runKeyword(WebUIKeywordMain.groovy:20)
	... 19 more


2022-04-06 19:17:04 - [TEST_STEP][PASSED] - callTestCase(findTestCase("Custom Item Details/UTILITIES/OPEN_BROWSER"), [:], STOP_ON_FAILURE): Call Test Case 'Test Cases/Custom Item Details/UTILITIES/OPEN_BROWSER' successfully

2022-04-06 19:17:04 - [TEST_CASE][PASSED] - Test Cases/Custom Item Details/UTILITIES/OPEN_BROWSER: Test Cases/Custom Item Details/UTILITIES/OPEN_BROWSER

2022-04-06 19:17:04 - [TEST_STEP][PASSED] - openBrowser("https://diagnostics.staging.arcadier.io/"): Browser is opened with url: 'https://diagnostics.staging.arcadier.io/'

2022-04-06 19:17:04 - [MESSAGE][INFO] - Starting 'Chrome' driver

2022-04-06 19:17:04 - [MESSAGE][INFO] - Action delay is set to 0 milliseconds

2022-04-06 19:17:07 - [MESSAGE][PASSED] - Browser is opened with url: 'https://diagnostics.staging.arcadier.io/'

2022-04-06 19:17:07 - [TEST_STEP][PASSED] - maximizeWindow(): Current window maximized

2022-04-06 19:17:07 - [MESSAGE][PASSED] - Current window maximized

2022-04-06 19:17:07 - [TEST_STEP][PASSED] - click(findTestObject("Item Details Objects/Page_diagnostics/a_Accept Cookies")): Object: 'Object Repository/Item Details Objects/Page_diagnostics/a_Accept Cookies' is clicked on

2022-04-06 19:17:08 - [MESSAGE][PASSED] - Object: 'Object Repository/Item Details Objects/Page_diagnostics/a_Accept Cookies' is clicked on

2022-04-06 19:17:08 - [TEST_STEP][PASSED] - click(findTestObject("New_Homepage/Page_diagnostics/a_COVID-19 DIAGNOSTICS"), STOP_ON_FAILURE): Object: 'Object Repository/New_Homepage/Page_diagnostics/a_COVID-19 DIAGNOSTICS' is clicked on

2022-04-06 19:17:10 - [MESSAGE][PASSED] - Object: 'Object Repository/New_Homepage/Page_diagnostics/a_COVID-19 DIAGNOSTICS' is clicked on

2022-04-06 19:17:10 - [TEST_STEP][PASSED] - mouseOver(findTestObject("New_Homepage/Page_diagnostics/a_Abbott Rapid Diagnostics PANBIO COVID-19 Ag Rapid Test Device (Nasopharyngeal)")): Object: 'Object Repository/New_Homepage/Page_diagnostics/a_Abbott Rapid Diagnostics PANBIO COVID-19 Ag Rapid Test Device (Nasopharyngeal)' is hovered

2022-04-06 19:17:12 - [MESSAGE][PASSED] - Object: 'Object Repository/New_Homepage/Page_diagnostics/a_Abbott Rapid Diagnostics PANBIO COVID-19 Ag Rapid Test Device (Nasopharyngeal)' is hovered

2022-04-06 19:17:12 - [TEST_STEP][PASSED] - click(findTestObject("New_Homepage/Page_diagnostics/a_Abbott Rapid Diagnostics PANBIO COVID-19 Ag Rapid Test Device (Nasopharyngeal)")): Object: 'Object Repository/New_Homepage/Page_diagnostics/a_Abbott Rapid Diagnostics PANBIO COVID-19 Ag Rapid Test Device (Nasopharyngeal)' is clicked on

2022-04-06 19:17:14 - [MESSAGE][PASSED] - Object: 'Object Repository/New_Homepage/Page_diagnostics/a_Abbott Rapid Diagnostics PANBIO COVID-19 Ag Rapid Test Device (Nasopharyngeal)' is clicked on

2022-04-06 19:17:14 - [MESSAGE][PASSED] - Call Test Case 'Test Cases/Custom Item Details/UTILITIES/OPEN_BROWSER' successfully

2022-04-06 19:17:14 - [TEST_STEP][PASSED] - waitForElementVisible(findTestObject("Staging Objects/Page_diagnostics/span_Test strip ejector"), 0): Web element with id: 'Object Repository/Staging Objects/Page_diagnostics/span_Test strip ejector' located by '//*[(text() = 'Test strip ejector:' or . = 'Test strip ejector:')]' not found

2022-04-06 19:17:14 - [MESSAGE][WARNING] - Timeout '0' is invalid. Using default page load timeout: '30'

2022-04-06 19:17:45 - [MESSAGE][INFO] - Unable to find the element located by 'By.xpath: //*[(text() = 'Test strip ejector:' or . = 'Test strip ejector:')]'. Please recheck the objects properties to make sure the desired element is located. 

2022-04-06 19:17:45 - [MESSAGE][WARNING] - Web element with id: 'Object Repository/Staging Objects/Page_diagnostics/span_Test strip ejector' located by '//*[(text() = 'Test strip ejector:' or . = 'Test strip ejector:')]' not found

2022-04-06 19:17:45 - [TEST_STEP][FAILED] - verifyElementPresent(findTestObject("Staging Objects/Page_diagnostics/span_Test strip ejector"), 0): Unable to verify object 'Object Repository/Staging Objects/Page_diagnostics/span_Test strip ejector' is present (Root cause: com.kms.katalon.core.exception.StepFailedException: Unable to verify object 'Object Repository/Staging Objects/Page_diagnostics/span_Test strip ejector' is present
	at com.kms.katalon.core.webui.keyword.internal.WebUIKeywordMain.stepFailed(WebUIKeywordMain.groovy:64)
	at com.kms.katalon.core.webui.keyword.internal.WebUIKeywordMain.runKeyword(WebUIKeywordMain.groovy:26)
	at com.kms.katalon.core.webui.keyword.builtin.VerifyElementPresentKeyword.verifyElementPresent(VerifyElementPresentKeyword.groovy:92)
	at com.kms.katalon.core.webui.keyword.builtin.VerifyElementPresentKeyword.execute(VerifyElementPresentKeyword.groovy:68)
	at com.kms.katalon.core.keyword.internal.KeywordExecutor.executeKeywordForPlatform(KeywordExecutor.groovy:73)
	at com.kms.katalon.core.webui.keyword.WebUiBuiltInKeywords.verifyElementPresent(WebUiBuiltInKeywords.groovy:1461)
	at com.kms.katalon.core.webui.keyword.WebUiBuiltInKeywords$verifyElementPresent$9.call(Unknown Source)
	at TC_DETAILS_UI_043.run(TC_DETAILS_UI_043:22)
	at com.kms.katalon.core.main.ScriptEngine.run(ScriptEngine.java:194)
	at com.kms.katalon.core.main.ScriptEngine.runScriptAsRawText(ScriptEngine.java:119)
	at com.kms.katalon.core.main.TestCaseExecutor.runScript(TestCaseExecutor.java:339)
	at com.kms.katalon.core.main.TestCaseExecutor.doExecute(TestCaseExecutor.java:330)
	at com.kms.katalon.core.main.TestCaseExecutor.processExecutionPhase(TestCaseExecutor.java:309)
	at com.kms.katalon.core.main.TestCaseExecutor.accessMainPhase(TestCaseExecutor.java:301)
	at com.kms.katalon.core.main.TestCaseExecutor.execute(TestCaseExecutor.java:235)
	at com.kms.katalon.core.main.TestSuiteExecutor.accessTestCaseMainPhase(TestSuiteExecutor.java:191)
	at com.kms.katalon.core.main.TestSuiteExecutor.accessTestSuiteMainPhase(TestSuiteExecutor.java:141)
	at com.kms.katalon.core.main.TestSuiteExecutor.execute(TestSuiteExecutor.java:90)
	at com.kms.katalon.core.main.TestCaseMain.startTestSuite(TestCaseMain.java:157)
	at com.kms.katalon.core.main.TestCaseMain$startTestSuite$0.call(Unknown Source)
	at TempTestSuite1649242622951.run(TempTestSuite1649242622951.groovy:39)
Caused by: com.kms.katalon.core.exception.StepFailedException: com.kms.katalon.core.webui.exception.WebElementNotFoundException: Web element with id: 'Object Repository/Staging Objects/Page_diagnostics/span_Test strip ejector' located by '//*[(text() = 'Test strip ejector:' or . = 'Test strip ejector:')]' not found
	at com.kms.katalon.core.webui.keyword.internal.WebUIKeywordMain.stepFailed(WebUIKeywordMain.groovy:64)
	at com.kms.katalon.core.webui.keyword.builtin.VerifyElementPresentKeyword$_verifyElementPresent_closure1.doCall(VerifyElementPresentKeyword.groovy:85)
	at com.kms.katalon.core.webui.keyword.builtin.VerifyElementPresentKeyword$_verifyElementPresent_closure1.call(VerifyElementPresentKeyword.groovy)
	at com.kms.katalon.core.webui.keyword.internal.WebUIKeywordMain.runKeyword(WebUIKeywordMain.groovy:20)
	... 19 more
)

2022-04-06 19:17:45 - [MESSAGE][WARNING] - Timeout '0' is invalid. Using default page load timeout: '30'

2022-04-06 19:18:17 - [MESSAGE][INFO] - Unable to find the element located by 'By.xpath: //*[(text() = 'Test strip ejector:' or . = 'Test strip ejector:')]'. Please recheck the objects properties to make sure the desired element is located. 

2022-04-06 19:18:17 - [MESSAGE][FAILED] - com.kms.katalon.core.webui.exception.WebElementNotFoundException: Web element with id: 'Object Repository/Staging Objects/Page_diagnostics/span_Test strip ejector' located by '//*[(text() = 'Test strip ejector:' or . = 'Test strip ejector:')]' not found (Root cause: com.kms.katalon.core.exception.StepFailedException: com.kms.katalon.core.webui.exception.WebElementNotFoundException: Web element with id: 'Object Repository/Staging Objects/Page_diagnostics/span_Test strip ejector' located by '//*[(text() = 'Test strip ejector:' or . = 'Test strip ejector:')]' not found
	at com.kms.katalon.core.webui.keyword.internal.WebUIKeywordMain.stepFailed(WebUIKeywordMain.groovy:64)
	at com.kms.katalon.core.webui.keyword.builtin.VerifyElementPresentKeyword$_verifyElementPresent_closure1.doCall(VerifyElementPresentKeyword.groovy:85)
	at com.kms.katalon.core.webui.keyword.builtin.VerifyElementPresentKeyword$_verifyElementPresent_closure1.call(VerifyElementPresentKeyword.groovy)
	at com.kms.katalon.core.webui.keyword.internal.WebUIKeywordMain.runKeyword(WebUIKeywordMain.groovy:20)
	at com.kms.katalon.core.webui.keyword.builtin.VerifyElementPresentKeyword.verifyElementPresent(VerifyElementPresentKeyword.groovy:92)
	at com.kms.katalon.core.webui.keyword.builtin.VerifyElementPresentKeyword.execute(VerifyElementPresentKeyword.groovy:68)
	at com.kms.katalon.core.keyword.internal.KeywordExecutor.executeKeywordForPlatform(KeywordExecutor.groovy:73)
	at com.kms.katalon.core.webui.keyword.WebUiBuiltInKeywords.verifyElementPresent(WebUiBuiltInKeywords.groovy:1461)
	at com.kms.katalon.core.webui.keyword.WebUiBuiltInKeywords$verifyElementPresent$9.call(Unknown Source)
	at TC_DETAILS_UI_043.run(TC_DETAILS_UI_043:22)
	at com.kms.katalon.core.main.ScriptEngine.run(ScriptEngine.java:194)
	at com.kms.katalon.core.main.ScriptEngine.runScriptAsRawText(ScriptEngine.java:119)
	at com.kms.katalon.core.main.TestCaseExecutor.runScript(TestCaseExecutor.java:339)
	at com.kms.katalon.core.main.TestCaseExecutor.doExecute(TestCaseExecutor.java:330)
	at com.kms.katalon.core.main.TestCaseExecutor.processExecutionPhase(TestCaseExecutor.java:309)
	at com.kms.katalon.core.main.TestCaseExecutor.accessMainPhase(TestCaseExecutor.java:301)
	at com.kms.katalon.core.main.TestCaseExecutor.execute(TestCaseExecutor.java:235)
	at com.kms.katalon.core.main.TestSuiteExecutor.accessTestCaseMainPhase(TestSuiteExecutor.java:191)
	at com.kms.katalon.core.main.TestSuiteExecutor.accessTestSuiteMainPhase(TestSuiteExecutor.java:141)
	at com.kms.katalon.core.main.TestSuiteExecutor.execute(TestSuiteExecutor.java:90)
	at com.kms.katalon.core.main.TestCaseMain.startTestSuite(TestCaseMain.java:157)
	at com.kms.katalon.core.main.TestCaseMain$startTestSuite$0.call(Unknown Source)
	at TempTestSuite1649242622951.run(TempTestSuite1649242622951.groovy:39)
)
[[ATTACHMENT|K:\\Work\\GitHub\\find-item-detail-test_v2\\Reports\\20220406_185701\\Item detail test\\20220406_185702\\1649243897022.png]]

2022-04-06 19:18:17 - [MESSAGE][FAILED] - Unable to verify object 'Object Repository/Staging Objects/Page_diagnostics/span_Test strip ejector' is present (Root cause: com.kms.katalon.core.exception.StepFailedException: Unable to verify object 'Object Repository/Staging Objects/Page_diagnostics/span_Test strip ejector' is present
	at com.kms.katalon.core.webui.keyword.internal.WebUIKeywordMain.stepFailed(WebUIKeywordMain.groovy:64)
	at com.kms.katalon.core.webui.keyword.internal.WebUIKeywordMain.runKeyword(WebUIKeywordMain.groovy:26)
	at com.kms.katalon.core.webui.keyword.builtin.VerifyElementPresentKeyword.verifyElementPresent(VerifyElementPresentKeyword.groovy:92)
	at com.kms.katalon.core.webui.keyword.builtin.VerifyElementPresentKeyword.execute(VerifyElementPresentKeyword.groovy:68)
	at com.kms.katalon.core.keyword.internal.KeywordExecutor.executeKeywordForPlatform(KeywordExecutor.groovy:73)
	at com.kms.katalon.core.webui.keyword.WebUiBuiltInKeywords.verifyElementPresent(WebUiBuiltInKeywords.groovy:1461)
	at com.kms.katalon.core.webui.keyword.WebUiBuiltInKeywords$verifyElementPresent$9.call(Unknown Source)
	at TC_DETAILS_UI_043.run(TC_DETAILS_UI_043:22)
	at com.kms.katalon.core.main.ScriptEngine.run(ScriptEngine.java:194)
	at com.kms.katalon.core.main.ScriptEngine.runScriptAsRawText(ScriptEngine.java:119)
	at com.kms.katalon.core.main.TestCaseExecutor.runScript(TestCaseExecutor.java:339)
	at com.kms.katalon.core.main.TestCaseExecutor.doExecute(TestCaseExecutor.java:330)
	at com.kms.katalon.core.main.TestCaseExecutor.processExecutionPhase(TestCaseExecutor.java:309)
	at com.kms.katalon.core.main.TestCaseExecutor.accessMainPhase(TestCaseExecutor.java:301)
	at com.kms.katalon.core.main.TestCaseExecutor.execute(TestCaseExecutor.java:235)
	at com.kms.katalon.core.main.TestSuiteExecutor.accessTestCaseMainPhase(TestSuiteExecutor.java:191)
	at com.kms.katalon.core.main.TestSuiteExecutor.accessTestSuiteMainPhase(TestSuiteExecutor.java:141)
	at com.kms.katalon.core.main.TestSuiteExecutor.execute(TestSuiteExecutor.java:90)
	at com.kms.katalon.core.main.TestCaseMain.startTestSuite(TestCaseMain.java:157)
	at com.kms.katalon.core.main.TestCaseMain$startTestSuite$0.call(Unknown Source)
	at TempTestSuite1649242622951.run(TempTestSuite1649242622951.groovy:39)
Caused by: com.kms.katalon.core.exception.StepFailedException: com.kms.katalon.core.webui.exception.WebElementNotFoundException: Web element with id: 'Object Repository/Staging Objects/Page_diagnostics/span_Test strip ejector' located by '//*[(text() = 'Test strip ejector:' or . = 'Test strip ejector:')]' not found
	at com.kms.katalon.core.webui.keyword.internal.WebUIKeywordMain.stepFailed(WebUIKeywordMain.groovy:64)
	at com.kms.katalon.core.webui.keyword.builtin.VerifyElementPresentKeyword$_verifyElementPresent_closure1.doCall(VerifyElementPresentKeyword.groovy:85)
	at com.kms.katalon.core.webui.keyword.builtin.VerifyElementPresentKeyword$_verifyElementPresent_closure1.call(VerifyElementPresentKeyword.groovy)
	at com.kms.katalon.core.webui.keyword.internal.WebUIKeywordMain.runKeyword(WebUIKeywordMain.groovy:20)
	... 19 more
)
[[ATTACHMENT|K:\\Work\\GitHub\\find-item-detail-test_v2\\Reports\\20220406_185701\\Item detail test\\20220406_185702\\1649243897172.png]]]]></system-out>
         <system-err><![CDATA[2022-04-06 19:17:03 - [TEST_CASE][FAILED] - Test Cases/Custom Item Details/TEST CASE/TC_DETAILS_UI_043: Test Cases/Custom Item Details/TEST CASE/TC_DETAILS_UI_043 FAILED.
Reason:
com.kms.katalon.core.exception.StepFailedException: Unable to verify object 'Object Repository/Staging Objects/Page_diagnostics/span_Test strip ejector' is present
	at com.kms.katalon.core.webui.keyword.internal.WebUIKeywordMain.stepFailed(WebUIKeywordMain.groovy:64)
	at com.kms.katalon.core.webui.keyword.internal.WebUIKeywordMain.runKeyword(WebUIKeywordMain.groovy:26)
	at com.kms.katalon.core.webui.keyword.builtin.VerifyElementPresentKeyword.verifyElementPresent(VerifyElementPresentKeyword.groovy:92)
	at com.kms.katalon.core.webui.keyword.builtin.VerifyElementPresentKeyword.execute(VerifyElementPresentKeyword.groovy:68)
	at com.kms.katalon.core.keyword.internal.KeywordExecutor.executeKeywordForPlatform(KeywordExecutor.groovy:73)
	at com.kms.katalon.core.webui.keyword.WebUiBuiltInKeywords.verifyElementPresent(WebUiBuiltInKeywords.groovy:1461)
	at com.kms.katalon.core.webui.keyword.WebUiBuiltInKeywords$verifyElementPresent$9.call(Unknown Source)
	at TC_DETAILS_UI_043.run(TC_DETAILS_UI_043:22)
	at com.kms.katalon.core.main.ScriptEngine.run(ScriptEngine.java:194)
	at com.kms.katalon.core.main.ScriptEngine.runScriptAsRawText(ScriptEngine.java:119)
	at com.kms.katalon.core.main.TestCaseExecutor.runScript(TestCaseExecutor.java:339)
	at com.kms.katalon.core.main.TestCaseExecutor.doExecute(TestCaseExecutor.java:330)
	at com.kms.katalon.core.main.TestCaseExecutor.processExecutionPhase(TestCaseExecutor.java:309)
	at com.kms.katalon.core.main.TestCaseExecutor.accessMainPhase(TestCaseExecutor.java:301)
	at com.kms.katalon.core.main.TestCaseExecutor.execute(TestCaseExecutor.java:235)
	at com.kms.katalon.core.main.TestSuiteExecutor.accessTestCaseMainPhase(TestSuiteExecutor.java:191)
	at com.kms.katalon.core.main.TestSuiteExecutor.accessTestSuiteMainPhase(TestSuiteExecutor.java:141)
	at com.kms.katalon.core.main.TestSuiteExecutor.execute(TestSuiteExecutor.java:90)
	at com.kms.katalon.core.main.TestCaseMain.startTestSuite(TestCaseMain.java:157)
	at com.kms.katalon.core.main.TestCaseMain$startTestSuite$0.call(Unknown Source)
	at TempTestSuite1649242622951.run(TempTestSuite1649242622951.groovy:39)
Caused by: com.kms.katalon.core.exception.StepFailedException: com.kms.katalon.core.webui.exception.WebElementNotFoundException: Web element with id: 'Object Repository/Staging Objects/Page_diagnostics/span_Test strip ejector' located by '//*[(text() = 'Test strip ejector:' or . = 'Test strip ejector:')]' not found
	at com.kms.katalon.core.webui.keyword.internal.WebUIKeywordMain.stepFailed(WebUIKeywordMain.groovy:64)
	at com.kms.katalon.core.webui.keyword.builtin.VerifyElementPresentKeyword$_verifyElementPresent_closure1.doCall(VerifyElementPresentKeyword.groovy:85)
	at com.kms.katalon.core.webui.keyword.builtin.VerifyElementPresentKeyword$_verifyElementPresent_closure1.call(VerifyElementPresentKeyword.groovy)
	at com.kms.katalon.core.webui.keyword.internal.WebUIKeywordMain.runKeyword(WebUIKeywordMain.groovy:20)
	... 19 more]]></system-err>
      </testcase>
      <testcase name="Test Cases/Custom Item Details/TEST CASE/TC_DETAILS_UI_044" time="15.892" classname="Test Cases/Custom Item Details/TEST CASE/TC_DETAILS_UI_044" status="PASSED">
         <system-out><![CDATA[2022-04-06 19:18:17 - [TEST_CASE][PASSED] - Test Cases/Custom Item Details/TEST CASE/TC_DETAILS_UI_044: Test Cases/Custom Item Details/TEST CASE/TC_DETAILS_UI_044

2022-04-06 19:18:17 - [TEST_STEP][PASSED] - callTestCase(findTestCase("Custom Item Details/UTILITIES/OPEN_BROWSER"), [:], STOP_ON_FAILURE): Call Test Case 'Test Cases/Custom Item Details/UTILITIES/OPEN_BROWSER' successfully

2022-04-06 19:18:17 - [TEST_CASE][PASSED] - Test Cases/Custom Item Details/UTILITIES/OPEN_BROWSER: Test Cases/Custom Item Details/UTILITIES/OPEN_BROWSER

2022-04-06 19:18:17 - [TEST_STEP][PASSED] - openBrowser("https://diagnostics.staging.arcadier.io/"): Browser is opened with url: 'https://diagnostics.staging.arcadier.io/'

2022-04-06 19:18:17 - [MESSAGE][WARNING] - A browser is already opened. Closing browser and opening a new one

2022-04-06 19:18:18 - [MESSAGE][INFO] - Starting 'Chrome' driver

2022-04-06 19:18:18 - [MESSAGE][INFO] - Action delay is set to 0 milliseconds

2022-04-06 19:18:21 - [MESSAGE][PASSED] - Browser is opened with url: 'https://diagnostics.staging.arcadier.io/'

2022-04-06 19:18:21 - [TEST_STEP][PASSED] - maximizeWindow(): Current window maximized

2022-04-06 19:18:21 - [MESSAGE][PASSED] - Current window maximized

2022-04-06 19:18:21 - [TEST_STEP][PASSED] - click(findTestObject("Item Details Objects/Page_diagnostics/a_Accept Cookies")): Object: 'Object Repository/Item Details Objects/Page_diagnostics/a_Accept Cookies' is clicked on

2022-04-06 19:18:23 - [MESSAGE][PASSED] - Object: 'Object Repository/Item Details Objects/Page_diagnostics/a_Accept Cookies' is clicked on

2022-04-06 19:18:23 - [TEST_STEP][PASSED] - click(findTestObject("New_Homepage/Page_diagnostics/a_COVID-19 DIAGNOSTICS"), STOP_ON_FAILURE): Object: 'Object Repository/New_Homepage/Page_diagnostics/a_COVID-19 DIAGNOSTICS' is clicked on

2022-04-06 19:18:25 - [MESSAGE][PASSED] - Object: 'Object Repository/New_Homepage/Page_diagnostics/a_COVID-19 DIAGNOSTICS' is clicked on

2022-04-06 19:18:25 - [TEST_STEP][PASSED] - mouseOver(findTestObject("New_Homepage/Page_diagnostics/a_Abbott Rapid Diagnostics PANBIO COVID-19 Ag Rapid Test Device (Nasopharyngeal)")): Object: 'Object Repository/New_Homepage/Page_diagnostics/a_Abbott Rapid Diagnostics PANBIO COVID-19 Ag Rapid Test Device (Nasopharyngeal)' is hovered

2022-04-06 19:18:27 - [MESSAGE][PASSED] - Object: 'Object Repository/New_Homepage/Page_diagnostics/a_Abbott Rapid Diagnostics PANBIO COVID-19 Ag Rapid Test Device (Nasopharyngeal)' is hovered

2022-04-06 19:18:27 - [TEST_STEP][PASSED] - click(findTestObject("New_Homepage/Page_diagnostics/a_Abbott Rapid Diagnostics PANBIO COVID-19 Ag Rapid Test Device (Nasopharyngeal)")): Object: 'Object Repository/New_Homepage/Page_diagnostics/a_Abbott Rapid Diagnostics PANBIO COVID-19 Ag Rapid Test Device (Nasopharyngeal)' is clicked on

2022-04-06 19:18:30 - [MESSAGE][PASSED] - Object: 'Object Repository/New_Homepage/Page_diagnostics/a_Abbott Rapid Diagnostics PANBIO COVID-19 Ag Rapid Test Device (Nasopharyngeal)' is clicked on

2022-04-06 19:18:30 - [MESSAGE][PASSED] - Call Test Case 'Test Cases/Custom Item Details/UTILITIES/OPEN_BROWSER' successfully

2022-04-06 19:18:30 - [TEST_STEP][PASSED] - waitForElementVisible(findTestObject("Staging Objects/Page_diagnostics/span_Transportation"), 0): Object 'Object Repository/Staging Objects/Page_diagnostics/span_Transportation' is visible

2022-04-06 19:18:30 - [MESSAGE][WARNING] - Timeout '0' is invalid. Using default page load timeout: '30'

2022-04-06 19:18:32 - [MESSAGE][PASSED] - Object 'Object Repository/Staging Objects/Page_diagnostics/span_Transportation' is visible

2022-04-06 19:18:32 - [TEST_STEP][PASSED] - verifyElementPresent(findTestObject("Staging Objects/Page_diagnostics/span_Transportation"), 0): Object 'Object Repository/Staging Objects/Page_diagnostics/span_Transportation' is present

2022-04-06 19:18:32 - [MESSAGE][WARNING] - Timeout '0' is invalid. Using default page load timeout: '30'

2022-04-06 19:18:32 - [MESSAGE][PASSED] - Object 'Object Repository/Staging Objects/Page_diagnostics/span_Transportation' is present

2022-04-06 19:18:32 - [TEST_STEP][PASSED] - callTestCase(findTestCase("Custom Item Details/UTILITIES/CLOSE_BROWSER"), [:], STOP_ON_FAILURE): Call Test Case 'Test Cases/Custom Item Details/UTILITIES/CLOSE_BROWSER' successfully

2022-04-06 19:18:32 - [TEST_CASE][PASSED] - Test Cases/Custom Item Details/UTILITIES/CLOSE_BROWSER: Test Cases/Custom Item Details/UTILITIES/CLOSE_BROWSER

2022-04-06 19:18:32 - [TEST_STEP][PASSED] - closeBrowser(): Browser is closed

2022-04-06 19:18:33 - [MESSAGE][PASSED] - Browser is closed

2022-04-06 19:18:33 - [MESSAGE][PASSED] - Call Test Case 'Test Cases/Custom Item Details/UTILITIES/CLOSE_BROWSER' successfully]]></system-out>
         <system-err><![CDATA[]]></system-err>
      </testcase>
      <testcase name="Test Cases/Custom Item Details/TEST CASE/TC_DETAILS_UI_045" time="74.056" classname="Test Cases/Custom Item Details/TEST CASE/TC_DETAILS_UI_045" status="FAILED">
         <failure type="FAILED" message="Test Cases/Custom Item Details/TEST CASE/TC_DETAILS_UI_045 FAILED.
Reason:
com.kms.katalon.core.exception.StepFailedException: Unable to verify object 'Object Repository/Staging Objects/Page_diagnostics/span_Unit of measure' is present
	at com.kms.katalon.core.webui.keyword.internal.WebUIKeywordMain.stepFailed(WebUIKeywordMain.groovy:64)
	at com.kms.katalon.core.webui.keyword.internal.WebUIKeywordMain.runKeyword(WebUIKeywordMain.groovy:26)
	at com.kms.katalon.core.webui.keyword.builtin.VerifyElementPresentKeyword.verifyElementPresent(VerifyElementPresentKeyword.groovy:92)
	at com.kms.katalon.core.webui.keyword.builtin.VerifyElementPresentKeyword.execute(VerifyElementPresentKeyword.groovy:68)
	at com.kms.katalon.core.keyword.internal.KeywordExecutor.executeKeywordForPlatform(KeywordExecutor.groovy:73)
	at com.kms.katalon.core.webui.keyword.WebUiBuiltInKeywords.verifyElementPresent(WebUiBuiltInKeywords.groovy:1461)
	at com.kms.katalon.core.webui.keyword.WebUiBuiltInKeywords$verifyElementPresent$9.call(Unknown Source)
	at TC_DETAILS_UI_045.run(TC_DETAILS_UI_045:22)
	at com.kms.katalon.core.main.ScriptEngine.run(ScriptEngine.java:194)
	at com.kms.katalon.core.main.ScriptEngine.runScriptAsRawText(ScriptEngine.java:119)
	at com.kms.katalon.core.main.TestCaseExecutor.runScript(TestCaseExecutor.java:339)
	at com.kms.katalon.core.main.TestCaseExecutor.doExecute(TestCaseExecutor.java:330)
	at com.kms.katalon.core.main.TestCaseExecutor.processExecutionPhase(TestCaseExecutor.java:309)
	at com.kms.katalon.core.main.TestCaseExecutor.accessMainPhase(TestCaseExecutor.java:301)
	at com.kms.katalon.core.main.TestCaseExecutor.execute(TestCaseExecutor.java:235)
	at com.kms.katalon.core.main.TestSuiteExecutor.accessTestCaseMainPhase(TestSuiteExecutor.java:191)
	at com.kms.katalon.core.main.TestSuiteExecutor.accessTestSuiteMainPhase(TestSuiteExecutor.java:141)
	at com.kms.katalon.core.main.TestSuiteExecutor.execute(TestSuiteExecutor.java:90)
	at com.kms.katalon.core.main.TestCaseMain.startTestSuite(TestCaseMain.java:157)
	at com.kms.katalon.core.main.TestCaseMain$startTestSuite$0.call(Unknown Source)
	at TempTestSuite1649242622951.run(TempTestSuite1649242622951.groovy:39)
Caused by: com.kms.katalon.core.exception.StepFailedException: com.kms.katalon.core.webui.exception.WebElementNotFoundException: Web element with id: 'Object Repository/Staging Objects/Page_diagnostics/span_Unit of measure' located by '//*[(text() = 'Unit of measure:' or . = 'Unit of measure:')]' not found
	at com.kms.katalon.core.webui.keyword.internal.WebUIKeywordMain.stepFailed(WebUIKeywordMain.groovy:64)
	at com.kms.katalon.core.webui.keyword.builtin.VerifyElementPresentKeyword$_verifyElementPresent_closure1.doCall(VerifyElementPresentKeyword.groovy:85)
	at com.kms.katalon.core.webui.keyword.builtin.VerifyElementPresentKeyword$_verifyElementPresent_closure1.call(VerifyElementPresentKeyword.groovy)
	at com.kms.katalon.core.webui.keyword.internal.WebUIKeywordMain.runKeyword(WebUIKeywordMain.groovy:20)
	... 19 more
"/>
         <system-out><![CDATA[2022-04-06 19:18:33 - [TEST_CASE][FAILED] - Test Cases/Custom Item Details/TEST CASE/TC_DETAILS_UI_045: Test Cases/Custom Item Details/TEST CASE/TC_DETAILS_UI_045 FAILED.
Reason:
com.kms.katalon.core.exception.StepFailedException: Unable to verify object 'Object Repository/Staging Objects/Page_diagnostics/span_Unit of measure' is present
	at com.kms.katalon.core.webui.keyword.internal.WebUIKeywordMain.stepFailed(WebUIKeywordMain.groovy:64)
	at com.kms.katalon.core.webui.keyword.internal.WebUIKeywordMain.runKeyword(WebUIKeywordMain.groovy:26)
	at com.kms.katalon.core.webui.keyword.builtin.VerifyElementPresentKeyword.verifyElementPresent(VerifyElementPresentKeyword.groovy:92)
	at com.kms.katalon.core.webui.keyword.builtin.VerifyElementPresentKeyword.execute(VerifyElementPresentKeyword.groovy:68)
	at com.kms.katalon.core.keyword.internal.KeywordExecutor.executeKeywordForPlatform(KeywordExecutor.groovy:73)
	at com.kms.katalon.core.webui.keyword.WebUiBuiltInKeywords.verifyElementPresent(WebUiBuiltInKeywords.groovy:1461)
	at com.kms.katalon.core.webui.keyword.WebUiBuiltInKeywords$verifyElementPresent$9.call(Unknown Source)
	at TC_DETAILS_UI_045.run(TC_DETAILS_UI_045:22)
	at com.kms.katalon.core.main.ScriptEngine.run(ScriptEngine.java:194)
	at com.kms.katalon.core.main.ScriptEngine.runScriptAsRawText(ScriptEngine.java:119)
	at com.kms.katalon.core.main.TestCaseExecutor.runScript(TestCaseExecutor.java:339)
	at com.kms.katalon.core.main.TestCaseExecutor.doExecute(TestCaseExecutor.java:330)
	at com.kms.katalon.core.main.TestCaseExecutor.processExecutionPhase(TestCaseExecutor.java:309)
	at com.kms.katalon.core.main.TestCaseExecutor.accessMainPhase(TestCaseExecutor.java:301)
	at com.kms.katalon.core.main.TestCaseExecutor.execute(TestCaseExecutor.java:235)
	at com.kms.katalon.core.main.TestSuiteExecutor.accessTestCaseMainPhase(TestSuiteExecutor.java:191)
	at com.kms.katalon.core.main.TestSuiteExecutor.accessTestSuiteMainPhase(TestSuiteExecutor.java:141)
	at com.kms.katalon.core.main.TestSuiteExecutor.execute(TestSuiteExecutor.java:90)
	at com.kms.katalon.core.main.TestCaseMain.startTestSuite(TestCaseMain.java:157)
	at com.kms.katalon.core.main.TestCaseMain$startTestSuite$0.call(Unknown Source)
	at TempTestSuite1649242622951.run(TempTestSuite1649242622951.groovy:39)
Caused by: com.kms.katalon.core.exception.StepFailedException: com.kms.katalon.core.webui.exception.WebElementNotFoundException: Web element with id: 'Object Repository/Staging Objects/Page_diagnostics/span_Unit of measure' located by '//*[(text() = 'Unit of measure:' or . = 'Unit of measure:')]' not found
	at com.kms.katalon.core.webui.keyword.internal.WebUIKeywordMain.stepFailed(WebUIKeywordMain.groovy:64)
	at com.kms.katalon.core.webui.keyword.builtin.VerifyElementPresentKeyword$_verifyElementPresent_closure1.doCall(VerifyElementPresentKeyword.groovy:85)
	at com.kms.katalon.core.webui.keyword.builtin.VerifyElementPresentKeyword$_verifyElementPresent_closure1.call(VerifyElementPresentKeyword.groovy)
	at com.kms.katalon.core.webui.keyword.internal.WebUIKeywordMain.runKeyword(WebUIKeywordMain.groovy:20)
	... 19 more


2022-04-06 19:18:33 - [TEST_STEP][PASSED] - callTestCase(findTestCase("Custom Item Details/UTILITIES/OPEN_BROWSER"), [:], STOP_ON_FAILURE): Call Test Case 'Test Cases/Custom Item Details/UTILITIES/OPEN_BROWSER' successfully

2022-04-06 19:18:33 - [TEST_CASE][PASSED] - Test Cases/Custom Item Details/UTILITIES/OPEN_BROWSER: Test Cases/Custom Item Details/UTILITIES/OPEN_BROWSER

2022-04-06 19:18:33 - [TEST_STEP][PASSED] - openBrowser("https://diagnostics.staging.arcadier.io/"): Browser is opened with url: 'https://diagnostics.staging.arcadier.io/'

2022-04-06 19:18:33 - [MESSAGE][INFO] - Starting 'Chrome' driver

2022-04-06 19:18:33 - [MESSAGE][INFO] - Action delay is set to 0 milliseconds

2022-04-06 19:18:36 - [MESSAGE][PASSED] - Browser is opened with url: 'https://diagnostics.staging.arcadier.io/'

2022-04-06 19:18:36 - [TEST_STEP][PASSED] - maximizeWindow(): Current window maximized

2022-04-06 19:18:36 - [MESSAGE][PASSED] - Current window maximized

2022-04-06 19:18:36 - [TEST_STEP][PASSED] - click(findTestObject("Item Details Objects/Page_diagnostics/a_Accept Cookies")): Object: 'Object Repository/Item Details Objects/Page_diagnostics/a_Accept Cookies' is clicked on

2022-04-06 19:18:37 - [MESSAGE][PASSED] - Object: 'Object Repository/Item Details Objects/Page_diagnostics/a_Accept Cookies' is clicked on

2022-04-06 19:18:37 - [TEST_STEP][PASSED] - click(findTestObject("New_Homepage/Page_diagnostics/a_COVID-19 DIAGNOSTICS"), STOP_ON_FAILURE): Object: 'Object Repository/New_Homepage/Page_diagnostics/a_COVID-19 DIAGNOSTICS' is clicked on

2022-04-06 19:18:40 - [MESSAGE][PASSED] - Object: 'Object Repository/New_Homepage/Page_diagnostics/a_COVID-19 DIAGNOSTICS' is clicked on

2022-04-06 19:18:40 - [TEST_STEP][PASSED] - mouseOver(findTestObject("New_Homepage/Page_diagnostics/a_Abbott Rapid Diagnostics PANBIO COVID-19 Ag Rapid Test Device (Nasopharyngeal)")): Object: 'Object Repository/New_Homepage/Page_diagnostics/a_Abbott Rapid Diagnostics PANBIO COVID-19 Ag Rapid Test Device (Nasopharyngeal)' is hovered

2022-04-06 19:18:42 - [MESSAGE][PASSED] - Object: 'Object Repository/New_Homepage/Page_diagnostics/a_Abbott Rapid Diagnostics PANBIO COVID-19 Ag Rapid Test Device (Nasopharyngeal)' is hovered

2022-04-06 19:18:42 - [TEST_STEP][PASSED] - click(findTestObject("New_Homepage/Page_diagnostics/a_Abbott Rapid Diagnostics PANBIO COVID-19 Ag Rapid Test Device (Nasopharyngeal)")): Object: 'Object Repository/New_Homepage/Page_diagnostics/a_Abbott Rapid Diagnostics PANBIO COVID-19 Ag Rapid Test Device (Nasopharyngeal)' is clicked on

2022-04-06 19:18:44 - [MESSAGE][PASSED] - Object: 'Object Repository/New_Homepage/Page_diagnostics/a_Abbott Rapid Diagnostics PANBIO COVID-19 Ag Rapid Test Device (Nasopharyngeal)' is clicked on

2022-04-06 19:18:44 - [MESSAGE][PASSED] - Call Test Case 'Test Cases/Custom Item Details/UTILITIES/OPEN_BROWSER' successfully

2022-04-06 19:18:44 - [TEST_STEP][PASSED] - waitForElementVisible(findTestObject("Staging Objects/Page_diagnostics/span_Unit of measure"), 0): Web element with id: 'Object Repository/Staging Objects/Page_diagnostics/span_Unit of measure' located by '//*[(text() = 'Unit of measure:' or . = 'Unit of measure:')]' not found

2022-04-06 19:18:44 - [MESSAGE][WARNING] - Timeout '0' is invalid. Using default page load timeout: '30'

2022-04-06 19:19:15 - [MESSAGE][INFO] - Unable to find the element located by 'By.xpath: //*[(text() = 'Unit of measure:' or . = 'Unit of measure:')]'. Please recheck the objects properties to make sure the desired element is located. 

2022-04-06 19:19:15 - [MESSAGE][WARNING] - Web element with id: 'Object Repository/Staging Objects/Page_diagnostics/span_Unit of measure' located by '//*[(text() = 'Unit of measure:' or . = 'Unit of measure:')]' not found

2022-04-06 19:19:15 - [TEST_STEP][FAILED] - verifyElementPresent(findTestObject("Staging Objects/Page_diagnostics/span_Unit of measure"), 0): Unable to verify object 'Object Repository/Staging Objects/Page_diagnostics/span_Unit of measure' is present (Root cause: com.kms.katalon.core.exception.StepFailedException: Unable to verify object 'Object Repository/Staging Objects/Page_diagnostics/span_Unit of measure' is present
	at com.kms.katalon.core.webui.keyword.internal.WebUIKeywordMain.stepFailed(WebUIKeywordMain.groovy:64)
	at com.kms.katalon.core.webui.keyword.internal.WebUIKeywordMain.runKeyword(WebUIKeywordMain.groovy:26)
	at com.kms.katalon.core.webui.keyword.builtin.VerifyElementPresentKeyword.verifyElementPresent(VerifyElementPresentKeyword.groovy:92)
	at com.kms.katalon.core.webui.keyword.builtin.VerifyElementPresentKeyword.execute(VerifyElementPresentKeyword.groovy:68)
	at com.kms.katalon.core.keyword.internal.KeywordExecutor.executeKeywordForPlatform(KeywordExecutor.groovy:73)
	at com.kms.katalon.core.webui.keyword.WebUiBuiltInKeywords.verifyElementPresent(WebUiBuiltInKeywords.groovy:1461)
	at com.kms.katalon.core.webui.keyword.WebUiBuiltInKeywords$verifyElementPresent$9.call(Unknown Source)
	at TC_DETAILS_UI_045.run(TC_DETAILS_UI_045:22)
	at com.kms.katalon.core.main.ScriptEngine.run(ScriptEngine.java:194)
	at com.kms.katalon.core.main.ScriptEngine.runScriptAsRawText(ScriptEngine.java:119)
	at com.kms.katalon.core.main.TestCaseExecutor.runScript(TestCaseExecutor.java:339)
	at com.kms.katalon.core.main.TestCaseExecutor.doExecute(TestCaseExecutor.java:330)
	at com.kms.katalon.core.main.TestCaseExecutor.processExecutionPhase(TestCaseExecutor.java:309)
	at com.kms.katalon.core.main.TestCaseExecutor.accessMainPhase(TestCaseExecutor.java:301)
	at com.kms.katalon.core.main.TestCaseExecutor.execute(TestCaseExecutor.java:235)
	at com.kms.katalon.core.main.TestSuiteExecutor.accessTestCaseMainPhase(TestSuiteExecutor.java:191)
	at com.kms.katalon.core.main.TestSuiteExecutor.accessTestSuiteMainPhase(TestSuiteExecutor.java:141)
	at com.kms.katalon.core.main.TestSuiteExecutor.execute(TestSuiteExecutor.java:90)
	at com.kms.katalon.core.main.TestCaseMain.startTestSuite(TestCaseMain.java:157)
	at com.kms.katalon.core.main.TestCaseMain$startTestSuite$0.call(Unknown Source)
	at TempTestSuite1649242622951.run(TempTestSuite1649242622951.groovy:39)
Caused by: com.kms.katalon.core.exception.StepFailedException: com.kms.katalon.core.webui.exception.WebElementNotFoundException: Web element with id: 'Object Repository/Staging Objects/Page_diagnostics/span_Unit of measure' located by '//*[(text() = 'Unit of measure:' or . = 'Unit of measure:')]' not found
	at com.kms.katalon.core.webui.keyword.internal.WebUIKeywordMain.stepFailed(WebUIKeywordMain.groovy:64)
	at com.kms.katalon.core.webui.keyword.builtin.VerifyElementPresentKeyword$_verifyElementPresent_closure1.doCall(VerifyElementPresentKeyword.groovy:85)
	at com.kms.katalon.core.webui.keyword.builtin.VerifyElementPresentKeyword$_verifyElementPresent_closure1.call(VerifyElementPresentKeyword.groovy)
	at com.kms.katalon.core.webui.keyword.internal.WebUIKeywordMain.runKeyword(WebUIKeywordMain.groovy:20)
	... 19 more
)

2022-04-06 19:19:15 - [MESSAGE][WARNING] - Timeout '0' is invalid. Using default page load timeout: '30'

2022-04-06 19:19:46 - [MESSAGE][INFO] - Unable to find the element located by 'By.xpath: //*[(text() = 'Unit of measure:' or . = 'Unit of measure:')]'. Please recheck the objects properties to make sure the desired element is located. 

2022-04-06 19:19:47 - [MESSAGE][FAILED] - com.kms.katalon.core.webui.exception.WebElementNotFoundException: Web element with id: 'Object Repository/Staging Objects/Page_diagnostics/span_Unit of measure' located by '//*[(text() = 'Unit of measure:' or . = 'Unit of measure:')]' not found (Root cause: com.kms.katalon.core.exception.StepFailedException: com.kms.katalon.core.webui.exception.WebElementNotFoundException: Web element with id: 'Object Repository/Staging Objects/Page_diagnostics/span_Unit of measure' located by '//*[(text() = 'Unit of measure:' or . = 'Unit of measure:')]' not found
	at com.kms.katalon.core.webui.keyword.internal.WebUIKeywordMain.stepFailed(WebUIKeywordMain.groovy:64)
	at com.kms.katalon.core.webui.keyword.builtin.VerifyElementPresentKeyword$_verifyElementPresent_closure1.doCall(VerifyElementPresentKeyword.groovy:85)
	at com.kms.katalon.core.webui.keyword.builtin.VerifyElementPresentKeyword$_verifyElementPresent_closure1.call(VerifyElementPresentKeyword.groovy)
	at com.kms.katalon.core.webui.keyword.internal.WebUIKeywordMain.runKeyword(WebUIKeywordMain.groovy:20)
	at com.kms.katalon.core.webui.keyword.builtin.VerifyElementPresentKeyword.verifyElementPresent(VerifyElementPresentKeyword.groovy:92)
	at com.kms.katalon.core.webui.keyword.builtin.VerifyElementPresentKeyword.execute(VerifyElementPresentKeyword.groovy:68)
	at com.kms.katalon.core.keyword.internal.KeywordExecutor.executeKeywordForPlatform(KeywordExecutor.groovy:73)
	at com.kms.katalon.core.webui.keyword.WebUiBuiltInKeywords.verifyElementPresent(WebUiBuiltInKeywords.groovy:1461)
	at com.kms.katalon.core.webui.keyword.WebUiBuiltInKeywords$verifyElementPresent$9.call(Unknown Source)
	at TC_DETAILS_UI_045.run(TC_DETAILS_UI_045:22)
	at com.kms.katalon.core.main.ScriptEngine.run(ScriptEngine.java:194)
	at com.kms.katalon.core.main.ScriptEngine.runScriptAsRawText(ScriptEngine.java:119)
	at com.kms.katalon.core.main.TestCaseExecutor.runScript(TestCaseExecutor.java:339)
	at com.kms.katalon.core.main.TestCaseExecutor.doExecute(TestCaseExecutor.java:330)
	at com.kms.katalon.core.main.TestCaseExecutor.processExecutionPhase(TestCaseExecutor.java:309)
	at com.kms.katalon.core.main.TestCaseExecutor.accessMainPhase(TestCaseExecutor.java:301)
	at com.kms.katalon.core.main.TestCaseExecutor.execute(TestCaseExecutor.java:235)
	at com.kms.katalon.core.main.TestSuiteExecutor.accessTestCaseMainPhase(TestSuiteExecutor.java:191)
	at com.kms.katalon.core.main.TestSuiteExecutor.accessTestSuiteMainPhase(TestSuiteExecutor.java:141)
	at com.kms.katalon.core.main.TestSuiteExecutor.execute(TestSuiteExecutor.java:90)
	at com.kms.katalon.core.main.TestCaseMain.startTestSuite(TestCaseMain.java:157)
	at com.kms.katalon.core.main.TestCaseMain$startTestSuite$0.call(Unknown Source)
	at TempTestSuite1649242622951.run(TempTestSuite1649242622951.groovy:39)
)
[[ATTACHMENT|K:\\Work\\GitHub\\find-item-detail-test_v2\\Reports\\20220406_185701\\Item detail test\\20220406_185702\\1649243986955.png]]

2022-04-06 19:19:47 - [MESSAGE][FAILED] - Unable to verify object 'Object Repository/Staging Objects/Page_diagnostics/span_Unit of measure' is present (Root cause: com.kms.katalon.core.exception.StepFailedException: Unable to verify object 'Object Repository/Staging Objects/Page_diagnostics/span_Unit of measure' is present
	at com.kms.katalon.core.webui.keyword.internal.WebUIKeywordMain.stepFailed(WebUIKeywordMain.groovy:64)
	at com.kms.katalon.core.webui.keyword.internal.WebUIKeywordMain.runKeyword(WebUIKeywordMain.groovy:26)
	at com.kms.katalon.core.webui.keyword.builtin.VerifyElementPresentKeyword.verifyElementPresent(VerifyElementPresentKeyword.groovy:92)
	at com.kms.katalon.core.webui.keyword.builtin.VerifyElementPresentKeyword.execute(VerifyElementPresentKeyword.groovy:68)
	at com.kms.katalon.core.keyword.internal.KeywordExecutor.executeKeywordForPlatform(KeywordExecutor.groovy:73)
	at com.kms.katalon.core.webui.keyword.WebUiBuiltInKeywords.verifyElementPresent(WebUiBuiltInKeywords.groovy:1461)
	at com.kms.katalon.core.webui.keyword.WebUiBuiltInKeywords$verifyElementPresent$9.call(Unknown Source)
	at TC_DETAILS_UI_045.run(TC_DETAILS_UI_045:22)
	at com.kms.katalon.core.main.ScriptEngine.run(ScriptEngine.java:194)
	at com.kms.katalon.core.main.ScriptEngine.runScriptAsRawText(ScriptEngine.java:119)
	at com.kms.katalon.core.main.TestCaseExecutor.runScript(TestCaseExecutor.java:339)
	at com.kms.katalon.core.main.TestCaseExecutor.doExecute(TestCaseExecutor.java:330)
	at com.kms.katalon.core.main.TestCaseExecutor.processExecutionPhase(TestCaseExecutor.java:309)
	at com.kms.katalon.core.main.TestCaseExecutor.accessMainPhase(TestCaseExecutor.java:301)
	at com.kms.katalon.core.main.TestCaseExecutor.execute(TestCaseExecutor.java:235)
	at com.kms.katalon.core.main.TestSuiteExecutor.accessTestCaseMainPhase(TestSuiteExecutor.java:191)
	at com.kms.katalon.core.main.TestSuiteExecutor.accessTestSuiteMainPhase(TestSuiteExecutor.java:141)
	at com.kms.katalon.core.main.TestSuiteExecutor.execute(TestSuiteExecutor.java:90)
	at com.kms.katalon.core.main.TestCaseMain.startTestSuite(TestCaseMain.java:157)
	at com.kms.katalon.core.main.TestCaseMain$startTestSuite$0.call(Unknown Source)
	at TempTestSuite1649242622951.run(TempTestSuite1649242622951.groovy:39)
Caused by: com.kms.katalon.core.exception.StepFailedException: com.kms.katalon.core.webui.exception.WebElementNotFoundException: Web element with id: 'Object Repository/Staging Objects/Page_diagnostics/span_Unit of measure' located by '//*[(text() = 'Unit of measure:' or . = 'Unit of measure:')]' not found
	at com.kms.katalon.core.webui.keyword.internal.WebUIKeywordMain.stepFailed(WebUIKeywordMain.groovy:64)
	at com.kms.katalon.core.webui.keyword.builtin.VerifyElementPresentKeyword$_verifyElementPresent_closure1.doCall(VerifyElementPresentKeyword.groovy:85)
	at com.kms.katalon.core.webui.keyword.builtin.VerifyElementPresentKeyword$_verifyElementPresent_closure1.call(VerifyElementPresentKeyword.groovy)
	at com.kms.katalon.core.webui.keyword.internal.WebUIKeywordMain.runKeyword(WebUIKeywordMain.groovy:20)
	... 19 more
)
[[ATTACHMENT|K:\\Work\\GitHub\\find-item-detail-test_v2\\Reports\\20220406_185701\\Item detail test\\20220406_185702\\1649243987117.png]]]]></system-out>
         <system-err><![CDATA[2022-04-06 19:18:33 - [TEST_CASE][FAILED] - Test Cases/Custom Item Details/TEST CASE/TC_DETAILS_UI_045: Test Cases/Custom Item Details/TEST CASE/TC_DETAILS_UI_045 FAILED.
Reason:
com.kms.katalon.core.exception.StepFailedException: Unable to verify object 'Object Repository/Staging Objects/Page_diagnostics/span_Unit of measure' is present
	at com.kms.katalon.core.webui.keyword.internal.WebUIKeywordMain.stepFailed(WebUIKeywordMain.groovy:64)
	at com.kms.katalon.core.webui.keyword.internal.WebUIKeywordMain.runKeyword(WebUIKeywordMain.groovy:26)
	at com.kms.katalon.core.webui.keyword.builtin.VerifyElementPresentKeyword.verifyElementPresent(VerifyElementPresentKeyword.groovy:92)
	at com.kms.katalon.core.webui.keyword.builtin.VerifyElementPresentKeyword.execute(VerifyElementPresentKeyword.groovy:68)
	at com.kms.katalon.core.keyword.internal.KeywordExecutor.executeKeywordForPlatform(KeywordExecutor.groovy:73)
	at com.kms.katalon.core.webui.keyword.WebUiBuiltInKeywords.verifyElementPresent(WebUiBuiltInKeywords.groovy:1461)
	at com.kms.katalon.core.webui.keyword.WebUiBuiltInKeywords$verifyElementPresent$9.call(Unknown Source)
	at TC_DETAILS_UI_045.run(TC_DETAILS_UI_045:22)
	at com.kms.katalon.core.main.ScriptEngine.run(ScriptEngine.java:194)
	at com.kms.katalon.core.main.ScriptEngine.runScriptAsRawText(ScriptEngine.java:119)
	at com.kms.katalon.core.main.TestCaseExecutor.runScript(TestCaseExecutor.java:339)
	at com.kms.katalon.core.main.TestCaseExecutor.doExecute(TestCaseExecutor.java:330)
	at com.kms.katalon.core.main.TestCaseExecutor.processExecutionPhase(TestCaseExecutor.java:309)
	at com.kms.katalon.core.main.TestCaseExecutor.accessMainPhase(TestCaseExecutor.java:301)
	at com.kms.katalon.core.main.TestCaseExecutor.execute(TestCaseExecutor.java:235)
	at com.kms.katalon.core.main.TestSuiteExecutor.accessTestCaseMainPhase(TestSuiteExecutor.java:191)
	at com.kms.katalon.core.main.TestSuiteExecutor.accessTestSuiteMainPhase(TestSuiteExecutor.java:141)
	at com.kms.katalon.core.main.TestSuiteExecutor.execute(TestSuiteExecutor.java:90)
	at com.kms.katalon.core.main.TestCaseMain.startTestSuite(TestCaseMain.java:157)
	at com.kms.katalon.core.main.TestCaseMain$startTestSuite$0.call(Unknown Source)
	at TempTestSuite1649242622951.run(TempTestSuite1649242622951.groovy:39)
Caused by: com.kms.katalon.core.exception.StepFailedException: com.kms.katalon.core.webui.exception.WebElementNotFoundException: Web element with id: 'Object Repository/Staging Objects/Page_diagnostics/span_Unit of measure' located by '//*[(text() = 'Unit of measure:' or . = 'Unit of measure:')]' not found
	at com.kms.katalon.core.webui.keyword.internal.WebUIKeywordMain.stepFailed(WebUIKeywordMain.groovy:64)
	at com.kms.katalon.core.webui.keyword.builtin.VerifyElementPresentKeyword$_verifyElementPresent_closure1.doCall(VerifyElementPresentKeyword.groovy:85)
	at com.kms.katalon.core.webui.keyword.builtin.VerifyElementPresentKeyword$_verifyElementPresent_closure1.call(VerifyElementPresentKeyword.groovy)
	at com.kms.katalon.core.webui.keyword.internal.WebUIKeywordMain.runKeyword(WebUIKeywordMain.groovy:20)
	... 19 more]]></system-err>
      </testcase>
      <testcase name="Test Cases/Custom Item Details/TEST CASE/TC_DETAILS_UI_046" time="16.152" classname="Test Cases/Custom Item Details/TEST CASE/TC_DETAILS_UI_046" status="PASSED">
         <system-out><![CDATA[2022-04-06 19:19:47 - [TEST_CASE][PASSED] - Test Cases/Custom Item Details/TEST CASE/TC_DETAILS_UI_046: Test Cases/Custom Item Details/TEST CASE/TC_DETAILS_UI_046

2022-04-06 19:19:47 - [TEST_STEP][PASSED] - callTestCase(findTestCase("Custom Item Details/UTILITIES/OPEN_BROWSER"), [:], STOP_ON_FAILURE): Call Test Case 'Test Cases/Custom Item Details/UTILITIES/OPEN_BROWSER' successfully

2022-04-06 19:19:47 - [TEST_CASE][PASSED] - Test Cases/Custom Item Details/UTILITIES/OPEN_BROWSER: Test Cases/Custom Item Details/UTILITIES/OPEN_BROWSER

2022-04-06 19:19:47 - [TEST_STEP][PASSED] - openBrowser("https://diagnostics.staging.arcadier.io/"): Browser is opened with url: 'https://diagnostics.staging.arcadier.io/'

2022-04-06 19:19:47 - [MESSAGE][WARNING] - A browser is already opened. Closing browser and opening a new one

2022-04-06 19:19:48 - [MESSAGE][INFO] - Starting 'Chrome' driver

2022-04-06 19:19:48 - [MESSAGE][INFO] - Action delay is set to 0 milliseconds

2022-04-06 19:19:51 - [MESSAGE][PASSED] - Browser is opened with url: 'https://diagnostics.staging.arcadier.io/'

2022-04-06 19:19:51 - [TEST_STEP][PASSED] - maximizeWindow(): Current window maximized

2022-04-06 19:19:51 - [MESSAGE][PASSED] - Current window maximized

2022-04-06 19:19:51 - [TEST_STEP][PASSED] - click(findTestObject("Item Details Objects/Page_diagnostics/a_Accept Cookies")): Object: 'Object Repository/Item Details Objects/Page_diagnostics/a_Accept Cookies' is clicked on

2022-04-06 19:19:53 - [MESSAGE][PASSED] - Object: 'Object Repository/Item Details Objects/Page_diagnostics/a_Accept Cookies' is clicked on

2022-04-06 19:19:53 - [TEST_STEP][PASSED] - click(findTestObject("New_Homepage/Page_diagnostics/a_COVID-19 DIAGNOSTICS"), STOP_ON_FAILURE): Object: 'Object Repository/New_Homepage/Page_diagnostics/a_COVID-19 DIAGNOSTICS' is clicked on

2022-04-06 19:19:55 - [MESSAGE][PASSED] - Object: 'Object Repository/New_Homepage/Page_diagnostics/a_COVID-19 DIAGNOSTICS' is clicked on

2022-04-06 19:19:55 - [TEST_STEP][PASSED] - mouseOver(findTestObject("New_Homepage/Page_diagnostics/a_Abbott Rapid Diagnostics PANBIO COVID-19 Ag Rapid Test Device (Nasopharyngeal)")): Object: 'Object Repository/New_Homepage/Page_diagnostics/a_Abbott Rapid Diagnostics PANBIO COVID-19 Ag Rapid Test Device (Nasopharyngeal)' is hovered

2022-04-06 19:19:57 - [MESSAGE][PASSED] - Object: 'Object Repository/New_Homepage/Page_diagnostics/a_Abbott Rapid Diagnostics PANBIO COVID-19 Ag Rapid Test Device (Nasopharyngeal)' is hovered

2022-04-06 19:19:57 - [TEST_STEP][PASSED] - click(findTestObject("New_Homepage/Page_diagnostics/a_Abbott Rapid Diagnostics PANBIO COVID-19 Ag Rapid Test Device (Nasopharyngeal)")): Object: 'Object Repository/New_Homepage/Page_diagnostics/a_Abbott Rapid Diagnostics PANBIO COVID-19 Ag Rapid Test Device (Nasopharyngeal)' is clicked on

2022-04-06 19:20:00 - [MESSAGE][PASSED] - Object: 'Object Repository/New_Homepage/Page_diagnostics/a_Abbott Rapid Diagnostics PANBIO COVID-19 Ag Rapid Test Device (Nasopharyngeal)' is clicked on

2022-04-06 19:20:00 - [MESSAGE][PASSED] - Call Test Case 'Test Cases/Custom Item Details/UTILITIES/OPEN_BROWSER' successfully

2022-04-06 19:20:00 - [TEST_STEP][PASSED] - waitForElementVisible(findTestObject("Staging Objects/Page_diagnostics/span_Volume pricing"), 0): Object 'Object Repository/Staging Objects/Page_diagnostics/span_Volume pricing' is visible

2022-04-06 19:20:00 - [MESSAGE][WARNING] - Timeout '0' is invalid. Using default page load timeout: '30'

2022-04-06 19:20:02 - [MESSAGE][PASSED] - Object 'Object Repository/Staging Objects/Page_diagnostics/span_Volume pricing' is visible

2022-04-06 19:20:02 - [TEST_STEP][PASSED] - verifyElementPresent(findTestObject("Staging Objects/Page_diagnostics/span_Volume pricing"), 0): Object 'Object Repository/Staging Objects/Page_diagnostics/span_Volume pricing' is present

2022-04-06 19:20:02 - [MESSAGE][WARNING] - Timeout '0' is invalid. Using default page load timeout: '30'

2022-04-06 19:20:02 - [MESSAGE][PASSED] - Object 'Object Repository/Staging Objects/Page_diagnostics/span_Volume pricing' is present

2022-04-06 19:20:02 - [TEST_STEP][PASSED] - callTestCase(findTestCase("Custom Item Details/UTILITIES/CLOSE_BROWSER"), [:], STOP_ON_FAILURE): Call Test Case 'Test Cases/Custom Item Details/UTILITIES/CLOSE_BROWSER' successfully

2022-04-06 19:20:02 - [TEST_CASE][PASSED] - Test Cases/Custom Item Details/UTILITIES/CLOSE_BROWSER: Test Cases/Custom Item Details/UTILITIES/CLOSE_BROWSER

2022-04-06 19:20:02 - [TEST_STEP][PASSED] - closeBrowser(): Browser is closed

2022-04-06 19:20:03 - [MESSAGE][PASSED] - Browser is closed

2022-04-06 19:20:03 - [MESSAGE][PASSED] - Call Test Case 'Test Cases/Custom Item Details/UTILITIES/CLOSE_BROWSER' successfully]]></system-out>
         <system-err><![CDATA[]]></system-err>
      </testcase>
      <testcase name="Test Cases/Custom Item Details/TEST CASE/TC_DETAILS_UI_047" time="79.005" classname="Test Cases/Custom Item Details/TEST CASE/TC_DETAILS_UI_047" status="FAILED">
         <failure type="FAILED" message="Test Cases/Custom Item Details/TEST CASE/TC_DETAILS_UI_047 FAILED.
Reason:
com.kms.katalon.core.exception.StepFailedException: Unable to verify object 'Object Repository/Staging Objects/Page_diagnostics/span_User care' is present
	at com.kms.katalon.core.webui.keyword.internal.WebUIKeywordMain.stepFailed(WebUIKeywordMain.groovy:64)
	at com.kms.katalon.core.webui.keyword.internal.WebUIKeywordMain.runKeyword(WebUIKeywordMain.groovy:26)
	at com.kms.katalon.core.webui.keyword.builtin.VerifyElementPresentKeyword.verifyElementPresent(VerifyElementPresentKeyword.groovy:92)
	at com.kms.katalon.core.webui.keyword.builtin.VerifyElementPresentKeyword.execute(VerifyElementPresentKeyword.groovy:68)
	at com.kms.katalon.core.keyword.internal.KeywordExecutor.executeKeywordForPlatform(KeywordExecutor.groovy:73)
	at com.kms.katalon.core.webui.keyword.WebUiBuiltInKeywords.verifyElementPresent(WebUiBuiltInKeywords.groovy:1461)
	at com.kms.katalon.core.webui.keyword.WebUiBuiltInKeywords$verifyElementPresent$9.call(Unknown Source)
	at TC_DETAILS_UI_047.run(TC_DETAILS_UI_047:22)
	at com.kms.katalon.core.main.ScriptEngine.run(ScriptEngine.java:194)
	at com.kms.katalon.core.main.ScriptEngine.runScriptAsRawText(ScriptEngine.java:119)
	at com.kms.katalon.core.main.TestCaseExecutor.runScript(TestCaseExecutor.java:339)
	at com.kms.katalon.core.main.TestCaseExecutor.doExecute(TestCaseExecutor.java:330)
	at com.kms.katalon.core.main.TestCaseExecutor.processExecutionPhase(TestCaseExecutor.java:309)
	at com.kms.katalon.core.main.TestCaseExecutor.accessMainPhase(TestCaseExecutor.java:301)
	at com.kms.katalon.core.main.TestCaseExecutor.execute(TestCaseExecutor.java:235)
	at com.kms.katalon.core.main.TestSuiteExecutor.accessTestCaseMainPhase(TestSuiteExecutor.java:191)
	at com.kms.katalon.core.main.TestSuiteExecutor.accessTestSuiteMainPhase(TestSuiteExecutor.java:141)
	at com.kms.katalon.core.main.TestSuiteExecutor.execute(TestSuiteExecutor.java:90)
	at com.kms.katalon.core.main.TestCaseMain.startTestSuite(TestCaseMain.java:157)
	at com.kms.katalon.core.main.TestCaseMain$startTestSuite$0.call(Unknown Source)
	at TempTestSuite1649242622951.run(TempTestSuite1649242622951.groovy:39)
Caused by: com.kms.katalon.core.exception.StepFailedException: com.kms.katalon.core.webui.exception.WebElementNotFoundException: Web element with id: 'Object Repository/Staging Objects/Page_diagnostics/span_User care' located by '//*[(text() = 'User care:' or . = 'User care:')]' not found
	at com.kms.katalon.core.webui.keyword.internal.WebUIKeywordMain.stepFailed(WebUIKeywordMain.groovy:64)
	at com.kms.katalon.core.webui.keyword.builtin.VerifyElementPresentKeyword$_verifyElementPresent_closure1.doCall(VerifyElementPresentKeyword.groovy:85)
	at com.kms.katalon.core.webui.keyword.builtin.VerifyElementPresentKeyword$_verifyElementPresent_closure1.call(VerifyElementPresentKeyword.groovy)
	at com.kms.katalon.core.webui.keyword.internal.WebUIKeywordMain.runKeyword(WebUIKeywordMain.groovy:20)
	... 19 more
"/>
         <system-out><![CDATA[2022-04-06 19:20:03 - [TEST_CASE][FAILED] - Test Cases/Custom Item Details/TEST CASE/TC_DETAILS_UI_047: Test Cases/Custom Item Details/TEST CASE/TC_DETAILS_UI_047 FAILED.
Reason:
com.kms.katalon.core.exception.StepFailedException: Unable to verify object 'Object Repository/Staging Objects/Page_diagnostics/span_User care' is present
	at com.kms.katalon.core.webui.keyword.internal.WebUIKeywordMain.stepFailed(WebUIKeywordMain.groovy:64)
	at com.kms.katalon.core.webui.keyword.internal.WebUIKeywordMain.runKeyword(WebUIKeywordMain.groovy:26)
	at com.kms.katalon.core.webui.keyword.builtin.VerifyElementPresentKeyword.verifyElementPresent(VerifyElementPresentKeyword.groovy:92)
	at com.kms.katalon.core.webui.keyword.builtin.VerifyElementPresentKeyword.execute(VerifyElementPresentKeyword.groovy:68)
	at com.kms.katalon.core.keyword.internal.KeywordExecutor.executeKeywordForPlatform(KeywordExecutor.groovy:73)
	at com.kms.katalon.core.webui.keyword.WebUiBuiltInKeywords.verifyElementPresent(WebUiBuiltInKeywords.groovy:1461)
	at com.kms.katalon.core.webui.keyword.WebUiBuiltInKeywords$verifyElementPresent$9.call(Unknown Source)
	at TC_DETAILS_UI_047.run(TC_DETAILS_UI_047:22)
	at com.kms.katalon.core.main.ScriptEngine.run(ScriptEngine.java:194)
	at com.kms.katalon.core.main.ScriptEngine.runScriptAsRawText(ScriptEngine.java:119)
	at com.kms.katalon.core.main.TestCaseExecutor.runScript(TestCaseExecutor.java:339)
	at com.kms.katalon.core.main.TestCaseExecutor.doExecute(TestCaseExecutor.java:330)
	at com.kms.katalon.core.main.TestCaseExecutor.processExecutionPhase(TestCaseExecutor.java:309)
	at com.kms.katalon.core.main.TestCaseExecutor.accessMainPhase(TestCaseExecutor.java:301)
	at com.kms.katalon.core.main.TestCaseExecutor.execute(TestCaseExecutor.java:235)
	at com.kms.katalon.core.main.TestSuiteExecutor.accessTestCaseMainPhase(TestSuiteExecutor.java:191)
	at com.kms.katalon.core.main.TestSuiteExecutor.accessTestSuiteMainPhase(TestSuiteExecutor.java:141)
	at com.kms.katalon.core.main.TestSuiteExecutor.execute(TestSuiteExecutor.java:90)
	at com.kms.katalon.core.main.TestCaseMain.startTestSuite(TestCaseMain.java:157)
	at com.kms.katalon.core.main.TestCaseMain$startTestSuite$0.call(Unknown Source)
	at TempTestSuite1649242622951.run(TempTestSuite1649242622951.groovy:39)
Caused by: com.kms.katalon.core.exception.StepFailedException: com.kms.katalon.core.webui.exception.WebElementNotFoundException: Web element with id: 'Object Repository/Staging Objects/Page_diagnostics/span_User care' located by '//*[(text() = 'User care:' or . = 'User care:')]' not found
	at com.kms.katalon.core.webui.keyword.internal.WebUIKeywordMain.stepFailed(WebUIKeywordMain.groovy:64)
	at com.kms.katalon.core.webui.keyword.builtin.VerifyElementPresentKeyword$_verifyElementPresent_closure1.doCall(VerifyElementPresentKeyword.groovy:85)
	at com.kms.katalon.core.webui.keyword.builtin.VerifyElementPresentKeyword$_verifyElementPresent_closure1.call(VerifyElementPresentKeyword.groovy)
	at com.kms.katalon.core.webui.keyword.internal.WebUIKeywordMain.runKeyword(WebUIKeywordMain.groovy:20)
	... 19 more


2022-04-06 19:20:03 - [TEST_STEP][PASSED] - callTestCase(findTestCase("Custom Item Details/UTILITIES/OPEN_BROWSER"), [:], STOP_ON_FAILURE): Call Test Case 'Test Cases/Custom Item Details/UTILITIES/OPEN_BROWSER' successfully

2022-04-06 19:20:03 - [TEST_CASE][PASSED] - Test Cases/Custom Item Details/UTILITIES/OPEN_BROWSER: Test Cases/Custom Item Details/UTILITIES/OPEN_BROWSER

2022-04-06 19:20:03 - [TEST_STEP][PASSED] - openBrowser("https://diagnostics.staging.arcadier.io/"): Browser is opened with url: 'https://diagnostics.staging.arcadier.io/'

2022-04-06 19:20:03 - [MESSAGE][INFO] - Starting 'Chrome' driver

2022-04-06 19:20:03 - [MESSAGE][INFO] - Action delay is set to 0 milliseconds

2022-04-06 19:20:13 - [MESSAGE][PASSED] - Browser is opened with url: 'https://diagnostics.staging.arcadier.io/'

2022-04-06 19:20:13 - [TEST_STEP][PASSED] - maximizeWindow(): Current window maximized

2022-04-06 19:20:13 - [MESSAGE][PASSED] - Current window maximized

2022-04-06 19:20:13 - [TEST_STEP][PASSED] - click(findTestObject("Item Details Objects/Page_diagnostics/a_Accept Cookies")): Object: 'Object Repository/Item Details Objects/Page_diagnostics/a_Accept Cookies' is clicked on

2022-04-06 19:20:14 - [MESSAGE][PASSED] - Object: 'Object Repository/Item Details Objects/Page_diagnostics/a_Accept Cookies' is clicked on

2022-04-06 19:20:14 - [TEST_STEP][PASSED] - click(findTestObject("New_Homepage/Page_diagnostics/a_COVID-19 DIAGNOSTICS"), STOP_ON_FAILURE): Object: 'Object Repository/New_Homepage/Page_diagnostics/a_COVID-19 DIAGNOSTICS' is clicked on

2022-04-06 19:20:15 - [MESSAGE][PASSED] - Object: 'Object Repository/New_Homepage/Page_diagnostics/a_COVID-19 DIAGNOSTICS' is clicked on

2022-04-06 19:20:15 - [TEST_STEP][PASSED] - mouseOver(findTestObject("New_Homepage/Page_diagnostics/a_Abbott Rapid Diagnostics PANBIO COVID-19 Ag Rapid Test Device (Nasopharyngeal)")): Object: 'Object Repository/New_Homepage/Page_diagnostics/a_Abbott Rapid Diagnostics PANBIO COVID-19 Ag Rapid Test Device (Nasopharyngeal)' is hovered

2022-04-06 19:20:17 - [MESSAGE][PASSED] - Object: 'Object Repository/New_Homepage/Page_diagnostics/a_Abbott Rapid Diagnostics PANBIO COVID-19 Ag Rapid Test Device (Nasopharyngeal)' is hovered

2022-04-06 19:20:17 - [TEST_STEP][PASSED] - click(findTestObject("New_Homepage/Page_diagnostics/a_Abbott Rapid Diagnostics PANBIO COVID-19 Ag Rapid Test Device (Nasopharyngeal)")): Object: 'Object Repository/New_Homepage/Page_diagnostics/a_Abbott Rapid Diagnostics PANBIO COVID-19 Ag Rapid Test Device (Nasopharyngeal)' is clicked on

2022-04-06 19:20:19 - [MESSAGE][PASSED] - Object: 'Object Repository/New_Homepage/Page_diagnostics/a_Abbott Rapid Diagnostics PANBIO COVID-19 Ag Rapid Test Device (Nasopharyngeal)' is clicked on

2022-04-06 19:20:19 - [MESSAGE][PASSED] - Call Test Case 'Test Cases/Custom Item Details/UTILITIES/OPEN_BROWSER' successfully

2022-04-06 19:20:19 - [TEST_STEP][PASSED] - waitForElementVisible(findTestObject("Staging Objects/Page_diagnostics/span_User care"), 0): Web element with id: 'Object Repository/Staging Objects/Page_diagnostics/span_User care' located by '//*[(text() = 'User care:' or . = 'User care:')]' not found

2022-04-06 19:20:19 - [MESSAGE][WARNING] - Timeout '0' is invalid. Using default page load timeout: '30'

2022-04-06 19:20:51 - [MESSAGE][INFO] - Unable to find the element located by 'By.xpath: //*[(text() = 'User care:' or . = 'User care:')]'. Please recheck the objects properties to make sure the desired element is located. 

2022-04-06 19:20:51 - [MESSAGE][WARNING] - Web element with id: 'Object Repository/Staging Objects/Page_diagnostics/span_User care' located by '//*[(text() = 'User care:' or . = 'User care:')]' not found

2022-04-06 19:20:51 - [TEST_STEP][FAILED] - verifyElementPresent(findTestObject("Staging Objects/Page_diagnostics/span_User care"), 0): Unable to verify object 'Object Repository/Staging Objects/Page_diagnostics/span_User care' is present (Root cause: com.kms.katalon.core.exception.StepFailedException: Unable to verify object 'Object Repository/Staging Objects/Page_diagnostics/span_User care' is present
	at com.kms.katalon.core.webui.keyword.internal.WebUIKeywordMain.stepFailed(WebUIKeywordMain.groovy:64)
	at com.kms.katalon.core.webui.keyword.internal.WebUIKeywordMain.runKeyword(WebUIKeywordMain.groovy:26)
	at com.kms.katalon.core.webui.keyword.builtin.VerifyElementPresentKeyword.verifyElementPresent(VerifyElementPresentKeyword.groovy:92)
	at com.kms.katalon.core.webui.keyword.builtin.VerifyElementPresentKeyword.execute(VerifyElementPresentKeyword.groovy:68)
	at com.kms.katalon.core.keyword.internal.KeywordExecutor.executeKeywordForPlatform(KeywordExecutor.groovy:73)
	at com.kms.katalon.core.webui.keyword.WebUiBuiltInKeywords.verifyElementPresent(WebUiBuiltInKeywords.groovy:1461)
	at com.kms.katalon.core.webui.keyword.WebUiBuiltInKeywords$verifyElementPresent$9.call(Unknown Source)
	at TC_DETAILS_UI_047.run(TC_DETAILS_UI_047:22)
	at com.kms.katalon.core.main.ScriptEngine.run(ScriptEngine.java:194)
	at com.kms.katalon.core.main.ScriptEngine.runScriptAsRawText(ScriptEngine.java:119)
	at com.kms.katalon.core.main.TestCaseExecutor.runScript(TestCaseExecutor.java:339)
	at com.kms.katalon.core.main.TestCaseExecutor.doExecute(TestCaseExecutor.java:330)
	at com.kms.katalon.core.main.TestCaseExecutor.processExecutionPhase(TestCaseExecutor.java:309)
	at com.kms.katalon.core.main.TestCaseExecutor.accessMainPhase(TestCaseExecutor.java:301)
	at com.kms.katalon.core.main.TestCaseExecutor.execute(TestCaseExecutor.java:235)
	at com.kms.katalon.core.main.TestSuiteExecutor.accessTestCaseMainPhase(TestSuiteExecutor.java:191)
	at com.kms.katalon.core.main.TestSuiteExecutor.accessTestSuiteMainPhase(TestSuiteExecutor.java:141)
	at com.kms.katalon.core.main.TestSuiteExecutor.execute(TestSuiteExecutor.java:90)
	at com.kms.katalon.core.main.TestCaseMain.startTestSuite(TestCaseMain.java:157)
	at com.kms.katalon.core.main.TestCaseMain$startTestSuite$0.call(Unknown Source)
	at TempTestSuite1649242622951.run(TempTestSuite1649242622951.groovy:39)
Caused by: com.kms.katalon.core.exception.StepFailedException: com.kms.katalon.core.webui.exception.WebElementNotFoundException: Web element with id: 'Object Repository/Staging Objects/Page_diagnostics/span_User care' located by '//*[(text() = 'User care:' or . = 'User care:')]' not found
	at com.kms.katalon.core.webui.keyword.internal.WebUIKeywordMain.stepFailed(WebUIKeywordMain.groovy:64)
	at com.kms.katalon.core.webui.keyword.builtin.VerifyElementPresentKeyword$_verifyElementPresent_closure1.doCall(VerifyElementPresentKeyword.groovy:85)
	at com.kms.katalon.core.webui.keyword.builtin.VerifyElementPresentKeyword$_verifyElementPresent_closure1.call(VerifyElementPresentKeyword.groovy)
	at com.kms.katalon.core.webui.keyword.internal.WebUIKeywordMain.runKeyword(WebUIKeywordMain.groovy:20)
	... 19 more
)

2022-04-06 19:20:51 - [MESSAGE][WARNING] - Timeout '0' is invalid. Using default page load timeout: '30'

2022-04-06 19:21:22 - [MESSAGE][INFO] - Unable to find the element located by 'By.xpath: //*[(text() = 'User care:' or . = 'User care:')]'. Please recheck the objects properties to make sure the desired element is located. 

2022-04-06 19:21:22 - [MESSAGE][FAILED] - com.kms.katalon.core.webui.exception.WebElementNotFoundException: Web element with id: 'Object Repository/Staging Objects/Page_diagnostics/span_User care' located by '//*[(text() = 'User care:' or . = 'User care:')]' not found (Root cause: com.kms.katalon.core.exception.StepFailedException: com.kms.katalon.core.webui.exception.WebElementNotFoundException: Web element with id: 'Object Repository/Staging Objects/Page_diagnostics/span_User care' located by '//*[(text() = 'User care:' or . = 'User care:')]' not found
	at com.kms.katalon.core.webui.keyword.internal.WebUIKeywordMain.stepFailed(WebUIKeywordMain.groovy:64)
	at com.kms.katalon.core.webui.keyword.builtin.VerifyElementPresentKeyword$_verifyElementPresent_closure1.doCall(VerifyElementPresentKeyword.groovy:85)
	at com.kms.katalon.core.webui.keyword.builtin.VerifyElementPresentKeyword$_verifyElementPresent_closure1.call(VerifyElementPresentKeyword.groovy)
	at com.kms.katalon.core.webui.keyword.internal.WebUIKeywordMain.runKeyword(WebUIKeywordMain.groovy:20)
	at com.kms.katalon.core.webui.keyword.builtin.VerifyElementPresentKeyword.verifyElementPresent(VerifyElementPresentKeyword.groovy:92)
	at com.kms.katalon.core.webui.keyword.builtin.VerifyElementPresentKeyword.execute(VerifyElementPresentKeyword.groovy:68)
	at com.kms.katalon.core.keyword.internal.KeywordExecutor.executeKeywordForPlatform(KeywordExecutor.groovy:73)
	at com.kms.katalon.core.webui.keyword.WebUiBuiltInKeywords.verifyElementPresent(WebUiBuiltInKeywords.groovy:1461)
	at com.kms.katalon.core.webui.keyword.WebUiBuiltInKeywords$verifyElementPresent$9.call(Unknown Source)
	at TC_DETAILS_UI_047.run(TC_DETAILS_UI_047:22)
	at com.kms.katalon.core.main.ScriptEngine.run(ScriptEngine.java:194)
	at com.kms.katalon.core.main.ScriptEngine.runScriptAsRawText(ScriptEngine.java:119)
	at com.kms.katalon.core.main.TestCaseExecutor.runScript(TestCaseExecutor.java:339)
	at com.kms.katalon.core.main.TestCaseExecutor.doExecute(TestCaseExecutor.java:330)
	at com.kms.katalon.core.main.TestCaseExecutor.processExecutionPhase(TestCaseExecutor.java:309)
	at com.kms.katalon.core.main.TestCaseExecutor.accessMainPhase(TestCaseExecutor.java:301)
	at com.kms.katalon.core.main.TestCaseExecutor.execute(TestCaseExecutor.java:235)
	at com.kms.katalon.core.main.TestSuiteExecutor.accessTestCaseMainPhase(TestSuiteExecutor.java:191)
	at com.kms.katalon.core.main.TestSuiteExecutor.accessTestSuiteMainPhase(TestSuiteExecutor.java:141)
	at com.kms.katalon.core.main.TestSuiteExecutor.execute(TestSuiteExecutor.java:90)
	at com.kms.katalon.core.main.TestCaseMain.startTestSuite(TestCaseMain.java:157)
	at com.kms.katalon.core.main.TestCaseMain$startTestSuite$0.call(Unknown Source)
	at TempTestSuite1649242622951.run(TempTestSuite1649242622951.groovy:39)
)
[[ATTACHMENT|K:\\Work\\GitHub\\find-item-detail-test_v2\\Reports\\20220406_185701\\Item detail test\\20220406_185702\\1649244082136.png]]

2022-04-06 19:21:22 - [MESSAGE][FAILED] - Unable to verify object 'Object Repository/Staging Objects/Page_diagnostics/span_User care' is present (Root cause: com.kms.katalon.core.exception.StepFailedException: Unable to verify object 'Object Repository/Staging Objects/Page_diagnostics/span_User care' is present
	at com.kms.katalon.core.webui.keyword.internal.WebUIKeywordMain.stepFailed(WebUIKeywordMain.groovy:64)
	at com.kms.katalon.core.webui.keyword.internal.WebUIKeywordMain.runKeyword(WebUIKeywordMain.groovy:26)
	at com.kms.katalon.core.webui.keyword.builtin.VerifyElementPresentKeyword.verifyElementPresent(VerifyElementPresentKeyword.groovy:92)
	at com.kms.katalon.core.webui.keyword.builtin.VerifyElementPresentKeyword.execute(VerifyElementPresentKeyword.groovy:68)
	at com.kms.katalon.core.keyword.internal.KeywordExecutor.executeKeywordForPlatform(KeywordExecutor.groovy:73)
	at com.kms.katalon.core.webui.keyword.WebUiBuiltInKeywords.verifyElementPresent(WebUiBuiltInKeywords.groovy:1461)
	at com.kms.katalon.core.webui.keyword.WebUiBuiltInKeywords$verifyElementPresent$9.call(Unknown Source)
	at TC_DETAILS_UI_047.run(TC_DETAILS_UI_047:22)
	at com.kms.katalon.core.main.ScriptEngine.run(ScriptEngine.java:194)
	at com.kms.katalon.core.main.ScriptEngine.runScriptAsRawText(ScriptEngine.java:119)
	at com.kms.katalon.core.main.TestCaseExecutor.runScript(TestCaseExecutor.java:339)
	at com.kms.katalon.core.main.TestCaseExecutor.doExecute(TestCaseExecutor.java:330)
	at com.kms.katalon.core.main.TestCaseExecutor.processExecutionPhase(TestCaseExecutor.java:309)
	at com.kms.katalon.core.main.TestCaseExecutor.accessMainPhase(TestCaseExecutor.java:301)
	at com.kms.katalon.core.main.TestCaseExecutor.execute(TestCaseExecutor.java:235)
	at com.kms.katalon.core.main.TestSuiteExecutor.accessTestCaseMainPhase(TestSuiteExecutor.java:191)
	at com.kms.katalon.core.main.TestSuiteExecutor.accessTestSuiteMainPhase(TestSuiteExecutor.java:141)
	at com.kms.katalon.core.main.TestSuiteExecutor.execute(TestSuiteExecutor.java:90)
	at com.kms.katalon.core.main.TestCaseMain.startTestSuite(TestCaseMain.java:157)
	at com.kms.katalon.core.main.TestCaseMain$startTestSuite$0.call(Unknown Source)
	at TempTestSuite1649242622951.run(TempTestSuite1649242622951.groovy:39)
Caused by: com.kms.katalon.core.exception.StepFailedException: com.kms.katalon.core.webui.exception.WebElementNotFoundException: Web element with id: 'Object Repository/Staging Objects/Page_diagnostics/span_User care' located by '//*[(text() = 'User care:' or . = 'User care:')]' not found
	at com.kms.katalon.core.webui.keyword.internal.WebUIKeywordMain.stepFailed(WebUIKeywordMain.groovy:64)
	at com.kms.katalon.core.webui.keyword.builtin.VerifyElementPresentKeyword$_verifyElementPresent_closure1.doCall(VerifyElementPresentKeyword.groovy:85)
	at com.kms.katalon.core.webui.keyword.builtin.VerifyElementPresentKeyword$_verifyElementPresent_closure1.call(VerifyElementPresentKeyword.groovy)
	at com.kms.katalon.core.webui.keyword.internal.WebUIKeywordMain.runKeyword(WebUIKeywordMain.groovy:20)
	... 19 more
)
[[ATTACHMENT|K:\\Work\\GitHub\\find-item-detail-test_v2\\Reports\\20220406_185701\\Item detail test\\20220406_185702\\1649244082282.png]]]]></system-out>
         <system-err><![CDATA[2022-04-06 19:20:03 - [TEST_CASE][FAILED] - Test Cases/Custom Item Details/TEST CASE/TC_DETAILS_UI_047: Test Cases/Custom Item Details/TEST CASE/TC_DETAILS_UI_047 FAILED.
Reason:
com.kms.katalon.core.exception.StepFailedException: Unable to verify object 'Object Repository/Staging Objects/Page_diagnostics/span_User care' is present
	at com.kms.katalon.core.webui.keyword.internal.WebUIKeywordMain.stepFailed(WebUIKeywordMain.groovy:64)
	at com.kms.katalon.core.webui.keyword.internal.WebUIKeywordMain.runKeyword(WebUIKeywordMain.groovy:26)
	at com.kms.katalon.core.webui.keyword.builtin.VerifyElementPresentKeyword.verifyElementPresent(VerifyElementPresentKeyword.groovy:92)
	at com.kms.katalon.core.webui.keyword.builtin.VerifyElementPresentKeyword.execute(VerifyElementPresentKeyword.groovy:68)
	at com.kms.katalon.core.keyword.internal.KeywordExecutor.executeKeywordForPlatform(KeywordExecutor.groovy:73)
	at com.kms.katalon.core.webui.keyword.WebUiBuiltInKeywords.verifyElementPresent(WebUiBuiltInKeywords.groovy:1461)
	at com.kms.katalon.core.webui.keyword.WebUiBuiltInKeywords$verifyElementPresent$9.call(Unknown Source)
	at TC_DETAILS_UI_047.run(TC_DETAILS_UI_047:22)
	at com.kms.katalon.core.main.ScriptEngine.run(ScriptEngine.java:194)
	at com.kms.katalon.core.main.ScriptEngine.runScriptAsRawText(ScriptEngine.java:119)
	at com.kms.katalon.core.main.TestCaseExecutor.runScript(TestCaseExecutor.java:339)
	at com.kms.katalon.core.main.TestCaseExecutor.doExecute(TestCaseExecutor.java:330)
	at com.kms.katalon.core.main.TestCaseExecutor.processExecutionPhase(TestCaseExecutor.java:309)
	at com.kms.katalon.core.main.TestCaseExecutor.accessMainPhase(TestCaseExecutor.java:301)
	at com.kms.katalon.core.main.TestCaseExecutor.execute(TestCaseExecutor.java:235)
	at com.kms.katalon.core.main.TestSuiteExecutor.accessTestCaseMainPhase(TestSuiteExecutor.java:191)
	at com.kms.katalon.core.main.TestSuiteExecutor.accessTestSuiteMainPhase(TestSuiteExecutor.java:141)
	at com.kms.katalon.core.main.TestSuiteExecutor.execute(TestSuiteExecutor.java:90)
	at com.kms.katalon.core.main.TestCaseMain.startTestSuite(TestCaseMain.java:157)
	at com.kms.katalon.core.main.TestCaseMain$startTestSuite$0.call(Unknown Source)
	at TempTestSuite1649242622951.run(TempTestSuite1649242622951.groovy:39)
Caused by: com.kms.katalon.core.exception.StepFailedException: com.kms.katalon.core.webui.exception.WebElementNotFoundException: Web element with id: 'Object Repository/Staging Objects/Page_diagnostics/span_User care' located by '//*[(text() = 'User care:' or . = 'User care:')]' not found
	at com.kms.katalon.core.webui.keyword.internal.WebUIKeywordMain.stepFailed(WebUIKeywordMain.groovy:64)
	at com.kms.katalon.core.webui.keyword.builtin.VerifyElementPresentKeyword$_verifyElementPresent_closure1.doCall(VerifyElementPresentKeyword.groovy:85)
	at com.kms.katalon.core.webui.keyword.builtin.VerifyElementPresentKeyword$_verifyElementPresent_closure1.call(VerifyElementPresentKeyword.groovy)
	at com.kms.katalon.core.webui.keyword.internal.WebUIKeywordMain.runKeyword(WebUIKeywordMain.groovy:20)
	... 19 more]]></system-err>
      </testcase>
      <testcase name="Test Cases/Custom Item Details/TEST CASE/TC_DETAILS_UI_048" time="14.169" classname="Test Cases/Custom Item Details/TEST CASE/TC_DETAILS_UI_048" status="PASSED">
         <system-out><![CDATA[2022-04-06 19:21:22 - [TEST_CASE][PASSED] - Test Cases/Custom Item Details/TEST CASE/TC_DETAILS_UI_048: Test Cases/Custom Item Details/TEST CASE/TC_DETAILS_UI_048

2022-04-06 19:21:22 - [TEST_STEP][PASSED] - callTestCase(findTestCase("Custom Item Details/UTILITIES/OPEN_BROWSER"), [:], STOP_ON_FAILURE): Call Test Case 'Test Cases/Custom Item Details/UTILITIES/OPEN_BROWSER' successfully

2022-04-06 19:21:22 - [TEST_CASE][PASSED] - Test Cases/Custom Item Details/UTILITIES/OPEN_BROWSER: Test Cases/Custom Item Details/UTILITIES/OPEN_BROWSER

2022-04-06 19:21:22 - [TEST_STEP][PASSED] - openBrowser("https://diagnostics.staging.arcadier.io/"): Browser is opened with url: 'https://diagnostics.staging.arcadier.io/'

2022-04-06 19:21:22 - [MESSAGE][WARNING] - A browser is already opened. Closing browser and opening a new one

2022-04-06 19:21:23 - [MESSAGE][INFO] - Starting 'Chrome' driver

2022-04-06 19:21:23 - [MESSAGE][INFO] - Action delay is set to 0 milliseconds

2022-04-06 19:21:26 - [MESSAGE][PASSED] - Browser is opened with url: 'https://diagnostics.staging.arcadier.io/'

2022-04-06 19:21:26 - [TEST_STEP][PASSED] - maximizeWindow(): Current window maximized

2022-04-06 19:21:26 - [MESSAGE][PASSED] - Current window maximized

2022-04-06 19:21:26 - [TEST_STEP][PASSED] - click(findTestObject("Item Details Objects/Page_diagnostics/a_Accept Cookies")): Object: 'Object Repository/Item Details Objects/Page_diagnostics/a_Accept Cookies' is clicked on

2022-04-06 19:21:27 - [MESSAGE][PASSED] - Object: 'Object Repository/Item Details Objects/Page_diagnostics/a_Accept Cookies' is clicked on

2022-04-06 19:21:27 - [TEST_STEP][PASSED] - click(findTestObject("New_Homepage/Page_diagnostics/a_COVID-19 DIAGNOSTICS"), STOP_ON_FAILURE): Object: 'Object Repository/New_Homepage/Page_diagnostics/a_COVID-19 DIAGNOSTICS' is clicked on

2022-04-06 19:21:28 - [MESSAGE][PASSED] - Object: 'Object Repository/New_Homepage/Page_diagnostics/a_COVID-19 DIAGNOSTICS' is clicked on

2022-04-06 19:21:28 - [TEST_STEP][PASSED] - mouseOver(findTestObject("New_Homepage/Page_diagnostics/a_Abbott Rapid Diagnostics PANBIO COVID-19 Ag Rapid Test Device (Nasopharyngeal)")): Object: 'Object Repository/New_Homepage/Page_diagnostics/a_Abbott Rapid Diagnostics PANBIO COVID-19 Ag Rapid Test Device (Nasopharyngeal)' is hovered

2022-04-06 19:21:31 - [MESSAGE][PASSED] - Object: 'Object Repository/New_Homepage/Page_diagnostics/a_Abbott Rapid Diagnostics PANBIO COVID-19 Ag Rapid Test Device (Nasopharyngeal)' is hovered

2022-04-06 19:21:31 - [TEST_STEP][PASSED] - click(findTestObject("New_Homepage/Page_diagnostics/a_Abbott Rapid Diagnostics PANBIO COVID-19 Ag Rapid Test Device (Nasopharyngeal)")): Object: 'Object Repository/New_Homepage/Page_diagnostics/a_Abbott Rapid Diagnostics PANBIO COVID-19 Ag Rapid Test Device (Nasopharyngeal)' is clicked on

2022-04-06 19:21:34 - [MESSAGE][PASSED] - Object: 'Object Repository/New_Homepage/Page_diagnostics/a_Abbott Rapid Diagnostics PANBIO COVID-19 Ag Rapid Test Device (Nasopharyngeal)' is clicked on

2022-04-06 19:21:34 - [MESSAGE][PASSED] - Call Test Case 'Test Cases/Custom Item Details/UTILITIES/OPEN_BROWSER' successfully

2022-04-06 19:21:34 - [TEST_STEP][PASSED] - verifyElementPresent(findTestObject("Item Details Objects/Page_diagnostics/div_Price_Box"), 0): Object 'Object Repository/Item Details Objects/Page_diagnostics/div_Price_Box' is present

2022-04-06 19:21:34 - [MESSAGE][WARNING] - Timeout '0' is invalid. Using default page load timeout: '30'

2022-04-06 19:21:35 - [MESSAGE][PASSED] - Object 'Object Repository/Item Details Objects/Page_diagnostics/div_Price_Box' is present

2022-04-06 19:21:35 - [TEST_STEP][PASSED] - verifyElementNotVisible(findTestObject("Item Details Objects/Page_diagnostics/div_Price_Box"), STOP_ON_FAILURE): Object 'Object Repository/Item Details Objects/Page_diagnostics/div_Price_Box' is NOT visible

2022-04-06 19:21:35 - [MESSAGE][PASSED] - Object 'Object Repository/Item Details Objects/Page_diagnostics/div_Price_Box' is NOT visible

2022-04-06 19:21:35 - [TEST_STEP][PASSED] - callTestCase(findTestCase("Custom Item Details/UTILITIES/CLOSE_BROWSER"), [:], STOP_ON_FAILURE): Call Test Case 'Test Cases/Custom Item Details/UTILITIES/CLOSE_BROWSER' successfully

2022-04-06 19:21:35 - [TEST_CASE][PASSED] - Test Cases/Custom Item Details/UTILITIES/CLOSE_BROWSER: Test Cases/Custom Item Details/UTILITIES/CLOSE_BROWSER

2022-04-06 19:21:35 - [TEST_STEP][PASSED] - closeBrowser(): Browser is closed

2022-04-06 19:21:36 - [MESSAGE][PASSED] - Browser is closed

2022-04-06 19:21:36 - [MESSAGE][PASSED] - Call Test Case 'Test Cases/Custom Item Details/UTILITIES/CLOSE_BROWSER' successfully]]></system-out>
         <system-err><![CDATA[]]></system-err>
      </testcase>
      <testcase name="Test Cases/Custom Item Details/TEST CASE/TC_DETAILS_UI_049" time="13.617" classname="Test Cases/Custom Item Details/TEST CASE/TC_DETAILS_UI_049" status="FAILED">
         <failure type="FAILED" message="Test Cases/Custom Item Details/TEST CASE/TC_DETAILS_UI_049 FAILED.
Reason:
com.kms.katalon.core.exception.StepFailedException: Unable to click on object 'Object Repository/Staging Objects/Page_diagnostics/a_REQUEST FOR QUOTATION'
	at com.kms.katalon.core.webui.keyword.internal.WebUIKeywordMain.stepFailed(WebUIKeywordMain.groovy:64)
	at com.kms.katalon.core.webui.keyword.internal.WebUIKeywordMain.runKeyword(WebUIKeywordMain.groovy:26)
	at com.kms.katalon.core.webui.keyword.builtin.ClickKeyword.click(ClickKeyword.groovy:76)
	at com.kms.katalon.core.webui.keyword.builtin.ClickKeyword.execute(ClickKeyword.groovy:43)
	at com.kms.katalon.core.keyword.internal.KeywordExecutor.executeKeywordForPlatform(KeywordExecutor.groovy:73)
	at com.kms.katalon.core.webui.keyword.WebUiBuiltInKeywords.click(WebUiBuiltInKeywords.groovy:617)
	at com.kms.katalon.core.webui.keyword.WebUiBuiltInKeywords$click$1.call(Unknown Source)
	at TC_DETAILS_UI_049.run(TC_DETAILS_UI_049:22)
	at com.kms.katalon.core.main.ScriptEngine.run(ScriptEngine.java:194)
	at com.kms.katalon.core.main.ScriptEngine.runScriptAsRawText(ScriptEngine.java:119)
	at com.kms.katalon.core.main.TestCaseExecutor.runScript(TestCaseExecutor.java:339)
	at com.kms.katalon.core.main.TestCaseExecutor.doExecute(TestCaseExecutor.java:330)
	at com.kms.katalon.core.main.TestCaseExecutor.processExecutionPhase(TestCaseExecutor.java:309)
	at com.kms.katalon.core.main.TestCaseExecutor.accessMainPhase(TestCaseExecutor.java:301)
	at com.kms.katalon.core.main.TestCaseExecutor.execute(TestCaseExecutor.java:235)
	at com.kms.katalon.core.main.TestSuiteExecutor.accessTestCaseMainPhase(TestSuiteExecutor.java:191)
	at com.kms.katalon.core.main.TestSuiteExecutor.accessTestSuiteMainPhase(TestSuiteExecutor.java:141)
	at com.kms.katalon.core.main.TestSuiteExecutor.execute(TestSuiteExecutor.java:90)
	at com.kms.katalon.core.main.TestCaseMain.startTestSuite(TestCaseMain.java:157)
	at com.kms.katalon.core.main.TestCaseMain$startTestSuite$0.call(Unknown Source)
	at TempTestSuite1649242622951.run(TempTestSuite1649242622951.groovy:39)
Caused by: org.openqa.selenium.WebDriverException: unknown error: cannot determine loading status
from target frame detached
  (Session info: chrome=99.0.4844.84)
Build info: version: '3.141.59', revision: 'e82be7d358', time: '2018-11-14T08:25:53'
System info: host: 'DESKTOP-IJBB9BE', ip: '192.168.1.2', os.name: 'Windows 10', os.arch: 'amd64', os.version: '10.0', java.version: '1.8.0_181'
Driver info: com.kms.katalon.selenium.driver.CChromeDriver
Capabilities {acceptInsecureCerts: false, browserName: chrome, browserVersion: 99.0.4844.84, chrome: {chromedriverVersion: 99.0.4844.51 (d537ec02474b5..., userDataDir: C:\Users\Lexoter\AppData\Lo...}, goog:chromeOptions: {debuggerAddress: localhost:8603}, javascriptEnabled: true, networkConnectionEnabled: false, pageLoadStrategy: normal, platform: WINDOWS, platformName: WINDOWS, proxy: Proxy(), setWindowRect: true, strictFileInteractability: false, timeouts: {implicit: 0, pageLoad: 300000, script: 30000}, unhandledPromptBehavior: dismiss and notify, webauthn:extension:credBlob: true, webauthn:extension:largeBlob: true, webauthn:virtualAuthenticators: true}
Session ID: f30b4a97990fe54611339ea01e0568d1
	at org.openqa.selenium.remote.http.W3CHttpResponseCodec.createException(W3CHttpResponseCodec.java:187)
	at org.openqa.selenium.remote.http.W3CHttpResponseCodec.decode(W3CHttpResponseCodec.java:122)
	at org.openqa.selenium.remote.http.W3CHttpResponseCodec.decode(W3CHttpResponseCodec.java:49)
	at org.openqa.selenium.remote.HttpCommandExecutor.execute(HttpCommandExecutor.java:158)
	at org.openqa.selenium.remote.service.DriverCommandExecutor.execute(DriverCommandExecutor.java:83)
	at org.openqa.selenium.remote.RemoteWebDriver.execute(RemoteWebDriver.java:552)
	at com.kms.katalon.selenium.driver.CChromeDriver.execute(CChromeDriver.java:19)
	at org.openqa.selenium.remote.RemoteWebElement.execute(RemoteWebElement.java:285)
	at org.openqa.selenium.remote.RemoteWebElement.click(RemoteWebElement.java:84)
	at org.openqa.selenium.support.events.EventFiringWebDriver$EventFiringWebElement.lambda$new$0(EventFiringWebDriver.java:404)
	at com.sun.proxy.$Proxy10.click(Unknown Source)
	at org.openqa.selenium.support.events.EventFiringWebDriver$EventFiringWebElement.click(EventFiringWebDriver.java:417)
	at com.kms.katalon.core.webui.keyword.builtin.ClickKeyword$_click_closure1.doCall(ClickKeyword.groovy:69)
	at com.kms.katalon.core.webui.keyword.builtin.ClickKeyword$_click_closure1.call(ClickKeyword.groovy)
	at com.kms.katalon.core.webui.keyword.internal.WebUIKeywordMain.runKeyword(WebUIKeywordMain.groovy:20)
	... 19 more
"/>
         <system-out><![CDATA[2022-04-06 19:21:36 - [TEST_CASE][FAILED] - Test Cases/Custom Item Details/TEST CASE/TC_DETAILS_UI_049: Test Cases/Custom Item Details/TEST CASE/TC_DETAILS_UI_049 FAILED.
Reason:
com.kms.katalon.core.exception.StepFailedException: Unable to click on object 'Object Repository/Staging Objects/Page_diagnostics/a_REQUEST FOR QUOTATION'
	at com.kms.katalon.core.webui.keyword.internal.WebUIKeywordMain.stepFailed(WebUIKeywordMain.groovy:64)
	at com.kms.katalon.core.webui.keyword.internal.WebUIKeywordMain.runKeyword(WebUIKeywordMain.groovy:26)
	at com.kms.katalon.core.webui.keyword.builtin.ClickKeyword.click(ClickKeyword.groovy:76)
	at com.kms.katalon.core.webui.keyword.builtin.ClickKeyword.execute(ClickKeyword.groovy:43)
	at com.kms.katalon.core.keyword.internal.KeywordExecutor.executeKeywordForPlatform(KeywordExecutor.groovy:73)
	at com.kms.katalon.core.webui.keyword.WebUiBuiltInKeywords.click(WebUiBuiltInKeywords.groovy:617)
	at com.kms.katalon.core.webui.keyword.WebUiBuiltInKeywords$click$1.call(Unknown Source)
	at TC_DETAILS_UI_049.run(TC_DETAILS_UI_049:22)
	at com.kms.katalon.core.main.ScriptEngine.run(ScriptEngine.java:194)
	at com.kms.katalon.core.main.ScriptEngine.runScriptAsRawText(ScriptEngine.java:119)
	at com.kms.katalon.core.main.TestCaseExecutor.runScript(TestCaseExecutor.java:339)
	at com.kms.katalon.core.main.TestCaseExecutor.doExecute(TestCaseExecutor.java:330)
	at com.kms.katalon.core.main.TestCaseExecutor.processExecutionPhase(TestCaseExecutor.java:309)
	at com.kms.katalon.core.main.TestCaseExecutor.accessMainPhase(TestCaseExecutor.java:301)
	at com.kms.katalon.core.main.TestCaseExecutor.execute(TestCaseExecutor.java:235)
	at com.kms.katalon.core.main.TestSuiteExecutor.accessTestCaseMainPhase(TestSuiteExecutor.java:191)
	at com.kms.katalon.core.main.TestSuiteExecutor.accessTestSuiteMainPhase(TestSuiteExecutor.java:141)
	at com.kms.katalon.core.main.TestSuiteExecutor.execute(TestSuiteExecutor.java:90)
	at com.kms.katalon.core.main.TestCaseMain.startTestSuite(TestCaseMain.java:157)
	at com.kms.katalon.core.main.TestCaseMain$startTestSuite$0.call(Unknown Source)
	at TempTestSuite1649242622951.run(TempTestSuite1649242622951.groovy:39)
Caused by: org.openqa.selenium.WebDriverException: unknown error: cannot determine loading status
from target frame detached
  (Session info: chrome=99.0.4844.84)
Build info: version: '3.141.59', revision: 'e82be7d358', time: '2018-11-14T08:25:53'
System info: host: 'DESKTOP-IJBB9BE', ip: '192.168.1.2', os.name: 'Windows 10', os.arch: 'amd64', os.version: '10.0', java.version: '1.8.0_181'
Driver info: com.kms.katalon.selenium.driver.CChromeDriver
Capabilities {acceptInsecureCerts: false, browserName: chrome, browserVersion: 99.0.4844.84, chrome: {chromedriverVersion: 99.0.4844.51 (d537ec02474b5..., userDataDir: C:\Users\Lexoter\AppData\Lo...}, goog:chromeOptions: {debuggerAddress: localhost:8603}, javascriptEnabled: true, networkConnectionEnabled: false, pageLoadStrategy: normal, platform: WINDOWS, platformName: WINDOWS, proxy: Proxy(), setWindowRect: true, strictFileInteractability: false, timeouts: {implicit: 0, pageLoad: 300000, script: 30000}, unhandledPromptBehavior: dismiss and notify, webauthn:extension:credBlob: true, webauthn:extension:largeBlob: true, webauthn:virtualAuthenticators: true}
Session ID: f30b4a97990fe54611339ea01e0568d1
	at org.openqa.selenium.remote.http.W3CHttpResponseCodec.createException(W3CHttpResponseCodec.java:187)
	at org.openqa.selenium.remote.http.W3CHttpResponseCodec.decode(W3CHttpResponseCodec.java:122)
	at org.openqa.selenium.remote.http.W3CHttpResponseCodec.decode(W3CHttpResponseCodec.java:49)
	at org.openqa.selenium.remote.HttpCommandExecutor.execute(HttpCommandExecutor.java:158)
	at org.openqa.selenium.remote.service.DriverCommandExecutor.execute(DriverCommandExecutor.java:83)
	at org.openqa.selenium.remote.RemoteWebDriver.execute(RemoteWebDriver.java:552)
	at com.kms.katalon.selenium.driver.CChromeDriver.execute(CChromeDriver.java:19)
	at org.openqa.selenium.remote.RemoteWebElement.execute(RemoteWebElement.java:285)
	at org.openqa.selenium.remote.RemoteWebElement.click(RemoteWebElement.java:84)
	at org.openqa.selenium.support.events.EventFiringWebDriver$EventFiringWebElement.lambda$new$0(EventFiringWebDriver.java:404)
	at com.sun.proxy.$Proxy10.click(Unknown Source)
	at org.openqa.selenium.support.events.EventFiringWebDriver$EventFiringWebElement.click(EventFiringWebDriver.java:417)
	at com.kms.katalon.core.webui.keyword.builtin.ClickKeyword$_click_closure1.doCall(ClickKeyword.groovy:69)
	at com.kms.katalon.core.webui.keyword.builtin.ClickKeyword$_click_closure1.call(ClickKeyword.groovy)
	at com.kms.katalon.core.webui.keyword.internal.WebUIKeywordMain.runKeyword(WebUIKeywordMain.groovy:20)
	... 19 more


2022-04-06 19:21:36 - [TEST_STEP][PASSED] - callTestCase(findTestCase("Custom Item Details/UTILITIES/OPEN_BROWSER"), [:], STOP_ON_FAILURE): Call Test Case 'Test Cases/Custom Item Details/UTILITIES/OPEN_BROWSER' successfully

2022-04-06 19:21:36 - [TEST_CASE][PASSED] - Test Cases/Custom Item Details/UTILITIES/OPEN_BROWSER: Test Cases/Custom Item Details/UTILITIES/OPEN_BROWSER

2022-04-06 19:21:36 - [TEST_STEP][PASSED] - openBrowser("https://diagnostics.staging.arcadier.io/"): Browser is opened with url: 'https://diagnostics.staging.arcadier.io/'

2022-04-06 19:21:36 - [MESSAGE][INFO] - Starting 'Chrome' driver

2022-04-06 19:21:36 - [MESSAGE][INFO] - Action delay is set to 0 milliseconds

2022-04-06 19:21:39 - [MESSAGE][PASSED] - Browser is opened with url: 'https://diagnostics.staging.arcadier.io/'

2022-04-06 19:21:39 - [TEST_STEP][PASSED] - maximizeWindow(): Current window maximized

2022-04-06 19:21:40 - [MESSAGE][PASSED] - Current window maximized

2022-04-06 19:21:40 - [TEST_STEP][PASSED] - click(findTestObject("Item Details Objects/Page_diagnostics/a_Accept Cookies")): Object: 'Object Repository/Item Details Objects/Page_diagnostics/a_Accept Cookies' is clicked on

2022-04-06 19:21:41 - [MESSAGE][PASSED] - Object: 'Object Repository/Item Details Objects/Page_diagnostics/a_Accept Cookies' is clicked on

2022-04-06 19:21:41 - [TEST_STEP][PASSED] - click(findTestObject("New_Homepage/Page_diagnostics/a_COVID-19 DIAGNOSTICS"), STOP_ON_FAILURE): Object: 'Object Repository/New_Homepage/Page_diagnostics/a_COVID-19 DIAGNOSTICS' is clicked on

2022-04-06 19:21:42 - [MESSAGE][PASSED] - Object: 'Object Repository/New_Homepage/Page_diagnostics/a_COVID-19 DIAGNOSTICS' is clicked on

2022-04-06 19:21:42 - [TEST_STEP][PASSED] - mouseOver(findTestObject("New_Homepage/Page_diagnostics/a_Abbott Rapid Diagnostics PANBIO COVID-19 Ag Rapid Test Device (Nasopharyngeal)")): Object: 'Object Repository/New_Homepage/Page_diagnostics/a_Abbott Rapid Diagnostics PANBIO COVID-19 Ag Rapid Test Device (Nasopharyngeal)' is hovered

2022-04-06 19:21:44 - [MESSAGE][PASSED] - Object: 'Object Repository/New_Homepage/Page_diagnostics/a_Abbott Rapid Diagnostics PANBIO COVID-19 Ag Rapid Test Device (Nasopharyngeal)' is hovered

2022-04-06 19:21:44 - [TEST_STEP][PASSED] - click(findTestObject("New_Homepage/Page_diagnostics/a_Abbott Rapid Diagnostics PANBIO COVID-19 Ag Rapid Test Device (Nasopharyngeal)")): Object: 'Object Repository/New_Homepage/Page_diagnostics/a_Abbott Rapid Diagnostics PANBIO COVID-19 Ag Rapid Test Device (Nasopharyngeal)' is clicked on

2022-04-06 19:21:47 - [MESSAGE][PASSED] - Object: 'Object Repository/New_Homepage/Page_diagnostics/a_Abbott Rapid Diagnostics PANBIO COVID-19 Ag Rapid Test Device (Nasopharyngeal)' is clicked on

2022-04-06 19:21:47 - [MESSAGE][PASSED] - Call Test Case 'Test Cases/Custom Item Details/UTILITIES/OPEN_BROWSER' successfully

2022-04-06 19:21:47 - [TEST_STEP][PASSED] - waitForElementVisible(findTestObject("Staging Objects/Page_diagnostics/a_REQUEST FOR QUOTATION"), 0): Object 'Object Repository/Staging Objects/Page_diagnostics/a_REQUEST FOR QUOTATION' is visible

2022-04-06 19:21:47 - [MESSAGE][WARNING] - Timeout '0' is invalid. Using default page load timeout: '30'

2022-04-06 19:21:49 - [MESSAGE][PASSED] - Object 'Object Repository/Staging Objects/Page_diagnostics/a_REQUEST FOR QUOTATION' is visible

2022-04-06 19:21:49 - [TEST_STEP][FAILED] - click(findTestObject("Staging Objects/Page_diagnostics/a_REQUEST FOR QUOTATION")): Unable to click on object 'Object Repository/Staging Objects/Page_diagnostics/a_REQUEST FOR QUOTATION' (Root cause: com.kms.katalon.core.exception.StepFailedException: Unable to click on object 'Object Repository/Staging Objects/Page_diagnostics/a_REQUEST FOR QUOTATION'
	at com.kms.katalon.core.webui.keyword.internal.WebUIKeywordMain.stepFailed(WebUIKeywordMain.groovy:64)
	at com.kms.katalon.core.webui.keyword.internal.WebUIKeywordMain.runKeyword(WebUIKeywordMain.groovy:26)
	at com.kms.katalon.core.webui.keyword.builtin.ClickKeyword.click(ClickKeyword.groovy:76)
	at com.kms.katalon.core.webui.keyword.builtin.ClickKeyword.execute(ClickKeyword.groovy:43)
	at com.kms.katalon.core.keyword.internal.KeywordExecutor.executeKeywordForPlatform(KeywordExecutor.groovy:73)
	at com.kms.katalon.core.webui.keyword.WebUiBuiltInKeywords.click(WebUiBuiltInKeywords.groovy:617)
	at com.kms.katalon.core.webui.keyword.WebUiBuiltInKeywords$click$1.call(Unknown Source)
	at TC_DETAILS_UI_049.run(TC_DETAILS_UI_049:22)
	at com.kms.katalon.core.main.ScriptEngine.run(ScriptEngine.java:194)
	at com.kms.katalon.core.main.ScriptEngine.runScriptAsRawText(ScriptEngine.java:119)
	at com.kms.katalon.core.main.TestCaseExecutor.runScript(TestCaseExecutor.java:339)
	at com.kms.katalon.core.main.TestCaseExecutor.doExecute(TestCaseExecutor.java:330)
	at com.kms.katalon.core.main.TestCaseExecutor.processExecutionPhase(TestCaseExecutor.java:309)
	at com.kms.katalon.core.main.TestCaseExecutor.accessMainPhase(TestCaseExecutor.java:301)
	at com.kms.katalon.core.main.TestCaseExecutor.execute(TestCaseExecutor.java:235)
	at com.kms.katalon.core.main.TestSuiteExecutor.accessTestCaseMainPhase(TestSuiteExecutor.java:191)
	at com.kms.katalon.core.main.TestSuiteExecutor.accessTestSuiteMainPhase(TestSuiteExecutor.java:141)
	at com.kms.katalon.core.main.TestSuiteExecutor.execute(TestSuiteExecutor.java:90)
	at com.kms.katalon.core.main.TestCaseMain.startTestSuite(TestCaseMain.java:157)
	at com.kms.katalon.core.main.TestCaseMain$startTestSuite$0.call(Unknown Source)
	at TempTestSuite1649242622951.run(TempTestSuite1649242622951.groovy:39)
Caused by: org.openqa.selenium.WebDriverException: unknown error: cannot determine loading status
from target frame detached
  (Session info: chrome=99.0.4844.84)
Build info: version: '3.141.59', revision: 'e82be7d358', time: '2018-11-14T08:25:53'
System info: host: 'DESKTOP-IJBB9BE', ip: '192.168.1.2', os.name: 'Windows 10', os.arch: 'amd64', os.version: '10.0', java.version: '1.8.0_181'
Driver info: com.kms.katalon.selenium.driver.CChromeDriver
Capabilities {acceptInsecureCerts: false, browserName: chrome, browserVersion: 99.0.4844.84, chrome: {chromedriverVersion: 99.0.4844.51 (d537ec02474b5..., userDataDir: C:\Users\Lexoter\AppData\Lo...}, goog:chromeOptions: {debuggerAddress: localhost:8603}, javascriptEnabled: true, networkConnectionEnabled: false, pageLoadStrategy: normal, platform: WINDOWS, platformName: WINDOWS, proxy: Proxy(), setWindowRect: true, strictFileInteractability: false, timeouts: {implicit: 0, pageLoad: 300000, script: 30000}, unhandledPromptBehavior: dismiss and notify, webauthn:extension:credBlob: true, webauthn:extension:largeBlob: true, webauthn:virtualAuthenticators: true}
Session ID: f30b4a97990fe54611339ea01e0568d1
	at org.openqa.selenium.remote.http.W3CHttpResponseCodec.createException(W3CHttpResponseCodec.java:187)
	at org.openqa.selenium.remote.http.W3CHttpResponseCodec.decode(W3CHttpResponseCodec.java:122)
	at org.openqa.selenium.remote.http.W3CHttpResponseCodec.decode(W3CHttpResponseCodec.java:49)
	at org.openqa.selenium.remote.HttpCommandExecutor.execute(HttpCommandExecutor.java:158)
	at org.openqa.selenium.remote.service.DriverCommandExecutor.execute(DriverCommandExecutor.java:83)
	at org.openqa.selenium.remote.RemoteWebDriver.execute(RemoteWebDriver.java:552)
	at com.kms.katalon.selenium.driver.CChromeDriver.execute(CChromeDriver.java:19)
	at org.openqa.selenium.remote.RemoteWebElement.execute(RemoteWebElement.java:285)
	at org.openqa.selenium.remote.RemoteWebElement.click(RemoteWebElement.java:84)
	at org.openqa.selenium.support.events.EventFiringWebDriver$EventFiringWebElement.lambda$new$0(EventFiringWebDriver.java:404)
	at com.sun.proxy.$Proxy10.click(Unknown Source)
	at org.openqa.selenium.support.events.EventFiringWebDriver$EventFiringWebElement.click(EventFiringWebDriver.java:417)
	at com.kms.katalon.core.webui.keyword.builtin.ClickKeyword$_click_closure1.doCall(ClickKeyword.groovy:69)
	at com.kms.katalon.core.webui.keyword.builtin.ClickKeyword$_click_closure1.call(ClickKeyword.groovy)
	at com.kms.katalon.core.webui.keyword.internal.WebUIKeywordMain.runKeyword(WebUIKeywordMain.groovy:20)
	at com.kms.katalon.core.webui.keyword.builtin.ClickKeyword.click(ClickKeyword.groovy:76)
	at com.kms.katalon.core.webui.keyword.builtin.ClickKeyword.execute(ClickKeyword.groovy:43)
	at com.kms.katalon.core.keyword.internal.KeywordExecutor.executeKeywordForPlatform(KeywordExecutor.groovy:73)
	at com.kms.katalon.core.webui.keyword.WebUiBuiltInKeywords.click(WebUiBuiltInKeywords.groovy:617)
	at com.kms.katalon.core.webui.keyword.WebUiBuiltInKeywords$click$1.call(Unknown Source)
	at Script1620629493096.run(Script1620629493096.groovy:22)
	... 13 more
)

2022-04-06 19:21:50 - [MESSAGE][FAILED] - Unable to click on object 'Object Repository/Staging Objects/Page_diagnostics/a_REQUEST FOR QUOTATION' (Root cause: com.kms.katalon.core.exception.StepFailedException: Unable to click on object 'Object Repository/Staging Objects/Page_diagnostics/a_REQUEST FOR QUOTATION'
	at com.kms.katalon.core.webui.keyword.internal.WebUIKeywordMain.stepFailed(WebUIKeywordMain.groovy:64)
	at com.kms.katalon.core.webui.keyword.internal.WebUIKeywordMain.runKeyword(WebUIKeywordMain.groovy:26)
	at com.kms.katalon.core.webui.keyword.builtin.ClickKeyword.click(ClickKeyword.groovy:76)
	at com.kms.katalon.core.webui.keyword.builtin.ClickKeyword.execute(ClickKeyword.groovy:43)
	at com.kms.katalon.core.keyword.internal.KeywordExecutor.executeKeywordForPlatform(KeywordExecutor.groovy:73)
	at com.kms.katalon.core.webui.keyword.WebUiBuiltInKeywords.click(WebUiBuiltInKeywords.groovy:617)
	at com.kms.katalon.core.webui.keyword.WebUiBuiltInKeywords$click$1.call(Unknown Source)
	at TC_DETAILS_UI_049.run(TC_DETAILS_UI_049:22)
	at com.kms.katalon.core.main.ScriptEngine.run(ScriptEngine.java:194)
	at com.kms.katalon.core.main.ScriptEngine.runScriptAsRawText(ScriptEngine.java:119)
	at com.kms.katalon.core.main.TestCaseExecutor.runScript(TestCaseExecutor.java:339)
	at com.kms.katalon.core.main.TestCaseExecutor.doExecute(TestCaseExecutor.java:330)
	at com.kms.katalon.core.main.TestCaseExecutor.processExecutionPhase(TestCaseExecutor.java:309)
	at com.kms.katalon.core.main.TestCaseExecutor.accessMainPhase(TestCaseExecutor.java:301)
	at com.kms.katalon.core.main.TestCaseExecutor.execute(TestCaseExecutor.java:235)
	at com.kms.katalon.core.main.TestSuiteExecutor.accessTestCaseMainPhase(TestSuiteExecutor.java:191)
	at com.kms.katalon.core.main.TestSuiteExecutor.accessTestSuiteMainPhase(TestSuiteExecutor.java:141)
	at com.kms.katalon.core.main.TestSuiteExecutor.execute(TestSuiteExecutor.java:90)
	at com.kms.katalon.core.main.TestCaseMain.startTestSuite(TestCaseMain.java:157)
	at com.kms.katalon.core.main.TestCaseMain$startTestSuite$0.call(Unknown Source)
	at TempTestSuite1649242622951.run(TempTestSuite1649242622951.groovy:39)
Caused by: org.openqa.selenium.WebDriverException: unknown error: cannot determine loading status
from target frame detached
  (Session info: chrome=99.0.4844.84)
Build info: version: '3.141.59', revision: 'e82be7d358', time: '2018-11-14T08:25:53'
System info: host: 'DESKTOP-IJBB9BE', ip: '192.168.1.2', os.name: 'Windows 10', os.arch: 'amd64', os.version: '10.0', java.version: '1.8.0_181'
Driver info: com.kms.katalon.selenium.driver.CChromeDriver
Capabilities {acceptInsecureCerts: false, browserName: chrome, browserVersion: 99.0.4844.84, chrome: {chromedriverVersion: 99.0.4844.51 (d537ec02474b5..., userDataDir: C:\Users\Lexoter\AppData\Lo...}, goog:chromeOptions: {debuggerAddress: localhost:8603}, javascriptEnabled: true, networkConnectionEnabled: false, pageLoadStrategy: normal, platform: WINDOWS, platformName: WINDOWS, proxy: Proxy(), setWindowRect: true, strictFileInteractability: false, timeouts: {implicit: 0, pageLoad: 300000, script: 30000}, unhandledPromptBehavior: dismiss and notify, webauthn:extension:credBlob: true, webauthn:extension:largeBlob: true, webauthn:virtualAuthenticators: true}
Session ID: f30b4a97990fe54611339ea01e0568d1
	at org.openqa.selenium.remote.http.W3CHttpResponseCodec.createException(W3CHttpResponseCodec.java:187)
	at org.openqa.selenium.remote.http.W3CHttpResponseCodec.decode(W3CHttpResponseCodec.java:122)
	at org.openqa.selenium.remote.http.W3CHttpResponseCodec.decode(W3CHttpResponseCodec.java:49)
	at org.openqa.selenium.remote.HttpCommandExecutor.execute(HttpCommandExecutor.java:158)
	at org.openqa.selenium.remote.service.DriverCommandExecutor.execute(DriverCommandExecutor.java:83)
	at org.openqa.selenium.remote.RemoteWebDriver.execute(RemoteWebDriver.java:552)
	at com.kms.katalon.selenium.driver.CChromeDriver.execute(CChromeDriver.java:19)
	at org.openqa.selenium.remote.RemoteWebElement.execute(RemoteWebElement.java:285)
	at org.openqa.selenium.remote.RemoteWebElement.click(RemoteWebElement.java:84)
	at org.openqa.selenium.support.events.EventFiringWebDriver$EventFiringWebElement.lambda$new$0(EventFiringWebDriver.java:404)
	at com.sun.proxy.$Proxy10.click(Unknown Source)
	at org.openqa.selenium.support.events.EventFiringWebDriver$EventFiringWebElement.click(EventFiringWebDriver.java:417)
	at com.kms.katalon.core.webui.keyword.builtin.ClickKeyword$_click_closure1.doCall(ClickKeyword.groovy:69)
	at com.kms.katalon.core.webui.keyword.builtin.ClickKeyword$_click_closure1.call(ClickKeyword.groovy)
	at com.kms.katalon.core.webui.keyword.internal.WebUIKeywordMain.runKeyword(WebUIKeywordMain.groovy:20)
	at com.kms.katalon.core.webui.keyword.builtin.ClickKeyword.click(ClickKeyword.groovy:76)
	at com.kms.katalon.core.webui.keyword.builtin.ClickKeyword.execute(ClickKeyword.groovy:43)
	at com.kms.katalon.core.keyword.internal.KeywordExecutor.executeKeywordForPlatform(KeywordExecutor.groovy:73)
	at com.kms.katalon.core.webui.keyword.WebUiBuiltInKeywords.click(WebUiBuiltInKeywords.groovy:617)
	at com.kms.katalon.core.webui.keyword.WebUiBuiltInKeywords$click$1.call(Unknown Source)
	at Script1620629493096.run(Script1620629493096.groovy:22)
	... 13 more
)
[[ATTACHMENT|K:\\Work\\GitHub\\find-item-detail-test_v2\\Reports\\20220406_185701\\Item detail test\\20220406_185702\\1649244109884.png]]]]></system-out>
         <system-err><![CDATA[2022-04-06 19:21:36 - [TEST_CASE][FAILED] - Test Cases/Custom Item Details/TEST CASE/TC_DETAILS_UI_049: Test Cases/Custom Item Details/TEST CASE/TC_DETAILS_UI_049 FAILED.
Reason:
com.kms.katalon.core.exception.StepFailedException: Unable to click on object 'Object Repository/Staging Objects/Page_diagnostics/a_REQUEST FOR QUOTATION'
	at com.kms.katalon.core.webui.keyword.internal.WebUIKeywordMain.stepFailed(WebUIKeywordMain.groovy:64)
	at com.kms.katalon.core.webui.keyword.internal.WebUIKeywordMain.runKeyword(WebUIKeywordMain.groovy:26)
	at com.kms.katalon.core.webui.keyword.builtin.ClickKeyword.click(ClickKeyword.groovy:76)
	at com.kms.katalon.core.webui.keyword.builtin.ClickKeyword.execute(ClickKeyword.groovy:43)
	at com.kms.katalon.core.keyword.internal.KeywordExecutor.executeKeywordForPlatform(KeywordExecutor.groovy:73)
	at com.kms.katalon.core.webui.keyword.WebUiBuiltInKeywords.click(WebUiBuiltInKeywords.groovy:617)
	at com.kms.katalon.core.webui.keyword.WebUiBuiltInKeywords$click$1.call(Unknown Source)
	at TC_DETAILS_UI_049.run(TC_DETAILS_UI_049:22)
	at com.kms.katalon.core.main.ScriptEngine.run(ScriptEngine.java:194)
	at com.kms.katalon.core.main.ScriptEngine.runScriptAsRawText(ScriptEngine.java:119)
	at com.kms.katalon.core.main.TestCaseExecutor.runScript(TestCaseExecutor.java:339)
	at com.kms.katalon.core.main.TestCaseExecutor.doExecute(TestCaseExecutor.java:330)
	at com.kms.katalon.core.main.TestCaseExecutor.processExecutionPhase(TestCaseExecutor.java:309)
	at com.kms.katalon.core.main.TestCaseExecutor.accessMainPhase(TestCaseExecutor.java:301)
	at com.kms.katalon.core.main.TestCaseExecutor.execute(TestCaseExecutor.java:235)
	at com.kms.katalon.core.main.TestSuiteExecutor.accessTestCaseMainPhase(TestSuiteExecutor.java:191)
	at com.kms.katalon.core.main.TestSuiteExecutor.accessTestSuiteMainPhase(TestSuiteExecutor.java:141)
	at com.kms.katalon.core.main.TestSuiteExecutor.execute(TestSuiteExecutor.java:90)
	at com.kms.katalon.core.main.TestCaseMain.startTestSuite(TestCaseMain.java:157)
	at com.kms.katalon.core.main.TestCaseMain$startTestSuite$0.call(Unknown Source)
	at TempTestSuite1649242622951.run(TempTestSuite1649242622951.groovy:39)
Caused by: org.openqa.selenium.WebDriverException: unknown error: cannot determine loading status
from target frame detached
  (Session info: chrome=99.0.4844.84)
Build info: version: '3.141.59', revision: 'e82be7d358', time: '2018-11-14T08:25:53'
System info: host: 'DESKTOP-IJBB9BE', ip: '192.168.1.2', os.name: 'Windows 10', os.arch: 'amd64', os.version: '10.0', java.version: '1.8.0_181'
Driver info: com.kms.katalon.selenium.driver.CChromeDriver
Capabilities {acceptInsecureCerts: false, browserName: chrome, browserVersion: 99.0.4844.84, chrome: {chromedriverVersion: 99.0.4844.51 (d537ec02474b5..., userDataDir: C:\Users\Lexoter\AppData\Lo...}, goog:chromeOptions: {debuggerAddress: localhost:8603}, javascriptEnabled: true, networkConnectionEnabled: false, pageLoadStrategy: normal, platform: WINDOWS, platformName: WINDOWS, proxy: Proxy(), setWindowRect: true, strictFileInteractability: false, timeouts: {implicit: 0, pageLoad: 300000, script: 30000}, unhandledPromptBehavior: dismiss and notify, webauthn:extension:credBlob: true, webauthn:extension:largeBlob: true, webauthn:virtualAuthenticators: true}
Session ID: f30b4a97990fe54611339ea01e0568d1
	at org.openqa.selenium.remote.http.W3CHttpResponseCodec.createException(W3CHttpResponseCodec.java:187)
	at org.openqa.selenium.remote.http.W3CHttpResponseCodec.decode(W3CHttpResponseCodec.java:122)
	at org.openqa.selenium.remote.http.W3CHttpResponseCodec.decode(W3CHttpResponseCodec.java:49)
	at org.openqa.selenium.remote.HttpCommandExecutor.execute(HttpCommandExecutor.java:158)
	at org.openqa.selenium.remote.service.DriverCommandExecutor.execute(DriverCommandExecutor.java:83)
	at org.openqa.selenium.remote.RemoteWebDriver.execute(RemoteWebDriver.java:552)
	at com.kms.katalon.selenium.driver.CChromeDriver.execute(CChromeDriver.java:19)
	at org.openqa.selenium.remote.RemoteWebElement.execute(RemoteWebElement.java:285)
	at org.openqa.selenium.remote.RemoteWebElement.click(RemoteWebElement.java:84)
	at org.openqa.selenium.support.events.EventFiringWebDriver$EventFiringWebElement.lambda$new$0(EventFiringWebDriver.java:404)
	at com.sun.proxy.$Proxy10.click(Unknown Source)
	at org.openqa.selenium.support.events.EventFiringWebDriver$EventFiringWebElement.click(EventFiringWebDriver.java:417)
	at com.kms.katalon.core.webui.keyword.builtin.ClickKeyword$_click_closure1.doCall(ClickKeyword.groovy:69)
	at com.kms.katalon.core.webui.keyword.builtin.ClickKeyword$_click_closure1.call(ClickKeyword.groovy)
	at com.kms.katalon.core.webui.keyword.internal.WebUIKeywordMain.runKeyword(WebUIKeywordMain.groovy:20)
	... 19 more]]></system-err>
      </testcase>
      <system-out><![CDATA[2022-04-06 18:57:10 - [TEST_SUITE][FAILED] - Item detail test: Test Cases/Custom Item Details/TEST CASE/TC_DETAILS_UI_020 FAILED.
Reason:
com.kms.katalon.core.exception.StepFailedException: Unable to click on object 'Object Repository/Item Details Objects/Page_diagnostics/a_Procure_Directly_From_Seller'
	at com.kms.katalon.core.webui.keyword.internal.WebUIKeywordMain.stepFailed(WebUIKeywordMain.groovy:64)
	at com.kms.katalon.core.webui.keyword.internal.WebUIKeywordMain.runKeyword(WebUIKeywordMain.groovy:26)
	at com.kms.katalon.core.webui.keyword.builtin.ClickKeyword.click(ClickKeyword.groovy:76)
	at com.kms.katalon.core.webui.keyword.builtin.ClickKeyword.execute(ClickKeyword.groovy:43)
	at com.kms.katalon.core.keyword.internal.KeywordExecutor.executeKeywordForPlatform(KeywordExecutor.groovy:73)
	at com.kms.katalon.core.webui.keyword.WebUiBuiltInKeywords.click(WebUiBuiltInKeywords.groovy:617)
	at com.kms.katalon.core.webui.keyword.WebUiBuiltInKeywords$click$1.call(Unknown Source)
	at TC_DETAILS_UI_020.run(TC_DETAILS_UI_020:22)
	at com.kms.katalon.core.main.ScriptEngine.run(ScriptEngine.java:194)
	at com.kms.katalon.core.main.ScriptEngine.runScriptAsRawText(ScriptEngine.java:119)
	at com.kms.katalon.core.main.TestCaseExecutor.runScript(TestCaseExecutor.java:339)
	at com.kms.katalon.core.main.TestCaseExecutor.doExecute(TestCaseExecutor.java:330)
	at com.kms.katalon.core.main.TestCaseExecutor.processExecutionPhase(TestCaseExecutor.java:309)
	at com.kms.katalon.core.main.TestCaseExecutor.accessMainPhase(TestCaseExecutor.java:301)
	at com.kms.katalon.core.main.TestCaseExecutor.execute(TestCaseExecutor.java:235)
	at com.kms.katalon.core.main.TestSuiteExecutor.accessTestCaseMainPhase(TestSuiteExecutor.java:191)
	at com.kms.katalon.core.main.TestSuiteExecutor.accessTestSuiteMainPhase(TestSuiteExecutor.java:141)
	at com.kms.katalon.core.main.TestSuiteExecutor.execute(TestSuiteExecutor.java:90)
	at com.kms.katalon.core.main.TestCaseMain.startTestSuite(TestCaseMain.java:157)
	at com.kms.katalon.core.main.TestCaseMain$startTestSuite$0.call(Unknown Source)
	at TempTestSuite1649242622951.run(TempTestSuite1649242622951.groovy:39)
Caused by: org.openqa.selenium.WebDriverException: target frame detached
  (Session info: chrome=99.0.4844.84)
Build info: version: '3.141.59', revision: 'e82be7d358', time: '2018-11-14T08:25:53'
System info: host: 'DESKTOP-IJBB9BE', ip: '192.168.1.2', os.name: 'Windows 10', os.arch: 'amd64', os.version: '10.0', java.version: '1.8.0_181'
Driver info: com.kms.katalon.selenium.driver.CChromeDriver
Capabilities {acceptInsecureCerts: false, browserName: chrome, browserVersion: 99.0.4844.84, chrome: {chromedriverVersion: 99.0.4844.51 (d537ec02474b5..., userDataDir: C:\Users\Lexoter\AppData\Lo...}, goog:chromeOptions: {debuggerAddress: localhost:6530}, javascriptEnabled: true, networkConnectionEnabled: false, pageLoadStrategy: normal, platform: WINDOWS, platformName: WINDOWS, proxy: Proxy(), setWindowRect: true, strictFileInteractability: false, timeouts: {implicit: 0, pageLoad: 300000, script: 30000}, unhandledPromptBehavior: dismiss and notify, webauthn:extension:credBlob: true, webauthn:extension:largeBlob: true, webauthn:virtualAuthenticators: true}
Session ID: b68dda2777130fb2e7a36c8a34f76af1
	at org.openqa.selenium.remote.http.W3CHttpResponseCodec.createException(W3CHttpResponseCodec.java:187)
	at org.openqa.selenium.remote.http.W3CHttpResponseCodec.decode(W3CHttpResponseCodec.java:122)
	at org.openqa.selenium.remote.http.W3CHttpResponseCodec.decode(W3CHttpResponseCodec.java:49)
	at org.openqa.selenium.remote.HttpCommandExecutor.execute(HttpCommandExecutor.java:158)
	at org.openqa.selenium.remote.service.DriverCommandExecutor.execute(DriverCommandExecutor.java:83)
	at org.openqa.selenium.remote.RemoteWebDriver.execute(RemoteWebDriver.java:552)
	at com.kms.katalon.selenium.driver.CChromeDriver.execute(CChromeDriver.java:19)
	at org.openqa.selenium.remote.RemoteWebElement.execute(RemoteWebElement.java:285)
	at org.openqa.selenium.remote.RemoteWebElement.click(RemoteWebElement.java:84)
	at org.openqa.selenium.support.events.EventFiringWebDriver$EventFiringWebElement.lambda$new$0(EventFiringWebDriver.java:404)
	at com.sun.proxy.$Proxy10.click(Unknown Source)
	at org.openqa.selenium.support.events.EventFiringWebDriver$EventFiringWebElement.click(EventFiringWebDriver.java:417)
	at com.kms.katalon.core.webui.keyword.builtin.ClickKeyword$_click_closure1.doCall(ClickKeyword.groovy:69)
	at com.kms.katalon.core.webui.keyword.builtin.ClickKeyword$_click_closure1.call(ClickKeyword.groovy)
	at com.kms.katalon.core.webui.keyword.internal.WebUIKeywordMain.runKeyword(WebUIKeywordMain.groovy:20)
	... 19 more]]></system-out>
      <system-err><![CDATA[2022-04-06 18:57:10 - [TEST_SUITE][FAILED] - Item detail test: Test Cases/Custom Item Details/TEST CASE/TC_DETAILS_UI_020 FAILED.
Reason:
com.kms.katalon.core.exception.StepFailedException: Unable to click on object 'Object Repository/Item Details Objects/Page_diagnostics/a_Procure_Directly_From_Seller'
	at com.kms.katalon.core.webui.keyword.internal.WebUIKeywordMain.stepFailed(WebUIKeywordMain.groovy:64)
	at com.kms.katalon.core.webui.keyword.internal.WebUIKeywordMain.runKeyword(WebUIKeywordMain.groovy:26)
	at com.kms.katalon.core.webui.keyword.builtin.ClickKeyword.click(ClickKeyword.groovy:76)
	at com.kms.katalon.core.webui.keyword.builtin.ClickKeyword.execute(ClickKeyword.groovy:43)
	at com.kms.katalon.core.keyword.internal.KeywordExecutor.executeKeywordForPlatform(KeywordExecutor.groovy:73)
	at com.kms.katalon.core.webui.keyword.WebUiBuiltInKeywords.click(WebUiBuiltInKeywords.groovy:617)
	at com.kms.katalon.core.webui.keyword.WebUiBuiltInKeywords$click$1.call(Unknown Source)
	at TC_DETAILS_UI_020.run(TC_DETAILS_UI_020:22)
	at com.kms.katalon.core.main.ScriptEngine.run(ScriptEngine.java:194)
	at com.kms.katalon.core.main.ScriptEngine.runScriptAsRawText(ScriptEngine.java:119)
	at com.kms.katalon.core.main.TestCaseExecutor.runScript(TestCaseExecutor.java:339)
	at com.kms.katalon.core.main.TestCaseExecutor.doExecute(TestCaseExecutor.java:330)
	at com.kms.katalon.core.main.TestCaseExecutor.processExecutionPhase(TestCaseExecutor.java:309)
	at com.kms.katalon.core.main.TestCaseExecutor.accessMainPhase(TestCaseExecutor.java:301)
	at com.kms.katalon.core.main.TestCaseExecutor.execute(TestCaseExecutor.java:235)
	at com.kms.katalon.core.main.TestSuiteExecutor.accessTestCaseMainPhase(TestSuiteExecutor.java:191)
	at com.kms.katalon.core.main.TestSuiteExecutor.accessTestSuiteMainPhase(TestSuiteExecutor.java:141)
	at com.kms.katalon.core.main.TestSuiteExecutor.execute(TestSuiteExecutor.java:90)
	at com.kms.katalon.core.main.TestCaseMain.startTestSuite(TestCaseMain.java:157)
	at com.kms.katalon.core.main.TestCaseMain$startTestSuite$0.call(Unknown Source)
	at TempTestSuite1649242622951.run(TempTestSuite1649242622951.groovy:39)
Caused by: org.openqa.selenium.WebDriverException: target frame detached
  (Session info: chrome=99.0.4844.84)
Build info: version: '3.141.59', revision: 'e82be7d358', time: '2018-11-14T08:25:53'
System info: host: 'DESKTOP-IJBB9BE', ip: '192.168.1.2', os.name: 'Windows 10', os.arch: 'amd64', os.version: '10.0', java.version: '1.8.0_181'
Driver info: com.kms.katalon.selenium.driver.CChromeDriver
Capabilities {acceptInsecureCerts: false, browserName: chrome, browserVersion: 99.0.4844.84, chrome: {chromedriverVersion: 99.0.4844.51 (d537ec02474b5..., userDataDir: C:\Users\Lexoter\AppData\Lo...}, goog:chromeOptions: {debuggerAddress: localhost:6530}, javascriptEnabled: true, networkConnectionEnabled: false, pageLoadStrategy: normal, platform: WINDOWS, platformName: WINDOWS, proxy: Proxy(), setWindowRect: true, strictFileInteractability: false, timeouts: {implicit: 0, pageLoad: 300000, script: 30000}, unhandledPromptBehavior: dismiss and notify, webauthn:extension:credBlob: true, webauthn:extension:largeBlob: true, webauthn:virtualAuthenticators: true}
Session ID: b68dda2777130fb2e7a36c8a34f76af1
	at org.openqa.selenium.remote.http.W3CHttpResponseCodec.createException(W3CHttpResponseCodec.java:187)
	at org.openqa.selenium.remote.http.W3CHttpResponseCodec.decode(W3CHttpResponseCodec.java:122)
	at org.openqa.selenium.remote.http.W3CHttpResponseCodec.decode(W3CHttpResponseCodec.java:49)
	at org.openqa.selenium.remote.HttpCommandExecutor.execute(HttpCommandExecutor.java:158)
	at org.openqa.selenium.remote.service.DriverCommandExecutor.execute(DriverCommandExecutor.java:83)
	at org.openqa.selenium.remote.RemoteWebDriver.execute(RemoteWebDriver.java:552)
	at com.kms.katalon.selenium.driver.CChromeDriver.execute(CChromeDriver.java:19)
	at org.openqa.selenium.remote.RemoteWebElement.execute(RemoteWebElement.java:285)
	at org.openqa.selenium.remote.RemoteWebElement.click(RemoteWebElement.java:84)
	at org.openqa.selenium.support.events.EventFiringWebDriver$EventFiringWebElement.lambda$new$0(EventFiringWebDriver.java:404)
	at com.sun.proxy.$Proxy10.click(Unknown Source)
	at org.openqa.selenium.support.events.EventFiringWebDriver$EventFiringWebElement.click(EventFiringWebDriver.java:417)
	at com.kms.katalon.core.webui.keyword.builtin.ClickKeyword$_click_closure1.doCall(ClickKeyword.groovy:69)
	at com.kms.katalon.core.webui.keyword.builtin.ClickKeyword$_click_closure1.call(ClickKeyword.groovy)
	at com.kms.katalon.core.webui.keyword.internal.WebUIKeywordMain.runKeyword(WebUIKeywordMain.groovy:20)
	... 19 more]]></system-err>
   </testsuite>
</testsuites>
