<?xml version="1.0" encoding="UTF-8"?>
<testsuites name="Item detail test" time="2206.363" tests="43" failures="27" errors="0">
   <testsuite name="Item detail test" tests="43" failures="27" errors="0" time="2206.363" timestamp="2021-05-07 10:37:13" hostname="Lexoter - DESKTOP-IJBB9BE" id="Test Suites/Item detail test">
      <properties>
         <property name="deviceName" value=""/>
         <property name="devicePlatform" value=""/>
         <property name="logFolder" value="K:\\Work\\GitHub\\find-item-detail-test_v2\\Reports\\20210507_103700\\Item detail test\\20210507_103700"/>
         <property name="logFiles" value="K:\\Work\\GitHub\\find-item-detail-test_v2\\Reports\\20210507_103700\\Item detail test\\20210507_103700\\execution0.log"/>
         <property name="attachments" value="K:\\Work\\GitHub\\find-item-detail-test_v2\\Reports\\20210507_103700\\Item detail test\\20210507_103700\\1620355156285.png, K:\\Work\\GitHub\\find-item-detail-test_v2\\Reports\\20210507_103700\\Item detail test\\20210507_103700\\1620355156478.png, K:\\Work\\GitHub\\find-item-detail-test_v2\\Reports\\20210507_103700\\Item detail test\\20210507_103700\\1620355332535.png, K:\\Work\\GitHub\\find-item-detail-test_v2\\Reports\\20210507_103700\\Item detail test\\20210507_103700\\1620355332703.png, K:\\Work\\GitHub\\find-item-detail-test_v2\\Reports\\20210507_103700\\Item detail test\\20210507_103700\\1620355404189.png, K:\\Work\\GitHub\\find-item-detail-test_v2\\Reports\\20210507_103700\\Item detail test\\20210507_103700\\1620355404384.png, K:\\Work\\GitHub\\find-item-detail-test_v2\\Reports\\20210507_103700\\Item detail test\\20210507_103700\\1620355423169.png, K:\\Work\\GitHub\\find-item-detail-test_v2\\Reports\\20210507_103700\\Item detail test\\20210507_103700\\1620355423326.png, K:\\Work\\GitHub\\find-item-detail-test_v2\\Reports\\20210507_103700\\Item detail test\\20210507_103700\\1620355442230.png, K:\\Work\\GitHub\\find-item-detail-test_v2\\Reports\\20210507_103700\\Item detail test\\20210507_103700\\1620355442389.png, K:\\Work\\GitHub\\find-item-detail-test_v2\\Reports\\20210507_103700\\Item detail test\\20210507_103700\\1620355464983.png, K:\\Work\\GitHub\\find-item-detail-test_v2\\Reports\\20210507_103700\\Item detail test\\20210507_103700\\1620355465137.png, K:\\Work\\GitHub\\find-item-detail-test_v2\\Reports\\20210507_103700\\Item detail test\\20210507_103700\\1620355483724.png, K:\\Work\\GitHub\\find-item-detail-test_v2\\Reports\\20210507_103700\\Item detail test\\20210507_103700\\1620355483894.png, K:\\Work\\GitHub\\find-item-detail-test_v2\\Reports\\20210507_103700\\Item detail test\\20210507_103700\\1620355504446.png, K:\\Work\\GitHub\\find-item-detail-test_v2\\Reports\\20210507_103700\\Item detail test\\20210507_103700\\1620355504605.png, K:\\Work\\GitHub\\find-item-detail-test_v2\\Reports\\20210507_103700\\Item detail test\\20210507_103700\\1620355585571.png, K:\\Work\\GitHub\\find-item-detail-test_v2\\Reports\\20210507_103700\\Item detail test\\20210507_103700\\1620355585729.png, K:\\Work\\GitHub\\find-item-detail-test_v2\\Reports\\20210507_103700\\Item detail test\\20210507_103700\\1620355689773.png, K:\\Work\\GitHub\\find-item-detail-test_v2\\Reports\\20210507_103700\\Item detail test\\20210507_103700\\1620355750264.png, K:\\Work\\GitHub\\find-item-detail-test_v2\\Reports\\20210507_103700\\Item detail test\\20210507_103700\\1620355830051.png, K:\\Work\\GitHub\\find-item-detail-test_v2\\Reports\\20210507_103700\\Item detail test\\20210507_103700\\1620355830214.png, K:\\Work\\GitHub\\find-item-detail-test_v2\\Reports\\20210507_103700\\Item detail test\\20210507_103700\\1620355911877.png, K:\\Work\\GitHub\\find-item-detail-test_v2\\Reports\\20210507_103700\\Item detail test\\20210507_103700\\1620355912028.png, K:\\Work\\GitHub\\find-item-detail-test_v2\\Reports\\20210507_103700\\Item detail test\\20210507_103700\\1620356044193.png, K:\\Work\\GitHub\\find-item-detail-test_v2\\Reports\\20210507_103700\\Item detail test\\20210507_103700\\1620356044369.png, K:\\Work\\GitHub\\find-item-detail-test_v2\\Reports\\20210507_103700\\Item detail test\\20210507_103700\\1620356123563.png, K:\\Work\\GitHub\\find-item-detail-test_v2\\Reports\\20210507_103700\\Item detail test\\20210507_103700\\1620356123753.png, K:\\Work\\GitHub\\find-item-detail-test_v2\\Reports\\20210507_103700\\Item detail test\\20210507_103700\\1620356207799.png, K:\\Work\\GitHub\\find-item-detail-test_v2\\Reports\\20210507_103700\\Item detail test\\20210507_103700\\1620356207958.png, K:\\Work\\GitHub\\find-item-detail-test_v2\\Reports\\20210507_103700\\Item detail test\\20210507_103700\\1620356290771.png, K:\\Work\\GitHub\\find-item-detail-test_v2\\Reports\\20210507_103700\\Item detail test\\20210507_103700\\1620356290926.png, K:\\Work\\GitHub\\find-item-detail-test_v2\\Reports\\20210507_103700\\Item detail test\\20210507_103700\\1620356371646.png, K:\\Work\\GitHub\\find-item-detail-test_v2\\Reports\\20210507_103700\\Item detail test\\20210507_103700\\1620356371796.png, K:\\Work\\GitHub\\find-item-detail-test_v2\\Reports\\20210507_103700\\Item detail test\\20210507_103700\\1620356452001.png, K:\\Work\\GitHub\\find-item-detail-test_v2\\Reports\\20210507_103700\\Item detail test\\20210507_103700\\1620356452153.png, K:\\Work\\GitHub\\find-item-detail-test_v2\\Reports\\20210507_103700\\Item detail test\\20210507_103700\\1620356536875.png, K:\\Work\\GitHub\\find-item-detail-test_v2\\Reports\\20210507_103700\\Item detail test\\20210507_103700\\1620356537050.png, K:\\Work\\GitHub\\find-item-detail-test_v2\\Reports\\20210507_103700\\Item detail test\\20210507_103700\\1620356619891.png, K:\\Work\\GitHub\\find-item-detail-test_v2\\Reports\\20210507_103700\\Item detail test\\20210507_103700\\1620356620041.png, K:\\Work\\GitHub\\find-item-detail-test_v2\\Reports\\20210507_103700\\Item detail test\\20210507_103700\\1620356750309.png, K:\\Work\\GitHub\\find-item-detail-test_v2\\Reports\\20210507_103700\\Item detail test\\20210507_103700\\1620356750468.png, K:\\Work\\GitHub\\find-item-detail-test_v2\\Reports\\20210507_103700\\Item detail test\\20210507_103700\\1620356831150.png, K:\\Work\\GitHub\\find-item-detail-test_v2\\Reports\\20210507_103700\\Item detail test\\20210507_103700\\1620356831331.png, K:\\Work\\GitHub\\find-item-detail-test_v2\\Reports\\20210507_103700\\Item detail test\\20210507_103700\\1620356915722.png, K:\\Work\\GitHub\\find-item-detail-test_v2\\Reports\\20210507_103700\\Item detail test\\20210507_103700\\1620356915872.png, K:\\Work\\GitHub\\find-item-detail-test_v2\\Reports\\20210507_103700\\Item detail test\\20210507_103700\\1620356999693.png, K:\\Work\\GitHub\\find-item-detail-test_v2\\Reports\\20210507_103700\\Item detail test\\20210507_103700\\1620356999871.png, K:\\Work\\GitHub\\find-item-detail-test_v2\\Reports\\20210507_103700\\Item detail test\\20210507_103700\\1620357152576.png, K:\\Work\\GitHub\\find-item-detail-test_v2\\Reports\\20210507_103700\\Item detail test\\20210507_103700\\1620357236481.png, K:\\Work\\GitHub\\find-item-detail-test_v2\\Reports\\20210507_103700\\Item detail test\\20210507_103700\\1620357236639.png"/>
         <property name="hostName" value="Lexoter - DESKTOP-IJBB9BE"/>
         <property name="os" value="Windows 10 64bit"/>
         <property name="katalonVersion" value="7.7.0.205"/>
         <property name="browser" value="Chrome 90.0.4430.93"/>
         <property name="hostAddress" value="192.168.56.1"/>
         <property name="sessionId" value="d7b0e7add56d911e3e336798cce6a767"/>
         <property name="seleniumVersion" value="3.141.59"/>
         <property name="proxyInformation" value="ProxyInformation { proxyOption=NO_PROXY, proxyServerType=HTTP, username=, password=********, proxyServerAddress=, proxyServerPort=0, executionList=&quot;&quot;, isApplyToDesiredCapabilities=true }"/>
         <property name="platform" value="Windows 10"/>
      </properties>
      <testcase name="Test Cases/Custom Item Details/TEST CASE/TC_DETAILS_UI_001" time="24.225" classname="Test Cases/Custom Item Details/TEST CASE/TC_DETAILS_UI_001" status="PASSED">
         <system-out><![CDATA[2021-05-07 10:37:13 - [TEST_CASE][PASSED] - Test Cases/Custom Item Details/TEST CASE/TC_DETAILS_UI_001: Test Cases/Custom Item Details/TEST CASE/TC_DETAILS_UI_001

2021-05-07 10:37:13 - [TEST_STEP][PASSED] - callTestCase(findTestCase("Custom Item Details/UTILITIES/OPEN_BROWSER"), [:], STOP_ON_FAILURE): Call Test Case 'Test Cases/Custom Item Details/UTILITIES/OPEN_BROWSER' successfully

2021-05-07 10:37:13 - [TEST_CASE][PASSED] - Test Cases/Custom Item Details/UTILITIES/OPEN_BROWSER: Test Cases/Custom Item Details/UTILITIES/OPEN_BROWSER

2021-05-07 10:37:13 - [TEST_STEP][PASSED] - openBrowser("https://diagnostics.staging.arcadier.io/"): Browser is opened with url: 'https://diagnostics.staging.arcadier.io/'

2021-05-07 10:37:14 - [MESSAGE][INFO] - Starting 'Chrome' driver

2021-05-07 10:37:14 - [MESSAGE][INFO] - Action delay is set to 0 milliseconds

2021-05-07 10:37:26 - [MESSAGE][PASSED] - Browser is opened with url: 'https://diagnostics.staging.arcadier.io/'

2021-05-07 10:37:26 - [TEST_STEP][PASSED] - maximizeWindow(): Current window maximized

2021-05-07 10:37:26 - [MESSAGE][PASSED] - Current window maximized

2021-05-07 10:37:26 - [TEST_STEP][PASSED] - click(findTestObject("Item Details Objects/Page_diagnostics/a_Accept Cookies")): Object: 'Object Repository/Item Details Objects/Page_diagnostics/a_Accept Cookies' is clicked on

2021-05-07 10:37:27 - [MESSAGE][PASSED] - Object: 'Object Repository/Item Details Objects/Page_diagnostics/a_Accept Cookies' is clicked on

2021-05-07 10:37:27 - [TEST_STEP][PASSED] - click(findTestObject("Staging Objects/Page_diagnostics/a_COVID-19 DIAGNOSTICS"), STOP_ON_FAILURE): Object: 'Object Repository/Staging Objects/Page_diagnostics/a_COVID-19 DIAGNOSTICS' is clicked on

2021-05-07 10:37:30 - [MESSAGE][PASSED] - Object: 'Object Repository/Staging Objects/Page_diagnostics/a_COVID-19 DIAGNOSTICS' is clicked on

2021-05-07 10:37:30 - [TEST_STEP][PASSED] - mouseOver(findTestObject("Staging Objects/Page_diagnostics/a_STANDARD Q COVID-19 Ag Test")): Object: 'Object Repository/Staging Objects/Page_diagnostics/a_STANDARD Q COVID-19 Ag Test' is hovered

2021-05-07 10:37:32 - [MESSAGE][PASSED] - Object: 'Object Repository/Staging Objects/Page_diagnostics/a_STANDARD Q COVID-19 Ag Test' is hovered

2021-05-07 10:37:32 - [TEST_STEP][PASSED] - click(findTestObject("Staging Objects/Page_diagnostics/a_STANDARD Q COVID-19 Ag Test")): Object: 'Object Repository/Staging Objects/Page_diagnostics/a_STANDARD Q COVID-19 Ag Test' is clicked on

2021-05-07 10:37:34 - [MESSAGE][PASSED] - Object: 'Object Repository/Staging Objects/Page_diagnostics/a_STANDARD Q COVID-19 Ag Test' is clicked on

2021-05-07 10:37:34 - [MESSAGE][PASSED] - Call Test Case 'Test Cases/Custom Item Details/UTILITIES/OPEN_BROWSER' successfully

2021-05-07 10:37:34 - [TEST_STEP][PASSED] - waitForElementVisible(findTestObject("Item Details Objects/Page_diagnostics/div.item-details"), 0): Object 'Object Repository/Item Details Objects/Page_diagnostics/div.item-details' is visible

2021-05-07 10:37:34 - [MESSAGE][WARNING] - Timeout '0' is invalid. Using default page load timeout: '30'

2021-05-07 10:37:35 - [MESSAGE][PASSED] - Object 'Object Repository/Item Details Objects/Page_diagnostics/div.item-details' is visible

2021-05-07 10:37:35 - [TEST_STEP][PASSED] - callTestCase(findTestCase("Custom Item Details/UTILITIES/CLOSE_BROWSER"), [:], STOP_ON_FAILURE): Call Test Case 'Test Cases/Custom Item Details/UTILITIES/CLOSE_BROWSER' successfully

2021-05-07 10:37:35 - [TEST_CASE][PASSED] - Test Cases/Custom Item Details/UTILITIES/CLOSE_BROWSER: Test Cases/Custom Item Details/UTILITIES/CLOSE_BROWSER

2021-05-07 10:37:35 - [TEST_STEP][PASSED] - closeBrowser(): Browser is closed

2021-05-07 10:37:37 - [MESSAGE][PASSED] - Browser is closed

2021-05-07 10:37:37 - [MESSAGE][PASSED] - Call Test Case 'Test Cases/Custom Item Details/UTILITIES/CLOSE_BROWSER' successfully]]></system-out>
         <system-err><![CDATA[]]></system-err>
      </testcase>
      <testcase name="Test Cases/Custom Item Details/TEST CASE/TC_DETAILS_UI_002" time="22.331" classname="Test Cases/Custom Item Details/TEST CASE/TC_DETAILS_UI_002" status="PASSED">
         <system-out><![CDATA[2021-05-07 10:37:37 - [TEST_CASE][PASSED] - Test Cases/Custom Item Details/TEST CASE/TC_DETAILS_UI_002: Test Cases/Custom Item Details/TEST CASE/TC_DETAILS_UI_002

2021-05-07 10:37:37 - [TEST_STEP][PASSED] - callTestCase(findTestCase("Custom Item Details/UTILITIES/OPEN_BROWSER"), [:], STOP_ON_FAILURE): Call Test Case 'Test Cases/Custom Item Details/UTILITIES/OPEN_BROWSER' successfully

2021-05-07 10:37:37 - [TEST_CASE][PASSED] - Test Cases/Custom Item Details/UTILITIES/OPEN_BROWSER: Test Cases/Custom Item Details/UTILITIES/OPEN_BROWSER

2021-05-07 10:37:37 - [TEST_STEP][PASSED] - openBrowser("https://diagnostics.staging.arcadier.io/"): Browser is opened with url: 'https://diagnostics.staging.arcadier.io/'

2021-05-07 10:37:37 - [MESSAGE][INFO] - Starting 'Chrome' driver

2021-05-07 10:37:37 - [MESSAGE][INFO] - Action delay is set to 0 milliseconds

2021-05-07 10:37:50 - [MESSAGE][PASSED] - Browser is opened with url: 'https://diagnostics.staging.arcadier.io/'

2021-05-07 10:37:50 - [TEST_STEP][PASSED] - maximizeWindow(): Current window maximized

2021-05-07 10:37:50 - [MESSAGE][PASSED] - Current window maximized

2021-05-07 10:37:50 - [TEST_STEP][PASSED] - click(findTestObject("Item Details Objects/Page_diagnostics/a_Accept Cookies")): Object: 'Object Repository/Item Details Objects/Page_diagnostics/a_Accept Cookies' is clicked on

2021-05-07 10:37:51 - [MESSAGE][PASSED] - Object: 'Object Repository/Item Details Objects/Page_diagnostics/a_Accept Cookies' is clicked on

2021-05-07 10:37:51 - [TEST_STEP][PASSED] - click(findTestObject("Staging Objects/Page_diagnostics/a_COVID-19 DIAGNOSTICS"), STOP_ON_FAILURE): Object: 'Object Repository/Staging Objects/Page_diagnostics/a_COVID-19 DIAGNOSTICS' is clicked on

2021-05-07 10:37:53 - [MESSAGE][PASSED] - Object: 'Object Repository/Staging Objects/Page_diagnostics/a_COVID-19 DIAGNOSTICS' is clicked on

2021-05-07 10:37:53 - [TEST_STEP][PASSED] - mouseOver(findTestObject("Staging Objects/Page_diagnostics/a_STANDARD Q COVID-19 Ag Test")): Object: 'Object Repository/Staging Objects/Page_diagnostics/a_STANDARD Q COVID-19 Ag Test' is hovered

2021-05-07 10:37:54 - [MESSAGE][PASSED] - Object: 'Object Repository/Staging Objects/Page_diagnostics/a_STANDARD Q COVID-19 Ag Test' is hovered

2021-05-07 10:37:54 - [TEST_STEP][PASSED] - click(findTestObject("Staging Objects/Page_diagnostics/a_STANDARD Q COVID-19 Ag Test")): Object: 'Object Repository/Staging Objects/Page_diagnostics/a_STANDARD Q COVID-19 Ag Test' is clicked on

2021-05-07 10:37:58 - [MESSAGE][PASSED] - Object: 'Object Repository/Staging Objects/Page_diagnostics/a_STANDARD Q COVID-19 Ag Test' is clicked on

2021-05-07 10:37:58 - [MESSAGE][PASSED] - Call Test Case 'Test Cases/Custom Item Details/UTILITIES/OPEN_BROWSER' successfully

2021-05-07 10:37:58 - [TEST_STEP][PASSED] - waitForElementVisible(findTestObject("Item Details Objects/Page_diagnostics/div.item-detail-right"), 0): Object 'Object Repository/Item Details Objects/Page_diagnostics/div.item-detail-right' is visible

2021-05-07 10:37:58 - [MESSAGE][WARNING] - Timeout '0' is invalid. Using default page load timeout: '30'

2021-05-07 10:37:59 - [MESSAGE][PASSED] - Object 'Object Repository/Item Details Objects/Page_diagnostics/div.item-detail-right' is visible

2021-05-07 10:37:59 - [TEST_STEP][PASSED] - callTestCase(findTestCase("Custom Item Details/UTILITIES/CLOSE_BROWSER"), [:], STOP_ON_FAILURE): Call Test Case 'Test Cases/Custom Item Details/UTILITIES/CLOSE_BROWSER' successfully

2021-05-07 10:37:59 - [TEST_CASE][PASSED] - Test Cases/Custom Item Details/UTILITIES/CLOSE_BROWSER: Test Cases/Custom Item Details/UTILITIES/CLOSE_BROWSER

2021-05-07 10:37:59 - [TEST_STEP][PASSED] - closeBrowser(): Browser is closed

2021-05-07 10:37:59 - [MESSAGE][PASSED] - Browser is closed

2021-05-07 10:37:59 - [MESSAGE][PASSED] - Call Test Case 'Test Cases/Custom Item Details/UTILITIES/CLOSE_BROWSER' successfully]]></system-out>
         <system-err><![CDATA[]]></system-err>
      </testcase>
      <testcase name="Test Cases/Custom Item Details/TEST CASE/TC_DETAILS_UI_003" time="17.904" classname="Test Cases/Custom Item Details/TEST CASE/TC_DETAILS_UI_003" status="PASSED">
         <system-out><![CDATA[2021-05-07 10:37:59 - [TEST_CASE][PASSED] - Test Cases/Custom Item Details/TEST CASE/TC_DETAILS_UI_003: Test Cases/Custom Item Details/TEST CASE/TC_DETAILS_UI_003

2021-05-07 10:38:00 - [TEST_STEP][PASSED] - callTestCase(findTestCase("Custom Item Details/UTILITIES/OPEN_BROWSER"), [:], STOP_ON_FAILURE): Call Test Case 'Test Cases/Custom Item Details/UTILITIES/OPEN_BROWSER' successfully

2021-05-07 10:38:00 - [TEST_CASE][PASSED] - Test Cases/Custom Item Details/UTILITIES/OPEN_BROWSER: Test Cases/Custom Item Details/UTILITIES/OPEN_BROWSER

2021-05-07 10:38:00 - [TEST_STEP][PASSED] - openBrowser("https://diagnostics.staging.arcadier.io/"): Browser is opened with url: 'https://diagnostics.staging.arcadier.io/'

2021-05-07 10:38:00 - [MESSAGE][INFO] - Starting 'Chrome' driver

2021-05-07 10:38:00 - [MESSAGE][INFO] - Action delay is set to 0 milliseconds

2021-05-07 10:38:10 - [MESSAGE][PASSED] - Browser is opened with url: 'https://diagnostics.staging.arcadier.io/'

2021-05-07 10:38:10 - [TEST_STEP][PASSED] - maximizeWindow(): Current window maximized

2021-05-07 10:38:10 - [MESSAGE][PASSED] - Current window maximized

2021-05-07 10:38:10 - [TEST_STEP][PASSED] - click(findTestObject("Item Details Objects/Page_diagnostics/a_Accept Cookies")): Object: 'Object Repository/Item Details Objects/Page_diagnostics/a_Accept Cookies' is clicked on

2021-05-07 10:38:10 - [MESSAGE][PASSED] - Object: 'Object Repository/Item Details Objects/Page_diagnostics/a_Accept Cookies' is clicked on

2021-05-07 10:38:10 - [TEST_STEP][PASSED] - click(findTestObject("Staging Objects/Page_diagnostics/a_COVID-19 DIAGNOSTICS"), STOP_ON_FAILURE): Object: 'Object Repository/Staging Objects/Page_diagnostics/a_COVID-19 DIAGNOSTICS' is clicked on

2021-05-07 10:38:12 - [MESSAGE][PASSED] - Object: 'Object Repository/Staging Objects/Page_diagnostics/a_COVID-19 DIAGNOSTICS' is clicked on

2021-05-07 10:38:12 - [TEST_STEP][PASSED] - mouseOver(findTestObject("Staging Objects/Page_diagnostics/a_STANDARD Q COVID-19 Ag Test")): Object: 'Object Repository/Staging Objects/Page_diagnostics/a_STANDARD Q COVID-19 Ag Test' is hovered

2021-05-07 10:38:13 - [MESSAGE][PASSED] - Object: 'Object Repository/Staging Objects/Page_diagnostics/a_STANDARD Q COVID-19 Ag Test' is hovered

2021-05-07 10:38:13 - [TEST_STEP][PASSED] - click(findTestObject("Staging Objects/Page_diagnostics/a_STANDARD Q COVID-19 Ag Test")): Object: 'Object Repository/Staging Objects/Page_diagnostics/a_STANDARD Q COVID-19 Ag Test' is clicked on

2021-05-07 10:38:15 - [MESSAGE][PASSED] - Object: 'Object Repository/Staging Objects/Page_diagnostics/a_STANDARD Q COVID-19 Ag Test' is clicked on

2021-05-07 10:38:15 - [MESSAGE][PASSED] - Call Test Case 'Test Cases/Custom Item Details/UTILITIES/OPEN_BROWSER' successfully

2021-05-07 10:38:15 - [TEST_STEP][PASSED] - waitForElementVisible(findTestObject("Item Details Objects/Page_diagnostics/img.Item"), 0): Object 'Object Repository/Item Details Objects/Page_diagnostics/img.Item' is visible

2021-05-07 10:38:15 - [MESSAGE][WARNING] - Timeout '0' is invalid. Using default page load timeout: '30'

2021-05-07 10:38:17 - [MESSAGE][PASSED] - Object 'Object Repository/Item Details Objects/Page_diagnostics/img.Item' is visible

2021-05-07 10:38:17 - [TEST_STEP][PASSED] - callTestCase(findTestCase("Custom Item Details/UTILITIES/CLOSE_BROWSER"), [:], STOP_ON_FAILURE): Call Test Case 'Test Cases/Custom Item Details/UTILITIES/CLOSE_BROWSER' successfully

2021-05-07 10:38:17 - [TEST_CASE][PASSED] - Test Cases/Custom Item Details/UTILITIES/CLOSE_BROWSER: Test Cases/Custom Item Details/UTILITIES/CLOSE_BROWSER

2021-05-07 10:38:17 - [TEST_STEP][PASSED] - closeBrowser(): Browser is closed

2021-05-07 10:38:17 - [MESSAGE][PASSED] - Browser is closed

2021-05-07 10:38:17 - [MESSAGE][PASSED] - Call Test Case 'Test Cases/Custom Item Details/UTILITIES/CLOSE_BROWSER' successfully]]></system-out>
         <system-err><![CDATA[]]></system-err>
      </testcase>
      <testcase name="Test Cases/Custom Item Details/TEST CASE/TC_DETAILS_UI_004" time="21.316" classname="Test Cases/Custom Item Details/TEST CASE/TC_DETAILS_UI_004" status="PASSED">
         <system-out><![CDATA[2021-05-07 10:38:17 - [TEST_CASE][PASSED] - Test Cases/Custom Item Details/TEST CASE/TC_DETAILS_UI_004: Test Cases/Custom Item Details/TEST CASE/TC_DETAILS_UI_004

2021-05-07 10:38:17 - [TEST_STEP][PASSED] - callTestCase(findTestCase("Custom Item Details/UTILITIES/OPEN_BROWSER"), [:], STOP_ON_FAILURE): Call Test Case 'Test Cases/Custom Item Details/UTILITIES/OPEN_BROWSER' successfully

2021-05-07 10:38:17 - [TEST_CASE][PASSED] - Test Cases/Custom Item Details/UTILITIES/OPEN_BROWSER: Test Cases/Custom Item Details/UTILITIES/OPEN_BROWSER

2021-05-07 10:38:17 - [TEST_STEP][PASSED] - openBrowser("https://diagnostics.staging.arcadier.io/"): Browser is opened with url: 'https://diagnostics.staging.arcadier.io/'

2021-05-07 10:38:17 - [MESSAGE][INFO] - Starting 'Chrome' driver

2021-05-07 10:38:17 - [MESSAGE][INFO] - Action delay is set to 0 milliseconds

2021-05-07 10:38:28 - [MESSAGE][PASSED] - Browser is opened with url: 'https://diagnostics.staging.arcadier.io/'

2021-05-07 10:38:28 - [TEST_STEP][PASSED] - maximizeWindow(): Current window maximized

2021-05-07 10:38:28 - [MESSAGE][PASSED] - Current window maximized

2021-05-07 10:38:28 - [TEST_STEP][PASSED] - click(findTestObject("Item Details Objects/Page_diagnostics/a_Accept Cookies")): Object: 'Object Repository/Item Details Objects/Page_diagnostics/a_Accept Cookies' is clicked on

2021-05-07 10:38:29 - [MESSAGE][PASSED] - Object: 'Object Repository/Item Details Objects/Page_diagnostics/a_Accept Cookies' is clicked on

2021-05-07 10:38:29 - [TEST_STEP][PASSED] - click(findTestObject("Staging Objects/Page_diagnostics/a_COVID-19 DIAGNOSTICS"), STOP_ON_FAILURE): Object: 'Object Repository/Staging Objects/Page_diagnostics/a_COVID-19 DIAGNOSTICS' is clicked on

2021-05-07 10:38:31 - [MESSAGE][PASSED] - Object: 'Object Repository/Staging Objects/Page_diagnostics/a_COVID-19 DIAGNOSTICS' is clicked on

2021-05-07 10:38:31 - [TEST_STEP][PASSED] - mouseOver(findTestObject("Staging Objects/Page_diagnostics/a_STANDARD Q COVID-19 Ag Test")): Object: 'Object Repository/Staging Objects/Page_diagnostics/a_STANDARD Q COVID-19 Ag Test' is hovered

2021-05-07 10:38:32 - [MESSAGE][PASSED] - Object: 'Object Repository/Staging Objects/Page_diagnostics/a_STANDARD Q COVID-19 Ag Test' is hovered

2021-05-07 10:38:32 - [TEST_STEP][PASSED] - click(findTestObject("Staging Objects/Page_diagnostics/a_STANDARD Q COVID-19 Ag Test")): Object: 'Object Repository/Staging Objects/Page_diagnostics/a_STANDARD Q COVID-19 Ag Test' is clicked on

2021-05-07 10:38:37 - [MESSAGE][PASSED] - Object: 'Object Repository/Staging Objects/Page_diagnostics/a_STANDARD Q COVID-19 Ag Test' is clicked on

2021-05-07 10:38:37 - [MESSAGE][PASSED] - Call Test Case 'Test Cases/Custom Item Details/UTILITIES/OPEN_BROWSER' successfully

2021-05-07 10:38:37 - [TEST_STEP][PASSED] - waitForElementVisible(findTestObject("Item Details Objects/Page_diagnostics/div.merchant-name2"), 0): Object 'Object Repository/Item Details Objects/Page_diagnostics/div.merchant-name2' is visible

2021-05-07 10:38:37 - [MESSAGE][WARNING] - Timeout '0' is invalid. Using default page load timeout: '30'

2021-05-07 10:38:38 - [MESSAGE][PASSED] - Object 'Object Repository/Item Details Objects/Page_diagnostics/div.merchant-name2' is visible

2021-05-07 10:38:38 - [TEST_STEP][PASSED] - callTestCase(findTestCase("Custom Item Details/UTILITIES/CLOSE_BROWSER"), [:], STOP_ON_FAILURE): Call Test Case 'Test Cases/Custom Item Details/UTILITIES/CLOSE_BROWSER' successfully

2021-05-07 10:38:38 - [TEST_CASE][PASSED] - Test Cases/Custom Item Details/UTILITIES/CLOSE_BROWSER: Test Cases/Custom Item Details/UTILITIES/CLOSE_BROWSER

2021-05-07 10:38:38 - [TEST_STEP][PASSED] - closeBrowser(): Browser is closed

2021-05-07 10:38:39 - [MESSAGE][PASSED] - Browser is closed

2021-05-07 10:38:39 - [MESSAGE][PASSED] - Call Test Case 'Test Cases/Custom Item Details/UTILITIES/CLOSE_BROWSER' successfully]]></system-out>
         <system-err><![CDATA[]]></system-err>
      </testcase>
      <testcase name="Test Cases/Custom Item Details/TEST CASE/TC_DETAILS_UI_005" time="18.099" classname="Test Cases/Custom Item Details/TEST CASE/TC_DETAILS_UI_005" status="PASSED">
         <system-out><![CDATA[2021-05-07 10:38:39 - [TEST_CASE][PASSED] - Test Cases/Custom Item Details/TEST CASE/TC_DETAILS_UI_005: Test Cases/Custom Item Details/TEST CASE/TC_DETAILS_UI_005

2021-05-07 10:38:39 - [TEST_STEP][PASSED] - callTestCase(findTestCase("Custom Item Details/UTILITIES/OPEN_BROWSER"), [:], STOP_ON_FAILURE): Call Test Case 'Test Cases/Custom Item Details/UTILITIES/OPEN_BROWSER' successfully

2021-05-07 10:38:39 - [TEST_CASE][PASSED] - Test Cases/Custom Item Details/UTILITIES/OPEN_BROWSER: Test Cases/Custom Item Details/UTILITIES/OPEN_BROWSER

2021-05-07 10:38:39 - [TEST_STEP][PASSED] - openBrowser("https://diagnostics.staging.arcadier.io/"): Browser is opened with url: 'https://diagnostics.staging.arcadier.io/'

2021-05-07 10:38:39 - [MESSAGE][INFO] - Starting 'Chrome' driver

2021-05-07 10:38:39 - [MESSAGE][INFO] - Action delay is set to 0 milliseconds

2021-05-07 10:38:49 - [MESSAGE][PASSED] - Browser is opened with url: 'https://diagnostics.staging.arcadier.io/'

2021-05-07 10:38:49 - [TEST_STEP][PASSED] - maximizeWindow(): Current window maximized

2021-05-07 10:38:49 - [MESSAGE][PASSED] - Current window maximized

2021-05-07 10:38:49 - [TEST_STEP][PASSED] - click(findTestObject("Item Details Objects/Page_diagnostics/a_Accept Cookies")): Object: 'Object Repository/Item Details Objects/Page_diagnostics/a_Accept Cookies' is clicked on

2021-05-07 10:38:49 - [MESSAGE][PASSED] - Object: 'Object Repository/Item Details Objects/Page_diagnostics/a_Accept Cookies' is clicked on

2021-05-07 10:38:49 - [TEST_STEP][PASSED] - click(findTestObject("Staging Objects/Page_diagnostics/a_COVID-19 DIAGNOSTICS"), STOP_ON_FAILURE): Object: 'Object Repository/Staging Objects/Page_diagnostics/a_COVID-19 DIAGNOSTICS' is clicked on

2021-05-07 10:38:51 - [MESSAGE][PASSED] - Object: 'Object Repository/Staging Objects/Page_diagnostics/a_COVID-19 DIAGNOSTICS' is clicked on

2021-05-07 10:38:51 - [TEST_STEP][PASSED] - mouseOver(findTestObject("Staging Objects/Page_diagnostics/a_STANDARD Q COVID-19 Ag Test")): Object: 'Object Repository/Staging Objects/Page_diagnostics/a_STANDARD Q COVID-19 Ag Test' is hovered

2021-05-07 10:38:52 - [MESSAGE][PASSED] - Object: 'Object Repository/Staging Objects/Page_diagnostics/a_STANDARD Q COVID-19 Ag Test' is hovered

2021-05-07 10:38:52 - [TEST_STEP][PASSED] - click(findTestObject("Staging Objects/Page_diagnostics/a_STANDARD Q COVID-19 Ag Test")): Object: 'Object Repository/Staging Objects/Page_diagnostics/a_STANDARD Q COVID-19 Ag Test' is clicked on

2021-05-07 10:38:54 - [MESSAGE][PASSED] - Object: 'Object Repository/Staging Objects/Page_diagnostics/a_STANDARD Q COVID-19 Ag Test' is clicked on

2021-05-07 10:38:54 - [MESSAGE][PASSED] - Call Test Case 'Test Cases/Custom Item Details/UTILITIES/OPEN_BROWSER' successfully

2021-05-07 10:38:54 - [TEST_STEP][PASSED] - waitForElementVisible(findTestObject("Item Details Objects/Page_diagnostics/Merchant_name"), 0): Object 'Object Repository/Item Details Objects/Page_diagnostics/Merchant_name' is visible

2021-05-07 10:38:54 - [MESSAGE][WARNING] - Timeout '0' is invalid. Using default page load timeout: '30'

2021-05-07 10:38:56 - [MESSAGE][PASSED] - Object 'Object Repository/Item Details Objects/Page_diagnostics/Merchant_name' is visible

2021-05-07 10:38:56 - [TEST_STEP][PASSED] - verifyElementClickable(findTestObject("Item Details Objects/Page_diagnostics/Merchant_name")): Object 'Object Repository/Item Details Objects/Page_diagnostics/Merchant_name' is clickable

2021-05-07 10:38:56 - [MESSAGE][PASSED] - Object 'Object Repository/Item Details Objects/Page_diagnostics/Merchant_name' is clickable

2021-05-07 10:38:56 - [TEST_STEP][PASSED] - callTestCase(findTestCase("Custom Item Details/UTILITIES/CLOSE_BROWSER"), [:], STOP_ON_FAILURE): Call Test Case 'Test Cases/Custom Item Details/UTILITIES/CLOSE_BROWSER' successfully

2021-05-07 10:38:56 - [TEST_CASE][PASSED] - Test Cases/Custom Item Details/UTILITIES/CLOSE_BROWSER: Test Cases/Custom Item Details/UTILITIES/CLOSE_BROWSER

2021-05-07 10:38:56 - [TEST_STEP][PASSED] - closeBrowser(): Browser is closed

2021-05-07 10:38:57 - [MESSAGE][PASSED] - Browser is closed

2021-05-07 10:38:57 - [MESSAGE][PASSED] - Call Test Case 'Test Cases/Custom Item Details/UTILITIES/CLOSE_BROWSER' successfully]]></system-out>
         <system-err><![CDATA[]]></system-err>
      </testcase>
      <testcase name="Test Cases/Custom Item Details/TEST CASE/TC_DETAILS_UI_006" time="19.477" classname="Test Cases/Custom Item Details/TEST CASE/TC_DETAILS_UI_006" status="FAILED">
         <failure type="FAILED" message="Test Cases/Custom Item Details/TEST CASE/TC_DETAILS_UI_006 FAILED.
Reason:
com.kms.katalon.core.exception.StepFailedException: Verify element text of test object 'Object Repository/Item Details Objects/Page_diagnostics/a_Contact_seller_btn' FAILED.
	at com.kms.katalon.core.webui.keyword.internal.WebUIKeywordMain.stepFailed(WebUIKeywordMain.groovy:64)
	at com.kms.katalon.core.webui.keyword.internal.WebUIKeywordMain.runKeyword(WebUIKeywordMain.groovy:26)
	at com.kms.katalon.core.webui.keyword.builtin.VerifyElementTextKeyword.verifyElementText(VerifyElementTextKeyword.groovy:72)
	at com.kms.katalon.core.webui.keyword.builtin.VerifyElementTextKeyword.execute(VerifyElementTextKeyword.groovy:40)
	at com.kms.katalon.core.keyword.internal.KeywordExecutor.executeKeywordForPlatform(KeywordExecutor.groovy:73)
	at com.kms.katalon.core.webui.keyword.WebUiBuiltInKeywords.verifyElementText(WebUiBuiltInKeywords.groovy:4120)
	at com.kms.katalon.core.webui.keyword.WebUiBuiltInKeywords$verifyElementText$7.call(Unknown Source)
	at TC_DETAILS_UI_006.run(TC_DETAILS_UI_006:24)
	at com.kms.katalon.core.main.ScriptEngine.run(ScriptEngine.java:194)
	at com.kms.katalon.core.main.ScriptEngine.runScriptAsRawText(ScriptEngine.java:119)
	at com.kms.katalon.core.main.TestCaseExecutor.runScript(TestCaseExecutor.java:339)
	at com.kms.katalon.core.main.TestCaseExecutor.doExecute(TestCaseExecutor.java:330)
	at com.kms.katalon.core.main.TestCaseExecutor.processExecutionPhase(TestCaseExecutor.java:309)
	at com.kms.katalon.core.main.TestCaseExecutor.accessMainPhase(TestCaseExecutor.java:301)
	at com.kms.katalon.core.main.TestCaseExecutor.execute(TestCaseExecutor.java:235)
	at com.kms.katalon.core.main.TestSuiteExecutor.accessTestCaseMainPhase(TestSuiteExecutor.java:191)
	at com.kms.katalon.core.main.TestSuiteExecutor.accessTestSuiteMainPhase(TestSuiteExecutor.java:141)
	at com.kms.katalon.core.main.TestSuiteExecutor.execute(TestSuiteExecutor.java:90)
	at com.kms.katalon.core.main.TestCaseMain.startTestSuite(TestCaseMain.java:157)
	at com.kms.katalon.core.main.TestCaseMain$startTestSuite$0.call(Unknown Source)
	at TempTestSuite1620355020148.run(TempTestSuite1620355020148.groovy:39)
Caused by: com.kms.katalon.core.exception.StepFailedException: Actual text 'ASK THE SELLER' and expected text 'CONTACT SELLER' of test object 'Object Repository/Item Details Objects/Page_diagnostics/a_Contact_seller_btn' are NOT matched.
	at com.kms.katalon.core.webui.keyword.internal.WebUIKeywordMain.stepFailed(WebUIKeywordMain.groovy:64)
	at com.kms.katalon.core.webui.keyword.builtin.VerifyElementTextKeyword$_verifyElementText_closure1.doCall(VerifyElementTextKeyword.groovy:57)
	at com.kms.katalon.core.webui.keyword.builtin.VerifyElementTextKeyword$_verifyElementText_closure1.call(VerifyElementTextKeyword.groovy)
	at com.kms.katalon.core.webui.keyword.internal.WebUIKeywordMain.runKeyword(WebUIKeywordMain.groovy:20)
	... 19 more
"/>
         <system-out><![CDATA[2021-05-07 10:38:57 - [TEST_CASE][FAILED] - Test Cases/Custom Item Details/TEST CASE/TC_DETAILS_UI_006: Test Cases/Custom Item Details/TEST CASE/TC_DETAILS_UI_006 FAILED.
Reason:
com.kms.katalon.core.exception.StepFailedException: Verify element text of test object 'Object Repository/Item Details Objects/Page_diagnostics/a_Contact_seller_btn' FAILED.
	at com.kms.katalon.core.webui.keyword.internal.WebUIKeywordMain.stepFailed(WebUIKeywordMain.groovy:64)
	at com.kms.katalon.core.webui.keyword.internal.WebUIKeywordMain.runKeyword(WebUIKeywordMain.groovy:26)
	at com.kms.katalon.core.webui.keyword.builtin.VerifyElementTextKeyword.verifyElementText(VerifyElementTextKeyword.groovy:72)
	at com.kms.katalon.core.webui.keyword.builtin.VerifyElementTextKeyword.execute(VerifyElementTextKeyword.groovy:40)
	at com.kms.katalon.core.keyword.internal.KeywordExecutor.executeKeywordForPlatform(KeywordExecutor.groovy:73)
	at com.kms.katalon.core.webui.keyword.WebUiBuiltInKeywords.verifyElementText(WebUiBuiltInKeywords.groovy:4120)
	at com.kms.katalon.core.webui.keyword.WebUiBuiltInKeywords$verifyElementText$7.call(Unknown Source)
	at TC_DETAILS_UI_006.run(TC_DETAILS_UI_006:24)
	at com.kms.katalon.core.main.ScriptEngine.run(ScriptEngine.java:194)
	at com.kms.katalon.core.main.ScriptEngine.runScriptAsRawText(ScriptEngine.java:119)
	at com.kms.katalon.core.main.TestCaseExecutor.runScript(TestCaseExecutor.java:339)
	at com.kms.katalon.core.main.TestCaseExecutor.doExecute(TestCaseExecutor.java:330)
	at com.kms.katalon.core.main.TestCaseExecutor.processExecutionPhase(TestCaseExecutor.java:309)
	at com.kms.katalon.core.main.TestCaseExecutor.accessMainPhase(TestCaseExecutor.java:301)
	at com.kms.katalon.core.main.TestCaseExecutor.execute(TestCaseExecutor.java:235)
	at com.kms.katalon.core.main.TestSuiteExecutor.accessTestCaseMainPhase(TestSuiteExecutor.java:191)
	at com.kms.katalon.core.main.TestSuiteExecutor.accessTestSuiteMainPhase(TestSuiteExecutor.java:141)
	at com.kms.katalon.core.main.TestSuiteExecutor.execute(TestSuiteExecutor.java:90)
	at com.kms.katalon.core.main.TestCaseMain.startTestSuite(TestCaseMain.java:157)
	at com.kms.katalon.core.main.TestCaseMain$startTestSuite$0.call(Unknown Source)
	at TempTestSuite1620355020148.run(TempTestSuite1620355020148.groovy:39)
Caused by: com.kms.katalon.core.exception.StepFailedException: Actual text 'ASK THE SELLER' and expected text 'CONTACT SELLER' of test object 'Object Repository/Item Details Objects/Page_diagnostics/a_Contact_seller_btn' are NOT matched.
	at com.kms.katalon.core.webui.keyword.internal.WebUIKeywordMain.stepFailed(WebUIKeywordMain.groovy:64)
	at com.kms.katalon.core.webui.keyword.builtin.VerifyElementTextKeyword$_verifyElementText_closure1.doCall(VerifyElementTextKeyword.groovy:57)
	at com.kms.katalon.core.webui.keyword.builtin.VerifyElementTextKeyword$_verifyElementText_closure1.call(VerifyElementTextKeyword.groovy)
	at com.kms.katalon.core.webui.keyword.internal.WebUIKeywordMain.runKeyword(WebUIKeywordMain.groovy:20)
	... 19 more


2021-05-07 10:38:57 - [TEST_STEP][PASSED] - callTestCase(findTestCase("Custom Item Details/UTILITIES/OPEN_BROWSER"), [:], STOP_ON_FAILURE): Call Test Case 'Test Cases/Custom Item Details/UTILITIES/OPEN_BROWSER' successfully

2021-05-07 10:38:57 - [TEST_CASE][PASSED] - Test Cases/Custom Item Details/UTILITIES/OPEN_BROWSER: Test Cases/Custom Item Details/UTILITIES/OPEN_BROWSER

2021-05-07 10:38:57 - [TEST_STEP][PASSED] - openBrowser("https://diagnostics.staging.arcadier.io/"): Browser is opened with url: 'https://diagnostics.staging.arcadier.io/'

2021-05-07 10:38:57 - [MESSAGE][INFO] - Starting 'Chrome' driver

2021-05-07 10:38:57 - [MESSAGE][INFO] - Action delay is set to 0 milliseconds

2021-05-07 10:39:09 - [MESSAGE][PASSED] - Browser is opened with url: 'https://diagnostics.staging.arcadier.io/'

2021-05-07 10:39:09 - [TEST_STEP][PASSED] - maximizeWindow(): Current window maximized

2021-05-07 10:39:09 - [MESSAGE][PASSED] - Current window maximized

2021-05-07 10:39:09 - [TEST_STEP][PASSED] - click(findTestObject("Item Details Objects/Page_diagnostics/a_Accept Cookies")): Object: 'Object Repository/Item Details Objects/Page_diagnostics/a_Accept Cookies' is clicked on

2021-05-07 10:39:09 - [MESSAGE][PASSED] - Object: 'Object Repository/Item Details Objects/Page_diagnostics/a_Accept Cookies' is clicked on

2021-05-07 10:39:09 - [TEST_STEP][PASSED] - click(findTestObject("Staging Objects/Page_diagnostics/a_COVID-19 DIAGNOSTICS"), STOP_ON_FAILURE): Object: 'Object Repository/Staging Objects/Page_diagnostics/a_COVID-19 DIAGNOSTICS' is clicked on

2021-05-07 10:39:11 - [MESSAGE][PASSED] - Object: 'Object Repository/Staging Objects/Page_diagnostics/a_COVID-19 DIAGNOSTICS' is clicked on

2021-05-07 10:39:11 - [TEST_STEP][PASSED] - mouseOver(findTestObject("Staging Objects/Page_diagnostics/a_STANDARD Q COVID-19 Ag Test")): Object: 'Object Repository/Staging Objects/Page_diagnostics/a_STANDARD Q COVID-19 Ag Test' is hovered

2021-05-07 10:39:12 - [MESSAGE][PASSED] - Object: 'Object Repository/Staging Objects/Page_diagnostics/a_STANDARD Q COVID-19 Ag Test' is hovered

2021-05-07 10:39:12 - [TEST_STEP][PASSED] - click(findTestObject("Staging Objects/Page_diagnostics/a_STANDARD Q COVID-19 Ag Test")): Object: 'Object Repository/Staging Objects/Page_diagnostics/a_STANDARD Q COVID-19 Ag Test' is clicked on

2021-05-07 10:39:14 - [MESSAGE][PASSED] - Object: 'Object Repository/Staging Objects/Page_diagnostics/a_STANDARD Q COVID-19 Ag Test' is clicked on

2021-05-07 10:39:14 - [MESSAGE][PASSED] - Call Test Case 'Test Cases/Custom Item Details/UTILITIES/OPEN_BROWSER' successfully

2021-05-07 10:39:14 - [TEST_STEP][PASSED] - waitForElementVisible(findTestObject("Item Details Objects/Page_diagnostics/a_Contact_seller_btn"), 0): Object 'Object Repository/Item Details Objects/Page_diagnostics/a_Contact_seller_btn' is visible

2021-05-07 10:39:14 - [MESSAGE][WARNING] - Timeout '0' is invalid. Using default page load timeout: '30'

2021-05-07 10:39:15 - [MESSAGE][PASSED] - Object 'Object Repository/Item Details Objects/Page_diagnostics/a_Contact_seller_btn' is visible

2021-05-07 10:39:15 - [TEST_STEP][PASSED] - verifyElementClickable(findTestObject("Item Details Objects/Page_diagnostics/a_Contact_seller_btn")): Object 'Object Repository/Item Details Objects/Page_diagnostics/a_Contact_seller_btn' is clickable

2021-05-07 10:39:15 - [MESSAGE][PASSED] - Object 'Object Repository/Item Details Objects/Page_diagnostics/a_Contact_seller_btn' is clickable

2021-05-07 10:39:15 - [TEST_STEP][FAILED] - verifyElementText(findTestObject("Item Details Objects/Page_diagnostics/a_Contact_seller_btn"), "CONTACT SELLER"): Verify element text of test object 'Object Repository/Item Details Objects/Page_diagnostics/a_Contact_seller_btn' FAILED. (Root cause: com.kms.katalon.core.exception.StepFailedException: Verify element text of test object 'Object Repository/Item Details Objects/Page_diagnostics/a_Contact_seller_btn' FAILED.
	at com.kms.katalon.core.webui.keyword.internal.WebUIKeywordMain.stepFailed(WebUIKeywordMain.groovy:64)
	at com.kms.katalon.core.webui.keyword.internal.WebUIKeywordMain.runKeyword(WebUIKeywordMain.groovy:26)
	at com.kms.katalon.core.webui.keyword.builtin.VerifyElementTextKeyword.verifyElementText(VerifyElementTextKeyword.groovy:72)
	at com.kms.katalon.core.webui.keyword.builtin.VerifyElementTextKeyword.execute(VerifyElementTextKeyword.groovy:40)
	at com.kms.katalon.core.keyword.internal.KeywordExecutor.executeKeywordForPlatform(KeywordExecutor.groovy:73)
	at com.kms.katalon.core.webui.keyword.WebUiBuiltInKeywords.verifyElementText(WebUiBuiltInKeywords.groovy:4120)
	at com.kms.katalon.core.webui.keyword.WebUiBuiltInKeywords$verifyElementText$7.call(Unknown Source)
	at TC_DETAILS_UI_006.run(TC_DETAILS_UI_006:24)
	at com.kms.katalon.core.main.ScriptEngine.run(ScriptEngine.java:194)
	at com.kms.katalon.core.main.ScriptEngine.runScriptAsRawText(ScriptEngine.java:119)
	at com.kms.katalon.core.main.TestCaseExecutor.runScript(TestCaseExecutor.java:339)
	at com.kms.katalon.core.main.TestCaseExecutor.doExecute(TestCaseExecutor.java:330)
	at com.kms.katalon.core.main.TestCaseExecutor.processExecutionPhase(TestCaseExecutor.java:309)
	at com.kms.katalon.core.main.TestCaseExecutor.accessMainPhase(TestCaseExecutor.java:301)
	at com.kms.katalon.core.main.TestCaseExecutor.execute(TestCaseExecutor.java:235)
	at com.kms.katalon.core.main.TestSuiteExecutor.accessTestCaseMainPhase(TestSuiteExecutor.java:191)
	at com.kms.katalon.core.main.TestSuiteExecutor.accessTestSuiteMainPhase(TestSuiteExecutor.java:141)
	at com.kms.katalon.core.main.TestSuiteExecutor.execute(TestSuiteExecutor.java:90)
	at com.kms.katalon.core.main.TestCaseMain.startTestSuite(TestCaseMain.java:157)
	at com.kms.katalon.core.main.TestCaseMain$startTestSuite$0.call(Unknown Source)
	at TempTestSuite1620355020148.run(TempTestSuite1620355020148.groovy:39)
Caused by: com.kms.katalon.core.exception.StepFailedException: Actual text 'ASK THE SELLER' and expected text 'CONTACT SELLER' of test object 'Object Repository/Item Details Objects/Page_diagnostics/a_Contact_seller_btn' are NOT matched.
	at com.kms.katalon.core.webui.keyword.internal.WebUIKeywordMain.stepFailed(WebUIKeywordMain.groovy:64)
	at com.kms.katalon.core.webui.keyword.builtin.VerifyElementTextKeyword$_verifyElementText_closure1.doCall(VerifyElementTextKeyword.groovy:57)
	at com.kms.katalon.core.webui.keyword.builtin.VerifyElementTextKeyword$_verifyElementText_closure1.call(VerifyElementTextKeyword.groovy)
	at com.kms.katalon.core.webui.keyword.internal.WebUIKeywordMain.runKeyword(WebUIKeywordMain.groovy:20)
	... 19 more
)

2021-05-07 10:39:16 - [MESSAGE][FAILED] - Actual text 'ASK THE SELLER' and expected text 'CONTACT SELLER' of test object 'Object Repository/Item Details Objects/Page_diagnostics/a_Contact_seller_btn' are NOT matched. (Root cause: com.kms.katalon.core.exception.StepFailedException: Actual text 'ASK THE SELLER' and expected text 'CONTACT SELLER' of test object 'Object Repository/Item Details Objects/Page_diagnostics/a_Contact_seller_btn' are NOT matched.
	at com.kms.katalon.core.webui.keyword.internal.WebUIKeywordMain.stepFailed(WebUIKeywordMain.groovy:64)
	at com.kms.katalon.core.webui.keyword.builtin.VerifyElementTextKeyword$_verifyElementText_closure1.doCall(VerifyElementTextKeyword.groovy:57)
	at com.kms.katalon.core.webui.keyword.builtin.VerifyElementTextKeyword$_verifyElementText_closure1.call(VerifyElementTextKeyword.groovy)
	at com.kms.katalon.core.webui.keyword.internal.WebUIKeywordMain.runKeyword(WebUIKeywordMain.groovy:20)
	at com.kms.katalon.core.webui.keyword.builtin.VerifyElementTextKeyword.verifyElementText(VerifyElementTextKeyword.groovy:72)
	at com.kms.katalon.core.webui.keyword.builtin.VerifyElementTextKeyword.execute(VerifyElementTextKeyword.groovy:40)
	at com.kms.katalon.core.keyword.internal.KeywordExecutor.executeKeywordForPlatform(KeywordExecutor.groovy:73)
	at com.kms.katalon.core.webui.keyword.WebUiBuiltInKeywords.verifyElementText(WebUiBuiltInKeywords.groovy:4120)
	at com.kms.katalon.core.webui.keyword.WebUiBuiltInKeywords$verifyElementText$7.call(Unknown Source)
	at TC_DETAILS_UI_006.run(TC_DETAILS_UI_006:24)
	at com.kms.katalon.core.main.ScriptEngine.run(ScriptEngine.java:194)
	at com.kms.katalon.core.main.ScriptEngine.runScriptAsRawText(ScriptEngine.java:119)
	at com.kms.katalon.core.main.TestCaseExecutor.runScript(TestCaseExecutor.java:339)
	at com.kms.katalon.core.main.TestCaseExecutor.doExecute(TestCaseExecutor.java:330)
	at com.kms.katalon.core.main.TestCaseExecutor.processExecutionPhase(TestCaseExecutor.java:309)
	at com.kms.katalon.core.main.TestCaseExecutor.accessMainPhase(TestCaseExecutor.java:301)
	at com.kms.katalon.core.main.TestCaseExecutor.execute(TestCaseExecutor.java:235)
	at com.kms.katalon.core.main.TestSuiteExecutor.accessTestCaseMainPhase(TestSuiteExecutor.java:191)
	at com.kms.katalon.core.main.TestSuiteExecutor.accessTestSuiteMainPhase(TestSuiteExecutor.java:141)
	at com.kms.katalon.core.main.TestSuiteExecutor.execute(TestSuiteExecutor.java:90)
	at com.kms.katalon.core.main.TestCaseMain.startTestSuite(TestCaseMain.java:157)
	at com.kms.katalon.core.main.TestCaseMain$startTestSuite$0.call(Unknown Source)
	at TempTestSuite1620355020148.run(TempTestSuite1620355020148.groovy:39)
)
[[ATTACHMENT|K:\\Work\\GitHub\\find-item-detail-test_v2\\Reports\\20210507_103700\\Item detail test\\20210507_103700\\1620355156285.png]]

2021-05-07 10:39:16 - [MESSAGE][FAILED] - Verify element text of test object 'Object Repository/Item Details Objects/Page_diagnostics/a_Contact_seller_btn' FAILED. (Root cause: com.kms.katalon.core.exception.StepFailedException: Verify element text of test object 'Object Repository/Item Details Objects/Page_diagnostics/a_Contact_seller_btn' FAILED.
	at com.kms.katalon.core.webui.keyword.internal.WebUIKeywordMain.stepFailed(WebUIKeywordMain.groovy:64)
	at com.kms.katalon.core.webui.keyword.internal.WebUIKeywordMain.runKeyword(WebUIKeywordMain.groovy:26)
	at com.kms.katalon.core.webui.keyword.builtin.VerifyElementTextKeyword.verifyElementText(VerifyElementTextKeyword.groovy:72)
	at com.kms.katalon.core.webui.keyword.builtin.VerifyElementTextKeyword.execute(VerifyElementTextKeyword.groovy:40)
	at com.kms.katalon.core.keyword.internal.KeywordExecutor.executeKeywordForPlatform(KeywordExecutor.groovy:73)
	at com.kms.katalon.core.webui.keyword.WebUiBuiltInKeywords.verifyElementText(WebUiBuiltInKeywords.groovy:4120)
	at com.kms.katalon.core.webui.keyword.WebUiBuiltInKeywords$verifyElementText$7.call(Unknown Source)
	at TC_DETAILS_UI_006.run(TC_DETAILS_UI_006:24)
	at com.kms.katalon.core.main.ScriptEngine.run(ScriptEngine.java:194)
	at com.kms.katalon.core.main.ScriptEngine.runScriptAsRawText(ScriptEngine.java:119)
	at com.kms.katalon.core.main.TestCaseExecutor.runScript(TestCaseExecutor.java:339)
	at com.kms.katalon.core.main.TestCaseExecutor.doExecute(TestCaseExecutor.java:330)
	at com.kms.katalon.core.main.TestCaseExecutor.processExecutionPhase(TestCaseExecutor.java:309)
	at com.kms.katalon.core.main.TestCaseExecutor.accessMainPhase(TestCaseExecutor.java:301)
	at com.kms.katalon.core.main.TestCaseExecutor.execute(TestCaseExecutor.java:235)
	at com.kms.katalon.core.main.TestSuiteExecutor.accessTestCaseMainPhase(TestSuiteExecutor.java:191)
	at com.kms.katalon.core.main.TestSuiteExecutor.accessTestSuiteMainPhase(TestSuiteExecutor.java:141)
	at com.kms.katalon.core.main.TestSuiteExecutor.execute(TestSuiteExecutor.java:90)
	at com.kms.katalon.core.main.TestCaseMain.startTestSuite(TestCaseMain.java:157)
	at com.kms.katalon.core.main.TestCaseMain$startTestSuite$0.call(Unknown Source)
	at TempTestSuite1620355020148.run(TempTestSuite1620355020148.groovy:39)
Caused by: com.kms.katalon.core.exception.StepFailedException: Actual text 'ASK THE SELLER' and expected text 'CONTACT SELLER' of test object 'Object Repository/Item Details Objects/Page_diagnostics/a_Contact_seller_btn' are NOT matched.
	at com.kms.katalon.core.webui.keyword.internal.WebUIKeywordMain.stepFailed(WebUIKeywordMain.groovy:64)
	at com.kms.katalon.core.webui.keyword.builtin.VerifyElementTextKeyword$_verifyElementText_closure1.doCall(VerifyElementTextKeyword.groovy:57)
	at com.kms.katalon.core.webui.keyword.builtin.VerifyElementTextKeyword$_verifyElementText_closure1.call(VerifyElementTextKeyword.groovy)
	at com.kms.katalon.core.webui.keyword.internal.WebUIKeywordMain.runKeyword(WebUIKeywordMain.groovy:20)
	... 19 more
)
[[ATTACHMENT|K:\\Work\\GitHub\\find-item-detail-test_v2\\Reports\\20210507_103700\\Item detail test\\20210507_103700\\1620355156478.png]]]]></system-out>
         <system-err><![CDATA[2021-05-07 10:38:57 - [TEST_CASE][FAILED] - Test Cases/Custom Item Details/TEST CASE/TC_DETAILS_UI_006: Test Cases/Custom Item Details/TEST CASE/TC_DETAILS_UI_006 FAILED.
Reason:
com.kms.katalon.core.exception.StepFailedException: Verify element text of test object 'Object Repository/Item Details Objects/Page_diagnostics/a_Contact_seller_btn' FAILED.
	at com.kms.katalon.core.webui.keyword.internal.WebUIKeywordMain.stepFailed(WebUIKeywordMain.groovy:64)
	at com.kms.katalon.core.webui.keyword.internal.WebUIKeywordMain.runKeyword(WebUIKeywordMain.groovy:26)
	at com.kms.katalon.core.webui.keyword.builtin.VerifyElementTextKeyword.verifyElementText(VerifyElementTextKeyword.groovy:72)
	at com.kms.katalon.core.webui.keyword.builtin.VerifyElementTextKeyword.execute(VerifyElementTextKeyword.groovy:40)
	at com.kms.katalon.core.keyword.internal.KeywordExecutor.executeKeywordForPlatform(KeywordExecutor.groovy:73)
	at com.kms.katalon.core.webui.keyword.WebUiBuiltInKeywords.verifyElementText(WebUiBuiltInKeywords.groovy:4120)
	at com.kms.katalon.core.webui.keyword.WebUiBuiltInKeywords$verifyElementText$7.call(Unknown Source)
	at TC_DETAILS_UI_006.run(TC_DETAILS_UI_006:24)
	at com.kms.katalon.core.main.ScriptEngine.run(ScriptEngine.java:194)
	at com.kms.katalon.core.main.ScriptEngine.runScriptAsRawText(ScriptEngine.java:119)
	at com.kms.katalon.core.main.TestCaseExecutor.runScript(TestCaseExecutor.java:339)
	at com.kms.katalon.core.main.TestCaseExecutor.doExecute(TestCaseExecutor.java:330)
	at com.kms.katalon.core.main.TestCaseExecutor.processExecutionPhase(TestCaseExecutor.java:309)
	at com.kms.katalon.core.main.TestCaseExecutor.accessMainPhase(TestCaseExecutor.java:301)
	at com.kms.katalon.core.main.TestCaseExecutor.execute(TestCaseExecutor.java:235)
	at com.kms.katalon.core.main.TestSuiteExecutor.accessTestCaseMainPhase(TestSuiteExecutor.java:191)
	at com.kms.katalon.core.main.TestSuiteExecutor.accessTestSuiteMainPhase(TestSuiteExecutor.java:141)
	at com.kms.katalon.core.main.TestSuiteExecutor.execute(TestSuiteExecutor.java:90)
	at com.kms.katalon.core.main.TestCaseMain.startTestSuite(TestCaseMain.java:157)
	at com.kms.katalon.core.main.TestCaseMain$startTestSuite$0.call(Unknown Source)
	at TempTestSuite1620355020148.run(TempTestSuite1620355020148.groovy:39)
Caused by: com.kms.katalon.core.exception.StepFailedException: Actual text 'ASK THE SELLER' and expected text 'CONTACT SELLER' of test object 'Object Repository/Item Details Objects/Page_diagnostics/a_Contact_seller_btn' are NOT matched.
	at com.kms.katalon.core.webui.keyword.internal.WebUIKeywordMain.stepFailed(WebUIKeywordMain.groovy:64)
	at com.kms.katalon.core.webui.keyword.builtin.VerifyElementTextKeyword$_verifyElementText_closure1.doCall(VerifyElementTextKeyword.groovy:57)
	at com.kms.katalon.core.webui.keyword.builtin.VerifyElementTextKeyword$_verifyElementText_closure1.call(VerifyElementTextKeyword.groovy)
	at com.kms.katalon.core.webui.keyword.internal.WebUIKeywordMain.runKeyword(WebUIKeywordMain.groovy:20)
	... 19 more]]></system-err>
      </testcase>
      <testcase name="Test Cases/Custom Item Details/TEST CASE/TC_DETAILS_UI_007" time="20.555" classname="Test Cases/Custom Item Details/TEST CASE/TC_DETAILS_UI_007" status="PASSED">
         <system-out><![CDATA[2021-05-07 10:39:16 - [TEST_CASE][PASSED] - Test Cases/Custom Item Details/TEST CASE/TC_DETAILS_UI_007: Test Cases/Custom Item Details/TEST CASE/TC_DETAILS_UI_007

2021-05-07 10:39:16 - [TEST_STEP][PASSED] - callTestCase(findTestCase("Custom Item Details/UTILITIES/OPEN_BROWSER"), [:], STOP_ON_FAILURE): Call Test Case 'Test Cases/Custom Item Details/UTILITIES/OPEN_BROWSER' successfully

2021-05-07 10:39:16 - [TEST_CASE][PASSED] - Test Cases/Custom Item Details/UTILITIES/OPEN_BROWSER: Test Cases/Custom Item Details/UTILITIES/OPEN_BROWSER

2021-05-07 10:39:16 - [TEST_STEP][PASSED] - openBrowser("https://diagnostics.staging.arcadier.io/"): Browser is opened with url: 'https://diagnostics.staging.arcadier.io/'

2021-05-07 10:39:16 - [MESSAGE][WARNING] - A browser is already opened. Closing browser and opening a new one

2021-05-07 10:39:17 - [MESSAGE][INFO] - Starting 'Chrome' driver

2021-05-07 10:39:17 - [MESSAGE][INFO] - Action delay is set to 0 milliseconds

2021-05-07 10:39:29 - [MESSAGE][PASSED] - Browser is opened with url: 'https://diagnostics.staging.arcadier.io/'

2021-05-07 10:39:29 - [TEST_STEP][PASSED] - maximizeWindow(): Current window maximized

2021-05-07 10:39:29 - [MESSAGE][PASSED] - Current window maximized

2021-05-07 10:39:29 - [TEST_STEP][PASSED] - click(findTestObject("Item Details Objects/Page_diagnostics/a_Accept Cookies")): Object: 'Object Repository/Item Details Objects/Page_diagnostics/a_Accept Cookies' is clicked on

2021-05-07 10:39:30 - [MESSAGE][PASSED] - Object: 'Object Repository/Item Details Objects/Page_diagnostics/a_Accept Cookies' is clicked on

2021-05-07 10:39:30 - [TEST_STEP][PASSED] - click(findTestObject("Staging Objects/Page_diagnostics/a_COVID-19 DIAGNOSTICS"), STOP_ON_FAILURE): Object: 'Object Repository/Staging Objects/Page_diagnostics/a_COVID-19 DIAGNOSTICS' is clicked on

2021-05-07 10:39:31 - [MESSAGE][PASSED] - Object: 'Object Repository/Staging Objects/Page_diagnostics/a_COVID-19 DIAGNOSTICS' is clicked on

2021-05-07 10:39:31 - [TEST_STEP][PASSED] - mouseOver(findTestObject("Staging Objects/Page_diagnostics/a_STANDARD Q COVID-19 Ag Test")): Object: 'Object Repository/Staging Objects/Page_diagnostics/a_STANDARD Q COVID-19 Ag Test' is hovered

2021-05-07 10:39:32 - [MESSAGE][PASSED] - Object: 'Object Repository/Staging Objects/Page_diagnostics/a_STANDARD Q COVID-19 Ag Test' is hovered

2021-05-07 10:39:32 - [TEST_STEP][PASSED] - click(findTestObject("Staging Objects/Page_diagnostics/a_STANDARD Q COVID-19 Ag Test")): Object: 'Object Repository/Staging Objects/Page_diagnostics/a_STANDARD Q COVID-19 Ag Test' is clicked on

2021-05-07 10:39:35 - [MESSAGE][PASSED] - Object: 'Object Repository/Staging Objects/Page_diagnostics/a_STANDARD Q COVID-19 Ag Test' is clicked on

2021-05-07 10:39:35 - [MESSAGE][PASSED] - Call Test Case 'Test Cases/Custom Item Details/UTILITIES/OPEN_BROWSER' successfully

2021-05-07 10:39:35 - [TEST_STEP][PASSED] - waitForElementVisible(findTestObject("Item Details Objects/Page_diagnostics/div.item-detail-left"), 0): Object 'Object Repository/Item Details Objects/Page_diagnostics/div.item-detail-left' is visible

2021-05-07 10:39:35 - [MESSAGE][WARNING] - Timeout '0' is invalid. Using default page load timeout: '30'

2021-05-07 10:39:36 - [MESSAGE][PASSED] - Object 'Object Repository/Item Details Objects/Page_diagnostics/div.item-detail-left' is visible

2021-05-07 10:39:36 - [TEST_STEP][PASSED] - callTestCase(findTestCase("Custom Item Details/UTILITIES/CLOSE_BROWSER"), [:], STOP_ON_FAILURE): Call Test Case 'Test Cases/Custom Item Details/UTILITIES/CLOSE_BROWSER' successfully

2021-05-07 10:39:36 - [TEST_CASE][PASSED] - Test Cases/Custom Item Details/UTILITIES/CLOSE_BROWSER: Test Cases/Custom Item Details/UTILITIES/CLOSE_BROWSER

2021-05-07 10:39:36 - [TEST_STEP][PASSED] - closeBrowser(): Browser is closed

2021-05-07 10:39:37 - [MESSAGE][PASSED] - Browser is closed

2021-05-07 10:39:37 - [MESSAGE][PASSED] - Call Test Case 'Test Cases/Custom Item Details/UTILITIES/CLOSE_BROWSER' successfully]]></system-out>
         <system-err><![CDATA[]]></system-err>
      </testcase>
      <testcase name="Test Cases/Custom Item Details/TEST CASE/TC_DETAILS_UI_008" time="20.577" classname="Test Cases/Custom Item Details/TEST CASE/TC_DETAILS_UI_008" status="PASSED">
         <system-out><![CDATA[2021-05-07 10:39:37 - [TEST_CASE][PASSED] - Test Cases/Custom Item Details/TEST CASE/TC_DETAILS_UI_008: Test Cases/Custom Item Details/TEST CASE/TC_DETAILS_UI_008

2021-05-07 10:39:37 - [TEST_STEP][PASSED] - callTestCase(findTestCase("Custom Item Details/UTILITIES/OPEN_BROWSER"), [:], STOP_ON_FAILURE): Call Test Case 'Test Cases/Custom Item Details/UTILITIES/OPEN_BROWSER' successfully

2021-05-07 10:39:37 - [TEST_CASE][PASSED] - Test Cases/Custom Item Details/UTILITIES/OPEN_BROWSER: Test Cases/Custom Item Details/UTILITIES/OPEN_BROWSER

2021-05-07 10:39:37 - [TEST_STEP][PASSED] - openBrowser("https://diagnostics.staging.arcadier.io/"): Browser is opened with url: 'https://diagnostics.staging.arcadier.io/'

2021-05-07 10:39:37 - [MESSAGE][INFO] - Starting 'Chrome' driver

2021-05-07 10:39:37 - [MESSAGE][INFO] - Action delay is set to 0 milliseconds

2021-05-07 10:39:50 - [MESSAGE][PASSED] - Browser is opened with url: 'https://diagnostics.staging.arcadier.io/'

2021-05-07 10:39:50 - [TEST_STEP][PASSED] - maximizeWindow(): Current window maximized

2021-05-07 10:39:50 - [MESSAGE][PASSED] - Current window maximized

2021-05-07 10:39:50 - [TEST_STEP][PASSED] - click(findTestObject("Item Details Objects/Page_diagnostics/a_Accept Cookies")): Object: 'Object Repository/Item Details Objects/Page_diagnostics/a_Accept Cookies' is clicked on

2021-05-07 10:39:50 - [MESSAGE][PASSED] - Object: 'Object Repository/Item Details Objects/Page_diagnostics/a_Accept Cookies' is clicked on

2021-05-07 10:39:50 - [TEST_STEP][PASSED] - click(findTestObject("Staging Objects/Page_diagnostics/a_COVID-19 DIAGNOSTICS"), STOP_ON_FAILURE): Object: 'Object Repository/Staging Objects/Page_diagnostics/a_COVID-19 DIAGNOSTICS' is clicked on

2021-05-07 10:39:52 - [MESSAGE][PASSED] - Object: 'Object Repository/Staging Objects/Page_diagnostics/a_COVID-19 DIAGNOSTICS' is clicked on

2021-05-07 10:39:52 - [TEST_STEP][PASSED] - mouseOver(findTestObject("Staging Objects/Page_diagnostics/a_STANDARD Q COVID-19 Ag Test")): Object: 'Object Repository/Staging Objects/Page_diagnostics/a_STANDARD Q COVID-19 Ag Test' is hovered

2021-05-07 10:39:53 - [MESSAGE][PASSED] - Object: 'Object Repository/Staging Objects/Page_diagnostics/a_STANDARD Q COVID-19 Ag Test' is hovered

2021-05-07 10:39:53 - [TEST_STEP][PASSED] - click(findTestObject("Staging Objects/Page_diagnostics/a_STANDARD Q COVID-19 Ag Test")): Object: 'Object Repository/Staging Objects/Page_diagnostics/a_STANDARD Q COVID-19 Ag Test' is clicked on

2021-05-07 10:39:55 - [MESSAGE][PASSED] - Object: 'Object Repository/Staging Objects/Page_diagnostics/a_STANDARD Q COVID-19 Ag Test' is clicked on

2021-05-07 10:39:55 - [MESSAGE][PASSED] - Call Test Case 'Test Cases/Custom Item Details/UTILITIES/OPEN_BROWSER' successfully

2021-05-07 10:39:55 - [TEST_STEP][PASSED] - waitForElementVisible(findTestObject("Item Details Objects/Page_diagnostics/div_itemDetailName"), 0): Object 'Object Repository/Item Details Objects/Page_diagnostics/div_itemDetailName' is visible

2021-05-07 10:39:55 - [MESSAGE][WARNING] - Timeout '0' is invalid. Using default page load timeout: '30'

2021-05-07 10:39:57 - [MESSAGE][PASSED] - Object 'Object Repository/Item Details Objects/Page_diagnostics/div_itemDetailName' is visible

2021-05-07 10:39:57 - [TEST_STEP][PASSED] - callTestCase(findTestCase("Custom Item Details/UTILITIES/CLOSE_BROWSER"), [:], STOP_ON_FAILURE): Call Test Case 'Test Cases/Custom Item Details/UTILITIES/CLOSE_BROWSER' successfully

2021-05-07 10:39:57 - [TEST_CASE][PASSED] - Test Cases/Custom Item Details/UTILITIES/CLOSE_BROWSER: Test Cases/Custom Item Details/UTILITIES/CLOSE_BROWSER

2021-05-07 10:39:57 - [TEST_STEP][PASSED] - closeBrowser(): Browser is closed

2021-05-07 10:39:57 - [MESSAGE][PASSED] - Browser is closed

2021-05-07 10:39:57 - [MESSAGE][PASSED] - Call Test Case 'Test Cases/Custom Item Details/UTILITIES/CLOSE_BROWSER' successfully]]></system-out>
         <system-err><![CDATA[]]></system-err>
      </testcase>
      <testcase name="Test Cases/Custom Item Details/TEST CASE/TC_DETAILS_UI_009" time="20.12" classname="Test Cases/Custom Item Details/TEST CASE/TC_DETAILS_UI_009" status="PASSED">
         <system-out><![CDATA[2021-05-07 10:39:57 - [TEST_CASE][PASSED] - Test Cases/Custom Item Details/TEST CASE/TC_DETAILS_UI_009: Test Cases/Custom Item Details/TEST CASE/TC_DETAILS_UI_009

2021-05-07 10:39:57 - [TEST_STEP][PASSED] - callTestCase(findTestCase("Custom Item Details/UTILITIES/OPEN_BROWSER"), [:], STOP_ON_FAILURE): Call Test Case 'Test Cases/Custom Item Details/UTILITIES/OPEN_BROWSER' successfully

2021-05-07 10:39:57 - [TEST_CASE][PASSED] - Test Cases/Custom Item Details/UTILITIES/OPEN_BROWSER: Test Cases/Custom Item Details/UTILITIES/OPEN_BROWSER

2021-05-07 10:39:57 - [TEST_STEP][PASSED] - openBrowser("https://diagnostics.staging.arcadier.io/"): Browser is opened with url: 'https://diagnostics.staging.arcadier.io/'

2021-05-07 10:39:57 - [MESSAGE][INFO] - Starting 'Chrome' driver

2021-05-07 10:39:57 - [MESSAGE][INFO] - Action delay is set to 0 milliseconds

2021-05-07 10:40:10 - [MESSAGE][PASSED] - Browser is opened with url: 'https://diagnostics.staging.arcadier.io/'

2021-05-07 10:40:10 - [TEST_STEP][PASSED] - maximizeWindow(): Current window maximized

2021-05-07 10:40:10 - [MESSAGE][PASSED] - Current window maximized

2021-05-07 10:40:10 - [TEST_STEP][PASSED] - click(findTestObject("Item Details Objects/Page_diagnostics/a_Accept Cookies")): Object: 'Object Repository/Item Details Objects/Page_diagnostics/a_Accept Cookies' is clicked on

2021-05-07 10:40:10 - [MESSAGE][PASSED] - Object: 'Object Repository/Item Details Objects/Page_diagnostics/a_Accept Cookies' is clicked on

2021-05-07 10:40:10 - [TEST_STEP][PASSED] - click(findTestObject("Staging Objects/Page_diagnostics/a_COVID-19 DIAGNOSTICS"), STOP_ON_FAILURE): Object: 'Object Repository/Staging Objects/Page_diagnostics/a_COVID-19 DIAGNOSTICS' is clicked on

2021-05-07 10:40:12 - [MESSAGE][PASSED] - Object: 'Object Repository/Staging Objects/Page_diagnostics/a_COVID-19 DIAGNOSTICS' is clicked on

2021-05-07 10:40:12 - [TEST_STEP][PASSED] - mouseOver(findTestObject("Staging Objects/Page_diagnostics/a_STANDARD Q COVID-19 Ag Test")): Object: 'Object Repository/Staging Objects/Page_diagnostics/a_STANDARD Q COVID-19 Ag Test' is hovered

2021-05-07 10:40:13 - [MESSAGE][PASSED] - Object: 'Object Repository/Staging Objects/Page_diagnostics/a_STANDARD Q COVID-19 Ag Test' is hovered

2021-05-07 10:40:13 - [TEST_STEP][PASSED] - click(findTestObject("Staging Objects/Page_diagnostics/a_STANDARD Q COVID-19 Ag Test")): Object: 'Object Repository/Staging Objects/Page_diagnostics/a_STANDARD Q COVID-19 Ag Test' is clicked on

2021-05-07 10:40:15 - [MESSAGE][PASSED] - Object: 'Object Repository/Staging Objects/Page_diagnostics/a_STANDARD Q COVID-19 Ag Test' is clicked on

2021-05-07 10:40:15 - [MESSAGE][PASSED] - Call Test Case 'Test Cases/Custom Item Details/UTILITIES/OPEN_BROWSER' successfully

2021-05-07 10:40:15 - [TEST_STEP][PASSED] - waitForElementVisible(findTestObject("Item Details Objects/Page_diagnostics/div.item-id"), 0): Object 'Object Repository/Item Details Objects/Page_diagnostics/div.item-id' is visible

2021-05-07 10:40:15 - [MESSAGE][WARNING] - Timeout '0' is invalid. Using default page load timeout: '30'

2021-05-07 10:40:17 - [MESSAGE][PASSED] - Object 'Object Repository/Item Details Objects/Page_diagnostics/div.item-id' is visible

2021-05-07 10:40:17 - [TEST_STEP][PASSED] - callTestCase(findTestCase("Custom Item Details/UTILITIES/CLOSE_BROWSER"), [:], STOP_ON_FAILURE): Call Test Case 'Test Cases/Custom Item Details/UTILITIES/CLOSE_BROWSER' successfully

2021-05-07 10:40:17 - [TEST_CASE][PASSED] - Test Cases/Custom Item Details/UTILITIES/CLOSE_BROWSER: Test Cases/Custom Item Details/UTILITIES/CLOSE_BROWSER

2021-05-07 10:40:17 - [TEST_STEP][PASSED] - closeBrowser(): Browser is closed

2021-05-07 10:40:17 - [MESSAGE][PASSED] - Browser is closed

2021-05-07 10:40:17 - [MESSAGE][PASSED] - Call Test Case 'Test Cases/Custom Item Details/UTILITIES/CLOSE_BROWSER' successfully]]></system-out>
         <system-err><![CDATA[]]></system-err>
      </testcase>
      <testcase name="Test Cases/Custom Item Details/TEST CASE/TC_DETAILS_UI_010" time="17.941" classname="Test Cases/Custom Item Details/TEST CASE/TC_DETAILS_UI_010" status="PASSED">
         <system-out><![CDATA[2021-05-07 10:40:17 - [TEST_CASE][PASSED] - Test Cases/Custom Item Details/TEST CASE/TC_DETAILS_UI_010: Test Cases/Custom Item Details/TEST CASE/TC_DETAILS_UI_010

2021-05-07 10:40:18 - [TEST_STEP][PASSED] - callTestCase(findTestCase("Custom Item Details/UTILITIES/OPEN_BROWSER"), [:], STOP_ON_FAILURE): Call Test Case 'Test Cases/Custom Item Details/UTILITIES/OPEN_BROWSER' successfully

2021-05-07 10:40:18 - [TEST_CASE][PASSED] - Test Cases/Custom Item Details/UTILITIES/OPEN_BROWSER: Test Cases/Custom Item Details/UTILITIES/OPEN_BROWSER

2021-05-07 10:40:18 - [TEST_STEP][PASSED] - openBrowser("https://diagnostics.staging.arcadier.io/"): Browser is opened with url: 'https://diagnostics.staging.arcadier.io/'

2021-05-07 10:40:18 - [MESSAGE][INFO] - Starting 'Chrome' driver

2021-05-07 10:40:18 - [MESSAGE][INFO] - Action delay is set to 0 milliseconds

2021-05-07 10:40:28 - [MESSAGE][PASSED] - Browser is opened with url: 'https://diagnostics.staging.arcadier.io/'

2021-05-07 10:40:28 - [TEST_STEP][PASSED] - maximizeWindow(): Current window maximized

2021-05-07 10:40:28 - [MESSAGE][PASSED] - Current window maximized

2021-05-07 10:40:28 - [TEST_STEP][PASSED] - click(findTestObject("Item Details Objects/Page_diagnostics/a_Accept Cookies")): Object: 'Object Repository/Item Details Objects/Page_diagnostics/a_Accept Cookies' is clicked on

2021-05-07 10:40:28 - [MESSAGE][PASSED] - Object: 'Object Repository/Item Details Objects/Page_diagnostics/a_Accept Cookies' is clicked on

2021-05-07 10:40:28 - [TEST_STEP][PASSED] - click(findTestObject("Staging Objects/Page_diagnostics/a_COVID-19 DIAGNOSTICS"), STOP_ON_FAILURE): Object: 'Object Repository/Staging Objects/Page_diagnostics/a_COVID-19 DIAGNOSTICS' is clicked on

2021-05-07 10:40:30 - [MESSAGE][PASSED] - Object: 'Object Repository/Staging Objects/Page_diagnostics/a_COVID-19 DIAGNOSTICS' is clicked on

2021-05-07 10:40:30 - [TEST_STEP][PASSED] - mouseOver(findTestObject("Staging Objects/Page_diagnostics/a_STANDARD Q COVID-19 Ag Test")): Object: 'Object Repository/Staging Objects/Page_diagnostics/a_STANDARD Q COVID-19 Ag Test' is hovered

2021-05-07 10:40:31 - [MESSAGE][PASSED] - Object: 'Object Repository/Staging Objects/Page_diagnostics/a_STANDARD Q COVID-19 Ag Test' is hovered

2021-05-07 10:40:31 - [TEST_STEP][PASSED] - click(findTestObject("Staging Objects/Page_diagnostics/a_STANDARD Q COVID-19 Ag Test")): Object: 'Object Repository/Staging Objects/Page_diagnostics/a_STANDARD Q COVID-19 Ag Test' is clicked on

2021-05-07 10:40:33 - [MESSAGE][PASSED] - Object: 'Object Repository/Staging Objects/Page_diagnostics/a_STANDARD Q COVID-19 Ag Test' is clicked on

2021-05-07 10:40:33 - [MESSAGE][PASSED] - Call Test Case 'Test Cases/Custom Item Details/UTILITIES/OPEN_BROWSER' successfully

2021-05-07 10:40:33 - [TEST_STEP][PASSED] - waitForElementVisible(findTestObject("Item Details Objects/Page_diagnostics/div.new-button-area"), 0): Object 'Object Repository/Item Details Objects/Page_diagnostics/div.new-button-area' is visible

2021-05-07 10:40:33 - [MESSAGE][WARNING] - Timeout '0' is invalid. Using default page load timeout: '30'

2021-05-07 10:40:35 - [MESSAGE][PASSED] - Object 'Object Repository/Item Details Objects/Page_diagnostics/div.new-button-area' is visible

2021-05-07 10:40:35 - [TEST_STEP][PASSED] - callTestCase(findTestCase("Custom Item Details/UTILITIES/CLOSE_BROWSER"), [:], STOP_ON_FAILURE): Call Test Case 'Test Cases/Custom Item Details/UTILITIES/CLOSE_BROWSER' successfully

2021-05-07 10:40:35 - [TEST_CASE][PASSED] - Test Cases/Custom Item Details/UTILITIES/CLOSE_BROWSER: Test Cases/Custom Item Details/UTILITIES/CLOSE_BROWSER

2021-05-07 10:40:35 - [TEST_STEP][PASSED] - closeBrowser(): Browser is closed

2021-05-07 10:40:35 - [MESSAGE][PASSED] - Browser is closed

2021-05-07 10:40:35 - [MESSAGE][PASSED] - Call Test Case 'Test Cases/Custom Item Details/UTILITIES/CLOSE_BROWSER' successfully]]></system-out>
         <system-err><![CDATA[]]></system-err>
      </testcase>
      <testcase name="Test Cases/Custom Item Details/TEST CASE/TC_DETAILS_UI_011" time="17.557" classname="Test Cases/Custom Item Details/TEST CASE/TC_DETAILS_UI_011" status="PASSED">
         <system-out><![CDATA[2021-05-07 10:40:35 - [TEST_CASE][PASSED] - Test Cases/Custom Item Details/TEST CASE/TC_DETAILS_UI_011: Test Cases/Custom Item Details/TEST CASE/TC_DETAILS_UI_011

2021-05-07 10:40:35 - [TEST_STEP][PASSED] - callTestCase(findTestCase("Custom Item Details/UTILITIES/OPEN_BROWSER"), [:], STOP_ON_FAILURE): Call Test Case 'Test Cases/Custom Item Details/UTILITIES/OPEN_BROWSER' successfully

2021-05-07 10:40:36 - [TEST_CASE][PASSED] - Test Cases/Custom Item Details/UTILITIES/OPEN_BROWSER: Test Cases/Custom Item Details/UTILITIES/OPEN_BROWSER

2021-05-07 10:40:36 - [TEST_STEP][PASSED] - openBrowser("https://diagnostics.staging.arcadier.io/"): Browser is opened with url: 'https://diagnostics.staging.arcadier.io/'

2021-05-07 10:40:36 - [MESSAGE][INFO] - Starting 'Chrome' driver

2021-05-07 10:40:36 - [MESSAGE][INFO] - Action delay is set to 0 milliseconds

2021-05-07 10:40:45 - [MESSAGE][PASSED] - Browser is opened with url: 'https://diagnostics.staging.arcadier.io/'

2021-05-07 10:40:45 - [TEST_STEP][PASSED] - maximizeWindow(): Current window maximized

2021-05-07 10:40:46 - [MESSAGE][PASSED] - Current window maximized

2021-05-07 10:40:46 - [TEST_STEP][PASSED] - click(findTestObject("Item Details Objects/Page_diagnostics/a_Accept Cookies")): Object: 'Object Repository/Item Details Objects/Page_diagnostics/a_Accept Cookies' is clicked on

2021-05-07 10:40:46 - [MESSAGE][PASSED] - Object: 'Object Repository/Item Details Objects/Page_diagnostics/a_Accept Cookies' is clicked on

2021-05-07 10:40:46 - [TEST_STEP][PASSED] - click(findTestObject("Staging Objects/Page_diagnostics/a_COVID-19 DIAGNOSTICS"), STOP_ON_FAILURE): Object: 'Object Repository/Staging Objects/Page_diagnostics/a_COVID-19 DIAGNOSTICS' is clicked on

2021-05-07 10:40:48 - [MESSAGE][PASSED] - Object: 'Object Repository/Staging Objects/Page_diagnostics/a_COVID-19 DIAGNOSTICS' is clicked on

2021-05-07 10:40:48 - [TEST_STEP][PASSED] - mouseOver(findTestObject("Staging Objects/Page_diagnostics/a_STANDARD Q COVID-19 Ag Test")): Object: 'Object Repository/Staging Objects/Page_diagnostics/a_STANDARD Q COVID-19 Ag Test' is hovered

2021-05-07 10:40:49 - [MESSAGE][PASSED] - Object: 'Object Repository/Staging Objects/Page_diagnostics/a_STANDARD Q COVID-19 Ag Test' is hovered

2021-05-07 10:40:49 - [TEST_STEP][PASSED] - click(findTestObject("Staging Objects/Page_diagnostics/a_STANDARD Q COVID-19 Ag Test")): Object: 'Object Repository/Staging Objects/Page_diagnostics/a_STANDARD Q COVID-19 Ag Test' is clicked on

2021-05-07 10:40:51 - [MESSAGE][PASSED] - Object: 'Object Repository/Staging Objects/Page_diagnostics/a_STANDARD Q COVID-19 Ag Test' is clicked on

2021-05-07 10:40:51 - [MESSAGE][PASSED] - Call Test Case 'Test Cases/Custom Item Details/UTILITIES/OPEN_BROWSER' successfully

2021-05-07 10:40:51 - [TEST_STEP][PASSED] - waitForElementVisible(findTestObject("Item Details Objects/Page_diagnostics/div.item-price-text"), 0): Object 'Object Repository/Item Details Objects/Page_diagnostics/div.item-price-text' is visible

2021-05-07 10:40:51 - [MESSAGE][WARNING] - Timeout '0' is invalid. Using default page load timeout: '30'

2021-05-07 10:40:52 - [MESSAGE][PASSED] - Object 'Object Repository/Item Details Objects/Page_diagnostics/div.item-price-text' is visible

2021-05-07 10:40:52 - [TEST_STEP][PASSED] - callTestCase(findTestCase("Custom Item Details/UTILITIES/CLOSE_BROWSER"), [:], STOP_ON_FAILURE): Call Test Case 'Test Cases/Custom Item Details/UTILITIES/CLOSE_BROWSER' successfully

2021-05-07 10:40:52 - [TEST_CASE][PASSED] - Test Cases/Custom Item Details/UTILITIES/CLOSE_BROWSER: Test Cases/Custom Item Details/UTILITIES/CLOSE_BROWSER

2021-05-07 10:40:52 - [TEST_STEP][PASSED] - closeBrowser(): Browser is closed

2021-05-07 10:40:53 - [MESSAGE][PASSED] - Browser is closed

2021-05-07 10:40:53 - [MESSAGE][PASSED] - Call Test Case 'Test Cases/Custom Item Details/UTILITIES/CLOSE_BROWSER' successfully]]></system-out>
         <system-err><![CDATA[]]></system-err>
      </testcase>
      <testcase name="Test Cases/Custom Item Details/TEST CASE/TC_DETAILS_UI_012" time="79.457" classname="Test Cases/Custom Item Details/TEST CASE/TC_DETAILS_UI_012" status="FAILED">
         <failure type="FAILED" message="Test Cases/Custom Item Details/TEST CASE/TC_DETAILS_UI_012 FAILED.
Reason:
com.kms.katalon.core.exception.StepFailedException: Unable to verify object 'Object Repository/Item Details Objects/Page_diagnostics/btn_Procure_from_other_Agencies' to be clickable
	at com.kms.katalon.core.webui.keyword.internal.WebUIKeywordMain.stepFailed(WebUIKeywordMain.groovy:64)
	at com.kms.katalon.core.webui.keyword.internal.WebUIKeywordMain.runKeyword(WebUIKeywordMain.groovy:26)
	at com.kms.katalon.core.webui.keyword.builtin.VerifyElementClickableKeyword.verifyElementClickable(VerifyElementClickableKeyword.groovy:96)
	at com.kms.katalon.core.webui.keyword.builtin.VerifyElementClickableKeyword.execute(VerifyElementClickableKeyword.groovy:67)
	at com.kms.katalon.core.keyword.internal.KeywordExecutor.executeKeywordForPlatform(KeywordExecutor.groovy:73)
	at com.kms.katalon.core.webui.keyword.WebUiBuiltInKeywords.verifyElementClickable(WebUiBuiltInKeywords.groovy:563)
	at com.kms.katalon.core.webui.keyword.WebUiBuiltInKeywords$verifyElementClickable$6.call(Unknown Source)
	at TC_DETAILS_UI_012.run(TC_DETAILS_UI_012:22)
	at com.kms.katalon.core.main.ScriptEngine.run(ScriptEngine.java:194)
	at com.kms.katalon.core.main.ScriptEngine.runScriptAsRawText(ScriptEngine.java:119)
	at com.kms.katalon.core.main.TestCaseExecutor.runScript(TestCaseExecutor.java:339)
	at com.kms.katalon.core.main.TestCaseExecutor.doExecute(TestCaseExecutor.java:330)
	at com.kms.katalon.core.main.TestCaseExecutor.processExecutionPhase(TestCaseExecutor.java:309)
	at com.kms.katalon.core.main.TestCaseExecutor.accessMainPhase(TestCaseExecutor.java:301)
	at com.kms.katalon.core.main.TestCaseExecutor.execute(TestCaseExecutor.java:235)
	at com.kms.katalon.core.main.TestSuiteExecutor.accessTestCaseMainPhase(TestSuiteExecutor.java:191)
	at com.kms.katalon.core.main.TestSuiteExecutor.accessTestSuiteMainPhase(TestSuiteExecutor.java:141)
	at com.kms.katalon.core.main.TestSuiteExecutor.execute(TestSuiteExecutor.java:90)
	at com.kms.katalon.core.main.TestCaseMain.startTestSuite(TestCaseMain.java:157)
	at com.kms.katalon.core.main.TestCaseMain$startTestSuite$0.call(Unknown Source)
	at TempTestSuite1620355020148.run(TempTestSuite1620355020148.groovy:39)
Caused by: com.kms.katalon.core.exception.StepFailedException: Web element with id: 'Object Repository/Item Details Objects/Page_diagnostics/btn_Procure_from_other_Agencies' located by '//div[4]/div[1]/div[2]/div/div[2]/div[1]/div[3]/a[1][count(. | //*[@id = 'item-pop-up']) = count(//*[@id = 'item-pop-up'])]' not found
	at com.kms.katalon.core.webui.keyword.internal.WebUIKeywordMain.stepFailed(WebUIKeywordMain.groovy:64)
	at com.kms.katalon.core.webui.keyword.builtin.VerifyElementClickableKeyword$_verifyElementClickable_closure1.doCall(VerifyElementClickableKeyword.groovy:88)
	at com.kms.katalon.core.webui.keyword.builtin.VerifyElementClickableKeyword$_verifyElementClickable_closure1.call(VerifyElementClickableKeyword.groovy)
	at com.kms.katalon.core.webui.keyword.internal.WebUIKeywordMain.runKeyword(WebUIKeywordMain.groovy:20)
	... 19 more
"/>
         <system-out><![CDATA[2021-05-07 10:40:53 - [TEST_CASE][FAILED] - Test Cases/Custom Item Details/TEST CASE/TC_DETAILS_UI_012: Test Cases/Custom Item Details/TEST CASE/TC_DETAILS_UI_012 FAILED.
Reason:
com.kms.katalon.core.exception.StepFailedException: Unable to verify object 'Object Repository/Item Details Objects/Page_diagnostics/btn_Procure_from_other_Agencies' to be clickable
	at com.kms.katalon.core.webui.keyword.internal.WebUIKeywordMain.stepFailed(WebUIKeywordMain.groovy:64)
	at com.kms.katalon.core.webui.keyword.internal.WebUIKeywordMain.runKeyword(WebUIKeywordMain.groovy:26)
	at com.kms.katalon.core.webui.keyword.builtin.VerifyElementClickableKeyword.verifyElementClickable(VerifyElementClickableKeyword.groovy:96)
	at com.kms.katalon.core.webui.keyword.builtin.VerifyElementClickableKeyword.execute(VerifyElementClickableKeyword.groovy:67)
	at com.kms.katalon.core.keyword.internal.KeywordExecutor.executeKeywordForPlatform(KeywordExecutor.groovy:73)
	at com.kms.katalon.core.webui.keyword.WebUiBuiltInKeywords.verifyElementClickable(WebUiBuiltInKeywords.groovy:563)
	at com.kms.katalon.core.webui.keyword.WebUiBuiltInKeywords$verifyElementClickable$6.call(Unknown Source)
	at TC_DETAILS_UI_012.run(TC_DETAILS_UI_012:22)
	at com.kms.katalon.core.main.ScriptEngine.run(ScriptEngine.java:194)
	at com.kms.katalon.core.main.ScriptEngine.runScriptAsRawText(ScriptEngine.java:119)
	at com.kms.katalon.core.main.TestCaseExecutor.runScript(TestCaseExecutor.java:339)
	at com.kms.katalon.core.main.TestCaseExecutor.doExecute(TestCaseExecutor.java:330)
	at com.kms.katalon.core.main.TestCaseExecutor.processExecutionPhase(TestCaseExecutor.java:309)
	at com.kms.katalon.core.main.TestCaseExecutor.accessMainPhase(TestCaseExecutor.java:301)
	at com.kms.katalon.core.main.TestCaseExecutor.execute(TestCaseExecutor.java:235)
	at com.kms.katalon.core.main.TestSuiteExecutor.accessTestCaseMainPhase(TestSuiteExecutor.java:191)
	at com.kms.katalon.core.main.TestSuiteExecutor.accessTestSuiteMainPhase(TestSuiteExecutor.java:141)
	at com.kms.katalon.core.main.TestSuiteExecutor.execute(TestSuiteExecutor.java:90)
	at com.kms.katalon.core.main.TestCaseMain.startTestSuite(TestCaseMain.java:157)
	at com.kms.katalon.core.main.TestCaseMain$startTestSuite$0.call(Unknown Source)
	at TempTestSuite1620355020148.run(TempTestSuite1620355020148.groovy:39)
Caused by: com.kms.katalon.core.exception.StepFailedException: Web element with id: 'Object Repository/Item Details Objects/Page_diagnostics/btn_Procure_from_other_Agencies' located by '//div[4]/div[1]/div[2]/div/div[2]/div[1]/div[3]/a[1][count(. | //*[@id = 'item-pop-up']) = count(//*[@id = 'item-pop-up'])]' not found
	at com.kms.katalon.core.webui.keyword.internal.WebUIKeywordMain.stepFailed(WebUIKeywordMain.groovy:64)
	at com.kms.katalon.core.webui.keyword.builtin.VerifyElementClickableKeyword$_verifyElementClickable_closure1.doCall(VerifyElementClickableKeyword.groovy:88)
	at com.kms.katalon.core.webui.keyword.builtin.VerifyElementClickableKeyword$_verifyElementClickable_closure1.call(VerifyElementClickableKeyword.groovy)
	at com.kms.katalon.core.webui.keyword.internal.WebUIKeywordMain.runKeyword(WebUIKeywordMain.groovy:20)
	... 19 more


2021-05-07 10:40:53 - [TEST_STEP][PASSED] - callTestCase(findTestCase("Custom Item Details/UTILITIES/OPEN_BROWSER"), [:], STOP_ON_FAILURE): Call Test Case 'Test Cases/Custom Item Details/UTILITIES/OPEN_BROWSER' successfully

2021-05-07 10:40:53 - [TEST_CASE][PASSED] - Test Cases/Custom Item Details/UTILITIES/OPEN_BROWSER: Test Cases/Custom Item Details/UTILITIES/OPEN_BROWSER

2021-05-07 10:40:53 - [TEST_STEP][PASSED] - openBrowser("https://diagnostics.staging.arcadier.io/"): Browser is opened with url: 'https://diagnostics.staging.arcadier.io/'

2021-05-07 10:40:53 - [MESSAGE][INFO] - Starting 'Chrome' driver

2021-05-07 10:40:53 - [MESSAGE][INFO] - Action delay is set to 0 milliseconds

2021-05-07 10:41:04 - [MESSAGE][PASSED] - Browser is opened with url: 'https://diagnostics.staging.arcadier.io/'

2021-05-07 10:41:04 - [TEST_STEP][PASSED] - maximizeWindow(): Current window maximized

2021-05-07 10:41:04 - [MESSAGE][PASSED] - Current window maximized

2021-05-07 10:41:04 - [TEST_STEP][PASSED] - click(findTestObject("Item Details Objects/Page_diagnostics/a_Accept Cookies")): Object: 'Object Repository/Item Details Objects/Page_diagnostics/a_Accept Cookies' is clicked on

2021-05-07 10:41:04 - [MESSAGE][PASSED] - Object: 'Object Repository/Item Details Objects/Page_diagnostics/a_Accept Cookies' is clicked on

2021-05-07 10:41:04 - [TEST_STEP][PASSED] - click(findTestObject("Staging Objects/Page_diagnostics/a_COVID-19 DIAGNOSTICS"), STOP_ON_FAILURE): Object: 'Object Repository/Staging Objects/Page_diagnostics/a_COVID-19 DIAGNOSTICS' is clicked on

2021-05-07 10:41:06 - [MESSAGE][PASSED] - Object: 'Object Repository/Staging Objects/Page_diagnostics/a_COVID-19 DIAGNOSTICS' is clicked on

2021-05-07 10:41:06 - [TEST_STEP][PASSED] - mouseOver(findTestObject("Staging Objects/Page_diagnostics/a_STANDARD Q COVID-19 Ag Test")): Object: 'Object Repository/Staging Objects/Page_diagnostics/a_STANDARD Q COVID-19 Ag Test' is hovered

2021-05-07 10:41:07 - [MESSAGE][PASSED] - Object: 'Object Repository/Staging Objects/Page_diagnostics/a_STANDARD Q COVID-19 Ag Test' is hovered

2021-05-07 10:41:07 - [TEST_STEP][PASSED] - click(findTestObject("Staging Objects/Page_diagnostics/a_STANDARD Q COVID-19 Ag Test")): Object: 'Object Repository/Staging Objects/Page_diagnostics/a_STANDARD Q COVID-19 Ag Test' is clicked on

2021-05-07 10:41:10 - [MESSAGE][PASSED] - Object: 'Object Repository/Staging Objects/Page_diagnostics/a_STANDARD Q COVID-19 Ag Test' is clicked on

2021-05-07 10:41:10 - [MESSAGE][PASSED] - Call Test Case 'Test Cases/Custom Item Details/UTILITIES/OPEN_BROWSER' successfully

2021-05-07 10:41:10 - [TEST_STEP][PASSED] - waitForElementVisible(findTestObject("Item Details Objects/Page_diagnostics/btn_Procure_from_other_Agencies"), 0): Web element with id: 'Object Repository/Item Details Objects/Page_diagnostics/btn_Procure_from_other_Agencies' located by '//div[4]/div[1]/div[2]/div/div[2]/div[1]/div[3]/a[1][count(. | //*[@id = 'item-pop-up']) = count(//*[@id = 'item-pop-up'])]' not found

2021-05-07 10:41:10 - [MESSAGE][WARNING] - Timeout '0' is invalid. Using default page load timeout: '30'

2021-05-07 10:41:41 - [MESSAGE][INFO] - Unable to find the element located by 'By.xpath: //div[4]/div[1]/div[2]/div/div[2]/div[1]/div[3]/a[1][count(. | //*[@id = 'item-pop-up']) = count(//*[@id = 'item-pop-up'])]'. Please recheck the objects properties to make sure the desired element is located. 

2021-05-07 10:41:41 - [MESSAGE][WARNING] - Web element with id: 'Object Repository/Item Details Objects/Page_diagnostics/btn_Procure_from_other_Agencies' located by '//div[4]/div[1]/div[2]/div/div[2]/div[1]/div[3]/a[1][count(. | //*[@id = 'item-pop-up']) = count(//*[@id = 'item-pop-up'])]' not found

2021-05-07 10:41:41 - [TEST_STEP][FAILED] - verifyElementClickable(findTestObject("Item Details Objects/Page_diagnostics/btn_Procure_from_other_Agencies")): Unable to verify object 'Object Repository/Item Details Objects/Page_diagnostics/btn_Procure_from_other_Agencies' to be clickable (Root cause: com.kms.katalon.core.exception.StepFailedException: Unable to verify object 'Object Repository/Item Details Objects/Page_diagnostics/btn_Procure_from_other_Agencies' to be clickable
	at com.kms.katalon.core.webui.keyword.internal.WebUIKeywordMain.stepFailed(WebUIKeywordMain.groovy:64)
	at com.kms.katalon.core.webui.keyword.internal.WebUIKeywordMain.runKeyword(WebUIKeywordMain.groovy:26)
	at com.kms.katalon.core.webui.keyword.builtin.VerifyElementClickableKeyword.verifyElementClickable(VerifyElementClickableKeyword.groovy:96)
	at com.kms.katalon.core.webui.keyword.builtin.VerifyElementClickableKeyword.execute(VerifyElementClickableKeyword.groovy:67)
	at com.kms.katalon.core.keyword.internal.KeywordExecutor.executeKeywordForPlatform(KeywordExecutor.groovy:73)
	at com.kms.katalon.core.webui.keyword.WebUiBuiltInKeywords.verifyElementClickable(WebUiBuiltInKeywords.groovy:563)
	at com.kms.katalon.core.webui.keyword.WebUiBuiltInKeywords$verifyElementClickable$6.call(Unknown Source)
	at TC_DETAILS_UI_012.run(TC_DETAILS_UI_012:22)
	at com.kms.katalon.core.main.ScriptEngine.run(ScriptEngine.java:194)
	at com.kms.katalon.core.main.ScriptEngine.runScriptAsRawText(ScriptEngine.java:119)
	at com.kms.katalon.core.main.TestCaseExecutor.runScript(TestCaseExecutor.java:339)
	at com.kms.katalon.core.main.TestCaseExecutor.doExecute(TestCaseExecutor.java:330)
	at com.kms.katalon.core.main.TestCaseExecutor.processExecutionPhase(TestCaseExecutor.java:309)
	at com.kms.katalon.core.main.TestCaseExecutor.accessMainPhase(TestCaseExecutor.java:301)
	at com.kms.katalon.core.main.TestCaseExecutor.execute(TestCaseExecutor.java:235)
	at com.kms.katalon.core.main.TestSuiteExecutor.accessTestCaseMainPhase(TestSuiteExecutor.java:191)
	at com.kms.katalon.core.main.TestSuiteExecutor.accessTestSuiteMainPhase(TestSuiteExecutor.java:141)
	at com.kms.katalon.core.main.TestSuiteExecutor.execute(TestSuiteExecutor.java:90)
	at com.kms.katalon.core.main.TestCaseMain.startTestSuite(TestCaseMain.java:157)
	at com.kms.katalon.core.main.TestCaseMain$startTestSuite$0.call(Unknown Source)
	at TempTestSuite1620355020148.run(TempTestSuite1620355020148.groovy:39)
Caused by: com.kms.katalon.core.exception.StepFailedException: Web element with id: 'Object Repository/Item Details Objects/Page_diagnostics/btn_Procure_from_other_Agencies' located by '//div[4]/div[1]/div[2]/div/div[2]/div[1]/div[3]/a[1][count(. | //*[@id = 'item-pop-up']) = count(//*[@id = 'item-pop-up'])]' not found
	at com.kms.katalon.core.webui.keyword.internal.WebUIKeywordMain.stepFailed(WebUIKeywordMain.groovy:64)
	at com.kms.katalon.core.webui.keyword.builtin.VerifyElementClickableKeyword$_verifyElementClickable_closure1.doCall(VerifyElementClickableKeyword.groovy:88)
	at com.kms.katalon.core.webui.keyword.builtin.VerifyElementClickableKeyword$_verifyElementClickable_closure1.call(VerifyElementClickableKeyword.groovy)
	at com.kms.katalon.core.webui.keyword.internal.WebUIKeywordMain.runKeyword(WebUIKeywordMain.groovy:20)
	... 19 more
)

2021-05-07 10:42:12 - [MESSAGE][INFO] - Unable to find the element located by 'By.xpath: //div[4]/div[1]/div[2]/div/div[2]/div[1]/div[3]/a[1][count(. | //*[@id = 'item-pop-up']) = count(//*[@id = 'item-pop-up'])]'. Please recheck the objects properties to make sure the desired element is located. 

2021-05-07 10:42:12 - [MESSAGE][FAILED] - Web element with id: 'Object Repository/Item Details Objects/Page_diagnostics/btn_Procure_from_other_Agencies' located by '//div[4]/div[1]/div[2]/div/div[2]/div[1]/div[3]/a[1][count(. | //*[@id = 'item-pop-up']) = count(//*[@id = 'item-pop-up'])]' not found (Root cause: com.kms.katalon.core.exception.StepFailedException: Web element with id: 'Object Repository/Item Details Objects/Page_diagnostics/btn_Procure_from_other_Agencies' located by '//div[4]/div[1]/div[2]/div/div[2]/div[1]/div[3]/a[1][count(. | //*[@id = 'item-pop-up']) = count(//*[@id = 'item-pop-up'])]' not found
	at com.kms.katalon.core.webui.keyword.internal.WebUIKeywordMain.stepFailed(WebUIKeywordMain.groovy:64)
	at com.kms.katalon.core.webui.keyword.builtin.VerifyElementClickableKeyword$_verifyElementClickable_closure1.doCall(VerifyElementClickableKeyword.groovy:88)
	at com.kms.katalon.core.webui.keyword.builtin.VerifyElementClickableKeyword$_verifyElementClickable_closure1.call(VerifyElementClickableKeyword.groovy)
	at com.kms.katalon.core.webui.keyword.internal.WebUIKeywordMain.runKeyword(WebUIKeywordMain.groovy:20)
	at com.kms.katalon.core.webui.keyword.builtin.VerifyElementClickableKeyword.verifyElementClickable(VerifyElementClickableKeyword.groovy:96)
	at com.kms.katalon.core.webui.keyword.builtin.VerifyElementClickableKeyword.execute(VerifyElementClickableKeyword.groovy:67)
	at com.kms.katalon.core.keyword.internal.KeywordExecutor.executeKeywordForPlatform(KeywordExecutor.groovy:73)
	at com.kms.katalon.core.webui.keyword.WebUiBuiltInKeywords.verifyElementClickable(WebUiBuiltInKeywords.groovy:563)
	at com.kms.katalon.core.webui.keyword.WebUiBuiltInKeywords$verifyElementClickable$6.call(Unknown Source)
	at TC_DETAILS_UI_012.run(TC_DETAILS_UI_012:22)
	at com.kms.katalon.core.main.ScriptEngine.run(ScriptEngine.java:194)
	at com.kms.katalon.core.main.ScriptEngine.runScriptAsRawText(ScriptEngine.java:119)
	at com.kms.katalon.core.main.TestCaseExecutor.runScript(TestCaseExecutor.java:339)
	at com.kms.katalon.core.main.TestCaseExecutor.doExecute(TestCaseExecutor.java:330)
	at com.kms.katalon.core.main.TestCaseExecutor.processExecutionPhase(TestCaseExecutor.java:309)
	at com.kms.katalon.core.main.TestCaseExecutor.accessMainPhase(TestCaseExecutor.java:301)
	at com.kms.katalon.core.main.TestCaseExecutor.execute(TestCaseExecutor.java:235)
	at com.kms.katalon.core.main.TestSuiteExecutor.accessTestCaseMainPhase(TestSuiteExecutor.java:191)
	at com.kms.katalon.core.main.TestSuiteExecutor.accessTestSuiteMainPhase(TestSuiteExecutor.java:141)
	at com.kms.katalon.core.main.TestSuiteExecutor.execute(TestSuiteExecutor.java:90)
	at com.kms.katalon.core.main.TestCaseMain.startTestSuite(TestCaseMain.java:157)
	at com.kms.katalon.core.main.TestCaseMain$startTestSuite$0.call(Unknown Source)
	at TempTestSuite1620355020148.run(TempTestSuite1620355020148.groovy:39)
)
[[ATTACHMENT|K:\\Work\\GitHub\\find-item-detail-test_v2\\Reports\\20210507_103700\\Item detail test\\20210507_103700\\1620355332535.png]]

2021-05-07 10:42:12 - [MESSAGE][FAILED] - Unable to verify object 'Object Repository/Item Details Objects/Page_diagnostics/btn_Procure_from_other_Agencies' to be clickable (Root cause: com.kms.katalon.core.exception.StepFailedException: Unable to verify object 'Object Repository/Item Details Objects/Page_diagnostics/btn_Procure_from_other_Agencies' to be clickable
	at com.kms.katalon.core.webui.keyword.internal.WebUIKeywordMain.stepFailed(WebUIKeywordMain.groovy:64)
	at com.kms.katalon.core.webui.keyword.internal.WebUIKeywordMain.runKeyword(WebUIKeywordMain.groovy:26)
	at com.kms.katalon.core.webui.keyword.builtin.VerifyElementClickableKeyword.verifyElementClickable(VerifyElementClickableKeyword.groovy:96)
	at com.kms.katalon.core.webui.keyword.builtin.VerifyElementClickableKeyword.execute(VerifyElementClickableKeyword.groovy:67)
	at com.kms.katalon.core.keyword.internal.KeywordExecutor.executeKeywordForPlatform(KeywordExecutor.groovy:73)
	at com.kms.katalon.core.webui.keyword.WebUiBuiltInKeywords.verifyElementClickable(WebUiBuiltInKeywords.groovy:563)
	at com.kms.katalon.core.webui.keyword.WebUiBuiltInKeywords$verifyElementClickable$6.call(Unknown Source)
	at TC_DETAILS_UI_012.run(TC_DETAILS_UI_012:22)
	at com.kms.katalon.core.main.ScriptEngine.run(ScriptEngine.java:194)
	at com.kms.katalon.core.main.ScriptEngine.runScriptAsRawText(ScriptEngine.java:119)
	at com.kms.katalon.core.main.TestCaseExecutor.runScript(TestCaseExecutor.java:339)
	at com.kms.katalon.core.main.TestCaseExecutor.doExecute(TestCaseExecutor.java:330)
	at com.kms.katalon.core.main.TestCaseExecutor.processExecutionPhase(TestCaseExecutor.java:309)
	at com.kms.katalon.core.main.TestCaseExecutor.accessMainPhase(TestCaseExecutor.java:301)
	at com.kms.katalon.core.main.TestCaseExecutor.execute(TestCaseExecutor.java:235)
	at com.kms.katalon.core.main.TestSuiteExecutor.accessTestCaseMainPhase(TestSuiteExecutor.java:191)
	at com.kms.katalon.core.main.TestSuiteExecutor.accessTestSuiteMainPhase(TestSuiteExecutor.java:141)
	at com.kms.katalon.core.main.TestSuiteExecutor.execute(TestSuiteExecutor.java:90)
	at com.kms.katalon.core.main.TestCaseMain.startTestSuite(TestCaseMain.java:157)
	at com.kms.katalon.core.main.TestCaseMain$startTestSuite$0.call(Unknown Source)
	at TempTestSuite1620355020148.run(TempTestSuite1620355020148.groovy:39)
Caused by: com.kms.katalon.core.exception.StepFailedException: Web element with id: 'Object Repository/Item Details Objects/Page_diagnostics/btn_Procure_from_other_Agencies' located by '//div[4]/div[1]/div[2]/div/div[2]/div[1]/div[3]/a[1][count(. | //*[@id = 'item-pop-up']) = count(//*[@id = 'item-pop-up'])]' not found
	at com.kms.katalon.core.webui.keyword.internal.WebUIKeywordMain.stepFailed(WebUIKeywordMain.groovy:64)
	at com.kms.katalon.core.webui.keyword.builtin.VerifyElementClickableKeyword$_verifyElementClickable_closure1.doCall(VerifyElementClickableKeyword.groovy:88)
	at com.kms.katalon.core.webui.keyword.builtin.VerifyElementClickableKeyword$_verifyElementClickable_closure1.call(VerifyElementClickableKeyword.groovy)
	at com.kms.katalon.core.webui.keyword.internal.WebUIKeywordMain.runKeyword(WebUIKeywordMain.groovy:20)
	... 19 more
)
[[ATTACHMENT|K:\\Work\\GitHub\\find-item-detail-test_v2\\Reports\\20210507_103700\\Item detail test\\20210507_103700\\1620355332703.png]]]]></system-out>
         <system-err><![CDATA[2021-05-07 10:40:53 - [TEST_CASE][FAILED] - Test Cases/Custom Item Details/TEST CASE/TC_DETAILS_UI_012: Test Cases/Custom Item Details/TEST CASE/TC_DETAILS_UI_012 FAILED.
Reason:
com.kms.katalon.core.exception.StepFailedException: Unable to verify object 'Object Repository/Item Details Objects/Page_diagnostics/btn_Procure_from_other_Agencies' to be clickable
	at com.kms.katalon.core.webui.keyword.internal.WebUIKeywordMain.stepFailed(WebUIKeywordMain.groovy:64)
	at com.kms.katalon.core.webui.keyword.internal.WebUIKeywordMain.runKeyword(WebUIKeywordMain.groovy:26)
	at com.kms.katalon.core.webui.keyword.builtin.VerifyElementClickableKeyword.verifyElementClickable(VerifyElementClickableKeyword.groovy:96)
	at com.kms.katalon.core.webui.keyword.builtin.VerifyElementClickableKeyword.execute(VerifyElementClickableKeyword.groovy:67)
	at com.kms.katalon.core.keyword.internal.KeywordExecutor.executeKeywordForPlatform(KeywordExecutor.groovy:73)
	at com.kms.katalon.core.webui.keyword.WebUiBuiltInKeywords.verifyElementClickable(WebUiBuiltInKeywords.groovy:563)
	at com.kms.katalon.core.webui.keyword.WebUiBuiltInKeywords$verifyElementClickable$6.call(Unknown Source)
	at TC_DETAILS_UI_012.run(TC_DETAILS_UI_012:22)
	at com.kms.katalon.core.main.ScriptEngine.run(ScriptEngine.java:194)
	at com.kms.katalon.core.main.ScriptEngine.runScriptAsRawText(ScriptEngine.java:119)
	at com.kms.katalon.core.main.TestCaseExecutor.runScript(TestCaseExecutor.java:339)
	at com.kms.katalon.core.main.TestCaseExecutor.doExecute(TestCaseExecutor.java:330)
	at com.kms.katalon.core.main.TestCaseExecutor.processExecutionPhase(TestCaseExecutor.java:309)
	at com.kms.katalon.core.main.TestCaseExecutor.accessMainPhase(TestCaseExecutor.java:301)
	at com.kms.katalon.core.main.TestCaseExecutor.execute(TestCaseExecutor.java:235)
	at com.kms.katalon.core.main.TestSuiteExecutor.accessTestCaseMainPhase(TestSuiteExecutor.java:191)
	at com.kms.katalon.core.main.TestSuiteExecutor.accessTestSuiteMainPhase(TestSuiteExecutor.java:141)
	at com.kms.katalon.core.main.TestSuiteExecutor.execute(TestSuiteExecutor.java:90)
	at com.kms.katalon.core.main.TestCaseMain.startTestSuite(TestCaseMain.java:157)
	at com.kms.katalon.core.main.TestCaseMain$startTestSuite$0.call(Unknown Source)
	at TempTestSuite1620355020148.run(TempTestSuite1620355020148.groovy:39)
Caused by: com.kms.katalon.core.exception.StepFailedException: Web element with id: 'Object Repository/Item Details Objects/Page_diagnostics/btn_Procure_from_other_Agencies' located by '//div[4]/div[1]/div[2]/div/div[2]/div[1]/div[3]/a[1][count(. | //*[@id = 'item-pop-up']) = count(//*[@id = 'item-pop-up'])]' not found
	at com.kms.katalon.core.webui.keyword.internal.WebUIKeywordMain.stepFailed(WebUIKeywordMain.groovy:64)
	at com.kms.katalon.core.webui.keyword.builtin.VerifyElementClickableKeyword$_verifyElementClickable_closure1.doCall(VerifyElementClickableKeyword.groovy:88)
	at com.kms.katalon.core.webui.keyword.builtin.VerifyElementClickableKeyword$_verifyElementClickable_closure1.call(VerifyElementClickableKeyword.groovy)
	at com.kms.katalon.core.webui.keyword.internal.WebUIKeywordMain.runKeyword(WebUIKeywordMain.groovy:20)
	... 19 more]]></system-err>
      </testcase>
      <testcase name="Test Cases/Custom Item Details/TEST CASE/TC_DETAILS_UI_014" time="20.845" classname="Test Cases/Custom Item Details/TEST CASE/TC_DETAILS_UI_014" status="PASSED">
         <system-out><![CDATA[2021-05-07 10:42:12 - [TEST_CASE][PASSED] - Test Cases/Custom Item Details/TEST CASE/TC_DETAILS_UI_014: Test Cases/Custom Item Details/TEST CASE/TC_DETAILS_UI_014

2021-05-07 10:42:13 - [TEST_STEP][PASSED] - callTestCase(findTestCase("Custom Item Details/UTILITIES/OPEN_BROWSER"), [:], STOP_ON_FAILURE): Call Test Case 'Test Cases/Custom Item Details/UTILITIES/OPEN_BROWSER' successfully

2021-05-07 10:42:13 - [TEST_CASE][PASSED] - Test Cases/Custom Item Details/UTILITIES/OPEN_BROWSER: Test Cases/Custom Item Details/UTILITIES/OPEN_BROWSER

2021-05-07 10:42:13 - [TEST_STEP][PASSED] - openBrowser("https://diagnostics.staging.arcadier.io/"): Browser is opened with url: 'https://diagnostics.staging.arcadier.io/'

2021-05-07 10:42:13 - [MESSAGE][WARNING] - A browser is already opened. Closing browser and opening a new one

2021-05-07 10:42:13 - [MESSAGE][INFO] - Starting 'Chrome' driver

2021-05-07 10:42:13 - [MESSAGE][INFO] - Action delay is set to 0 milliseconds

2021-05-07 10:42:23 - [MESSAGE][PASSED] - Browser is opened with url: 'https://diagnostics.staging.arcadier.io/'

2021-05-07 10:42:23 - [TEST_STEP][PASSED] - maximizeWindow(): Current window maximized

2021-05-07 10:42:23 - [MESSAGE][PASSED] - Current window maximized

2021-05-07 10:42:23 - [TEST_STEP][PASSED] - click(findTestObject("Item Details Objects/Page_diagnostics/a_Accept Cookies")): Object: 'Object Repository/Item Details Objects/Page_diagnostics/a_Accept Cookies' is clicked on

2021-05-07 10:42:24 - [MESSAGE][PASSED] - Object: 'Object Repository/Item Details Objects/Page_diagnostics/a_Accept Cookies' is clicked on

2021-05-07 10:42:24 - [TEST_STEP][PASSED] - click(findTestObject("Staging Objects/Page_diagnostics/a_COVID-19 DIAGNOSTICS"), STOP_ON_FAILURE): Object: 'Object Repository/Staging Objects/Page_diagnostics/a_COVID-19 DIAGNOSTICS' is clicked on

2021-05-07 10:42:26 - [MESSAGE][PASSED] - Object: 'Object Repository/Staging Objects/Page_diagnostics/a_COVID-19 DIAGNOSTICS' is clicked on

2021-05-07 10:42:26 - [TEST_STEP][PASSED] - mouseOver(findTestObject("Staging Objects/Page_diagnostics/a_STANDARD Q COVID-19 Ag Test")): Object: 'Object Repository/Staging Objects/Page_diagnostics/a_STANDARD Q COVID-19 Ag Test' is hovered

2021-05-07 10:42:27 - [MESSAGE][PASSED] - Object: 'Object Repository/Staging Objects/Page_diagnostics/a_STANDARD Q COVID-19 Ag Test' is hovered

2021-05-07 10:42:27 - [TEST_STEP][PASSED] - click(findTestObject("Staging Objects/Page_diagnostics/a_STANDARD Q COVID-19 Ag Test")): Object: 'Object Repository/Staging Objects/Page_diagnostics/a_STANDARD Q COVID-19 Ag Test' is clicked on

2021-05-07 10:42:32 - [MESSAGE][PASSED] - Object: 'Object Repository/Staging Objects/Page_diagnostics/a_STANDARD Q COVID-19 Ag Test' is clicked on

2021-05-07 10:42:32 - [MESSAGE][PASSED] - Call Test Case 'Test Cases/Custom Item Details/UTILITIES/OPEN_BROWSER' successfully

2021-05-07 10:42:32 - [TEST_STEP][PASSED] - waitForElementPresent(findTestObject("Item Details Objects/Page_diagnostics/btn_Procure_grey"), 0): Object 'Object Repository/Item Details Objects/Page_diagnostics/btn_Procure_grey' is present

2021-05-07 10:42:32 - [MESSAGE][WARNING] - Timeout '0' is invalid. Using default page load timeout: '30'

2021-05-07 10:42:33 - [MESSAGE][PASSED] - Object 'Object Repository/Item Details Objects/Page_diagnostics/btn_Procure_grey' is present

2021-05-07 10:42:33 - [TEST_STEP][PASSED] - callTestCase(findTestCase("Custom Item Details/UTILITIES/CLOSE_BROWSER"), [:], STOP_ON_FAILURE): Call Test Case 'Test Cases/Custom Item Details/UTILITIES/CLOSE_BROWSER' successfully

2021-05-07 10:42:33 - [TEST_CASE][PASSED] - Test Cases/Custom Item Details/UTILITIES/CLOSE_BROWSER: Test Cases/Custom Item Details/UTILITIES/CLOSE_BROWSER

2021-05-07 10:42:33 - [TEST_STEP][PASSED] - closeBrowser(): Browser is closed

2021-05-07 10:42:33 - [MESSAGE][PASSED] - Browser is closed

2021-05-07 10:42:33 - [MESSAGE][PASSED] - Call Test Case 'Test Cases/Custom Item Details/UTILITIES/CLOSE_BROWSER' successfully]]></system-out>
         <system-err><![CDATA[]]></system-err>
      </testcase>
      <testcase name="Test Cases/Custom Item Details/TEST CASE/TC_DETAILS_UI_015" time="50.827" classname="Test Cases/Custom Item Details/TEST CASE/TC_DETAILS_UI_015" status="FAILED">
         <failure type="FAILED" message="Test Cases/Custom Item Details/TEST CASE/TC_DETAILS_UI_015 FAILED.
Reason:
com.kms.katalon.core.exception.StepFailedException: Verify element text of test object 'Object Repository/Item Details Objects/Page_diagnostics/div_Description' FAILED.
	at com.kms.katalon.core.webui.keyword.internal.WebUIKeywordMain.stepFailed(WebUIKeywordMain.groovy:64)
	at com.kms.katalon.core.webui.keyword.internal.WebUIKeywordMain.runKeyword(WebUIKeywordMain.groovy:26)
	at com.kms.katalon.core.webui.keyword.builtin.VerifyElementTextKeyword.verifyElementText(VerifyElementTextKeyword.groovy:72)
	at com.kms.katalon.core.webui.keyword.builtin.VerifyElementTextKeyword.execute(VerifyElementTextKeyword.groovy:40)
	at com.kms.katalon.core.keyword.internal.KeywordExecutor.executeKeywordForPlatform(KeywordExecutor.groovy:73)
	at com.kms.katalon.core.webui.keyword.WebUiBuiltInKeywords.verifyElementText(WebUiBuiltInKeywords.groovy:4120)
	at com.kms.katalon.core.webui.keyword.WebUiBuiltInKeywords$verifyElementText$7.call(Unknown Source)
	at TC_DETAILS_UI_015.run(TC_DETAILS_UI_015:24)
	at com.kms.katalon.core.main.ScriptEngine.run(ScriptEngine.java:194)
	at com.kms.katalon.core.main.ScriptEngine.runScriptAsRawText(ScriptEngine.java:119)
	at com.kms.katalon.core.main.TestCaseExecutor.runScript(TestCaseExecutor.java:339)
	at com.kms.katalon.core.main.TestCaseExecutor.doExecute(TestCaseExecutor.java:330)
	at com.kms.katalon.core.main.TestCaseExecutor.processExecutionPhase(TestCaseExecutor.java:309)
	at com.kms.katalon.core.main.TestCaseExecutor.accessMainPhase(TestCaseExecutor.java:301)
	at com.kms.katalon.core.main.TestCaseExecutor.execute(TestCaseExecutor.java:235)
	at com.kms.katalon.core.main.TestSuiteExecutor.accessTestCaseMainPhase(TestSuiteExecutor.java:191)
	at com.kms.katalon.core.main.TestSuiteExecutor.accessTestSuiteMainPhase(TestSuiteExecutor.java:141)
	at com.kms.katalon.core.main.TestSuiteExecutor.execute(TestSuiteExecutor.java:90)
	at com.kms.katalon.core.main.TestCaseMain.startTestSuite(TestCaseMain.java:157)
	at com.kms.katalon.core.main.TestCaseMain$startTestSuite$0.call(Unknown Source)
	at TempTestSuite1620355020148.run(TempTestSuite1620355020148.groovy:39)
Caused by: com.kms.katalon.core.exception.StepFailedException: Actual text '' and expected text 'Description' of test object 'Object Repository/Item Details Objects/Page_diagnostics/div_Description' are NOT matched.
	at com.kms.katalon.core.webui.keyword.internal.WebUIKeywordMain.stepFailed(WebUIKeywordMain.groovy:64)
	at com.kms.katalon.core.webui.keyword.builtin.VerifyElementTextKeyword$_verifyElementText_closure1.doCall(VerifyElementTextKeyword.groovy:57)
	at com.kms.katalon.core.webui.keyword.builtin.VerifyElementTextKeyword$_verifyElementText_closure1.call(VerifyElementTextKeyword.groovy)
	at com.kms.katalon.core.webui.keyword.internal.WebUIKeywordMain.runKeyword(WebUIKeywordMain.groovy:20)
	... 19 more
"/>
         <system-out><![CDATA[2021-05-07 10:42:33 - [TEST_CASE][FAILED] - Test Cases/Custom Item Details/TEST CASE/TC_DETAILS_UI_015: Test Cases/Custom Item Details/TEST CASE/TC_DETAILS_UI_015 FAILED.
Reason:
com.kms.katalon.core.exception.StepFailedException: Verify element text of test object 'Object Repository/Item Details Objects/Page_diagnostics/div_Description' FAILED.
	at com.kms.katalon.core.webui.keyword.internal.WebUIKeywordMain.stepFailed(WebUIKeywordMain.groovy:64)
	at com.kms.katalon.core.webui.keyword.internal.WebUIKeywordMain.runKeyword(WebUIKeywordMain.groovy:26)
	at com.kms.katalon.core.webui.keyword.builtin.VerifyElementTextKeyword.verifyElementText(VerifyElementTextKeyword.groovy:72)
	at com.kms.katalon.core.webui.keyword.builtin.VerifyElementTextKeyword.execute(VerifyElementTextKeyword.groovy:40)
	at com.kms.katalon.core.keyword.internal.KeywordExecutor.executeKeywordForPlatform(KeywordExecutor.groovy:73)
	at com.kms.katalon.core.webui.keyword.WebUiBuiltInKeywords.verifyElementText(WebUiBuiltInKeywords.groovy:4120)
	at com.kms.katalon.core.webui.keyword.WebUiBuiltInKeywords$verifyElementText$7.call(Unknown Source)
	at TC_DETAILS_UI_015.run(TC_DETAILS_UI_015:24)
	at com.kms.katalon.core.main.ScriptEngine.run(ScriptEngine.java:194)
	at com.kms.katalon.core.main.ScriptEngine.runScriptAsRawText(ScriptEngine.java:119)
	at com.kms.katalon.core.main.TestCaseExecutor.runScript(TestCaseExecutor.java:339)
	at com.kms.katalon.core.main.TestCaseExecutor.doExecute(TestCaseExecutor.java:330)
	at com.kms.katalon.core.main.TestCaseExecutor.processExecutionPhase(TestCaseExecutor.java:309)
	at com.kms.katalon.core.main.TestCaseExecutor.accessMainPhase(TestCaseExecutor.java:301)
	at com.kms.katalon.core.main.TestCaseExecutor.execute(TestCaseExecutor.java:235)
	at com.kms.katalon.core.main.TestSuiteExecutor.accessTestCaseMainPhase(TestSuiteExecutor.java:191)
	at com.kms.katalon.core.main.TestSuiteExecutor.accessTestSuiteMainPhase(TestSuiteExecutor.java:141)
	at com.kms.katalon.core.main.TestSuiteExecutor.execute(TestSuiteExecutor.java:90)
	at com.kms.katalon.core.main.TestCaseMain.startTestSuite(TestCaseMain.java:157)
	at com.kms.katalon.core.main.TestCaseMain$startTestSuite$0.call(Unknown Source)
	at TempTestSuite1620355020148.run(TempTestSuite1620355020148.groovy:39)
Caused by: com.kms.katalon.core.exception.StepFailedException: Actual text '' and expected text 'Description' of test object 'Object Repository/Item Details Objects/Page_diagnostics/div_Description' are NOT matched.
	at com.kms.katalon.core.webui.keyword.internal.WebUIKeywordMain.stepFailed(WebUIKeywordMain.groovy:64)
	at com.kms.katalon.core.webui.keyword.builtin.VerifyElementTextKeyword$_verifyElementText_closure1.doCall(VerifyElementTextKeyword.groovy:57)
	at com.kms.katalon.core.webui.keyword.builtin.VerifyElementTextKeyword$_verifyElementText_closure1.call(VerifyElementTextKeyword.groovy)
	at com.kms.katalon.core.webui.keyword.internal.WebUIKeywordMain.runKeyword(WebUIKeywordMain.groovy:20)
	... 19 more


2021-05-07 10:42:33 - [TEST_STEP][PASSED] - callTestCase(findTestCase("Custom Item Details/UTILITIES/OPEN_BROWSER"), [:], STOP_ON_FAILURE): Call Test Case 'Test Cases/Custom Item Details/UTILITIES/OPEN_BROWSER' successfully

2021-05-07 10:42:33 - [TEST_CASE][PASSED] - Test Cases/Custom Item Details/UTILITIES/OPEN_BROWSER: Test Cases/Custom Item Details/UTILITIES/OPEN_BROWSER

2021-05-07 10:42:33 - [TEST_STEP][PASSED] - openBrowser("https://diagnostics.staging.arcadier.io/"): Browser is opened with url: 'https://diagnostics.staging.arcadier.io/'

2021-05-07 10:42:33 - [MESSAGE][INFO] - Starting 'Chrome' driver

2021-05-07 10:42:33 - [MESSAGE][INFO] - Action delay is set to 0 milliseconds

2021-05-07 10:42:43 - [MESSAGE][PASSED] - Browser is opened with url: 'https://diagnostics.staging.arcadier.io/'

2021-05-07 10:42:43 - [TEST_STEP][PASSED] - maximizeWindow(): Current window maximized

2021-05-07 10:42:43 - [MESSAGE][PASSED] - Current window maximized

2021-05-07 10:42:43 - [TEST_STEP][PASSED] - click(findTestObject("Item Details Objects/Page_diagnostics/a_Accept Cookies")): Object: 'Object Repository/Item Details Objects/Page_diagnostics/a_Accept Cookies' is clicked on

2021-05-07 10:42:44 - [MESSAGE][PASSED] - Object: 'Object Repository/Item Details Objects/Page_diagnostics/a_Accept Cookies' is clicked on

2021-05-07 10:42:44 - [TEST_STEP][PASSED] - click(findTestObject("Staging Objects/Page_diagnostics/a_COVID-19 DIAGNOSTICS"), STOP_ON_FAILURE): Object: 'Object Repository/Staging Objects/Page_diagnostics/a_COVID-19 DIAGNOSTICS' is clicked on

2021-05-07 10:42:45 - [MESSAGE][PASSED] - Object: 'Object Repository/Staging Objects/Page_diagnostics/a_COVID-19 DIAGNOSTICS' is clicked on

2021-05-07 10:42:45 - [TEST_STEP][PASSED] - mouseOver(findTestObject("Staging Objects/Page_diagnostics/a_STANDARD Q COVID-19 Ag Test")): Object: 'Object Repository/Staging Objects/Page_diagnostics/a_STANDARD Q COVID-19 Ag Test' is hovered

2021-05-07 10:42:46 - [MESSAGE][PASSED] - Object: 'Object Repository/Staging Objects/Page_diagnostics/a_STANDARD Q COVID-19 Ag Test' is hovered

2021-05-07 10:42:46 - [TEST_STEP][PASSED] - click(findTestObject("Staging Objects/Page_diagnostics/a_STANDARD Q COVID-19 Ag Test")): Object: 'Object Repository/Staging Objects/Page_diagnostics/a_STANDARD Q COVID-19 Ag Test' is clicked on

2021-05-07 10:42:49 - [MESSAGE][PASSED] - Object: 'Object Repository/Staging Objects/Page_diagnostics/a_STANDARD Q COVID-19 Ag Test' is clicked on

2021-05-07 10:42:49 - [MESSAGE][PASSED] - Call Test Case 'Test Cases/Custom Item Details/UTILITIES/OPEN_BROWSER' successfully

2021-05-07 10:42:49 - [TEST_STEP][PASSED] - waitForElementVisible(findTestObject("Item Details Objects/Page_diagnostics/div_Description"), 0): Object 'Object Repository/Item Details Objects/Page_diagnostics/div_Description' is not visible after 30 second(s)

2021-05-07 10:42:49 - [MESSAGE][WARNING] - Timeout '0' is invalid. Using default page load timeout: '30'

2021-05-07 10:43:20 - [MESSAGE][WARNING] - Object 'Object Repository/Item Details Objects/Page_diagnostics/div_Description' is not visible after 30 second(s)

2021-05-07 10:43:20 - [TEST_STEP][PASSED] - verifyElementClickable(findTestObject("Item Details Objects/Page_diagnostics/div_Description")): Object 'Object Repository/Item Details Objects/Page_diagnostics/div_Description' is clickable

2021-05-07 10:43:22 - [MESSAGE][PASSED] - Object 'Object Repository/Item Details Objects/Page_diagnostics/div_Description' is clickable

2021-05-07 10:43:22 - [TEST_STEP][FAILED] - verifyElementText(findTestObject("Item Details Objects/Page_diagnostics/div_Description"), "Description"): Verify element text of test object 'Object Repository/Item Details Objects/Page_diagnostics/div_Description' FAILED. (Root cause: com.kms.katalon.core.exception.StepFailedException: Verify element text of test object 'Object Repository/Item Details Objects/Page_diagnostics/div_Description' FAILED.
	at com.kms.katalon.core.webui.keyword.internal.WebUIKeywordMain.stepFailed(WebUIKeywordMain.groovy:64)
	at com.kms.katalon.core.webui.keyword.internal.WebUIKeywordMain.runKeyword(WebUIKeywordMain.groovy:26)
	at com.kms.katalon.core.webui.keyword.builtin.VerifyElementTextKeyword.verifyElementText(VerifyElementTextKeyword.groovy:72)
	at com.kms.katalon.core.webui.keyword.builtin.VerifyElementTextKeyword.execute(VerifyElementTextKeyword.groovy:40)
	at com.kms.katalon.core.keyword.internal.KeywordExecutor.executeKeywordForPlatform(KeywordExecutor.groovy:73)
	at com.kms.katalon.core.webui.keyword.WebUiBuiltInKeywords.verifyElementText(WebUiBuiltInKeywords.groovy:4120)
	at com.kms.katalon.core.webui.keyword.WebUiBuiltInKeywords$verifyElementText$7.call(Unknown Source)
	at TC_DETAILS_UI_015.run(TC_DETAILS_UI_015:24)
	at com.kms.katalon.core.main.ScriptEngine.run(ScriptEngine.java:194)
	at com.kms.katalon.core.main.ScriptEngine.runScriptAsRawText(ScriptEngine.java:119)
	at com.kms.katalon.core.main.TestCaseExecutor.runScript(TestCaseExecutor.java:339)
	at com.kms.katalon.core.main.TestCaseExecutor.doExecute(TestCaseExecutor.java:330)
	at com.kms.katalon.core.main.TestCaseExecutor.processExecutionPhase(TestCaseExecutor.java:309)
	at com.kms.katalon.core.main.TestCaseExecutor.accessMainPhase(TestCaseExecutor.java:301)
	at com.kms.katalon.core.main.TestCaseExecutor.execute(TestCaseExecutor.java:235)
	at com.kms.katalon.core.main.TestSuiteExecutor.accessTestCaseMainPhase(TestSuiteExecutor.java:191)
	at com.kms.katalon.core.main.TestSuiteExecutor.accessTestSuiteMainPhase(TestSuiteExecutor.java:141)
	at com.kms.katalon.core.main.TestSuiteExecutor.execute(TestSuiteExecutor.java:90)
	at com.kms.katalon.core.main.TestCaseMain.startTestSuite(TestCaseMain.java:157)
	at com.kms.katalon.core.main.TestCaseMain$startTestSuite$0.call(Unknown Source)
	at TempTestSuite1620355020148.run(TempTestSuite1620355020148.groovy:39)
Caused by: com.kms.katalon.core.exception.StepFailedException: Actual text '' and expected text 'Description' of test object 'Object Repository/Item Details Objects/Page_diagnostics/div_Description' are NOT matched.
	at com.kms.katalon.core.webui.keyword.internal.WebUIKeywordMain.stepFailed(WebUIKeywordMain.groovy:64)
	at com.kms.katalon.core.webui.keyword.builtin.VerifyElementTextKeyword$_verifyElementText_closure1.doCall(VerifyElementTextKeyword.groovy:57)
	at com.kms.katalon.core.webui.keyword.builtin.VerifyElementTextKeyword$_verifyElementText_closure1.call(VerifyElementTextKeyword.groovy)
	at com.kms.katalon.core.webui.keyword.internal.WebUIKeywordMain.runKeyword(WebUIKeywordMain.groovy:20)
	... 19 more
)

2021-05-07 10:43:24 - [MESSAGE][FAILED] - Actual text '' and expected text 'Description' of test object 'Object Repository/Item Details Objects/Page_diagnostics/div_Description' are NOT matched. (Root cause: com.kms.katalon.core.exception.StepFailedException: Actual text '' and expected text 'Description' of test object 'Object Repository/Item Details Objects/Page_diagnostics/div_Description' are NOT matched.
	at com.kms.katalon.core.webui.keyword.internal.WebUIKeywordMain.stepFailed(WebUIKeywordMain.groovy:64)
	at com.kms.katalon.core.webui.keyword.builtin.VerifyElementTextKeyword$_verifyElementText_closure1.doCall(VerifyElementTextKeyword.groovy:57)
	at com.kms.katalon.core.webui.keyword.builtin.VerifyElementTextKeyword$_verifyElementText_closure1.call(VerifyElementTextKeyword.groovy)
	at com.kms.katalon.core.webui.keyword.internal.WebUIKeywordMain.runKeyword(WebUIKeywordMain.groovy:20)
	at com.kms.katalon.core.webui.keyword.builtin.VerifyElementTextKeyword.verifyElementText(VerifyElementTextKeyword.groovy:72)
	at com.kms.katalon.core.webui.keyword.builtin.VerifyElementTextKeyword.execute(VerifyElementTextKeyword.groovy:40)
	at com.kms.katalon.core.keyword.internal.KeywordExecutor.executeKeywordForPlatform(KeywordExecutor.groovy:73)
	at com.kms.katalon.core.webui.keyword.WebUiBuiltInKeywords.verifyElementText(WebUiBuiltInKeywords.groovy:4120)
	at com.kms.katalon.core.webui.keyword.WebUiBuiltInKeywords$verifyElementText$7.call(Unknown Source)
	at TC_DETAILS_UI_015.run(TC_DETAILS_UI_015:24)
	at com.kms.katalon.core.main.ScriptEngine.run(ScriptEngine.java:194)
	at com.kms.katalon.core.main.ScriptEngine.runScriptAsRawText(ScriptEngine.java:119)
	at com.kms.katalon.core.main.TestCaseExecutor.runScript(TestCaseExecutor.java:339)
	at com.kms.katalon.core.main.TestCaseExecutor.doExecute(TestCaseExecutor.java:330)
	at com.kms.katalon.core.main.TestCaseExecutor.processExecutionPhase(TestCaseExecutor.java:309)
	at com.kms.katalon.core.main.TestCaseExecutor.accessMainPhase(TestCaseExecutor.java:301)
	at com.kms.katalon.core.main.TestCaseExecutor.execute(TestCaseExecutor.java:235)
	at com.kms.katalon.core.main.TestSuiteExecutor.accessTestCaseMainPhase(TestSuiteExecutor.java:191)
	at com.kms.katalon.core.main.TestSuiteExecutor.accessTestSuiteMainPhase(TestSuiteExecutor.java:141)
	at com.kms.katalon.core.main.TestSuiteExecutor.execute(TestSuiteExecutor.java:90)
	at com.kms.katalon.core.main.TestCaseMain.startTestSuite(TestCaseMain.java:157)
	at com.kms.katalon.core.main.TestCaseMain$startTestSuite$0.call(Unknown Source)
	at TempTestSuite1620355020148.run(TempTestSuite1620355020148.groovy:39)
)
[[ATTACHMENT|K:\\Work\\GitHub\\find-item-detail-test_v2\\Reports\\20210507_103700\\Item detail test\\20210507_103700\\1620355404189.png]]

2021-05-07 10:43:24 - [MESSAGE][FAILED] - Verify element text of test object 'Object Repository/Item Details Objects/Page_diagnostics/div_Description' FAILED. (Root cause: com.kms.katalon.core.exception.StepFailedException: Verify element text of test object 'Object Repository/Item Details Objects/Page_diagnostics/div_Description' FAILED.
	at com.kms.katalon.core.webui.keyword.internal.WebUIKeywordMain.stepFailed(WebUIKeywordMain.groovy:64)
	at com.kms.katalon.core.webui.keyword.internal.WebUIKeywordMain.runKeyword(WebUIKeywordMain.groovy:26)
	at com.kms.katalon.core.webui.keyword.builtin.VerifyElementTextKeyword.verifyElementText(VerifyElementTextKeyword.groovy:72)
	at com.kms.katalon.core.webui.keyword.builtin.VerifyElementTextKeyword.execute(VerifyElementTextKeyword.groovy:40)
	at com.kms.katalon.core.keyword.internal.KeywordExecutor.executeKeywordForPlatform(KeywordExecutor.groovy:73)
	at com.kms.katalon.core.webui.keyword.WebUiBuiltInKeywords.verifyElementText(WebUiBuiltInKeywords.groovy:4120)
	at com.kms.katalon.core.webui.keyword.WebUiBuiltInKeywords$verifyElementText$7.call(Unknown Source)
	at TC_DETAILS_UI_015.run(TC_DETAILS_UI_015:24)
	at com.kms.katalon.core.main.ScriptEngine.run(ScriptEngine.java:194)
	at com.kms.katalon.core.main.ScriptEngine.runScriptAsRawText(ScriptEngine.java:119)
	at com.kms.katalon.core.main.TestCaseExecutor.runScript(TestCaseExecutor.java:339)
	at com.kms.katalon.core.main.TestCaseExecutor.doExecute(TestCaseExecutor.java:330)
	at com.kms.katalon.core.main.TestCaseExecutor.processExecutionPhase(TestCaseExecutor.java:309)
	at com.kms.katalon.core.main.TestCaseExecutor.accessMainPhase(TestCaseExecutor.java:301)
	at com.kms.katalon.core.main.TestCaseExecutor.execute(TestCaseExecutor.java:235)
	at com.kms.katalon.core.main.TestSuiteExecutor.accessTestCaseMainPhase(TestSuiteExecutor.java:191)
	at com.kms.katalon.core.main.TestSuiteExecutor.accessTestSuiteMainPhase(TestSuiteExecutor.java:141)
	at com.kms.katalon.core.main.TestSuiteExecutor.execute(TestSuiteExecutor.java:90)
	at com.kms.katalon.core.main.TestCaseMain.startTestSuite(TestCaseMain.java:157)
	at com.kms.katalon.core.main.TestCaseMain$startTestSuite$0.call(Unknown Source)
	at TempTestSuite1620355020148.run(TempTestSuite1620355020148.groovy:39)
Caused by: com.kms.katalon.core.exception.StepFailedException: Actual text '' and expected text 'Description' of test object 'Object Repository/Item Details Objects/Page_diagnostics/div_Description' are NOT matched.
	at com.kms.katalon.core.webui.keyword.internal.WebUIKeywordMain.stepFailed(WebUIKeywordMain.groovy:64)
	at com.kms.katalon.core.webui.keyword.builtin.VerifyElementTextKeyword$_verifyElementText_closure1.doCall(VerifyElementTextKeyword.groovy:57)
	at com.kms.katalon.core.webui.keyword.builtin.VerifyElementTextKeyword$_verifyElementText_closure1.call(VerifyElementTextKeyword.groovy)
	at com.kms.katalon.core.webui.keyword.internal.WebUIKeywordMain.runKeyword(WebUIKeywordMain.groovy:20)
	... 19 more
)
[[ATTACHMENT|K:\\Work\\GitHub\\find-item-detail-test_v2\\Reports\\20210507_103700\\Item detail test\\20210507_103700\\1620355404384.png]]]]></system-out>
         <system-err><![CDATA[2021-05-07 10:42:33 - [TEST_CASE][FAILED] - Test Cases/Custom Item Details/TEST CASE/TC_DETAILS_UI_015: Test Cases/Custom Item Details/TEST CASE/TC_DETAILS_UI_015 FAILED.
Reason:
com.kms.katalon.core.exception.StepFailedException: Verify element text of test object 'Object Repository/Item Details Objects/Page_diagnostics/div_Description' FAILED.
	at com.kms.katalon.core.webui.keyword.internal.WebUIKeywordMain.stepFailed(WebUIKeywordMain.groovy:64)
	at com.kms.katalon.core.webui.keyword.internal.WebUIKeywordMain.runKeyword(WebUIKeywordMain.groovy:26)
	at com.kms.katalon.core.webui.keyword.builtin.VerifyElementTextKeyword.verifyElementText(VerifyElementTextKeyword.groovy:72)
	at com.kms.katalon.core.webui.keyword.builtin.VerifyElementTextKeyword.execute(VerifyElementTextKeyword.groovy:40)
	at com.kms.katalon.core.keyword.internal.KeywordExecutor.executeKeywordForPlatform(KeywordExecutor.groovy:73)
	at com.kms.katalon.core.webui.keyword.WebUiBuiltInKeywords.verifyElementText(WebUiBuiltInKeywords.groovy:4120)
	at com.kms.katalon.core.webui.keyword.WebUiBuiltInKeywords$verifyElementText$7.call(Unknown Source)
	at TC_DETAILS_UI_015.run(TC_DETAILS_UI_015:24)
	at com.kms.katalon.core.main.ScriptEngine.run(ScriptEngine.java:194)
	at com.kms.katalon.core.main.ScriptEngine.runScriptAsRawText(ScriptEngine.java:119)
	at com.kms.katalon.core.main.TestCaseExecutor.runScript(TestCaseExecutor.java:339)
	at com.kms.katalon.core.main.TestCaseExecutor.doExecute(TestCaseExecutor.java:330)
	at com.kms.katalon.core.main.TestCaseExecutor.processExecutionPhase(TestCaseExecutor.java:309)
	at com.kms.katalon.core.main.TestCaseExecutor.accessMainPhase(TestCaseExecutor.java:301)
	at com.kms.katalon.core.main.TestCaseExecutor.execute(TestCaseExecutor.java:235)
	at com.kms.katalon.core.main.TestSuiteExecutor.accessTestCaseMainPhase(TestSuiteExecutor.java:191)
	at com.kms.katalon.core.main.TestSuiteExecutor.accessTestSuiteMainPhase(TestSuiteExecutor.java:141)
	at com.kms.katalon.core.main.TestSuiteExecutor.execute(TestSuiteExecutor.java:90)
	at com.kms.katalon.core.main.TestCaseMain.startTestSuite(TestCaseMain.java:157)
	at com.kms.katalon.core.main.TestCaseMain$startTestSuite$0.call(Unknown Source)
	at TempTestSuite1620355020148.run(TempTestSuite1620355020148.groovy:39)
Caused by: com.kms.katalon.core.exception.StepFailedException: Actual text '' and expected text 'Description' of test object 'Object Repository/Item Details Objects/Page_diagnostics/div_Description' are NOT matched.
	at com.kms.katalon.core.webui.keyword.internal.WebUIKeywordMain.stepFailed(WebUIKeywordMain.groovy:64)
	at com.kms.katalon.core.webui.keyword.builtin.VerifyElementTextKeyword$_verifyElementText_closure1.doCall(VerifyElementTextKeyword.groovy:57)
	at com.kms.katalon.core.webui.keyword.builtin.VerifyElementTextKeyword$_verifyElementText_closure1.call(VerifyElementTextKeyword.groovy)
	at com.kms.katalon.core.webui.keyword.internal.WebUIKeywordMain.runKeyword(WebUIKeywordMain.groovy:20)
	... 19 more]]></system-err>
      </testcase>
      <testcase name="Test Cases/Custom Item Details/TEST CASE/TC_DETAILS_UI_016" time="18.935" classname="Test Cases/Custom Item Details/TEST CASE/TC_DETAILS_UI_016" status="FAILED">
         <failure type="FAILED" message="Test Cases/Custom Item Details/TEST CASE/TC_DETAILS_UI_016 FAILED.
Reason:
com.kms.katalon.core.exception.StepFailedException: Verify element text of test object 'Object Repository/Item Details Objects/Page_diagnostics/div_Technical Specifications' FAILED.
	at com.kms.katalon.core.webui.keyword.internal.WebUIKeywordMain.stepFailed(WebUIKeywordMain.groovy:64)
	at com.kms.katalon.core.webui.keyword.internal.WebUIKeywordMain.runKeyword(WebUIKeywordMain.groovy:26)
	at com.kms.katalon.core.webui.keyword.builtin.VerifyElementTextKeyword.verifyElementText(VerifyElementTextKeyword.groovy:72)
	at com.kms.katalon.core.webui.keyword.builtin.VerifyElementTextKeyword.execute(VerifyElementTextKeyword.groovy:40)
	at com.kms.katalon.core.keyword.internal.KeywordExecutor.executeKeywordForPlatform(KeywordExecutor.groovy:73)
	at com.kms.katalon.core.webui.keyword.WebUiBuiltInKeywords.verifyElementText(WebUiBuiltInKeywords.groovy:4120)
	at com.kms.katalon.core.webui.keyword.WebUiBuiltInKeywords$verifyElementText$7.call(Unknown Source)
	at TC_DETAILS_UI_016.run(TC_DETAILS_UI_016:24)
	at com.kms.katalon.core.main.ScriptEngine.run(ScriptEngine.java:194)
	at com.kms.katalon.core.main.ScriptEngine.runScriptAsRawText(ScriptEngine.java:119)
	at com.kms.katalon.core.main.TestCaseExecutor.runScript(TestCaseExecutor.java:339)
	at com.kms.katalon.core.main.TestCaseExecutor.doExecute(TestCaseExecutor.java:330)
	at com.kms.katalon.core.main.TestCaseExecutor.processExecutionPhase(TestCaseExecutor.java:309)
	at com.kms.katalon.core.main.TestCaseExecutor.accessMainPhase(TestCaseExecutor.java:301)
	at com.kms.katalon.core.main.TestCaseExecutor.execute(TestCaseExecutor.java:235)
	at com.kms.katalon.core.main.TestSuiteExecutor.accessTestCaseMainPhase(TestSuiteExecutor.java:191)
	at com.kms.katalon.core.main.TestSuiteExecutor.accessTestSuiteMainPhase(TestSuiteExecutor.java:141)
	at com.kms.katalon.core.main.TestSuiteExecutor.execute(TestSuiteExecutor.java:90)
	at com.kms.katalon.core.main.TestCaseMain.startTestSuite(TestCaseMain.java:157)
	at com.kms.katalon.core.main.TestCaseMain$startTestSuite$0.call(Unknown Source)
	at TempTestSuite1620355020148.run(TempTestSuite1620355020148.groovy:39)
Caused by: com.kms.katalon.core.exception.StepFailedException: Actual text 'Description' and expected text 'Technical Specifications' of test object 'Object Repository/Item Details Objects/Page_diagnostics/div_Technical Specifications' are NOT matched.
	at com.kms.katalon.core.webui.keyword.internal.WebUIKeywordMain.stepFailed(WebUIKeywordMain.groovy:64)
	at com.kms.katalon.core.webui.keyword.builtin.VerifyElementTextKeyword$_verifyElementText_closure1.doCall(VerifyElementTextKeyword.groovy:57)
	at com.kms.katalon.core.webui.keyword.builtin.VerifyElementTextKeyword$_verifyElementText_closure1.call(VerifyElementTextKeyword.groovy)
	at com.kms.katalon.core.webui.keyword.internal.WebUIKeywordMain.runKeyword(WebUIKeywordMain.groovy:20)
	... 19 more
"/>
         <system-out><![CDATA[2021-05-07 10:43:24 - [TEST_CASE][FAILED] - Test Cases/Custom Item Details/TEST CASE/TC_DETAILS_UI_016: Test Cases/Custom Item Details/TEST CASE/TC_DETAILS_UI_016 FAILED.
Reason:
com.kms.katalon.core.exception.StepFailedException: Verify element text of test object 'Object Repository/Item Details Objects/Page_diagnostics/div_Technical Specifications' FAILED.
	at com.kms.katalon.core.webui.keyword.internal.WebUIKeywordMain.stepFailed(WebUIKeywordMain.groovy:64)
	at com.kms.katalon.core.webui.keyword.internal.WebUIKeywordMain.runKeyword(WebUIKeywordMain.groovy:26)
	at com.kms.katalon.core.webui.keyword.builtin.VerifyElementTextKeyword.verifyElementText(VerifyElementTextKeyword.groovy:72)
	at com.kms.katalon.core.webui.keyword.builtin.VerifyElementTextKeyword.execute(VerifyElementTextKeyword.groovy:40)
	at com.kms.katalon.core.keyword.internal.KeywordExecutor.executeKeywordForPlatform(KeywordExecutor.groovy:73)
	at com.kms.katalon.core.webui.keyword.WebUiBuiltInKeywords.verifyElementText(WebUiBuiltInKeywords.groovy:4120)
	at com.kms.katalon.core.webui.keyword.WebUiBuiltInKeywords$verifyElementText$7.call(Unknown Source)
	at TC_DETAILS_UI_016.run(TC_DETAILS_UI_016:24)
	at com.kms.katalon.core.main.ScriptEngine.run(ScriptEngine.java:194)
	at com.kms.katalon.core.main.ScriptEngine.runScriptAsRawText(ScriptEngine.java:119)
	at com.kms.katalon.core.main.TestCaseExecutor.runScript(TestCaseExecutor.java:339)
	at com.kms.katalon.core.main.TestCaseExecutor.doExecute(TestCaseExecutor.java:330)
	at com.kms.katalon.core.main.TestCaseExecutor.processExecutionPhase(TestCaseExecutor.java:309)
	at com.kms.katalon.core.main.TestCaseExecutor.accessMainPhase(TestCaseExecutor.java:301)
	at com.kms.katalon.core.main.TestCaseExecutor.execute(TestCaseExecutor.java:235)
	at com.kms.katalon.core.main.TestSuiteExecutor.accessTestCaseMainPhase(TestSuiteExecutor.java:191)
	at com.kms.katalon.core.main.TestSuiteExecutor.accessTestSuiteMainPhase(TestSuiteExecutor.java:141)
	at com.kms.katalon.core.main.TestSuiteExecutor.execute(TestSuiteExecutor.java:90)
	at com.kms.katalon.core.main.TestCaseMain.startTestSuite(TestCaseMain.java:157)
	at com.kms.katalon.core.main.TestCaseMain$startTestSuite$0.call(Unknown Source)
	at TempTestSuite1620355020148.run(TempTestSuite1620355020148.groovy:39)
Caused by: com.kms.katalon.core.exception.StepFailedException: Actual text 'Description' and expected text 'Technical Specifications' of test object 'Object Repository/Item Details Objects/Page_diagnostics/div_Technical Specifications' are NOT matched.
	at com.kms.katalon.core.webui.keyword.internal.WebUIKeywordMain.stepFailed(WebUIKeywordMain.groovy:64)
	at com.kms.katalon.core.webui.keyword.builtin.VerifyElementTextKeyword$_verifyElementText_closure1.doCall(VerifyElementTextKeyword.groovy:57)
	at com.kms.katalon.core.webui.keyword.builtin.VerifyElementTextKeyword$_verifyElementText_closure1.call(VerifyElementTextKeyword.groovy)
	at com.kms.katalon.core.webui.keyword.internal.WebUIKeywordMain.runKeyword(WebUIKeywordMain.groovy:20)
	... 19 more


2021-05-07 10:43:24 - [TEST_STEP][PASSED] - callTestCase(findTestCase("Custom Item Details/UTILITIES/OPEN_BROWSER"), [:], STOP_ON_FAILURE): Call Test Case 'Test Cases/Custom Item Details/UTILITIES/OPEN_BROWSER' successfully

2021-05-07 10:43:24 - [TEST_CASE][PASSED] - Test Cases/Custom Item Details/UTILITIES/OPEN_BROWSER: Test Cases/Custom Item Details/UTILITIES/OPEN_BROWSER

2021-05-07 10:43:24 - [TEST_STEP][PASSED] - openBrowser("https://diagnostics.staging.arcadier.io/"): Browser is opened with url: 'https://diagnostics.staging.arcadier.io/'

2021-05-07 10:43:24 - [MESSAGE][WARNING] - A browser is already opened. Closing browser and opening a new one

2021-05-07 10:43:25 - [MESSAGE][INFO] - Starting 'Chrome' driver

2021-05-07 10:43:25 - [MESSAGE][INFO] - Action delay is set to 0 milliseconds

2021-05-07 10:43:35 - [MESSAGE][PASSED] - Browser is opened with url: 'https://diagnostics.staging.arcadier.io/'

2021-05-07 10:43:35 - [TEST_STEP][PASSED] - maximizeWindow(): Current window maximized

2021-05-07 10:43:35 - [MESSAGE][PASSED] - Current window maximized

2021-05-07 10:43:35 - [TEST_STEP][PASSED] - click(findTestObject("Item Details Objects/Page_diagnostics/a_Accept Cookies")): Object: 'Object Repository/Item Details Objects/Page_diagnostics/a_Accept Cookies' is clicked on

2021-05-07 10:43:36 - [MESSAGE][PASSED] - Object: 'Object Repository/Item Details Objects/Page_diagnostics/a_Accept Cookies' is clicked on

2021-05-07 10:43:36 - [TEST_STEP][PASSED] - click(findTestObject("Staging Objects/Page_diagnostics/a_COVID-19 DIAGNOSTICS"), STOP_ON_FAILURE): Object: 'Object Repository/Staging Objects/Page_diagnostics/a_COVID-19 DIAGNOSTICS' is clicked on

2021-05-07 10:43:38 - [MESSAGE][PASSED] - Object: 'Object Repository/Staging Objects/Page_diagnostics/a_COVID-19 DIAGNOSTICS' is clicked on

2021-05-07 10:43:38 - [TEST_STEP][PASSED] - mouseOver(findTestObject("Staging Objects/Page_diagnostics/a_STANDARD Q COVID-19 Ag Test")): Object: 'Object Repository/Staging Objects/Page_diagnostics/a_STANDARD Q COVID-19 Ag Test' is hovered

2021-05-07 10:43:39 - [MESSAGE][PASSED] - Object: 'Object Repository/Staging Objects/Page_diagnostics/a_STANDARD Q COVID-19 Ag Test' is hovered

2021-05-07 10:43:39 - [TEST_STEP][PASSED] - click(findTestObject("Staging Objects/Page_diagnostics/a_STANDARD Q COVID-19 Ag Test")): Object: 'Object Repository/Staging Objects/Page_diagnostics/a_STANDARD Q COVID-19 Ag Test' is clicked on

2021-05-07 10:43:41 - [MESSAGE][PASSED] - Object: 'Object Repository/Staging Objects/Page_diagnostics/a_STANDARD Q COVID-19 Ag Test' is clicked on

2021-05-07 10:43:41 - [MESSAGE][PASSED] - Call Test Case 'Test Cases/Custom Item Details/UTILITIES/OPEN_BROWSER' successfully

2021-05-07 10:43:41 - [TEST_STEP][PASSED] - waitForElementVisible(findTestObject("Item Details Objects/Page_diagnostics/div_Technical Specifications"), 0): Object 'Object Repository/Item Details Objects/Page_diagnostics/div_Technical Specifications' is visible

2021-05-07 10:43:41 - [MESSAGE][WARNING] - Timeout '0' is invalid. Using default page load timeout: '30'

2021-05-07 10:43:42 - [MESSAGE][PASSED] - Object 'Object Repository/Item Details Objects/Page_diagnostics/div_Technical Specifications' is visible

2021-05-07 10:43:42 - [TEST_STEP][PASSED] - verifyElementClickable(findTestObject("Item Details Objects/Page_diagnostics/div_Technical Specifications")): Object 'Object Repository/Item Details Objects/Page_diagnostics/div_Technical Specifications' is clickable

2021-05-07 10:43:42 - [MESSAGE][PASSED] - Object 'Object Repository/Item Details Objects/Page_diagnostics/div_Technical Specifications' is clickable

2021-05-07 10:43:42 - [TEST_STEP][FAILED] - verifyElementText(findTestObject("Item Details Objects/Page_diagnostics/div_Technical Specifications"), "Technical Specifications"): Verify element text of test object 'Object Repository/Item Details Objects/Page_diagnostics/div_Technical Specifications' FAILED. (Root cause: com.kms.katalon.core.exception.StepFailedException: Verify element text of test object 'Object Repository/Item Details Objects/Page_diagnostics/div_Technical Specifications' FAILED.
	at com.kms.katalon.core.webui.keyword.internal.WebUIKeywordMain.stepFailed(WebUIKeywordMain.groovy:64)
	at com.kms.katalon.core.webui.keyword.internal.WebUIKeywordMain.runKeyword(WebUIKeywordMain.groovy:26)
	at com.kms.katalon.core.webui.keyword.builtin.VerifyElementTextKeyword.verifyElementText(VerifyElementTextKeyword.groovy:72)
	at com.kms.katalon.core.webui.keyword.builtin.VerifyElementTextKeyword.execute(VerifyElementTextKeyword.groovy:40)
	at com.kms.katalon.core.keyword.internal.KeywordExecutor.executeKeywordForPlatform(KeywordExecutor.groovy:73)
	at com.kms.katalon.core.webui.keyword.WebUiBuiltInKeywords.verifyElementText(WebUiBuiltInKeywords.groovy:4120)
	at com.kms.katalon.core.webui.keyword.WebUiBuiltInKeywords$verifyElementText$7.call(Unknown Source)
	at TC_DETAILS_UI_016.run(TC_DETAILS_UI_016:24)
	at com.kms.katalon.core.main.ScriptEngine.run(ScriptEngine.java:194)
	at com.kms.katalon.core.main.ScriptEngine.runScriptAsRawText(ScriptEngine.java:119)
	at com.kms.katalon.core.main.TestCaseExecutor.runScript(TestCaseExecutor.java:339)
	at com.kms.katalon.core.main.TestCaseExecutor.doExecute(TestCaseExecutor.java:330)
	at com.kms.katalon.core.main.TestCaseExecutor.processExecutionPhase(TestCaseExecutor.java:309)
	at com.kms.katalon.core.main.TestCaseExecutor.accessMainPhase(TestCaseExecutor.java:301)
	at com.kms.katalon.core.main.TestCaseExecutor.execute(TestCaseExecutor.java:235)
	at com.kms.katalon.core.main.TestSuiteExecutor.accessTestCaseMainPhase(TestSuiteExecutor.java:191)
	at com.kms.katalon.core.main.TestSuiteExecutor.accessTestSuiteMainPhase(TestSuiteExecutor.java:141)
	at com.kms.katalon.core.main.TestSuiteExecutor.execute(TestSuiteExecutor.java:90)
	at com.kms.katalon.core.main.TestCaseMain.startTestSuite(TestCaseMain.java:157)
	at com.kms.katalon.core.main.TestCaseMain$startTestSuite$0.call(Unknown Source)
	at TempTestSuite1620355020148.run(TempTestSuite1620355020148.groovy:39)
Caused by: com.kms.katalon.core.exception.StepFailedException: Actual text 'Description' and expected text 'Technical Specifications' of test object 'Object Repository/Item Details Objects/Page_diagnostics/div_Technical Specifications' are NOT matched.
	at com.kms.katalon.core.webui.keyword.internal.WebUIKeywordMain.stepFailed(WebUIKeywordMain.groovy:64)
	at com.kms.katalon.core.webui.keyword.builtin.VerifyElementTextKeyword$_verifyElementText_closure1.doCall(VerifyElementTextKeyword.groovy:57)
	at com.kms.katalon.core.webui.keyword.builtin.VerifyElementTextKeyword$_verifyElementText_closure1.call(VerifyElementTextKeyword.groovy)
	at com.kms.katalon.core.webui.keyword.internal.WebUIKeywordMain.runKeyword(WebUIKeywordMain.groovy:20)
	... 19 more
)

2021-05-07 10:43:43 - [MESSAGE][FAILED] - Actual text 'Description' and expected text 'Technical Specifications' of test object 'Object Repository/Item Details Objects/Page_diagnostics/div_Technical Specifications' are NOT matched. (Root cause: com.kms.katalon.core.exception.StepFailedException: Actual text 'Description' and expected text 'Technical Specifications' of test object 'Object Repository/Item Details Objects/Page_diagnostics/div_Technical Specifications' are NOT matched.
	at com.kms.katalon.core.webui.keyword.internal.WebUIKeywordMain.stepFailed(WebUIKeywordMain.groovy:64)
	at com.kms.katalon.core.webui.keyword.builtin.VerifyElementTextKeyword$_verifyElementText_closure1.doCall(VerifyElementTextKeyword.groovy:57)
	at com.kms.katalon.core.webui.keyword.builtin.VerifyElementTextKeyword$_verifyElementText_closure1.call(VerifyElementTextKeyword.groovy)
	at com.kms.katalon.core.webui.keyword.internal.WebUIKeywordMain.runKeyword(WebUIKeywordMain.groovy:20)
	at com.kms.katalon.core.webui.keyword.builtin.VerifyElementTextKeyword.verifyElementText(VerifyElementTextKeyword.groovy:72)
	at com.kms.katalon.core.webui.keyword.builtin.VerifyElementTextKeyword.execute(VerifyElementTextKeyword.groovy:40)
	at com.kms.katalon.core.keyword.internal.KeywordExecutor.executeKeywordForPlatform(KeywordExecutor.groovy:73)
	at com.kms.katalon.core.webui.keyword.WebUiBuiltInKeywords.verifyElementText(WebUiBuiltInKeywords.groovy:4120)
	at com.kms.katalon.core.webui.keyword.WebUiBuiltInKeywords$verifyElementText$7.call(Unknown Source)
	at TC_DETAILS_UI_016.run(TC_DETAILS_UI_016:24)
	at com.kms.katalon.core.main.ScriptEngine.run(ScriptEngine.java:194)
	at com.kms.katalon.core.main.ScriptEngine.runScriptAsRawText(ScriptEngine.java:119)
	at com.kms.katalon.core.main.TestCaseExecutor.runScript(TestCaseExecutor.java:339)
	at com.kms.katalon.core.main.TestCaseExecutor.doExecute(TestCaseExecutor.java:330)
	at com.kms.katalon.core.main.TestCaseExecutor.processExecutionPhase(TestCaseExecutor.java:309)
	at com.kms.katalon.core.main.TestCaseExecutor.accessMainPhase(TestCaseExecutor.java:301)
	at com.kms.katalon.core.main.TestCaseExecutor.execute(TestCaseExecutor.java:235)
	at com.kms.katalon.core.main.TestSuiteExecutor.accessTestCaseMainPhase(TestSuiteExecutor.java:191)
	at com.kms.katalon.core.main.TestSuiteExecutor.accessTestSuiteMainPhase(TestSuiteExecutor.java:141)
	at com.kms.katalon.core.main.TestSuiteExecutor.execute(TestSuiteExecutor.java:90)
	at com.kms.katalon.core.main.TestCaseMain.startTestSuite(TestCaseMain.java:157)
	at com.kms.katalon.core.main.TestCaseMain$startTestSuite$0.call(Unknown Source)
	at TempTestSuite1620355020148.run(TempTestSuite1620355020148.groovy:39)
)
[[ATTACHMENT|K:\\Work\\GitHub\\find-item-detail-test_v2\\Reports\\20210507_103700\\Item detail test\\20210507_103700\\1620355423169.png]]

2021-05-07 10:43:43 - [MESSAGE][FAILED] - Verify element text of test object 'Object Repository/Item Details Objects/Page_diagnostics/div_Technical Specifications' FAILED. (Root cause: com.kms.katalon.core.exception.StepFailedException: Verify element text of test object 'Object Repository/Item Details Objects/Page_diagnostics/div_Technical Specifications' FAILED.
	at com.kms.katalon.core.webui.keyword.internal.WebUIKeywordMain.stepFailed(WebUIKeywordMain.groovy:64)
	at com.kms.katalon.core.webui.keyword.internal.WebUIKeywordMain.runKeyword(WebUIKeywordMain.groovy:26)
	at com.kms.katalon.core.webui.keyword.builtin.VerifyElementTextKeyword.verifyElementText(VerifyElementTextKeyword.groovy:72)
	at com.kms.katalon.core.webui.keyword.builtin.VerifyElementTextKeyword.execute(VerifyElementTextKeyword.groovy:40)
	at com.kms.katalon.core.keyword.internal.KeywordExecutor.executeKeywordForPlatform(KeywordExecutor.groovy:73)
	at com.kms.katalon.core.webui.keyword.WebUiBuiltInKeywords.verifyElementText(WebUiBuiltInKeywords.groovy:4120)
	at com.kms.katalon.core.webui.keyword.WebUiBuiltInKeywords$verifyElementText$7.call(Unknown Source)
	at TC_DETAILS_UI_016.run(TC_DETAILS_UI_016:24)
	at com.kms.katalon.core.main.ScriptEngine.run(ScriptEngine.java:194)
	at com.kms.katalon.core.main.ScriptEngine.runScriptAsRawText(ScriptEngine.java:119)
	at com.kms.katalon.core.main.TestCaseExecutor.runScript(TestCaseExecutor.java:339)
	at com.kms.katalon.core.main.TestCaseExecutor.doExecute(TestCaseExecutor.java:330)
	at com.kms.katalon.core.main.TestCaseExecutor.processExecutionPhase(TestCaseExecutor.java:309)
	at com.kms.katalon.core.main.TestCaseExecutor.accessMainPhase(TestCaseExecutor.java:301)
	at com.kms.katalon.core.main.TestCaseExecutor.execute(TestCaseExecutor.java:235)
	at com.kms.katalon.core.main.TestSuiteExecutor.accessTestCaseMainPhase(TestSuiteExecutor.java:191)
	at com.kms.katalon.core.main.TestSuiteExecutor.accessTestSuiteMainPhase(TestSuiteExecutor.java:141)
	at com.kms.katalon.core.main.TestSuiteExecutor.execute(TestSuiteExecutor.java:90)
	at com.kms.katalon.core.main.TestCaseMain.startTestSuite(TestCaseMain.java:157)
	at com.kms.katalon.core.main.TestCaseMain$startTestSuite$0.call(Unknown Source)
	at TempTestSuite1620355020148.run(TempTestSuite1620355020148.groovy:39)
Caused by: com.kms.katalon.core.exception.StepFailedException: Actual text 'Description' and expected text 'Technical Specifications' of test object 'Object Repository/Item Details Objects/Page_diagnostics/div_Technical Specifications' are NOT matched.
	at com.kms.katalon.core.webui.keyword.internal.WebUIKeywordMain.stepFailed(WebUIKeywordMain.groovy:64)
	at com.kms.katalon.core.webui.keyword.builtin.VerifyElementTextKeyword$_verifyElementText_closure1.doCall(VerifyElementTextKeyword.groovy:57)
	at com.kms.katalon.core.webui.keyword.builtin.VerifyElementTextKeyword$_verifyElementText_closure1.call(VerifyElementTextKeyword.groovy)
	at com.kms.katalon.core.webui.keyword.internal.WebUIKeywordMain.runKeyword(WebUIKeywordMain.groovy:20)
	... 19 more
)
[[ATTACHMENT|K:\\Work\\GitHub\\find-item-detail-test_v2\\Reports\\20210507_103700\\Item detail test\\20210507_103700\\1620355423326.png]]]]></system-out>
         <system-err><![CDATA[2021-05-07 10:43:24 - [TEST_CASE][FAILED] - Test Cases/Custom Item Details/TEST CASE/TC_DETAILS_UI_016: Test Cases/Custom Item Details/TEST CASE/TC_DETAILS_UI_016 FAILED.
Reason:
com.kms.katalon.core.exception.StepFailedException: Verify element text of test object 'Object Repository/Item Details Objects/Page_diagnostics/div_Technical Specifications' FAILED.
	at com.kms.katalon.core.webui.keyword.internal.WebUIKeywordMain.stepFailed(WebUIKeywordMain.groovy:64)
	at com.kms.katalon.core.webui.keyword.internal.WebUIKeywordMain.runKeyword(WebUIKeywordMain.groovy:26)
	at com.kms.katalon.core.webui.keyword.builtin.VerifyElementTextKeyword.verifyElementText(VerifyElementTextKeyword.groovy:72)
	at com.kms.katalon.core.webui.keyword.builtin.VerifyElementTextKeyword.execute(VerifyElementTextKeyword.groovy:40)
	at com.kms.katalon.core.keyword.internal.KeywordExecutor.executeKeywordForPlatform(KeywordExecutor.groovy:73)
	at com.kms.katalon.core.webui.keyword.WebUiBuiltInKeywords.verifyElementText(WebUiBuiltInKeywords.groovy:4120)
	at com.kms.katalon.core.webui.keyword.WebUiBuiltInKeywords$verifyElementText$7.call(Unknown Source)
	at TC_DETAILS_UI_016.run(TC_DETAILS_UI_016:24)
	at com.kms.katalon.core.main.ScriptEngine.run(ScriptEngine.java:194)
	at com.kms.katalon.core.main.ScriptEngine.runScriptAsRawText(ScriptEngine.java:119)
	at com.kms.katalon.core.main.TestCaseExecutor.runScript(TestCaseExecutor.java:339)
	at com.kms.katalon.core.main.TestCaseExecutor.doExecute(TestCaseExecutor.java:330)
	at com.kms.katalon.core.main.TestCaseExecutor.processExecutionPhase(TestCaseExecutor.java:309)
	at com.kms.katalon.core.main.TestCaseExecutor.accessMainPhase(TestCaseExecutor.java:301)
	at com.kms.katalon.core.main.TestCaseExecutor.execute(TestCaseExecutor.java:235)
	at com.kms.katalon.core.main.TestSuiteExecutor.accessTestCaseMainPhase(TestSuiteExecutor.java:191)
	at com.kms.katalon.core.main.TestSuiteExecutor.accessTestSuiteMainPhase(TestSuiteExecutor.java:141)
	at com.kms.katalon.core.main.TestSuiteExecutor.execute(TestSuiteExecutor.java:90)
	at com.kms.katalon.core.main.TestCaseMain.startTestSuite(TestCaseMain.java:157)
	at com.kms.katalon.core.main.TestCaseMain$startTestSuite$0.call(Unknown Source)
	at TempTestSuite1620355020148.run(TempTestSuite1620355020148.groovy:39)
Caused by: com.kms.katalon.core.exception.StepFailedException: Actual text 'Description' and expected text 'Technical Specifications' of test object 'Object Repository/Item Details Objects/Page_diagnostics/div_Technical Specifications' are NOT matched.
	at com.kms.katalon.core.webui.keyword.internal.WebUIKeywordMain.stepFailed(WebUIKeywordMain.groovy:64)
	at com.kms.katalon.core.webui.keyword.builtin.VerifyElementTextKeyword$_verifyElementText_closure1.doCall(VerifyElementTextKeyword.groovy:57)
	at com.kms.katalon.core.webui.keyword.builtin.VerifyElementTextKeyword$_verifyElementText_closure1.call(VerifyElementTextKeyword.groovy)
	at com.kms.katalon.core.webui.keyword.internal.WebUIKeywordMain.runKeyword(WebUIKeywordMain.groovy:20)
	... 19 more]]></system-err>
      </testcase>
      <testcase name="Test Cases/Custom Item Details/TEST CASE/TC_DETAILS_UI_017" time="19.066" classname="Test Cases/Custom Item Details/TEST CASE/TC_DETAILS_UI_017" status="FAILED">
         <failure type="FAILED" message="Test Cases/Custom Item Details/TEST CASE/TC_DETAILS_UI_017 FAILED.
Reason:
com.kms.katalon.core.exception.StepFailedException: Verify element text of test object 'Object Repository/Item Details Objects/Page_diagnostics/div_Product_Attributes' FAILED.
	at com.kms.katalon.core.webui.keyword.internal.WebUIKeywordMain.stepFailed(WebUIKeywordMain.groovy:64)
	at com.kms.katalon.core.webui.keyword.internal.WebUIKeywordMain.runKeyword(WebUIKeywordMain.groovy:26)
	at com.kms.katalon.core.webui.keyword.builtin.VerifyElementTextKeyword.verifyElementText(VerifyElementTextKeyword.groovy:72)
	at com.kms.katalon.core.webui.keyword.builtin.VerifyElementTextKeyword.execute(VerifyElementTextKeyword.groovy:40)
	at com.kms.katalon.core.keyword.internal.KeywordExecutor.executeKeywordForPlatform(KeywordExecutor.groovy:73)
	at com.kms.katalon.core.webui.keyword.WebUiBuiltInKeywords.verifyElementText(WebUiBuiltInKeywords.groovy:4120)
	at com.kms.katalon.core.webui.keyword.WebUiBuiltInKeywords$verifyElementText$7.call(Unknown Source)
	at TC_DETAILS_UI_017.run(TC_DETAILS_UI_017:24)
	at com.kms.katalon.core.main.ScriptEngine.run(ScriptEngine.java:194)
	at com.kms.katalon.core.main.ScriptEngine.runScriptAsRawText(ScriptEngine.java:119)
	at com.kms.katalon.core.main.TestCaseExecutor.runScript(TestCaseExecutor.java:339)
	at com.kms.katalon.core.main.TestCaseExecutor.doExecute(TestCaseExecutor.java:330)
	at com.kms.katalon.core.main.TestCaseExecutor.processExecutionPhase(TestCaseExecutor.java:309)
	at com.kms.katalon.core.main.TestCaseExecutor.accessMainPhase(TestCaseExecutor.java:301)
	at com.kms.katalon.core.main.TestCaseExecutor.execute(TestCaseExecutor.java:235)
	at com.kms.katalon.core.main.TestSuiteExecutor.accessTestCaseMainPhase(TestSuiteExecutor.java:191)
	at com.kms.katalon.core.main.TestSuiteExecutor.accessTestSuiteMainPhase(TestSuiteExecutor.java:141)
	at com.kms.katalon.core.main.TestSuiteExecutor.execute(TestSuiteExecutor.java:90)
	at com.kms.katalon.core.main.TestCaseMain.startTestSuite(TestCaseMain.java:157)
	at com.kms.katalon.core.main.TestCaseMain$startTestSuite$0.call(Unknown Source)
	at TempTestSuite1620355020148.run(TempTestSuite1620355020148.groovy:39)
Caused by: com.kms.katalon.core.exception.StepFailedException: Actual text 'Technical Specifications' and expected text 'Product Attributes' of test object 'Object Repository/Item Details Objects/Page_diagnostics/div_Product_Attributes' are NOT matched.
	at com.kms.katalon.core.webui.keyword.internal.WebUIKeywordMain.stepFailed(WebUIKeywordMain.groovy:64)
	at com.kms.katalon.core.webui.keyword.builtin.VerifyElementTextKeyword$_verifyElementText_closure1.doCall(VerifyElementTextKeyword.groovy:57)
	at com.kms.katalon.core.webui.keyword.builtin.VerifyElementTextKeyword$_verifyElementText_closure1.call(VerifyElementTextKeyword.groovy)
	at com.kms.katalon.core.webui.keyword.internal.WebUIKeywordMain.runKeyword(WebUIKeywordMain.groovy:20)
	... 19 more
"/>
         <system-out><![CDATA[2021-05-07 10:43:43 - [TEST_CASE][FAILED] - Test Cases/Custom Item Details/TEST CASE/TC_DETAILS_UI_017: Test Cases/Custom Item Details/TEST CASE/TC_DETAILS_UI_017 FAILED.
Reason:
com.kms.katalon.core.exception.StepFailedException: Verify element text of test object 'Object Repository/Item Details Objects/Page_diagnostics/div_Product_Attributes' FAILED.
	at com.kms.katalon.core.webui.keyword.internal.WebUIKeywordMain.stepFailed(WebUIKeywordMain.groovy:64)
	at com.kms.katalon.core.webui.keyword.internal.WebUIKeywordMain.runKeyword(WebUIKeywordMain.groovy:26)
	at com.kms.katalon.core.webui.keyword.builtin.VerifyElementTextKeyword.verifyElementText(VerifyElementTextKeyword.groovy:72)
	at com.kms.katalon.core.webui.keyword.builtin.VerifyElementTextKeyword.execute(VerifyElementTextKeyword.groovy:40)
	at com.kms.katalon.core.keyword.internal.KeywordExecutor.executeKeywordForPlatform(KeywordExecutor.groovy:73)
	at com.kms.katalon.core.webui.keyword.WebUiBuiltInKeywords.verifyElementText(WebUiBuiltInKeywords.groovy:4120)
	at com.kms.katalon.core.webui.keyword.WebUiBuiltInKeywords$verifyElementText$7.call(Unknown Source)
	at TC_DETAILS_UI_017.run(TC_DETAILS_UI_017:24)
	at com.kms.katalon.core.main.ScriptEngine.run(ScriptEngine.java:194)
	at com.kms.katalon.core.main.ScriptEngine.runScriptAsRawText(ScriptEngine.java:119)
	at com.kms.katalon.core.main.TestCaseExecutor.runScript(TestCaseExecutor.java:339)
	at com.kms.katalon.core.main.TestCaseExecutor.doExecute(TestCaseExecutor.java:330)
	at com.kms.katalon.core.main.TestCaseExecutor.processExecutionPhase(TestCaseExecutor.java:309)
	at com.kms.katalon.core.main.TestCaseExecutor.accessMainPhase(TestCaseExecutor.java:301)
	at com.kms.katalon.core.main.TestCaseExecutor.execute(TestCaseExecutor.java:235)
	at com.kms.katalon.core.main.TestSuiteExecutor.accessTestCaseMainPhase(TestSuiteExecutor.java:191)
	at com.kms.katalon.core.main.TestSuiteExecutor.accessTestSuiteMainPhase(TestSuiteExecutor.java:141)
	at com.kms.katalon.core.main.TestSuiteExecutor.execute(TestSuiteExecutor.java:90)
	at com.kms.katalon.core.main.TestCaseMain.startTestSuite(TestCaseMain.java:157)
	at com.kms.katalon.core.main.TestCaseMain$startTestSuite$0.call(Unknown Source)
	at TempTestSuite1620355020148.run(TempTestSuite1620355020148.groovy:39)
Caused by: com.kms.katalon.core.exception.StepFailedException: Actual text 'Technical Specifications' and expected text 'Product Attributes' of test object 'Object Repository/Item Details Objects/Page_diagnostics/div_Product_Attributes' are NOT matched.
	at com.kms.katalon.core.webui.keyword.internal.WebUIKeywordMain.stepFailed(WebUIKeywordMain.groovy:64)
	at com.kms.katalon.core.webui.keyword.builtin.VerifyElementTextKeyword$_verifyElementText_closure1.doCall(VerifyElementTextKeyword.groovy:57)
	at com.kms.katalon.core.webui.keyword.builtin.VerifyElementTextKeyword$_verifyElementText_closure1.call(VerifyElementTextKeyword.groovy)
	at com.kms.katalon.core.webui.keyword.internal.WebUIKeywordMain.runKeyword(WebUIKeywordMain.groovy:20)
	... 19 more


2021-05-07 10:43:43 - [TEST_STEP][PASSED] - callTestCase(findTestCase("Custom Item Details/UTILITIES/OPEN_BROWSER"), [:], STOP_ON_FAILURE): Call Test Case 'Test Cases/Custom Item Details/UTILITIES/OPEN_BROWSER' successfully

2021-05-07 10:43:43 - [TEST_CASE][PASSED] - Test Cases/Custom Item Details/UTILITIES/OPEN_BROWSER: Test Cases/Custom Item Details/UTILITIES/OPEN_BROWSER

2021-05-07 10:43:43 - [TEST_STEP][PASSED] - openBrowser("https://diagnostics.staging.arcadier.io/"): Browser is opened with url: 'https://diagnostics.staging.arcadier.io/'

2021-05-07 10:43:43 - [MESSAGE][WARNING] - A browser is already opened. Closing browser and opening a new one

2021-05-07 10:43:44 - [MESSAGE][INFO] - Starting 'Chrome' driver

2021-05-07 10:43:44 - [MESSAGE][INFO] - Action delay is set to 0 milliseconds

2021-05-07 10:43:54 - [MESSAGE][PASSED] - Browser is opened with url: 'https://diagnostics.staging.arcadier.io/'

2021-05-07 10:43:54 - [TEST_STEP][PASSED] - maximizeWindow(): Current window maximized

2021-05-07 10:43:54 - [MESSAGE][PASSED] - Current window maximized

2021-05-07 10:43:54 - [TEST_STEP][PASSED] - click(findTestObject("Item Details Objects/Page_diagnostics/a_Accept Cookies")): Object: 'Object Repository/Item Details Objects/Page_diagnostics/a_Accept Cookies' is clicked on

2021-05-07 10:43:55 - [MESSAGE][PASSED] - Object: 'Object Repository/Item Details Objects/Page_diagnostics/a_Accept Cookies' is clicked on

2021-05-07 10:43:55 - [TEST_STEP][PASSED] - click(findTestObject("Staging Objects/Page_diagnostics/a_COVID-19 DIAGNOSTICS"), STOP_ON_FAILURE): Object: 'Object Repository/Staging Objects/Page_diagnostics/a_COVID-19 DIAGNOSTICS' is clicked on

2021-05-07 10:43:57 - [MESSAGE][PASSED] - Object: 'Object Repository/Staging Objects/Page_diagnostics/a_COVID-19 DIAGNOSTICS' is clicked on

2021-05-07 10:43:57 - [TEST_STEP][PASSED] - mouseOver(findTestObject("Staging Objects/Page_diagnostics/a_STANDARD Q COVID-19 Ag Test")): Object: 'Object Repository/Staging Objects/Page_diagnostics/a_STANDARD Q COVID-19 Ag Test' is hovered

2021-05-07 10:43:58 - [MESSAGE][PASSED] - Object: 'Object Repository/Staging Objects/Page_diagnostics/a_STANDARD Q COVID-19 Ag Test' is hovered

2021-05-07 10:43:58 - [TEST_STEP][PASSED] - click(findTestObject("Staging Objects/Page_diagnostics/a_STANDARD Q COVID-19 Ag Test")): Object: 'Object Repository/Staging Objects/Page_diagnostics/a_STANDARD Q COVID-19 Ag Test' is clicked on

2021-05-07 10:44:00 - [MESSAGE][PASSED] - Object: 'Object Repository/Staging Objects/Page_diagnostics/a_STANDARD Q COVID-19 Ag Test' is clicked on

2021-05-07 10:44:00 - [MESSAGE][PASSED] - Call Test Case 'Test Cases/Custom Item Details/UTILITIES/OPEN_BROWSER' successfully

2021-05-07 10:44:00 - [TEST_STEP][PASSED] - waitForElementVisible(findTestObject("Item Details Objects/Page_diagnostics/div_Product_Attributes"), 0): Object 'Object Repository/Item Details Objects/Page_diagnostics/div_Product_Attributes' is visible

2021-05-07 10:44:00 - [MESSAGE][WARNING] - Timeout '0' is invalid. Using default page load timeout: '30'

2021-05-07 10:44:01 - [MESSAGE][PASSED] - Object 'Object Repository/Item Details Objects/Page_diagnostics/div_Product_Attributes' is visible

2021-05-07 10:44:01 - [TEST_STEP][PASSED] - verifyElementClickable(findTestObject("Item Details Objects/Page_diagnostics/div_Product_Attributes")): Object 'Object Repository/Item Details Objects/Page_diagnostics/div_Product_Attributes' is clickable

2021-05-07 10:44:01 - [MESSAGE][PASSED] - Object 'Object Repository/Item Details Objects/Page_diagnostics/div_Product_Attributes' is clickable

2021-05-07 10:44:01 - [TEST_STEP][FAILED] - verifyElementText(findTestObject("Item Details Objects/Page_diagnostics/div_Product_Attributes"), "Product Attributes"): Verify element text of test object 'Object Repository/Item Details Objects/Page_diagnostics/div_Product_Attributes' FAILED. (Root cause: com.kms.katalon.core.exception.StepFailedException: Verify element text of test object 'Object Repository/Item Details Objects/Page_diagnostics/div_Product_Attributes' FAILED.
	at com.kms.katalon.core.webui.keyword.internal.WebUIKeywordMain.stepFailed(WebUIKeywordMain.groovy:64)
	at com.kms.katalon.core.webui.keyword.internal.WebUIKeywordMain.runKeyword(WebUIKeywordMain.groovy:26)
	at com.kms.katalon.core.webui.keyword.builtin.VerifyElementTextKeyword.verifyElementText(VerifyElementTextKeyword.groovy:72)
	at com.kms.katalon.core.webui.keyword.builtin.VerifyElementTextKeyword.execute(VerifyElementTextKeyword.groovy:40)
	at com.kms.katalon.core.keyword.internal.KeywordExecutor.executeKeywordForPlatform(KeywordExecutor.groovy:73)
	at com.kms.katalon.core.webui.keyword.WebUiBuiltInKeywords.verifyElementText(WebUiBuiltInKeywords.groovy:4120)
	at com.kms.katalon.core.webui.keyword.WebUiBuiltInKeywords$verifyElementText$7.call(Unknown Source)
	at TC_DETAILS_UI_017.run(TC_DETAILS_UI_017:24)
	at com.kms.katalon.core.main.ScriptEngine.run(ScriptEngine.java:194)
	at com.kms.katalon.core.main.ScriptEngine.runScriptAsRawText(ScriptEngine.java:119)
	at com.kms.katalon.core.main.TestCaseExecutor.runScript(TestCaseExecutor.java:339)
	at com.kms.katalon.core.main.TestCaseExecutor.doExecute(TestCaseExecutor.java:330)
	at com.kms.katalon.core.main.TestCaseExecutor.processExecutionPhase(TestCaseExecutor.java:309)
	at com.kms.katalon.core.main.TestCaseExecutor.accessMainPhase(TestCaseExecutor.java:301)
	at com.kms.katalon.core.main.TestCaseExecutor.execute(TestCaseExecutor.java:235)
	at com.kms.katalon.core.main.TestSuiteExecutor.accessTestCaseMainPhase(TestSuiteExecutor.java:191)
	at com.kms.katalon.core.main.TestSuiteExecutor.accessTestSuiteMainPhase(TestSuiteExecutor.java:141)
	at com.kms.katalon.core.main.TestSuiteExecutor.execute(TestSuiteExecutor.java:90)
	at com.kms.katalon.core.main.TestCaseMain.startTestSuite(TestCaseMain.java:157)
	at com.kms.katalon.core.main.TestCaseMain$startTestSuite$0.call(Unknown Source)
	at TempTestSuite1620355020148.run(TempTestSuite1620355020148.groovy:39)
Caused by: com.kms.katalon.core.exception.StepFailedException: Actual text 'Technical Specifications' and expected text 'Product Attributes' of test object 'Object Repository/Item Details Objects/Page_diagnostics/div_Product_Attributes' are NOT matched.
	at com.kms.katalon.core.webui.keyword.internal.WebUIKeywordMain.stepFailed(WebUIKeywordMain.groovy:64)
	at com.kms.katalon.core.webui.keyword.builtin.VerifyElementTextKeyword$_verifyElementText_closure1.doCall(VerifyElementTextKeyword.groovy:57)
	at com.kms.katalon.core.webui.keyword.builtin.VerifyElementTextKeyword$_verifyElementText_closure1.call(VerifyElementTextKeyword.groovy)
	at com.kms.katalon.core.webui.keyword.internal.WebUIKeywordMain.runKeyword(WebUIKeywordMain.groovy:20)
	... 19 more
)

2021-05-07 10:44:02 - [MESSAGE][FAILED] - Actual text 'Technical Specifications' and expected text 'Product Attributes' of test object 'Object Repository/Item Details Objects/Page_diagnostics/div_Product_Attributes' are NOT matched. (Root cause: com.kms.katalon.core.exception.StepFailedException: Actual text 'Technical Specifications' and expected text 'Product Attributes' of test object 'Object Repository/Item Details Objects/Page_diagnostics/div_Product_Attributes' are NOT matched.
	at com.kms.katalon.core.webui.keyword.internal.WebUIKeywordMain.stepFailed(WebUIKeywordMain.groovy:64)
	at com.kms.katalon.core.webui.keyword.builtin.VerifyElementTextKeyword$_verifyElementText_closure1.doCall(VerifyElementTextKeyword.groovy:57)
	at com.kms.katalon.core.webui.keyword.builtin.VerifyElementTextKeyword$_verifyElementText_closure1.call(VerifyElementTextKeyword.groovy)
	at com.kms.katalon.core.webui.keyword.internal.WebUIKeywordMain.runKeyword(WebUIKeywordMain.groovy:20)
	at com.kms.katalon.core.webui.keyword.builtin.VerifyElementTextKeyword.verifyElementText(VerifyElementTextKeyword.groovy:72)
	at com.kms.katalon.core.webui.keyword.builtin.VerifyElementTextKeyword.execute(VerifyElementTextKeyword.groovy:40)
	at com.kms.katalon.core.keyword.internal.KeywordExecutor.executeKeywordForPlatform(KeywordExecutor.groovy:73)
	at com.kms.katalon.core.webui.keyword.WebUiBuiltInKeywords.verifyElementText(WebUiBuiltInKeywords.groovy:4120)
	at com.kms.katalon.core.webui.keyword.WebUiBuiltInKeywords$verifyElementText$7.call(Unknown Source)
	at TC_DETAILS_UI_017.run(TC_DETAILS_UI_017:24)
	at com.kms.katalon.core.main.ScriptEngine.run(ScriptEngine.java:194)
	at com.kms.katalon.core.main.ScriptEngine.runScriptAsRawText(ScriptEngine.java:119)
	at com.kms.katalon.core.main.TestCaseExecutor.runScript(TestCaseExecutor.java:339)
	at com.kms.katalon.core.main.TestCaseExecutor.doExecute(TestCaseExecutor.java:330)
	at com.kms.katalon.core.main.TestCaseExecutor.processExecutionPhase(TestCaseExecutor.java:309)
	at com.kms.katalon.core.main.TestCaseExecutor.accessMainPhase(TestCaseExecutor.java:301)
	at com.kms.katalon.core.main.TestCaseExecutor.execute(TestCaseExecutor.java:235)
	at com.kms.katalon.core.main.TestSuiteExecutor.accessTestCaseMainPhase(TestSuiteExecutor.java:191)
	at com.kms.katalon.core.main.TestSuiteExecutor.accessTestSuiteMainPhase(TestSuiteExecutor.java:141)
	at com.kms.katalon.core.main.TestSuiteExecutor.execute(TestSuiteExecutor.java:90)
	at com.kms.katalon.core.main.TestCaseMain.startTestSuite(TestCaseMain.java:157)
	at com.kms.katalon.core.main.TestCaseMain$startTestSuite$0.call(Unknown Source)
	at TempTestSuite1620355020148.run(TempTestSuite1620355020148.groovy:39)
)
[[ATTACHMENT|K:\\Work\\GitHub\\find-item-detail-test_v2\\Reports\\20210507_103700\\Item detail test\\20210507_103700\\1620355442230.png]]

2021-05-07 10:44:02 - [MESSAGE][FAILED] - Verify element text of test object 'Object Repository/Item Details Objects/Page_diagnostics/div_Product_Attributes' FAILED. (Root cause: com.kms.katalon.core.exception.StepFailedException: Verify element text of test object 'Object Repository/Item Details Objects/Page_diagnostics/div_Product_Attributes' FAILED.
	at com.kms.katalon.core.webui.keyword.internal.WebUIKeywordMain.stepFailed(WebUIKeywordMain.groovy:64)
	at com.kms.katalon.core.webui.keyword.internal.WebUIKeywordMain.runKeyword(WebUIKeywordMain.groovy:26)
	at com.kms.katalon.core.webui.keyword.builtin.VerifyElementTextKeyword.verifyElementText(VerifyElementTextKeyword.groovy:72)
	at com.kms.katalon.core.webui.keyword.builtin.VerifyElementTextKeyword.execute(VerifyElementTextKeyword.groovy:40)
	at com.kms.katalon.core.keyword.internal.KeywordExecutor.executeKeywordForPlatform(KeywordExecutor.groovy:73)
	at com.kms.katalon.core.webui.keyword.WebUiBuiltInKeywords.verifyElementText(WebUiBuiltInKeywords.groovy:4120)
	at com.kms.katalon.core.webui.keyword.WebUiBuiltInKeywords$verifyElementText$7.call(Unknown Source)
	at TC_DETAILS_UI_017.run(TC_DETAILS_UI_017:24)
	at com.kms.katalon.core.main.ScriptEngine.run(ScriptEngine.java:194)
	at com.kms.katalon.core.main.ScriptEngine.runScriptAsRawText(ScriptEngine.java:119)
	at com.kms.katalon.core.main.TestCaseExecutor.runScript(TestCaseExecutor.java:339)
	at com.kms.katalon.core.main.TestCaseExecutor.doExecute(TestCaseExecutor.java:330)
	at com.kms.katalon.core.main.TestCaseExecutor.processExecutionPhase(TestCaseExecutor.java:309)
	at com.kms.katalon.core.main.TestCaseExecutor.accessMainPhase(TestCaseExecutor.java:301)
	at com.kms.katalon.core.main.TestCaseExecutor.execute(TestCaseExecutor.java:235)
	at com.kms.katalon.core.main.TestSuiteExecutor.accessTestCaseMainPhase(TestSuiteExecutor.java:191)
	at com.kms.katalon.core.main.TestSuiteExecutor.accessTestSuiteMainPhase(TestSuiteExecutor.java:141)
	at com.kms.katalon.core.main.TestSuiteExecutor.execute(TestSuiteExecutor.java:90)
	at com.kms.katalon.core.main.TestCaseMain.startTestSuite(TestCaseMain.java:157)
	at com.kms.katalon.core.main.TestCaseMain$startTestSuite$0.call(Unknown Source)
	at TempTestSuite1620355020148.run(TempTestSuite1620355020148.groovy:39)
Caused by: com.kms.katalon.core.exception.StepFailedException: Actual text 'Technical Specifications' and expected text 'Product Attributes' of test object 'Object Repository/Item Details Objects/Page_diagnostics/div_Product_Attributes' are NOT matched.
	at com.kms.katalon.core.webui.keyword.internal.WebUIKeywordMain.stepFailed(WebUIKeywordMain.groovy:64)
	at com.kms.katalon.core.webui.keyword.builtin.VerifyElementTextKeyword$_verifyElementText_closure1.doCall(VerifyElementTextKeyword.groovy:57)
	at com.kms.katalon.core.webui.keyword.builtin.VerifyElementTextKeyword$_verifyElementText_closure1.call(VerifyElementTextKeyword.groovy)
	at com.kms.katalon.core.webui.keyword.internal.WebUIKeywordMain.runKeyword(WebUIKeywordMain.groovy:20)
	... 19 more
)
[[ATTACHMENT|K:\\Work\\GitHub\\find-item-detail-test_v2\\Reports\\20210507_103700\\Item detail test\\20210507_103700\\1620355442389.png]]]]></system-out>
         <system-err><![CDATA[2021-05-07 10:43:43 - [TEST_CASE][FAILED] - Test Cases/Custom Item Details/TEST CASE/TC_DETAILS_UI_017: Test Cases/Custom Item Details/TEST CASE/TC_DETAILS_UI_017 FAILED.
Reason:
com.kms.katalon.core.exception.StepFailedException: Verify element text of test object 'Object Repository/Item Details Objects/Page_diagnostics/div_Product_Attributes' FAILED.
	at com.kms.katalon.core.webui.keyword.internal.WebUIKeywordMain.stepFailed(WebUIKeywordMain.groovy:64)
	at com.kms.katalon.core.webui.keyword.internal.WebUIKeywordMain.runKeyword(WebUIKeywordMain.groovy:26)
	at com.kms.katalon.core.webui.keyword.builtin.VerifyElementTextKeyword.verifyElementText(VerifyElementTextKeyword.groovy:72)
	at com.kms.katalon.core.webui.keyword.builtin.VerifyElementTextKeyword.execute(VerifyElementTextKeyword.groovy:40)
	at com.kms.katalon.core.keyword.internal.KeywordExecutor.executeKeywordForPlatform(KeywordExecutor.groovy:73)
	at com.kms.katalon.core.webui.keyword.WebUiBuiltInKeywords.verifyElementText(WebUiBuiltInKeywords.groovy:4120)
	at com.kms.katalon.core.webui.keyword.WebUiBuiltInKeywords$verifyElementText$7.call(Unknown Source)
	at TC_DETAILS_UI_017.run(TC_DETAILS_UI_017:24)
	at com.kms.katalon.core.main.ScriptEngine.run(ScriptEngine.java:194)
	at com.kms.katalon.core.main.ScriptEngine.runScriptAsRawText(ScriptEngine.java:119)
	at com.kms.katalon.core.main.TestCaseExecutor.runScript(TestCaseExecutor.java:339)
	at com.kms.katalon.core.main.TestCaseExecutor.doExecute(TestCaseExecutor.java:330)
	at com.kms.katalon.core.main.TestCaseExecutor.processExecutionPhase(TestCaseExecutor.java:309)
	at com.kms.katalon.core.main.TestCaseExecutor.accessMainPhase(TestCaseExecutor.java:301)
	at com.kms.katalon.core.main.TestCaseExecutor.execute(TestCaseExecutor.java:235)
	at com.kms.katalon.core.main.TestSuiteExecutor.accessTestCaseMainPhase(TestSuiteExecutor.java:191)
	at com.kms.katalon.core.main.TestSuiteExecutor.accessTestSuiteMainPhase(TestSuiteExecutor.java:141)
	at com.kms.katalon.core.main.TestSuiteExecutor.execute(TestSuiteExecutor.java:90)
	at com.kms.katalon.core.main.TestCaseMain.startTestSuite(TestCaseMain.java:157)
	at com.kms.katalon.core.main.TestCaseMain$startTestSuite$0.call(Unknown Source)
	at TempTestSuite1620355020148.run(TempTestSuite1620355020148.groovy:39)
Caused by: com.kms.katalon.core.exception.StepFailedException: Actual text 'Technical Specifications' and expected text 'Product Attributes' of test object 'Object Repository/Item Details Objects/Page_diagnostics/div_Product_Attributes' are NOT matched.
	at com.kms.katalon.core.webui.keyword.internal.WebUIKeywordMain.stepFailed(WebUIKeywordMain.groovy:64)
	at com.kms.katalon.core.webui.keyword.builtin.VerifyElementTextKeyword$_verifyElementText_closure1.doCall(VerifyElementTextKeyword.groovy:57)
	at com.kms.katalon.core.webui.keyword.builtin.VerifyElementTextKeyword$_verifyElementText_closure1.call(VerifyElementTextKeyword.groovy)
	at com.kms.katalon.core.webui.keyword.internal.WebUIKeywordMain.runKeyword(WebUIKeywordMain.groovy:20)
	... 19 more]]></system-err>
      </testcase>
      <testcase name="Test Cases/Custom Item Details/TEST CASE/TC_DETAILS_UI_018" time="22.74" classname="Test Cases/Custom Item Details/TEST CASE/TC_DETAILS_UI_018" status="FAILED">
         <failure type="FAILED" message="Test Cases/Custom Item Details/TEST CASE/TC_DETAILS_UI_018 FAILED.
Reason:
com.kms.katalon.core.exception.StepFailedException: Verify element text of test object 'Object Repository/Item Details Objects/Page_diagnostics/div_Manufacture_Information' FAILED.
	at com.kms.katalon.core.webui.keyword.internal.WebUIKeywordMain.stepFailed(WebUIKeywordMain.groovy:64)
	at com.kms.katalon.core.webui.keyword.internal.WebUIKeywordMain.runKeyword(WebUIKeywordMain.groovy:26)
	at com.kms.katalon.core.webui.keyword.builtin.VerifyElementTextKeyword.verifyElementText(VerifyElementTextKeyword.groovy:72)
	at com.kms.katalon.core.webui.keyword.builtin.VerifyElementTextKeyword.execute(VerifyElementTextKeyword.groovy:40)
	at com.kms.katalon.core.keyword.internal.KeywordExecutor.executeKeywordForPlatform(KeywordExecutor.groovy:73)
	at com.kms.katalon.core.webui.keyword.WebUiBuiltInKeywords.verifyElementText(WebUiBuiltInKeywords.groovy:4120)
	at com.kms.katalon.core.webui.keyword.WebUiBuiltInKeywords$verifyElementText$7.call(Unknown Source)
	at TC_DETAILS_UI_018.run(TC_DETAILS_UI_018:24)
	at com.kms.katalon.core.main.ScriptEngine.run(ScriptEngine.java:194)
	at com.kms.katalon.core.main.ScriptEngine.runScriptAsRawText(ScriptEngine.java:119)
	at com.kms.katalon.core.main.TestCaseExecutor.runScript(TestCaseExecutor.java:339)
	at com.kms.katalon.core.main.TestCaseExecutor.doExecute(TestCaseExecutor.java:330)
	at com.kms.katalon.core.main.TestCaseExecutor.processExecutionPhase(TestCaseExecutor.java:309)
	at com.kms.katalon.core.main.TestCaseExecutor.accessMainPhase(TestCaseExecutor.java:301)
	at com.kms.katalon.core.main.TestCaseExecutor.execute(TestCaseExecutor.java:235)
	at com.kms.katalon.core.main.TestSuiteExecutor.accessTestCaseMainPhase(TestSuiteExecutor.java:191)
	at com.kms.katalon.core.main.TestSuiteExecutor.accessTestSuiteMainPhase(TestSuiteExecutor.java:141)
	at com.kms.katalon.core.main.TestSuiteExecutor.execute(TestSuiteExecutor.java:90)
	at com.kms.katalon.core.main.TestCaseMain.startTestSuite(TestCaseMain.java:157)
	at com.kms.katalon.core.main.TestCaseMain$startTestSuite$0.call(Unknown Source)
	at TempTestSuite1620355020148.run(TempTestSuite1620355020148.groovy:39)
Caused by: com.kms.katalon.core.exception.StepFailedException: Actual text 'Product Attributes' and expected text 'Manufacture Information' of test object 'Object Repository/Item Details Objects/Page_diagnostics/div_Manufacture_Information' are NOT matched.
	at com.kms.katalon.core.webui.keyword.internal.WebUIKeywordMain.stepFailed(WebUIKeywordMain.groovy:64)
	at com.kms.katalon.core.webui.keyword.builtin.VerifyElementTextKeyword$_verifyElementText_closure1.doCall(VerifyElementTextKeyword.groovy:57)
	at com.kms.katalon.core.webui.keyword.builtin.VerifyElementTextKeyword$_verifyElementText_closure1.call(VerifyElementTextKeyword.groovy)
	at com.kms.katalon.core.webui.keyword.internal.WebUIKeywordMain.runKeyword(WebUIKeywordMain.groovy:20)
	... 19 more
"/>
         <system-out><![CDATA[2021-05-07 10:44:02 - [TEST_CASE][FAILED] - Test Cases/Custom Item Details/TEST CASE/TC_DETAILS_UI_018: Test Cases/Custom Item Details/TEST CASE/TC_DETAILS_UI_018 FAILED.
Reason:
com.kms.katalon.core.exception.StepFailedException: Verify element text of test object 'Object Repository/Item Details Objects/Page_diagnostics/div_Manufacture_Information' FAILED.
	at com.kms.katalon.core.webui.keyword.internal.WebUIKeywordMain.stepFailed(WebUIKeywordMain.groovy:64)
	at com.kms.katalon.core.webui.keyword.internal.WebUIKeywordMain.runKeyword(WebUIKeywordMain.groovy:26)
	at com.kms.katalon.core.webui.keyword.builtin.VerifyElementTextKeyword.verifyElementText(VerifyElementTextKeyword.groovy:72)
	at com.kms.katalon.core.webui.keyword.builtin.VerifyElementTextKeyword.execute(VerifyElementTextKeyword.groovy:40)
	at com.kms.katalon.core.keyword.internal.KeywordExecutor.executeKeywordForPlatform(KeywordExecutor.groovy:73)
	at com.kms.katalon.core.webui.keyword.WebUiBuiltInKeywords.verifyElementText(WebUiBuiltInKeywords.groovy:4120)
	at com.kms.katalon.core.webui.keyword.WebUiBuiltInKeywords$verifyElementText$7.call(Unknown Source)
	at TC_DETAILS_UI_018.run(TC_DETAILS_UI_018:24)
	at com.kms.katalon.core.main.ScriptEngine.run(ScriptEngine.java:194)
	at com.kms.katalon.core.main.ScriptEngine.runScriptAsRawText(ScriptEngine.java:119)
	at com.kms.katalon.core.main.TestCaseExecutor.runScript(TestCaseExecutor.java:339)
	at com.kms.katalon.core.main.TestCaseExecutor.doExecute(TestCaseExecutor.java:330)
	at com.kms.katalon.core.main.TestCaseExecutor.processExecutionPhase(TestCaseExecutor.java:309)
	at com.kms.katalon.core.main.TestCaseExecutor.accessMainPhase(TestCaseExecutor.java:301)
	at com.kms.katalon.core.main.TestCaseExecutor.execute(TestCaseExecutor.java:235)
	at com.kms.katalon.core.main.TestSuiteExecutor.accessTestCaseMainPhase(TestSuiteExecutor.java:191)
	at com.kms.katalon.core.main.TestSuiteExecutor.accessTestSuiteMainPhase(TestSuiteExecutor.java:141)
	at com.kms.katalon.core.main.TestSuiteExecutor.execute(TestSuiteExecutor.java:90)
	at com.kms.katalon.core.main.TestCaseMain.startTestSuite(TestCaseMain.java:157)
	at com.kms.katalon.core.main.TestCaseMain$startTestSuite$0.call(Unknown Source)
	at TempTestSuite1620355020148.run(TempTestSuite1620355020148.groovy:39)
Caused by: com.kms.katalon.core.exception.StepFailedException: Actual text 'Product Attributes' and expected text 'Manufacture Information' of test object 'Object Repository/Item Details Objects/Page_diagnostics/div_Manufacture_Information' are NOT matched.
	at com.kms.katalon.core.webui.keyword.internal.WebUIKeywordMain.stepFailed(WebUIKeywordMain.groovy:64)
	at com.kms.katalon.core.webui.keyword.builtin.VerifyElementTextKeyword$_verifyElementText_closure1.doCall(VerifyElementTextKeyword.groovy:57)
	at com.kms.katalon.core.webui.keyword.builtin.VerifyElementTextKeyword$_verifyElementText_closure1.call(VerifyElementTextKeyword.groovy)
	at com.kms.katalon.core.webui.keyword.internal.WebUIKeywordMain.runKeyword(WebUIKeywordMain.groovy:20)
	... 19 more


2021-05-07 10:44:02 - [TEST_STEP][PASSED] - callTestCase(findTestCase("Custom Item Details/UTILITIES/OPEN_BROWSER"), [:], STOP_ON_FAILURE): Call Test Case 'Test Cases/Custom Item Details/UTILITIES/OPEN_BROWSER' successfully

2021-05-07 10:44:02 - [TEST_CASE][PASSED] - Test Cases/Custom Item Details/UTILITIES/OPEN_BROWSER: Test Cases/Custom Item Details/UTILITIES/OPEN_BROWSER

2021-05-07 10:44:02 - [TEST_STEP][PASSED] - openBrowser("https://diagnostics.staging.arcadier.io/"): Browser is opened with url: 'https://diagnostics.staging.arcadier.io/'

2021-05-07 10:44:02 - [MESSAGE][WARNING] - A browser is already opened. Closing browser and opening a new one

2021-05-07 10:44:03 - [MESSAGE][INFO] - Starting 'Chrome' driver

2021-05-07 10:44:03 - [MESSAGE][INFO] - Action delay is set to 0 milliseconds

2021-05-07 10:44:13 - [MESSAGE][PASSED] - Browser is opened with url: 'https://diagnostics.staging.arcadier.io/'

2021-05-07 10:44:13 - [TEST_STEP][PASSED] - maximizeWindow(): Current window maximized

2021-05-07 10:44:14 - [MESSAGE][PASSED] - Current window maximized

2021-05-07 10:44:14 - [TEST_STEP][PASSED] - click(findTestObject("Item Details Objects/Page_diagnostics/a_Accept Cookies")): Object: 'Object Repository/Item Details Objects/Page_diagnostics/a_Accept Cookies' is clicked on

2021-05-07 10:44:15 - [MESSAGE][PASSED] - Object: 'Object Repository/Item Details Objects/Page_diagnostics/a_Accept Cookies' is clicked on

2021-05-07 10:44:15 - [TEST_STEP][PASSED] - click(findTestObject("Staging Objects/Page_diagnostics/a_COVID-19 DIAGNOSTICS"), STOP_ON_FAILURE): Object: 'Object Repository/Staging Objects/Page_diagnostics/a_COVID-19 DIAGNOSTICS' is clicked on

2021-05-07 10:44:17 - [MESSAGE][PASSED] - Object: 'Object Repository/Staging Objects/Page_diagnostics/a_COVID-19 DIAGNOSTICS' is clicked on

2021-05-07 10:44:17 - [TEST_STEP][PASSED] - mouseOver(findTestObject("Staging Objects/Page_diagnostics/a_STANDARD Q COVID-19 Ag Test")): Object: 'Object Repository/Staging Objects/Page_diagnostics/a_STANDARD Q COVID-19 Ag Test' is hovered

2021-05-07 10:44:18 - [MESSAGE][PASSED] - Object: 'Object Repository/Staging Objects/Page_diagnostics/a_STANDARD Q COVID-19 Ag Test' is hovered

2021-05-07 10:44:18 - [TEST_STEP][PASSED] - click(findTestObject("Staging Objects/Page_diagnostics/a_STANDARD Q COVID-19 Ag Test")): Object: 'Object Repository/Staging Objects/Page_diagnostics/a_STANDARD Q COVID-19 Ag Test' is clicked on

2021-05-07 10:44:23 - [MESSAGE][PASSED] - Object: 'Object Repository/Staging Objects/Page_diagnostics/a_STANDARD Q COVID-19 Ag Test' is clicked on

2021-05-07 10:44:23 - [MESSAGE][PASSED] - Call Test Case 'Test Cases/Custom Item Details/UTILITIES/OPEN_BROWSER' successfully

2021-05-07 10:44:23 - [TEST_STEP][PASSED] - waitForElementVisible(findTestObject("Item Details Objects/Page_diagnostics/div_Manufacture_Information"), 0): Object 'Object Repository/Item Details Objects/Page_diagnostics/div_Manufacture_Information' is visible

2021-05-07 10:44:24 - [MESSAGE][WARNING] - Timeout '0' is invalid. Using default page load timeout: '30'

2021-05-07 10:44:24 - [MESSAGE][PASSED] - Object 'Object Repository/Item Details Objects/Page_diagnostics/div_Manufacture_Information' is visible

2021-05-07 10:44:24 - [TEST_STEP][PASSED] - verifyElementClickable(findTestObject("Item Details Objects/Page_diagnostics/div_Manufacture_Information")): Object 'Object Repository/Item Details Objects/Page_diagnostics/div_Manufacture_Information' is clickable

2021-05-07 10:44:24 - [MESSAGE][PASSED] - Object 'Object Repository/Item Details Objects/Page_diagnostics/div_Manufacture_Information' is clickable

2021-05-07 10:44:24 - [TEST_STEP][FAILED] - verifyElementText(findTestObject("Item Details Objects/Page_diagnostics/div_Manufacture_Information"), "Manufacture Information"): Verify element text of test object 'Object Repository/Item Details Objects/Page_diagnostics/div_Manufacture_Information' FAILED. (Root cause: com.kms.katalon.core.exception.StepFailedException: Verify element text of test object 'Object Repository/Item Details Objects/Page_diagnostics/div_Manufacture_Information' FAILED.
	at com.kms.katalon.core.webui.keyword.internal.WebUIKeywordMain.stepFailed(WebUIKeywordMain.groovy:64)
	at com.kms.katalon.core.webui.keyword.internal.WebUIKeywordMain.runKeyword(WebUIKeywordMain.groovy:26)
	at com.kms.katalon.core.webui.keyword.builtin.VerifyElementTextKeyword.verifyElementText(VerifyElementTextKeyword.groovy:72)
	at com.kms.katalon.core.webui.keyword.builtin.VerifyElementTextKeyword.execute(VerifyElementTextKeyword.groovy:40)
	at com.kms.katalon.core.keyword.internal.KeywordExecutor.executeKeywordForPlatform(KeywordExecutor.groovy:73)
	at com.kms.katalon.core.webui.keyword.WebUiBuiltInKeywords.verifyElementText(WebUiBuiltInKeywords.groovy:4120)
	at com.kms.katalon.core.webui.keyword.WebUiBuiltInKeywords$verifyElementText$7.call(Unknown Source)
	at TC_DETAILS_UI_018.run(TC_DETAILS_UI_018:24)
	at com.kms.katalon.core.main.ScriptEngine.run(ScriptEngine.java:194)
	at com.kms.katalon.core.main.ScriptEngine.runScriptAsRawText(ScriptEngine.java:119)
	at com.kms.katalon.core.main.TestCaseExecutor.runScript(TestCaseExecutor.java:339)
	at com.kms.katalon.core.main.TestCaseExecutor.doExecute(TestCaseExecutor.java:330)
	at com.kms.katalon.core.main.TestCaseExecutor.processExecutionPhase(TestCaseExecutor.java:309)
	at com.kms.katalon.core.main.TestCaseExecutor.accessMainPhase(TestCaseExecutor.java:301)
	at com.kms.katalon.core.main.TestCaseExecutor.execute(TestCaseExecutor.java:235)
	at com.kms.katalon.core.main.TestSuiteExecutor.accessTestCaseMainPhase(TestSuiteExecutor.java:191)
	at com.kms.katalon.core.main.TestSuiteExecutor.accessTestSuiteMainPhase(TestSuiteExecutor.java:141)
	at com.kms.katalon.core.main.TestSuiteExecutor.execute(TestSuiteExecutor.java:90)
	at com.kms.katalon.core.main.TestCaseMain.startTestSuite(TestCaseMain.java:157)
	at com.kms.katalon.core.main.TestCaseMain$startTestSuite$0.call(Unknown Source)
	at TempTestSuite1620355020148.run(TempTestSuite1620355020148.groovy:39)
Caused by: com.kms.katalon.core.exception.StepFailedException: Actual text 'Product Attributes' and expected text 'Manufacture Information' of test object 'Object Repository/Item Details Objects/Page_diagnostics/div_Manufacture_Information' are NOT matched.
	at com.kms.katalon.core.webui.keyword.internal.WebUIKeywordMain.stepFailed(WebUIKeywordMain.groovy:64)
	at com.kms.katalon.core.webui.keyword.builtin.VerifyElementTextKeyword$_verifyElementText_closure1.doCall(VerifyElementTextKeyword.groovy:57)
	at com.kms.katalon.core.webui.keyword.builtin.VerifyElementTextKeyword$_verifyElementText_closure1.call(VerifyElementTextKeyword.groovy)
	at com.kms.katalon.core.webui.keyword.internal.WebUIKeywordMain.runKeyword(WebUIKeywordMain.groovy:20)
	... 19 more
)

2021-05-07 10:44:25 - [MESSAGE][FAILED] - Actual text 'Product Attributes' and expected text 'Manufacture Information' of test object 'Object Repository/Item Details Objects/Page_diagnostics/div_Manufacture_Information' are NOT matched. (Root cause: com.kms.katalon.core.exception.StepFailedException: Actual text 'Product Attributes' and expected text 'Manufacture Information' of test object 'Object Repository/Item Details Objects/Page_diagnostics/div_Manufacture_Information' are NOT matched.
	at com.kms.katalon.core.webui.keyword.internal.WebUIKeywordMain.stepFailed(WebUIKeywordMain.groovy:64)
	at com.kms.katalon.core.webui.keyword.builtin.VerifyElementTextKeyword$_verifyElementText_closure1.doCall(VerifyElementTextKeyword.groovy:57)
	at com.kms.katalon.core.webui.keyword.builtin.VerifyElementTextKeyword$_verifyElementText_closure1.call(VerifyElementTextKeyword.groovy)
	at com.kms.katalon.core.webui.keyword.internal.WebUIKeywordMain.runKeyword(WebUIKeywordMain.groovy:20)
	at com.kms.katalon.core.webui.keyword.builtin.VerifyElementTextKeyword.verifyElementText(VerifyElementTextKeyword.groovy:72)
	at com.kms.katalon.core.webui.keyword.builtin.VerifyElementTextKeyword.execute(VerifyElementTextKeyword.groovy:40)
	at com.kms.katalon.core.keyword.internal.KeywordExecutor.executeKeywordForPlatform(KeywordExecutor.groovy:73)
	at com.kms.katalon.core.webui.keyword.WebUiBuiltInKeywords.verifyElementText(WebUiBuiltInKeywords.groovy:4120)
	at com.kms.katalon.core.webui.keyword.WebUiBuiltInKeywords$verifyElementText$7.call(Unknown Source)
	at TC_DETAILS_UI_018.run(TC_DETAILS_UI_018:24)
	at com.kms.katalon.core.main.ScriptEngine.run(ScriptEngine.java:194)
	at com.kms.katalon.core.main.ScriptEngine.runScriptAsRawText(ScriptEngine.java:119)
	at com.kms.katalon.core.main.TestCaseExecutor.runScript(TestCaseExecutor.java:339)
	at com.kms.katalon.core.main.TestCaseExecutor.doExecute(TestCaseExecutor.java:330)
	at com.kms.katalon.core.main.TestCaseExecutor.processExecutionPhase(TestCaseExecutor.java:309)
	at com.kms.katalon.core.main.TestCaseExecutor.accessMainPhase(TestCaseExecutor.java:301)
	at com.kms.katalon.core.main.TestCaseExecutor.execute(TestCaseExecutor.java:235)
	at com.kms.katalon.core.main.TestSuiteExecutor.accessTestCaseMainPhase(TestSuiteExecutor.java:191)
	at com.kms.katalon.core.main.TestSuiteExecutor.accessTestSuiteMainPhase(TestSuiteExecutor.java:141)
	at com.kms.katalon.core.main.TestSuiteExecutor.execute(TestSuiteExecutor.java:90)
	at com.kms.katalon.core.main.TestCaseMain.startTestSuite(TestCaseMain.java:157)
	at com.kms.katalon.core.main.TestCaseMain$startTestSuite$0.call(Unknown Source)
	at TempTestSuite1620355020148.run(TempTestSuite1620355020148.groovy:39)
)
[[ATTACHMENT|K:\\Work\\GitHub\\find-item-detail-test_v2\\Reports\\20210507_103700\\Item detail test\\20210507_103700\\1620355464983.png]]

2021-05-07 10:44:25 - [MESSAGE][FAILED] - Verify element text of test object 'Object Repository/Item Details Objects/Page_diagnostics/div_Manufacture_Information' FAILED. (Root cause: com.kms.katalon.core.exception.StepFailedException: Verify element text of test object 'Object Repository/Item Details Objects/Page_diagnostics/div_Manufacture_Information' FAILED.
	at com.kms.katalon.core.webui.keyword.internal.WebUIKeywordMain.stepFailed(WebUIKeywordMain.groovy:64)
	at com.kms.katalon.core.webui.keyword.internal.WebUIKeywordMain.runKeyword(WebUIKeywordMain.groovy:26)
	at com.kms.katalon.core.webui.keyword.builtin.VerifyElementTextKeyword.verifyElementText(VerifyElementTextKeyword.groovy:72)
	at com.kms.katalon.core.webui.keyword.builtin.VerifyElementTextKeyword.execute(VerifyElementTextKeyword.groovy:40)
	at com.kms.katalon.core.keyword.internal.KeywordExecutor.executeKeywordForPlatform(KeywordExecutor.groovy:73)
	at com.kms.katalon.core.webui.keyword.WebUiBuiltInKeywords.verifyElementText(WebUiBuiltInKeywords.groovy:4120)
	at com.kms.katalon.core.webui.keyword.WebUiBuiltInKeywords$verifyElementText$7.call(Unknown Source)
	at TC_DETAILS_UI_018.run(TC_DETAILS_UI_018:24)
	at com.kms.katalon.core.main.ScriptEngine.run(ScriptEngine.java:194)
	at com.kms.katalon.core.main.ScriptEngine.runScriptAsRawText(ScriptEngine.java:119)
	at com.kms.katalon.core.main.TestCaseExecutor.runScript(TestCaseExecutor.java:339)
	at com.kms.katalon.core.main.TestCaseExecutor.doExecute(TestCaseExecutor.java:330)
	at com.kms.katalon.core.main.TestCaseExecutor.processExecutionPhase(TestCaseExecutor.java:309)
	at com.kms.katalon.core.main.TestCaseExecutor.accessMainPhase(TestCaseExecutor.java:301)
	at com.kms.katalon.core.main.TestCaseExecutor.execute(TestCaseExecutor.java:235)
	at com.kms.katalon.core.main.TestSuiteExecutor.accessTestCaseMainPhase(TestSuiteExecutor.java:191)
	at com.kms.katalon.core.main.TestSuiteExecutor.accessTestSuiteMainPhase(TestSuiteExecutor.java:141)
	at com.kms.katalon.core.main.TestSuiteExecutor.execute(TestSuiteExecutor.java:90)
	at com.kms.katalon.core.main.TestCaseMain.startTestSuite(TestCaseMain.java:157)
	at com.kms.katalon.core.main.TestCaseMain$startTestSuite$0.call(Unknown Source)
	at TempTestSuite1620355020148.run(TempTestSuite1620355020148.groovy:39)
Caused by: com.kms.katalon.core.exception.StepFailedException: Actual text 'Product Attributes' and expected text 'Manufacture Information' of test object 'Object Repository/Item Details Objects/Page_diagnostics/div_Manufacture_Information' are NOT matched.
	at com.kms.katalon.core.webui.keyword.internal.WebUIKeywordMain.stepFailed(WebUIKeywordMain.groovy:64)
	at com.kms.katalon.core.webui.keyword.builtin.VerifyElementTextKeyword$_verifyElementText_closure1.doCall(VerifyElementTextKeyword.groovy:57)
	at com.kms.katalon.core.webui.keyword.builtin.VerifyElementTextKeyword$_verifyElementText_closure1.call(VerifyElementTextKeyword.groovy)
	at com.kms.katalon.core.webui.keyword.internal.WebUIKeywordMain.runKeyword(WebUIKeywordMain.groovy:20)
	... 19 more
)
[[ATTACHMENT|K:\\Work\\GitHub\\find-item-detail-test_v2\\Reports\\20210507_103700\\Item detail test\\20210507_103700\\1620355465137.png]]]]></system-out>
         <system-err><![CDATA[2021-05-07 10:44:02 - [TEST_CASE][FAILED] - Test Cases/Custom Item Details/TEST CASE/TC_DETAILS_UI_018: Test Cases/Custom Item Details/TEST CASE/TC_DETAILS_UI_018 FAILED.
Reason:
com.kms.katalon.core.exception.StepFailedException: Verify element text of test object 'Object Repository/Item Details Objects/Page_diagnostics/div_Manufacture_Information' FAILED.
	at com.kms.katalon.core.webui.keyword.internal.WebUIKeywordMain.stepFailed(WebUIKeywordMain.groovy:64)
	at com.kms.katalon.core.webui.keyword.internal.WebUIKeywordMain.runKeyword(WebUIKeywordMain.groovy:26)
	at com.kms.katalon.core.webui.keyword.builtin.VerifyElementTextKeyword.verifyElementText(VerifyElementTextKeyword.groovy:72)
	at com.kms.katalon.core.webui.keyword.builtin.VerifyElementTextKeyword.execute(VerifyElementTextKeyword.groovy:40)
	at com.kms.katalon.core.keyword.internal.KeywordExecutor.executeKeywordForPlatform(KeywordExecutor.groovy:73)
	at com.kms.katalon.core.webui.keyword.WebUiBuiltInKeywords.verifyElementText(WebUiBuiltInKeywords.groovy:4120)
	at com.kms.katalon.core.webui.keyword.WebUiBuiltInKeywords$verifyElementText$7.call(Unknown Source)
	at TC_DETAILS_UI_018.run(TC_DETAILS_UI_018:24)
	at com.kms.katalon.core.main.ScriptEngine.run(ScriptEngine.java:194)
	at com.kms.katalon.core.main.ScriptEngine.runScriptAsRawText(ScriptEngine.java:119)
	at com.kms.katalon.core.main.TestCaseExecutor.runScript(TestCaseExecutor.java:339)
	at com.kms.katalon.core.main.TestCaseExecutor.doExecute(TestCaseExecutor.java:330)
	at com.kms.katalon.core.main.TestCaseExecutor.processExecutionPhase(TestCaseExecutor.java:309)
	at com.kms.katalon.core.main.TestCaseExecutor.accessMainPhase(TestCaseExecutor.java:301)
	at com.kms.katalon.core.main.TestCaseExecutor.execute(TestCaseExecutor.java:235)
	at com.kms.katalon.core.main.TestSuiteExecutor.accessTestCaseMainPhase(TestSuiteExecutor.java:191)
	at com.kms.katalon.core.main.TestSuiteExecutor.accessTestSuiteMainPhase(TestSuiteExecutor.java:141)
	at com.kms.katalon.core.main.TestSuiteExecutor.execute(TestSuiteExecutor.java:90)
	at com.kms.katalon.core.main.TestCaseMain.startTestSuite(TestCaseMain.java:157)
	at com.kms.katalon.core.main.TestCaseMain$startTestSuite$0.call(Unknown Source)
	at TempTestSuite1620355020148.run(TempTestSuite1620355020148.groovy:39)
Caused by: com.kms.katalon.core.exception.StepFailedException: Actual text 'Product Attributes' and expected text 'Manufacture Information' of test object 'Object Repository/Item Details Objects/Page_diagnostics/div_Manufacture_Information' are NOT matched.
	at com.kms.katalon.core.webui.keyword.internal.WebUIKeywordMain.stepFailed(WebUIKeywordMain.groovy:64)
	at com.kms.katalon.core.webui.keyword.builtin.VerifyElementTextKeyword$_verifyElementText_closure1.doCall(VerifyElementTextKeyword.groovy:57)
	at com.kms.katalon.core.webui.keyword.builtin.VerifyElementTextKeyword$_verifyElementText_closure1.call(VerifyElementTextKeyword.groovy)
	at com.kms.katalon.core.webui.keyword.internal.WebUIKeywordMain.runKeyword(WebUIKeywordMain.groovy:20)
	... 19 more]]></system-err>
      </testcase>
      <testcase name="Test Cases/Custom Item Details/TEST CASE/TC_DETAILS_UI_019" time="18.754" classname="Test Cases/Custom Item Details/TEST CASE/TC_DETAILS_UI_019" status="FAILED">
         <failure type="FAILED" message="Test Cases/Custom Item Details/TEST CASE/TC_DETAILS_UI_019 FAILED.
Reason:
com.kms.katalon.core.exception.StepFailedException: Verify element text of test object 'Object Repository/Item Details Objects/Page_diagnostics/div_Regulatory_Approval' FAILED.
	at com.kms.katalon.core.webui.keyword.internal.WebUIKeywordMain.stepFailed(WebUIKeywordMain.groovy:64)
	at com.kms.katalon.core.webui.keyword.internal.WebUIKeywordMain.runKeyword(WebUIKeywordMain.groovy:26)
	at com.kms.katalon.core.webui.keyword.builtin.VerifyElementTextKeyword.verifyElementText(VerifyElementTextKeyword.groovy:72)
	at com.kms.katalon.core.webui.keyword.builtin.VerifyElementTextKeyword.execute(VerifyElementTextKeyword.groovy:40)
	at com.kms.katalon.core.keyword.internal.KeywordExecutor.executeKeywordForPlatform(KeywordExecutor.groovy:73)
	at com.kms.katalon.core.webui.keyword.WebUiBuiltInKeywords.verifyElementText(WebUiBuiltInKeywords.groovy:4120)
	at com.kms.katalon.core.webui.keyword.WebUiBuiltInKeywords$verifyElementText$7.call(Unknown Source)
	at TC_DETAILS_UI_019.run(TC_DETAILS_UI_019:24)
	at com.kms.katalon.core.main.ScriptEngine.run(ScriptEngine.java:194)
	at com.kms.katalon.core.main.ScriptEngine.runScriptAsRawText(ScriptEngine.java:119)
	at com.kms.katalon.core.main.TestCaseExecutor.runScript(TestCaseExecutor.java:339)
	at com.kms.katalon.core.main.TestCaseExecutor.doExecute(TestCaseExecutor.java:330)
	at com.kms.katalon.core.main.TestCaseExecutor.processExecutionPhase(TestCaseExecutor.java:309)
	at com.kms.katalon.core.main.TestCaseExecutor.accessMainPhase(TestCaseExecutor.java:301)
	at com.kms.katalon.core.main.TestCaseExecutor.execute(TestCaseExecutor.java:235)
	at com.kms.katalon.core.main.TestSuiteExecutor.accessTestCaseMainPhase(TestSuiteExecutor.java:191)
	at com.kms.katalon.core.main.TestSuiteExecutor.accessTestSuiteMainPhase(TestSuiteExecutor.java:141)
	at com.kms.katalon.core.main.TestSuiteExecutor.execute(TestSuiteExecutor.java:90)
	at com.kms.katalon.core.main.TestCaseMain.startTestSuite(TestCaseMain.java:157)
	at com.kms.katalon.core.main.TestCaseMain$startTestSuite$0.call(Unknown Source)
	at TempTestSuite1620355020148.run(TempTestSuite1620355020148.groovy:39)
Caused by: com.kms.katalon.core.exception.StepFailedException: Actual text 'Manufacture Information' and expected text 'Regulatory Approval' of test object 'Object Repository/Item Details Objects/Page_diagnostics/div_Regulatory_Approval' are NOT matched.
	at com.kms.katalon.core.webui.keyword.internal.WebUIKeywordMain.stepFailed(WebUIKeywordMain.groovy:64)
	at com.kms.katalon.core.webui.keyword.builtin.VerifyElementTextKeyword$_verifyElementText_closure1.doCall(VerifyElementTextKeyword.groovy:57)
	at com.kms.katalon.core.webui.keyword.builtin.VerifyElementTextKeyword$_verifyElementText_closure1.call(VerifyElementTextKeyword.groovy)
	at com.kms.katalon.core.webui.keyword.internal.WebUIKeywordMain.runKeyword(WebUIKeywordMain.groovy:20)
	... 19 more
"/>
         <system-out><![CDATA[2021-05-07 10:44:25 - [TEST_CASE][FAILED] - Test Cases/Custom Item Details/TEST CASE/TC_DETAILS_UI_019: Test Cases/Custom Item Details/TEST CASE/TC_DETAILS_UI_019 FAILED.
Reason:
com.kms.katalon.core.exception.StepFailedException: Verify element text of test object 'Object Repository/Item Details Objects/Page_diagnostics/div_Regulatory_Approval' FAILED.
	at com.kms.katalon.core.webui.keyword.internal.WebUIKeywordMain.stepFailed(WebUIKeywordMain.groovy:64)
	at com.kms.katalon.core.webui.keyword.internal.WebUIKeywordMain.runKeyword(WebUIKeywordMain.groovy:26)
	at com.kms.katalon.core.webui.keyword.builtin.VerifyElementTextKeyword.verifyElementText(VerifyElementTextKeyword.groovy:72)
	at com.kms.katalon.core.webui.keyword.builtin.VerifyElementTextKeyword.execute(VerifyElementTextKeyword.groovy:40)
	at com.kms.katalon.core.keyword.internal.KeywordExecutor.executeKeywordForPlatform(KeywordExecutor.groovy:73)
	at com.kms.katalon.core.webui.keyword.WebUiBuiltInKeywords.verifyElementText(WebUiBuiltInKeywords.groovy:4120)
	at com.kms.katalon.core.webui.keyword.WebUiBuiltInKeywords$verifyElementText$7.call(Unknown Source)
	at TC_DETAILS_UI_019.run(TC_DETAILS_UI_019:24)
	at com.kms.katalon.core.main.ScriptEngine.run(ScriptEngine.java:194)
	at com.kms.katalon.core.main.ScriptEngine.runScriptAsRawText(ScriptEngine.java:119)
	at com.kms.katalon.core.main.TestCaseExecutor.runScript(TestCaseExecutor.java:339)
	at com.kms.katalon.core.main.TestCaseExecutor.doExecute(TestCaseExecutor.java:330)
	at com.kms.katalon.core.main.TestCaseExecutor.processExecutionPhase(TestCaseExecutor.java:309)
	at com.kms.katalon.core.main.TestCaseExecutor.accessMainPhase(TestCaseExecutor.java:301)
	at com.kms.katalon.core.main.TestCaseExecutor.execute(TestCaseExecutor.java:235)
	at com.kms.katalon.core.main.TestSuiteExecutor.accessTestCaseMainPhase(TestSuiteExecutor.java:191)
	at com.kms.katalon.core.main.TestSuiteExecutor.accessTestSuiteMainPhase(TestSuiteExecutor.java:141)
	at com.kms.katalon.core.main.TestSuiteExecutor.execute(TestSuiteExecutor.java:90)
	at com.kms.katalon.core.main.TestCaseMain.startTestSuite(TestCaseMain.java:157)
	at com.kms.katalon.core.main.TestCaseMain$startTestSuite$0.call(Unknown Source)
	at TempTestSuite1620355020148.run(TempTestSuite1620355020148.groovy:39)
Caused by: com.kms.katalon.core.exception.StepFailedException: Actual text 'Manufacture Information' and expected text 'Regulatory Approval' of test object 'Object Repository/Item Details Objects/Page_diagnostics/div_Regulatory_Approval' are NOT matched.
	at com.kms.katalon.core.webui.keyword.internal.WebUIKeywordMain.stepFailed(WebUIKeywordMain.groovy:64)
	at com.kms.katalon.core.webui.keyword.builtin.VerifyElementTextKeyword$_verifyElementText_closure1.doCall(VerifyElementTextKeyword.groovy:57)
	at com.kms.katalon.core.webui.keyword.builtin.VerifyElementTextKeyword$_verifyElementText_closure1.call(VerifyElementTextKeyword.groovy)
	at com.kms.katalon.core.webui.keyword.internal.WebUIKeywordMain.runKeyword(WebUIKeywordMain.groovy:20)
	... 19 more


2021-05-07 10:44:25 - [TEST_STEP][PASSED] - callTestCase(findTestCase("Custom Item Details/UTILITIES/OPEN_BROWSER"), [:], STOP_ON_FAILURE): Call Test Case 'Test Cases/Custom Item Details/UTILITIES/OPEN_BROWSER' successfully

2021-05-07 10:44:25 - [TEST_CASE][PASSED] - Test Cases/Custom Item Details/UTILITIES/OPEN_BROWSER: Test Cases/Custom Item Details/UTILITIES/OPEN_BROWSER

2021-05-07 10:44:25 - [TEST_STEP][PASSED] - openBrowser("https://diagnostics.staging.arcadier.io/"): Browser is opened with url: 'https://diagnostics.staging.arcadier.io/'

2021-05-07 10:44:25 - [MESSAGE][WARNING] - A browser is already opened. Closing browser and opening a new one

2021-05-07 10:44:26 - [MESSAGE][INFO] - Starting 'Chrome' driver

2021-05-07 10:44:26 - [MESSAGE][INFO] - Action delay is set to 0 milliseconds

2021-05-07 10:44:36 - [MESSAGE][PASSED] - Browser is opened with url: 'https://diagnostics.staging.arcadier.io/'

2021-05-07 10:44:36 - [TEST_STEP][PASSED] - maximizeWindow(): Current window maximized

2021-05-07 10:44:36 - [MESSAGE][PASSED] - Current window maximized

2021-05-07 10:44:36 - [TEST_STEP][PASSED] - click(findTestObject("Item Details Objects/Page_diagnostics/a_Accept Cookies")): Object: 'Object Repository/Item Details Objects/Page_diagnostics/a_Accept Cookies' is clicked on

2021-05-07 10:44:36 - [MESSAGE][PASSED] - Object: 'Object Repository/Item Details Objects/Page_diagnostics/a_Accept Cookies' is clicked on

2021-05-07 10:44:36 - [TEST_STEP][PASSED] - click(findTestObject("Staging Objects/Page_diagnostics/a_COVID-19 DIAGNOSTICS"), STOP_ON_FAILURE): Object: 'Object Repository/Staging Objects/Page_diagnostics/a_COVID-19 DIAGNOSTICS' is clicked on

2021-05-07 10:44:38 - [MESSAGE][PASSED] - Object: 'Object Repository/Staging Objects/Page_diagnostics/a_COVID-19 DIAGNOSTICS' is clicked on

2021-05-07 10:44:38 - [TEST_STEP][PASSED] - mouseOver(findTestObject("Staging Objects/Page_diagnostics/a_STANDARD Q COVID-19 Ag Test")): Object: 'Object Repository/Staging Objects/Page_diagnostics/a_STANDARD Q COVID-19 Ag Test' is hovered

2021-05-07 10:44:39 - [MESSAGE][PASSED] - Object: 'Object Repository/Staging Objects/Page_diagnostics/a_STANDARD Q COVID-19 Ag Test' is hovered

2021-05-07 10:44:39 - [TEST_STEP][PASSED] - click(findTestObject("Staging Objects/Page_diagnostics/a_STANDARD Q COVID-19 Ag Test")): Object: 'Object Repository/Staging Objects/Page_diagnostics/a_STANDARD Q COVID-19 Ag Test' is clicked on

2021-05-07 10:44:41 - [MESSAGE][PASSED] - Object: 'Object Repository/Staging Objects/Page_diagnostics/a_STANDARD Q COVID-19 Ag Test' is clicked on

2021-05-07 10:44:41 - [MESSAGE][PASSED] - Call Test Case 'Test Cases/Custom Item Details/UTILITIES/OPEN_BROWSER' successfully

2021-05-07 10:44:41 - [TEST_STEP][PASSED] - waitForElementVisible(findTestObject("Item Details Objects/Page_diagnostics/div_Regulatory_Approval"), 0): Object 'Object Repository/Item Details Objects/Page_diagnostics/div_Regulatory_Approval' is visible

2021-05-07 10:44:41 - [MESSAGE][WARNING] - Timeout '0' is invalid. Using default page load timeout: '30'

2021-05-07 10:44:43 - [MESSAGE][PASSED] - Object 'Object Repository/Item Details Objects/Page_diagnostics/div_Regulatory_Approval' is visible

2021-05-07 10:44:43 - [TEST_STEP][PASSED] - verifyElementClickable(findTestObject("Item Details Objects/Page_diagnostics/div_Regulatory_Approval")): Object 'Object Repository/Item Details Objects/Page_diagnostics/div_Regulatory_Approval' is clickable

2021-05-07 10:44:43 - [MESSAGE][PASSED] - Object 'Object Repository/Item Details Objects/Page_diagnostics/div_Regulatory_Approval' is clickable

2021-05-07 10:44:43 - [TEST_STEP][FAILED] - verifyElementText(findTestObject("Item Details Objects/Page_diagnostics/div_Regulatory_Approval"), "Regulatory Approval"): Verify element text of test object 'Object Repository/Item Details Objects/Page_diagnostics/div_Regulatory_Approval' FAILED. (Root cause: com.kms.katalon.core.exception.StepFailedException: Verify element text of test object 'Object Repository/Item Details Objects/Page_diagnostics/div_Regulatory_Approval' FAILED.
	at com.kms.katalon.core.webui.keyword.internal.WebUIKeywordMain.stepFailed(WebUIKeywordMain.groovy:64)
	at com.kms.katalon.core.webui.keyword.internal.WebUIKeywordMain.runKeyword(WebUIKeywordMain.groovy:26)
	at com.kms.katalon.core.webui.keyword.builtin.VerifyElementTextKeyword.verifyElementText(VerifyElementTextKeyword.groovy:72)
	at com.kms.katalon.core.webui.keyword.builtin.VerifyElementTextKeyword.execute(VerifyElementTextKeyword.groovy:40)
	at com.kms.katalon.core.keyword.internal.KeywordExecutor.executeKeywordForPlatform(KeywordExecutor.groovy:73)
	at com.kms.katalon.core.webui.keyword.WebUiBuiltInKeywords.verifyElementText(WebUiBuiltInKeywords.groovy:4120)
	at com.kms.katalon.core.webui.keyword.WebUiBuiltInKeywords$verifyElementText$7.call(Unknown Source)
	at TC_DETAILS_UI_019.run(TC_DETAILS_UI_019:24)
	at com.kms.katalon.core.main.ScriptEngine.run(ScriptEngine.java:194)
	at com.kms.katalon.core.main.ScriptEngine.runScriptAsRawText(ScriptEngine.java:119)
	at com.kms.katalon.core.main.TestCaseExecutor.runScript(TestCaseExecutor.java:339)
	at com.kms.katalon.core.main.TestCaseExecutor.doExecute(TestCaseExecutor.java:330)
	at com.kms.katalon.core.main.TestCaseExecutor.processExecutionPhase(TestCaseExecutor.java:309)
	at com.kms.katalon.core.main.TestCaseExecutor.accessMainPhase(TestCaseExecutor.java:301)
	at com.kms.katalon.core.main.TestCaseExecutor.execute(TestCaseExecutor.java:235)
	at com.kms.katalon.core.main.TestSuiteExecutor.accessTestCaseMainPhase(TestSuiteExecutor.java:191)
	at com.kms.katalon.core.main.TestSuiteExecutor.accessTestSuiteMainPhase(TestSuiteExecutor.java:141)
	at com.kms.katalon.core.main.TestSuiteExecutor.execute(TestSuiteExecutor.java:90)
	at com.kms.katalon.core.main.TestCaseMain.startTestSuite(TestCaseMain.java:157)
	at com.kms.katalon.core.main.TestCaseMain$startTestSuite$0.call(Unknown Source)
	at TempTestSuite1620355020148.run(TempTestSuite1620355020148.groovy:39)
Caused by: com.kms.katalon.core.exception.StepFailedException: Actual text 'Manufacture Information' and expected text 'Regulatory Approval' of test object 'Object Repository/Item Details Objects/Page_diagnostics/div_Regulatory_Approval' are NOT matched.
	at com.kms.katalon.core.webui.keyword.internal.WebUIKeywordMain.stepFailed(WebUIKeywordMain.groovy:64)
	at com.kms.katalon.core.webui.keyword.builtin.VerifyElementTextKeyword$_verifyElementText_closure1.doCall(VerifyElementTextKeyword.groovy:57)
	at com.kms.katalon.core.webui.keyword.builtin.VerifyElementTextKeyword$_verifyElementText_closure1.call(VerifyElementTextKeyword.groovy)
	at com.kms.katalon.core.webui.keyword.internal.WebUIKeywordMain.runKeyword(WebUIKeywordMain.groovy:20)
	... 19 more
)

2021-05-07 10:44:43 - [MESSAGE][FAILED] - Actual text 'Manufacture Information' and expected text 'Regulatory Approval' of test object 'Object Repository/Item Details Objects/Page_diagnostics/div_Regulatory_Approval' are NOT matched. (Root cause: com.kms.katalon.core.exception.StepFailedException: Actual text 'Manufacture Information' and expected text 'Regulatory Approval' of test object 'Object Repository/Item Details Objects/Page_diagnostics/div_Regulatory_Approval' are NOT matched.
	at com.kms.katalon.core.webui.keyword.internal.WebUIKeywordMain.stepFailed(WebUIKeywordMain.groovy:64)
	at com.kms.katalon.core.webui.keyword.builtin.VerifyElementTextKeyword$_verifyElementText_closure1.doCall(VerifyElementTextKeyword.groovy:57)
	at com.kms.katalon.core.webui.keyword.builtin.VerifyElementTextKeyword$_verifyElementText_closure1.call(VerifyElementTextKeyword.groovy)
	at com.kms.katalon.core.webui.keyword.internal.WebUIKeywordMain.runKeyword(WebUIKeywordMain.groovy:20)
	at com.kms.katalon.core.webui.keyword.builtin.VerifyElementTextKeyword.verifyElementText(VerifyElementTextKeyword.groovy:72)
	at com.kms.katalon.core.webui.keyword.builtin.VerifyElementTextKeyword.execute(VerifyElementTextKeyword.groovy:40)
	at com.kms.katalon.core.keyword.internal.KeywordExecutor.executeKeywordForPlatform(KeywordExecutor.groovy:73)
	at com.kms.katalon.core.webui.keyword.WebUiBuiltInKeywords.verifyElementText(WebUiBuiltInKeywords.groovy:4120)
	at com.kms.katalon.core.webui.keyword.WebUiBuiltInKeywords$verifyElementText$7.call(Unknown Source)
	at TC_DETAILS_UI_019.run(TC_DETAILS_UI_019:24)
	at com.kms.katalon.core.main.ScriptEngine.run(ScriptEngine.java:194)
	at com.kms.katalon.core.main.ScriptEngine.runScriptAsRawText(ScriptEngine.java:119)
	at com.kms.katalon.core.main.TestCaseExecutor.runScript(TestCaseExecutor.java:339)
	at com.kms.katalon.core.main.TestCaseExecutor.doExecute(TestCaseExecutor.java:330)
	at com.kms.katalon.core.main.TestCaseExecutor.processExecutionPhase(TestCaseExecutor.java:309)
	at com.kms.katalon.core.main.TestCaseExecutor.accessMainPhase(TestCaseExecutor.java:301)
	at com.kms.katalon.core.main.TestCaseExecutor.execute(TestCaseExecutor.java:235)
	at com.kms.katalon.core.main.TestSuiteExecutor.accessTestCaseMainPhase(TestSuiteExecutor.java:191)
	at com.kms.katalon.core.main.TestSuiteExecutor.accessTestSuiteMainPhase(TestSuiteExecutor.java:141)
	at com.kms.katalon.core.main.TestSuiteExecutor.execute(TestSuiteExecutor.java:90)
	at com.kms.katalon.core.main.TestCaseMain.startTestSuite(TestCaseMain.java:157)
	at com.kms.katalon.core.main.TestCaseMain$startTestSuite$0.call(Unknown Source)
	at TempTestSuite1620355020148.run(TempTestSuite1620355020148.groovy:39)
)
[[ATTACHMENT|K:\\Work\\GitHub\\find-item-detail-test_v2\\Reports\\20210507_103700\\Item detail test\\20210507_103700\\1620355483724.png]]

2021-05-07 10:44:44 - [MESSAGE][FAILED] - Verify element text of test object 'Object Repository/Item Details Objects/Page_diagnostics/div_Regulatory_Approval' FAILED. (Root cause: com.kms.katalon.core.exception.StepFailedException: Verify element text of test object 'Object Repository/Item Details Objects/Page_diagnostics/div_Regulatory_Approval' FAILED.
	at com.kms.katalon.core.webui.keyword.internal.WebUIKeywordMain.stepFailed(WebUIKeywordMain.groovy:64)
	at com.kms.katalon.core.webui.keyword.internal.WebUIKeywordMain.runKeyword(WebUIKeywordMain.groovy:26)
	at com.kms.katalon.core.webui.keyword.builtin.VerifyElementTextKeyword.verifyElementText(VerifyElementTextKeyword.groovy:72)
	at com.kms.katalon.core.webui.keyword.builtin.VerifyElementTextKeyword.execute(VerifyElementTextKeyword.groovy:40)
	at com.kms.katalon.core.keyword.internal.KeywordExecutor.executeKeywordForPlatform(KeywordExecutor.groovy:73)
	at com.kms.katalon.core.webui.keyword.WebUiBuiltInKeywords.verifyElementText(WebUiBuiltInKeywords.groovy:4120)
	at com.kms.katalon.core.webui.keyword.WebUiBuiltInKeywords$verifyElementText$7.call(Unknown Source)
	at TC_DETAILS_UI_019.run(TC_DETAILS_UI_019:24)
	at com.kms.katalon.core.main.ScriptEngine.run(ScriptEngine.java:194)
	at com.kms.katalon.core.main.ScriptEngine.runScriptAsRawText(ScriptEngine.java:119)
	at com.kms.katalon.core.main.TestCaseExecutor.runScript(TestCaseExecutor.java:339)
	at com.kms.katalon.core.main.TestCaseExecutor.doExecute(TestCaseExecutor.java:330)
	at com.kms.katalon.core.main.TestCaseExecutor.processExecutionPhase(TestCaseExecutor.java:309)
	at com.kms.katalon.core.main.TestCaseExecutor.accessMainPhase(TestCaseExecutor.java:301)
	at com.kms.katalon.core.main.TestCaseExecutor.execute(TestCaseExecutor.java:235)
	at com.kms.katalon.core.main.TestSuiteExecutor.accessTestCaseMainPhase(TestSuiteExecutor.java:191)
	at com.kms.katalon.core.main.TestSuiteExecutor.accessTestSuiteMainPhase(TestSuiteExecutor.java:141)
	at com.kms.katalon.core.main.TestSuiteExecutor.execute(TestSuiteExecutor.java:90)
	at com.kms.katalon.core.main.TestCaseMain.startTestSuite(TestCaseMain.java:157)
	at com.kms.katalon.core.main.TestCaseMain$startTestSuite$0.call(Unknown Source)
	at TempTestSuite1620355020148.run(TempTestSuite1620355020148.groovy:39)
Caused by: com.kms.katalon.core.exception.StepFailedException: Actual text 'Manufacture Information' and expected text 'Regulatory Approval' of test object 'Object Repository/Item Details Objects/Page_diagnostics/div_Regulatory_Approval' are NOT matched.
	at com.kms.katalon.core.webui.keyword.internal.WebUIKeywordMain.stepFailed(WebUIKeywordMain.groovy:64)
	at com.kms.katalon.core.webui.keyword.builtin.VerifyElementTextKeyword$_verifyElementText_closure1.doCall(VerifyElementTextKeyword.groovy:57)
	at com.kms.katalon.core.webui.keyword.builtin.VerifyElementTextKeyword$_verifyElementText_closure1.call(VerifyElementTextKeyword.groovy)
	at com.kms.katalon.core.webui.keyword.internal.WebUIKeywordMain.runKeyword(WebUIKeywordMain.groovy:20)
	... 19 more
)
[[ATTACHMENT|K:\\Work\\GitHub\\find-item-detail-test_v2\\Reports\\20210507_103700\\Item detail test\\20210507_103700\\1620355483894.png]]]]></system-out>
         <system-err><![CDATA[2021-05-07 10:44:25 - [TEST_CASE][FAILED] - Test Cases/Custom Item Details/TEST CASE/TC_DETAILS_UI_019: Test Cases/Custom Item Details/TEST CASE/TC_DETAILS_UI_019 FAILED.
Reason:
com.kms.katalon.core.exception.StepFailedException: Verify element text of test object 'Object Repository/Item Details Objects/Page_diagnostics/div_Regulatory_Approval' FAILED.
	at com.kms.katalon.core.webui.keyword.internal.WebUIKeywordMain.stepFailed(WebUIKeywordMain.groovy:64)
	at com.kms.katalon.core.webui.keyword.internal.WebUIKeywordMain.runKeyword(WebUIKeywordMain.groovy:26)
	at com.kms.katalon.core.webui.keyword.builtin.VerifyElementTextKeyword.verifyElementText(VerifyElementTextKeyword.groovy:72)
	at com.kms.katalon.core.webui.keyword.builtin.VerifyElementTextKeyword.execute(VerifyElementTextKeyword.groovy:40)
	at com.kms.katalon.core.keyword.internal.KeywordExecutor.executeKeywordForPlatform(KeywordExecutor.groovy:73)
	at com.kms.katalon.core.webui.keyword.WebUiBuiltInKeywords.verifyElementText(WebUiBuiltInKeywords.groovy:4120)
	at com.kms.katalon.core.webui.keyword.WebUiBuiltInKeywords$verifyElementText$7.call(Unknown Source)
	at TC_DETAILS_UI_019.run(TC_DETAILS_UI_019:24)
	at com.kms.katalon.core.main.ScriptEngine.run(ScriptEngine.java:194)
	at com.kms.katalon.core.main.ScriptEngine.runScriptAsRawText(ScriptEngine.java:119)
	at com.kms.katalon.core.main.TestCaseExecutor.runScript(TestCaseExecutor.java:339)
	at com.kms.katalon.core.main.TestCaseExecutor.doExecute(TestCaseExecutor.java:330)
	at com.kms.katalon.core.main.TestCaseExecutor.processExecutionPhase(TestCaseExecutor.java:309)
	at com.kms.katalon.core.main.TestCaseExecutor.accessMainPhase(TestCaseExecutor.java:301)
	at com.kms.katalon.core.main.TestCaseExecutor.execute(TestCaseExecutor.java:235)
	at com.kms.katalon.core.main.TestSuiteExecutor.accessTestCaseMainPhase(TestSuiteExecutor.java:191)
	at com.kms.katalon.core.main.TestSuiteExecutor.accessTestSuiteMainPhase(TestSuiteExecutor.java:141)
	at com.kms.katalon.core.main.TestSuiteExecutor.execute(TestSuiteExecutor.java:90)
	at com.kms.katalon.core.main.TestCaseMain.startTestSuite(TestCaseMain.java:157)
	at com.kms.katalon.core.main.TestCaseMain$startTestSuite$0.call(Unknown Source)
	at TempTestSuite1620355020148.run(TempTestSuite1620355020148.groovy:39)
Caused by: com.kms.katalon.core.exception.StepFailedException: Actual text 'Manufacture Information' and expected text 'Regulatory Approval' of test object 'Object Repository/Item Details Objects/Page_diagnostics/div_Regulatory_Approval' are NOT matched.
	at com.kms.katalon.core.webui.keyword.internal.WebUIKeywordMain.stepFailed(WebUIKeywordMain.groovy:64)
	at com.kms.katalon.core.webui.keyword.builtin.VerifyElementTextKeyword$_verifyElementText_closure1.doCall(VerifyElementTextKeyword.groovy:57)
	at com.kms.katalon.core.webui.keyword.builtin.VerifyElementTextKeyword$_verifyElementText_closure1.call(VerifyElementTextKeyword.groovy)
	at com.kms.katalon.core.webui.keyword.internal.WebUIKeywordMain.runKeyword(WebUIKeywordMain.groovy:20)
	... 19 more]]></system-err>
      </testcase>
      <testcase name="Test Cases/Custom Item Details/TEST CASE/TC_DETAILS_UI_019" time="20.723" classname="Test Cases/Custom Item Details/TEST CASE/TC_DETAILS_UI_019" status="FAILED">
         <failure type="FAILED" message="Test Cases/Custom Item Details/TEST CASE/TC_DETAILS_UI_019 FAILED.
Reason:
com.kms.katalon.core.exception.StepFailedException: Verify element text of test object 'Object Repository/Item Details Objects/Page_diagnostics/div_Regulatory_Approval' FAILED.
	at com.kms.katalon.core.webui.keyword.internal.WebUIKeywordMain.stepFailed(WebUIKeywordMain.groovy:64)
	at com.kms.katalon.core.webui.keyword.internal.WebUIKeywordMain.runKeyword(WebUIKeywordMain.groovy:26)
	at com.kms.katalon.core.webui.keyword.builtin.VerifyElementTextKeyword.verifyElementText(VerifyElementTextKeyword.groovy:72)
	at com.kms.katalon.core.webui.keyword.builtin.VerifyElementTextKeyword.execute(VerifyElementTextKeyword.groovy:40)
	at com.kms.katalon.core.keyword.internal.KeywordExecutor.executeKeywordForPlatform(KeywordExecutor.groovy:73)
	at com.kms.katalon.core.webui.keyword.WebUiBuiltInKeywords.verifyElementText(WebUiBuiltInKeywords.groovy:4120)
	at com.kms.katalon.core.webui.keyword.WebUiBuiltInKeywords$verifyElementText$7.call(Unknown Source)
	at TC_DETAILS_UI_019.run(TC_DETAILS_UI_019:24)
	at com.kms.katalon.core.main.ScriptEngine.run(ScriptEngine.java:194)
	at com.kms.katalon.core.main.ScriptEngine.runScriptAsRawText(ScriptEngine.java:119)
	at com.kms.katalon.core.main.TestCaseExecutor.runScript(TestCaseExecutor.java:339)
	at com.kms.katalon.core.main.TestCaseExecutor.doExecute(TestCaseExecutor.java:330)
	at com.kms.katalon.core.main.TestCaseExecutor.processExecutionPhase(TestCaseExecutor.java:309)
	at com.kms.katalon.core.main.TestCaseExecutor.accessMainPhase(TestCaseExecutor.java:301)
	at com.kms.katalon.core.main.TestCaseExecutor.execute(TestCaseExecutor.java:235)
	at com.kms.katalon.core.main.TestSuiteExecutor.accessTestCaseMainPhase(TestSuiteExecutor.java:191)
	at com.kms.katalon.core.main.TestSuiteExecutor.accessTestSuiteMainPhase(TestSuiteExecutor.java:141)
	at com.kms.katalon.core.main.TestSuiteExecutor.execute(TestSuiteExecutor.java:90)
	at com.kms.katalon.core.main.TestCaseMain.startTestSuite(TestCaseMain.java:157)
	at com.kms.katalon.core.main.TestCaseMain$startTestSuite$0.call(Unknown Source)
	at TempTestSuite1620355020148.run(TempTestSuite1620355020148.groovy:39)
Caused by: com.kms.katalon.core.exception.StepFailedException: Actual text 'Manufacture Information' and expected text 'Regulatory Approval' of test object 'Object Repository/Item Details Objects/Page_diagnostics/div_Regulatory_Approval' are NOT matched.
	at com.kms.katalon.core.webui.keyword.internal.WebUIKeywordMain.stepFailed(WebUIKeywordMain.groovy:64)
	at com.kms.katalon.core.webui.keyword.builtin.VerifyElementTextKeyword$_verifyElementText_closure1.doCall(VerifyElementTextKeyword.groovy:57)
	at com.kms.katalon.core.webui.keyword.builtin.VerifyElementTextKeyword$_verifyElementText_closure1.call(VerifyElementTextKeyword.groovy)
	at com.kms.katalon.core.webui.keyword.internal.WebUIKeywordMain.runKeyword(WebUIKeywordMain.groovy:20)
	... 19 more
"/>
         <system-out><![CDATA[2021-05-07 10:44:44 - [TEST_CASE][FAILED] - Test Cases/Custom Item Details/TEST CASE/TC_DETAILS_UI_019: Test Cases/Custom Item Details/TEST CASE/TC_DETAILS_UI_019 FAILED.
Reason:
com.kms.katalon.core.exception.StepFailedException: Verify element text of test object 'Object Repository/Item Details Objects/Page_diagnostics/div_Regulatory_Approval' FAILED.
	at com.kms.katalon.core.webui.keyword.internal.WebUIKeywordMain.stepFailed(WebUIKeywordMain.groovy:64)
	at com.kms.katalon.core.webui.keyword.internal.WebUIKeywordMain.runKeyword(WebUIKeywordMain.groovy:26)
	at com.kms.katalon.core.webui.keyword.builtin.VerifyElementTextKeyword.verifyElementText(VerifyElementTextKeyword.groovy:72)
	at com.kms.katalon.core.webui.keyword.builtin.VerifyElementTextKeyword.execute(VerifyElementTextKeyword.groovy:40)
	at com.kms.katalon.core.keyword.internal.KeywordExecutor.executeKeywordForPlatform(KeywordExecutor.groovy:73)
	at com.kms.katalon.core.webui.keyword.WebUiBuiltInKeywords.verifyElementText(WebUiBuiltInKeywords.groovy:4120)
	at com.kms.katalon.core.webui.keyword.WebUiBuiltInKeywords$verifyElementText$7.call(Unknown Source)
	at TC_DETAILS_UI_019.run(TC_DETAILS_UI_019:24)
	at com.kms.katalon.core.main.ScriptEngine.run(ScriptEngine.java:194)
	at com.kms.katalon.core.main.ScriptEngine.runScriptAsRawText(ScriptEngine.java:119)
	at com.kms.katalon.core.main.TestCaseExecutor.runScript(TestCaseExecutor.java:339)
	at com.kms.katalon.core.main.TestCaseExecutor.doExecute(TestCaseExecutor.java:330)
	at com.kms.katalon.core.main.TestCaseExecutor.processExecutionPhase(TestCaseExecutor.java:309)
	at com.kms.katalon.core.main.TestCaseExecutor.accessMainPhase(TestCaseExecutor.java:301)
	at com.kms.katalon.core.main.TestCaseExecutor.execute(TestCaseExecutor.java:235)
	at com.kms.katalon.core.main.TestSuiteExecutor.accessTestCaseMainPhase(TestSuiteExecutor.java:191)
	at com.kms.katalon.core.main.TestSuiteExecutor.accessTestSuiteMainPhase(TestSuiteExecutor.java:141)
	at com.kms.katalon.core.main.TestSuiteExecutor.execute(TestSuiteExecutor.java:90)
	at com.kms.katalon.core.main.TestCaseMain.startTestSuite(TestCaseMain.java:157)
	at com.kms.katalon.core.main.TestCaseMain$startTestSuite$0.call(Unknown Source)
	at TempTestSuite1620355020148.run(TempTestSuite1620355020148.groovy:39)
Caused by: com.kms.katalon.core.exception.StepFailedException: Actual text 'Manufacture Information' and expected text 'Regulatory Approval' of test object 'Object Repository/Item Details Objects/Page_diagnostics/div_Regulatory_Approval' are NOT matched.
	at com.kms.katalon.core.webui.keyword.internal.WebUIKeywordMain.stepFailed(WebUIKeywordMain.groovy:64)
	at com.kms.katalon.core.webui.keyword.builtin.VerifyElementTextKeyword$_verifyElementText_closure1.doCall(VerifyElementTextKeyword.groovy:57)
	at com.kms.katalon.core.webui.keyword.builtin.VerifyElementTextKeyword$_verifyElementText_closure1.call(VerifyElementTextKeyword.groovy)
	at com.kms.katalon.core.webui.keyword.internal.WebUIKeywordMain.runKeyword(WebUIKeywordMain.groovy:20)
	... 19 more


2021-05-07 10:44:44 - [TEST_STEP][PASSED] - callTestCase(findTestCase("Custom Item Details/UTILITIES/OPEN_BROWSER"), [:], STOP_ON_FAILURE): Call Test Case 'Test Cases/Custom Item Details/UTILITIES/OPEN_BROWSER' successfully

2021-05-07 10:44:44 - [TEST_CASE][PASSED] - Test Cases/Custom Item Details/UTILITIES/OPEN_BROWSER: Test Cases/Custom Item Details/UTILITIES/OPEN_BROWSER

2021-05-07 10:44:44 - [TEST_STEP][PASSED] - openBrowser("https://diagnostics.staging.arcadier.io/"): Browser is opened with url: 'https://diagnostics.staging.arcadier.io/'

2021-05-07 10:44:44 - [MESSAGE][WARNING] - A browser is already opened. Closing browser and opening a new one

2021-05-07 10:44:44 - [MESSAGE][INFO] - Starting 'Chrome' driver

2021-05-07 10:44:44 - [MESSAGE][INFO] - Action delay is set to 0 milliseconds

2021-05-07 10:44:55 - [MESSAGE][PASSED] - Browser is opened with url: 'https://diagnostics.staging.arcadier.io/'

2021-05-07 10:44:55 - [TEST_STEP][PASSED] - maximizeWindow(): Current window maximized

2021-05-07 10:44:55 - [MESSAGE][PASSED] - Current window maximized

2021-05-07 10:44:55 - [TEST_STEP][PASSED] - click(findTestObject("Item Details Objects/Page_diagnostics/a_Accept Cookies")): Object: 'Object Repository/Item Details Objects/Page_diagnostics/a_Accept Cookies' is clicked on

2021-05-07 10:44:56 - [MESSAGE][PASSED] - Object: 'Object Repository/Item Details Objects/Page_diagnostics/a_Accept Cookies' is clicked on

2021-05-07 10:44:56 - [TEST_STEP][PASSED] - click(findTestObject("Staging Objects/Page_diagnostics/a_COVID-19 DIAGNOSTICS"), STOP_ON_FAILURE): Object: 'Object Repository/Staging Objects/Page_diagnostics/a_COVID-19 DIAGNOSTICS' is clicked on

2021-05-07 10:44:57 - [MESSAGE][PASSED] - Object: 'Object Repository/Staging Objects/Page_diagnostics/a_COVID-19 DIAGNOSTICS' is clicked on

2021-05-07 10:44:57 - [TEST_STEP][PASSED] - mouseOver(findTestObject("Staging Objects/Page_diagnostics/a_STANDARD Q COVID-19 Ag Test")): Object: 'Object Repository/Staging Objects/Page_diagnostics/a_STANDARD Q COVID-19 Ag Test' is hovered

2021-05-07 10:44:59 - [MESSAGE][PASSED] - Object: 'Object Repository/Staging Objects/Page_diagnostics/a_STANDARD Q COVID-19 Ag Test' is hovered

2021-05-07 10:44:59 - [TEST_STEP][PASSED] - click(findTestObject("Staging Objects/Page_diagnostics/a_STANDARD Q COVID-19 Ag Test")): Object: 'Object Repository/Staging Objects/Page_diagnostics/a_STANDARD Q COVID-19 Ag Test' is clicked on

2021-05-07 10:45:03 - [MESSAGE][PASSED] - Object: 'Object Repository/Staging Objects/Page_diagnostics/a_STANDARD Q COVID-19 Ag Test' is clicked on

2021-05-07 10:45:03 - [MESSAGE][PASSED] - Call Test Case 'Test Cases/Custom Item Details/UTILITIES/OPEN_BROWSER' successfully

2021-05-07 10:45:03 - [TEST_STEP][PASSED] - waitForElementVisible(findTestObject("Item Details Objects/Page_diagnostics/div_Regulatory_Approval"), 0): Object 'Object Repository/Item Details Objects/Page_diagnostics/div_Regulatory_Approval' is visible

2021-05-07 10:45:03 - [MESSAGE][WARNING] - Timeout '0' is invalid. Using default page load timeout: '30'

2021-05-07 10:45:03 - [MESSAGE][PASSED] - Object 'Object Repository/Item Details Objects/Page_diagnostics/div_Regulatory_Approval' is visible

2021-05-07 10:45:03 - [TEST_STEP][PASSED] - verifyElementClickable(findTestObject("Item Details Objects/Page_diagnostics/div_Regulatory_Approval")): Object 'Object Repository/Item Details Objects/Page_diagnostics/div_Regulatory_Approval' is clickable

2021-05-07 10:45:04 - [MESSAGE][PASSED] - Object 'Object Repository/Item Details Objects/Page_diagnostics/div_Regulatory_Approval' is clickable

2021-05-07 10:45:04 - [TEST_STEP][FAILED] - verifyElementText(findTestObject("Item Details Objects/Page_diagnostics/div_Regulatory_Approval"), "Regulatory Approval"): Verify element text of test object 'Object Repository/Item Details Objects/Page_diagnostics/div_Regulatory_Approval' FAILED. (Root cause: com.kms.katalon.core.exception.StepFailedException: Verify element text of test object 'Object Repository/Item Details Objects/Page_diagnostics/div_Regulatory_Approval' FAILED.
	at com.kms.katalon.core.webui.keyword.internal.WebUIKeywordMain.stepFailed(WebUIKeywordMain.groovy:64)
	at com.kms.katalon.core.webui.keyword.internal.WebUIKeywordMain.runKeyword(WebUIKeywordMain.groovy:26)
	at com.kms.katalon.core.webui.keyword.builtin.VerifyElementTextKeyword.verifyElementText(VerifyElementTextKeyword.groovy:72)
	at com.kms.katalon.core.webui.keyword.builtin.VerifyElementTextKeyword.execute(VerifyElementTextKeyword.groovy:40)
	at com.kms.katalon.core.keyword.internal.KeywordExecutor.executeKeywordForPlatform(KeywordExecutor.groovy:73)
	at com.kms.katalon.core.webui.keyword.WebUiBuiltInKeywords.verifyElementText(WebUiBuiltInKeywords.groovy:4120)
	at com.kms.katalon.core.webui.keyword.WebUiBuiltInKeywords$verifyElementText$7.call(Unknown Source)
	at TC_DETAILS_UI_019.run(TC_DETAILS_UI_019:24)
	at com.kms.katalon.core.main.ScriptEngine.run(ScriptEngine.java:194)
	at com.kms.katalon.core.main.ScriptEngine.runScriptAsRawText(ScriptEngine.java:119)
	at com.kms.katalon.core.main.TestCaseExecutor.runScript(TestCaseExecutor.java:339)
	at com.kms.katalon.core.main.TestCaseExecutor.doExecute(TestCaseExecutor.java:330)
	at com.kms.katalon.core.main.TestCaseExecutor.processExecutionPhase(TestCaseExecutor.java:309)
	at com.kms.katalon.core.main.TestCaseExecutor.accessMainPhase(TestCaseExecutor.java:301)
	at com.kms.katalon.core.main.TestCaseExecutor.execute(TestCaseExecutor.java:235)
	at com.kms.katalon.core.main.TestSuiteExecutor.accessTestCaseMainPhase(TestSuiteExecutor.java:191)
	at com.kms.katalon.core.main.TestSuiteExecutor.accessTestSuiteMainPhase(TestSuiteExecutor.java:141)
	at com.kms.katalon.core.main.TestSuiteExecutor.execute(TestSuiteExecutor.java:90)
	at com.kms.katalon.core.main.TestCaseMain.startTestSuite(TestCaseMain.java:157)
	at com.kms.katalon.core.main.TestCaseMain$startTestSuite$0.call(Unknown Source)
	at TempTestSuite1620355020148.run(TempTestSuite1620355020148.groovy:39)
Caused by: com.kms.katalon.core.exception.StepFailedException: Actual text 'Manufacture Information' and expected text 'Regulatory Approval' of test object 'Object Repository/Item Details Objects/Page_diagnostics/div_Regulatory_Approval' are NOT matched.
	at com.kms.katalon.core.webui.keyword.internal.WebUIKeywordMain.stepFailed(WebUIKeywordMain.groovy:64)
	at com.kms.katalon.core.webui.keyword.builtin.VerifyElementTextKeyword$_verifyElementText_closure1.doCall(VerifyElementTextKeyword.groovy:57)
	at com.kms.katalon.core.webui.keyword.builtin.VerifyElementTextKeyword$_verifyElementText_closure1.call(VerifyElementTextKeyword.groovy)
	at com.kms.katalon.core.webui.keyword.internal.WebUIKeywordMain.runKeyword(WebUIKeywordMain.groovy:20)
	... 19 more
)

2021-05-07 10:45:04 - [MESSAGE][FAILED] - Actual text 'Manufacture Information' and expected text 'Regulatory Approval' of test object 'Object Repository/Item Details Objects/Page_diagnostics/div_Regulatory_Approval' are NOT matched. (Root cause: com.kms.katalon.core.exception.StepFailedException: Actual text 'Manufacture Information' and expected text 'Regulatory Approval' of test object 'Object Repository/Item Details Objects/Page_diagnostics/div_Regulatory_Approval' are NOT matched.
	at com.kms.katalon.core.webui.keyword.internal.WebUIKeywordMain.stepFailed(WebUIKeywordMain.groovy:64)
	at com.kms.katalon.core.webui.keyword.builtin.VerifyElementTextKeyword$_verifyElementText_closure1.doCall(VerifyElementTextKeyword.groovy:57)
	at com.kms.katalon.core.webui.keyword.builtin.VerifyElementTextKeyword$_verifyElementText_closure1.call(VerifyElementTextKeyword.groovy)
	at com.kms.katalon.core.webui.keyword.internal.WebUIKeywordMain.runKeyword(WebUIKeywordMain.groovy:20)
	at com.kms.katalon.core.webui.keyword.builtin.VerifyElementTextKeyword.verifyElementText(VerifyElementTextKeyword.groovy:72)
	at com.kms.katalon.core.webui.keyword.builtin.VerifyElementTextKeyword.execute(VerifyElementTextKeyword.groovy:40)
	at com.kms.katalon.core.keyword.internal.KeywordExecutor.executeKeywordForPlatform(KeywordExecutor.groovy:73)
	at com.kms.katalon.core.webui.keyword.WebUiBuiltInKeywords.verifyElementText(WebUiBuiltInKeywords.groovy:4120)
	at com.kms.katalon.core.webui.keyword.WebUiBuiltInKeywords$verifyElementText$7.call(Unknown Source)
	at TC_DETAILS_UI_019.run(TC_DETAILS_UI_019:24)
	at com.kms.katalon.core.main.ScriptEngine.run(ScriptEngine.java:194)
	at com.kms.katalon.core.main.ScriptEngine.runScriptAsRawText(ScriptEngine.java:119)
	at com.kms.katalon.core.main.TestCaseExecutor.runScript(TestCaseExecutor.java:339)
	at com.kms.katalon.core.main.TestCaseExecutor.doExecute(TestCaseExecutor.java:330)
	at com.kms.katalon.core.main.TestCaseExecutor.processExecutionPhase(TestCaseExecutor.java:309)
	at com.kms.katalon.core.main.TestCaseExecutor.accessMainPhase(TestCaseExecutor.java:301)
	at com.kms.katalon.core.main.TestCaseExecutor.execute(TestCaseExecutor.java:235)
	at com.kms.katalon.core.main.TestSuiteExecutor.accessTestCaseMainPhase(TestSuiteExecutor.java:191)
	at com.kms.katalon.core.main.TestSuiteExecutor.accessTestSuiteMainPhase(TestSuiteExecutor.java:141)
	at com.kms.katalon.core.main.TestSuiteExecutor.execute(TestSuiteExecutor.java:90)
	at com.kms.katalon.core.main.TestCaseMain.startTestSuite(TestCaseMain.java:157)
	at com.kms.katalon.core.main.TestCaseMain$startTestSuite$0.call(Unknown Source)
	at TempTestSuite1620355020148.run(TempTestSuite1620355020148.groovy:39)
)
[[ATTACHMENT|K:\\Work\\GitHub\\find-item-detail-test_v2\\Reports\\20210507_103700\\Item detail test\\20210507_103700\\1620355504446.png]]

2021-05-07 10:45:04 - [MESSAGE][FAILED] - Verify element text of test object 'Object Repository/Item Details Objects/Page_diagnostics/div_Regulatory_Approval' FAILED. (Root cause: com.kms.katalon.core.exception.StepFailedException: Verify element text of test object 'Object Repository/Item Details Objects/Page_diagnostics/div_Regulatory_Approval' FAILED.
	at com.kms.katalon.core.webui.keyword.internal.WebUIKeywordMain.stepFailed(WebUIKeywordMain.groovy:64)
	at com.kms.katalon.core.webui.keyword.internal.WebUIKeywordMain.runKeyword(WebUIKeywordMain.groovy:26)
	at com.kms.katalon.core.webui.keyword.builtin.VerifyElementTextKeyword.verifyElementText(VerifyElementTextKeyword.groovy:72)
	at com.kms.katalon.core.webui.keyword.builtin.VerifyElementTextKeyword.execute(VerifyElementTextKeyword.groovy:40)
	at com.kms.katalon.core.keyword.internal.KeywordExecutor.executeKeywordForPlatform(KeywordExecutor.groovy:73)
	at com.kms.katalon.core.webui.keyword.WebUiBuiltInKeywords.verifyElementText(WebUiBuiltInKeywords.groovy:4120)
	at com.kms.katalon.core.webui.keyword.WebUiBuiltInKeywords$verifyElementText$7.call(Unknown Source)
	at TC_DETAILS_UI_019.run(TC_DETAILS_UI_019:24)
	at com.kms.katalon.core.main.ScriptEngine.run(ScriptEngine.java:194)
	at com.kms.katalon.core.main.ScriptEngine.runScriptAsRawText(ScriptEngine.java:119)
	at com.kms.katalon.core.main.TestCaseExecutor.runScript(TestCaseExecutor.java:339)
	at com.kms.katalon.core.main.TestCaseExecutor.doExecute(TestCaseExecutor.java:330)
	at com.kms.katalon.core.main.TestCaseExecutor.processExecutionPhase(TestCaseExecutor.java:309)
	at com.kms.katalon.core.main.TestCaseExecutor.accessMainPhase(TestCaseExecutor.java:301)
	at com.kms.katalon.core.main.TestCaseExecutor.execute(TestCaseExecutor.java:235)
	at com.kms.katalon.core.main.TestSuiteExecutor.accessTestCaseMainPhase(TestSuiteExecutor.java:191)
	at com.kms.katalon.core.main.TestSuiteExecutor.accessTestSuiteMainPhase(TestSuiteExecutor.java:141)
	at com.kms.katalon.core.main.TestSuiteExecutor.execute(TestSuiteExecutor.java:90)
	at com.kms.katalon.core.main.TestCaseMain.startTestSuite(TestCaseMain.java:157)
	at com.kms.katalon.core.main.TestCaseMain$startTestSuite$0.call(Unknown Source)
	at TempTestSuite1620355020148.run(TempTestSuite1620355020148.groovy:39)
Caused by: com.kms.katalon.core.exception.StepFailedException: Actual text 'Manufacture Information' and expected text 'Regulatory Approval' of test object 'Object Repository/Item Details Objects/Page_diagnostics/div_Regulatory_Approval' are NOT matched.
	at com.kms.katalon.core.webui.keyword.internal.WebUIKeywordMain.stepFailed(WebUIKeywordMain.groovy:64)
	at com.kms.katalon.core.webui.keyword.builtin.VerifyElementTextKeyword$_verifyElementText_closure1.doCall(VerifyElementTextKeyword.groovy:57)
	at com.kms.katalon.core.webui.keyword.builtin.VerifyElementTextKeyword$_verifyElementText_closure1.call(VerifyElementTextKeyword.groovy)
	at com.kms.katalon.core.webui.keyword.internal.WebUIKeywordMain.runKeyword(WebUIKeywordMain.groovy:20)
	... 19 more
)
[[ATTACHMENT|K:\\Work\\GitHub\\find-item-detail-test_v2\\Reports\\20210507_103700\\Item detail test\\20210507_103700\\1620355504605.png]]]]></system-out>
         <system-err><![CDATA[2021-05-07 10:44:44 - [TEST_CASE][FAILED] - Test Cases/Custom Item Details/TEST CASE/TC_DETAILS_UI_019: Test Cases/Custom Item Details/TEST CASE/TC_DETAILS_UI_019 FAILED.
Reason:
com.kms.katalon.core.exception.StepFailedException: Verify element text of test object 'Object Repository/Item Details Objects/Page_diagnostics/div_Regulatory_Approval' FAILED.
	at com.kms.katalon.core.webui.keyword.internal.WebUIKeywordMain.stepFailed(WebUIKeywordMain.groovy:64)
	at com.kms.katalon.core.webui.keyword.internal.WebUIKeywordMain.runKeyword(WebUIKeywordMain.groovy:26)
	at com.kms.katalon.core.webui.keyword.builtin.VerifyElementTextKeyword.verifyElementText(VerifyElementTextKeyword.groovy:72)
	at com.kms.katalon.core.webui.keyword.builtin.VerifyElementTextKeyword.execute(VerifyElementTextKeyword.groovy:40)
	at com.kms.katalon.core.keyword.internal.KeywordExecutor.executeKeywordForPlatform(KeywordExecutor.groovy:73)
	at com.kms.katalon.core.webui.keyword.WebUiBuiltInKeywords.verifyElementText(WebUiBuiltInKeywords.groovy:4120)
	at com.kms.katalon.core.webui.keyword.WebUiBuiltInKeywords$verifyElementText$7.call(Unknown Source)
	at TC_DETAILS_UI_019.run(TC_DETAILS_UI_019:24)
	at com.kms.katalon.core.main.ScriptEngine.run(ScriptEngine.java:194)
	at com.kms.katalon.core.main.ScriptEngine.runScriptAsRawText(ScriptEngine.java:119)
	at com.kms.katalon.core.main.TestCaseExecutor.runScript(TestCaseExecutor.java:339)
	at com.kms.katalon.core.main.TestCaseExecutor.doExecute(TestCaseExecutor.java:330)
	at com.kms.katalon.core.main.TestCaseExecutor.processExecutionPhase(TestCaseExecutor.java:309)
	at com.kms.katalon.core.main.TestCaseExecutor.accessMainPhase(TestCaseExecutor.java:301)
	at com.kms.katalon.core.main.TestCaseExecutor.execute(TestCaseExecutor.java:235)
	at com.kms.katalon.core.main.TestSuiteExecutor.accessTestCaseMainPhase(TestSuiteExecutor.java:191)
	at com.kms.katalon.core.main.TestSuiteExecutor.accessTestSuiteMainPhase(TestSuiteExecutor.java:141)
	at com.kms.katalon.core.main.TestSuiteExecutor.execute(TestSuiteExecutor.java:90)
	at com.kms.katalon.core.main.TestCaseMain.startTestSuite(TestCaseMain.java:157)
	at com.kms.katalon.core.main.TestCaseMain$startTestSuite$0.call(Unknown Source)
	at TempTestSuite1620355020148.run(TempTestSuite1620355020148.groovy:39)
Caused by: com.kms.katalon.core.exception.StepFailedException: Actual text 'Manufacture Information' and expected text 'Regulatory Approval' of test object 'Object Repository/Item Details Objects/Page_diagnostics/div_Regulatory_Approval' are NOT matched.
	at com.kms.katalon.core.webui.keyword.internal.WebUIKeywordMain.stepFailed(WebUIKeywordMain.groovy:64)
	at com.kms.katalon.core.webui.keyword.builtin.VerifyElementTextKeyword$_verifyElementText_closure1.doCall(VerifyElementTextKeyword.groovy:57)
	at com.kms.katalon.core.webui.keyword.builtin.VerifyElementTextKeyword$_verifyElementText_closure1.call(VerifyElementTextKeyword.groovy)
	at com.kms.katalon.core.webui.keyword.internal.WebUIKeywordMain.runKeyword(WebUIKeywordMain.groovy:20)
	... 19 more]]></system-err>
      </testcase>
      <testcase name="Test Cases/Custom Item Details/TEST CASE/TC_DETAILS_UI_020" time="81.103" classname="Test Cases/Custom Item Details/TEST CASE/TC_DETAILS_UI_020" status="FAILED">
         <failure type="FAILED" message="Test Cases/Custom Item Details/TEST CASE/TC_DETAILS_UI_020 FAILED.
Reason:
com.kms.katalon.core.exception.StepFailedException: Unable to verify object 'Object Repository/Item Details Objects/Page_diagnostics/a_Procure_from_other_Agencies' to be clickable
	at com.kms.katalon.core.webui.keyword.internal.WebUIKeywordMain.stepFailed(WebUIKeywordMain.groovy:64)
	at com.kms.katalon.core.webui.keyword.internal.WebUIKeywordMain.runKeyword(WebUIKeywordMain.groovy:26)
	at com.kms.katalon.core.webui.keyword.builtin.VerifyElementClickableKeyword.verifyElementClickable(VerifyElementClickableKeyword.groovy:96)
	at com.kms.katalon.core.webui.keyword.builtin.VerifyElementClickableKeyword.execute(VerifyElementClickableKeyword.groovy:67)
	at com.kms.katalon.core.keyword.internal.KeywordExecutor.executeKeywordForPlatform(KeywordExecutor.groovy:73)
	at com.kms.katalon.core.webui.keyword.WebUiBuiltInKeywords.verifyElementClickable(WebUiBuiltInKeywords.groovy:563)
	at com.kms.katalon.core.webui.keyword.WebUiBuiltInKeywords$verifyElementClickable$6.call(Unknown Source)
	at TC_DETAILS_UI_020.run(TC_DETAILS_UI_020:22)
	at com.kms.katalon.core.main.ScriptEngine.run(ScriptEngine.java:194)
	at com.kms.katalon.core.main.ScriptEngine.runScriptAsRawText(ScriptEngine.java:119)
	at com.kms.katalon.core.main.TestCaseExecutor.runScript(TestCaseExecutor.java:339)
	at com.kms.katalon.core.main.TestCaseExecutor.doExecute(TestCaseExecutor.java:330)
	at com.kms.katalon.core.main.TestCaseExecutor.processExecutionPhase(TestCaseExecutor.java:309)
	at com.kms.katalon.core.main.TestCaseExecutor.accessMainPhase(TestCaseExecutor.java:301)
	at com.kms.katalon.core.main.TestCaseExecutor.execute(TestCaseExecutor.java:235)
	at com.kms.katalon.core.main.TestSuiteExecutor.accessTestCaseMainPhase(TestSuiteExecutor.java:191)
	at com.kms.katalon.core.main.TestSuiteExecutor.accessTestSuiteMainPhase(TestSuiteExecutor.java:141)
	at com.kms.katalon.core.main.TestSuiteExecutor.execute(TestSuiteExecutor.java:90)
	at com.kms.katalon.core.main.TestCaseMain.startTestSuite(TestCaseMain.java:157)
	at com.kms.katalon.core.main.TestCaseMain$startTestSuite$0.call(Unknown Source)
	at TempTestSuite1620355020148.run(TempTestSuite1620355020148.groovy:39)
Caused by: com.kms.katalon.core.exception.StepFailedException: Web element with id: 'Object Repository/Item Details Objects/Page_diagnostics/a_Procure_from_other_Agencies' located by '#item-pop-up' not found
	at com.kms.katalon.core.webui.keyword.internal.WebUIKeywordMain.stepFailed(WebUIKeywordMain.groovy:64)
	at com.kms.katalon.core.webui.keyword.builtin.VerifyElementClickableKeyword$_verifyElementClickable_closure1.doCall(VerifyElementClickableKeyword.groovy:88)
	at com.kms.katalon.core.webui.keyword.builtin.VerifyElementClickableKeyword$_verifyElementClickable_closure1.call(VerifyElementClickableKeyword.groovy)
	at com.kms.katalon.core.webui.keyword.internal.WebUIKeywordMain.runKeyword(WebUIKeywordMain.groovy:20)
	... 19 more
"/>
         <system-out><![CDATA[2021-05-07 10:45:04 - [TEST_CASE][FAILED] - Test Cases/Custom Item Details/TEST CASE/TC_DETAILS_UI_020: Test Cases/Custom Item Details/TEST CASE/TC_DETAILS_UI_020 FAILED.
Reason:
com.kms.katalon.core.exception.StepFailedException: Unable to verify object 'Object Repository/Item Details Objects/Page_diagnostics/a_Procure_from_other_Agencies' to be clickable
	at com.kms.katalon.core.webui.keyword.internal.WebUIKeywordMain.stepFailed(WebUIKeywordMain.groovy:64)
	at com.kms.katalon.core.webui.keyword.internal.WebUIKeywordMain.runKeyword(WebUIKeywordMain.groovy:26)
	at com.kms.katalon.core.webui.keyword.builtin.VerifyElementClickableKeyword.verifyElementClickable(VerifyElementClickableKeyword.groovy:96)
	at com.kms.katalon.core.webui.keyword.builtin.VerifyElementClickableKeyword.execute(VerifyElementClickableKeyword.groovy:67)
	at com.kms.katalon.core.keyword.internal.KeywordExecutor.executeKeywordForPlatform(KeywordExecutor.groovy:73)
	at com.kms.katalon.core.webui.keyword.WebUiBuiltInKeywords.verifyElementClickable(WebUiBuiltInKeywords.groovy:563)
	at com.kms.katalon.core.webui.keyword.WebUiBuiltInKeywords$verifyElementClickable$6.call(Unknown Source)
	at TC_DETAILS_UI_020.run(TC_DETAILS_UI_020:22)
	at com.kms.katalon.core.main.ScriptEngine.run(ScriptEngine.java:194)
	at com.kms.katalon.core.main.ScriptEngine.runScriptAsRawText(ScriptEngine.java:119)
	at com.kms.katalon.core.main.TestCaseExecutor.runScript(TestCaseExecutor.java:339)
	at com.kms.katalon.core.main.TestCaseExecutor.doExecute(TestCaseExecutor.java:330)
	at com.kms.katalon.core.main.TestCaseExecutor.processExecutionPhase(TestCaseExecutor.java:309)
	at com.kms.katalon.core.main.TestCaseExecutor.accessMainPhase(TestCaseExecutor.java:301)
	at com.kms.katalon.core.main.TestCaseExecutor.execute(TestCaseExecutor.java:235)
	at com.kms.katalon.core.main.TestSuiteExecutor.accessTestCaseMainPhase(TestSuiteExecutor.java:191)
	at com.kms.katalon.core.main.TestSuiteExecutor.accessTestSuiteMainPhase(TestSuiteExecutor.java:141)
	at com.kms.katalon.core.main.TestSuiteExecutor.execute(TestSuiteExecutor.java:90)
	at com.kms.katalon.core.main.TestCaseMain.startTestSuite(TestCaseMain.java:157)
	at com.kms.katalon.core.main.TestCaseMain$startTestSuite$0.call(Unknown Source)
	at TempTestSuite1620355020148.run(TempTestSuite1620355020148.groovy:39)
Caused by: com.kms.katalon.core.exception.StepFailedException: Web element with id: 'Object Repository/Item Details Objects/Page_diagnostics/a_Procure_from_other_Agencies' located by '#item-pop-up' not found
	at com.kms.katalon.core.webui.keyword.internal.WebUIKeywordMain.stepFailed(WebUIKeywordMain.groovy:64)
	at com.kms.katalon.core.webui.keyword.builtin.VerifyElementClickableKeyword$_verifyElementClickable_closure1.doCall(VerifyElementClickableKeyword.groovy:88)
	at com.kms.katalon.core.webui.keyword.builtin.VerifyElementClickableKeyword$_verifyElementClickable_closure1.call(VerifyElementClickableKeyword.groovy)
	at com.kms.katalon.core.webui.keyword.internal.WebUIKeywordMain.runKeyword(WebUIKeywordMain.groovy:20)
	... 19 more


2021-05-07 10:45:04 - [TEST_STEP][PASSED] - callTestCase(findTestCase("Custom Item Details/UTILITIES/OPEN_BROWSER"), [:], STOP_ON_FAILURE): Call Test Case 'Test Cases/Custom Item Details/UTILITIES/OPEN_BROWSER' successfully

2021-05-07 10:45:04 - [TEST_CASE][PASSED] - Test Cases/Custom Item Details/UTILITIES/OPEN_BROWSER: Test Cases/Custom Item Details/UTILITIES/OPEN_BROWSER

2021-05-07 10:45:04 - [TEST_STEP][PASSED] - openBrowser("https://diagnostics.staging.arcadier.io/"): Browser is opened with url: 'https://diagnostics.staging.arcadier.io/'

2021-05-07 10:45:04 - [MESSAGE][WARNING] - A browser is already opened. Closing browser and opening a new one

2021-05-07 10:45:05 - [MESSAGE][INFO] - Starting 'Chrome' driver

2021-05-07 10:45:05 - [MESSAGE][INFO] - Action delay is set to 0 milliseconds

2021-05-07 10:45:15 - [MESSAGE][PASSED] - Browser is opened with url: 'https://diagnostics.staging.arcadier.io/'

2021-05-07 10:45:15 - [TEST_STEP][PASSED] - maximizeWindow(): Current window maximized

2021-05-07 10:45:16 - [MESSAGE][PASSED] - Current window maximized

2021-05-07 10:45:16 - [TEST_STEP][PASSED] - click(findTestObject("Item Details Objects/Page_diagnostics/a_Accept Cookies")): Object: 'Object Repository/Item Details Objects/Page_diagnostics/a_Accept Cookies' is clicked on

2021-05-07 10:45:16 - [MESSAGE][PASSED] - Object: 'Object Repository/Item Details Objects/Page_diagnostics/a_Accept Cookies' is clicked on

2021-05-07 10:45:16 - [TEST_STEP][PASSED] - click(findTestObject("Staging Objects/Page_diagnostics/a_COVID-19 DIAGNOSTICS"), STOP_ON_FAILURE): Object: 'Object Repository/Staging Objects/Page_diagnostics/a_COVID-19 DIAGNOSTICS' is clicked on

2021-05-07 10:45:18 - [MESSAGE][PASSED] - Object: 'Object Repository/Staging Objects/Page_diagnostics/a_COVID-19 DIAGNOSTICS' is clicked on

2021-05-07 10:45:18 - [TEST_STEP][PASSED] - mouseOver(findTestObject("Staging Objects/Page_diagnostics/a_STANDARD Q COVID-19 Ag Test")): Object: 'Object Repository/Staging Objects/Page_diagnostics/a_STANDARD Q COVID-19 Ag Test' is hovered

2021-05-07 10:45:19 - [MESSAGE][PASSED] - Object: 'Object Repository/Staging Objects/Page_diagnostics/a_STANDARD Q COVID-19 Ag Test' is hovered

2021-05-07 10:45:19 - [TEST_STEP][PASSED] - click(findTestObject("Staging Objects/Page_diagnostics/a_STANDARD Q COVID-19 Ag Test")): Object: 'Object Repository/Staging Objects/Page_diagnostics/a_STANDARD Q COVID-19 Ag Test' is clicked on

2021-05-07 10:45:23 - [MESSAGE][PASSED] - Object: 'Object Repository/Staging Objects/Page_diagnostics/a_STANDARD Q COVID-19 Ag Test' is clicked on

2021-05-07 10:45:23 - [MESSAGE][PASSED] - Call Test Case 'Test Cases/Custom Item Details/UTILITIES/OPEN_BROWSER' successfully

2021-05-07 10:45:23 - [TEST_STEP][PASSED] - waitForElementVisible(findTestObject("Item Details Objects/Page_diagnostics/a_Procure_from_other_Agencies"), 0): Web element with id: 'Object Repository/Item Details Objects/Page_diagnostics/a_Procure_from_other_Agencies' located by '#item-pop-up' not found

2021-05-07 10:45:23 - [MESSAGE][WARNING] - Timeout '0' is invalid. Using default page load timeout: '30'

2021-05-07 10:45:54 - [MESSAGE][INFO] - Unable to find the element located by 'By.cssSelector: #item-pop-up'. Please recheck the objects properties to make sure the desired element is located. 

2021-05-07 10:45:54 - [MESSAGE][WARNING] - Web element with id: 'Object Repository/Item Details Objects/Page_diagnostics/a_Procure_from_other_Agencies' located by '#item-pop-up' not found

2021-05-07 10:45:54 - [TEST_STEP][FAILED] - verifyElementClickable(findTestObject("Item Details Objects/Page_diagnostics/a_Procure_from_other_Agencies")): Unable to verify object 'Object Repository/Item Details Objects/Page_diagnostics/a_Procure_from_other_Agencies' to be clickable (Root cause: com.kms.katalon.core.exception.StepFailedException: Unable to verify object 'Object Repository/Item Details Objects/Page_diagnostics/a_Procure_from_other_Agencies' to be clickable
	at com.kms.katalon.core.webui.keyword.internal.WebUIKeywordMain.stepFailed(WebUIKeywordMain.groovy:64)
	at com.kms.katalon.core.webui.keyword.internal.WebUIKeywordMain.runKeyword(WebUIKeywordMain.groovy:26)
	at com.kms.katalon.core.webui.keyword.builtin.VerifyElementClickableKeyword.verifyElementClickable(VerifyElementClickableKeyword.groovy:96)
	at com.kms.katalon.core.webui.keyword.builtin.VerifyElementClickableKeyword.execute(VerifyElementClickableKeyword.groovy:67)
	at com.kms.katalon.core.keyword.internal.KeywordExecutor.executeKeywordForPlatform(KeywordExecutor.groovy:73)
	at com.kms.katalon.core.webui.keyword.WebUiBuiltInKeywords.verifyElementClickable(WebUiBuiltInKeywords.groovy:563)
	at com.kms.katalon.core.webui.keyword.WebUiBuiltInKeywords$verifyElementClickable$6.call(Unknown Source)
	at TC_DETAILS_UI_020.run(TC_DETAILS_UI_020:22)
	at com.kms.katalon.core.main.ScriptEngine.run(ScriptEngine.java:194)
	at com.kms.katalon.core.main.ScriptEngine.runScriptAsRawText(ScriptEngine.java:119)
	at com.kms.katalon.core.main.TestCaseExecutor.runScript(TestCaseExecutor.java:339)
	at com.kms.katalon.core.main.TestCaseExecutor.doExecute(TestCaseExecutor.java:330)
	at com.kms.katalon.core.main.TestCaseExecutor.processExecutionPhase(TestCaseExecutor.java:309)
	at com.kms.katalon.core.main.TestCaseExecutor.accessMainPhase(TestCaseExecutor.java:301)
	at com.kms.katalon.core.main.TestCaseExecutor.execute(TestCaseExecutor.java:235)
	at com.kms.katalon.core.main.TestSuiteExecutor.accessTestCaseMainPhase(TestSuiteExecutor.java:191)
	at com.kms.katalon.core.main.TestSuiteExecutor.accessTestSuiteMainPhase(TestSuiteExecutor.java:141)
	at com.kms.katalon.core.main.TestSuiteExecutor.execute(TestSuiteExecutor.java:90)
	at com.kms.katalon.core.main.TestCaseMain.startTestSuite(TestCaseMain.java:157)
	at com.kms.katalon.core.main.TestCaseMain$startTestSuite$0.call(Unknown Source)
	at TempTestSuite1620355020148.run(TempTestSuite1620355020148.groovy:39)
Caused by: com.kms.katalon.core.exception.StepFailedException: Web element with id: 'Object Repository/Item Details Objects/Page_diagnostics/a_Procure_from_other_Agencies' located by '#item-pop-up' not found
	at com.kms.katalon.core.webui.keyword.internal.WebUIKeywordMain.stepFailed(WebUIKeywordMain.groovy:64)
	at com.kms.katalon.core.webui.keyword.builtin.VerifyElementClickableKeyword$_verifyElementClickable_closure1.doCall(VerifyElementClickableKeyword.groovy:88)
	at com.kms.katalon.core.webui.keyword.builtin.VerifyElementClickableKeyword$_verifyElementClickable_closure1.call(VerifyElementClickableKeyword.groovy)
	at com.kms.katalon.core.webui.keyword.internal.WebUIKeywordMain.runKeyword(WebUIKeywordMain.groovy:20)
	... 19 more
)

2021-05-07 10:46:25 - [MESSAGE][INFO] - Unable to find the element located by 'By.cssSelector: #item-pop-up'. Please recheck the objects properties to make sure the desired element is located. 

2021-05-07 10:46:25 - [MESSAGE][FAILED] - Web element with id: 'Object Repository/Item Details Objects/Page_diagnostics/a_Procure_from_other_Agencies' located by '#item-pop-up' not found (Root cause: com.kms.katalon.core.exception.StepFailedException: Web element with id: 'Object Repository/Item Details Objects/Page_diagnostics/a_Procure_from_other_Agencies' located by '#item-pop-up' not found
	at com.kms.katalon.core.webui.keyword.internal.WebUIKeywordMain.stepFailed(WebUIKeywordMain.groovy:64)
	at com.kms.katalon.core.webui.keyword.builtin.VerifyElementClickableKeyword$_verifyElementClickable_closure1.doCall(VerifyElementClickableKeyword.groovy:88)
	at com.kms.katalon.core.webui.keyword.builtin.VerifyElementClickableKeyword$_verifyElementClickable_closure1.call(VerifyElementClickableKeyword.groovy)
	at com.kms.katalon.core.webui.keyword.internal.WebUIKeywordMain.runKeyword(WebUIKeywordMain.groovy:20)
	at com.kms.katalon.core.webui.keyword.builtin.VerifyElementClickableKeyword.verifyElementClickable(VerifyElementClickableKeyword.groovy:96)
	at com.kms.katalon.core.webui.keyword.builtin.VerifyElementClickableKeyword.execute(VerifyElementClickableKeyword.groovy:67)
	at com.kms.katalon.core.keyword.internal.KeywordExecutor.executeKeywordForPlatform(KeywordExecutor.groovy:73)
	at com.kms.katalon.core.webui.keyword.WebUiBuiltInKeywords.verifyElementClickable(WebUiBuiltInKeywords.groovy:563)
	at com.kms.katalon.core.webui.keyword.WebUiBuiltInKeywords$verifyElementClickable$6.call(Unknown Source)
	at TC_DETAILS_UI_020.run(TC_DETAILS_UI_020:22)
	at com.kms.katalon.core.main.ScriptEngine.run(ScriptEngine.java:194)
	at com.kms.katalon.core.main.ScriptEngine.runScriptAsRawText(ScriptEngine.java:119)
	at com.kms.katalon.core.main.TestCaseExecutor.runScript(TestCaseExecutor.java:339)
	at com.kms.katalon.core.main.TestCaseExecutor.doExecute(TestCaseExecutor.java:330)
	at com.kms.katalon.core.main.TestCaseExecutor.processExecutionPhase(TestCaseExecutor.java:309)
	at com.kms.katalon.core.main.TestCaseExecutor.accessMainPhase(TestCaseExecutor.java:301)
	at com.kms.katalon.core.main.TestCaseExecutor.execute(TestCaseExecutor.java:235)
	at com.kms.katalon.core.main.TestSuiteExecutor.accessTestCaseMainPhase(TestSuiteExecutor.java:191)
	at com.kms.katalon.core.main.TestSuiteExecutor.accessTestSuiteMainPhase(TestSuiteExecutor.java:141)
	at com.kms.katalon.core.main.TestSuiteExecutor.execute(TestSuiteExecutor.java:90)
	at com.kms.katalon.core.main.TestCaseMain.startTestSuite(TestCaseMain.java:157)
	at com.kms.katalon.core.main.TestCaseMain$startTestSuite$0.call(Unknown Source)
	at TempTestSuite1620355020148.run(TempTestSuite1620355020148.groovy:39)
)
[[ATTACHMENT|K:\\Work\\GitHub\\find-item-detail-test_v2\\Reports\\20210507_103700\\Item detail test\\20210507_103700\\1620355585571.png]]

2021-05-07 10:46:25 - [MESSAGE][FAILED] - Unable to verify object 'Object Repository/Item Details Objects/Page_diagnostics/a_Procure_from_other_Agencies' to be clickable (Root cause: com.kms.katalon.core.exception.StepFailedException: Unable to verify object 'Object Repository/Item Details Objects/Page_diagnostics/a_Procure_from_other_Agencies' to be clickable
	at com.kms.katalon.core.webui.keyword.internal.WebUIKeywordMain.stepFailed(WebUIKeywordMain.groovy:64)
	at com.kms.katalon.core.webui.keyword.internal.WebUIKeywordMain.runKeyword(WebUIKeywordMain.groovy:26)
	at com.kms.katalon.core.webui.keyword.builtin.VerifyElementClickableKeyword.verifyElementClickable(VerifyElementClickableKeyword.groovy:96)
	at com.kms.katalon.core.webui.keyword.builtin.VerifyElementClickableKeyword.execute(VerifyElementClickableKeyword.groovy:67)
	at com.kms.katalon.core.keyword.internal.KeywordExecutor.executeKeywordForPlatform(KeywordExecutor.groovy:73)
	at com.kms.katalon.core.webui.keyword.WebUiBuiltInKeywords.verifyElementClickable(WebUiBuiltInKeywords.groovy:563)
	at com.kms.katalon.core.webui.keyword.WebUiBuiltInKeywords$verifyElementClickable$6.call(Unknown Source)
	at TC_DETAILS_UI_020.run(TC_DETAILS_UI_020:22)
	at com.kms.katalon.core.main.ScriptEngine.run(ScriptEngine.java:194)
	at com.kms.katalon.core.main.ScriptEngine.runScriptAsRawText(ScriptEngine.java:119)
	at com.kms.katalon.core.main.TestCaseExecutor.runScript(TestCaseExecutor.java:339)
	at com.kms.katalon.core.main.TestCaseExecutor.doExecute(TestCaseExecutor.java:330)
	at com.kms.katalon.core.main.TestCaseExecutor.processExecutionPhase(TestCaseExecutor.java:309)
	at com.kms.katalon.core.main.TestCaseExecutor.accessMainPhase(TestCaseExecutor.java:301)
	at com.kms.katalon.core.main.TestCaseExecutor.execute(TestCaseExecutor.java:235)
	at com.kms.katalon.core.main.TestSuiteExecutor.accessTestCaseMainPhase(TestSuiteExecutor.java:191)
	at com.kms.katalon.core.main.TestSuiteExecutor.accessTestSuiteMainPhase(TestSuiteExecutor.java:141)
	at com.kms.katalon.core.main.TestSuiteExecutor.execute(TestSuiteExecutor.java:90)
	at com.kms.katalon.core.main.TestCaseMain.startTestSuite(TestCaseMain.java:157)
	at com.kms.katalon.core.main.TestCaseMain$startTestSuite$0.call(Unknown Source)
	at TempTestSuite1620355020148.run(TempTestSuite1620355020148.groovy:39)
Caused by: com.kms.katalon.core.exception.StepFailedException: Web element with id: 'Object Repository/Item Details Objects/Page_diagnostics/a_Procure_from_other_Agencies' located by '#item-pop-up' not found
	at com.kms.katalon.core.webui.keyword.internal.WebUIKeywordMain.stepFailed(WebUIKeywordMain.groovy:64)
	at com.kms.katalon.core.webui.keyword.builtin.VerifyElementClickableKeyword$_verifyElementClickable_closure1.doCall(VerifyElementClickableKeyword.groovy:88)
	at com.kms.katalon.core.webui.keyword.builtin.VerifyElementClickableKeyword$_verifyElementClickable_closure1.call(VerifyElementClickableKeyword.groovy)
	at com.kms.katalon.core.webui.keyword.internal.WebUIKeywordMain.runKeyword(WebUIKeywordMain.groovy:20)
	... 19 more
)
[[ATTACHMENT|K:\\Work\\GitHub\\find-item-detail-test_v2\\Reports\\20210507_103700\\Item detail test\\20210507_103700\\1620355585729.png]]]]></system-out>
         <system-err><![CDATA[2021-05-07 10:45:04 - [TEST_CASE][FAILED] - Test Cases/Custom Item Details/TEST CASE/TC_DETAILS_UI_020: Test Cases/Custom Item Details/TEST CASE/TC_DETAILS_UI_020 FAILED.
Reason:
com.kms.katalon.core.exception.StepFailedException: Unable to verify object 'Object Repository/Item Details Objects/Page_diagnostics/a_Procure_from_other_Agencies' to be clickable
	at com.kms.katalon.core.webui.keyword.internal.WebUIKeywordMain.stepFailed(WebUIKeywordMain.groovy:64)
	at com.kms.katalon.core.webui.keyword.internal.WebUIKeywordMain.runKeyword(WebUIKeywordMain.groovy:26)
	at com.kms.katalon.core.webui.keyword.builtin.VerifyElementClickableKeyword.verifyElementClickable(VerifyElementClickableKeyword.groovy:96)
	at com.kms.katalon.core.webui.keyword.builtin.VerifyElementClickableKeyword.execute(VerifyElementClickableKeyword.groovy:67)
	at com.kms.katalon.core.keyword.internal.KeywordExecutor.executeKeywordForPlatform(KeywordExecutor.groovy:73)
	at com.kms.katalon.core.webui.keyword.WebUiBuiltInKeywords.verifyElementClickable(WebUiBuiltInKeywords.groovy:563)
	at com.kms.katalon.core.webui.keyword.WebUiBuiltInKeywords$verifyElementClickable$6.call(Unknown Source)
	at TC_DETAILS_UI_020.run(TC_DETAILS_UI_020:22)
	at com.kms.katalon.core.main.ScriptEngine.run(ScriptEngine.java:194)
	at com.kms.katalon.core.main.ScriptEngine.runScriptAsRawText(ScriptEngine.java:119)
	at com.kms.katalon.core.main.TestCaseExecutor.runScript(TestCaseExecutor.java:339)
	at com.kms.katalon.core.main.TestCaseExecutor.doExecute(TestCaseExecutor.java:330)
	at com.kms.katalon.core.main.TestCaseExecutor.processExecutionPhase(TestCaseExecutor.java:309)
	at com.kms.katalon.core.main.TestCaseExecutor.accessMainPhase(TestCaseExecutor.java:301)
	at com.kms.katalon.core.main.TestCaseExecutor.execute(TestCaseExecutor.java:235)
	at com.kms.katalon.core.main.TestSuiteExecutor.accessTestCaseMainPhase(TestSuiteExecutor.java:191)
	at com.kms.katalon.core.main.TestSuiteExecutor.accessTestSuiteMainPhase(TestSuiteExecutor.java:141)
	at com.kms.katalon.core.main.TestSuiteExecutor.execute(TestSuiteExecutor.java:90)
	at com.kms.katalon.core.main.TestCaseMain.startTestSuite(TestCaseMain.java:157)
	at com.kms.katalon.core.main.TestCaseMain$startTestSuite$0.call(Unknown Source)
	at TempTestSuite1620355020148.run(TempTestSuite1620355020148.groovy:39)
Caused by: com.kms.katalon.core.exception.StepFailedException: Web element with id: 'Object Repository/Item Details Objects/Page_diagnostics/a_Procure_from_other_Agencies' located by '#item-pop-up' not found
	at com.kms.katalon.core.webui.keyword.internal.WebUIKeywordMain.stepFailed(WebUIKeywordMain.groovy:64)
	at com.kms.katalon.core.webui.keyword.builtin.VerifyElementClickableKeyword$_verifyElementClickable_closure1.doCall(VerifyElementClickableKeyword.groovy:88)
	at com.kms.katalon.core.webui.keyword.builtin.VerifyElementClickableKeyword$_verifyElementClickable_closure1.call(VerifyElementClickableKeyword.groovy)
	at com.kms.katalon.core.webui.keyword.internal.WebUIKeywordMain.runKeyword(WebUIKeywordMain.groovy:20)
	... 19 more]]></system-err>
      </testcase>
      <testcase name="Test Cases/Custom Item Details/TEST CASE/TC_DETAILS_UI_021" time="37.953" classname="Test Cases/Custom Item Details/TEST CASE/TC_DETAILS_UI_021" status="PASSED">
         <system-out><![CDATA[2021-05-07 10:46:25 - [TEST_CASE][PASSED] - Test Cases/Custom Item Details/TEST CASE/TC_DETAILS_UI_021: Test Cases/Custom Item Details/TEST CASE/TC_DETAILS_UI_021

2021-05-07 10:46:26 - [TEST_STEP][PASSED] - callTestCase(findTestCase("Custom Item Details/UTILITIES/OPEN_BROWSER"), [:], STOP_ON_FAILURE): Call Test Case 'Test Cases/Custom Item Details/UTILITIES/OPEN_BROWSER' successfully

2021-05-07 10:46:26 - [TEST_CASE][PASSED] - Test Cases/Custom Item Details/UTILITIES/OPEN_BROWSER: Test Cases/Custom Item Details/UTILITIES/OPEN_BROWSER

2021-05-07 10:46:26 - [TEST_STEP][PASSED] - openBrowser("https://diagnostics.staging.arcadier.io/"): Browser is opened with url: 'https://diagnostics.staging.arcadier.io/'

2021-05-07 10:46:26 - [MESSAGE][WARNING] - A browser is already opened. Closing browser and opening a new one

2021-05-07 10:46:26 - [MESSAGE][INFO] - Starting 'Chrome' driver

2021-05-07 10:46:26 - [MESSAGE][INFO] - Action delay is set to 0 milliseconds

2021-05-07 10:46:36 - [MESSAGE][PASSED] - Browser is opened with url: 'https://diagnostics.staging.arcadier.io/'

2021-05-07 10:46:36 - [TEST_STEP][PASSED] - maximizeWindow(): Current window maximized

2021-05-07 10:46:37 - [MESSAGE][PASSED] - Current window maximized

2021-05-07 10:46:37 - [TEST_STEP][PASSED] - click(findTestObject("Item Details Objects/Page_diagnostics/a_Accept Cookies")): Object: 'Object Repository/Item Details Objects/Page_diagnostics/a_Accept Cookies' is clicked on

2021-05-07 10:46:37 - [MESSAGE][PASSED] - Object: 'Object Repository/Item Details Objects/Page_diagnostics/a_Accept Cookies' is clicked on

2021-05-07 10:46:37 - [TEST_STEP][PASSED] - click(findTestObject("Staging Objects/Page_diagnostics/a_COVID-19 DIAGNOSTICS"), STOP_ON_FAILURE): Object: 'Object Repository/Staging Objects/Page_diagnostics/a_COVID-19 DIAGNOSTICS' is clicked on

2021-05-07 10:46:39 - [MESSAGE][PASSED] - Object: 'Object Repository/Staging Objects/Page_diagnostics/a_COVID-19 DIAGNOSTICS' is clicked on

2021-05-07 10:46:39 - [TEST_STEP][PASSED] - mouseOver(findTestObject("Staging Objects/Page_diagnostics/a_STANDARD Q COVID-19 Ag Test")): Object: 'Object Repository/Staging Objects/Page_diagnostics/a_STANDARD Q COVID-19 Ag Test' is hovered

2021-05-07 10:46:40 - [MESSAGE][PASSED] - Object: 'Object Repository/Staging Objects/Page_diagnostics/a_STANDARD Q COVID-19 Ag Test' is hovered

2021-05-07 10:46:40 - [TEST_STEP][PASSED] - click(findTestObject("Staging Objects/Page_diagnostics/a_STANDARD Q COVID-19 Ag Test")): Object: 'Object Repository/Staging Objects/Page_diagnostics/a_STANDARD Q COVID-19 Ag Test' is clicked on

2021-05-07 10:46:42 - [MESSAGE][PASSED] - Object: 'Object Repository/Staging Objects/Page_diagnostics/a_STANDARD Q COVID-19 Ag Test' is clicked on

2021-05-07 10:46:42 - [MESSAGE][PASSED] - Call Test Case 'Test Cases/Custom Item Details/UTILITIES/OPEN_BROWSER' successfully

2021-05-07 10:46:42 - [TEST_STEP][PASSED] - callTestCase(findTestCase("Custom Item Details/UTILITIES/ITEM_DETAIL_PAGE"), [:], STOP_ON_FAILURE): Call Test Case 'Test Cases/Custom Item Details/UTILITIES/ITEM_DETAIL_PAGE' successfully

2021-05-07 10:46:42 - [TEST_CASE][PASSED] - Test Cases/Custom Item Details/UTILITIES/ITEM_DETAIL_PAGE: Test Cases/Custom Item Details/UTILITIES/ITEM_DETAIL_PAGE

2021-05-07 10:46:42 - [TEST_STEP][PASSED] - navigateToUrl("https://diagnostics.staging.arcadier.io/user/item/detail/gdaagencyfind/59fde34e-4dcb-44b5-bdcd-2bde962c0cb5"): Navigate to 'https://diagnostics.staging.arcadier.io/user/item/detail/gdaagencyfind/59fde34e-4dcb-44b5-bdcd-2bde962c0cb5' successfully

2021-05-07 10:46:44 - [MESSAGE][PASSED] - Navigate to 'https://diagnostics.staging.arcadier.io/user/item/detail/gdaagencyfind/59fde34e-4dcb-44b5-bdcd-2bde962c0cb5' successfully

2021-05-07 10:46:44 - [MESSAGE][PASSED] - Call Test Case 'Test Cases/Custom Item Details/UTILITIES/ITEM_DETAIL_PAGE' successfully

2021-05-07 10:46:44 - [TEST_STEP][PASSED] - waitForElementVisible(findTestObject("Item Details Objects/Page_diagnostics/a_Procure_Directly_From_Seller"), 0): Object 'Object Repository/Item Details Objects/Page_diagnostics/a_Procure_Directly_From_Seller' is visible

2021-05-07 10:46:44 - [MESSAGE][WARNING] - Timeout '0' is invalid. Using default page load timeout: '30'

2021-05-07 10:47:01 - [MESSAGE][PASSED] - Object 'Object Repository/Item Details Objects/Page_diagnostics/a_Procure_Directly_From_Seller' is visible

2021-05-07 10:47:01 - [TEST_STEP][PASSED] - verifyElementClickable(findTestObject("Item Details Objects/Page_diagnostics/a_Procure_Directly_From_Seller")): Object 'Object Repository/Item Details Objects/Page_diagnostics/a_Procure_Directly_From_Seller' is clickable

2021-05-07 10:47:01 - [MESSAGE][PASSED] - Object 'Object Repository/Item Details Objects/Page_diagnostics/a_Procure_Directly_From_Seller' is clickable

2021-05-07 10:47:01 - [TEST_STEP][PASSED] - click(findTestObject("Item Details Objects/Page_diagnostics/a_Procure_Directly_From_Seller")): Object: 'Object Repository/Item Details Objects/Page_diagnostics/a_Procure_Directly_From_Seller' is clicked on

2021-05-07 10:47:02 - [MESSAGE][PASSED] - Object: 'Object Repository/Item Details Objects/Page_diagnostics/a_Procure_Directly_From_Seller' is clicked on

2021-05-07 10:47:02 - [TEST_STEP][PASSED] - verifyElementPresent(findTestObject("Login Page/Page_diagnostics/div_Login_Page"), 0): Object 'Object Repository/Login Page/Page_diagnostics/div_Login_Page' is present

2021-05-07 10:47:02 - [MESSAGE][WARNING] - Timeout '0' is invalid. Using default page load timeout: '30'

2021-05-07 10:47:03 - [MESSAGE][PASSED] - Object 'Object Repository/Login Page/Page_diagnostics/div_Login_Page' is present

2021-05-07 10:47:03 - [TEST_STEP][PASSED] - callTestCase(findTestCase("Custom Item Details/UTILITIES/CLOSE_BROWSER"), [:], STOP_ON_FAILURE): Call Test Case 'Test Cases/Custom Item Details/UTILITIES/CLOSE_BROWSER' successfully

2021-05-07 10:47:03 - [TEST_CASE][PASSED] - Test Cases/Custom Item Details/UTILITIES/CLOSE_BROWSER: Test Cases/Custom Item Details/UTILITIES/CLOSE_BROWSER

2021-05-07 10:47:03 - [TEST_STEP][PASSED] - closeBrowser(): Browser is closed

2021-05-07 10:47:03 - [MESSAGE][PASSED] - Browser is closed

2021-05-07 10:47:03 - [MESSAGE][PASSED] - Call Test Case 'Test Cases/Custom Item Details/UTILITIES/CLOSE_BROWSER' successfully]]></system-out>
         <system-err><![CDATA[]]></system-err>
      </testcase>
      <testcase name="Test Cases/Custom Item Details/TEST CASE/TC_DETAILS_UI_022" time="66.092" classname="Test Cases/Custom Item Details/TEST CASE/TC_DETAILS_UI_022" status="FAILED">
         <failure type="FAILED" message="Test Cases/Custom Item Details/TEST CASE/TC_DETAILS_UI_022 FAILED.
Reason:
com.kms.katalon.core.exception.StepFailedException: Unable to click on object 'Object Repository/Item Details Objects/Page_diagnostics/a_Procure_from_other_Agencies'
	at com.kms.katalon.core.webui.keyword.internal.WebUIKeywordMain.stepFailed(WebUIKeywordMain.groovy:64)
	at com.kms.katalon.core.webui.keyword.internal.WebUIKeywordMain.runKeyword(WebUIKeywordMain.groovy:26)
	at com.kms.katalon.core.webui.keyword.builtin.ClickKeyword.click(ClickKeyword.groovy:76)
	at com.kms.katalon.core.webui.keyword.builtin.ClickKeyword.execute(ClickKeyword.groovy:43)
	at com.kms.katalon.core.keyword.internal.KeywordExecutor.executeKeywordForPlatform(KeywordExecutor.groovy:73)
	at com.kms.katalon.core.webui.keyword.WebUiBuiltInKeywords.click(WebUiBuiltInKeywords.groovy:617)
	at com.kms.katalon.core.webui.keyword.WebUiBuiltInKeywords$click$1.call(Unknown Source)
	at TC_DETAILS_UI_022.run(TC_DETAILS_UI_022:30)
	at com.kms.katalon.core.main.ScriptEngine.run(ScriptEngine.java:194)
	at com.kms.katalon.core.main.ScriptEngine.runScriptAsRawText(ScriptEngine.java:119)
	at com.kms.katalon.core.main.TestCaseExecutor.runScript(TestCaseExecutor.java:339)
	at com.kms.katalon.core.main.TestCaseExecutor.doExecute(TestCaseExecutor.java:330)
	at com.kms.katalon.core.main.TestCaseExecutor.processExecutionPhase(TestCaseExecutor.java:309)
	at com.kms.katalon.core.main.TestCaseExecutor.accessMainPhase(TestCaseExecutor.java:301)
	at com.kms.katalon.core.main.TestCaseExecutor.execute(TestCaseExecutor.java:235)
	at com.kms.katalon.core.main.TestSuiteExecutor.accessTestCaseMainPhase(TestSuiteExecutor.java:191)
	at com.kms.katalon.core.main.TestSuiteExecutor.accessTestSuiteMainPhase(TestSuiteExecutor.java:141)
	at com.kms.katalon.core.main.TestSuiteExecutor.execute(TestSuiteExecutor.java:90)
	at com.kms.katalon.core.main.TestCaseMain.startTestSuite(TestCaseMain.java:157)
	at com.kms.katalon.core.main.TestCaseMain$startTestSuite$0.call(Unknown Source)
	at TempTestSuite1620355020148.run(TempTestSuite1620355020148.groovy:39)
Caused by: com.kms.katalon.core.webui.exception.WebElementNotFoundException: Web element with id: 'Object Repository/Item Details Objects/Page_diagnostics/a_Procure_from_other_Agencies' located by '#item-pop-up' not found
	at com.kms.katalon.core.webui.common.WebUiCommonHelper.findWebElement(WebUiCommonHelper.java:1368)
	at com.kms.katalon.core.webui.keyword.internal.WebUIAbstractKeyword.findWebElement(WebUIAbstractKeyword.groovy:27)
	at com.kms.katalon.core.webui.keyword.internal.WebUIAbstractKeyword.findWebElement(WebUIAbstractKeyword.groovy:26)
	at com.kms.katalon.core.webui.keyword.builtin.ClickKeyword$_click_closure1.doCall(ClickKeyword.groovy:67)
	at com.kms.katalon.core.webui.keyword.builtin.ClickKeyword$_click_closure1.call(ClickKeyword.groovy)
	at com.kms.katalon.core.webui.keyword.internal.WebUIKeywordMain.runKeyword(WebUIKeywordMain.groovy:20)
	... 19 more
"/>
         <system-out><![CDATA[2021-05-07 10:47:03 - [TEST_CASE][FAILED] - Test Cases/Custom Item Details/TEST CASE/TC_DETAILS_UI_022: Test Cases/Custom Item Details/TEST CASE/TC_DETAILS_UI_022 FAILED.
Reason:
com.kms.katalon.core.exception.StepFailedException: Unable to click on object 'Object Repository/Item Details Objects/Page_diagnostics/a_Procure_from_other_Agencies'
	at com.kms.katalon.core.webui.keyword.internal.WebUIKeywordMain.stepFailed(WebUIKeywordMain.groovy:64)
	at com.kms.katalon.core.webui.keyword.internal.WebUIKeywordMain.runKeyword(WebUIKeywordMain.groovy:26)
	at com.kms.katalon.core.webui.keyword.builtin.ClickKeyword.click(ClickKeyword.groovy:76)
	at com.kms.katalon.core.webui.keyword.builtin.ClickKeyword.execute(ClickKeyword.groovy:43)
	at com.kms.katalon.core.keyword.internal.KeywordExecutor.executeKeywordForPlatform(KeywordExecutor.groovy:73)
	at com.kms.katalon.core.webui.keyword.WebUiBuiltInKeywords.click(WebUiBuiltInKeywords.groovy:617)
	at com.kms.katalon.core.webui.keyword.WebUiBuiltInKeywords$click$1.call(Unknown Source)
	at TC_DETAILS_UI_022.run(TC_DETAILS_UI_022:30)
	at com.kms.katalon.core.main.ScriptEngine.run(ScriptEngine.java:194)
	at com.kms.katalon.core.main.ScriptEngine.runScriptAsRawText(ScriptEngine.java:119)
	at com.kms.katalon.core.main.TestCaseExecutor.runScript(TestCaseExecutor.java:339)
	at com.kms.katalon.core.main.TestCaseExecutor.doExecute(TestCaseExecutor.java:330)
	at com.kms.katalon.core.main.TestCaseExecutor.processExecutionPhase(TestCaseExecutor.java:309)
	at com.kms.katalon.core.main.TestCaseExecutor.accessMainPhase(TestCaseExecutor.java:301)
	at com.kms.katalon.core.main.TestCaseExecutor.execute(TestCaseExecutor.java:235)
	at com.kms.katalon.core.main.TestSuiteExecutor.accessTestCaseMainPhase(TestSuiteExecutor.java:191)
	at com.kms.katalon.core.main.TestSuiteExecutor.accessTestSuiteMainPhase(TestSuiteExecutor.java:141)
	at com.kms.katalon.core.main.TestSuiteExecutor.execute(TestSuiteExecutor.java:90)
	at com.kms.katalon.core.main.TestCaseMain.startTestSuite(TestCaseMain.java:157)
	at com.kms.katalon.core.main.TestCaseMain$startTestSuite$0.call(Unknown Source)
	at TempTestSuite1620355020148.run(TempTestSuite1620355020148.groovy:39)
Caused by: com.kms.katalon.core.webui.exception.WebElementNotFoundException: Web element with id: 'Object Repository/Item Details Objects/Page_diagnostics/a_Procure_from_other_Agencies' located by '#item-pop-up' not found
	at com.kms.katalon.core.webui.common.WebUiCommonHelper.findWebElement(WebUiCommonHelper.java:1368)
	at com.kms.katalon.core.webui.keyword.internal.WebUIAbstractKeyword.findWebElement(WebUIAbstractKeyword.groovy:27)
	at com.kms.katalon.core.webui.keyword.internal.WebUIAbstractKeyword.findWebElement(WebUIAbstractKeyword.groovy:26)
	at com.kms.katalon.core.webui.keyword.builtin.ClickKeyword$_click_closure1.doCall(ClickKeyword.groovy:67)
	at com.kms.katalon.core.webui.keyword.builtin.ClickKeyword$_click_closure1.call(ClickKeyword.groovy)
	at com.kms.katalon.core.webui.keyword.internal.WebUIKeywordMain.runKeyword(WebUIKeywordMain.groovy:20)
	... 19 more


2021-05-07 10:47:03 - [TEST_STEP][PASSED] - callTestCase(findTestCase("Custom Item Details/UTILITIES/OPEN_BROWSER"), [:], STOP_ON_FAILURE): Call Test Case 'Test Cases/Custom Item Details/UTILITIES/OPEN_BROWSER' successfully

2021-05-07 10:47:04 - [TEST_CASE][PASSED] - Test Cases/Custom Item Details/UTILITIES/OPEN_BROWSER: Test Cases/Custom Item Details/UTILITIES/OPEN_BROWSER

2021-05-07 10:47:04 - [TEST_STEP][PASSED] - openBrowser("https://diagnostics.staging.arcadier.io/"): Browser is opened with url: 'https://diagnostics.staging.arcadier.io/'

2021-05-07 10:47:04 - [MESSAGE][INFO] - Starting 'Chrome' driver

2021-05-07 10:47:04 - [MESSAGE][INFO] - Action delay is set to 0 milliseconds

2021-05-07 10:47:14 - [MESSAGE][PASSED] - Browser is opened with url: 'https://diagnostics.staging.arcadier.io/'

2021-05-07 10:47:14 - [TEST_STEP][PASSED] - maximizeWindow(): Current window maximized

2021-05-07 10:47:15 - [MESSAGE][PASSED] - Current window maximized

2021-05-07 10:47:15 - [TEST_STEP][PASSED] - click(findTestObject("Item Details Objects/Page_diagnostics/a_Accept Cookies")): Object: 'Object Repository/Item Details Objects/Page_diagnostics/a_Accept Cookies' is clicked on

2021-05-07 10:47:15 - [MESSAGE][PASSED] - Object: 'Object Repository/Item Details Objects/Page_diagnostics/a_Accept Cookies' is clicked on

2021-05-07 10:47:15 - [TEST_STEP][PASSED] - click(findTestObject("Staging Objects/Page_diagnostics/a_COVID-19 DIAGNOSTICS"), STOP_ON_FAILURE): Object: 'Object Repository/Staging Objects/Page_diagnostics/a_COVID-19 DIAGNOSTICS' is clicked on

2021-05-07 10:47:17 - [MESSAGE][PASSED] - Object: 'Object Repository/Staging Objects/Page_diagnostics/a_COVID-19 DIAGNOSTICS' is clicked on

2021-05-07 10:47:17 - [TEST_STEP][PASSED] - mouseOver(findTestObject("Staging Objects/Page_diagnostics/a_STANDARD Q COVID-19 Ag Test")): Object: 'Object Repository/Staging Objects/Page_diagnostics/a_STANDARD Q COVID-19 Ag Test' is hovered

2021-05-07 10:47:18 - [MESSAGE][PASSED] - Object: 'Object Repository/Staging Objects/Page_diagnostics/a_STANDARD Q COVID-19 Ag Test' is hovered

2021-05-07 10:47:18 - [TEST_STEP][PASSED] - click(findTestObject("Staging Objects/Page_diagnostics/a_STANDARD Q COVID-19 Ag Test")): Object: 'Object Repository/Staging Objects/Page_diagnostics/a_STANDARD Q COVID-19 Ag Test' is clicked on

2021-05-07 10:47:20 - [MESSAGE][PASSED] - Object: 'Object Repository/Staging Objects/Page_diagnostics/a_STANDARD Q COVID-19 Ag Test' is clicked on

2021-05-07 10:47:20 - [MESSAGE][PASSED] - Call Test Case 'Test Cases/Custom Item Details/UTILITIES/OPEN_BROWSER' successfully

2021-05-07 10:47:20 - [TEST_STEP][PASSED] - waitForElementVisible(findTestObject("Item Details Objects/Page_diagnostics/a_Procure_Directly_From_Seller"), 0): Object 'Object Repository/Item Details Objects/Page_diagnostics/a_Procure_Directly_From_Seller' is visible

2021-05-07 10:47:20 - [MESSAGE][WARNING] - Timeout '0' is invalid. Using default page load timeout: '30'

2021-05-07 10:47:21 - [MESSAGE][PASSED] - Object 'Object Repository/Item Details Objects/Page_diagnostics/a_Procure_Directly_From_Seller' is visible

2021-05-07 10:47:21 - [TEST_STEP][PASSED] - click(findTestObject("Item Details Objects/Page_diagnostics/a_Procure_Directly_From_Seller")): Object: 'Object Repository/Item Details Objects/Page_diagnostics/a_Procure_Directly_From_Seller' is clicked on

2021-05-07 10:47:22 - [MESSAGE][PASSED] - Object: 'Object Repository/Item Details Objects/Page_diagnostics/a_Procure_Directly_From_Seller' is clicked on

2021-05-07 10:47:22 - [TEST_STEP][PASSED] - verifyElementPresent(findTestObject("Login Page/Page_diagnostics/div_Login_Page"), 0): Object 'Object Repository/Login Page/Page_diagnostics/div_Login_Page' is present

2021-05-07 10:47:23 - [MESSAGE][WARNING] - Timeout '0' is invalid. Using default page load timeout: '30'

2021-05-07 10:47:23 - [MESSAGE][PASSED] - Object 'Object Repository/Login Page/Page_diagnostics/div_Login_Page' is present

2021-05-07 10:47:23 - [TEST_STEP][PASSED] - callTestCase(findTestCase("Custom Item Details/UTILITIES/LOGIN"), [:], STOP_ON_FAILURE): Call Test Case 'Test Cases/Custom Item Details/UTILITIES/LOGIN' successfully

2021-05-07 10:47:23 - [TEST_CASE][PASSED] - Test Cases/Custom Item Details/UTILITIES/LOGIN: Test Cases/Custom Item Details/UTILITIES/LOGIN

2021-05-07 10:47:23 - [TEST_STEP][PASSED] - click(findTestObject("Login Page/Page_diagnostics/a_Sign_In_as_ Buyer")): Object: 'Object Repository/Login Page/Page_diagnostics/a_Sign_In_as_ Buyer' is clicked on

2021-05-07 10:47:24 - [MESSAGE][PASSED] - Object: 'Object Repository/Login Page/Page_diagnostics/a_Sign_In_as_ Buyer' is clicked on

2021-05-07 10:47:24 - [TEST_STEP][PASSED] - setText(findTestObject("Login Page/Page_diagnostics/input_EmailUsername"), "admin"): Text 'admin' is set on object 'Object Repository/Login Page/Page_diagnostics/input_EmailUsername'

2021-05-07 10:47:24 - [MESSAGE][PASSED] - Text 'admin' is set on object 'Object Repository/Login Page/Page_diagnostics/input_EmailUsername'

2021-05-07 10:47:24 - [TEST_STEP][PASSED] - setText(findTestObject("Login Page/Page_diagnostics/input_Password"), "Diagnostics123!"): Text 'Diagnostics123!' is set on object 'Object Repository/Login Page/Page_diagnostics/input_Password'

2021-05-07 10:47:25 - [MESSAGE][PASSED] - Text 'Diagnostics123!' is set on object 'Object Repository/Login Page/Page_diagnostics/input_Password'

2021-05-07 10:47:25 - [TEST_STEP][PASSED] - click(findTestObject("Login Page/Page_diagnostics/input_Login-Submit")): Object: 'Object Repository/Login Page/Page_diagnostics/input_Login-Submit' is clicked on

2021-05-07 10:47:36 - [MESSAGE][PASSED] - Object: 'Object Repository/Login Page/Page_diagnostics/input_Login-Submit' is clicked on

2021-05-07 10:47:36 - [MESSAGE][PASSED] - Call Test Case 'Test Cases/Custom Item Details/UTILITIES/LOGIN' successfully

2021-05-07 10:47:36 - [TEST_STEP][PASSED] - callTestCase(findTestCase("Custom Item Details/UTILITIES/ITEM_DETAIL_PAGE"), [:], STOP_ON_FAILURE): Call Test Case 'Test Cases/Custom Item Details/UTILITIES/ITEM_DETAIL_PAGE' successfully

2021-05-07 10:47:36 - [TEST_CASE][PASSED] - Test Cases/Custom Item Details/UTILITIES/ITEM_DETAIL_PAGE: Test Cases/Custom Item Details/UTILITIES/ITEM_DETAIL_PAGE

2021-05-07 10:47:36 - [TEST_STEP][PASSED] - navigateToUrl("https://diagnostics.staging.arcadier.io/user/item/detail/gdaagencyfind/59fde34e-4dcb-44b5-bdcd-2bde962c0cb5"): Navigate to 'https://diagnostics.staging.arcadier.io/user/item/detail/gdaagencyfind/59fde34e-4dcb-44b5-bdcd-2bde962c0cb5' successfully

2021-05-07 10:47:38 - [MESSAGE][PASSED] - Navigate to 'https://diagnostics.staging.arcadier.io/user/item/detail/gdaagencyfind/59fde34e-4dcb-44b5-bdcd-2bde962c0cb5' successfully

2021-05-07 10:47:38 - [MESSAGE][PASSED] - Call Test Case 'Test Cases/Custom Item Details/UTILITIES/ITEM_DETAIL_PAGE' successfully

2021-05-07 10:47:38 - [TEST_STEP][FAILED] - click(findTestObject("Item Details Objects/Page_diagnostics/a_Procure_from_other_Agencies")): Unable to click on object 'Object Repository/Item Details Objects/Page_diagnostics/a_Procure_from_other_Agencies' (Root cause: com.kms.katalon.core.exception.StepFailedException: Unable to click on object 'Object Repository/Item Details Objects/Page_diagnostics/a_Procure_from_other_Agencies'
	at com.kms.katalon.core.webui.keyword.internal.WebUIKeywordMain.stepFailed(WebUIKeywordMain.groovy:64)
	at com.kms.katalon.core.webui.keyword.internal.WebUIKeywordMain.runKeyword(WebUIKeywordMain.groovy:26)
	at com.kms.katalon.core.webui.keyword.builtin.ClickKeyword.click(ClickKeyword.groovy:76)
	at com.kms.katalon.core.webui.keyword.builtin.ClickKeyword.execute(ClickKeyword.groovy:43)
	at com.kms.katalon.core.keyword.internal.KeywordExecutor.executeKeywordForPlatform(KeywordExecutor.groovy:73)
	at com.kms.katalon.core.webui.keyword.WebUiBuiltInKeywords.click(WebUiBuiltInKeywords.groovy:617)
	at com.kms.katalon.core.webui.keyword.WebUiBuiltInKeywords$click$1.call(Unknown Source)
	at TC_DETAILS_UI_022.run(TC_DETAILS_UI_022:30)
	at com.kms.katalon.core.main.ScriptEngine.run(ScriptEngine.java:194)
	at com.kms.katalon.core.main.ScriptEngine.runScriptAsRawText(ScriptEngine.java:119)
	at com.kms.katalon.core.main.TestCaseExecutor.runScript(TestCaseExecutor.java:339)
	at com.kms.katalon.core.main.TestCaseExecutor.doExecute(TestCaseExecutor.java:330)
	at com.kms.katalon.core.main.TestCaseExecutor.processExecutionPhase(TestCaseExecutor.java:309)
	at com.kms.katalon.core.main.TestCaseExecutor.accessMainPhase(TestCaseExecutor.java:301)
	at com.kms.katalon.core.main.TestCaseExecutor.execute(TestCaseExecutor.java:235)
	at com.kms.katalon.core.main.TestSuiteExecutor.accessTestCaseMainPhase(TestSuiteExecutor.java:191)
	at com.kms.katalon.core.main.TestSuiteExecutor.accessTestSuiteMainPhase(TestSuiteExecutor.java:141)
	at com.kms.katalon.core.main.TestSuiteExecutor.execute(TestSuiteExecutor.java:90)
	at com.kms.katalon.core.main.TestCaseMain.startTestSuite(TestCaseMain.java:157)
	at com.kms.katalon.core.main.TestCaseMain$startTestSuite$0.call(Unknown Source)
	at TempTestSuite1620355020148.run(TempTestSuite1620355020148.groovy:39)
Caused by: com.kms.katalon.core.webui.exception.WebElementNotFoundException: Web element with id: 'Object Repository/Item Details Objects/Page_diagnostics/a_Procure_from_other_Agencies' located by '#item-pop-up' not found
	at com.kms.katalon.core.webui.common.WebUiCommonHelper.findWebElement(WebUiCommonHelper.java:1368)
	at com.kms.katalon.core.webui.keyword.internal.WebUIAbstractKeyword.findWebElement(WebUIAbstractKeyword.groovy:27)
	at com.kms.katalon.core.webui.keyword.internal.WebUIAbstractKeyword.findWebElement(WebUIAbstractKeyword.groovy:26)
	at com.kms.katalon.core.webui.keyword.builtin.ClickKeyword$_click_closure1.doCall(ClickKeyword.groovy:67)
	at com.kms.katalon.core.webui.keyword.builtin.ClickKeyword$_click_closure1.call(ClickKeyword.groovy)
	at com.kms.katalon.core.webui.keyword.internal.WebUIKeywordMain.runKeyword(WebUIKeywordMain.groovy:20)
	at com.kms.katalon.core.webui.keyword.builtin.ClickKeyword.click(ClickKeyword.groovy:76)
	at com.kms.katalon.core.webui.keyword.builtin.ClickKeyword.execute(ClickKeyword.groovy:43)
	at com.kms.katalon.core.keyword.internal.KeywordExecutor.executeKeywordForPlatform(KeywordExecutor.groovy:73)
	at com.kms.katalon.core.webui.keyword.WebUiBuiltInKeywords.click(WebUiBuiltInKeywords.groovy:617)
	at com.kms.katalon.core.webui.keyword.WebUiBuiltInKeywords$click$1.call(Unknown Source)
	at Script1608102702957.run(Script1608102702957.groovy:30)
	... 13 more
)

2021-05-07 10:48:09 - [MESSAGE][INFO] - Unable to find the element located by 'By.cssSelector: #item-pop-up'. Please recheck the objects properties to make sure the desired element is located. 

2021-05-07 10:48:09 - [MESSAGE][FAILED] - Unable to click on object 'Object Repository/Item Details Objects/Page_diagnostics/a_Procure_from_other_Agencies' (Root cause: com.kms.katalon.core.exception.StepFailedException: Unable to click on object 'Object Repository/Item Details Objects/Page_diagnostics/a_Procure_from_other_Agencies'
	at com.kms.katalon.core.webui.keyword.internal.WebUIKeywordMain.stepFailed(WebUIKeywordMain.groovy:64)
	at com.kms.katalon.core.webui.keyword.internal.WebUIKeywordMain.runKeyword(WebUIKeywordMain.groovy:26)
	at com.kms.katalon.core.webui.keyword.builtin.ClickKeyword.click(ClickKeyword.groovy:76)
	at com.kms.katalon.core.webui.keyword.builtin.ClickKeyword.execute(ClickKeyword.groovy:43)
	at com.kms.katalon.core.keyword.internal.KeywordExecutor.executeKeywordForPlatform(KeywordExecutor.groovy:73)
	at com.kms.katalon.core.webui.keyword.WebUiBuiltInKeywords.click(WebUiBuiltInKeywords.groovy:617)
	at com.kms.katalon.core.webui.keyword.WebUiBuiltInKeywords$click$1.call(Unknown Source)
	at TC_DETAILS_UI_022.run(TC_DETAILS_UI_022:30)
	at com.kms.katalon.core.main.ScriptEngine.run(ScriptEngine.java:194)
	at com.kms.katalon.core.main.ScriptEngine.runScriptAsRawText(ScriptEngine.java:119)
	at com.kms.katalon.core.main.TestCaseExecutor.runScript(TestCaseExecutor.java:339)
	at com.kms.katalon.core.main.TestCaseExecutor.doExecute(TestCaseExecutor.java:330)
	at com.kms.katalon.core.main.TestCaseExecutor.processExecutionPhase(TestCaseExecutor.java:309)
	at com.kms.katalon.core.main.TestCaseExecutor.accessMainPhase(TestCaseExecutor.java:301)
	at com.kms.katalon.core.main.TestCaseExecutor.execute(TestCaseExecutor.java:235)
	at com.kms.katalon.core.main.TestSuiteExecutor.accessTestCaseMainPhase(TestSuiteExecutor.java:191)
	at com.kms.katalon.core.main.TestSuiteExecutor.accessTestSuiteMainPhase(TestSuiteExecutor.java:141)
	at com.kms.katalon.core.main.TestSuiteExecutor.execute(TestSuiteExecutor.java:90)
	at com.kms.katalon.core.main.TestCaseMain.startTestSuite(TestCaseMain.java:157)
	at com.kms.katalon.core.main.TestCaseMain$startTestSuite$0.call(Unknown Source)
	at TempTestSuite1620355020148.run(TempTestSuite1620355020148.groovy:39)
Caused by: com.kms.katalon.core.webui.exception.WebElementNotFoundException: Web element with id: 'Object Repository/Item Details Objects/Page_diagnostics/a_Procure_from_other_Agencies' located by '#item-pop-up' not found
	at com.kms.katalon.core.webui.common.WebUiCommonHelper.findWebElement(WebUiCommonHelper.java:1368)
	at com.kms.katalon.core.webui.keyword.internal.WebUIAbstractKeyword.findWebElement(WebUIAbstractKeyword.groovy:27)
	at com.kms.katalon.core.webui.keyword.internal.WebUIAbstractKeyword.findWebElement(WebUIAbstractKeyword.groovy:26)
	at com.kms.katalon.core.webui.keyword.builtin.ClickKeyword$_click_closure1.doCall(ClickKeyword.groovy:67)
	at com.kms.katalon.core.webui.keyword.builtin.ClickKeyword$_click_closure1.call(ClickKeyword.groovy)
	at com.kms.katalon.core.webui.keyword.internal.WebUIKeywordMain.runKeyword(WebUIKeywordMain.groovy:20)
	at com.kms.katalon.core.webui.keyword.builtin.ClickKeyword.click(ClickKeyword.groovy:76)
	at com.kms.katalon.core.webui.keyword.builtin.ClickKeyword.execute(ClickKeyword.groovy:43)
	at com.kms.katalon.core.keyword.internal.KeywordExecutor.executeKeywordForPlatform(KeywordExecutor.groovy:73)
	at com.kms.katalon.core.webui.keyword.WebUiBuiltInKeywords.click(WebUiBuiltInKeywords.groovy:617)
	at com.kms.katalon.core.webui.keyword.WebUiBuiltInKeywords$click$1.call(Unknown Source)
	at Script1608102702957.run(Script1608102702957.groovy:30)
	... 13 more
)
[[ATTACHMENT|K:\\Work\\GitHub\\find-item-detail-test_v2\\Reports\\20210507_103700\\Item detail test\\20210507_103700\\1620355689773.png]]]]></system-out>
         <system-err><![CDATA[2021-05-07 10:47:03 - [TEST_CASE][FAILED] - Test Cases/Custom Item Details/TEST CASE/TC_DETAILS_UI_022: Test Cases/Custom Item Details/TEST CASE/TC_DETAILS_UI_022 FAILED.
Reason:
com.kms.katalon.core.exception.StepFailedException: Unable to click on object 'Object Repository/Item Details Objects/Page_diagnostics/a_Procure_from_other_Agencies'
	at com.kms.katalon.core.webui.keyword.internal.WebUIKeywordMain.stepFailed(WebUIKeywordMain.groovy:64)
	at com.kms.katalon.core.webui.keyword.internal.WebUIKeywordMain.runKeyword(WebUIKeywordMain.groovy:26)
	at com.kms.katalon.core.webui.keyword.builtin.ClickKeyword.click(ClickKeyword.groovy:76)
	at com.kms.katalon.core.webui.keyword.builtin.ClickKeyword.execute(ClickKeyword.groovy:43)
	at com.kms.katalon.core.keyword.internal.KeywordExecutor.executeKeywordForPlatform(KeywordExecutor.groovy:73)
	at com.kms.katalon.core.webui.keyword.WebUiBuiltInKeywords.click(WebUiBuiltInKeywords.groovy:617)
	at com.kms.katalon.core.webui.keyword.WebUiBuiltInKeywords$click$1.call(Unknown Source)
	at TC_DETAILS_UI_022.run(TC_DETAILS_UI_022:30)
	at com.kms.katalon.core.main.ScriptEngine.run(ScriptEngine.java:194)
	at com.kms.katalon.core.main.ScriptEngine.runScriptAsRawText(ScriptEngine.java:119)
	at com.kms.katalon.core.main.TestCaseExecutor.runScript(TestCaseExecutor.java:339)
	at com.kms.katalon.core.main.TestCaseExecutor.doExecute(TestCaseExecutor.java:330)
	at com.kms.katalon.core.main.TestCaseExecutor.processExecutionPhase(TestCaseExecutor.java:309)
	at com.kms.katalon.core.main.TestCaseExecutor.accessMainPhase(TestCaseExecutor.java:301)
	at com.kms.katalon.core.main.TestCaseExecutor.execute(TestCaseExecutor.java:235)
	at com.kms.katalon.core.main.TestSuiteExecutor.accessTestCaseMainPhase(TestSuiteExecutor.java:191)
	at com.kms.katalon.core.main.TestSuiteExecutor.accessTestSuiteMainPhase(TestSuiteExecutor.java:141)
	at com.kms.katalon.core.main.TestSuiteExecutor.execute(TestSuiteExecutor.java:90)
	at com.kms.katalon.core.main.TestCaseMain.startTestSuite(TestCaseMain.java:157)
	at com.kms.katalon.core.main.TestCaseMain$startTestSuite$0.call(Unknown Source)
	at TempTestSuite1620355020148.run(TempTestSuite1620355020148.groovy:39)
Caused by: com.kms.katalon.core.webui.exception.WebElementNotFoundException: Web element with id: 'Object Repository/Item Details Objects/Page_diagnostics/a_Procure_from_other_Agencies' located by '#item-pop-up' not found
	at com.kms.katalon.core.webui.common.WebUiCommonHelper.findWebElement(WebUiCommonHelper.java:1368)
	at com.kms.katalon.core.webui.keyword.internal.WebUIAbstractKeyword.findWebElement(WebUIAbstractKeyword.groovy:27)
	at com.kms.katalon.core.webui.keyword.internal.WebUIAbstractKeyword.findWebElement(WebUIAbstractKeyword.groovy:26)
	at com.kms.katalon.core.webui.keyword.builtin.ClickKeyword$_click_closure1.doCall(ClickKeyword.groovy:67)
	at com.kms.katalon.core.webui.keyword.builtin.ClickKeyword$_click_closure1.call(ClickKeyword.groovy)
	at com.kms.katalon.core.webui.keyword.internal.WebUIKeywordMain.runKeyword(WebUIKeywordMain.groovy:20)
	... 19 more]]></system-err>
      </testcase>
      <testcase name="Test Cases/Custom Item Details/TEST CASE/TC_DETAILS_UI_023" time="60.493" classname="Test Cases/Custom Item Details/TEST CASE/TC_DETAILS_UI_023" status="FAILED">
         <failure type="FAILED" message="Test Cases/Custom Item Details/TEST CASE/TC_DETAILS_UI_023 FAILED.
Reason:
com.kms.katalon.core.exception.StepFailedException: Unable to click on object 'Object Repository/Item Details Objects/Page_diagnostics/a_Procure_Directly_From_Seller'
	at com.kms.katalon.core.webui.keyword.internal.WebUIKeywordMain.stepFailed(WebUIKeywordMain.groovy:64)
	at com.kms.katalon.core.webui.keyword.internal.WebUIKeywordMain.runKeyword(WebUIKeywordMain.groovy:26)
	at com.kms.katalon.core.webui.keyword.builtin.ClickKeyword.click(ClickKeyword.groovy:76)
	at com.kms.katalon.core.webui.keyword.builtin.ClickKeyword.execute(ClickKeyword.groovy:43)
	at com.kms.katalon.core.keyword.internal.KeywordExecutor.executeKeywordForPlatform(KeywordExecutor.groovy:73)
	at com.kms.katalon.core.webui.keyword.WebUiBuiltInKeywords.click(WebUiBuiltInKeywords.groovy:617)
	at com.kms.katalon.core.webui.keyword.WebUiBuiltInKeywords$click$1.call(Unknown Source)
	at TC_DETAILS_UI_023.run(TC_DETAILS_UI_023:30)
	at com.kms.katalon.core.main.ScriptEngine.run(ScriptEngine.java:194)
	at com.kms.katalon.core.main.ScriptEngine.runScriptAsRawText(ScriptEngine.java:119)
	at com.kms.katalon.core.main.TestCaseExecutor.runScript(TestCaseExecutor.java:339)
	at com.kms.katalon.core.main.TestCaseExecutor.doExecute(TestCaseExecutor.java:330)
	at com.kms.katalon.core.main.TestCaseExecutor.processExecutionPhase(TestCaseExecutor.java:309)
	at com.kms.katalon.core.main.TestCaseExecutor.accessMainPhase(TestCaseExecutor.java:301)
	at com.kms.katalon.core.main.TestCaseExecutor.execute(TestCaseExecutor.java:235)
	at com.kms.katalon.core.main.TestSuiteExecutor.accessTestCaseMainPhase(TestSuiteExecutor.java:191)
	at com.kms.katalon.core.main.TestSuiteExecutor.accessTestSuiteMainPhase(TestSuiteExecutor.java:141)
	at com.kms.katalon.core.main.TestSuiteExecutor.execute(TestSuiteExecutor.java:90)
	at com.kms.katalon.core.main.TestCaseMain.startTestSuite(TestCaseMain.java:157)
	at com.kms.katalon.core.main.TestCaseMain$startTestSuite$0.call(Unknown Source)
	at TempTestSuite1620355020148.run(TempTestSuite1620355020148.groovy:39)
Caused by: com.kms.katalon.core.webui.exception.WebElementNotFoundException: Web element with id: 'Object Repository/Item Details Objects/Page_diagnostics/a_Procure_Directly_From_Seller' located by 'a.add-cart-btn' not found
	at com.kms.katalon.core.webui.common.WebUiCommonHelper.findWebElement(WebUiCommonHelper.java:1368)
	at com.kms.katalon.core.webui.keyword.internal.WebUIAbstractKeyword.findWebElement(WebUIAbstractKeyword.groovy:27)
	at com.kms.katalon.core.webui.keyword.internal.WebUIAbstractKeyword.findWebElement(WebUIAbstractKeyword.groovy:26)
	at com.kms.katalon.core.webui.keyword.builtin.ClickKeyword$_click_closure1.doCall(ClickKeyword.groovy:67)
	at com.kms.katalon.core.webui.keyword.builtin.ClickKeyword$_click_closure1.call(ClickKeyword.groovy)
	at com.kms.katalon.core.webui.keyword.internal.WebUIKeywordMain.runKeyword(WebUIKeywordMain.groovy:20)
	... 19 more
"/>
         <system-out><![CDATA[2021-05-07 10:48:09 - [TEST_CASE][FAILED] - Test Cases/Custom Item Details/TEST CASE/TC_DETAILS_UI_023: Test Cases/Custom Item Details/TEST CASE/TC_DETAILS_UI_023 FAILED.
Reason:
com.kms.katalon.core.exception.StepFailedException: Unable to click on object 'Object Repository/Item Details Objects/Page_diagnostics/a_Procure_Directly_From_Seller'
	at com.kms.katalon.core.webui.keyword.internal.WebUIKeywordMain.stepFailed(WebUIKeywordMain.groovy:64)
	at com.kms.katalon.core.webui.keyword.internal.WebUIKeywordMain.runKeyword(WebUIKeywordMain.groovy:26)
	at com.kms.katalon.core.webui.keyword.builtin.ClickKeyword.click(ClickKeyword.groovy:76)
	at com.kms.katalon.core.webui.keyword.builtin.ClickKeyword.execute(ClickKeyword.groovy:43)
	at com.kms.katalon.core.keyword.internal.KeywordExecutor.executeKeywordForPlatform(KeywordExecutor.groovy:73)
	at com.kms.katalon.core.webui.keyword.WebUiBuiltInKeywords.click(WebUiBuiltInKeywords.groovy:617)
	at com.kms.katalon.core.webui.keyword.WebUiBuiltInKeywords$click$1.call(Unknown Source)
	at TC_DETAILS_UI_023.run(TC_DETAILS_UI_023:30)
	at com.kms.katalon.core.main.ScriptEngine.run(ScriptEngine.java:194)
	at com.kms.katalon.core.main.ScriptEngine.runScriptAsRawText(ScriptEngine.java:119)
	at com.kms.katalon.core.main.TestCaseExecutor.runScript(TestCaseExecutor.java:339)
	at com.kms.katalon.core.main.TestCaseExecutor.doExecute(TestCaseExecutor.java:330)
	at com.kms.katalon.core.main.TestCaseExecutor.processExecutionPhase(TestCaseExecutor.java:309)
	at com.kms.katalon.core.main.TestCaseExecutor.accessMainPhase(TestCaseExecutor.java:301)
	at com.kms.katalon.core.main.TestCaseExecutor.execute(TestCaseExecutor.java:235)
	at com.kms.katalon.core.main.TestSuiteExecutor.accessTestCaseMainPhase(TestSuiteExecutor.java:191)
	at com.kms.katalon.core.main.TestSuiteExecutor.accessTestSuiteMainPhase(TestSuiteExecutor.java:141)
	at com.kms.katalon.core.main.TestSuiteExecutor.execute(TestSuiteExecutor.java:90)
	at com.kms.katalon.core.main.TestCaseMain.startTestSuite(TestCaseMain.java:157)
	at com.kms.katalon.core.main.TestCaseMain$startTestSuite$0.call(Unknown Source)
	at TempTestSuite1620355020148.run(TempTestSuite1620355020148.groovy:39)
Caused by: com.kms.katalon.core.webui.exception.WebElementNotFoundException: Web element with id: 'Object Repository/Item Details Objects/Page_diagnostics/a_Procure_Directly_From_Seller' located by 'a.add-cart-btn' not found
	at com.kms.katalon.core.webui.common.WebUiCommonHelper.findWebElement(WebUiCommonHelper.java:1368)
	at com.kms.katalon.core.webui.keyword.internal.WebUIAbstractKeyword.findWebElement(WebUIAbstractKeyword.groovy:27)
	at com.kms.katalon.core.webui.keyword.internal.WebUIAbstractKeyword.findWebElement(WebUIAbstractKeyword.groovy:26)
	at com.kms.katalon.core.webui.keyword.builtin.ClickKeyword$_click_closure1.doCall(ClickKeyword.groovy:67)
	at com.kms.katalon.core.webui.keyword.builtin.ClickKeyword$_click_closure1.call(ClickKeyword.groovy)
	at com.kms.katalon.core.webui.keyword.internal.WebUIKeywordMain.runKeyword(WebUIKeywordMain.groovy:20)
	... 19 more


2021-05-07 10:48:10 - [TEST_STEP][PASSED] - callTestCase(findTestCase("Custom Item Details/UTILITIES/OPEN_BROWSER"), [:], STOP_ON_FAILURE): Call Test Case 'Test Cases/Custom Item Details/UTILITIES/OPEN_BROWSER' successfully

2021-05-07 10:48:10 - [TEST_CASE][PASSED] - Test Cases/Custom Item Details/UTILITIES/OPEN_BROWSER: Test Cases/Custom Item Details/UTILITIES/OPEN_BROWSER

2021-05-07 10:48:10 - [TEST_STEP][PASSED] - openBrowser("https://diagnostics.staging.arcadier.io/"): Browser is opened with url: 'https://diagnostics.staging.arcadier.io/'

2021-05-07 10:48:10 - [MESSAGE][WARNING] - A browser is already opened. Closing browser and opening a new one

2021-05-07 10:48:11 - [MESSAGE][INFO] - Starting 'Chrome' driver

2021-05-07 10:48:11 - [MESSAGE][INFO] - Action delay is set to 0 milliseconds

2021-05-07 10:48:20 - [MESSAGE][PASSED] - Browser is opened with url: 'https://diagnostics.staging.arcadier.io/'

2021-05-07 10:48:20 - [TEST_STEP][PASSED] - maximizeWindow(): Current window maximized

2021-05-07 10:48:21 - [MESSAGE][PASSED] - Current window maximized

2021-05-07 10:48:21 - [TEST_STEP][PASSED] - click(findTestObject("Item Details Objects/Page_diagnostics/a_Accept Cookies")): Object: 'Object Repository/Item Details Objects/Page_diagnostics/a_Accept Cookies' is clicked on

2021-05-07 10:48:21 - [MESSAGE][PASSED] - Object: 'Object Repository/Item Details Objects/Page_diagnostics/a_Accept Cookies' is clicked on

2021-05-07 10:48:21 - [TEST_STEP][PASSED] - click(findTestObject("Staging Objects/Page_diagnostics/a_COVID-19 DIAGNOSTICS"), STOP_ON_FAILURE): Object: 'Object Repository/Staging Objects/Page_diagnostics/a_COVID-19 DIAGNOSTICS' is clicked on

2021-05-07 10:48:23 - [MESSAGE][PASSED] - Object: 'Object Repository/Staging Objects/Page_diagnostics/a_COVID-19 DIAGNOSTICS' is clicked on

2021-05-07 10:48:23 - [TEST_STEP][PASSED] - mouseOver(findTestObject("Staging Objects/Page_diagnostics/a_STANDARD Q COVID-19 Ag Test")): Object: 'Object Repository/Staging Objects/Page_diagnostics/a_STANDARD Q COVID-19 Ag Test' is hovered

2021-05-07 10:48:24 - [MESSAGE][PASSED] - Object: 'Object Repository/Staging Objects/Page_diagnostics/a_STANDARD Q COVID-19 Ag Test' is hovered

2021-05-07 10:48:24 - [TEST_STEP][PASSED] - click(findTestObject("Staging Objects/Page_diagnostics/a_STANDARD Q COVID-19 Ag Test")): Object: 'Object Repository/Staging Objects/Page_diagnostics/a_STANDARD Q COVID-19 Ag Test' is clicked on

2021-05-07 10:48:26 - [MESSAGE][PASSED] - Object: 'Object Repository/Staging Objects/Page_diagnostics/a_STANDARD Q COVID-19 Ag Test' is clicked on

2021-05-07 10:48:26 - [MESSAGE][PASSED] - Call Test Case 'Test Cases/Custom Item Details/UTILITIES/OPEN_BROWSER' successfully

2021-05-07 10:48:26 - [TEST_STEP][PASSED] - waitForElementVisible(findTestObject("Item Details Objects/Page_diagnostics/a_Procure_Directly_From_Seller"), 0): Object 'Object Repository/Item Details Objects/Page_diagnostics/a_Procure_Directly_From_Seller' is visible

2021-05-07 10:48:26 - [MESSAGE][WARNING] - Timeout '0' is invalid. Using default page load timeout: '30'

2021-05-07 10:48:27 - [MESSAGE][PASSED] - Object 'Object Repository/Item Details Objects/Page_diagnostics/a_Procure_Directly_From_Seller' is visible

2021-05-07 10:48:27 - [TEST_STEP][PASSED] - click(findTestObject("Item Details Objects/Page_diagnostics/a_Procure_Directly_From_Seller")): Object: 'Object Repository/Item Details Objects/Page_diagnostics/a_Procure_Directly_From_Seller' is clicked on

2021-05-07 10:48:28 - [MESSAGE][PASSED] - Object: 'Object Repository/Item Details Objects/Page_diagnostics/a_Procure_Directly_From_Seller' is clicked on

2021-05-07 10:48:28 - [TEST_STEP][PASSED] - verifyElementPresent(findTestObject("Login Page/Page_diagnostics/div_Login_Page"), 0): Object 'Object Repository/Login Page/Page_diagnostics/div_Login_Page' is present

2021-05-07 10:48:28 - [MESSAGE][WARNING] - Timeout '0' is invalid. Using default page load timeout: '30'

2021-05-07 10:48:29 - [MESSAGE][PASSED] - Object 'Object Repository/Login Page/Page_diagnostics/div_Login_Page' is present

2021-05-07 10:48:29 - [TEST_STEP][PASSED] - callTestCase(findTestCase("Custom Item Details/UTILITIES/LOGIN"), [:], STOP_ON_FAILURE): Call Test Case 'Test Cases/Custom Item Details/UTILITIES/LOGIN' successfully

2021-05-07 10:48:29 - [TEST_CASE][PASSED] - Test Cases/Custom Item Details/UTILITIES/LOGIN: Test Cases/Custom Item Details/UTILITIES/LOGIN

2021-05-07 10:48:29 - [TEST_STEP][PASSED] - click(findTestObject("Login Page/Page_diagnostics/a_Sign_In_as_ Buyer")): Object: 'Object Repository/Login Page/Page_diagnostics/a_Sign_In_as_ Buyer' is clicked on

2021-05-07 10:48:29 - [MESSAGE][PASSED] - Object: 'Object Repository/Login Page/Page_diagnostics/a_Sign_In_as_ Buyer' is clicked on

2021-05-07 10:48:29 - [TEST_STEP][PASSED] - setText(findTestObject("Login Page/Page_diagnostics/input_EmailUsername"), "admin"): Text 'admin' is set on object 'Object Repository/Login Page/Page_diagnostics/input_EmailUsername'

2021-05-07 10:48:30 - [MESSAGE][PASSED] - Text 'admin' is set on object 'Object Repository/Login Page/Page_diagnostics/input_EmailUsername'

2021-05-07 10:48:30 - [TEST_STEP][PASSED] - setText(findTestObject("Login Page/Page_diagnostics/input_Password"), "Diagnostics123!"): Text 'Diagnostics123!' is set on object 'Object Repository/Login Page/Page_diagnostics/input_Password'

2021-05-07 10:48:31 - [MESSAGE][PASSED] - Text 'Diagnostics123!' is set on object 'Object Repository/Login Page/Page_diagnostics/input_Password'

2021-05-07 10:48:31 - [TEST_STEP][PASSED] - click(findTestObject("Login Page/Page_diagnostics/input_Login-Submit")): Object: 'Object Repository/Login Page/Page_diagnostics/input_Login-Submit' is clicked on

2021-05-07 10:48:37 - [MESSAGE][PASSED] - Object: 'Object Repository/Login Page/Page_diagnostics/input_Login-Submit' is clicked on

2021-05-07 10:48:37 - [MESSAGE][PASSED] - Call Test Case 'Test Cases/Custom Item Details/UTILITIES/LOGIN' successfully

2021-05-07 10:48:37 - [TEST_STEP][PASSED] - callTestCase(findTestCase("Custom Item Details/UTILITIES/ITEM_DETAIL_PAGE"), [:], STOP_ON_FAILURE): Call Test Case 'Test Cases/Custom Item Details/UTILITIES/ITEM_DETAIL_PAGE' successfully

2021-05-07 10:48:37 - [TEST_CASE][PASSED] - Test Cases/Custom Item Details/UTILITIES/ITEM_DETAIL_PAGE: Test Cases/Custom Item Details/UTILITIES/ITEM_DETAIL_PAGE

2021-05-07 10:48:37 - [TEST_STEP][PASSED] - navigateToUrl("https://diagnostics.staging.arcadier.io/user/item/detail/gdaagencyfind/59fde34e-4dcb-44b5-bdcd-2bde962c0cb5"): Navigate to 'https://diagnostics.staging.arcadier.io/user/item/detail/gdaagencyfind/59fde34e-4dcb-44b5-bdcd-2bde962c0cb5' successfully

2021-05-07 10:48:39 - [MESSAGE][PASSED] - Navigate to 'https://diagnostics.staging.arcadier.io/user/item/detail/gdaagencyfind/59fde34e-4dcb-44b5-bdcd-2bde962c0cb5' successfully

2021-05-07 10:48:39 - [MESSAGE][PASSED] - Call Test Case 'Test Cases/Custom Item Details/UTILITIES/ITEM_DETAIL_PAGE' successfully

2021-05-07 10:48:39 - [TEST_STEP][FAILED] - click(findTestObject("Item Details Objects/Page_diagnostics/a_Procure_Directly_From_Seller")): Unable to click on object 'Object Repository/Item Details Objects/Page_diagnostics/a_Procure_Directly_From_Seller' (Root cause: com.kms.katalon.core.exception.StepFailedException: Unable to click on object 'Object Repository/Item Details Objects/Page_diagnostics/a_Procure_Directly_From_Seller'
	at com.kms.katalon.core.webui.keyword.internal.WebUIKeywordMain.stepFailed(WebUIKeywordMain.groovy:64)
	at com.kms.katalon.core.webui.keyword.internal.WebUIKeywordMain.runKeyword(WebUIKeywordMain.groovy:26)
	at com.kms.katalon.core.webui.keyword.builtin.ClickKeyword.click(ClickKeyword.groovy:76)
	at com.kms.katalon.core.webui.keyword.builtin.ClickKeyword.execute(ClickKeyword.groovy:43)
	at com.kms.katalon.core.keyword.internal.KeywordExecutor.executeKeywordForPlatform(KeywordExecutor.groovy:73)
	at com.kms.katalon.core.webui.keyword.WebUiBuiltInKeywords.click(WebUiBuiltInKeywords.groovy:617)
	at com.kms.katalon.core.webui.keyword.WebUiBuiltInKeywords$click$1.call(Unknown Source)
	at TC_DETAILS_UI_023.run(TC_DETAILS_UI_023:30)
	at com.kms.katalon.core.main.ScriptEngine.run(ScriptEngine.java:194)
	at com.kms.katalon.core.main.ScriptEngine.runScriptAsRawText(ScriptEngine.java:119)
	at com.kms.katalon.core.main.TestCaseExecutor.runScript(TestCaseExecutor.java:339)
	at com.kms.katalon.core.main.TestCaseExecutor.doExecute(TestCaseExecutor.java:330)
	at com.kms.katalon.core.main.TestCaseExecutor.processExecutionPhase(TestCaseExecutor.java:309)
	at com.kms.katalon.core.main.TestCaseExecutor.accessMainPhase(TestCaseExecutor.java:301)
	at com.kms.katalon.core.main.TestCaseExecutor.execute(TestCaseExecutor.java:235)
	at com.kms.katalon.core.main.TestSuiteExecutor.accessTestCaseMainPhase(TestSuiteExecutor.java:191)
	at com.kms.katalon.core.main.TestSuiteExecutor.accessTestSuiteMainPhase(TestSuiteExecutor.java:141)
	at com.kms.katalon.core.main.TestSuiteExecutor.execute(TestSuiteExecutor.java:90)
	at com.kms.katalon.core.main.TestCaseMain.startTestSuite(TestCaseMain.java:157)
	at com.kms.katalon.core.main.TestCaseMain$startTestSuite$0.call(Unknown Source)
	at TempTestSuite1620355020148.run(TempTestSuite1620355020148.groovy:39)
Caused by: com.kms.katalon.core.webui.exception.WebElementNotFoundException: Web element with id: 'Object Repository/Item Details Objects/Page_diagnostics/a_Procure_Directly_From_Seller' located by 'a.add-cart-btn' not found
	at com.kms.katalon.core.webui.common.WebUiCommonHelper.findWebElement(WebUiCommonHelper.java:1368)
	at com.kms.katalon.core.webui.keyword.internal.WebUIAbstractKeyword.findWebElement(WebUIAbstractKeyword.groovy:27)
	at com.kms.katalon.core.webui.keyword.internal.WebUIAbstractKeyword.findWebElement(WebUIAbstractKeyword.groovy:26)
	at com.kms.katalon.core.webui.keyword.builtin.ClickKeyword$_click_closure1.doCall(ClickKeyword.groovy:67)
	at com.kms.katalon.core.webui.keyword.builtin.ClickKeyword$_click_closure1.call(ClickKeyword.groovy)
	at com.kms.katalon.core.webui.keyword.internal.WebUIKeywordMain.runKeyword(WebUIKeywordMain.groovy:20)
	at com.kms.katalon.core.webui.keyword.builtin.ClickKeyword.click(ClickKeyword.groovy:76)
	at com.kms.katalon.core.webui.keyword.builtin.ClickKeyword.execute(ClickKeyword.groovy:43)
	at com.kms.katalon.core.keyword.internal.KeywordExecutor.executeKeywordForPlatform(KeywordExecutor.groovy:73)
	at com.kms.katalon.core.webui.keyword.WebUiBuiltInKeywords.click(WebUiBuiltInKeywords.groovy:617)
	at com.kms.katalon.core.webui.keyword.WebUiBuiltInKeywords$click$1.call(Unknown Source)
	at Script1608104754538.run(Script1608104754538.groovy:30)
	... 13 more
)

2021-05-07 10:49:10 - [MESSAGE][INFO] - Unable to find the element located by 'By.cssSelector: a.add-cart-btn'. Please recheck the objects properties to make sure the desired element is located. 

2021-05-07 10:49:10 - [MESSAGE][FAILED] - Unable to click on object 'Object Repository/Item Details Objects/Page_diagnostics/a_Procure_Directly_From_Seller' (Root cause: com.kms.katalon.core.exception.StepFailedException: Unable to click on object 'Object Repository/Item Details Objects/Page_diagnostics/a_Procure_Directly_From_Seller'
	at com.kms.katalon.core.webui.keyword.internal.WebUIKeywordMain.stepFailed(WebUIKeywordMain.groovy:64)
	at com.kms.katalon.core.webui.keyword.internal.WebUIKeywordMain.runKeyword(WebUIKeywordMain.groovy:26)
	at com.kms.katalon.core.webui.keyword.builtin.ClickKeyword.click(ClickKeyword.groovy:76)
	at com.kms.katalon.core.webui.keyword.builtin.ClickKeyword.execute(ClickKeyword.groovy:43)
	at com.kms.katalon.core.keyword.internal.KeywordExecutor.executeKeywordForPlatform(KeywordExecutor.groovy:73)
	at com.kms.katalon.core.webui.keyword.WebUiBuiltInKeywords.click(WebUiBuiltInKeywords.groovy:617)
	at com.kms.katalon.core.webui.keyword.WebUiBuiltInKeywords$click$1.call(Unknown Source)
	at TC_DETAILS_UI_023.run(TC_DETAILS_UI_023:30)
	at com.kms.katalon.core.main.ScriptEngine.run(ScriptEngine.java:194)
	at com.kms.katalon.core.main.ScriptEngine.runScriptAsRawText(ScriptEngine.java:119)
	at com.kms.katalon.core.main.TestCaseExecutor.runScript(TestCaseExecutor.java:339)
	at com.kms.katalon.core.main.TestCaseExecutor.doExecute(TestCaseExecutor.java:330)
	at com.kms.katalon.core.main.TestCaseExecutor.processExecutionPhase(TestCaseExecutor.java:309)
	at com.kms.katalon.core.main.TestCaseExecutor.accessMainPhase(TestCaseExecutor.java:301)
	at com.kms.katalon.core.main.TestCaseExecutor.execute(TestCaseExecutor.java:235)
	at com.kms.katalon.core.main.TestSuiteExecutor.accessTestCaseMainPhase(TestSuiteExecutor.java:191)
	at com.kms.katalon.core.main.TestSuiteExecutor.accessTestSuiteMainPhase(TestSuiteExecutor.java:141)
	at com.kms.katalon.core.main.TestSuiteExecutor.execute(TestSuiteExecutor.java:90)
	at com.kms.katalon.core.main.TestCaseMain.startTestSuite(TestCaseMain.java:157)
	at com.kms.katalon.core.main.TestCaseMain$startTestSuite$0.call(Unknown Source)
	at TempTestSuite1620355020148.run(TempTestSuite1620355020148.groovy:39)
Caused by: com.kms.katalon.core.webui.exception.WebElementNotFoundException: Web element with id: 'Object Repository/Item Details Objects/Page_diagnostics/a_Procure_Directly_From_Seller' located by 'a.add-cart-btn' not found
	at com.kms.katalon.core.webui.common.WebUiCommonHelper.findWebElement(WebUiCommonHelper.java:1368)
	at com.kms.katalon.core.webui.keyword.internal.WebUIAbstractKeyword.findWebElement(WebUIAbstractKeyword.groovy:27)
	at com.kms.katalon.core.webui.keyword.internal.WebUIAbstractKeyword.findWebElement(WebUIAbstractKeyword.groovy:26)
	at com.kms.katalon.core.webui.keyword.builtin.ClickKeyword$_click_closure1.doCall(ClickKeyword.groovy:67)
	at com.kms.katalon.core.webui.keyword.builtin.ClickKeyword$_click_closure1.call(ClickKeyword.groovy)
	at com.kms.katalon.core.webui.keyword.internal.WebUIKeywordMain.runKeyword(WebUIKeywordMain.groovy:20)
	at com.kms.katalon.core.webui.keyword.builtin.ClickKeyword.click(ClickKeyword.groovy:76)
	at com.kms.katalon.core.webui.keyword.builtin.ClickKeyword.execute(ClickKeyword.groovy:43)
	at com.kms.katalon.core.keyword.internal.KeywordExecutor.executeKeywordForPlatform(KeywordExecutor.groovy:73)
	at com.kms.katalon.core.webui.keyword.WebUiBuiltInKeywords.click(WebUiBuiltInKeywords.groovy:617)
	at com.kms.katalon.core.webui.keyword.WebUiBuiltInKeywords$click$1.call(Unknown Source)
	at Script1608104754538.run(Script1608104754538.groovy:30)
	... 13 more
)
[[ATTACHMENT|K:\\Work\\GitHub\\find-item-detail-test_v2\\Reports\\20210507_103700\\Item detail test\\20210507_103700\\1620355750264.png]]]]></system-out>
         <system-err><![CDATA[2021-05-07 10:48:09 - [TEST_CASE][FAILED] - Test Cases/Custom Item Details/TEST CASE/TC_DETAILS_UI_023: Test Cases/Custom Item Details/TEST CASE/TC_DETAILS_UI_023 FAILED.
Reason:
com.kms.katalon.core.exception.StepFailedException: Unable to click on object 'Object Repository/Item Details Objects/Page_diagnostics/a_Procure_Directly_From_Seller'
	at com.kms.katalon.core.webui.keyword.internal.WebUIKeywordMain.stepFailed(WebUIKeywordMain.groovy:64)
	at com.kms.katalon.core.webui.keyword.internal.WebUIKeywordMain.runKeyword(WebUIKeywordMain.groovy:26)
	at com.kms.katalon.core.webui.keyword.builtin.ClickKeyword.click(ClickKeyword.groovy:76)
	at com.kms.katalon.core.webui.keyword.builtin.ClickKeyword.execute(ClickKeyword.groovy:43)
	at com.kms.katalon.core.keyword.internal.KeywordExecutor.executeKeywordForPlatform(KeywordExecutor.groovy:73)
	at com.kms.katalon.core.webui.keyword.WebUiBuiltInKeywords.click(WebUiBuiltInKeywords.groovy:617)
	at com.kms.katalon.core.webui.keyword.WebUiBuiltInKeywords$click$1.call(Unknown Source)
	at TC_DETAILS_UI_023.run(TC_DETAILS_UI_023:30)
	at com.kms.katalon.core.main.ScriptEngine.run(ScriptEngine.java:194)
	at com.kms.katalon.core.main.ScriptEngine.runScriptAsRawText(ScriptEngine.java:119)
	at com.kms.katalon.core.main.TestCaseExecutor.runScript(TestCaseExecutor.java:339)
	at com.kms.katalon.core.main.TestCaseExecutor.doExecute(TestCaseExecutor.java:330)
	at com.kms.katalon.core.main.TestCaseExecutor.processExecutionPhase(TestCaseExecutor.java:309)
	at com.kms.katalon.core.main.TestCaseExecutor.accessMainPhase(TestCaseExecutor.java:301)
	at com.kms.katalon.core.main.TestCaseExecutor.execute(TestCaseExecutor.java:235)
	at com.kms.katalon.core.main.TestSuiteExecutor.accessTestCaseMainPhase(TestSuiteExecutor.java:191)
	at com.kms.katalon.core.main.TestSuiteExecutor.accessTestSuiteMainPhase(TestSuiteExecutor.java:141)
	at com.kms.katalon.core.main.TestSuiteExecutor.execute(TestSuiteExecutor.java:90)
	at com.kms.katalon.core.main.TestCaseMain.startTestSuite(TestCaseMain.java:157)
	at com.kms.katalon.core.main.TestCaseMain$startTestSuite$0.call(Unknown Source)
	at TempTestSuite1620355020148.run(TempTestSuite1620355020148.groovy:39)
Caused by: com.kms.katalon.core.webui.exception.WebElementNotFoundException: Web element with id: 'Object Repository/Item Details Objects/Page_diagnostics/a_Procure_Directly_From_Seller' located by 'a.add-cart-btn' not found
	at com.kms.katalon.core.webui.common.WebUiCommonHelper.findWebElement(WebUiCommonHelper.java:1368)
	at com.kms.katalon.core.webui.keyword.internal.WebUIAbstractKeyword.findWebElement(WebUIAbstractKeyword.groovy:27)
	at com.kms.katalon.core.webui.keyword.internal.WebUIAbstractKeyword.findWebElement(WebUIAbstractKeyword.groovy:26)
	at com.kms.katalon.core.webui.keyword.builtin.ClickKeyword$_click_closure1.doCall(ClickKeyword.groovy:67)
	at com.kms.katalon.core.webui.keyword.builtin.ClickKeyword$_click_closure1.call(ClickKeyword.groovy)
	at com.kms.katalon.core.webui.keyword.internal.WebUIKeywordMain.runKeyword(WebUIKeywordMain.groovy:20)
	... 19 more]]></system-err>
      </testcase>
      <testcase name="Test Cases/Custom Item Details/TEST CASE/TC_DETAILS_UI_024" time="79.961" classname="Test Cases/Custom Item Details/TEST CASE/TC_DETAILS_UI_024" status="FAILED">
         <failure type="FAILED" message="Test Cases/Custom Item Details/TEST CASE/TC_DETAILS_UI_024 FAILED.
Reason:
com.kms.katalon.core.exception.StepFailedException: Unable to verify object 'Object Repository/Item Details Objects/Page_diagnostics/Page_diagnostics/span_Independent_evaluation' is present
	at com.kms.katalon.core.webui.keyword.internal.WebUIKeywordMain.stepFailed(WebUIKeywordMain.groovy:64)
	at com.kms.katalon.core.webui.keyword.internal.WebUIKeywordMain.runKeyword(WebUIKeywordMain.groovy:26)
	at com.kms.katalon.core.webui.keyword.builtin.VerifyElementPresentKeyword.verifyElementPresent(VerifyElementPresentKeyword.groovy:92)
	at com.kms.katalon.core.webui.keyword.builtin.VerifyElementPresentKeyword.execute(VerifyElementPresentKeyword.groovy:68)
	at com.kms.katalon.core.keyword.internal.KeywordExecutor.executeKeywordForPlatform(KeywordExecutor.groovy:73)
	at com.kms.katalon.core.webui.keyword.WebUiBuiltInKeywords.verifyElementPresent(WebUiBuiltInKeywords.groovy:1461)
	at com.kms.katalon.core.webui.keyword.WebUiBuiltInKeywords$verifyElementPresent$10.call(Unknown Source)
	at TC_DETAILS_UI_024.run(TC_DETAILS_UI_024:23)
	at com.kms.katalon.core.main.ScriptEngine.run(ScriptEngine.java:194)
	at com.kms.katalon.core.main.ScriptEngine.runScriptAsRawText(ScriptEngine.java:119)
	at com.kms.katalon.core.main.TestCaseExecutor.runScript(TestCaseExecutor.java:339)
	at com.kms.katalon.core.main.TestCaseExecutor.doExecute(TestCaseExecutor.java:330)
	at com.kms.katalon.core.main.TestCaseExecutor.processExecutionPhase(TestCaseExecutor.java:309)
	at com.kms.katalon.core.main.TestCaseExecutor.accessMainPhase(TestCaseExecutor.java:301)
	at com.kms.katalon.core.main.TestCaseExecutor.execute(TestCaseExecutor.java:235)
	at com.kms.katalon.core.main.TestSuiteExecutor.accessTestCaseMainPhase(TestSuiteExecutor.java:191)
	at com.kms.katalon.core.main.TestSuiteExecutor.accessTestSuiteMainPhase(TestSuiteExecutor.java:141)
	at com.kms.katalon.core.main.TestSuiteExecutor.execute(TestSuiteExecutor.java:90)
	at com.kms.katalon.core.main.TestCaseMain.startTestSuite(TestCaseMain.java:157)
	at com.kms.katalon.core.main.TestCaseMain$startTestSuite$0.call(Unknown Source)
	at TempTestSuite1620355020148.run(TempTestSuite1620355020148.groovy:39)
Caused by: com.kms.katalon.core.exception.StepFailedException: com.kms.katalon.core.webui.exception.WebElementNotFoundException: Web element with id: 'Object Repository/Item Details Objects/Page_diagnostics/Page_diagnostics/span_Independent_evaluation' located by '//*[(text() = 'Independent evaluation :' or . = 'Independent evaluation :')]' not found
	at com.kms.katalon.core.webui.keyword.internal.WebUIKeywordMain.stepFailed(WebUIKeywordMain.groovy:64)
	at com.kms.katalon.core.webui.keyword.builtin.VerifyElementPresentKeyword$_verifyElementPresent_closure1.doCall(VerifyElementPresentKeyword.groovy:85)
	at com.kms.katalon.core.webui.keyword.builtin.VerifyElementPresentKeyword$_verifyElementPresent_closure1.call(VerifyElementPresentKeyword.groovy)
	at com.kms.katalon.core.webui.keyword.internal.WebUIKeywordMain.runKeyword(WebUIKeywordMain.groovy:20)
	... 19 more
"/>
         <system-out><![CDATA[2021-05-07 10:49:10 - [TEST_CASE][FAILED] - Test Cases/Custom Item Details/TEST CASE/TC_DETAILS_UI_024: Test Cases/Custom Item Details/TEST CASE/TC_DETAILS_UI_024 FAILED.
Reason:
com.kms.katalon.core.exception.StepFailedException: Unable to verify object 'Object Repository/Item Details Objects/Page_diagnostics/Page_diagnostics/span_Independent_evaluation' is present
	at com.kms.katalon.core.webui.keyword.internal.WebUIKeywordMain.stepFailed(WebUIKeywordMain.groovy:64)
	at com.kms.katalon.core.webui.keyword.internal.WebUIKeywordMain.runKeyword(WebUIKeywordMain.groovy:26)
	at com.kms.katalon.core.webui.keyword.builtin.VerifyElementPresentKeyword.verifyElementPresent(VerifyElementPresentKeyword.groovy:92)
	at com.kms.katalon.core.webui.keyword.builtin.VerifyElementPresentKeyword.execute(VerifyElementPresentKeyword.groovy:68)
	at com.kms.katalon.core.keyword.internal.KeywordExecutor.executeKeywordForPlatform(KeywordExecutor.groovy:73)
	at com.kms.katalon.core.webui.keyword.WebUiBuiltInKeywords.verifyElementPresent(WebUiBuiltInKeywords.groovy:1461)
	at com.kms.katalon.core.webui.keyword.WebUiBuiltInKeywords$verifyElementPresent$10.call(Unknown Source)
	at TC_DETAILS_UI_024.run(TC_DETAILS_UI_024:23)
	at com.kms.katalon.core.main.ScriptEngine.run(ScriptEngine.java:194)
	at com.kms.katalon.core.main.ScriptEngine.runScriptAsRawText(ScriptEngine.java:119)
	at com.kms.katalon.core.main.TestCaseExecutor.runScript(TestCaseExecutor.java:339)
	at com.kms.katalon.core.main.TestCaseExecutor.doExecute(TestCaseExecutor.java:330)
	at com.kms.katalon.core.main.TestCaseExecutor.processExecutionPhase(TestCaseExecutor.java:309)
	at com.kms.katalon.core.main.TestCaseExecutor.accessMainPhase(TestCaseExecutor.java:301)
	at com.kms.katalon.core.main.TestCaseExecutor.execute(TestCaseExecutor.java:235)
	at com.kms.katalon.core.main.TestSuiteExecutor.accessTestCaseMainPhase(TestSuiteExecutor.java:191)
	at com.kms.katalon.core.main.TestSuiteExecutor.accessTestSuiteMainPhase(TestSuiteExecutor.java:141)
	at com.kms.katalon.core.main.TestSuiteExecutor.execute(TestSuiteExecutor.java:90)
	at com.kms.katalon.core.main.TestCaseMain.startTestSuite(TestCaseMain.java:157)
	at com.kms.katalon.core.main.TestCaseMain$startTestSuite$0.call(Unknown Source)
	at TempTestSuite1620355020148.run(TempTestSuite1620355020148.groovy:39)
Caused by: com.kms.katalon.core.exception.StepFailedException: com.kms.katalon.core.webui.exception.WebElementNotFoundException: Web element with id: 'Object Repository/Item Details Objects/Page_diagnostics/Page_diagnostics/span_Independent_evaluation' located by '//*[(text() = 'Independent evaluation :' or . = 'Independent evaluation :')]' not found
	at com.kms.katalon.core.webui.keyword.internal.WebUIKeywordMain.stepFailed(WebUIKeywordMain.groovy:64)
	at com.kms.katalon.core.webui.keyword.builtin.VerifyElementPresentKeyword$_verifyElementPresent_closure1.doCall(VerifyElementPresentKeyword.groovy:85)
	at com.kms.katalon.core.webui.keyword.builtin.VerifyElementPresentKeyword$_verifyElementPresent_closure1.call(VerifyElementPresentKeyword.groovy)
	at com.kms.katalon.core.webui.keyword.internal.WebUIKeywordMain.runKeyword(WebUIKeywordMain.groovy:20)
	... 19 more


2021-05-07 10:49:10 - [TEST_STEP][PASSED] - callTestCase(findTestCase("Custom Item Details/UTILITIES/OPEN_BROWSER"), [:], STOP_ON_FAILURE): Call Test Case 'Test Cases/Custom Item Details/UTILITIES/OPEN_BROWSER' successfully

2021-05-07 10:49:10 - [TEST_CASE][PASSED] - Test Cases/Custom Item Details/UTILITIES/OPEN_BROWSER: Test Cases/Custom Item Details/UTILITIES/OPEN_BROWSER

2021-05-07 10:49:10 - [TEST_STEP][PASSED] - openBrowser("https://diagnostics.staging.arcadier.io/"): Browser is opened with url: 'https://diagnostics.staging.arcadier.io/'

2021-05-07 10:49:10 - [MESSAGE][WARNING] - A browser is already opened. Closing browser and opening a new one

2021-05-07 10:49:11 - [MESSAGE][INFO] - Starting 'Chrome' driver

2021-05-07 10:49:11 - [MESSAGE][INFO] - Action delay is set to 0 milliseconds

2021-05-07 10:49:21 - [MESSAGE][PASSED] - Browser is opened with url: 'https://diagnostics.staging.arcadier.io/'

2021-05-07 10:49:21 - [TEST_STEP][PASSED] - maximizeWindow(): Current window maximized

2021-05-07 10:49:21 - [MESSAGE][PASSED] - Current window maximized

2021-05-07 10:49:21 - [TEST_STEP][PASSED] - click(findTestObject("Item Details Objects/Page_diagnostics/a_Accept Cookies")): Object: 'Object Repository/Item Details Objects/Page_diagnostics/a_Accept Cookies' is clicked on

2021-05-07 10:49:22 - [MESSAGE][PASSED] - Object: 'Object Repository/Item Details Objects/Page_diagnostics/a_Accept Cookies' is clicked on

2021-05-07 10:49:22 - [TEST_STEP][PASSED] - click(findTestObject("Staging Objects/Page_diagnostics/a_COVID-19 DIAGNOSTICS"), STOP_ON_FAILURE): Object: 'Object Repository/Staging Objects/Page_diagnostics/a_COVID-19 DIAGNOSTICS' is clicked on

2021-05-07 10:49:24 - [MESSAGE][PASSED] - Object: 'Object Repository/Staging Objects/Page_diagnostics/a_COVID-19 DIAGNOSTICS' is clicked on

2021-05-07 10:49:24 - [TEST_STEP][PASSED] - mouseOver(findTestObject("Staging Objects/Page_diagnostics/a_STANDARD Q COVID-19 Ag Test")): Object: 'Object Repository/Staging Objects/Page_diagnostics/a_STANDARD Q COVID-19 Ag Test' is hovered

2021-05-07 10:49:25 - [MESSAGE][PASSED] - Object: 'Object Repository/Staging Objects/Page_diagnostics/a_STANDARD Q COVID-19 Ag Test' is hovered

2021-05-07 10:49:25 - [TEST_STEP][PASSED] - click(findTestObject("Staging Objects/Page_diagnostics/a_STANDARD Q COVID-19 Ag Test")): Object: 'Object Repository/Staging Objects/Page_diagnostics/a_STANDARD Q COVID-19 Ag Test' is clicked on

2021-05-07 10:49:27 - [MESSAGE][PASSED] - Object: 'Object Repository/Staging Objects/Page_diagnostics/a_STANDARD Q COVID-19 Ag Test' is clicked on

2021-05-07 10:49:27 - [MESSAGE][PASSED] - Call Test Case 'Test Cases/Custom Item Details/UTILITIES/OPEN_BROWSER' successfully

2021-05-07 10:49:27 - [TEST_STEP][PASSED] - waitForElementVisible(findTestObject("Item Details Objects/Page_diagnostics/Page_diagnostics/span_Independent_evaluation"), 0): Web element with id: 'Object Repository/Item Details Objects/Page_diagnostics/Page_diagnostics/span_Independent_evaluation' located by '//*[(text() = 'Independent evaluation :' or . = 'Independent evaluation :')]' not found

2021-05-07 10:49:27 - [MESSAGE][WARNING] - Timeout '0' is invalid. Using default page load timeout: '30'

2021-05-07 10:49:58 - [MESSAGE][INFO] - Unable to find the element located by 'By.xpath: //*[(text() = 'Independent evaluation :' or . = 'Independent evaluation :')]'. Please recheck the objects properties to make sure the desired element is located. 

2021-05-07 10:49:58 - [MESSAGE][WARNING] - Web element with id: 'Object Repository/Item Details Objects/Page_diagnostics/Page_diagnostics/span_Independent_evaluation' located by '//*[(text() = 'Independent evaluation :' or . = 'Independent evaluation :')]' not found

2021-05-07 10:49:58 - [TEST_STEP][FAILED] - verifyElementPresent(findTestObject("Item Details Objects/Page_diagnostics/Page_diagnostics/span_Independent_evaluation"), 0): Unable to verify object 'Object Repository/Item Details Objects/Page_diagnostics/Page_diagnostics/span_Independent_evaluation' is present (Root cause: com.kms.katalon.core.exception.StepFailedException: Unable to verify object 'Object Repository/Item Details Objects/Page_diagnostics/Page_diagnostics/span_Independent_evaluation' is present
	at com.kms.katalon.core.webui.keyword.internal.WebUIKeywordMain.stepFailed(WebUIKeywordMain.groovy:64)
	at com.kms.katalon.core.webui.keyword.internal.WebUIKeywordMain.runKeyword(WebUIKeywordMain.groovy:26)
	at com.kms.katalon.core.webui.keyword.builtin.VerifyElementPresentKeyword.verifyElementPresent(VerifyElementPresentKeyword.groovy:92)
	at com.kms.katalon.core.webui.keyword.builtin.VerifyElementPresentKeyword.execute(VerifyElementPresentKeyword.groovy:68)
	at com.kms.katalon.core.keyword.internal.KeywordExecutor.executeKeywordForPlatform(KeywordExecutor.groovy:73)
	at com.kms.katalon.core.webui.keyword.WebUiBuiltInKeywords.verifyElementPresent(WebUiBuiltInKeywords.groovy:1461)
	at com.kms.katalon.core.webui.keyword.WebUiBuiltInKeywords$verifyElementPresent$10.call(Unknown Source)
	at TC_DETAILS_UI_024.run(TC_DETAILS_UI_024:23)
	at com.kms.katalon.core.main.ScriptEngine.run(ScriptEngine.java:194)
	at com.kms.katalon.core.main.ScriptEngine.runScriptAsRawText(ScriptEngine.java:119)
	at com.kms.katalon.core.main.TestCaseExecutor.runScript(TestCaseExecutor.java:339)
	at com.kms.katalon.core.main.TestCaseExecutor.doExecute(TestCaseExecutor.java:330)
	at com.kms.katalon.core.main.TestCaseExecutor.processExecutionPhase(TestCaseExecutor.java:309)
	at com.kms.katalon.core.main.TestCaseExecutor.accessMainPhase(TestCaseExecutor.java:301)
	at com.kms.katalon.core.main.TestCaseExecutor.execute(TestCaseExecutor.java:235)
	at com.kms.katalon.core.main.TestSuiteExecutor.accessTestCaseMainPhase(TestSuiteExecutor.java:191)
	at com.kms.katalon.core.main.TestSuiteExecutor.accessTestSuiteMainPhase(TestSuiteExecutor.java:141)
	at com.kms.katalon.core.main.TestSuiteExecutor.execute(TestSuiteExecutor.java:90)
	at com.kms.katalon.core.main.TestCaseMain.startTestSuite(TestCaseMain.java:157)
	at com.kms.katalon.core.main.TestCaseMain$startTestSuite$0.call(Unknown Source)
	at TempTestSuite1620355020148.run(TempTestSuite1620355020148.groovy:39)
Caused by: com.kms.katalon.core.exception.StepFailedException: com.kms.katalon.core.webui.exception.WebElementNotFoundException: Web element with id: 'Object Repository/Item Details Objects/Page_diagnostics/Page_diagnostics/span_Independent_evaluation' located by '//*[(text() = 'Independent evaluation :' or . = 'Independent evaluation :')]' not found
	at com.kms.katalon.core.webui.keyword.internal.WebUIKeywordMain.stepFailed(WebUIKeywordMain.groovy:64)
	at com.kms.katalon.core.webui.keyword.builtin.VerifyElementPresentKeyword$_verifyElementPresent_closure1.doCall(VerifyElementPresentKeyword.groovy:85)
	at com.kms.katalon.core.webui.keyword.builtin.VerifyElementPresentKeyword$_verifyElementPresent_closure1.call(VerifyElementPresentKeyword.groovy)
	at com.kms.katalon.core.webui.keyword.internal.WebUIKeywordMain.runKeyword(WebUIKeywordMain.groovy:20)
	... 19 more
)

2021-05-07 10:49:58 - [MESSAGE][WARNING] - Timeout '0' is invalid. Using default page load timeout: '30'

2021-05-07 10:50:30 - [MESSAGE][INFO] - Unable to find the element located by 'By.xpath: //*[(text() = 'Independent evaluation :' or . = 'Independent evaluation :')]'. Please recheck the objects properties to make sure the desired element is located. 

2021-05-07 10:50:30 - [MESSAGE][FAILED] - com.kms.katalon.core.webui.exception.WebElementNotFoundException: Web element with id: 'Object Repository/Item Details Objects/Page_diagnostics/Page_diagnostics/span_Independent_evaluation' located by '//*[(text() = 'Independent evaluation :' or . = 'Independent evaluation :')]' not found (Root cause: com.kms.katalon.core.exception.StepFailedException: com.kms.katalon.core.webui.exception.WebElementNotFoundException: Web element with id: 'Object Repository/Item Details Objects/Page_diagnostics/Page_diagnostics/span_Independent_evaluation' located by '//*[(text() = 'Independent evaluation :' or . = 'Independent evaluation :')]' not found
	at com.kms.katalon.core.webui.keyword.internal.WebUIKeywordMain.stepFailed(WebUIKeywordMain.groovy:64)
	at com.kms.katalon.core.webui.keyword.builtin.VerifyElementPresentKeyword$_verifyElementPresent_closure1.doCall(VerifyElementPresentKeyword.groovy:85)
	at com.kms.katalon.core.webui.keyword.builtin.VerifyElementPresentKeyword$_verifyElementPresent_closure1.call(VerifyElementPresentKeyword.groovy)
	at com.kms.katalon.core.webui.keyword.internal.WebUIKeywordMain.runKeyword(WebUIKeywordMain.groovy:20)
	at com.kms.katalon.core.webui.keyword.builtin.VerifyElementPresentKeyword.verifyElementPresent(VerifyElementPresentKeyword.groovy:92)
	at com.kms.katalon.core.webui.keyword.builtin.VerifyElementPresentKeyword.execute(VerifyElementPresentKeyword.groovy:68)
	at com.kms.katalon.core.keyword.internal.KeywordExecutor.executeKeywordForPlatform(KeywordExecutor.groovy:73)
	at com.kms.katalon.core.webui.keyword.WebUiBuiltInKeywords.verifyElementPresent(WebUiBuiltInKeywords.groovy:1461)
	at com.kms.katalon.core.webui.keyword.WebUiBuiltInKeywords$verifyElementPresent$10.call(Unknown Source)
	at TC_DETAILS_UI_024.run(TC_DETAILS_UI_024:23)
	at com.kms.katalon.core.main.ScriptEngine.run(ScriptEngine.java:194)
	at com.kms.katalon.core.main.ScriptEngine.runScriptAsRawText(ScriptEngine.java:119)
	at com.kms.katalon.core.main.TestCaseExecutor.runScript(TestCaseExecutor.java:339)
	at com.kms.katalon.core.main.TestCaseExecutor.doExecute(TestCaseExecutor.java:330)
	at com.kms.katalon.core.main.TestCaseExecutor.processExecutionPhase(TestCaseExecutor.java:309)
	at com.kms.katalon.core.main.TestCaseExecutor.accessMainPhase(TestCaseExecutor.java:301)
	at com.kms.katalon.core.main.TestCaseExecutor.execute(TestCaseExecutor.java:235)
	at com.kms.katalon.core.main.TestSuiteExecutor.accessTestCaseMainPhase(TestSuiteExecutor.java:191)
	at com.kms.katalon.core.main.TestSuiteExecutor.accessTestSuiteMainPhase(TestSuiteExecutor.java:141)
	at com.kms.katalon.core.main.TestSuiteExecutor.execute(TestSuiteExecutor.java:90)
	at com.kms.katalon.core.main.TestCaseMain.startTestSuite(TestCaseMain.java:157)
	at com.kms.katalon.core.main.TestCaseMain$startTestSuite$0.call(Unknown Source)
	at TempTestSuite1620355020148.run(TempTestSuite1620355020148.groovy:39)
)
[[ATTACHMENT|K:\\Work\\GitHub\\find-item-detail-test_v2\\Reports\\20210507_103700\\Item detail test\\20210507_103700\\1620355830051.png]]

2021-05-07 10:50:30 - [MESSAGE][FAILED] - Unable to verify object 'Object Repository/Item Details Objects/Page_diagnostics/Page_diagnostics/span_Independent_evaluation' is present (Root cause: com.kms.katalon.core.exception.StepFailedException: Unable to verify object 'Object Repository/Item Details Objects/Page_diagnostics/Page_diagnostics/span_Independent_evaluation' is present
	at com.kms.katalon.core.webui.keyword.internal.WebUIKeywordMain.stepFailed(WebUIKeywordMain.groovy:64)
	at com.kms.katalon.core.webui.keyword.internal.WebUIKeywordMain.runKeyword(WebUIKeywordMain.groovy:26)
	at com.kms.katalon.core.webui.keyword.builtin.VerifyElementPresentKeyword.verifyElementPresent(VerifyElementPresentKeyword.groovy:92)
	at com.kms.katalon.core.webui.keyword.builtin.VerifyElementPresentKeyword.execute(VerifyElementPresentKeyword.groovy:68)
	at com.kms.katalon.core.keyword.internal.KeywordExecutor.executeKeywordForPlatform(KeywordExecutor.groovy:73)
	at com.kms.katalon.core.webui.keyword.WebUiBuiltInKeywords.verifyElementPresent(WebUiBuiltInKeywords.groovy:1461)
	at com.kms.katalon.core.webui.keyword.WebUiBuiltInKeywords$verifyElementPresent$10.call(Unknown Source)
	at TC_DETAILS_UI_024.run(TC_DETAILS_UI_024:23)
	at com.kms.katalon.core.main.ScriptEngine.run(ScriptEngine.java:194)
	at com.kms.katalon.core.main.ScriptEngine.runScriptAsRawText(ScriptEngine.java:119)
	at com.kms.katalon.core.main.TestCaseExecutor.runScript(TestCaseExecutor.java:339)
	at com.kms.katalon.core.main.TestCaseExecutor.doExecute(TestCaseExecutor.java:330)
	at com.kms.katalon.core.main.TestCaseExecutor.processExecutionPhase(TestCaseExecutor.java:309)
	at com.kms.katalon.core.main.TestCaseExecutor.accessMainPhase(TestCaseExecutor.java:301)
	at com.kms.katalon.core.main.TestCaseExecutor.execute(TestCaseExecutor.java:235)
	at com.kms.katalon.core.main.TestSuiteExecutor.accessTestCaseMainPhase(TestSuiteExecutor.java:191)
	at com.kms.katalon.core.main.TestSuiteExecutor.accessTestSuiteMainPhase(TestSuiteExecutor.java:141)
	at com.kms.katalon.core.main.TestSuiteExecutor.execute(TestSuiteExecutor.java:90)
	at com.kms.katalon.core.main.TestCaseMain.startTestSuite(TestCaseMain.java:157)
	at com.kms.katalon.core.main.TestCaseMain$startTestSuite$0.call(Unknown Source)
	at TempTestSuite1620355020148.run(TempTestSuite1620355020148.groovy:39)
Caused by: com.kms.katalon.core.exception.StepFailedException: com.kms.katalon.core.webui.exception.WebElementNotFoundException: Web element with id: 'Object Repository/Item Details Objects/Page_diagnostics/Page_diagnostics/span_Independent_evaluation' located by '//*[(text() = 'Independent evaluation :' or . = 'Independent evaluation :')]' not found
	at com.kms.katalon.core.webui.keyword.internal.WebUIKeywordMain.stepFailed(WebUIKeywordMain.groovy:64)
	at com.kms.katalon.core.webui.keyword.builtin.VerifyElementPresentKeyword$_verifyElementPresent_closure1.doCall(VerifyElementPresentKeyword.groovy:85)
	at com.kms.katalon.core.webui.keyword.builtin.VerifyElementPresentKeyword$_verifyElementPresent_closure1.call(VerifyElementPresentKeyword.groovy)
	at com.kms.katalon.core.webui.keyword.internal.WebUIKeywordMain.runKeyword(WebUIKeywordMain.groovy:20)
	... 19 more
)
[[ATTACHMENT|K:\\Work\\GitHub\\find-item-detail-test_v2\\Reports\\20210507_103700\\Item detail test\\20210507_103700\\1620355830214.png]]]]></system-out>
         <system-err><![CDATA[2021-05-07 10:49:10 - [TEST_CASE][FAILED] - Test Cases/Custom Item Details/TEST CASE/TC_DETAILS_UI_024: Test Cases/Custom Item Details/TEST CASE/TC_DETAILS_UI_024 FAILED.
Reason:
com.kms.katalon.core.exception.StepFailedException: Unable to verify object 'Object Repository/Item Details Objects/Page_diagnostics/Page_diagnostics/span_Independent_evaluation' is present
	at com.kms.katalon.core.webui.keyword.internal.WebUIKeywordMain.stepFailed(WebUIKeywordMain.groovy:64)
	at com.kms.katalon.core.webui.keyword.internal.WebUIKeywordMain.runKeyword(WebUIKeywordMain.groovy:26)
	at com.kms.katalon.core.webui.keyword.builtin.VerifyElementPresentKeyword.verifyElementPresent(VerifyElementPresentKeyword.groovy:92)
	at com.kms.katalon.core.webui.keyword.builtin.VerifyElementPresentKeyword.execute(VerifyElementPresentKeyword.groovy:68)
	at com.kms.katalon.core.keyword.internal.KeywordExecutor.executeKeywordForPlatform(KeywordExecutor.groovy:73)
	at com.kms.katalon.core.webui.keyword.WebUiBuiltInKeywords.verifyElementPresent(WebUiBuiltInKeywords.groovy:1461)
	at com.kms.katalon.core.webui.keyword.WebUiBuiltInKeywords$verifyElementPresent$10.call(Unknown Source)
	at TC_DETAILS_UI_024.run(TC_DETAILS_UI_024:23)
	at com.kms.katalon.core.main.ScriptEngine.run(ScriptEngine.java:194)
	at com.kms.katalon.core.main.ScriptEngine.runScriptAsRawText(ScriptEngine.java:119)
	at com.kms.katalon.core.main.TestCaseExecutor.runScript(TestCaseExecutor.java:339)
	at com.kms.katalon.core.main.TestCaseExecutor.doExecute(TestCaseExecutor.java:330)
	at com.kms.katalon.core.main.TestCaseExecutor.processExecutionPhase(TestCaseExecutor.java:309)
	at com.kms.katalon.core.main.TestCaseExecutor.accessMainPhase(TestCaseExecutor.java:301)
	at com.kms.katalon.core.main.TestCaseExecutor.execute(TestCaseExecutor.java:235)
	at com.kms.katalon.core.main.TestSuiteExecutor.accessTestCaseMainPhase(TestSuiteExecutor.java:191)
	at com.kms.katalon.core.main.TestSuiteExecutor.accessTestSuiteMainPhase(TestSuiteExecutor.java:141)
	at com.kms.katalon.core.main.TestSuiteExecutor.execute(TestSuiteExecutor.java:90)
	at com.kms.katalon.core.main.TestCaseMain.startTestSuite(TestCaseMain.java:157)
	at com.kms.katalon.core.main.TestCaseMain$startTestSuite$0.call(Unknown Source)
	at TempTestSuite1620355020148.run(TempTestSuite1620355020148.groovy:39)
Caused by: com.kms.katalon.core.exception.StepFailedException: com.kms.katalon.core.webui.exception.WebElementNotFoundException: Web element with id: 'Object Repository/Item Details Objects/Page_diagnostics/Page_diagnostics/span_Independent_evaluation' located by '//*[(text() = 'Independent evaluation :' or . = 'Independent evaluation :')]' not found
	at com.kms.katalon.core.webui.keyword.internal.WebUIKeywordMain.stepFailed(WebUIKeywordMain.groovy:64)
	at com.kms.katalon.core.webui.keyword.builtin.VerifyElementPresentKeyword$_verifyElementPresent_closure1.doCall(VerifyElementPresentKeyword.groovy:85)
	at com.kms.katalon.core.webui.keyword.builtin.VerifyElementPresentKeyword$_verifyElementPresent_closure1.call(VerifyElementPresentKeyword.groovy)
	at com.kms.katalon.core.webui.keyword.internal.WebUIKeywordMain.runKeyword(WebUIKeywordMain.groovy:20)
	... 19 more]]></system-err>
      </testcase>
      <testcase name="Test Cases/Custom Item Details/TEST CASE/TC_DETAILS_UI_025" time="81.786" classname="Test Cases/Custom Item Details/TEST CASE/TC_DETAILS_UI_025" status="FAILED">
         <failure type="FAILED" message="Test Cases/Custom Item Details/TEST CASE/TC_DETAILS_UI_025 FAILED.
Reason:
com.kms.katalon.core.exception.StepFailedException: Unable to verify object 'Object Repository/Item Details Objects/Page_diagnostics/Page_diagnostics/span_FIND_evaluation' is present
	at com.kms.katalon.core.webui.keyword.internal.WebUIKeywordMain.stepFailed(WebUIKeywordMain.groovy:64)
	at com.kms.katalon.core.webui.keyword.internal.WebUIKeywordMain.runKeyword(WebUIKeywordMain.groovy:26)
	at com.kms.katalon.core.webui.keyword.builtin.VerifyElementPresentKeyword.verifyElementPresent(VerifyElementPresentKeyword.groovy:92)
	at com.kms.katalon.core.webui.keyword.builtin.VerifyElementPresentKeyword.execute(VerifyElementPresentKeyword.groovy:68)
	at com.kms.katalon.core.keyword.internal.KeywordExecutor.executeKeywordForPlatform(KeywordExecutor.groovy:73)
	at com.kms.katalon.core.webui.keyword.WebUiBuiltInKeywords.verifyElementPresent(WebUiBuiltInKeywords.groovy:1461)
	at com.kms.katalon.core.webui.keyword.WebUiBuiltInKeywords$verifyElementPresent$10.call(Unknown Source)
	at TC_DETAILS_UI_025.run(TC_DETAILS_UI_025:23)
	at com.kms.katalon.core.main.ScriptEngine.run(ScriptEngine.java:194)
	at com.kms.katalon.core.main.ScriptEngine.runScriptAsRawText(ScriptEngine.java:119)
	at com.kms.katalon.core.main.TestCaseExecutor.runScript(TestCaseExecutor.java:339)
	at com.kms.katalon.core.main.TestCaseExecutor.doExecute(TestCaseExecutor.java:330)
	at com.kms.katalon.core.main.TestCaseExecutor.processExecutionPhase(TestCaseExecutor.java:309)
	at com.kms.katalon.core.main.TestCaseExecutor.accessMainPhase(TestCaseExecutor.java:301)
	at com.kms.katalon.core.main.TestCaseExecutor.execute(TestCaseExecutor.java:235)
	at com.kms.katalon.core.main.TestSuiteExecutor.accessTestCaseMainPhase(TestSuiteExecutor.java:191)
	at com.kms.katalon.core.main.TestSuiteExecutor.accessTestSuiteMainPhase(TestSuiteExecutor.java:141)
	at com.kms.katalon.core.main.TestSuiteExecutor.execute(TestSuiteExecutor.java:90)
	at com.kms.katalon.core.main.TestCaseMain.startTestSuite(TestCaseMain.java:157)
	at com.kms.katalon.core.main.TestCaseMain$startTestSuite$0.call(Unknown Source)
	at TempTestSuite1620355020148.run(TempTestSuite1620355020148.groovy:39)
Caused by: com.kms.katalon.core.exception.StepFailedException: com.kms.katalon.core.webui.exception.WebElementNotFoundException: Web element with id: 'Object Repository/Item Details Objects/Page_diagnostics/Page_diagnostics/span_FIND_evaluation' located by '//*[(text() = 'FIND evaluation :' or . = 'FIND evaluation :')]' not found
	at com.kms.katalon.core.webui.keyword.internal.WebUIKeywordMain.stepFailed(WebUIKeywordMain.groovy:64)
	at com.kms.katalon.core.webui.keyword.builtin.VerifyElementPresentKeyword$_verifyElementPresent_closure1.doCall(VerifyElementPresentKeyword.groovy:85)
	at com.kms.katalon.core.webui.keyword.builtin.VerifyElementPresentKeyword$_verifyElementPresent_closure1.call(VerifyElementPresentKeyword.groovy)
	at com.kms.katalon.core.webui.keyword.internal.WebUIKeywordMain.runKeyword(WebUIKeywordMain.groovy:20)
	... 19 more
"/>
         <system-out><![CDATA[2021-05-07 10:50:30 - [TEST_CASE][FAILED] - Test Cases/Custom Item Details/TEST CASE/TC_DETAILS_UI_025: Test Cases/Custom Item Details/TEST CASE/TC_DETAILS_UI_025 FAILED.
Reason:
com.kms.katalon.core.exception.StepFailedException: Unable to verify object 'Object Repository/Item Details Objects/Page_diagnostics/Page_diagnostics/span_FIND_evaluation' is present
	at com.kms.katalon.core.webui.keyword.internal.WebUIKeywordMain.stepFailed(WebUIKeywordMain.groovy:64)
	at com.kms.katalon.core.webui.keyword.internal.WebUIKeywordMain.runKeyword(WebUIKeywordMain.groovy:26)
	at com.kms.katalon.core.webui.keyword.builtin.VerifyElementPresentKeyword.verifyElementPresent(VerifyElementPresentKeyword.groovy:92)
	at com.kms.katalon.core.webui.keyword.builtin.VerifyElementPresentKeyword.execute(VerifyElementPresentKeyword.groovy:68)
	at com.kms.katalon.core.keyword.internal.KeywordExecutor.executeKeywordForPlatform(KeywordExecutor.groovy:73)
	at com.kms.katalon.core.webui.keyword.WebUiBuiltInKeywords.verifyElementPresent(WebUiBuiltInKeywords.groovy:1461)
	at com.kms.katalon.core.webui.keyword.WebUiBuiltInKeywords$verifyElementPresent$10.call(Unknown Source)
	at TC_DETAILS_UI_025.run(TC_DETAILS_UI_025:23)
	at com.kms.katalon.core.main.ScriptEngine.run(ScriptEngine.java:194)
	at com.kms.katalon.core.main.ScriptEngine.runScriptAsRawText(ScriptEngine.java:119)
	at com.kms.katalon.core.main.TestCaseExecutor.runScript(TestCaseExecutor.java:339)
	at com.kms.katalon.core.main.TestCaseExecutor.doExecute(TestCaseExecutor.java:330)
	at com.kms.katalon.core.main.TestCaseExecutor.processExecutionPhase(TestCaseExecutor.java:309)
	at com.kms.katalon.core.main.TestCaseExecutor.accessMainPhase(TestCaseExecutor.java:301)
	at com.kms.katalon.core.main.TestCaseExecutor.execute(TestCaseExecutor.java:235)
	at com.kms.katalon.core.main.TestSuiteExecutor.accessTestCaseMainPhase(TestSuiteExecutor.java:191)
	at com.kms.katalon.core.main.TestSuiteExecutor.accessTestSuiteMainPhase(TestSuiteExecutor.java:141)
	at com.kms.katalon.core.main.TestSuiteExecutor.execute(TestSuiteExecutor.java:90)
	at com.kms.katalon.core.main.TestCaseMain.startTestSuite(TestCaseMain.java:157)
	at com.kms.katalon.core.main.TestCaseMain$startTestSuite$0.call(Unknown Source)
	at TempTestSuite1620355020148.run(TempTestSuite1620355020148.groovy:39)
Caused by: com.kms.katalon.core.exception.StepFailedException: com.kms.katalon.core.webui.exception.WebElementNotFoundException: Web element with id: 'Object Repository/Item Details Objects/Page_diagnostics/Page_diagnostics/span_FIND_evaluation' located by '//*[(text() = 'FIND evaluation :' or . = 'FIND evaluation :')]' not found
	at com.kms.katalon.core.webui.keyword.internal.WebUIKeywordMain.stepFailed(WebUIKeywordMain.groovy:64)
	at com.kms.katalon.core.webui.keyword.builtin.VerifyElementPresentKeyword$_verifyElementPresent_closure1.doCall(VerifyElementPresentKeyword.groovy:85)
	at com.kms.katalon.core.webui.keyword.builtin.VerifyElementPresentKeyword$_verifyElementPresent_closure1.call(VerifyElementPresentKeyword.groovy)
	at com.kms.katalon.core.webui.keyword.internal.WebUIKeywordMain.runKeyword(WebUIKeywordMain.groovy:20)
	... 19 more


2021-05-07 10:50:30 - [TEST_STEP][PASSED] - callTestCase(findTestCase("Custom Item Details/UTILITIES/OPEN_BROWSER"), [:], STOP_ON_FAILURE): Call Test Case 'Test Cases/Custom Item Details/UTILITIES/OPEN_BROWSER' successfully

2021-05-07 10:50:30 - [TEST_CASE][PASSED] - Test Cases/Custom Item Details/UTILITIES/OPEN_BROWSER: Test Cases/Custom Item Details/UTILITIES/OPEN_BROWSER

2021-05-07 10:50:30 - [TEST_STEP][PASSED] - openBrowser("https://diagnostics.staging.arcadier.io/"): Browser is opened with url: 'https://diagnostics.staging.arcadier.io/'

2021-05-07 10:50:30 - [MESSAGE][WARNING] - A browser is already opened. Closing browser and opening a new one

2021-05-07 10:50:31 - [MESSAGE][INFO] - Starting 'Chrome' driver

2021-05-07 10:50:31 - [MESSAGE][INFO] - Action delay is set to 0 milliseconds

2021-05-07 10:50:44 - [MESSAGE][PASSED] - Browser is opened with url: 'https://diagnostics.staging.arcadier.io/'

2021-05-07 10:50:44 - [TEST_STEP][PASSED] - maximizeWindow(): Current window maximized

2021-05-07 10:50:44 - [MESSAGE][PASSED] - Current window maximized

2021-05-07 10:50:44 - [TEST_STEP][PASSED] - click(findTestObject("Item Details Objects/Page_diagnostics/a_Accept Cookies")): Object: 'Object Repository/Item Details Objects/Page_diagnostics/a_Accept Cookies' is clicked on

2021-05-07 10:50:44 - [MESSAGE][PASSED] - Object: 'Object Repository/Item Details Objects/Page_diagnostics/a_Accept Cookies' is clicked on

2021-05-07 10:50:44 - [TEST_STEP][PASSED] - click(findTestObject("Staging Objects/Page_diagnostics/a_COVID-19 DIAGNOSTICS"), STOP_ON_FAILURE): Object: 'Object Repository/Staging Objects/Page_diagnostics/a_COVID-19 DIAGNOSTICS' is clicked on

2021-05-07 10:50:46 - [MESSAGE][PASSED] - Object: 'Object Repository/Staging Objects/Page_diagnostics/a_COVID-19 DIAGNOSTICS' is clicked on

2021-05-07 10:50:46 - [TEST_STEP][PASSED] - mouseOver(findTestObject("Staging Objects/Page_diagnostics/a_STANDARD Q COVID-19 Ag Test")): Object: 'Object Repository/Staging Objects/Page_diagnostics/a_STANDARD Q COVID-19 Ag Test' is hovered

2021-05-07 10:50:47 - [MESSAGE][PASSED] - Object: 'Object Repository/Staging Objects/Page_diagnostics/a_STANDARD Q COVID-19 Ag Test' is hovered

2021-05-07 10:50:47 - [TEST_STEP][PASSED] - click(findTestObject("Staging Objects/Page_diagnostics/a_STANDARD Q COVID-19 Ag Test")): Object: 'Object Repository/Staging Objects/Page_diagnostics/a_STANDARD Q COVID-19 Ag Test' is clicked on

2021-05-07 10:50:49 - [MESSAGE][PASSED] - Object: 'Object Repository/Staging Objects/Page_diagnostics/a_STANDARD Q COVID-19 Ag Test' is clicked on

2021-05-07 10:50:49 - [MESSAGE][PASSED] - Call Test Case 'Test Cases/Custom Item Details/UTILITIES/OPEN_BROWSER' successfully

2021-05-07 10:50:49 - [TEST_STEP][PASSED] - waitForElementVisible(findTestObject("Item Details Objects/Page_diagnostics/Page_diagnostics/span_FIND_evaluation"), 0): Web element with id: 'Object Repository/Item Details Objects/Page_diagnostics/Page_diagnostics/span_FIND_evaluation' located by '//*[(text() = 'FIND evaluation :' or . = 'FIND evaluation :')]' not found

2021-05-07 10:50:49 - [MESSAGE][WARNING] - Timeout '0' is invalid. Using default page load timeout: '30'

2021-05-07 10:51:20 - [MESSAGE][INFO] - Unable to find the element located by 'By.xpath: //*[(text() = 'FIND evaluation :' or . = 'FIND evaluation :')]'. Please recheck the objects properties to make sure the desired element is located. 

2021-05-07 10:51:20 - [MESSAGE][WARNING] - Web element with id: 'Object Repository/Item Details Objects/Page_diagnostics/Page_diagnostics/span_FIND_evaluation' located by '//*[(text() = 'FIND evaluation :' or . = 'FIND evaluation :')]' not found

2021-05-07 10:51:20 - [TEST_STEP][FAILED] - verifyElementPresent(findTestObject("Item Details Objects/Page_diagnostics/Page_diagnostics/span_FIND_evaluation"), 0): Unable to verify object 'Object Repository/Item Details Objects/Page_diagnostics/Page_diagnostics/span_FIND_evaluation' is present (Root cause: com.kms.katalon.core.exception.StepFailedException: Unable to verify object 'Object Repository/Item Details Objects/Page_diagnostics/Page_diagnostics/span_FIND_evaluation' is present
	at com.kms.katalon.core.webui.keyword.internal.WebUIKeywordMain.stepFailed(WebUIKeywordMain.groovy:64)
	at com.kms.katalon.core.webui.keyword.internal.WebUIKeywordMain.runKeyword(WebUIKeywordMain.groovy:26)
	at com.kms.katalon.core.webui.keyword.builtin.VerifyElementPresentKeyword.verifyElementPresent(VerifyElementPresentKeyword.groovy:92)
	at com.kms.katalon.core.webui.keyword.builtin.VerifyElementPresentKeyword.execute(VerifyElementPresentKeyword.groovy:68)
	at com.kms.katalon.core.keyword.internal.KeywordExecutor.executeKeywordForPlatform(KeywordExecutor.groovy:73)
	at com.kms.katalon.core.webui.keyword.WebUiBuiltInKeywords.verifyElementPresent(WebUiBuiltInKeywords.groovy:1461)
	at com.kms.katalon.core.webui.keyword.WebUiBuiltInKeywords$verifyElementPresent$10.call(Unknown Source)
	at TC_DETAILS_UI_025.run(TC_DETAILS_UI_025:23)
	at com.kms.katalon.core.main.ScriptEngine.run(ScriptEngine.java:194)
	at com.kms.katalon.core.main.ScriptEngine.runScriptAsRawText(ScriptEngine.java:119)
	at com.kms.katalon.core.main.TestCaseExecutor.runScript(TestCaseExecutor.java:339)
	at com.kms.katalon.core.main.TestCaseExecutor.doExecute(TestCaseExecutor.java:330)
	at com.kms.katalon.core.main.TestCaseExecutor.processExecutionPhase(TestCaseExecutor.java:309)
	at com.kms.katalon.core.main.TestCaseExecutor.accessMainPhase(TestCaseExecutor.java:301)
	at com.kms.katalon.core.main.TestCaseExecutor.execute(TestCaseExecutor.java:235)
	at com.kms.katalon.core.main.TestSuiteExecutor.accessTestCaseMainPhase(TestSuiteExecutor.java:191)
	at com.kms.katalon.core.main.TestSuiteExecutor.accessTestSuiteMainPhase(TestSuiteExecutor.java:141)
	at com.kms.katalon.core.main.TestSuiteExecutor.execute(TestSuiteExecutor.java:90)
	at com.kms.katalon.core.main.TestCaseMain.startTestSuite(TestCaseMain.java:157)
	at com.kms.katalon.core.main.TestCaseMain$startTestSuite$0.call(Unknown Source)
	at TempTestSuite1620355020148.run(TempTestSuite1620355020148.groovy:39)
Caused by: com.kms.katalon.core.exception.StepFailedException: com.kms.katalon.core.webui.exception.WebElementNotFoundException: Web element with id: 'Object Repository/Item Details Objects/Page_diagnostics/Page_diagnostics/span_FIND_evaluation' located by '//*[(text() = 'FIND evaluation :' or . = 'FIND evaluation :')]' not found
	at com.kms.katalon.core.webui.keyword.internal.WebUIKeywordMain.stepFailed(WebUIKeywordMain.groovy:64)
	at com.kms.katalon.core.webui.keyword.builtin.VerifyElementPresentKeyword$_verifyElementPresent_closure1.doCall(VerifyElementPresentKeyword.groovy:85)
	at com.kms.katalon.core.webui.keyword.builtin.VerifyElementPresentKeyword$_verifyElementPresent_closure1.call(VerifyElementPresentKeyword.groovy)
	at com.kms.katalon.core.webui.keyword.internal.WebUIKeywordMain.runKeyword(WebUIKeywordMain.groovy:20)
	... 19 more
)

2021-05-07 10:51:20 - [MESSAGE][WARNING] - Timeout '0' is invalid. Using default page load timeout: '30'

2021-05-07 10:51:51 - [MESSAGE][INFO] - Unable to find the element located by 'By.xpath: //*[(text() = 'FIND evaluation :' or . = 'FIND evaluation :')]'. Please recheck the objects properties to make sure the desired element is located. 

2021-05-07 10:51:52 - [MESSAGE][FAILED] - com.kms.katalon.core.webui.exception.WebElementNotFoundException: Web element with id: 'Object Repository/Item Details Objects/Page_diagnostics/Page_diagnostics/span_FIND_evaluation' located by '//*[(text() = 'FIND evaluation :' or . = 'FIND evaluation :')]' not found (Root cause: com.kms.katalon.core.exception.StepFailedException: com.kms.katalon.core.webui.exception.WebElementNotFoundException: Web element with id: 'Object Repository/Item Details Objects/Page_diagnostics/Page_diagnostics/span_FIND_evaluation' located by '//*[(text() = 'FIND evaluation :' or . = 'FIND evaluation :')]' not found
	at com.kms.katalon.core.webui.keyword.internal.WebUIKeywordMain.stepFailed(WebUIKeywordMain.groovy:64)
	at com.kms.katalon.core.webui.keyword.builtin.VerifyElementPresentKeyword$_verifyElementPresent_closure1.doCall(VerifyElementPresentKeyword.groovy:85)
	at com.kms.katalon.core.webui.keyword.builtin.VerifyElementPresentKeyword$_verifyElementPresent_closure1.call(VerifyElementPresentKeyword.groovy)
	at com.kms.katalon.core.webui.keyword.internal.WebUIKeywordMain.runKeyword(WebUIKeywordMain.groovy:20)
	at com.kms.katalon.core.webui.keyword.builtin.VerifyElementPresentKeyword.verifyElementPresent(VerifyElementPresentKeyword.groovy:92)
	at com.kms.katalon.core.webui.keyword.builtin.VerifyElementPresentKeyword.execute(VerifyElementPresentKeyword.groovy:68)
	at com.kms.katalon.core.keyword.internal.KeywordExecutor.executeKeywordForPlatform(KeywordExecutor.groovy:73)
	at com.kms.katalon.core.webui.keyword.WebUiBuiltInKeywords.verifyElementPresent(WebUiBuiltInKeywords.groovy:1461)
	at com.kms.katalon.core.webui.keyword.WebUiBuiltInKeywords$verifyElementPresent$10.call(Unknown Source)
	at TC_DETAILS_UI_025.run(TC_DETAILS_UI_025:23)
	at com.kms.katalon.core.main.ScriptEngine.run(ScriptEngine.java:194)
	at com.kms.katalon.core.main.ScriptEngine.runScriptAsRawText(ScriptEngine.java:119)
	at com.kms.katalon.core.main.TestCaseExecutor.runScript(TestCaseExecutor.java:339)
	at com.kms.katalon.core.main.TestCaseExecutor.doExecute(TestCaseExecutor.java:330)
	at com.kms.katalon.core.main.TestCaseExecutor.processExecutionPhase(TestCaseExecutor.java:309)
	at com.kms.katalon.core.main.TestCaseExecutor.accessMainPhase(TestCaseExecutor.java:301)
	at com.kms.katalon.core.main.TestCaseExecutor.execute(TestCaseExecutor.java:235)
	at com.kms.katalon.core.main.TestSuiteExecutor.accessTestCaseMainPhase(TestSuiteExecutor.java:191)
	at com.kms.katalon.core.main.TestSuiteExecutor.accessTestSuiteMainPhase(TestSuiteExecutor.java:141)
	at com.kms.katalon.core.main.TestSuiteExecutor.execute(TestSuiteExecutor.java:90)
	at com.kms.katalon.core.main.TestCaseMain.startTestSuite(TestCaseMain.java:157)
	at com.kms.katalon.core.main.TestCaseMain$startTestSuite$0.call(Unknown Source)
	at TempTestSuite1620355020148.run(TempTestSuite1620355020148.groovy:39)
)
[[ATTACHMENT|K:\\Work\\GitHub\\find-item-detail-test_v2\\Reports\\20210507_103700\\Item detail test\\20210507_103700\\1620355911877.png]]

2021-05-07 10:51:52 - [MESSAGE][FAILED] - Unable to verify object 'Object Repository/Item Details Objects/Page_diagnostics/Page_diagnostics/span_FIND_evaluation' is present (Root cause: com.kms.katalon.core.exception.StepFailedException: Unable to verify object 'Object Repository/Item Details Objects/Page_diagnostics/Page_diagnostics/span_FIND_evaluation' is present
	at com.kms.katalon.core.webui.keyword.internal.WebUIKeywordMain.stepFailed(WebUIKeywordMain.groovy:64)
	at com.kms.katalon.core.webui.keyword.internal.WebUIKeywordMain.runKeyword(WebUIKeywordMain.groovy:26)
	at com.kms.katalon.core.webui.keyword.builtin.VerifyElementPresentKeyword.verifyElementPresent(VerifyElementPresentKeyword.groovy:92)
	at com.kms.katalon.core.webui.keyword.builtin.VerifyElementPresentKeyword.execute(VerifyElementPresentKeyword.groovy:68)
	at com.kms.katalon.core.keyword.internal.KeywordExecutor.executeKeywordForPlatform(KeywordExecutor.groovy:73)
	at com.kms.katalon.core.webui.keyword.WebUiBuiltInKeywords.verifyElementPresent(WebUiBuiltInKeywords.groovy:1461)
	at com.kms.katalon.core.webui.keyword.WebUiBuiltInKeywords$verifyElementPresent$10.call(Unknown Source)
	at TC_DETAILS_UI_025.run(TC_DETAILS_UI_025:23)
	at com.kms.katalon.core.main.ScriptEngine.run(ScriptEngine.java:194)
	at com.kms.katalon.core.main.ScriptEngine.runScriptAsRawText(ScriptEngine.java:119)
	at com.kms.katalon.core.main.TestCaseExecutor.runScript(TestCaseExecutor.java:339)
	at com.kms.katalon.core.main.TestCaseExecutor.doExecute(TestCaseExecutor.java:330)
	at com.kms.katalon.core.main.TestCaseExecutor.processExecutionPhase(TestCaseExecutor.java:309)
	at com.kms.katalon.core.main.TestCaseExecutor.accessMainPhase(TestCaseExecutor.java:301)
	at com.kms.katalon.core.main.TestCaseExecutor.execute(TestCaseExecutor.java:235)
	at com.kms.katalon.core.main.TestSuiteExecutor.accessTestCaseMainPhase(TestSuiteExecutor.java:191)
	at com.kms.katalon.core.main.TestSuiteExecutor.accessTestSuiteMainPhase(TestSuiteExecutor.java:141)
	at com.kms.katalon.core.main.TestSuiteExecutor.execute(TestSuiteExecutor.java:90)
	at com.kms.katalon.core.main.TestCaseMain.startTestSuite(TestCaseMain.java:157)
	at com.kms.katalon.core.main.TestCaseMain$startTestSuite$0.call(Unknown Source)
	at TempTestSuite1620355020148.run(TempTestSuite1620355020148.groovy:39)
Caused by: com.kms.katalon.core.exception.StepFailedException: com.kms.katalon.core.webui.exception.WebElementNotFoundException: Web element with id: 'Object Repository/Item Details Objects/Page_diagnostics/Page_diagnostics/span_FIND_evaluation' located by '//*[(text() = 'FIND evaluation :' or . = 'FIND evaluation :')]' not found
	at com.kms.katalon.core.webui.keyword.internal.WebUIKeywordMain.stepFailed(WebUIKeywordMain.groovy:64)
	at com.kms.katalon.core.webui.keyword.builtin.VerifyElementPresentKeyword$_verifyElementPresent_closure1.doCall(VerifyElementPresentKeyword.groovy:85)
	at com.kms.katalon.core.webui.keyword.builtin.VerifyElementPresentKeyword$_verifyElementPresent_closure1.call(VerifyElementPresentKeyword.groovy)
	at com.kms.katalon.core.webui.keyword.internal.WebUIKeywordMain.runKeyword(WebUIKeywordMain.groovy:20)
	... 19 more
)
[[ATTACHMENT|K:\\Work\\GitHub\\find-item-detail-test_v2\\Reports\\20210507_103700\\Item detail test\\20210507_103700\\1620355912028.png]]]]></system-out>
         <system-err><![CDATA[2021-05-07 10:50:30 - [TEST_CASE][FAILED] - Test Cases/Custom Item Details/TEST CASE/TC_DETAILS_UI_025: Test Cases/Custom Item Details/TEST CASE/TC_DETAILS_UI_025 FAILED.
Reason:
com.kms.katalon.core.exception.StepFailedException: Unable to verify object 'Object Repository/Item Details Objects/Page_diagnostics/Page_diagnostics/span_FIND_evaluation' is present
	at com.kms.katalon.core.webui.keyword.internal.WebUIKeywordMain.stepFailed(WebUIKeywordMain.groovy:64)
	at com.kms.katalon.core.webui.keyword.internal.WebUIKeywordMain.runKeyword(WebUIKeywordMain.groovy:26)
	at com.kms.katalon.core.webui.keyword.builtin.VerifyElementPresentKeyword.verifyElementPresent(VerifyElementPresentKeyword.groovy:92)
	at com.kms.katalon.core.webui.keyword.builtin.VerifyElementPresentKeyword.execute(VerifyElementPresentKeyword.groovy:68)
	at com.kms.katalon.core.keyword.internal.KeywordExecutor.executeKeywordForPlatform(KeywordExecutor.groovy:73)
	at com.kms.katalon.core.webui.keyword.WebUiBuiltInKeywords.verifyElementPresent(WebUiBuiltInKeywords.groovy:1461)
	at com.kms.katalon.core.webui.keyword.WebUiBuiltInKeywords$verifyElementPresent$10.call(Unknown Source)
	at TC_DETAILS_UI_025.run(TC_DETAILS_UI_025:23)
	at com.kms.katalon.core.main.ScriptEngine.run(ScriptEngine.java:194)
	at com.kms.katalon.core.main.ScriptEngine.runScriptAsRawText(ScriptEngine.java:119)
	at com.kms.katalon.core.main.TestCaseExecutor.runScript(TestCaseExecutor.java:339)
	at com.kms.katalon.core.main.TestCaseExecutor.doExecute(TestCaseExecutor.java:330)
	at com.kms.katalon.core.main.TestCaseExecutor.processExecutionPhase(TestCaseExecutor.java:309)
	at com.kms.katalon.core.main.TestCaseExecutor.accessMainPhase(TestCaseExecutor.java:301)
	at com.kms.katalon.core.main.TestCaseExecutor.execute(TestCaseExecutor.java:235)
	at com.kms.katalon.core.main.TestSuiteExecutor.accessTestCaseMainPhase(TestSuiteExecutor.java:191)
	at com.kms.katalon.core.main.TestSuiteExecutor.accessTestSuiteMainPhase(TestSuiteExecutor.java:141)
	at com.kms.katalon.core.main.TestSuiteExecutor.execute(TestSuiteExecutor.java:90)
	at com.kms.katalon.core.main.TestCaseMain.startTestSuite(TestCaseMain.java:157)
	at com.kms.katalon.core.main.TestCaseMain$startTestSuite$0.call(Unknown Source)
	at TempTestSuite1620355020148.run(TempTestSuite1620355020148.groovy:39)
Caused by: com.kms.katalon.core.exception.StepFailedException: com.kms.katalon.core.webui.exception.WebElementNotFoundException: Web element with id: 'Object Repository/Item Details Objects/Page_diagnostics/Page_diagnostics/span_FIND_evaluation' located by '//*[(text() = 'FIND evaluation :' or . = 'FIND evaluation :')]' not found
	at com.kms.katalon.core.webui.keyword.internal.WebUIKeywordMain.stepFailed(WebUIKeywordMain.groovy:64)
	at com.kms.katalon.core.webui.keyword.builtin.VerifyElementPresentKeyword$_verifyElementPresent_closure1.doCall(VerifyElementPresentKeyword.groovy:85)
	at com.kms.katalon.core.webui.keyword.builtin.VerifyElementPresentKeyword$_verifyElementPresent_closure1.call(VerifyElementPresentKeyword.groovy)
	at com.kms.katalon.core.webui.keyword.internal.WebUIKeywordMain.runKeyword(WebUIKeywordMain.groovy:20)
	... 19 more]]></system-err>
      </testcase>
      <testcase name="Test Cases/Custom Item Details/TEST CASE/TC_DETAILS_UI_026" time="53.098" classname="Test Cases/Custom Item Details/TEST CASE/TC_DETAILS_UI_026" status="PASSED">
         <system-out><![CDATA[2021-05-07 10:51:52 - [TEST_CASE][PASSED] - Test Cases/Custom Item Details/TEST CASE/TC_DETAILS_UI_026: Test Cases/Custom Item Details/TEST CASE/TC_DETAILS_UI_026

2021-05-07 10:51:52 - [TEST_STEP][PASSED] - callTestCase(findTestCase("Custom Item Details/UTILITIES/OPEN_BROWSER"), [:], STOP_ON_FAILURE): Call Test Case 'Test Cases/Custom Item Details/UTILITIES/OPEN_BROWSER' successfully

2021-05-07 10:51:52 - [TEST_CASE][PASSED] - Test Cases/Custom Item Details/UTILITIES/OPEN_BROWSER: Test Cases/Custom Item Details/UTILITIES/OPEN_BROWSER

2021-05-07 10:51:52 - [TEST_STEP][PASSED] - openBrowser("https://diagnostics.staging.arcadier.io/"): Browser is opened with url: 'https://diagnostics.staging.arcadier.io/'

2021-05-07 10:51:52 - [MESSAGE][WARNING] - A browser is already opened. Closing browser and opening a new one

2021-05-07 10:51:53 - [MESSAGE][INFO] - Starting 'Chrome' driver

2021-05-07 10:51:53 - [MESSAGE][INFO] - Action delay is set to 0 milliseconds

2021-05-07 10:52:06 - [MESSAGE][PASSED] - Browser is opened with url: 'https://diagnostics.staging.arcadier.io/'

2021-05-07 10:52:06 - [TEST_STEP][PASSED] - maximizeWindow(): Current window maximized

2021-05-07 10:52:06 - [MESSAGE][PASSED] - Current window maximized

2021-05-07 10:52:06 - [TEST_STEP][PASSED] - click(findTestObject("Item Details Objects/Page_diagnostics/a_Accept Cookies")): Object: 'Object Repository/Item Details Objects/Page_diagnostics/a_Accept Cookies' is clicked on

2021-05-07 10:52:07 - [MESSAGE][PASSED] - Object: 'Object Repository/Item Details Objects/Page_diagnostics/a_Accept Cookies' is clicked on

2021-05-07 10:52:07 - [TEST_STEP][PASSED] - click(findTestObject("Staging Objects/Page_diagnostics/a_COVID-19 DIAGNOSTICS"), STOP_ON_FAILURE): Object: 'Object Repository/Staging Objects/Page_diagnostics/a_COVID-19 DIAGNOSTICS' is clicked on

2021-05-07 10:52:08 - [MESSAGE][PASSED] - Object: 'Object Repository/Staging Objects/Page_diagnostics/a_COVID-19 DIAGNOSTICS' is clicked on

2021-05-07 10:52:08 - [TEST_STEP][PASSED] - mouseOver(findTestObject("Staging Objects/Page_diagnostics/a_STANDARD Q COVID-19 Ag Test")): Object: 'Object Repository/Staging Objects/Page_diagnostics/a_STANDARD Q COVID-19 Ag Test' is hovered

2021-05-07 10:52:09 - [MESSAGE][PASSED] - Object: 'Object Repository/Staging Objects/Page_diagnostics/a_STANDARD Q COVID-19 Ag Test' is hovered

2021-05-07 10:52:09 - [TEST_STEP][PASSED] - click(findTestObject("Staging Objects/Page_diagnostics/a_STANDARD Q COVID-19 Ag Test")): Object: 'Object Repository/Staging Objects/Page_diagnostics/a_STANDARD Q COVID-19 Ag Test' is clicked on

2021-05-07 10:52:13 - [MESSAGE][PASSED] - Object: 'Object Repository/Staging Objects/Page_diagnostics/a_STANDARD Q COVID-19 Ag Test' is clicked on

2021-05-07 10:52:13 - [MESSAGE][PASSED] - Call Test Case 'Test Cases/Custom Item Details/UTILITIES/OPEN_BROWSER' successfully

2021-05-07 10:52:13 - [TEST_STEP][PASSED] - waitForElementVisible(findTestObject("Item Details Objects/Page_diagnostics/Page_diagnostics/span_Shelf_life"), 0): Object 'Object Repository/Item Details Objects/Page_diagnostics/Page_diagnostics/span_Shelf_life' is not visible after 30 second(s)

2021-05-07 10:52:13 - [MESSAGE][WARNING] - Timeout '0' is invalid. Using default page load timeout: '30'

2021-05-07 10:52:44 - [MESSAGE][WARNING] - Object 'Object Repository/Item Details Objects/Page_diagnostics/Page_diagnostics/span_Shelf_life' is not visible after 30 second(s)

2021-05-07 10:52:44 - [TEST_STEP][PASSED] - verifyElementPresent(findTestObject("Item Details Objects/Page_diagnostics/Page_diagnostics/span_Shelf_life"), 0): Object 'Object Repository/Item Details Objects/Page_diagnostics/Page_diagnostics/span_Shelf_life' is present

2021-05-07 10:52:44 - [MESSAGE][WARNING] - Timeout '0' is invalid. Using default page load timeout: '30'

2021-05-07 10:52:44 - [MESSAGE][PASSED] - Object 'Object Repository/Item Details Objects/Page_diagnostics/Page_diagnostics/span_Shelf_life' is present

2021-05-07 10:52:44 - [TEST_STEP][PASSED] - callTestCase(findTestCase("Custom Item Details/UTILITIES/CLOSE_BROWSER"), [:], STOP_ON_FAILURE): Call Test Case 'Test Cases/Custom Item Details/UTILITIES/CLOSE_BROWSER' successfully

2021-05-07 10:52:44 - [TEST_CASE][PASSED] - Test Cases/Custom Item Details/UTILITIES/CLOSE_BROWSER: Test Cases/Custom Item Details/UTILITIES/CLOSE_BROWSER

2021-05-07 10:52:44 - [TEST_STEP][PASSED] - closeBrowser(): Browser is closed

2021-05-07 10:52:45 - [MESSAGE][PASSED] - Browser is closed

2021-05-07 10:52:45 - [MESSAGE][PASSED] - Call Test Case 'Test Cases/Custom Item Details/UTILITIES/CLOSE_BROWSER' successfully]]></system-out>
         <system-err><![CDATA[]]></system-err>
      </testcase>
      <testcase name="Test Cases/Custom Item Details/TEST CASE/TC_DETAILS_UI_027" time="79.238" classname="Test Cases/Custom Item Details/TEST CASE/TC_DETAILS_UI_027" status="FAILED">
         <failure type="FAILED" message="Test Cases/Custom Item Details/TEST CASE/TC_DETAILS_UI_027 FAILED.
Reason:
com.kms.katalon.core.exception.StepFailedException: Unable to verify object 'Object Repository/Item Details Objects/Page_diagnostics/Page_diagnostics/span_Packaging_labeling' is present
	at com.kms.katalon.core.webui.keyword.internal.WebUIKeywordMain.stepFailed(WebUIKeywordMain.groovy:64)
	at com.kms.katalon.core.webui.keyword.internal.WebUIKeywordMain.runKeyword(WebUIKeywordMain.groovy:26)
	at com.kms.katalon.core.webui.keyword.builtin.VerifyElementPresentKeyword.verifyElementPresent(VerifyElementPresentKeyword.groovy:92)
	at com.kms.katalon.core.webui.keyword.builtin.VerifyElementPresentKeyword.execute(VerifyElementPresentKeyword.groovy:68)
	at com.kms.katalon.core.keyword.internal.KeywordExecutor.executeKeywordForPlatform(KeywordExecutor.groovy:73)
	at com.kms.katalon.core.webui.keyword.WebUiBuiltInKeywords.verifyElementPresent(WebUiBuiltInKeywords.groovy:1461)
	at com.kms.katalon.core.webui.keyword.WebUiBuiltInKeywords$verifyElementPresent$10.call(Unknown Source)
	at TC_DETAILS_UI_027.run(TC_DETAILS_UI_027:23)
	at com.kms.katalon.core.main.ScriptEngine.run(ScriptEngine.java:194)
	at com.kms.katalon.core.main.ScriptEngine.runScriptAsRawText(ScriptEngine.java:119)
	at com.kms.katalon.core.main.TestCaseExecutor.runScript(TestCaseExecutor.java:339)
	at com.kms.katalon.core.main.TestCaseExecutor.doExecute(TestCaseExecutor.java:330)
	at com.kms.katalon.core.main.TestCaseExecutor.processExecutionPhase(TestCaseExecutor.java:309)
	at com.kms.katalon.core.main.TestCaseExecutor.accessMainPhase(TestCaseExecutor.java:301)
	at com.kms.katalon.core.main.TestCaseExecutor.execute(TestCaseExecutor.java:235)
	at com.kms.katalon.core.main.TestSuiteExecutor.accessTestCaseMainPhase(TestSuiteExecutor.java:191)
	at com.kms.katalon.core.main.TestSuiteExecutor.accessTestSuiteMainPhase(TestSuiteExecutor.java:141)
	at com.kms.katalon.core.main.TestSuiteExecutor.execute(TestSuiteExecutor.java:90)
	at com.kms.katalon.core.main.TestCaseMain.startTestSuite(TestCaseMain.java:157)
	at com.kms.katalon.core.main.TestCaseMain$startTestSuite$0.call(Unknown Source)
	at TempTestSuite1620355020148.run(TempTestSuite1620355020148.groovy:39)
Caused by: com.kms.katalon.core.exception.StepFailedException: com.kms.katalon.core.webui.exception.WebElementNotFoundException: Web element with id: 'Object Repository/Item Details Objects/Page_diagnostics/Page_diagnostics/span_Packaging_labeling' located by '//*[(text() = 'Packaging &amp; labeling :' or . = 'Packaging &amp; labeling :')]' not found
	at com.kms.katalon.core.webui.keyword.internal.WebUIKeywordMain.stepFailed(WebUIKeywordMain.groovy:64)
	at com.kms.katalon.core.webui.keyword.builtin.VerifyElementPresentKeyword$_verifyElementPresent_closure1.doCall(VerifyElementPresentKeyword.groovy:85)
	at com.kms.katalon.core.webui.keyword.builtin.VerifyElementPresentKeyword$_verifyElementPresent_closure1.call(VerifyElementPresentKeyword.groovy)
	at com.kms.katalon.core.webui.keyword.internal.WebUIKeywordMain.runKeyword(WebUIKeywordMain.groovy:20)
	... 19 more
"/>
         <system-out><![CDATA[2021-05-07 10:52:45 - [TEST_CASE][FAILED] - Test Cases/Custom Item Details/TEST CASE/TC_DETAILS_UI_027: Test Cases/Custom Item Details/TEST CASE/TC_DETAILS_UI_027 FAILED.
Reason:
com.kms.katalon.core.exception.StepFailedException: Unable to verify object 'Object Repository/Item Details Objects/Page_diagnostics/Page_diagnostics/span_Packaging_labeling' is present
	at com.kms.katalon.core.webui.keyword.internal.WebUIKeywordMain.stepFailed(WebUIKeywordMain.groovy:64)
	at com.kms.katalon.core.webui.keyword.internal.WebUIKeywordMain.runKeyword(WebUIKeywordMain.groovy:26)
	at com.kms.katalon.core.webui.keyword.builtin.VerifyElementPresentKeyword.verifyElementPresent(VerifyElementPresentKeyword.groovy:92)
	at com.kms.katalon.core.webui.keyword.builtin.VerifyElementPresentKeyword.execute(VerifyElementPresentKeyword.groovy:68)
	at com.kms.katalon.core.keyword.internal.KeywordExecutor.executeKeywordForPlatform(KeywordExecutor.groovy:73)
	at com.kms.katalon.core.webui.keyword.WebUiBuiltInKeywords.verifyElementPresent(WebUiBuiltInKeywords.groovy:1461)
	at com.kms.katalon.core.webui.keyword.WebUiBuiltInKeywords$verifyElementPresent$10.call(Unknown Source)
	at TC_DETAILS_UI_027.run(TC_DETAILS_UI_027:23)
	at com.kms.katalon.core.main.ScriptEngine.run(ScriptEngine.java:194)
	at com.kms.katalon.core.main.ScriptEngine.runScriptAsRawText(ScriptEngine.java:119)
	at com.kms.katalon.core.main.TestCaseExecutor.runScript(TestCaseExecutor.java:339)
	at com.kms.katalon.core.main.TestCaseExecutor.doExecute(TestCaseExecutor.java:330)
	at com.kms.katalon.core.main.TestCaseExecutor.processExecutionPhase(TestCaseExecutor.java:309)
	at com.kms.katalon.core.main.TestCaseExecutor.accessMainPhase(TestCaseExecutor.java:301)
	at com.kms.katalon.core.main.TestCaseExecutor.execute(TestCaseExecutor.java:235)
	at com.kms.katalon.core.main.TestSuiteExecutor.accessTestCaseMainPhase(TestSuiteExecutor.java:191)
	at com.kms.katalon.core.main.TestSuiteExecutor.accessTestSuiteMainPhase(TestSuiteExecutor.java:141)
	at com.kms.katalon.core.main.TestSuiteExecutor.execute(TestSuiteExecutor.java:90)
	at com.kms.katalon.core.main.TestCaseMain.startTestSuite(TestCaseMain.java:157)
	at com.kms.katalon.core.main.TestCaseMain$startTestSuite$0.call(Unknown Source)
	at TempTestSuite1620355020148.run(TempTestSuite1620355020148.groovy:39)
Caused by: com.kms.katalon.core.exception.StepFailedException: com.kms.katalon.core.webui.exception.WebElementNotFoundException: Web element with id: 'Object Repository/Item Details Objects/Page_diagnostics/Page_diagnostics/span_Packaging_labeling' located by '//*[(text() = 'Packaging & labeling :' or . = 'Packaging & labeling :')]' not found
	at com.kms.katalon.core.webui.keyword.internal.WebUIKeywordMain.stepFailed(WebUIKeywordMain.groovy:64)
	at com.kms.katalon.core.webui.keyword.builtin.VerifyElementPresentKeyword$_verifyElementPresent_closure1.doCall(VerifyElementPresentKeyword.groovy:85)
	at com.kms.katalon.core.webui.keyword.builtin.VerifyElementPresentKeyword$_verifyElementPresent_closure1.call(VerifyElementPresentKeyword.groovy)
	at com.kms.katalon.core.webui.keyword.internal.WebUIKeywordMain.runKeyword(WebUIKeywordMain.groovy:20)
	... 19 more


2021-05-07 10:52:45 - [TEST_STEP][PASSED] - callTestCase(findTestCase("Custom Item Details/UTILITIES/OPEN_BROWSER"), [:], STOP_ON_FAILURE): Call Test Case 'Test Cases/Custom Item Details/UTILITIES/OPEN_BROWSER' successfully

2021-05-07 10:52:45 - [TEST_CASE][PASSED] - Test Cases/Custom Item Details/UTILITIES/OPEN_BROWSER: Test Cases/Custom Item Details/UTILITIES/OPEN_BROWSER

2021-05-07 10:52:45 - [TEST_STEP][PASSED] - openBrowser("https://diagnostics.staging.arcadier.io/"): Browser is opened with url: 'https://diagnostics.staging.arcadier.io/'

2021-05-07 10:52:45 - [MESSAGE][INFO] - Starting 'Chrome' driver

2021-05-07 10:52:45 - [MESSAGE][INFO] - Action delay is set to 0 milliseconds

2021-05-07 10:52:56 - [MESSAGE][PASSED] - Browser is opened with url: 'https://diagnostics.staging.arcadier.io/'

2021-05-07 10:52:56 - [TEST_STEP][PASSED] - maximizeWindow(): Current window maximized

2021-05-07 10:52:56 - [MESSAGE][PASSED] - Current window maximized

2021-05-07 10:52:56 - [TEST_STEP][PASSED] - click(findTestObject("Item Details Objects/Page_diagnostics/a_Accept Cookies")): Object: 'Object Repository/Item Details Objects/Page_diagnostics/a_Accept Cookies' is clicked on

2021-05-07 10:52:57 - [MESSAGE][PASSED] - Object: 'Object Repository/Item Details Objects/Page_diagnostics/a_Accept Cookies' is clicked on

2021-05-07 10:52:57 - [TEST_STEP][PASSED] - click(findTestObject("Staging Objects/Page_diagnostics/a_COVID-19 DIAGNOSTICS"), STOP_ON_FAILURE): Object: 'Object Repository/Staging Objects/Page_diagnostics/a_COVID-19 DIAGNOSTICS' is clicked on

2021-05-07 10:52:58 - [MESSAGE][PASSED] - Object: 'Object Repository/Staging Objects/Page_diagnostics/a_COVID-19 DIAGNOSTICS' is clicked on

2021-05-07 10:52:58 - [TEST_STEP][PASSED] - mouseOver(findTestObject("Staging Objects/Page_diagnostics/a_STANDARD Q COVID-19 Ag Test")): Object: 'Object Repository/Staging Objects/Page_diagnostics/a_STANDARD Q COVID-19 Ag Test' is hovered

2021-05-07 10:53:00 - [MESSAGE][PASSED] - Object: 'Object Repository/Staging Objects/Page_diagnostics/a_STANDARD Q COVID-19 Ag Test' is hovered

2021-05-07 10:53:00 - [TEST_STEP][PASSED] - click(findTestObject("Staging Objects/Page_diagnostics/a_STANDARD Q COVID-19 Ag Test")): Object: 'Object Repository/Staging Objects/Page_diagnostics/a_STANDARD Q COVID-19 Ag Test' is clicked on

2021-05-07 10:53:02 - [MESSAGE][PASSED] - Object: 'Object Repository/Staging Objects/Page_diagnostics/a_STANDARD Q COVID-19 Ag Test' is clicked on

2021-05-07 10:53:02 - [MESSAGE][PASSED] - Call Test Case 'Test Cases/Custom Item Details/UTILITIES/OPEN_BROWSER' successfully

2021-05-07 10:53:02 - [TEST_STEP][PASSED] - waitForElementVisible(findTestObject("Item Details Objects/Page_diagnostics/Page_diagnostics/span_Packaging_labeling"), 0): Web element with id: 'Object Repository/Item Details Objects/Page_diagnostics/Page_diagnostics/span_Packaging_labeling' located by '//*[(text() = 'Packaging & labeling :' or . = 'Packaging & labeling :')]' not found

2021-05-07 10:53:02 - [MESSAGE][WARNING] - Timeout '0' is invalid. Using default page load timeout: '30'

2021-05-07 10:53:33 - [MESSAGE][INFO] - Unable to find the element located by 'By.xpath: //*[(text() = 'Packaging & labeling :' or . = 'Packaging & labeling :')]'. Please recheck the objects properties to make sure the desired element is located. 

2021-05-07 10:53:33 - [MESSAGE][WARNING] - Web element with id: 'Object Repository/Item Details Objects/Page_diagnostics/Page_diagnostics/span_Packaging_labeling' located by '//*[(text() = 'Packaging & labeling :' or . = 'Packaging & labeling :')]' not found

2021-05-07 10:53:33 - [TEST_STEP][FAILED] - verifyElementPresent(findTestObject("Item Details Objects/Page_diagnostics/Page_diagnostics/span_Packaging_labeling"), 0): Unable to verify object 'Object Repository/Item Details Objects/Page_diagnostics/Page_diagnostics/span_Packaging_labeling' is present (Root cause: com.kms.katalon.core.exception.StepFailedException: Unable to verify object 'Object Repository/Item Details Objects/Page_diagnostics/Page_diagnostics/span_Packaging_labeling' is present
	at com.kms.katalon.core.webui.keyword.internal.WebUIKeywordMain.stepFailed(WebUIKeywordMain.groovy:64)
	at com.kms.katalon.core.webui.keyword.internal.WebUIKeywordMain.runKeyword(WebUIKeywordMain.groovy:26)
	at com.kms.katalon.core.webui.keyword.builtin.VerifyElementPresentKeyword.verifyElementPresent(VerifyElementPresentKeyword.groovy:92)
	at com.kms.katalon.core.webui.keyword.builtin.VerifyElementPresentKeyword.execute(VerifyElementPresentKeyword.groovy:68)
	at com.kms.katalon.core.keyword.internal.KeywordExecutor.executeKeywordForPlatform(KeywordExecutor.groovy:73)
	at com.kms.katalon.core.webui.keyword.WebUiBuiltInKeywords.verifyElementPresent(WebUiBuiltInKeywords.groovy:1461)
	at com.kms.katalon.core.webui.keyword.WebUiBuiltInKeywords$verifyElementPresent$10.call(Unknown Source)
	at TC_DETAILS_UI_027.run(TC_DETAILS_UI_027:23)
	at com.kms.katalon.core.main.ScriptEngine.run(ScriptEngine.java:194)
	at com.kms.katalon.core.main.ScriptEngine.runScriptAsRawText(ScriptEngine.java:119)
	at com.kms.katalon.core.main.TestCaseExecutor.runScript(TestCaseExecutor.java:339)
	at com.kms.katalon.core.main.TestCaseExecutor.doExecute(TestCaseExecutor.java:330)
	at com.kms.katalon.core.main.TestCaseExecutor.processExecutionPhase(TestCaseExecutor.java:309)
	at com.kms.katalon.core.main.TestCaseExecutor.accessMainPhase(TestCaseExecutor.java:301)
	at com.kms.katalon.core.main.TestCaseExecutor.execute(TestCaseExecutor.java:235)
	at com.kms.katalon.core.main.TestSuiteExecutor.accessTestCaseMainPhase(TestSuiteExecutor.java:191)
	at com.kms.katalon.core.main.TestSuiteExecutor.accessTestSuiteMainPhase(TestSuiteExecutor.java:141)
	at com.kms.katalon.core.main.TestSuiteExecutor.execute(TestSuiteExecutor.java:90)
	at com.kms.katalon.core.main.TestCaseMain.startTestSuite(TestCaseMain.java:157)
	at com.kms.katalon.core.main.TestCaseMain$startTestSuite$0.call(Unknown Source)
	at TempTestSuite1620355020148.run(TempTestSuite1620355020148.groovy:39)
Caused by: com.kms.katalon.core.exception.StepFailedException: com.kms.katalon.core.webui.exception.WebElementNotFoundException: Web element with id: 'Object Repository/Item Details Objects/Page_diagnostics/Page_diagnostics/span_Packaging_labeling' located by '//*[(text() = 'Packaging & labeling :' or . = 'Packaging & labeling :')]' not found
	at com.kms.katalon.core.webui.keyword.internal.WebUIKeywordMain.stepFailed(WebUIKeywordMain.groovy:64)
	at com.kms.katalon.core.webui.keyword.builtin.VerifyElementPresentKeyword$_verifyElementPresent_closure1.doCall(VerifyElementPresentKeyword.groovy:85)
	at com.kms.katalon.core.webui.keyword.builtin.VerifyElementPresentKeyword$_verifyElementPresent_closure1.call(VerifyElementPresentKeyword.groovy)
	at com.kms.katalon.core.webui.keyword.internal.WebUIKeywordMain.runKeyword(WebUIKeywordMain.groovy:20)
	... 19 more
)

2021-05-07 10:53:33 - [MESSAGE][WARNING] - Timeout '0' is invalid. Using default page load timeout: '30'

2021-05-07 10:54:04 - [MESSAGE][INFO] - Unable to find the element located by 'By.xpath: //*[(text() = 'Packaging & labeling :' or . = 'Packaging & labeling :')]'. Please recheck the objects properties to make sure the desired element is located. 

2021-05-07 10:54:04 - [MESSAGE][FAILED] - com.kms.katalon.core.webui.exception.WebElementNotFoundException: Web element with id: 'Object Repository/Item Details Objects/Page_diagnostics/Page_diagnostics/span_Packaging_labeling' located by '//*[(text() = 'Packaging & labeling :' or . = 'Packaging & labeling :')]' not found (Root cause: com.kms.katalon.core.exception.StepFailedException: com.kms.katalon.core.webui.exception.WebElementNotFoundException: Web element with id: 'Object Repository/Item Details Objects/Page_diagnostics/Page_diagnostics/span_Packaging_labeling' located by '//*[(text() = 'Packaging & labeling :' or . = 'Packaging & labeling :')]' not found
	at com.kms.katalon.core.webui.keyword.internal.WebUIKeywordMain.stepFailed(WebUIKeywordMain.groovy:64)
	at com.kms.katalon.core.webui.keyword.builtin.VerifyElementPresentKeyword$_verifyElementPresent_closure1.doCall(VerifyElementPresentKeyword.groovy:85)
	at com.kms.katalon.core.webui.keyword.builtin.VerifyElementPresentKeyword$_verifyElementPresent_closure1.call(VerifyElementPresentKeyword.groovy)
	at com.kms.katalon.core.webui.keyword.internal.WebUIKeywordMain.runKeyword(WebUIKeywordMain.groovy:20)
	at com.kms.katalon.core.webui.keyword.builtin.VerifyElementPresentKeyword.verifyElementPresent(VerifyElementPresentKeyword.groovy:92)
	at com.kms.katalon.core.webui.keyword.builtin.VerifyElementPresentKeyword.execute(VerifyElementPresentKeyword.groovy:68)
	at com.kms.katalon.core.keyword.internal.KeywordExecutor.executeKeywordForPlatform(KeywordExecutor.groovy:73)
	at com.kms.katalon.core.webui.keyword.WebUiBuiltInKeywords.verifyElementPresent(WebUiBuiltInKeywords.groovy:1461)
	at com.kms.katalon.core.webui.keyword.WebUiBuiltInKeywords$verifyElementPresent$10.call(Unknown Source)
	at TC_DETAILS_UI_027.run(TC_DETAILS_UI_027:23)
	at com.kms.katalon.core.main.ScriptEngine.run(ScriptEngine.java:194)
	at com.kms.katalon.core.main.ScriptEngine.runScriptAsRawText(ScriptEngine.java:119)
	at com.kms.katalon.core.main.TestCaseExecutor.runScript(TestCaseExecutor.java:339)
	at com.kms.katalon.core.main.TestCaseExecutor.doExecute(TestCaseExecutor.java:330)
	at com.kms.katalon.core.main.TestCaseExecutor.processExecutionPhase(TestCaseExecutor.java:309)
	at com.kms.katalon.core.main.TestCaseExecutor.accessMainPhase(TestCaseExecutor.java:301)
	at com.kms.katalon.core.main.TestCaseExecutor.execute(TestCaseExecutor.java:235)
	at com.kms.katalon.core.main.TestSuiteExecutor.accessTestCaseMainPhase(TestSuiteExecutor.java:191)
	at com.kms.katalon.core.main.TestSuiteExecutor.accessTestSuiteMainPhase(TestSuiteExecutor.java:141)
	at com.kms.katalon.core.main.TestSuiteExecutor.execute(TestSuiteExecutor.java:90)
	at com.kms.katalon.core.main.TestCaseMain.startTestSuite(TestCaseMain.java:157)
	at com.kms.katalon.core.main.TestCaseMain$startTestSuite$0.call(Unknown Source)
	at TempTestSuite1620355020148.run(TempTestSuite1620355020148.groovy:39)
)
[[ATTACHMENT|K:\\Work\\GitHub\\find-item-detail-test_v2\\Reports\\20210507_103700\\Item detail test\\20210507_103700\\1620356044193.png]]

2021-05-07 10:54:04 - [MESSAGE][FAILED] - Unable to verify object 'Object Repository/Item Details Objects/Page_diagnostics/Page_diagnostics/span_Packaging_labeling' is present (Root cause: com.kms.katalon.core.exception.StepFailedException: Unable to verify object 'Object Repository/Item Details Objects/Page_diagnostics/Page_diagnostics/span_Packaging_labeling' is present
	at com.kms.katalon.core.webui.keyword.internal.WebUIKeywordMain.stepFailed(WebUIKeywordMain.groovy:64)
	at com.kms.katalon.core.webui.keyword.internal.WebUIKeywordMain.runKeyword(WebUIKeywordMain.groovy:26)
	at com.kms.katalon.core.webui.keyword.builtin.VerifyElementPresentKeyword.verifyElementPresent(VerifyElementPresentKeyword.groovy:92)
	at com.kms.katalon.core.webui.keyword.builtin.VerifyElementPresentKeyword.execute(VerifyElementPresentKeyword.groovy:68)
	at com.kms.katalon.core.keyword.internal.KeywordExecutor.executeKeywordForPlatform(KeywordExecutor.groovy:73)
	at com.kms.katalon.core.webui.keyword.WebUiBuiltInKeywords.verifyElementPresent(WebUiBuiltInKeywords.groovy:1461)
	at com.kms.katalon.core.webui.keyword.WebUiBuiltInKeywords$verifyElementPresent$10.call(Unknown Source)
	at TC_DETAILS_UI_027.run(TC_DETAILS_UI_027:23)
	at com.kms.katalon.core.main.ScriptEngine.run(ScriptEngine.java:194)
	at com.kms.katalon.core.main.ScriptEngine.runScriptAsRawText(ScriptEngine.java:119)
	at com.kms.katalon.core.main.TestCaseExecutor.runScript(TestCaseExecutor.java:339)
	at com.kms.katalon.core.main.TestCaseExecutor.doExecute(TestCaseExecutor.java:330)
	at com.kms.katalon.core.main.TestCaseExecutor.processExecutionPhase(TestCaseExecutor.java:309)
	at com.kms.katalon.core.main.TestCaseExecutor.accessMainPhase(TestCaseExecutor.java:301)
	at com.kms.katalon.core.main.TestCaseExecutor.execute(TestCaseExecutor.java:235)
	at com.kms.katalon.core.main.TestSuiteExecutor.accessTestCaseMainPhase(TestSuiteExecutor.java:191)
	at com.kms.katalon.core.main.TestSuiteExecutor.accessTestSuiteMainPhase(TestSuiteExecutor.java:141)
	at com.kms.katalon.core.main.TestSuiteExecutor.execute(TestSuiteExecutor.java:90)
	at com.kms.katalon.core.main.TestCaseMain.startTestSuite(TestCaseMain.java:157)
	at com.kms.katalon.core.main.TestCaseMain$startTestSuite$0.call(Unknown Source)
	at TempTestSuite1620355020148.run(TempTestSuite1620355020148.groovy:39)
Caused by: com.kms.katalon.core.exception.StepFailedException: com.kms.katalon.core.webui.exception.WebElementNotFoundException: Web element with id: 'Object Repository/Item Details Objects/Page_diagnostics/Page_diagnostics/span_Packaging_labeling' located by '//*[(text() = 'Packaging & labeling :' or . = 'Packaging & labeling :')]' not found
	at com.kms.katalon.core.webui.keyword.internal.WebUIKeywordMain.stepFailed(WebUIKeywordMain.groovy:64)
	at com.kms.katalon.core.webui.keyword.builtin.VerifyElementPresentKeyword$_verifyElementPresent_closure1.doCall(VerifyElementPresentKeyword.groovy:85)
	at com.kms.katalon.core.webui.keyword.builtin.VerifyElementPresentKeyword$_verifyElementPresent_closure1.call(VerifyElementPresentKeyword.groovy)
	at com.kms.katalon.core.webui.keyword.internal.WebUIKeywordMain.runKeyword(WebUIKeywordMain.groovy:20)
	... 19 more
)
[[ATTACHMENT|K:\\Work\\GitHub\\find-item-detail-test_v2\\Reports\\20210507_103700\\Item detail test\\20210507_103700\\1620356044369.png]]]]></system-out>
         <system-err><![CDATA[2021-05-07 10:52:45 - [TEST_CASE][FAILED] - Test Cases/Custom Item Details/TEST CASE/TC_DETAILS_UI_027: Test Cases/Custom Item Details/TEST CASE/TC_DETAILS_UI_027 FAILED.
Reason:
com.kms.katalon.core.exception.StepFailedException: Unable to verify object 'Object Repository/Item Details Objects/Page_diagnostics/Page_diagnostics/span_Packaging_labeling' is present
	at com.kms.katalon.core.webui.keyword.internal.WebUIKeywordMain.stepFailed(WebUIKeywordMain.groovy:64)
	at com.kms.katalon.core.webui.keyword.internal.WebUIKeywordMain.runKeyword(WebUIKeywordMain.groovy:26)
	at com.kms.katalon.core.webui.keyword.builtin.VerifyElementPresentKeyword.verifyElementPresent(VerifyElementPresentKeyword.groovy:92)
	at com.kms.katalon.core.webui.keyword.builtin.VerifyElementPresentKeyword.execute(VerifyElementPresentKeyword.groovy:68)
	at com.kms.katalon.core.keyword.internal.KeywordExecutor.executeKeywordForPlatform(KeywordExecutor.groovy:73)
	at com.kms.katalon.core.webui.keyword.WebUiBuiltInKeywords.verifyElementPresent(WebUiBuiltInKeywords.groovy:1461)
	at com.kms.katalon.core.webui.keyword.WebUiBuiltInKeywords$verifyElementPresent$10.call(Unknown Source)
	at TC_DETAILS_UI_027.run(TC_DETAILS_UI_027:23)
	at com.kms.katalon.core.main.ScriptEngine.run(ScriptEngine.java:194)
	at com.kms.katalon.core.main.ScriptEngine.runScriptAsRawText(ScriptEngine.java:119)
	at com.kms.katalon.core.main.TestCaseExecutor.runScript(TestCaseExecutor.java:339)
	at com.kms.katalon.core.main.TestCaseExecutor.doExecute(TestCaseExecutor.java:330)
	at com.kms.katalon.core.main.TestCaseExecutor.processExecutionPhase(TestCaseExecutor.java:309)
	at com.kms.katalon.core.main.TestCaseExecutor.accessMainPhase(TestCaseExecutor.java:301)
	at com.kms.katalon.core.main.TestCaseExecutor.execute(TestCaseExecutor.java:235)
	at com.kms.katalon.core.main.TestSuiteExecutor.accessTestCaseMainPhase(TestSuiteExecutor.java:191)
	at com.kms.katalon.core.main.TestSuiteExecutor.accessTestSuiteMainPhase(TestSuiteExecutor.java:141)
	at com.kms.katalon.core.main.TestSuiteExecutor.execute(TestSuiteExecutor.java:90)
	at com.kms.katalon.core.main.TestCaseMain.startTestSuite(TestCaseMain.java:157)
	at com.kms.katalon.core.main.TestCaseMain$startTestSuite$0.call(Unknown Source)
	at TempTestSuite1620355020148.run(TempTestSuite1620355020148.groovy:39)
Caused by: com.kms.katalon.core.exception.StepFailedException: com.kms.katalon.core.webui.exception.WebElementNotFoundException: Web element with id: 'Object Repository/Item Details Objects/Page_diagnostics/Page_diagnostics/span_Packaging_labeling' located by '//*[(text() = 'Packaging & labeling :' or . = 'Packaging & labeling :')]' not found
	at com.kms.katalon.core.webui.keyword.internal.WebUIKeywordMain.stepFailed(WebUIKeywordMain.groovy:64)
	at com.kms.katalon.core.webui.keyword.builtin.VerifyElementPresentKeyword$_verifyElementPresent_closure1.doCall(VerifyElementPresentKeyword.groovy:85)
	at com.kms.katalon.core.webui.keyword.builtin.VerifyElementPresentKeyword$_verifyElementPresent_closure1.call(VerifyElementPresentKeyword.groovy)
	at com.kms.katalon.core.webui.keyword.internal.WebUIKeywordMain.runKeyword(WebUIKeywordMain.groovy:20)
	... 19 more]]></system-err>
      </testcase>
      <testcase name="Test Cases/Custom Item Details/TEST CASE/TC_DETAILS_UI_028" time="79.387" classname="Test Cases/Custom Item Details/TEST CASE/TC_DETAILS_UI_028" status="FAILED">
         <failure type="FAILED" message="Test Cases/Custom Item Details/TEST CASE/TC_DETAILS_UI_028 FAILED.
Reason:
com.kms.katalon.core.exception.StepFailedException: Unable to verify object 'Object Repository/Item Details Objects/Page_diagnostics/Page_diagnostics/span_HS_code' is present
	at com.kms.katalon.core.webui.keyword.internal.WebUIKeywordMain.stepFailed(WebUIKeywordMain.groovy:64)
	at com.kms.katalon.core.webui.keyword.internal.WebUIKeywordMain.runKeyword(WebUIKeywordMain.groovy:26)
	at com.kms.katalon.core.webui.keyword.builtin.VerifyElementPresentKeyword.verifyElementPresent(VerifyElementPresentKeyword.groovy:92)
	at com.kms.katalon.core.webui.keyword.builtin.VerifyElementPresentKeyword.execute(VerifyElementPresentKeyword.groovy:68)
	at com.kms.katalon.core.keyword.internal.KeywordExecutor.executeKeywordForPlatform(KeywordExecutor.groovy:73)
	at com.kms.katalon.core.webui.keyword.WebUiBuiltInKeywords.verifyElementPresent(WebUiBuiltInKeywords.groovy:1461)
	at com.kms.katalon.core.webui.keyword.WebUiBuiltInKeywords$verifyElementPresent$10.call(Unknown Source)
	at TC_DETAILS_UI_028.run(TC_DETAILS_UI_028:22)
	at com.kms.katalon.core.main.ScriptEngine.run(ScriptEngine.java:194)
	at com.kms.katalon.core.main.ScriptEngine.runScriptAsRawText(ScriptEngine.java:119)
	at com.kms.katalon.core.main.TestCaseExecutor.runScript(TestCaseExecutor.java:339)
	at com.kms.katalon.core.main.TestCaseExecutor.doExecute(TestCaseExecutor.java:330)
	at com.kms.katalon.core.main.TestCaseExecutor.processExecutionPhase(TestCaseExecutor.java:309)
	at com.kms.katalon.core.main.TestCaseExecutor.accessMainPhase(TestCaseExecutor.java:301)
	at com.kms.katalon.core.main.TestCaseExecutor.execute(TestCaseExecutor.java:235)
	at com.kms.katalon.core.main.TestSuiteExecutor.accessTestCaseMainPhase(TestSuiteExecutor.java:191)
	at com.kms.katalon.core.main.TestSuiteExecutor.accessTestSuiteMainPhase(TestSuiteExecutor.java:141)
	at com.kms.katalon.core.main.TestSuiteExecutor.execute(TestSuiteExecutor.java:90)
	at com.kms.katalon.core.main.TestCaseMain.startTestSuite(TestCaseMain.java:157)
	at com.kms.katalon.core.main.TestCaseMain$startTestSuite$0.call(Unknown Source)
	at TempTestSuite1620355020148.run(TempTestSuite1620355020148.groovy:39)
Caused by: com.kms.katalon.core.exception.StepFailedException: com.kms.katalon.core.webui.exception.WebElementNotFoundException: Web element with id: 'Object Repository/Item Details Objects/Page_diagnostics/Page_diagnostics/span_HS_code' located by '//*[(text() = 'HS code :' or . = 'HS code :')]' not found
	at com.kms.katalon.core.webui.keyword.internal.WebUIKeywordMain.stepFailed(WebUIKeywordMain.groovy:64)
	at com.kms.katalon.core.webui.keyword.builtin.VerifyElementPresentKeyword$_verifyElementPresent_closure1.doCall(VerifyElementPresentKeyword.groovy:85)
	at com.kms.katalon.core.webui.keyword.builtin.VerifyElementPresentKeyword$_verifyElementPresent_closure1.call(VerifyElementPresentKeyword.groovy)
	at com.kms.katalon.core.webui.keyword.internal.WebUIKeywordMain.runKeyword(WebUIKeywordMain.groovy:20)
	... 19 more
"/>
         <system-out><![CDATA[2021-05-07 10:54:04 - [TEST_CASE][FAILED] - Test Cases/Custom Item Details/TEST CASE/TC_DETAILS_UI_028: Test Cases/Custom Item Details/TEST CASE/TC_DETAILS_UI_028 FAILED.
Reason:
com.kms.katalon.core.exception.StepFailedException: Unable to verify object 'Object Repository/Item Details Objects/Page_diagnostics/Page_diagnostics/span_HS_code' is present
	at com.kms.katalon.core.webui.keyword.internal.WebUIKeywordMain.stepFailed(WebUIKeywordMain.groovy:64)
	at com.kms.katalon.core.webui.keyword.internal.WebUIKeywordMain.runKeyword(WebUIKeywordMain.groovy:26)
	at com.kms.katalon.core.webui.keyword.builtin.VerifyElementPresentKeyword.verifyElementPresent(VerifyElementPresentKeyword.groovy:92)
	at com.kms.katalon.core.webui.keyword.builtin.VerifyElementPresentKeyword.execute(VerifyElementPresentKeyword.groovy:68)
	at com.kms.katalon.core.keyword.internal.KeywordExecutor.executeKeywordForPlatform(KeywordExecutor.groovy:73)
	at com.kms.katalon.core.webui.keyword.WebUiBuiltInKeywords.verifyElementPresent(WebUiBuiltInKeywords.groovy:1461)
	at com.kms.katalon.core.webui.keyword.WebUiBuiltInKeywords$verifyElementPresent$10.call(Unknown Source)
	at TC_DETAILS_UI_028.run(TC_DETAILS_UI_028:22)
	at com.kms.katalon.core.main.ScriptEngine.run(ScriptEngine.java:194)
	at com.kms.katalon.core.main.ScriptEngine.runScriptAsRawText(ScriptEngine.java:119)
	at com.kms.katalon.core.main.TestCaseExecutor.runScript(TestCaseExecutor.java:339)
	at com.kms.katalon.core.main.TestCaseExecutor.doExecute(TestCaseExecutor.java:330)
	at com.kms.katalon.core.main.TestCaseExecutor.processExecutionPhase(TestCaseExecutor.java:309)
	at com.kms.katalon.core.main.TestCaseExecutor.accessMainPhase(TestCaseExecutor.java:301)
	at com.kms.katalon.core.main.TestCaseExecutor.execute(TestCaseExecutor.java:235)
	at com.kms.katalon.core.main.TestSuiteExecutor.accessTestCaseMainPhase(TestSuiteExecutor.java:191)
	at com.kms.katalon.core.main.TestSuiteExecutor.accessTestSuiteMainPhase(TestSuiteExecutor.java:141)
	at com.kms.katalon.core.main.TestSuiteExecutor.execute(TestSuiteExecutor.java:90)
	at com.kms.katalon.core.main.TestCaseMain.startTestSuite(TestCaseMain.java:157)
	at com.kms.katalon.core.main.TestCaseMain$startTestSuite$0.call(Unknown Source)
	at TempTestSuite1620355020148.run(TempTestSuite1620355020148.groovy:39)
Caused by: com.kms.katalon.core.exception.StepFailedException: com.kms.katalon.core.webui.exception.WebElementNotFoundException: Web element with id: 'Object Repository/Item Details Objects/Page_diagnostics/Page_diagnostics/span_HS_code' located by '//*[(text() = 'HS code :' or . = 'HS code :')]' not found
	at com.kms.katalon.core.webui.keyword.internal.WebUIKeywordMain.stepFailed(WebUIKeywordMain.groovy:64)
	at com.kms.katalon.core.webui.keyword.builtin.VerifyElementPresentKeyword$_verifyElementPresent_closure1.doCall(VerifyElementPresentKeyword.groovy:85)
	at com.kms.katalon.core.webui.keyword.builtin.VerifyElementPresentKeyword$_verifyElementPresent_closure1.call(VerifyElementPresentKeyword.groovy)
	at com.kms.katalon.core.webui.keyword.internal.WebUIKeywordMain.runKeyword(WebUIKeywordMain.groovy:20)
	... 19 more


2021-05-07 10:54:04 - [TEST_STEP][PASSED] - callTestCase(findTestCase("Custom Item Details/UTILITIES/OPEN_BROWSER"), [:], STOP_ON_FAILURE): Call Test Case 'Test Cases/Custom Item Details/UTILITIES/OPEN_BROWSER' successfully

2021-05-07 10:54:04 - [TEST_CASE][PASSED] - Test Cases/Custom Item Details/UTILITIES/OPEN_BROWSER: Test Cases/Custom Item Details/UTILITIES/OPEN_BROWSER

2021-05-07 10:54:04 - [TEST_STEP][PASSED] - openBrowser("https://diagnostics.staging.arcadier.io/"): Browser is opened with url: 'https://diagnostics.staging.arcadier.io/'

2021-05-07 10:54:04 - [MESSAGE][WARNING] - A browser is already opened. Closing browser and opening a new one

2021-05-07 10:54:05 - [MESSAGE][INFO] - Starting 'Chrome' driver

2021-05-07 10:54:05 - [MESSAGE][INFO] - Action delay is set to 0 milliseconds

2021-05-07 10:54:15 - [MESSAGE][PASSED] - Browser is opened with url: 'https://diagnostics.staging.arcadier.io/'

2021-05-07 10:54:15 - [TEST_STEP][PASSED] - maximizeWindow(): Current window maximized

2021-05-07 10:54:15 - [MESSAGE][PASSED] - Current window maximized

2021-05-07 10:54:15 - [TEST_STEP][PASSED] - click(findTestObject("Item Details Objects/Page_diagnostics/a_Accept Cookies")): Object: 'Object Repository/Item Details Objects/Page_diagnostics/a_Accept Cookies' is clicked on

2021-05-07 10:54:16 - [MESSAGE][PASSED] - Object: 'Object Repository/Item Details Objects/Page_diagnostics/a_Accept Cookies' is clicked on

2021-05-07 10:54:16 - [TEST_STEP][PASSED] - click(findTestObject("Staging Objects/Page_diagnostics/a_COVID-19 DIAGNOSTICS"), STOP_ON_FAILURE): Object: 'Object Repository/Staging Objects/Page_diagnostics/a_COVID-19 DIAGNOSTICS' is clicked on

2021-05-07 10:54:17 - [MESSAGE][PASSED] - Object: 'Object Repository/Staging Objects/Page_diagnostics/a_COVID-19 DIAGNOSTICS' is clicked on

2021-05-07 10:54:17 - [TEST_STEP][PASSED] - mouseOver(findTestObject("Staging Objects/Page_diagnostics/a_STANDARD Q COVID-19 Ag Test")): Object: 'Object Repository/Staging Objects/Page_diagnostics/a_STANDARD Q COVID-19 Ag Test' is hovered

2021-05-07 10:54:19 - [MESSAGE][PASSED] - Object: 'Object Repository/Staging Objects/Page_diagnostics/a_STANDARD Q COVID-19 Ag Test' is hovered

2021-05-07 10:54:19 - [TEST_STEP][PASSED] - click(findTestObject("Staging Objects/Page_diagnostics/a_STANDARD Q COVID-19 Ag Test")): Object: 'Object Repository/Staging Objects/Page_diagnostics/a_STANDARD Q COVID-19 Ag Test' is clicked on

2021-05-07 10:54:21 - [MESSAGE][PASSED] - Object: 'Object Repository/Staging Objects/Page_diagnostics/a_STANDARD Q COVID-19 Ag Test' is clicked on

2021-05-07 10:54:21 - [MESSAGE][PASSED] - Call Test Case 'Test Cases/Custom Item Details/UTILITIES/OPEN_BROWSER' successfully

2021-05-07 10:54:21 - [TEST_STEP][PASSED] - waitForElementVisible(findTestObject("Item Details Objects/Page_diagnostics/Page_diagnostics/span_HS_code"), 0): Web element with id: 'Object Repository/Item Details Objects/Page_diagnostics/Page_diagnostics/span_HS_code' located by '//*[(text() = 'HS code :' or . = 'HS code :')]' not found

2021-05-07 10:54:21 - [MESSAGE][WARNING] - Timeout '0' is invalid. Using default page load timeout: '30'

2021-05-07 10:54:52 - [MESSAGE][INFO] - Unable to find the element located by 'By.xpath: //*[(text() = 'HS code :' or . = 'HS code :')]'. Please recheck the objects properties to make sure the desired element is located. 

2021-05-07 10:54:52 - [MESSAGE][WARNING] - Web element with id: 'Object Repository/Item Details Objects/Page_diagnostics/Page_diagnostics/span_HS_code' located by '//*[(text() = 'HS code :' or . = 'HS code :')]' not found

2021-05-07 10:54:52 - [TEST_STEP][FAILED] - verifyElementPresent(findTestObject("Item Details Objects/Page_diagnostics/Page_diagnostics/span_HS_code"), 0): Unable to verify object 'Object Repository/Item Details Objects/Page_diagnostics/Page_diagnostics/span_HS_code' is present (Root cause: com.kms.katalon.core.exception.StepFailedException: Unable to verify object 'Object Repository/Item Details Objects/Page_diagnostics/Page_diagnostics/span_HS_code' is present
	at com.kms.katalon.core.webui.keyword.internal.WebUIKeywordMain.stepFailed(WebUIKeywordMain.groovy:64)
	at com.kms.katalon.core.webui.keyword.internal.WebUIKeywordMain.runKeyword(WebUIKeywordMain.groovy:26)
	at com.kms.katalon.core.webui.keyword.builtin.VerifyElementPresentKeyword.verifyElementPresent(VerifyElementPresentKeyword.groovy:92)
	at com.kms.katalon.core.webui.keyword.builtin.VerifyElementPresentKeyword.execute(VerifyElementPresentKeyword.groovy:68)
	at com.kms.katalon.core.keyword.internal.KeywordExecutor.executeKeywordForPlatform(KeywordExecutor.groovy:73)
	at com.kms.katalon.core.webui.keyword.WebUiBuiltInKeywords.verifyElementPresent(WebUiBuiltInKeywords.groovy:1461)
	at com.kms.katalon.core.webui.keyword.WebUiBuiltInKeywords$verifyElementPresent$10.call(Unknown Source)
	at TC_DETAILS_UI_028.run(TC_DETAILS_UI_028:22)
	at com.kms.katalon.core.main.ScriptEngine.run(ScriptEngine.java:194)
	at com.kms.katalon.core.main.ScriptEngine.runScriptAsRawText(ScriptEngine.java:119)
	at com.kms.katalon.core.main.TestCaseExecutor.runScript(TestCaseExecutor.java:339)
	at com.kms.katalon.core.main.TestCaseExecutor.doExecute(TestCaseExecutor.java:330)
	at com.kms.katalon.core.main.TestCaseExecutor.processExecutionPhase(TestCaseExecutor.java:309)
	at com.kms.katalon.core.main.TestCaseExecutor.accessMainPhase(TestCaseExecutor.java:301)
	at com.kms.katalon.core.main.TestCaseExecutor.execute(TestCaseExecutor.java:235)
	at com.kms.katalon.core.main.TestSuiteExecutor.accessTestCaseMainPhase(TestSuiteExecutor.java:191)
	at com.kms.katalon.core.main.TestSuiteExecutor.accessTestSuiteMainPhase(TestSuiteExecutor.java:141)
	at com.kms.katalon.core.main.TestSuiteExecutor.execute(TestSuiteExecutor.java:90)
	at com.kms.katalon.core.main.TestCaseMain.startTestSuite(TestCaseMain.java:157)
	at com.kms.katalon.core.main.TestCaseMain$startTestSuite$0.call(Unknown Source)
	at TempTestSuite1620355020148.run(TempTestSuite1620355020148.groovy:39)
Caused by: com.kms.katalon.core.exception.StepFailedException: com.kms.katalon.core.webui.exception.WebElementNotFoundException: Web element with id: 'Object Repository/Item Details Objects/Page_diagnostics/Page_diagnostics/span_HS_code' located by '//*[(text() = 'HS code :' or . = 'HS code :')]' not found
	at com.kms.katalon.core.webui.keyword.internal.WebUIKeywordMain.stepFailed(WebUIKeywordMain.groovy:64)
	at com.kms.katalon.core.webui.keyword.builtin.VerifyElementPresentKeyword$_verifyElementPresent_closure1.doCall(VerifyElementPresentKeyword.groovy:85)
	at com.kms.katalon.core.webui.keyword.builtin.VerifyElementPresentKeyword$_verifyElementPresent_closure1.call(VerifyElementPresentKeyword.groovy)
	at com.kms.katalon.core.webui.keyword.internal.WebUIKeywordMain.runKeyword(WebUIKeywordMain.groovy:20)
	... 19 more
)

2021-05-07 10:54:52 - [MESSAGE][WARNING] - Timeout '0' is invalid. Using default page load timeout: '30'

2021-05-07 10:55:23 - [MESSAGE][INFO] - Unable to find the element located by 'By.xpath: //*[(text() = 'HS code :' or . = 'HS code :')]'. Please recheck the objects properties to make sure the desired element is located. 

2021-05-07 10:55:23 - [MESSAGE][FAILED] - com.kms.katalon.core.webui.exception.WebElementNotFoundException: Web element with id: 'Object Repository/Item Details Objects/Page_diagnostics/Page_diagnostics/span_HS_code' located by '//*[(text() = 'HS code :' or . = 'HS code :')]' not found (Root cause: com.kms.katalon.core.exception.StepFailedException: com.kms.katalon.core.webui.exception.WebElementNotFoundException: Web element with id: 'Object Repository/Item Details Objects/Page_diagnostics/Page_diagnostics/span_HS_code' located by '//*[(text() = 'HS code :' or . = 'HS code :')]' not found
	at com.kms.katalon.core.webui.keyword.internal.WebUIKeywordMain.stepFailed(WebUIKeywordMain.groovy:64)
	at com.kms.katalon.core.webui.keyword.builtin.VerifyElementPresentKeyword$_verifyElementPresent_closure1.doCall(VerifyElementPresentKeyword.groovy:85)
	at com.kms.katalon.core.webui.keyword.builtin.VerifyElementPresentKeyword$_verifyElementPresent_closure1.call(VerifyElementPresentKeyword.groovy)
	at com.kms.katalon.core.webui.keyword.internal.WebUIKeywordMain.runKeyword(WebUIKeywordMain.groovy:20)
	at com.kms.katalon.core.webui.keyword.builtin.VerifyElementPresentKeyword.verifyElementPresent(VerifyElementPresentKeyword.groovy:92)
	at com.kms.katalon.core.webui.keyword.builtin.VerifyElementPresentKeyword.execute(VerifyElementPresentKeyword.groovy:68)
	at com.kms.katalon.core.keyword.internal.KeywordExecutor.executeKeywordForPlatform(KeywordExecutor.groovy:73)
	at com.kms.katalon.core.webui.keyword.WebUiBuiltInKeywords.verifyElementPresent(WebUiBuiltInKeywords.groovy:1461)
	at com.kms.katalon.core.webui.keyword.WebUiBuiltInKeywords$verifyElementPresent$10.call(Unknown Source)
	at TC_DETAILS_UI_028.run(TC_DETAILS_UI_028:22)
	at com.kms.katalon.core.main.ScriptEngine.run(ScriptEngine.java:194)
	at com.kms.katalon.core.main.ScriptEngine.runScriptAsRawText(ScriptEngine.java:119)
	at com.kms.katalon.core.main.TestCaseExecutor.runScript(TestCaseExecutor.java:339)
	at com.kms.katalon.core.main.TestCaseExecutor.doExecute(TestCaseExecutor.java:330)
	at com.kms.katalon.core.main.TestCaseExecutor.processExecutionPhase(TestCaseExecutor.java:309)
	at com.kms.katalon.core.main.TestCaseExecutor.accessMainPhase(TestCaseExecutor.java:301)
	at com.kms.katalon.core.main.TestCaseExecutor.execute(TestCaseExecutor.java:235)
	at com.kms.katalon.core.main.TestSuiteExecutor.accessTestCaseMainPhase(TestSuiteExecutor.java:191)
	at com.kms.katalon.core.main.TestSuiteExecutor.accessTestSuiteMainPhase(TestSuiteExecutor.java:141)
	at com.kms.katalon.core.main.TestSuiteExecutor.execute(TestSuiteExecutor.java:90)
	at com.kms.katalon.core.main.TestCaseMain.startTestSuite(TestCaseMain.java:157)
	at com.kms.katalon.core.main.TestCaseMain$startTestSuite$0.call(Unknown Source)
	at TempTestSuite1620355020148.run(TempTestSuite1620355020148.groovy:39)
)
[[ATTACHMENT|K:\\Work\\GitHub\\find-item-detail-test_v2\\Reports\\20210507_103700\\Item detail test\\20210507_103700\\1620356123563.png]]

2021-05-07 10:55:23 - [MESSAGE][FAILED] - Unable to verify object 'Object Repository/Item Details Objects/Page_diagnostics/Page_diagnostics/span_HS_code' is present (Root cause: com.kms.katalon.core.exception.StepFailedException: Unable to verify object 'Object Repository/Item Details Objects/Page_diagnostics/Page_diagnostics/span_HS_code' is present
	at com.kms.katalon.core.webui.keyword.internal.WebUIKeywordMain.stepFailed(WebUIKeywordMain.groovy:64)
	at com.kms.katalon.core.webui.keyword.internal.WebUIKeywordMain.runKeyword(WebUIKeywordMain.groovy:26)
	at com.kms.katalon.core.webui.keyword.builtin.VerifyElementPresentKeyword.verifyElementPresent(VerifyElementPresentKeyword.groovy:92)
	at com.kms.katalon.core.webui.keyword.builtin.VerifyElementPresentKeyword.execute(VerifyElementPresentKeyword.groovy:68)
	at com.kms.katalon.core.keyword.internal.KeywordExecutor.executeKeywordForPlatform(KeywordExecutor.groovy:73)
	at com.kms.katalon.core.webui.keyword.WebUiBuiltInKeywords.verifyElementPresent(WebUiBuiltInKeywords.groovy:1461)
	at com.kms.katalon.core.webui.keyword.WebUiBuiltInKeywords$verifyElementPresent$10.call(Unknown Source)
	at TC_DETAILS_UI_028.run(TC_DETAILS_UI_028:22)
	at com.kms.katalon.core.main.ScriptEngine.run(ScriptEngine.java:194)
	at com.kms.katalon.core.main.ScriptEngine.runScriptAsRawText(ScriptEngine.java:119)
	at com.kms.katalon.core.main.TestCaseExecutor.runScript(TestCaseExecutor.java:339)
	at com.kms.katalon.core.main.TestCaseExecutor.doExecute(TestCaseExecutor.java:330)
	at com.kms.katalon.core.main.TestCaseExecutor.processExecutionPhase(TestCaseExecutor.java:309)
	at com.kms.katalon.core.main.TestCaseExecutor.accessMainPhase(TestCaseExecutor.java:301)
	at com.kms.katalon.core.main.TestCaseExecutor.execute(TestCaseExecutor.java:235)
	at com.kms.katalon.core.main.TestSuiteExecutor.accessTestCaseMainPhase(TestSuiteExecutor.java:191)
	at com.kms.katalon.core.main.TestSuiteExecutor.accessTestSuiteMainPhase(TestSuiteExecutor.java:141)
	at com.kms.katalon.core.main.TestSuiteExecutor.execute(TestSuiteExecutor.java:90)
	at com.kms.katalon.core.main.TestCaseMain.startTestSuite(TestCaseMain.java:157)
	at com.kms.katalon.core.main.TestCaseMain$startTestSuite$0.call(Unknown Source)
	at TempTestSuite1620355020148.run(TempTestSuite1620355020148.groovy:39)
Caused by: com.kms.katalon.core.exception.StepFailedException: com.kms.katalon.core.webui.exception.WebElementNotFoundException: Web element with id: 'Object Repository/Item Details Objects/Page_diagnostics/Page_diagnostics/span_HS_code' located by '//*[(text() = 'HS code :' or . = 'HS code :')]' not found
	at com.kms.katalon.core.webui.keyword.internal.WebUIKeywordMain.stepFailed(WebUIKeywordMain.groovy:64)
	at com.kms.katalon.core.webui.keyword.builtin.VerifyElementPresentKeyword$_verifyElementPresent_closure1.doCall(VerifyElementPresentKeyword.groovy:85)
	at com.kms.katalon.core.webui.keyword.builtin.VerifyElementPresentKeyword$_verifyElementPresent_closure1.call(VerifyElementPresentKeyword.groovy)
	at com.kms.katalon.core.webui.keyword.internal.WebUIKeywordMain.runKeyword(WebUIKeywordMain.groovy:20)
	... 19 more
)
[[ATTACHMENT|K:\\Work\\GitHub\\find-item-detail-test_v2\\Reports\\20210507_103700\\Item detail test\\20210507_103700\\1620356123753.png]]]]></system-out>
         <system-err><![CDATA[2021-05-07 10:54:04 - [TEST_CASE][FAILED] - Test Cases/Custom Item Details/TEST CASE/TC_DETAILS_UI_028: Test Cases/Custom Item Details/TEST CASE/TC_DETAILS_UI_028 FAILED.
Reason:
com.kms.katalon.core.exception.StepFailedException: Unable to verify object 'Object Repository/Item Details Objects/Page_diagnostics/Page_diagnostics/span_HS_code' is present
	at com.kms.katalon.core.webui.keyword.internal.WebUIKeywordMain.stepFailed(WebUIKeywordMain.groovy:64)
	at com.kms.katalon.core.webui.keyword.internal.WebUIKeywordMain.runKeyword(WebUIKeywordMain.groovy:26)
	at com.kms.katalon.core.webui.keyword.builtin.VerifyElementPresentKeyword.verifyElementPresent(VerifyElementPresentKeyword.groovy:92)
	at com.kms.katalon.core.webui.keyword.builtin.VerifyElementPresentKeyword.execute(VerifyElementPresentKeyword.groovy:68)
	at com.kms.katalon.core.keyword.internal.KeywordExecutor.executeKeywordForPlatform(KeywordExecutor.groovy:73)
	at com.kms.katalon.core.webui.keyword.WebUiBuiltInKeywords.verifyElementPresent(WebUiBuiltInKeywords.groovy:1461)
	at com.kms.katalon.core.webui.keyword.WebUiBuiltInKeywords$verifyElementPresent$10.call(Unknown Source)
	at TC_DETAILS_UI_028.run(TC_DETAILS_UI_028:22)
	at com.kms.katalon.core.main.ScriptEngine.run(ScriptEngine.java:194)
	at com.kms.katalon.core.main.ScriptEngine.runScriptAsRawText(ScriptEngine.java:119)
	at com.kms.katalon.core.main.TestCaseExecutor.runScript(TestCaseExecutor.java:339)
	at com.kms.katalon.core.main.TestCaseExecutor.doExecute(TestCaseExecutor.java:330)
	at com.kms.katalon.core.main.TestCaseExecutor.processExecutionPhase(TestCaseExecutor.java:309)
	at com.kms.katalon.core.main.TestCaseExecutor.accessMainPhase(TestCaseExecutor.java:301)
	at com.kms.katalon.core.main.TestCaseExecutor.execute(TestCaseExecutor.java:235)
	at com.kms.katalon.core.main.TestSuiteExecutor.accessTestCaseMainPhase(TestSuiteExecutor.java:191)
	at com.kms.katalon.core.main.TestSuiteExecutor.accessTestSuiteMainPhase(TestSuiteExecutor.java:141)
	at com.kms.katalon.core.main.TestSuiteExecutor.execute(TestSuiteExecutor.java:90)
	at com.kms.katalon.core.main.TestCaseMain.startTestSuite(TestCaseMain.java:157)
	at com.kms.katalon.core.main.TestCaseMain$startTestSuite$0.call(Unknown Source)
	at TempTestSuite1620355020148.run(TempTestSuite1620355020148.groovy:39)
Caused by: com.kms.katalon.core.exception.StepFailedException: com.kms.katalon.core.webui.exception.WebElementNotFoundException: Web element with id: 'Object Repository/Item Details Objects/Page_diagnostics/Page_diagnostics/span_HS_code' located by '//*[(text() = 'HS code :' or . = 'HS code :')]' not found
	at com.kms.katalon.core.webui.keyword.internal.WebUIKeywordMain.stepFailed(WebUIKeywordMain.groovy:64)
	at com.kms.katalon.core.webui.keyword.builtin.VerifyElementPresentKeyword$_verifyElementPresent_closure1.doCall(VerifyElementPresentKeyword.groovy:85)
	at com.kms.katalon.core.webui.keyword.builtin.VerifyElementPresentKeyword$_verifyElementPresent_closure1.call(VerifyElementPresentKeyword.groovy)
	at com.kms.katalon.core.webui.keyword.internal.WebUIKeywordMain.runKeyword(WebUIKeywordMain.groovy:20)
	... 19 more]]></system-err>
      </testcase>
      <testcase name="Test Cases/Custom Item Details/TEST CASE/TC_DETAILS_UI_029" time="84.196" classname="Test Cases/Custom Item Details/TEST CASE/TC_DETAILS_UI_029" status="FAILED">
         <failure type="FAILED" message="Test Cases/Custom Item Details/TEST CASE/TC_DETAILS_UI_029 FAILED.
Reason:
com.kms.katalon.core.exception.StepFailedException: Unable to verify object 'Object Repository/Item Details Objects/Page_diagnostics/Page_diagnostics/span_Transportation' is present
	at com.kms.katalon.core.webui.keyword.internal.WebUIKeywordMain.stepFailed(WebUIKeywordMain.groovy:64)
	at com.kms.katalon.core.webui.keyword.internal.WebUIKeywordMain.runKeyword(WebUIKeywordMain.groovy:26)
	at com.kms.katalon.core.webui.keyword.builtin.VerifyElementPresentKeyword.verifyElementPresent(VerifyElementPresentKeyword.groovy:92)
	at com.kms.katalon.core.webui.keyword.builtin.VerifyElementPresentKeyword.execute(VerifyElementPresentKeyword.groovy:68)
	at com.kms.katalon.core.keyword.internal.KeywordExecutor.executeKeywordForPlatform(KeywordExecutor.groovy:73)
	at com.kms.katalon.core.webui.keyword.WebUiBuiltInKeywords.verifyElementPresent(WebUiBuiltInKeywords.groovy:1461)
	at com.kms.katalon.core.webui.keyword.WebUiBuiltInKeywords$verifyElementPresent$10.call(Unknown Source)
	at TC_DETAILS_UI_029.run(TC_DETAILS_UI_029:23)
	at com.kms.katalon.core.main.ScriptEngine.run(ScriptEngine.java:194)
	at com.kms.katalon.core.main.ScriptEngine.runScriptAsRawText(ScriptEngine.java:119)
	at com.kms.katalon.core.main.TestCaseExecutor.runScript(TestCaseExecutor.java:339)
	at com.kms.katalon.core.main.TestCaseExecutor.doExecute(TestCaseExecutor.java:330)
	at com.kms.katalon.core.main.TestCaseExecutor.processExecutionPhase(TestCaseExecutor.java:309)
	at com.kms.katalon.core.main.TestCaseExecutor.accessMainPhase(TestCaseExecutor.java:301)
	at com.kms.katalon.core.main.TestCaseExecutor.execute(TestCaseExecutor.java:235)
	at com.kms.katalon.core.main.TestSuiteExecutor.accessTestCaseMainPhase(TestSuiteExecutor.java:191)
	at com.kms.katalon.core.main.TestSuiteExecutor.accessTestSuiteMainPhase(TestSuiteExecutor.java:141)
	at com.kms.katalon.core.main.TestSuiteExecutor.execute(TestSuiteExecutor.java:90)
	at com.kms.katalon.core.main.TestCaseMain.startTestSuite(TestCaseMain.java:157)
	at com.kms.katalon.core.main.TestCaseMain$startTestSuite$0.call(Unknown Source)
	at TempTestSuite1620355020148.run(TempTestSuite1620355020148.groovy:39)
Caused by: com.kms.katalon.core.exception.StepFailedException: com.kms.katalon.core.webui.exception.WebElementNotFoundException: Web element with id: 'Object Repository/Item Details Objects/Page_diagnostics/Page_diagnostics/span_Transportation' located by '//*[(text() = 'Transportation :' or . = 'Transportation :')]' not found
	at com.kms.katalon.core.webui.keyword.internal.WebUIKeywordMain.stepFailed(WebUIKeywordMain.groovy:64)
	at com.kms.katalon.core.webui.keyword.builtin.VerifyElementPresentKeyword$_verifyElementPresent_closure1.doCall(VerifyElementPresentKeyword.groovy:85)
	at com.kms.katalon.core.webui.keyword.builtin.VerifyElementPresentKeyword$_verifyElementPresent_closure1.call(VerifyElementPresentKeyword.groovy)
	at com.kms.katalon.core.webui.keyword.internal.WebUIKeywordMain.runKeyword(WebUIKeywordMain.groovy:20)
	... 19 more
"/>
         <system-out><![CDATA[2021-05-07 10:55:23 - [TEST_CASE][FAILED] - Test Cases/Custom Item Details/TEST CASE/TC_DETAILS_UI_029: Test Cases/Custom Item Details/TEST CASE/TC_DETAILS_UI_029 FAILED.
Reason:
com.kms.katalon.core.exception.StepFailedException: Unable to verify object 'Object Repository/Item Details Objects/Page_diagnostics/Page_diagnostics/span_Transportation' is present
	at com.kms.katalon.core.webui.keyword.internal.WebUIKeywordMain.stepFailed(WebUIKeywordMain.groovy:64)
	at com.kms.katalon.core.webui.keyword.internal.WebUIKeywordMain.runKeyword(WebUIKeywordMain.groovy:26)
	at com.kms.katalon.core.webui.keyword.builtin.VerifyElementPresentKeyword.verifyElementPresent(VerifyElementPresentKeyword.groovy:92)
	at com.kms.katalon.core.webui.keyword.builtin.VerifyElementPresentKeyword.execute(VerifyElementPresentKeyword.groovy:68)
	at com.kms.katalon.core.keyword.internal.KeywordExecutor.executeKeywordForPlatform(KeywordExecutor.groovy:73)
	at com.kms.katalon.core.webui.keyword.WebUiBuiltInKeywords.verifyElementPresent(WebUiBuiltInKeywords.groovy:1461)
	at com.kms.katalon.core.webui.keyword.WebUiBuiltInKeywords$verifyElementPresent$10.call(Unknown Source)
	at TC_DETAILS_UI_029.run(TC_DETAILS_UI_029:23)
	at com.kms.katalon.core.main.ScriptEngine.run(ScriptEngine.java:194)
	at com.kms.katalon.core.main.ScriptEngine.runScriptAsRawText(ScriptEngine.java:119)
	at com.kms.katalon.core.main.TestCaseExecutor.runScript(TestCaseExecutor.java:339)
	at com.kms.katalon.core.main.TestCaseExecutor.doExecute(TestCaseExecutor.java:330)
	at com.kms.katalon.core.main.TestCaseExecutor.processExecutionPhase(TestCaseExecutor.java:309)
	at com.kms.katalon.core.main.TestCaseExecutor.accessMainPhase(TestCaseExecutor.java:301)
	at com.kms.katalon.core.main.TestCaseExecutor.execute(TestCaseExecutor.java:235)
	at com.kms.katalon.core.main.TestSuiteExecutor.accessTestCaseMainPhase(TestSuiteExecutor.java:191)
	at com.kms.katalon.core.main.TestSuiteExecutor.accessTestSuiteMainPhase(TestSuiteExecutor.java:141)
	at com.kms.katalon.core.main.TestSuiteExecutor.execute(TestSuiteExecutor.java:90)
	at com.kms.katalon.core.main.TestCaseMain.startTestSuite(TestCaseMain.java:157)
	at com.kms.katalon.core.main.TestCaseMain$startTestSuite$0.call(Unknown Source)
	at TempTestSuite1620355020148.run(TempTestSuite1620355020148.groovy:39)
Caused by: com.kms.katalon.core.exception.StepFailedException: com.kms.katalon.core.webui.exception.WebElementNotFoundException: Web element with id: 'Object Repository/Item Details Objects/Page_diagnostics/Page_diagnostics/span_Transportation' located by '//*[(text() = 'Transportation :' or . = 'Transportation :')]' not found
	at com.kms.katalon.core.webui.keyword.internal.WebUIKeywordMain.stepFailed(WebUIKeywordMain.groovy:64)
	at com.kms.katalon.core.webui.keyword.builtin.VerifyElementPresentKeyword$_verifyElementPresent_closure1.doCall(VerifyElementPresentKeyword.groovy:85)
	at com.kms.katalon.core.webui.keyword.builtin.VerifyElementPresentKeyword$_verifyElementPresent_closure1.call(VerifyElementPresentKeyword.groovy)
	at com.kms.katalon.core.webui.keyword.internal.WebUIKeywordMain.runKeyword(WebUIKeywordMain.groovy:20)
	... 19 more


2021-05-07 10:55:24 - [TEST_STEP][PASSED] - callTestCase(findTestCase("Custom Item Details/UTILITIES/OPEN_BROWSER"), [:], STOP_ON_FAILURE): Call Test Case 'Test Cases/Custom Item Details/UTILITIES/OPEN_BROWSER' successfully

2021-05-07 10:55:24 - [TEST_CASE][PASSED] - Test Cases/Custom Item Details/UTILITIES/OPEN_BROWSER: Test Cases/Custom Item Details/UTILITIES/OPEN_BROWSER

2021-05-07 10:55:24 - [TEST_STEP][PASSED] - openBrowser("https://diagnostics.staging.arcadier.io/"): Browser is opened with url: 'https://diagnostics.staging.arcadier.io/'

2021-05-07 10:55:24 - [MESSAGE][WARNING] - A browser is already opened. Closing browser and opening a new one

2021-05-07 10:55:24 - [MESSAGE][INFO] - Starting 'Chrome' driver

2021-05-07 10:55:24 - [MESSAGE][INFO] - Action delay is set to 0 milliseconds

2021-05-07 10:55:34 - [MESSAGE][PASSED] - Browser is opened with url: 'https://diagnostics.staging.arcadier.io/'

2021-05-07 10:55:34 - [TEST_STEP][PASSED] - maximizeWindow(): Current window maximized

2021-05-07 10:55:35 - [MESSAGE][PASSED] - Current window maximized

2021-05-07 10:55:35 - [TEST_STEP][PASSED] - click(findTestObject("Item Details Objects/Page_diagnostics/a_Accept Cookies")): Object: 'Object Repository/Item Details Objects/Page_diagnostics/a_Accept Cookies' is clicked on

2021-05-07 10:55:37 - [MESSAGE][PASSED] - Object: 'Object Repository/Item Details Objects/Page_diagnostics/a_Accept Cookies' is clicked on

2021-05-07 10:55:37 - [TEST_STEP][PASSED] - click(findTestObject("Staging Objects/Page_diagnostics/a_COVID-19 DIAGNOSTICS"), STOP_ON_FAILURE): Object: 'Object Repository/Staging Objects/Page_diagnostics/a_COVID-19 DIAGNOSTICS' is clicked on

2021-05-07 10:55:39 - [MESSAGE][PASSED] - Object: 'Object Repository/Staging Objects/Page_diagnostics/a_COVID-19 DIAGNOSTICS' is clicked on

2021-05-07 10:55:39 - [TEST_STEP][PASSED] - mouseOver(findTestObject("Staging Objects/Page_diagnostics/a_STANDARD Q COVID-19 Ag Test")): Object: 'Object Repository/Staging Objects/Page_diagnostics/a_STANDARD Q COVID-19 Ag Test' is hovered

2021-05-07 10:55:40 - [MESSAGE][PASSED] - Object: 'Object Repository/Staging Objects/Page_diagnostics/a_STANDARD Q COVID-19 Ag Test' is hovered

2021-05-07 10:55:40 - [TEST_STEP][PASSED] - click(findTestObject("Staging Objects/Page_diagnostics/a_STANDARD Q COVID-19 Ag Test")): Object: 'Object Repository/Staging Objects/Page_diagnostics/a_STANDARD Q COVID-19 Ag Test' is clicked on

2021-05-07 10:55:45 - [MESSAGE][PASSED] - Object: 'Object Repository/Staging Objects/Page_diagnostics/a_STANDARD Q COVID-19 Ag Test' is clicked on

2021-05-07 10:55:45 - [MESSAGE][PASSED] - Call Test Case 'Test Cases/Custom Item Details/UTILITIES/OPEN_BROWSER' successfully

2021-05-07 10:55:45 - [TEST_STEP][PASSED] - waitForElementVisible(findTestObject("Item Details Objects/Page_diagnostics/Page_diagnostics/span_Transportation"), 0): Web element with id: 'Object Repository/Item Details Objects/Page_diagnostics/Page_diagnostics/span_Transportation' located by '//*[(text() = 'Transportation :' or . = 'Transportation :')]' not found

2021-05-07 10:55:45 - [MESSAGE][WARNING] - Timeout '0' is invalid. Using default page load timeout: '30'

2021-05-07 10:56:16 - [MESSAGE][INFO] - Unable to find the element located by 'By.xpath: //*[(text() = 'Transportation :' or . = 'Transportation :')]'. Please recheck the objects properties to make sure the desired element is located. 

2021-05-07 10:56:16 - [MESSAGE][WARNING] - Web element with id: 'Object Repository/Item Details Objects/Page_diagnostics/Page_diagnostics/span_Transportation' located by '//*[(text() = 'Transportation :' or . = 'Transportation :')]' not found

2021-05-07 10:56:16 - [TEST_STEP][FAILED] - verifyElementPresent(findTestObject("Item Details Objects/Page_diagnostics/Page_diagnostics/span_Transportation"), 0): Unable to verify object 'Object Repository/Item Details Objects/Page_diagnostics/Page_diagnostics/span_Transportation' is present (Root cause: com.kms.katalon.core.exception.StepFailedException: Unable to verify object 'Object Repository/Item Details Objects/Page_diagnostics/Page_diagnostics/span_Transportation' is present
	at com.kms.katalon.core.webui.keyword.internal.WebUIKeywordMain.stepFailed(WebUIKeywordMain.groovy:64)
	at com.kms.katalon.core.webui.keyword.internal.WebUIKeywordMain.runKeyword(WebUIKeywordMain.groovy:26)
	at com.kms.katalon.core.webui.keyword.builtin.VerifyElementPresentKeyword.verifyElementPresent(VerifyElementPresentKeyword.groovy:92)
	at com.kms.katalon.core.webui.keyword.builtin.VerifyElementPresentKeyword.execute(VerifyElementPresentKeyword.groovy:68)
	at com.kms.katalon.core.keyword.internal.KeywordExecutor.executeKeywordForPlatform(KeywordExecutor.groovy:73)
	at com.kms.katalon.core.webui.keyword.WebUiBuiltInKeywords.verifyElementPresent(WebUiBuiltInKeywords.groovy:1461)
	at com.kms.katalon.core.webui.keyword.WebUiBuiltInKeywords$verifyElementPresent$10.call(Unknown Source)
	at TC_DETAILS_UI_029.run(TC_DETAILS_UI_029:23)
	at com.kms.katalon.core.main.ScriptEngine.run(ScriptEngine.java:194)
	at com.kms.katalon.core.main.ScriptEngine.runScriptAsRawText(ScriptEngine.java:119)
	at com.kms.katalon.core.main.TestCaseExecutor.runScript(TestCaseExecutor.java:339)
	at com.kms.katalon.core.main.TestCaseExecutor.doExecute(TestCaseExecutor.java:330)
	at com.kms.katalon.core.main.TestCaseExecutor.processExecutionPhase(TestCaseExecutor.java:309)
	at com.kms.katalon.core.main.TestCaseExecutor.accessMainPhase(TestCaseExecutor.java:301)
	at com.kms.katalon.core.main.TestCaseExecutor.execute(TestCaseExecutor.java:235)
	at com.kms.katalon.core.main.TestSuiteExecutor.accessTestCaseMainPhase(TestSuiteExecutor.java:191)
	at com.kms.katalon.core.main.TestSuiteExecutor.accessTestSuiteMainPhase(TestSuiteExecutor.java:141)
	at com.kms.katalon.core.main.TestSuiteExecutor.execute(TestSuiteExecutor.java:90)
	at com.kms.katalon.core.main.TestCaseMain.startTestSuite(TestCaseMain.java:157)
	at com.kms.katalon.core.main.TestCaseMain$startTestSuite$0.call(Unknown Source)
	at TempTestSuite1620355020148.run(TempTestSuite1620355020148.groovy:39)
Caused by: com.kms.katalon.core.exception.StepFailedException: com.kms.katalon.core.webui.exception.WebElementNotFoundException: Web element with id: 'Object Repository/Item Details Objects/Page_diagnostics/Page_diagnostics/span_Transportation' located by '//*[(text() = 'Transportation :' or . = 'Transportation :')]' not found
	at com.kms.katalon.core.webui.keyword.internal.WebUIKeywordMain.stepFailed(WebUIKeywordMain.groovy:64)
	at com.kms.katalon.core.webui.keyword.builtin.VerifyElementPresentKeyword$_verifyElementPresent_closure1.doCall(VerifyElementPresentKeyword.groovy:85)
	at com.kms.katalon.core.webui.keyword.builtin.VerifyElementPresentKeyword$_verifyElementPresent_closure1.call(VerifyElementPresentKeyword.groovy)
	at com.kms.katalon.core.webui.keyword.internal.WebUIKeywordMain.runKeyword(WebUIKeywordMain.groovy:20)
	... 19 more
)

2021-05-07 10:56:16 - [MESSAGE][WARNING] - Timeout '0' is invalid. Using default page load timeout: '30'

2021-05-07 10:56:47 - [MESSAGE][INFO] - Unable to find the element located by 'By.xpath: //*[(text() = 'Transportation :' or . = 'Transportation :')]'. Please recheck the objects properties to make sure the desired element is located. 

2021-05-07 10:56:47 - [MESSAGE][FAILED] - com.kms.katalon.core.webui.exception.WebElementNotFoundException: Web element with id: 'Object Repository/Item Details Objects/Page_diagnostics/Page_diagnostics/span_Transportation' located by '//*[(text() = 'Transportation :' or . = 'Transportation :')]' not found (Root cause: com.kms.katalon.core.exception.StepFailedException: com.kms.katalon.core.webui.exception.WebElementNotFoundException: Web element with id: 'Object Repository/Item Details Objects/Page_diagnostics/Page_diagnostics/span_Transportation' located by '//*[(text() = 'Transportation :' or . = 'Transportation :')]' not found
	at com.kms.katalon.core.webui.keyword.internal.WebUIKeywordMain.stepFailed(WebUIKeywordMain.groovy:64)
	at com.kms.katalon.core.webui.keyword.builtin.VerifyElementPresentKeyword$_verifyElementPresent_closure1.doCall(VerifyElementPresentKeyword.groovy:85)
	at com.kms.katalon.core.webui.keyword.builtin.VerifyElementPresentKeyword$_verifyElementPresent_closure1.call(VerifyElementPresentKeyword.groovy)
	at com.kms.katalon.core.webui.keyword.internal.WebUIKeywordMain.runKeyword(WebUIKeywordMain.groovy:20)
	at com.kms.katalon.core.webui.keyword.builtin.VerifyElementPresentKeyword.verifyElementPresent(VerifyElementPresentKeyword.groovy:92)
	at com.kms.katalon.core.webui.keyword.builtin.VerifyElementPresentKeyword.execute(VerifyElementPresentKeyword.groovy:68)
	at com.kms.katalon.core.keyword.internal.KeywordExecutor.executeKeywordForPlatform(KeywordExecutor.groovy:73)
	at com.kms.katalon.core.webui.keyword.WebUiBuiltInKeywords.verifyElementPresent(WebUiBuiltInKeywords.groovy:1461)
	at com.kms.katalon.core.webui.keyword.WebUiBuiltInKeywords$verifyElementPresent$10.call(Unknown Source)
	at TC_DETAILS_UI_029.run(TC_DETAILS_UI_029:23)
	at com.kms.katalon.core.main.ScriptEngine.run(ScriptEngine.java:194)
	at com.kms.katalon.core.main.ScriptEngine.runScriptAsRawText(ScriptEngine.java:119)
	at com.kms.katalon.core.main.TestCaseExecutor.runScript(TestCaseExecutor.java:339)
	at com.kms.katalon.core.main.TestCaseExecutor.doExecute(TestCaseExecutor.java:330)
	at com.kms.katalon.core.main.TestCaseExecutor.processExecutionPhase(TestCaseExecutor.java:309)
	at com.kms.katalon.core.main.TestCaseExecutor.accessMainPhase(TestCaseExecutor.java:301)
	at com.kms.katalon.core.main.TestCaseExecutor.execute(TestCaseExecutor.java:235)
	at com.kms.katalon.core.main.TestSuiteExecutor.accessTestCaseMainPhase(TestSuiteExecutor.java:191)
	at com.kms.katalon.core.main.TestSuiteExecutor.accessTestSuiteMainPhase(TestSuiteExecutor.java:141)
	at com.kms.katalon.core.main.TestSuiteExecutor.execute(TestSuiteExecutor.java:90)
	at com.kms.katalon.core.main.TestCaseMain.startTestSuite(TestCaseMain.java:157)
	at com.kms.katalon.core.main.TestCaseMain$startTestSuite$0.call(Unknown Source)
	at TempTestSuite1620355020148.run(TempTestSuite1620355020148.groovy:39)
)
[[ATTACHMENT|K:\\Work\\GitHub\\find-item-detail-test_v2\\Reports\\20210507_103700\\Item detail test\\20210507_103700\\1620356207799.png]]

2021-05-07 10:56:48 - [MESSAGE][FAILED] - Unable to verify object 'Object Repository/Item Details Objects/Page_diagnostics/Page_diagnostics/span_Transportation' is present (Root cause: com.kms.katalon.core.exception.StepFailedException: Unable to verify object 'Object Repository/Item Details Objects/Page_diagnostics/Page_diagnostics/span_Transportation' is present
	at com.kms.katalon.core.webui.keyword.internal.WebUIKeywordMain.stepFailed(WebUIKeywordMain.groovy:64)
	at com.kms.katalon.core.webui.keyword.internal.WebUIKeywordMain.runKeyword(WebUIKeywordMain.groovy:26)
	at com.kms.katalon.core.webui.keyword.builtin.VerifyElementPresentKeyword.verifyElementPresent(VerifyElementPresentKeyword.groovy:92)
	at com.kms.katalon.core.webui.keyword.builtin.VerifyElementPresentKeyword.execute(VerifyElementPresentKeyword.groovy:68)
	at com.kms.katalon.core.keyword.internal.KeywordExecutor.executeKeywordForPlatform(KeywordExecutor.groovy:73)
	at com.kms.katalon.core.webui.keyword.WebUiBuiltInKeywords.verifyElementPresent(WebUiBuiltInKeywords.groovy:1461)
	at com.kms.katalon.core.webui.keyword.WebUiBuiltInKeywords$verifyElementPresent$10.call(Unknown Source)
	at TC_DETAILS_UI_029.run(TC_DETAILS_UI_029:23)
	at com.kms.katalon.core.main.ScriptEngine.run(ScriptEngine.java:194)
	at com.kms.katalon.core.main.ScriptEngine.runScriptAsRawText(ScriptEngine.java:119)
	at com.kms.katalon.core.main.TestCaseExecutor.runScript(TestCaseExecutor.java:339)
	at com.kms.katalon.core.main.TestCaseExecutor.doExecute(TestCaseExecutor.java:330)
	at com.kms.katalon.core.main.TestCaseExecutor.processExecutionPhase(TestCaseExecutor.java:309)
	at com.kms.katalon.core.main.TestCaseExecutor.accessMainPhase(TestCaseExecutor.java:301)
	at com.kms.katalon.core.main.TestCaseExecutor.execute(TestCaseExecutor.java:235)
	at com.kms.katalon.core.main.TestSuiteExecutor.accessTestCaseMainPhase(TestSuiteExecutor.java:191)
	at com.kms.katalon.core.main.TestSuiteExecutor.accessTestSuiteMainPhase(TestSuiteExecutor.java:141)
	at com.kms.katalon.core.main.TestSuiteExecutor.execute(TestSuiteExecutor.java:90)
	at com.kms.katalon.core.main.TestCaseMain.startTestSuite(TestCaseMain.java:157)
	at com.kms.katalon.core.main.TestCaseMain$startTestSuite$0.call(Unknown Source)
	at TempTestSuite1620355020148.run(TempTestSuite1620355020148.groovy:39)
Caused by: com.kms.katalon.core.exception.StepFailedException: com.kms.katalon.core.webui.exception.WebElementNotFoundException: Web element with id: 'Object Repository/Item Details Objects/Page_diagnostics/Page_diagnostics/span_Transportation' located by '//*[(text() = 'Transportation :' or . = 'Transportation :')]' not found
	at com.kms.katalon.core.webui.keyword.internal.WebUIKeywordMain.stepFailed(WebUIKeywordMain.groovy:64)
	at com.kms.katalon.core.webui.keyword.builtin.VerifyElementPresentKeyword$_verifyElementPresent_closure1.doCall(VerifyElementPresentKeyword.groovy:85)
	at com.kms.katalon.core.webui.keyword.builtin.VerifyElementPresentKeyword$_verifyElementPresent_closure1.call(VerifyElementPresentKeyword.groovy)
	at com.kms.katalon.core.webui.keyword.internal.WebUIKeywordMain.runKeyword(WebUIKeywordMain.groovy:20)
	... 19 more
)
[[ATTACHMENT|K:\\Work\\GitHub\\find-item-detail-test_v2\\Reports\\20210507_103700\\Item detail test\\20210507_103700\\1620356207958.png]]]]></system-out>
         <system-err><![CDATA[2021-05-07 10:55:23 - [TEST_CASE][FAILED] - Test Cases/Custom Item Details/TEST CASE/TC_DETAILS_UI_029: Test Cases/Custom Item Details/TEST CASE/TC_DETAILS_UI_029 FAILED.
Reason:
com.kms.katalon.core.exception.StepFailedException: Unable to verify object 'Object Repository/Item Details Objects/Page_diagnostics/Page_diagnostics/span_Transportation' is present
	at com.kms.katalon.core.webui.keyword.internal.WebUIKeywordMain.stepFailed(WebUIKeywordMain.groovy:64)
	at com.kms.katalon.core.webui.keyword.internal.WebUIKeywordMain.runKeyword(WebUIKeywordMain.groovy:26)
	at com.kms.katalon.core.webui.keyword.builtin.VerifyElementPresentKeyword.verifyElementPresent(VerifyElementPresentKeyword.groovy:92)
	at com.kms.katalon.core.webui.keyword.builtin.VerifyElementPresentKeyword.execute(VerifyElementPresentKeyword.groovy:68)
	at com.kms.katalon.core.keyword.internal.KeywordExecutor.executeKeywordForPlatform(KeywordExecutor.groovy:73)
	at com.kms.katalon.core.webui.keyword.WebUiBuiltInKeywords.verifyElementPresent(WebUiBuiltInKeywords.groovy:1461)
	at com.kms.katalon.core.webui.keyword.WebUiBuiltInKeywords$verifyElementPresent$10.call(Unknown Source)
	at TC_DETAILS_UI_029.run(TC_DETAILS_UI_029:23)
	at com.kms.katalon.core.main.ScriptEngine.run(ScriptEngine.java:194)
	at com.kms.katalon.core.main.ScriptEngine.runScriptAsRawText(ScriptEngine.java:119)
	at com.kms.katalon.core.main.TestCaseExecutor.runScript(TestCaseExecutor.java:339)
	at com.kms.katalon.core.main.TestCaseExecutor.doExecute(TestCaseExecutor.java:330)
	at com.kms.katalon.core.main.TestCaseExecutor.processExecutionPhase(TestCaseExecutor.java:309)
	at com.kms.katalon.core.main.TestCaseExecutor.accessMainPhase(TestCaseExecutor.java:301)
	at com.kms.katalon.core.main.TestCaseExecutor.execute(TestCaseExecutor.java:235)
	at com.kms.katalon.core.main.TestSuiteExecutor.accessTestCaseMainPhase(TestSuiteExecutor.java:191)
	at com.kms.katalon.core.main.TestSuiteExecutor.accessTestSuiteMainPhase(TestSuiteExecutor.java:141)
	at com.kms.katalon.core.main.TestSuiteExecutor.execute(TestSuiteExecutor.java:90)
	at com.kms.katalon.core.main.TestCaseMain.startTestSuite(TestCaseMain.java:157)
	at com.kms.katalon.core.main.TestCaseMain$startTestSuite$0.call(Unknown Source)
	at TempTestSuite1620355020148.run(TempTestSuite1620355020148.groovy:39)
Caused by: com.kms.katalon.core.exception.StepFailedException: com.kms.katalon.core.webui.exception.WebElementNotFoundException: Web element with id: 'Object Repository/Item Details Objects/Page_diagnostics/Page_diagnostics/span_Transportation' located by '//*[(text() = 'Transportation :' or . = 'Transportation :')]' not found
	at com.kms.katalon.core.webui.keyword.internal.WebUIKeywordMain.stepFailed(WebUIKeywordMain.groovy:64)
	at com.kms.katalon.core.webui.keyword.builtin.VerifyElementPresentKeyword$_verifyElementPresent_closure1.doCall(VerifyElementPresentKeyword.groovy:85)
	at com.kms.katalon.core.webui.keyword.builtin.VerifyElementPresentKeyword$_verifyElementPresent_closure1.call(VerifyElementPresentKeyword.groovy)
	at com.kms.katalon.core.webui.keyword.internal.WebUIKeywordMain.runKeyword(WebUIKeywordMain.groovy:20)
	... 19 more]]></system-err>
      </testcase>
      <testcase name="Test Cases/Custom Item Details/TEST CASE/TC_DETAILS_UI_030" time="82.967" classname="Test Cases/Custom Item Details/TEST CASE/TC_DETAILS_UI_030" status="FAILED">
         <failure type="FAILED" message="Test Cases/Custom Item Details/TEST CASE/TC_DETAILS_UI_030 FAILED.
Reason:
com.kms.katalon.core.exception.StepFailedException: Unable to verify object 'Object Repository/Item Details Objects/Page_diagnostics/Page_diagnostics/span_Number_of_units_Unit_of_measurement' is present
	at com.kms.katalon.core.webui.keyword.internal.WebUIKeywordMain.stepFailed(WebUIKeywordMain.groovy:64)
	at com.kms.katalon.core.webui.keyword.internal.WebUIKeywordMain.runKeyword(WebUIKeywordMain.groovy:26)
	at com.kms.katalon.core.webui.keyword.builtin.VerifyElementPresentKeyword.verifyElementPresent(VerifyElementPresentKeyword.groovy:92)
	at com.kms.katalon.core.webui.keyword.builtin.VerifyElementPresentKeyword.execute(VerifyElementPresentKeyword.groovy:68)
	at com.kms.katalon.core.keyword.internal.KeywordExecutor.executeKeywordForPlatform(KeywordExecutor.groovy:73)
	at com.kms.katalon.core.webui.keyword.WebUiBuiltInKeywords.verifyElementPresent(WebUiBuiltInKeywords.groovy:1461)
	at com.kms.katalon.core.webui.keyword.WebUiBuiltInKeywords$verifyElementPresent$10.call(Unknown Source)
	at TC_DETAILS_UI_030.run(TC_DETAILS_UI_030:23)
	at com.kms.katalon.core.main.ScriptEngine.run(ScriptEngine.java:194)
	at com.kms.katalon.core.main.ScriptEngine.runScriptAsRawText(ScriptEngine.java:119)
	at com.kms.katalon.core.main.TestCaseExecutor.runScript(TestCaseExecutor.java:339)
	at com.kms.katalon.core.main.TestCaseExecutor.doExecute(TestCaseExecutor.java:330)
	at com.kms.katalon.core.main.TestCaseExecutor.processExecutionPhase(TestCaseExecutor.java:309)
	at com.kms.katalon.core.main.TestCaseExecutor.accessMainPhase(TestCaseExecutor.java:301)
	at com.kms.katalon.core.main.TestCaseExecutor.execute(TestCaseExecutor.java:235)
	at com.kms.katalon.core.main.TestSuiteExecutor.accessTestCaseMainPhase(TestSuiteExecutor.java:191)
	at com.kms.katalon.core.main.TestSuiteExecutor.accessTestSuiteMainPhase(TestSuiteExecutor.java:141)
	at com.kms.katalon.core.main.TestSuiteExecutor.execute(TestSuiteExecutor.java:90)
	at com.kms.katalon.core.main.TestCaseMain.startTestSuite(TestCaseMain.java:157)
	at com.kms.katalon.core.main.TestCaseMain$startTestSuite$0.call(Unknown Source)
	at TempTestSuite1620355020148.run(TempTestSuite1620355020148.groovy:39)
Caused by: com.kms.katalon.core.exception.StepFailedException: com.kms.katalon.core.webui.exception.WebElementNotFoundException: Web element with id: 'Object Repository/Item Details Objects/Page_diagnostics/Page_diagnostics/span_Number_of_units_Unit_of_measurement' located by '//*[(text() = 'Number of units/ Unit of measurement :' or . = 'Number of units/ Unit of measurement :')]' not found
	at com.kms.katalon.core.webui.keyword.internal.WebUIKeywordMain.stepFailed(WebUIKeywordMain.groovy:64)
	at com.kms.katalon.core.webui.keyword.builtin.VerifyElementPresentKeyword$_verifyElementPresent_closure1.doCall(VerifyElementPresentKeyword.groovy:85)
	at com.kms.katalon.core.webui.keyword.builtin.VerifyElementPresentKeyword$_verifyElementPresent_closure1.call(VerifyElementPresentKeyword.groovy)
	at com.kms.katalon.core.webui.keyword.internal.WebUIKeywordMain.runKeyword(WebUIKeywordMain.groovy:20)
	... 19 more
"/>
         <system-out><![CDATA[2021-05-07 10:56:48 - [TEST_CASE][FAILED] - Test Cases/Custom Item Details/TEST CASE/TC_DETAILS_UI_030: Test Cases/Custom Item Details/TEST CASE/TC_DETAILS_UI_030 FAILED.
Reason:
com.kms.katalon.core.exception.StepFailedException: Unable to verify object 'Object Repository/Item Details Objects/Page_diagnostics/Page_diagnostics/span_Number_of_units_Unit_of_measurement' is present
	at com.kms.katalon.core.webui.keyword.internal.WebUIKeywordMain.stepFailed(WebUIKeywordMain.groovy:64)
	at com.kms.katalon.core.webui.keyword.internal.WebUIKeywordMain.runKeyword(WebUIKeywordMain.groovy:26)
	at com.kms.katalon.core.webui.keyword.builtin.VerifyElementPresentKeyword.verifyElementPresent(VerifyElementPresentKeyword.groovy:92)
	at com.kms.katalon.core.webui.keyword.builtin.VerifyElementPresentKeyword.execute(VerifyElementPresentKeyword.groovy:68)
	at com.kms.katalon.core.keyword.internal.KeywordExecutor.executeKeywordForPlatform(KeywordExecutor.groovy:73)
	at com.kms.katalon.core.webui.keyword.WebUiBuiltInKeywords.verifyElementPresent(WebUiBuiltInKeywords.groovy:1461)
	at com.kms.katalon.core.webui.keyword.WebUiBuiltInKeywords$verifyElementPresent$10.call(Unknown Source)
	at TC_DETAILS_UI_030.run(TC_DETAILS_UI_030:23)
	at com.kms.katalon.core.main.ScriptEngine.run(ScriptEngine.java:194)
	at com.kms.katalon.core.main.ScriptEngine.runScriptAsRawText(ScriptEngine.java:119)
	at com.kms.katalon.core.main.TestCaseExecutor.runScript(TestCaseExecutor.java:339)
	at com.kms.katalon.core.main.TestCaseExecutor.doExecute(TestCaseExecutor.java:330)
	at com.kms.katalon.core.main.TestCaseExecutor.processExecutionPhase(TestCaseExecutor.java:309)
	at com.kms.katalon.core.main.TestCaseExecutor.accessMainPhase(TestCaseExecutor.java:301)
	at com.kms.katalon.core.main.TestCaseExecutor.execute(TestCaseExecutor.java:235)
	at com.kms.katalon.core.main.TestSuiteExecutor.accessTestCaseMainPhase(TestSuiteExecutor.java:191)
	at com.kms.katalon.core.main.TestSuiteExecutor.accessTestSuiteMainPhase(TestSuiteExecutor.java:141)
	at com.kms.katalon.core.main.TestSuiteExecutor.execute(TestSuiteExecutor.java:90)
	at com.kms.katalon.core.main.TestCaseMain.startTestSuite(TestCaseMain.java:157)
	at com.kms.katalon.core.main.TestCaseMain$startTestSuite$0.call(Unknown Source)
	at TempTestSuite1620355020148.run(TempTestSuite1620355020148.groovy:39)
Caused by: com.kms.katalon.core.exception.StepFailedException: com.kms.katalon.core.webui.exception.WebElementNotFoundException: Web element with id: 'Object Repository/Item Details Objects/Page_diagnostics/Page_diagnostics/span_Number_of_units_Unit_of_measurement' located by '//*[(text() = 'Number of units/ Unit of measurement :' or . = 'Number of units/ Unit of measurement :')]' not found
	at com.kms.katalon.core.webui.keyword.internal.WebUIKeywordMain.stepFailed(WebUIKeywordMain.groovy:64)
	at com.kms.katalon.core.webui.keyword.builtin.VerifyElementPresentKeyword$_verifyElementPresent_closure1.doCall(VerifyElementPresentKeyword.groovy:85)
	at com.kms.katalon.core.webui.keyword.builtin.VerifyElementPresentKeyword$_verifyElementPresent_closure1.call(VerifyElementPresentKeyword.groovy)
	at com.kms.katalon.core.webui.keyword.internal.WebUIKeywordMain.runKeyword(WebUIKeywordMain.groovy:20)
	... 19 more


2021-05-07 10:56:48 - [TEST_STEP][PASSED] - callTestCase(findTestCase("Custom Item Details/UTILITIES/OPEN_BROWSER"), [:], STOP_ON_FAILURE): Call Test Case 'Test Cases/Custom Item Details/UTILITIES/OPEN_BROWSER' successfully

2021-05-07 10:56:48 - [TEST_CASE][PASSED] - Test Cases/Custom Item Details/UTILITIES/OPEN_BROWSER: Test Cases/Custom Item Details/UTILITIES/OPEN_BROWSER

2021-05-07 10:56:48 - [TEST_STEP][PASSED] - openBrowser("https://diagnostics.staging.arcadier.io/"): Browser is opened with url: 'https://diagnostics.staging.arcadier.io/'

2021-05-07 10:56:48 - [MESSAGE][WARNING] - A browser is already opened. Closing browser and opening a new one

2021-05-07 10:56:48 - [MESSAGE][INFO] - Starting 'Chrome' driver

2021-05-07 10:56:48 - [MESSAGE][INFO] - Action delay is set to 0 milliseconds

2021-05-07 10:57:00 - [MESSAGE][PASSED] - Browser is opened with url: 'https://diagnostics.staging.arcadier.io/'

2021-05-07 10:57:00 - [TEST_STEP][PASSED] - maximizeWindow(): Current window maximized

2021-05-07 10:57:01 - [MESSAGE][PASSED] - Current window maximized

2021-05-07 10:57:01 - [TEST_STEP][PASSED] - click(findTestObject("Item Details Objects/Page_diagnostics/a_Accept Cookies")): Object: 'Object Repository/Item Details Objects/Page_diagnostics/a_Accept Cookies' is clicked on

2021-05-07 10:57:01 - [MESSAGE][PASSED] - Object: 'Object Repository/Item Details Objects/Page_diagnostics/a_Accept Cookies' is clicked on

2021-05-07 10:57:01 - [TEST_STEP][PASSED] - click(findTestObject("Staging Objects/Page_diagnostics/a_COVID-19 DIAGNOSTICS"), STOP_ON_FAILURE): Object: 'Object Repository/Staging Objects/Page_diagnostics/a_COVID-19 DIAGNOSTICS' is clicked on

2021-05-07 10:57:03 - [MESSAGE][PASSED] - Object: 'Object Repository/Staging Objects/Page_diagnostics/a_COVID-19 DIAGNOSTICS' is clicked on

2021-05-07 10:57:03 - [TEST_STEP][PASSED] - mouseOver(findTestObject("Staging Objects/Page_diagnostics/a_STANDARD Q COVID-19 Ag Test")): Object: 'Object Repository/Staging Objects/Page_diagnostics/a_STANDARD Q COVID-19 Ag Test' is hovered

2021-05-07 10:57:04 - [MESSAGE][PASSED] - Object: 'Object Repository/Staging Objects/Page_diagnostics/a_STANDARD Q COVID-19 Ag Test' is hovered

2021-05-07 10:57:04 - [TEST_STEP][PASSED] - click(findTestObject("Staging Objects/Page_diagnostics/a_STANDARD Q COVID-19 Ag Test")): Object: 'Object Repository/Staging Objects/Page_diagnostics/a_STANDARD Q COVID-19 Ag Test' is clicked on

2021-05-07 10:57:08 - [MESSAGE][PASSED] - Object: 'Object Repository/Staging Objects/Page_diagnostics/a_STANDARD Q COVID-19 Ag Test' is clicked on

2021-05-07 10:57:08 - [MESSAGE][PASSED] - Call Test Case 'Test Cases/Custom Item Details/UTILITIES/OPEN_BROWSER' successfully

2021-05-07 10:57:08 - [TEST_STEP][PASSED] - waitForElementVisible(findTestObject("Item Details Objects/Page_diagnostics/Page_diagnostics/span_Number_of_units_Unit_of_measurement"), 0): Web element with id: 'Object Repository/Item Details Objects/Page_diagnostics/Page_diagnostics/span_Number_of_units_Unit_of_measurement' located by '//*[(text() = 'Number of units/ Unit of measurement :' or . = 'Number of units/ Unit of measurement :')]' not found

2021-05-07 10:57:08 - [MESSAGE][WARNING] - Timeout '0' is invalid. Using default page load timeout: '30'

2021-05-07 10:57:39 - [MESSAGE][INFO] - Unable to find the element located by 'By.xpath: //*[(text() = 'Number of units/ Unit of measurement :' or . = 'Number of units/ Unit of measurement :')]'. Please recheck the objects properties to make sure the desired element is located. 

2021-05-07 10:57:39 - [MESSAGE][WARNING] - Web element with id: 'Object Repository/Item Details Objects/Page_diagnostics/Page_diagnostics/span_Number_of_units_Unit_of_measurement' located by '//*[(text() = 'Number of units/ Unit of measurement :' or . = 'Number of units/ Unit of measurement :')]' not found

2021-05-07 10:57:39 - [TEST_STEP][FAILED] - verifyElementPresent(findTestObject("Item Details Objects/Page_diagnostics/Page_diagnostics/span_Number_of_units_Unit_of_measurement"), 0): Unable to verify object 'Object Repository/Item Details Objects/Page_diagnostics/Page_diagnostics/span_Number_of_units_Unit_of_measurement' is present (Root cause: com.kms.katalon.core.exception.StepFailedException: Unable to verify object 'Object Repository/Item Details Objects/Page_diagnostics/Page_diagnostics/span_Number_of_units_Unit_of_measurement' is present
	at com.kms.katalon.core.webui.keyword.internal.WebUIKeywordMain.stepFailed(WebUIKeywordMain.groovy:64)
	at com.kms.katalon.core.webui.keyword.internal.WebUIKeywordMain.runKeyword(WebUIKeywordMain.groovy:26)
	at com.kms.katalon.core.webui.keyword.builtin.VerifyElementPresentKeyword.verifyElementPresent(VerifyElementPresentKeyword.groovy:92)
	at com.kms.katalon.core.webui.keyword.builtin.VerifyElementPresentKeyword.execute(VerifyElementPresentKeyword.groovy:68)
	at com.kms.katalon.core.keyword.internal.KeywordExecutor.executeKeywordForPlatform(KeywordExecutor.groovy:73)
	at com.kms.katalon.core.webui.keyword.WebUiBuiltInKeywords.verifyElementPresent(WebUiBuiltInKeywords.groovy:1461)
	at com.kms.katalon.core.webui.keyword.WebUiBuiltInKeywords$verifyElementPresent$10.call(Unknown Source)
	at TC_DETAILS_UI_030.run(TC_DETAILS_UI_030:23)
	at com.kms.katalon.core.main.ScriptEngine.run(ScriptEngine.java:194)
	at com.kms.katalon.core.main.ScriptEngine.runScriptAsRawText(ScriptEngine.java:119)
	at com.kms.katalon.core.main.TestCaseExecutor.runScript(TestCaseExecutor.java:339)
	at com.kms.katalon.core.main.TestCaseExecutor.doExecute(TestCaseExecutor.java:330)
	at com.kms.katalon.core.main.TestCaseExecutor.processExecutionPhase(TestCaseExecutor.java:309)
	at com.kms.katalon.core.main.TestCaseExecutor.accessMainPhase(TestCaseExecutor.java:301)
	at com.kms.katalon.core.main.TestCaseExecutor.execute(TestCaseExecutor.java:235)
	at com.kms.katalon.core.main.TestSuiteExecutor.accessTestCaseMainPhase(TestSuiteExecutor.java:191)
	at com.kms.katalon.core.main.TestSuiteExecutor.accessTestSuiteMainPhase(TestSuiteExecutor.java:141)
	at com.kms.katalon.core.main.TestSuiteExecutor.execute(TestSuiteExecutor.java:90)
	at com.kms.katalon.core.main.TestCaseMain.startTestSuite(TestCaseMain.java:157)
	at com.kms.katalon.core.main.TestCaseMain$startTestSuite$0.call(Unknown Source)
	at TempTestSuite1620355020148.run(TempTestSuite1620355020148.groovy:39)
Caused by: com.kms.katalon.core.exception.StepFailedException: com.kms.katalon.core.webui.exception.WebElementNotFoundException: Web element with id: 'Object Repository/Item Details Objects/Page_diagnostics/Page_diagnostics/span_Number_of_units_Unit_of_measurement' located by '//*[(text() = 'Number of units/ Unit of measurement :' or . = 'Number of units/ Unit of measurement :')]' not found
	at com.kms.katalon.core.webui.keyword.internal.WebUIKeywordMain.stepFailed(WebUIKeywordMain.groovy:64)
	at com.kms.katalon.core.webui.keyword.builtin.VerifyElementPresentKeyword$_verifyElementPresent_closure1.doCall(VerifyElementPresentKeyword.groovy:85)
	at com.kms.katalon.core.webui.keyword.builtin.VerifyElementPresentKeyword$_verifyElementPresent_closure1.call(VerifyElementPresentKeyword.groovy)
	at com.kms.katalon.core.webui.keyword.internal.WebUIKeywordMain.runKeyword(WebUIKeywordMain.groovy:20)
	... 19 more
)

2021-05-07 10:57:39 - [MESSAGE][WARNING] - Timeout '0' is invalid. Using default page load timeout: '30'

2021-05-07 10:58:10 - [MESSAGE][INFO] - Unable to find the element located by 'By.xpath: //*[(text() = 'Number of units/ Unit of measurement :' or . = 'Number of units/ Unit of measurement :')]'. Please recheck the objects properties to make sure the desired element is located. 

2021-05-07 10:58:10 - [MESSAGE][FAILED] - com.kms.katalon.core.webui.exception.WebElementNotFoundException: Web element with id: 'Object Repository/Item Details Objects/Page_diagnostics/Page_diagnostics/span_Number_of_units_Unit_of_measurement' located by '//*[(text() = 'Number of units/ Unit of measurement :' or . = 'Number of units/ Unit of measurement :')]' not found (Root cause: com.kms.katalon.core.exception.StepFailedException: com.kms.katalon.core.webui.exception.WebElementNotFoundException: Web element with id: 'Object Repository/Item Details Objects/Page_diagnostics/Page_diagnostics/span_Number_of_units_Unit_of_measurement' located by '//*[(text() = 'Number of units/ Unit of measurement :' or . = 'Number of units/ Unit of measurement :')]' not found
	at com.kms.katalon.core.webui.keyword.internal.WebUIKeywordMain.stepFailed(WebUIKeywordMain.groovy:64)
	at com.kms.katalon.core.webui.keyword.builtin.VerifyElementPresentKeyword$_verifyElementPresent_closure1.doCall(VerifyElementPresentKeyword.groovy:85)
	at com.kms.katalon.core.webui.keyword.builtin.VerifyElementPresentKeyword$_verifyElementPresent_closure1.call(VerifyElementPresentKeyword.groovy)
	at com.kms.katalon.core.webui.keyword.internal.WebUIKeywordMain.runKeyword(WebUIKeywordMain.groovy:20)
	at com.kms.katalon.core.webui.keyword.builtin.VerifyElementPresentKeyword.verifyElementPresent(VerifyElementPresentKeyword.groovy:92)
	at com.kms.katalon.core.webui.keyword.builtin.VerifyElementPresentKeyword.execute(VerifyElementPresentKeyword.groovy:68)
	at com.kms.katalon.core.keyword.internal.KeywordExecutor.executeKeywordForPlatform(KeywordExecutor.groovy:73)
	at com.kms.katalon.core.webui.keyword.WebUiBuiltInKeywords.verifyElementPresent(WebUiBuiltInKeywords.groovy:1461)
	at com.kms.katalon.core.webui.keyword.WebUiBuiltInKeywords$verifyElementPresent$10.call(Unknown Source)
	at TC_DETAILS_UI_030.run(TC_DETAILS_UI_030:23)
	at com.kms.katalon.core.main.ScriptEngine.run(ScriptEngine.java:194)
	at com.kms.katalon.core.main.ScriptEngine.runScriptAsRawText(ScriptEngine.java:119)
	at com.kms.katalon.core.main.TestCaseExecutor.runScript(TestCaseExecutor.java:339)
	at com.kms.katalon.core.main.TestCaseExecutor.doExecute(TestCaseExecutor.java:330)
	at com.kms.katalon.core.main.TestCaseExecutor.processExecutionPhase(TestCaseExecutor.java:309)
	at com.kms.katalon.core.main.TestCaseExecutor.accessMainPhase(TestCaseExecutor.java:301)
	at com.kms.katalon.core.main.TestCaseExecutor.execute(TestCaseExecutor.java:235)
	at com.kms.katalon.core.main.TestSuiteExecutor.accessTestCaseMainPhase(TestSuiteExecutor.java:191)
	at com.kms.katalon.core.main.TestSuiteExecutor.accessTestSuiteMainPhase(TestSuiteExecutor.java:141)
	at com.kms.katalon.core.main.TestSuiteExecutor.execute(TestSuiteExecutor.java:90)
	at com.kms.katalon.core.main.TestCaseMain.startTestSuite(TestCaseMain.java:157)
	at com.kms.katalon.core.main.TestCaseMain$startTestSuite$0.call(Unknown Source)
	at TempTestSuite1620355020148.run(TempTestSuite1620355020148.groovy:39)
)
[[ATTACHMENT|K:\\Work\\GitHub\\find-item-detail-test_v2\\Reports\\20210507_103700\\Item detail test\\20210507_103700\\1620356290771.png]]

2021-05-07 10:58:11 - [MESSAGE][FAILED] - Unable to verify object 'Object Repository/Item Details Objects/Page_diagnostics/Page_diagnostics/span_Number_of_units_Unit_of_measurement' is present (Root cause: com.kms.katalon.core.exception.StepFailedException: Unable to verify object 'Object Repository/Item Details Objects/Page_diagnostics/Page_diagnostics/span_Number_of_units_Unit_of_measurement' is present
	at com.kms.katalon.core.webui.keyword.internal.WebUIKeywordMain.stepFailed(WebUIKeywordMain.groovy:64)
	at com.kms.katalon.core.webui.keyword.internal.WebUIKeywordMain.runKeyword(WebUIKeywordMain.groovy:26)
	at com.kms.katalon.core.webui.keyword.builtin.VerifyElementPresentKeyword.verifyElementPresent(VerifyElementPresentKeyword.groovy:92)
	at com.kms.katalon.core.webui.keyword.builtin.VerifyElementPresentKeyword.execute(VerifyElementPresentKeyword.groovy:68)
	at com.kms.katalon.core.keyword.internal.KeywordExecutor.executeKeywordForPlatform(KeywordExecutor.groovy:73)
	at com.kms.katalon.core.webui.keyword.WebUiBuiltInKeywords.verifyElementPresent(WebUiBuiltInKeywords.groovy:1461)
	at com.kms.katalon.core.webui.keyword.WebUiBuiltInKeywords$verifyElementPresent$10.call(Unknown Source)
	at TC_DETAILS_UI_030.run(TC_DETAILS_UI_030:23)
	at com.kms.katalon.core.main.ScriptEngine.run(ScriptEngine.java:194)
	at com.kms.katalon.core.main.ScriptEngine.runScriptAsRawText(ScriptEngine.java:119)
	at com.kms.katalon.core.main.TestCaseExecutor.runScript(TestCaseExecutor.java:339)
	at com.kms.katalon.core.main.TestCaseExecutor.doExecute(TestCaseExecutor.java:330)
	at com.kms.katalon.core.main.TestCaseExecutor.processExecutionPhase(TestCaseExecutor.java:309)
	at com.kms.katalon.core.main.TestCaseExecutor.accessMainPhase(TestCaseExecutor.java:301)
	at com.kms.katalon.core.main.TestCaseExecutor.execute(TestCaseExecutor.java:235)
	at com.kms.katalon.core.main.TestSuiteExecutor.accessTestCaseMainPhase(TestSuiteExecutor.java:191)
	at com.kms.katalon.core.main.TestSuiteExecutor.accessTestSuiteMainPhase(TestSuiteExecutor.java:141)
	at com.kms.katalon.core.main.TestSuiteExecutor.execute(TestSuiteExecutor.java:90)
	at com.kms.katalon.core.main.TestCaseMain.startTestSuite(TestCaseMain.java:157)
	at com.kms.katalon.core.main.TestCaseMain$startTestSuite$0.call(Unknown Source)
	at TempTestSuite1620355020148.run(TempTestSuite1620355020148.groovy:39)
Caused by: com.kms.katalon.core.exception.StepFailedException: com.kms.katalon.core.webui.exception.WebElementNotFoundException: Web element with id: 'Object Repository/Item Details Objects/Page_diagnostics/Page_diagnostics/span_Number_of_units_Unit_of_measurement' located by '//*[(text() = 'Number of units/ Unit of measurement :' or . = 'Number of units/ Unit of measurement :')]' not found
	at com.kms.katalon.core.webui.keyword.internal.WebUIKeywordMain.stepFailed(WebUIKeywordMain.groovy:64)
	at com.kms.katalon.core.webui.keyword.builtin.VerifyElementPresentKeyword$_verifyElementPresent_closure1.doCall(VerifyElementPresentKeyword.groovy:85)
	at com.kms.katalon.core.webui.keyword.builtin.VerifyElementPresentKeyword$_verifyElementPresent_closure1.call(VerifyElementPresentKeyword.groovy)
	at com.kms.katalon.core.webui.keyword.internal.WebUIKeywordMain.runKeyword(WebUIKeywordMain.groovy:20)
	... 19 more
)
[[ATTACHMENT|K:\\Work\\GitHub\\find-item-detail-test_v2\\Reports\\20210507_103700\\Item detail test\\20210507_103700\\1620356290926.png]]]]></system-out>
         <system-err><![CDATA[2021-05-07 10:56:48 - [TEST_CASE][FAILED] - Test Cases/Custom Item Details/TEST CASE/TC_DETAILS_UI_030: Test Cases/Custom Item Details/TEST CASE/TC_DETAILS_UI_030 FAILED.
Reason:
com.kms.katalon.core.exception.StepFailedException: Unable to verify object 'Object Repository/Item Details Objects/Page_diagnostics/Page_diagnostics/span_Number_of_units_Unit_of_measurement' is present
	at com.kms.katalon.core.webui.keyword.internal.WebUIKeywordMain.stepFailed(WebUIKeywordMain.groovy:64)
	at com.kms.katalon.core.webui.keyword.internal.WebUIKeywordMain.runKeyword(WebUIKeywordMain.groovy:26)
	at com.kms.katalon.core.webui.keyword.builtin.VerifyElementPresentKeyword.verifyElementPresent(VerifyElementPresentKeyword.groovy:92)
	at com.kms.katalon.core.webui.keyword.builtin.VerifyElementPresentKeyword.execute(VerifyElementPresentKeyword.groovy:68)
	at com.kms.katalon.core.keyword.internal.KeywordExecutor.executeKeywordForPlatform(KeywordExecutor.groovy:73)
	at com.kms.katalon.core.webui.keyword.WebUiBuiltInKeywords.verifyElementPresent(WebUiBuiltInKeywords.groovy:1461)
	at com.kms.katalon.core.webui.keyword.WebUiBuiltInKeywords$verifyElementPresent$10.call(Unknown Source)
	at TC_DETAILS_UI_030.run(TC_DETAILS_UI_030:23)
	at com.kms.katalon.core.main.ScriptEngine.run(ScriptEngine.java:194)
	at com.kms.katalon.core.main.ScriptEngine.runScriptAsRawText(ScriptEngine.java:119)
	at com.kms.katalon.core.main.TestCaseExecutor.runScript(TestCaseExecutor.java:339)
	at com.kms.katalon.core.main.TestCaseExecutor.doExecute(TestCaseExecutor.java:330)
	at com.kms.katalon.core.main.TestCaseExecutor.processExecutionPhase(TestCaseExecutor.java:309)
	at com.kms.katalon.core.main.TestCaseExecutor.accessMainPhase(TestCaseExecutor.java:301)
	at com.kms.katalon.core.main.TestCaseExecutor.execute(TestCaseExecutor.java:235)
	at com.kms.katalon.core.main.TestSuiteExecutor.accessTestCaseMainPhase(TestSuiteExecutor.java:191)
	at com.kms.katalon.core.main.TestSuiteExecutor.accessTestSuiteMainPhase(TestSuiteExecutor.java:141)
	at com.kms.katalon.core.main.TestSuiteExecutor.execute(TestSuiteExecutor.java:90)
	at com.kms.katalon.core.main.TestCaseMain.startTestSuite(TestCaseMain.java:157)
	at com.kms.katalon.core.main.TestCaseMain$startTestSuite$0.call(Unknown Source)
	at TempTestSuite1620355020148.run(TempTestSuite1620355020148.groovy:39)
Caused by: com.kms.katalon.core.exception.StepFailedException: com.kms.katalon.core.webui.exception.WebElementNotFoundException: Web element with id: 'Object Repository/Item Details Objects/Page_diagnostics/Page_diagnostics/span_Number_of_units_Unit_of_measurement' located by '//*[(text() = 'Number of units/ Unit of measurement :' or . = 'Number of units/ Unit of measurement :')]' not found
	at com.kms.katalon.core.webui.keyword.internal.WebUIKeywordMain.stepFailed(WebUIKeywordMain.groovy:64)
	at com.kms.katalon.core.webui.keyword.builtin.VerifyElementPresentKeyword$_verifyElementPresent_closure1.doCall(VerifyElementPresentKeyword.groovy:85)
	at com.kms.katalon.core.webui.keyword.builtin.VerifyElementPresentKeyword$_verifyElementPresent_closure1.call(VerifyElementPresentKeyword.groovy)
	at com.kms.katalon.core.webui.keyword.internal.WebUIKeywordMain.runKeyword(WebUIKeywordMain.groovy:20)
	... 19 more]]></system-err>
      </testcase>
      <testcase name="Test Cases/Custom Item Details/TEST CASE/TC_DETAILS_UI_031" time="80.866" classname="Test Cases/Custom Item Details/TEST CASE/TC_DETAILS_UI_031" status="FAILED">
         <failure type="FAILED" message="Test Cases/Custom Item Details/TEST CASE/TC_DETAILS_UI_031 FAILED.
Reason:
com.kms.katalon.core.exception.StepFailedException: Unable to verify object 'Object Repository/Item Details Objects/Page_diagnostics/Page_diagnostics/span_WEIGHT_(KG)' is present
	at com.kms.katalon.core.webui.keyword.internal.WebUIKeywordMain.stepFailed(WebUIKeywordMain.groovy:64)
	at com.kms.katalon.core.webui.keyword.internal.WebUIKeywordMain.runKeyword(WebUIKeywordMain.groovy:26)
	at com.kms.katalon.core.webui.keyword.builtin.VerifyElementPresentKeyword.verifyElementPresent(VerifyElementPresentKeyword.groovy:92)
	at com.kms.katalon.core.webui.keyword.builtin.VerifyElementPresentKeyword.execute(VerifyElementPresentKeyword.groovy:68)
	at com.kms.katalon.core.keyword.internal.KeywordExecutor.executeKeywordForPlatform(KeywordExecutor.groovy:73)
	at com.kms.katalon.core.webui.keyword.WebUiBuiltInKeywords.verifyElementPresent(WebUiBuiltInKeywords.groovy:1461)
	at com.kms.katalon.core.webui.keyword.WebUiBuiltInKeywords$verifyElementPresent$10.call(Unknown Source)
	at TC_DETAILS_UI_031.run(TC_DETAILS_UI_031:22)
	at com.kms.katalon.core.main.ScriptEngine.run(ScriptEngine.java:194)
	at com.kms.katalon.core.main.ScriptEngine.runScriptAsRawText(ScriptEngine.java:119)
	at com.kms.katalon.core.main.TestCaseExecutor.runScript(TestCaseExecutor.java:339)
	at com.kms.katalon.core.main.TestCaseExecutor.doExecute(TestCaseExecutor.java:330)
	at com.kms.katalon.core.main.TestCaseExecutor.processExecutionPhase(TestCaseExecutor.java:309)
	at com.kms.katalon.core.main.TestCaseExecutor.accessMainPhase(TestCaseExecutor.java:301)
	at com.kms.katalon.core.main.TestCaseExecutor.execute(TestCaseExecutor.java:235)
	at com.kms.katalon.core.main.TestSuiteExecutor.accessTestCaseMainPhase(TestSuiteExecutor.java:191)
	at com.kms.katalon.core.main.TestSuiteExecutor.accessTestSuiteMainPhase(TestSuiteExecutor.java:141)
	at com.kms.katalon.core.main.TestSuiteExecutor.execute(TestSuiteExecutor.java:90)
	at com.kms.katalon.core.main.TestCaseMain.startTestSuite(TestCaseMain.java:157)
	at com.kms.katalon.core.main.TestCaseMain$startTestSuite$0.call(Unknown Source)
	at TempTestSuite1620355020148.run(TempTestSuite1620355020148.groovy:39)
Caused by: com.kms.katalon.core.exception.StepFailedException: com.kms.katalon.core.webui.exception.WebElementNotFoundException: Web element with id: 'Object Repository/Item Details Objects/Page_diagnostics/Page_diagnostics/span_WEIGHT_(KG)' located by '//*[(text() = 'WEIGHT (KG):' or . = 'WEIGHT (KG):')]' not found
	at com.kms.katalon.core.webui.keyword.internal.WebUIKeywordMain.stepFailed(WebUIKeywordMain.groovy:64)
	at com.kms.katalon.core.webui.keyword.builtin.VerifyElementPresentKeyword$_verifyElementPresent_closure1.doCall(VerifyElementPresentKeyword.groovy:85)
	at com.kms.katalon.core.webui.keyword.builtin.VerifyElementPresentKeyword$_verifyElementPresent_closure1.call(VerifyElementPresentKeyword.groovy)
	at com.kms.katalon.core.webui.keyword.internal.WebUIKeywordMain.runKeyword(WebUIKeywordMain.groovy:20)
	... 19 more
"/>
         <system-out><![CDATA[2021-05-07 10:58:11 - [TEST_CASE][FAILED] - Test Cases/Custom Item Details/TEST CASE/TC_DETAILS_UI_031: Test Cases/Custom Item Details/TEST CASE/TC_DETAILS_UI_031 FAILED.
Reason:
com.kms.katalon.core.exception.StepFailedException: Unable to verify object 'Object Repository/Item Details Objects/Page_diagnostics/Page_diagnostics/span_WEIGHT_(KG)' is present
	at com.kms.katalon.core.webui.keyword.internal.WebUIKeywordMain.stepFailed(WebUIKeywordMain.groovy:64)
	at com.kms.katalon.core.webui.keyword.internal.WebUIKeywordMain.runKeyword(WebUIKeywordMain.groovy:26)
	at com.kms.katalon.core.webui.keyword.builtin.VerifyElementPresentKeyword.verifyElementPresent(VerifyElementPresentKeyword.groovy:92)
	at com.kms.katalon.core.webui.keyword.builtin.VerifyElementPresentKeyword.execute(VerifyElementPresentKeyword.groovy:68)
	at com.kms.katalon.core.keyword.internal.KeywordExecutor.executeKeywordForPlatform(KeywordExecutor.groovy:73)
	at com.kms.katalon.core.webui.keyword.WebUiBuiltInKeywords.verifyElementPresent(WebUiBuiltInKeywords.groovy:1461)
	at com.kms.katalon.core.webui.keyword.WebUiBuiltInKeywords$verifyElementPresent$10.call(Unknown Source)
	at TC_DETAILS_UI_031.run(TC_DETAILS_UI_031:22)
	at com.kms.katalon.core.main.ScriptEngine.run(ScriptEngine.java:194)
	at com.kms.katalon.core.main.ScriptEngine.runScriptAsRawText(ScriptEngine.java:119)
	at com.kms.katalon.core.main.TestCaseExecutor.runScript(TestCaseExecutor.java:339)
	at com.kms.katalon.core.main.TestCaseExecutor.doExecute(TestCaseExecutor.java:330)
	at com.kms.katalon.core.main.TestCaseExecutor.processExecutionPhase(TestCaseExecutor.java:309)
	at com.kms.katalon.core.main.TestCaseExecutor.accessMainPhase(TestCaseExecutor.java:301)
	at com.kms.katalon.core.main.TestCaseExecutor.execute(TestCaseExecutor.java:235)
	at com.kms.katalon.core.main.TestSuiteExecutor.accessTestCaseMainPhase(TestSuiteExecutor.java:191)
	at com.kms.katalon.core.main.TestSuiteExecutor.accessTestSuiteMainPhase(TestSuiteExecutor.java:141)
	at com.kms.katalon.core.main.TestSuiteExecutor.execute(TestSuiteExecutor.java:90)
	at com.kms.katalon.core.main.TestCaseMain.startTestSuite(TestCaseMain.java:157)
	at com.kms.katalon.core.main.TestCaseMain$startTestSuite$0.call(Unknown Source)
	at TempTestSuite1620355020148.run(TempTestSuite1620355020148.groovy:39)
Caused by: com.kms.katalon.core.exception.StepFailedException: com.kms.katalon.core.webui.exception.WebElementNotFoundException: Web element with id: 'Object Repository/Item Details Objects/Page_diagnostics/Page_diagnostics/span_WEIGHT_(KG)' located by '//*[(text() = 'WEIGHT (KG):' or . = 'WEIGHT (KG):')]' not found
	at com.kms.katalon.core.webui.keyword.internal.WebUIKeywordMain.stepFailed(WebUIKeywordMain.groovy:64)
	at com.kms.katalon.core.webui.keyword.builtin.VerifyElementPresentKeyword$_verifyElementPresent_closure1.doCall(VerifyElementPresentKeyword.groovy:85)
	at com.kms.katalon.core.webui.keyword.builtin.VerifyElementPresentKeyword$_verifyElementPresent_closure1.call(VerifyElementPresentKeyword.groovy)
	at com.kms.katalon.core.webui.keyword.internal.WebUIKeywordMain.runKeyword(WebUIKeywordMain.groovy:20)
	... 19 more


2021-05-07 10:58:11 - [TEST_STEP][PASSED] - callTestCase(findTestCase("Custom Item Details/UTILITIES/OPEN_BROWSER"), [:], STOP_ON_FAILURE): Call Test Case 'Test Cases/Custom Item Details/UTILITIES/OPEN_BROWSER' successfully

2021-05-07 10:58:11 - [TEST_CASE][PASSED] - Test Cases/Custom Item Details/UTILITIES/OPEN_BROWSER: Test Cases/Custom Item Details/UTILITIES/OPEN_BROWSER

2021-05-07 10:58:11 - [TEST_STEP][PASSED] - openBrowser("https://diagnostics.staging.arcadier.io/"): Browser is opened with url: 'https://diagnostics.staging.arcadier.io/'

2021-05-07 10:58:11 - [MESSAGE][WARNING] - A browser is already opened. Closing browser and opening a new one

2021-05-07 10:58:11 - [MESSAGE][INFO] - Starting 'Chrome' driver

2021-05-07 10:58:11 - [MESSAGE][INFO] - Action delay is set to 0 milliseconds

2021-05-07 10:58:23 - [MESSAGE][PASSED] - Browser is opened with url: 'https://diagnostics.staging.arcadier.io/'

2021-05-07 10:58:23 - [TEST_STEP][PASSED] - maximizeWindow(): Current window maximized

2021-05-07 10:58:24 - [MESSAGE][PASSED] - Current window maximized

2021-05-07 10:58:24 - [TEST_STEP][PASSED] - click(findTestObject("Item Details Objects/Page_diagnostics/a_Accept Cookies")): Object: 'Object Repository/Item Details Objects/Page_diagnostics/a_Accept Cookies' is clicked on

2021-05-07 10:58:24 - [MESSAGE][PASSED] - Object: 'Object Repository/Item Details Objects/Page_diagnostics/a_Accept Cookies' is clicked on

2021-05-07 10:58:24 - [TEST_STEP][PASSED] - click(findTestObject("Staging Objects/Page_diagnostics/a_COVID-19 DIAGNOSTICS"), STOP_ON_FAILURE): Object: 'Object Repository/Staging Objects/Page_diagnostics/a_COVID-19 DIAGNOSTICS' is clicked on

2021-05-07 10:58:26 - [MESSAGE][PASSED] - Object: 'Object Repository/Staging Objects/Page_diagnostics/a_COVID-19 DIAGNOSTICS' is clicked on

2021-05-07 10:58:26 - [TEST_STEP][PASSED] - mouseOver(findTestObject("Staging Objects/Page_diagnostics/a_STANDARD Q COVID-19 Ag Test")): Object: 'Object Repository/Staging Objects/Page_diagnostics/a_STANDARD Q COVID-19 Ag Test' is hovered

2021-05-07 10:58:27 - [MESSAGE][PASSED] - Object: 'Object Repository/Staging Objects/Page_diagnostics/a_STANDARD Q COVID-19 Ag Test' is hovered

2021-05-07 10:58:27 - [TEST_STEP][PASSED] - click(findTestObject("Staging Objects/Page_diagnostics/a_STANDARD Q COVID-19 Ag Test")): Object: 'Object Repository/Staging Objects/Page_diagnostics/a_STANDARD Q COVID-19 Ag Test' is clicked on

2021-05-07 10:58:29 - [MESSAGE][PASSED] - Object: 'Object Repository/Staging Objects/Page_diagnostics/a_STANDARD Q COVID-19 Ag Test' is clicked on

2021-05-07 10:58:29 - [MESSAGE][PASSED] - Call Test Case 'Test Cases/Custom Item Details/UTILITIES/OPEN_BROWSER' successfully

2021-05-07 10:58:29 - [TEST_STEP][PASSED] - waitForElementVisible(findTestObject("Item Details Objects/Page_diagnostics/Page_diagnostics/span_WEIGHT_(KG)"), 0): Web element with id: 'Object Repository/Item Details Objects/Page_diagnostics/Page_diagnostics/span_WEIGHT_(KG)' located by '//*[(text() = 'WEIGHT (KG):' or . = 'WEIGHT (KG):')]' not found

2021-05-07 10:58:29 - [MESSAGE][WARNING] - Timeout '0' is invalid. Using default page load timeout: '30'

2021-05-07 10:59:00 - [MESSAGE][INFO] - Unable to find the element located by 'By.xpath: //*[(text() = 'WEIGHT (KG):' or . = 'WEIGHT (KG):')]'. Please recheck the objects properties to make sure the desired element is located. 

2021-05-07 10:59:00 - [MESSAGE][WARNING] - Web element with id: 'Object Repository/Item Details Objects/Page_diagnostics/Page_diagnostics/span_WEIGHT_(KG)' located by '//*[(text() = 'WEIGHT (KG):' or . = 'WEIGHT (KG):')]' not found

2021-05-07 10:59:00 - [TEST_STEP][FAILED] - verifyElementPresent(findTestObject("Item Details Objects/Page_diagnostics/Page_diagnostics/span_WEIGHT_(KG)"), 0): Unable to verify object 'Object Repository/Item Details Objects/Page_diagnostics/Page_diagnostics/span_WEIGHT_(KG)' is present (Root cause: com.kms.katalon.core.exception.StepFailedException: Unable to verify object 'Object Repository/Item Details Objects/Page_diagnostics/Page_diagnostics/span_WEIGHT_(KG)' is present
	at com.kms.katalon.core.webui.keyword.internal.WebUIKeywordMain.stepFailed(WebUIKeywordMain.groovy:64)
	at com.kms.katalon.core.webui.keyword.internal.WebUIKeywordMain.runKeyword(WebUIKeywordMain.groovy:26)
	at com.kms.katalon.core.webui.keyword.builtin.VerifyElementPresentKeyword.verifyElementPresent(VerifyElementPresentKeyword.groovy:92)
	at com.kms.katalon.core.webui.keyword.builtin.VerifyElementPresentKeyword.execute(VerifyElementPresentKeyword.groovy:68)
	at com.kms.katalon.core.keyword.internal.KeywordExecutor.executeKeywordForPlatform(KeywordExecutor.groovy:73)
	at com.kms.katalon.core.webui.keyword.WebUiBuiltInKeywords.verifyElementPresent(WebUiBuiltInKeywords.groovy:1461)
	at com.kms.katalon.core.webui.keyword.WebUiBuiltInKeywords$verifyElementPresent$10.call(Unknown Source)
	at TC_DETAILS_UI_031.run(TC_DETAILS_UI_031:22)
	at com.kms.katalon.core.main.ScriptEngine.run(ScriptEngine.java:194)
	at com.kms.katalon.core.main.ScriptEngine.runScriptAsRawText(ScriptEngine.java:119)
	at com.kms.katalon.core.main.TestCaseExecutor.runScript(TestCaseExecutor.java:339)
	at com.kms.katalon.core.main.TestCaseExecutor.doExecute(TestCaseExecutor.java:330)
	at com.kms.katalon.core.main.TestCaseExecutor.processExecutionPhase(TestCaseExecutor.java:309)
	at com.kms.katalon.core.main.TestCaseExecutor.accessMainPhase(TestCaseExecutor.java:301)
	at com.kms.katalon.core.main.TestCaseExecutor.execute(TestCaseExecutor.java:235)
	at com.kms.katalon.core.main.TestSuiteExecutor.accessTestCaseMainPhase(TestSuiteExecutor.java:191)
	at com.kms.katalon.core.main.TestSuiteExecutor.accessTestSuiteMainPhase(TestSuiteExecutor.java:141)
	at com.kms.katalon.core.main.TestSuiteExecutor.execute(TestSuiteExecutor.java:90)
	at com.kms.katalon.core.main.TestCaseMain.startTestSuite(TestCaseMain.java:157)
	at com.kms.katalon.core.main.TestCaseMain$startTestSuite$0.call(Unknown Source)
	at TempTestSuite1620355020148.run(TempTestSuite1620355020148.groovy:39)
Caused by: com.kms.katalon.core.exception.StepFailedException: com.kms.katalon.core.webui.exception.WebElementNotFoundException: Web element with id: 'Object Repository/Item Details Objects/Page_diagnostics/Page_diagnostics/span_WEIGHT_(KG)' located by '//*[(text() = 'WEIGHT (KG):' or . = 'WEIGHT (KG):')]' not found
	at com.kms.katalon.core.webui.keyword.internal.WebUIKeywordMain.stepFailed(WebUIKeywordMain.groovy:64)
	at com.kms.katalon.core.webui.keyword.builtin.VerifyElementPresentKeyword$_verifyElementPresent_closure1.doCall(VerifyElementPresentKeyword.groovy:85)
	at com.kms.katalon.core.webui.keyword.builtin.VerifyElementPresentKeyword$_verifyElementPresent_closure1.call(VerifyElementPresentKeyword.groovy)
	at com.kms.katalon.core.webui.keyword.internal.WebUIKeywordMain.runKeyword(WebUIKeywordMain.groovy:20)
	... 19 more
)

2021-05-07 10:59:00 - [MESSAGE][WARNING] - Timeout '0' is invalid. Using default page load timeout: '30'

2021-05-07 10:59:31 - [MESSAGE][INFO] - Unable to find the element located by 'By.xpath: //*[(text() = 'WEIGHT (KG):' or . = 'WEIGHT (KG):')]'. Please recheck the objects properties to make sure the desired element is located. 

2021-05-07 10:59:31 - [MESSAGE][FAILED] - com.kms.katalon.core.webui.exception.WebElementNotFoundException: Web element with id: 'Object Repository/Item Details Objects/Page_diagnostics/Page_diagnostics/span_WEIGHT_(KG)' located by '//*[(text() = 'WEIGHT (KG):' or . = 'WEIGHT (KG):')]' not found (Root cause: com.kms.katalon.core.exception.StepFailedException: com.kms.katalon.core.webui.exception.WebElementNotFoundException: Web element with id: 'Object Repository/Item Details Objects/Page_diagnostics/Page_diagnostics/span_WEIGHT_(KG)' located by '//*[(text() = 'WEIGHT (KG):' or . = 'WEIGHT (KG):')]' not found
	at com.kms.katalon.core.webui.keyword.internal.WebUIKeywordMain.stepFailed(WebUIKeywordMain.groovy:64)
	at com.kms.katalon.core.webui.keyword.builtin.VerifyElementPresentKeyword$_verifyElementPresent_closure1.doCall(VerifyElementPresentKeyword.groovy:85)
	at com.kms.katalon.core.webui.keyword.builtin.VerifyElementPresentKeyword$_verifyElementPresent_closure1.call(VerifyElementPresentKeyword.groovy)
	at com.kms.katalon.core.webui.keyword.internal.WebUIKeywordMain.runKeyword(WebUIKeywordMain.groovy:20)
	at com.kms.katalon.core.webui.keyword.builtin.VerifyElementPresentKeyword.verifyElementPresent(VerifyElementPresentKeyword.groovy:92)
	at com.kms.katalon.core.webui.keyword.builtin.VerifyElementPresentKeyword.execute(VerifyElementPresentKeyword.groovy:68)
	at com.kms.katalon.core.keyword.internal.KeywordExecutor.executeKeywordForPlatform(KeywordExecutor.groovy:73)
	at com.kms.katalon.core.webui.keyword.WebUiBuiltInKeywords.verifyElementPresent(WebUiBuiltInKeywords.groovy:1461)
	at com.kms.katalon.core.webui.keyword.WebUiBuiltInKeywords$verifyElementPresent$10.call(Unknown Source)
	at TC_DETAILS_UI_031.run(TC_DETAILS_UI_031:22)
	at com.kms.katalon.core.main.ScriptEngine.run(ScriptEngine.java:194)
	at com.kms.katalon.core.main.ScriptEngine.runScriptAsRawText(ScriptEngine.java:119)
	at com.kms.katalon.core.main.TestCaseExecutor.runScript(TestCaseExecutor.java:339)
	at com.kms.katalon.core.main.TestCaseExecutor.doExecute(TestCaseExecutor.java:330)
	at com.kms.katalon.core.main.TestCaseExecutor.processExecutionPhase(TestCaseExecutor.java:309)
	at com.kms.katalon.core.main.TestCaseExecutor.accessMainPhase(TestCaseExecutor.java:301)
	at com.kms.katalon.core.main.TestCaseExecutor.execute(TestCaseExecutor.java:235)
	at com.kms.katalon.core.main.TestSuiteExecutor.accessTestCaseMainPhase(TestSuiteExecutor.java:191)
	at com.kms.katalon.core.main.TestSuiteExecutor.accessTestSuiteMainPhase(TestSuiteExecutor.java:141)
	at com.kms.katalon.core.main.TestSuiteExecutor.execute(TestSuiteExecutor.java:90)
	at com.kms.katalon.core.main.TestCaseMain.startTestSuite(TestCaseMain.java:157)
	at com.kms.katalon.core.main.TestCaseMain$startTestSuite$0.call(Unknown Source)
	at TempTestSuite1620355020148.run(TempTestSuite1620355020148.groovy:39)
)
[[ATTACHMENT|K:\\Work\\GitHub\\find-item-detail-test_v2\\Reports\\20210507_103700\\Item detail test\\20210507_103700\\1620356371646.png]]

2021-05-07 10:59:31 - [MESSAGE][FAILED] - Unable to verify object 'Object Repository/Item Details Objects/Page_diagnostics/Page_diagnostics/span_WEIGHT_(KG)' is present (Root cause: com.kms.katalon.core.exception.StepFailedException: Unable to verify object 'Object Repository/Item Details Objects/Page_diagnostics/Page_diagnostics/span_WEIGHT_(KG)' is present
	at com.kms.katalon.core.webui.keyword.internal.WebUIKeywordMain.stepFailed(WebUIKeywordMain.groovy:64)
	at com.kms.katalon.core.webui.keyword.internal.WebUIKeywordMain.runKeyword(WebUIKeywordMain.groovy:26)
	at com.kms.katalon.core.webui.keyword.builtin.VerifyElementPresentKeyword.verifyElementPresent(VerifyElementPresentKeyword.groovy:92)
	at com.kms.katalon.core.webui.keyword.builtin.VerifyElementPresentKeyword.execute(VerifyElementPresentKeyword.groovy:68)
	at com.kms.katalon.core.keyword.internal.KeywordExecutor.executeKeywordForPlatform(KeywordExecutor.groovy:73)
	at com.kms.katalon.core.webui.keyword.WebUiBuiltInKeywords.verifyElementPresent(WebUiBuiltInKeywords.groovy:1461)
	at com.kms.katalon.core.webui.keyword.WebUiBuiltInKeywords$verifyElementPresent$10.call(Unknown Source)
	at TC_DETAILS_UI_031.run(TC_DETAILS_UI_031:22)
	at com.kms.katalon.core.main.ScriptEngine.run(ScriptEngine.java:194)
	at com.kms.katalon.core.main.ScriptEngine.runScriptAsRawText(ScriptEngine.java:119)
	at com.kms.katalon.core.main.TestCaseExecutor.runScript(TestCaseExecutor.java:339)
	at com.kms.katalon.core.main.TestCaseExecutor.doExecute(TestCaseExecutor.java:330)
	at com.kms.katalon.core.main.TestCaseExecutor.processExecutionPhase(TestCaseExecutor.java:309)
	at com.kms.katalon.core.main.TestCaseExecutor.accessMainPhase(TestCaseExecutor.java:301)
	at com.kms.katalon.core.main.TestCaseExecutor.execute(TestCaseExecutor.java:235)
	at com.kms.katalon.core.main.TestSuiteExecutor.accessTestCaseMainPhase(TestSuiteExecutor.java:191)
	at com.kms.katalon.core.main.TestSuiteExecutor.accessTestSuiteMainPhase(TestSuiteExecutor.java:141)
	at com.kms.katalon.core.main.TestSuiteExecutor.execute(TestSuiteExecutor.java:90)
	at com.kms.katalon.core.main.TestCaseMain.startTestSuite(TestCaseMain.java:157)
	at com.kms.katalon.core.main.TestCaseMain$startTestSuite$0.call(Unknown Source)
	at TempTestSuite1620355020148.run(TempTestSuite1620355020148.groovy:39)
Caused by: com.kms.katalon.core.exception.StepFailedException: com.kms.katalon.core.webui.exception.WebElementNotFoundException: Web element with id: 'Object Repository/Item Details Objects/Page_diagnostics/Page_diagnostics/span_WEIGHT_(KG)' located by '//*[(text() = 'WEIGHT (KG):' or . = 'WEIGHT (KG):')]' not found
	at com.kms.katalon.core.webui.keyword.internal.WebUIKeywordMain.stepFailed(WebUIKeywordMain.groovy:64)
	at com.kms.katalon.core.webui.keyword.builtin.VerifyElementPresentKeyword$_verifyElementPresent_closure1.doCall(VerifyElementPresentKeyword.groovy:85)
	at com.kms.katalon.core.webui.keyword.builtin.VerifyElementPresentKeyword$_verifyElementPresent_closure1.call(VerifyElementPresentKeyword.groovy)
	at com.kms.katalon.core.webui.keyword.internal.WebUIKeywordMain.runKeyword(WebUIKeywordMain.groovy:20)
	... 19 more
)
[[ATTACHMENT|K:\\Work\\GitHub\\find-item-detail-test_v2\\Reports\\20210507_103700\\Item detail test\\20210507_103700\\1620356371796.png]]]]></system-out>
         <system-err><![CDATA[2021-05-07 10:58:11 - [TEST_CASE][FAILED] - Test Cases/Custom Item Details/TEST CASE/TC_DETAILS_UI_031: Test Cases/Custom Item Details/TEST CASE/TC_DETAILS_UI_031 FAILED.
Reason:
com.kms.katalon.core.exception.StepFailedException: Unable to verify object 'Object Repository/Item Details Objects/Page_diagnostics/Page_diagnostics/span_WEIGHT_(KG)' is present
	at com.kms.katalon.core.webui.keyword.internal.WebUIKeywordMain.stepFailed(WebUIKeywordMain.groovy:64)
	at com.kms.katalon.core.webui.keyword.internal.WebUIKeywordMain.runKeyword(WebUIKeywordMain.groovy:26)
	at com.kms.katalon.core.webui.keyword.builtin.VerifyElementPresentKeyword.verifyElementPresent(VerifyElementPresentKeyword.groovy:92)
	at com.kms.katalon.core.webui.keyword.builtin.VerifyElementPresentKeyword.execute(VerifyElementPresentKeyword.groovy:68)
	at com.kms.katalon.core.keyword.internal.KeywordExecutor.executeKeywordForPlatform(KeywordExecutor.groovy:73)
	at com.kms.katalon.core.webui.keyword.WebUiBuiltInKeywords.verifyElementPresent(WebUiBuiltInKeywords.groovy:1461)
	at com.kms.katalon.core.webui.keyword.WebUiBuiltInKeywords$verifyElementPresent$10.call(Unknown Source)
	at TC_DETAILS_UI_031.run(TC_DETAILS_UI_031:22)
	at com.kms.katalon.core.main.ScriptEngine.run(ScriptEngine.java:194)
	at com.kms.katalon.core.main.ScriptEngine.runScriptAsRawText(ScriptEngine.java:119)
	at com.kms.katalon.core.main.TestCaseExecutor.runScript(TestCaseExecutor.java:339)
	at com.kms.katalon.core.main.TestCaseExecutor.doExecute(TestCaseExecutor.java:330)
	at com.kms.katalon.core.main.TestCaseExecutor.processExecutionPhase(TestCaseExecutor.java:309)
	at com.kms.katalon.core.main.TestCaseExecutor.accessMainPhase(TestCaseExecutor.java:301)
	at com.kms.katalon.core.main.TestCaseExecutor.execute(TestCaseExecutor.java:235)
	at com.kms.katalon.core.main.TestSuiteExecutor.accessTestCaseMainPhase(TestSuiteExecutor.java:191)
	at com.kms.katalon.core.main.TestSuiteExecutor.accessTestSuiteMainPhase(TestSuiteExecutor.java:141)
	at com.kms.katalon.core.main.TestSuiteExecutor.execute(TestSuiteExecutor.java:90)
	at com.kms.katalon.core.main.TestCaseMain.startTestSuite(TestCaseMain.java:157)
	at com.kms.katalon.core.main.TestCaseMain$startTestSuite$0.call(Unknown Source)
	at TempTestSuite1620355020148.run(TempTestSuite1620355020148.groovy:39)
Caused by: com.kms.katalon.core.exception.StepFailedException: com.kms.katalon.core.webui.exception.WebElementNotFoundException: Web element with id: 'Object Repository/Item Details Objects/Page_diagnostics/Page_diagnostics/span_WEIGHT_(KG)' located by '//*[(text() = 'WEIGHT (KG):' or . = 'WEIGHT (KG):')]' not found
	at com.kms.katalon.core.webui.keyword.internal.WebUIKeywordMain.stepFailed(WebUIKeywordMain.groovy:64)
	at com.kms.katalon.core.webui.keyword.builtin.VerifyElementPresentKeyword$_verifyElementPresent_closure1.doCall(VerifyElementPresentKeyword.groovy:85)
	at com.kms.katalon.core.webui.keyword.builtin.VerifyElementPresentKeyword$_verifyElementPresent_closure1.call(VerifyElementPresentKeyword.groovy)
	at com.kms.katalon.core.webui.keyword.internal.WebUIKeywordMain.runKeyword(WebUIKeywordMain.groovy:20)
	... 19 more]]></system-err>
      </testcase>
      <testcase name="Test Cases/Custom Item Details/TEST CASE/TC_DETAILS_UI_032" time="80.355" classname="Test Cases/Custom Item Details/TEST CASE/TC_DETAILS_UI_032" status="FAILED">
         <failure type="FAILED" message="Test Cases/Custom Item Details/TEST CASE/TC_DETAILS_UI_032 FAILED.
Reason:
com.kms.katalon.core.exception.StepFailedException: Unable to verify object 'Object Repository/Item Details Objects/Page_diagnostics/Page_diagnostics/span_Volume' is present
	at com.kms.katalon.core.webui.keyword.internal.WebUIKeywordMain.stepFailed(WebUIKeywordMain.groovy:64)
	at com.kms.katalon.core.webui.keyword.internal.WebUIKeywordMain.runKeyword(WebUIKeywordMain.groovy:26)
	at com.kms.katalon.core.webui.keyword.builtin.VerifyElementPresentKeyword.verifyElementPresent(VerifyElementPresentKeyword.groovy:92)
	at com.kms.katalon.core.webui.keyword.builtin.VerifyElementPresentKeyword.execute(VerifyElementPresentKeyword.groovy:68)
	at com.kms.katalon.core.keyword.internal.KeywordExecutor.executeKeywordForPlatform(KeywordExecutor.groovy:73)
	at com.kms.katalon.core.webui.keyword.WebUiBuiltInKeywords.verifyElementPresent(WebUiBuiltInKeywords.groovy:1461)
	at com.kms.katalon.core.webui.keyword.WebUiBuiltInKeywords$verifyElementPresent$10.call(Unknown Source)
	at TC_DETAILS_UI_032.run(TC_DETAILS_UI_032:22)
	at com.kms.katalon.core.main.ScriptEngine.run(ScriptEngine.java:194)
	at com.kms.katalon.core.main.ScriptEngine.runScriptAsRawText(ScriptEngine.java:119)
	at com.kms.katalon.core.main.TestCaseExecutor.runScript(TestCaseExecutor.java:339)
	at com.kms.katalon.core.main.TestCaseExecutor.doExecute(TestCaseExecutor.java:330)
	at com.kms.katalon.core.main.TestCaseExecutor.processExecutionPhase(TestCaseExecutor.java:309)
	at com.kms.katalon.core.main.TestCaseExecutor.accessMainPhase(TestCaseExecutor.java:301)
	at com.kms.katalon.core.main.TestCaseExecutor.execute(TestCaseExecutor.java:235)
	at com.kms.katalon.core.main.TestSuiteExecutor.accessTestCaseMainPhase(TestSuiteExecutor.java:191)
	at com.kms.katalon.core.main.TestSuiteExecutor.accessTestSuiteMainPhase(TestSuiteExecutor.java:141)
	at com.kms.katalon.core.main.TestSuiteExecutor.execute(TestSuiteExecutor.java:90)
	at com.kms.katalon.core.main.TestCaseMain.startTestSuite(TestCaseMain.java:157)
	at com.kms.katalon.core.main.TestCaseMain$startTestSuite$0.call(Unknown Source)
	at TempTestSuite1620355020148.run(TempTestSuite1620355020148.groovy:39)
Caused by: com.kms.katalon.core.exception.StepFailedException: com.kms.katalon.core.webui.exception.WebElementNotFoundException: Web element with id: 'Object Repository/Item Details Objects/Page_diagnostics/Page_diagnostics/span_Volume' located by '//*[(text() = 'Volume :' or . = 'Volume :')]' not found
	at com.kms.katalon.core.webui.keyword.internal.WebUIKeywordMain.stepFailed(WebUIKeywordMain.groovy:64)
	at com.kms.katalon.core.webui.keyword.builtin.VerifyElementPresentKeyword$_verifyElementPresent_closure1.doCall(VerifyElementPresentKeyword.groovy:85)
	at com.kms.katalon.core.webui.keyword.builtin.VerifyElementPresentKeyword$_verifyElementPresent_closure1.call(VerifyElementPresentKeyword.groovy)
	at com.kms.katalon.core.webui.keyword.internal.WebUIKeywordMain.runKeyword(WebUIKeywordMain.groovy:20)
	... 19 more
"/>
         <system-out><![CDATA[2021-05-07 10:59:31 - [TEST_CASE][FAILED] - Test Cases/Custom Item Details/TEST CASE/TC_DETAILS_UI_032: Test Cases/Custom Item Details/TEST CASE/TC_DETAILS_UI_032 FAILED.
Reason:
com.kms.katalon.core.exception.StepFailedException: Unable to verify object 'Object Repository/Item Details Objects/Page_diagnostics/Page_diagnostics/span_Volume' is present
	at com.kms.katalon.core.webui.keyword.internal.WebUIKeywordMain.stepFailed(WebUIKeywordMain.groovy:64)
	at com.kms.katalon.core.webui.keyword.internal.WebUIKeywordMain.runKeyword(WebUIKeywordMain.groovy:26)
	at com.kms.katalon.core.webui.keyword.builtin.VerifyElementPresentKeyword.verifyElementPresent(VerifyElementPresentKeyword.groovy:92)
	at com.kms.katalon.core.webui.keyword.builtin.VerifyElementPresentKeyword.execute(VerifyElementPresentKeyword.groovy:68)
	at com.kms.katalon.core.keyword.internal.KeywordExecutor.executeKeywordForPlatform(KeywordExecutor.groovy:73)
	at com.kms.katalon.core.webui.keyword.WebUiBuiltInKeywords.verifyElementPresent(WebUiBuiltInKeywords.groovy:1461)
	at com.kms.katalon.core.webui.keyword.WebUiBuiltInKeywords$verifyElementPresent$10.call(Unknown Source)
	at TC_DETAILS_UI_032.run(TC_DETAILS_UI_032:22)
	at com.kms.katalon.core.main.ScriptEngine.run(ScriptEngine.java:194)
	at com.kms.katalon.core.main.ScriptEngine.runScriptAsRawText(ScriptEngine.java:119)
	at com.kms.katalon.core.main.TestCaseExecutor.runScript(TestCaseExecutor.java:339)
	at com.kms.katalon.core.main.TestCaseExecutor.doExecute(TestCaseExecutor.java:330)
	at com.kms.katalon.core.main.TestCaseExecutor.processExecutionPhase(TestCaseExecutor.java:309)
	at com.kms.katalon.core.main.TestCaseExecutor.accessMainPhase(TestCaseExecutor.java:301)
	at com.kms.katalon.core.main.TestCaseExecutor.execute(TestCaseExecutor.java:235)
	at com.kms.katalon.core.main.TestSuiteExecutor.accessTestCaseMainPhase(TestSuiteExecutor.java:191)
	at com.kms.katalon.core.main.TestSuiteExecutor.accessTestSuiteMainPhase(TestSuiteExecutor.java:141)
	at com.kms.katalon.core.main.TestSuiteExecutor.execute(TestSuiteExecutor.java:90)
	at com.kms.katalon.core.main.TestCaseMain.startTestSuite(TestCaseMain.java:157)
	at com.kms.katalon.core.main.TestCaseMain$startTestSuite$0.call(Unknown Source)
	at TempTestSuite1620355020148.run(TempTestSuite1620355020148.groovy:39)
Caused by: com.kms.katalon.core.exception.StepFailedException: com.kms.katalon.core.webui.exception.WebElementNotFoundException: Web element with id: 'Object Repository/Item Details Objects/Page_diagnostics/Page_diagnostics/span_Volume' located by '//*[(text() = 'Volume :' or . = 'Volume :')]' not found
	at com.kms.katalon.core.webui.keyword.internal.WebUIKeywordMain.stepFailed(WebUIKeywordMain.groovy:64)
	at com.kms.katalon.core.webui.keyword.builtin.VerifyElementPresentKeyword$_verifyElementPresent_closure1.doCall(VerifyElementPresentKeyword.groovy:85)
	at com.kms.katalon.core.webui.keyword.builtin.VerifyElementPresentKeyword$_verifyElementPresent_closure1.call(VerifyElementPresentKeyword.groovy)
	at com.kms.katalon.core.webui.keyword.internal.WebUIKeywordMain.runKeyword(WebUIKeywordMain.groovy:20)
	... 19 more


2021-05-07 10:59:32 - [TEST_STEP][PASSED] - callTestCase(findTestCase("Custom Item Details/UTILITIES/OPEN_BROWSER"), [:], STOP_ON_FAILURE): Call Test Case 'Test Cases/Custom Item Details/UTILITIES/OPEN_BROWSER' successfully

2021-05-07 10:59:32 - [TEST_CASE][PASSED] - Test Cases/Custom Item Details/UTILITIES/OPEN_BROWSER: Test Cases/Custom Item Details/UTILITIES/OPEN_BROWSER

2021-05-07 10:59:32 - [TEST_STEP][PASSED] - openBrowser("https://diagnostics.staging.arcadier.io/"): Browser is opened with url: 'https://diagnostics.staging.arcadier.io/'

2021-05-07 10:59:32 - [MESSAGE][WARNING] - A browser is already opened. Closing browser and opening a new one

2021-05-07 10:59:32 - [MESSAGE][INFO] - Starting 'Chrome' driver

2021-05-07 10:59:32 - [MESSAGE][INFO] - Action delay is set to 0 milliseconds

2021-05-07 10:59:42 - [MESSAGE][PASSED] - Browser is opened with url: 'https://diagnostics.staging.arcadier.io/'

2021-05-07 10:59:42 - [TEST_STEP][PASSED] - maximizeWindow(): Current window maximized

2021-05-07 10:59:42 - [MESSAGE][PASSED] - Current window maximized

2021-05-07 10:59:42 - [TEST_STEP][PASSED] - click(findTestObject("Item Details Objects/Page_diagnostics/a_Accept Cookies")): Object: 'Object Repository/Item Details Objects/Page_diagnostics/a_Accept Cookies' is clicked on

2021-05-07 10:59:44 - [MESSAGE][PASSED] - Object: 'Object Repository/Item Details Objects/Page_diagnostics/a_Accept Cookies' is clicked on

2021-05-07 10:59:44 - [TEST_STEP][PASSED] - click(findTestObject("Staging Objects/Page_diagnostics/a_COVID-19 DIAGNOSTICS"), STOP_ON_FAILURE): Object: 'Object Repository/Staging Objects/Page_diagnostics/a_COVID-19 DIAGNOSTICS' is clicked on

2021-05-07 10:59:46 - [MESSAGE][PASSED] - Object: 'Object Repository/Staging Objects/Page_diagnostics/a_COVID-19 DIAGNOSTICS' is clicked on

2021-05-07 10:59:46 - [TEST_STEP][PASSED] - mouseOver(findTestObject("Staging Objects/Page_diagnostics/a_STANDARD Q COVID-19 Ag Test")): Object: 'Object Repository/Staging Objects/Page_diagnostics/a_STANDARD Q COVID-19 Ag Test' is hovered

2021-05-07 10:59:47 - [MESSAGE][PASSED] - Object: 'Object Repository/Staging Objects/Page_diagnostics/a_STANDARD Q COVID-19 Ag Test' is hovered

2021-05-07 10:59:47 - [TEST_STEP][PASSED] - click(findTestObject("Staging Objects/Page_diagnostics/a_STANDARD Q COVID-19 Ag Test")): Object: 'Object Repository/Staging Objects/Page_diagnostics/a_STANDARD Q COVID-19 Ag Test' is clicked on

2021-05-07 10:59:49 - [MESSAGE][PASSED] - Object: 'Object Repository/Staging Objects/Page_diagnostics/a_STANDARD Q COVID-19 Ag Test' is clicked on

2021-05-07 10:59:49 - [MESSAGE][PASSED] - Call Test Case 'Test Cases/Custom Item Details/UTILITIES/OPEN_BROWSER' successfully

2021-05-07 10:59:49 - [TEST_STEP][PASSED] - waitForElementVisible(findTestObject("Item Details Objects/Page_diagnostics/Page_diagnostics/span_Volume"), 0): Web element with id: 'Object Repository/Item Details Objects/Page_diagnostics/Page_diagnostics/span_Volume' located by '//*[(text() = 'Volume :' or . = 'Volume :')]' not found

2021-05-07 10:59:49 - [MESSAGE][WARNING] - Timeout '0' is invalid. Using default page load timeout: '30'

2021-05-07 11:00:20 - [MESSAGE][INFO] - Unable to find the element located by 'By.xpath: //*[(text() = 'Volume :' or . = 'Volume :')]'. Please recheck the objects properties to make sure the desired element is located. 

2021-05-07 11:00:20 - [MESSAGE][WARNING] - Web element with id: 'Object Repository/Item Details Objects/Page_diagnostics/Page_diagnostics/span_Volume' located by '//*[(text() = 'Volume :' or . = 'Volume :')]' not found

2021-05-07 11:00:20 - [TEST_STEP][FAILED] - verifyElementPresent(findTestObject("Item Details Objects/Page_diagnostics/Page_diagnostics/span_Volume"), 0): Unable to verify object 'Object Repository/Item Details Objects/Page_diagnostics/Page_diagnostics/span_Volume' is present (Root cause: com.kms.katalon.core.exception.StepFailedException: Unable to verify object 'Object Repository/Item Details Objects/Page_diagnostics/Page_diagnostics/span_Volume' is present
	at com.kms.katalon.core.webui.keyword.internal.WebUIKeywordMain.stepFailed(WebUIKeywordMain.groovy:64)
	at com.kms.katalon.core.webui.keyword.internal.WebUIKeywordMain.runKeyword(WebUIKeywordMain.groovy:26)
	at com.kms.katalon.core.webui.keyword.builtin.VerifyElementPresentKeyword.verifyElementPresent(VerifyElementPresentKeyword.groovy:92)
	at com.kms.katalon.core.webui.keyword.builtin.VerifyElementPresentKeyword.execute(VerifyElementPresentKeyword.groovy:68)
	at com.kms.katalon.core.keyword.internal.KeywordExecutor.executeKeywordForPlatform(KeywordExecutor.groovy:73)
	at com.kms.katalon.core.webui.keyword.WebUiBuiltInKeywords.verifyElementPresent(WebUiBuiltInKeywords.groovy:1461)
	at com.kms.katalon.core.webui.keyword.WebUiBuiltInKeywords$verifyElementPresent$10.call(Unknown Source)
	at TC_DETAILS_UI_032.run(TC_DETAILS_UI_032:22)
	at com.kms.katalon.core.main.ScriptEngine.run(ScriptEngine.java:194)
	at com.kms.katalon.core.main.ScriptEngine.runScriptAsRawText(ScriptEngine.java:119)
	at com.kms.katalon.core.main.TestCaseExecutor.runScript(TestCaseExecutor.java:339)
	at com.kms.katalon.core.main.TestCaseExecutor.doExecute(TestCaseExecutor.java:330)
	at com.kms.katalon.core.main.TestCaseExecutor.processExecutionPhase(TestCaseExecutor.java:309)
	at com.kms.katalon.core.main.TestCaseExecutor.accessMainPhase(TestCaseExecutor.java:301)
	at com.kms.katalon.core.main.TestCaseExecutor.execute(TestCaseExecutor.java:235)
	at com.kms.katalon.core.main.TestSuiteExecutor.accessTestCaseMainPhase(TestSuiteExecutor.java:191)
	at com.kms.katalon.core.main.TestSuiteExecutor.accessTestSuiteMainPhase(TestSuiteExecutor.java:141)
	at com.kms.katalon.core.main.TestSuiteExecutor.execute(TestSuiteExecutor.java:90)
	at com.kms.katalon.core.main.TestCaseMain.startTestSuite(TestCaseMain.java:157)
	at com.kms.katalon.core.main.TestCaseMain$startTestSuite$0.call(Unknown Source)
	at TempTestSuite1620355020148.run(TempTestSuite1620355020148.groovy:39)
Caused by: com.kms.katalon.core.exception.StepFailedException: com.kms.katalon.core.webui.exception.WebElementNotFoundException: Web element with id: 'Object Repository/Item Details Objects/Page_diagnostics/Page_diagnostics/span_Volume' located by '//*[(text() = 'Volume :' or . = 'Volume :')]' not found
	at com.kms.katalon.core.webui.keyword.internal.WebUIKeywordMain.stepFailed(WebUIKeywordMain.groovy:64)
	at com.kms.katalon.core.webui.keyword.builtin.VerifyElementPresentKeyword$_verifyElementPresent_closure1.doCall(VerifyElementPresentKeyword.groovy:85)
	at com.kms.katalon.core.webui.keyword.builtin.VerifyElementPresentKeyword$_verifyElementPresent_closure1.call(VerifyElementPresentKeyword.groovy)
	at com.kms.katalon.core.webui.keyword.internal.WebUIKeywordMain.runKeyword(WebUIKeywordMain.groovy:20)
	... 19 more
)

2021-05-07 11:00:20 - [MESSAGE][WARNING] - Timeout '0' is invalid. Using default page load timeout: '30'

2021-05-07 11:00:52 - [MESSAGE][INFO] - Unable to find the element located by 'By.xpath: //*[(text() = 'Volume :' or . = 'Volume :')]'. Please recheck the objects properties to make sure the desired element is located. 

2021-05-07 11:00:52 - [MESSAGE][FAILED] - com.kms.katalon.core.webui.exception.WebElementNotFoundException: Web element with id: 'Object Repository/Item Details Objects/Page_diagnostics/Page_diagnostics/span_Volume' located by '//*[(text() = 'Volume :' or . = 'Volume :')]' not found (Root cause: com.kms.katalon.core.exception.StepFailedException: com.kms.katalon.core.webui.exception.WebElementNotFoundException: Web element with id: 'Object Repository/Item Details Objects/Page_diagnostics/Page_diagnostics/span_Volume' located by '//*[(text() = 'Volume :' or . = 'Volume :')]' not found
	at com.kms.katalon.core.webui.keyword.internal.WebUIKeywordMain.stepFailed(WebUIKeywordMain.groovy:64)
	at com.kms.katalon.core.webui.keyword.builtin.VerifyElementPresentKeyword$_verifyElementPresent_closure1.doCall(VerifyElementPresentKeyword.groovy:85)
	at com.kms.katalon.core.webui.keyword.builtin.VerifyElementPresentKeyword$_verifyElementPresent_closure1.call(VerifyElementPresentKeyword.groovy)
	at com.kms.katalon.core.webui.keyword.internal.WebUIKeywordMain.runKeyword(WebUIKeywordMain.groovy:20)
	at com.kms.katalon.core.webui.keyword.builtin.VerifyElementPresentKeyword.verifyElementPresent(VerifyElementPresentKeyword.groovy:92)
	at com.kms.katalon.core.webui.keyword.builtin.VerifyElementPresentKeyword.execute(VerifyElementPresentKeyword.groovy:68)
	at com.kms.katalon.core.keyword.internal.KeywordExecutor.executeKeywordForPlatform(KeywordExecutor.groovy:73)
	at com.kms.katalon.core.webui.keyword.WebUiBuiltInKeywords.verifyElementPresent(WebUiBuiltInKeywords.groovy:1461)
	at com.kms.katalon.core.webui.keyword.WebUiBuiltInKeywords$verifyElementPresent$10.call(Unknown Source)
	at TC_DETAILS_UI_032.run(TC_DETAILS_UI_032:22)
	at com.kms.katalon.core.main.ScriptEngine.run(ScriptEngine.java:194)
	at com.kms.katalon.core.main.ScriptEngine.runScriptAsRawText(ScriptEngine.java:119)
	at com.kms.katalon.core.main.TestCaseExecutor.runScript(TestCaseExecutor.java:339)
	at com.kms.katalon.core.main.TestCaseExecutor.doExecute(TestCaseExecutor.java:330)
	at com.kms.katalon.core.main.TestCaseExecutor.processExecutionPhase(TestCaseExecutor.java:309)
	at com.kms.katalon.core.main.TestCaseExecutor.accessMainPhase(TestCaseExecutor.java:301)
	at com.kms.katalon.core.main.TestCaseExecutor.execute(TestCaseExecutor.java:235)
	at com.kms.katalon.core.main.TestSuiteExecutor.accessTestCaseMainPhase(TestSuiteExecutor.java:191)
	at com.kms.katalon.core.main.TestSuiteExecutor.accessTestSuiteMainPhase(TestSuiteExecutor.java:141)
	at com.kms.katalon.core.main.TestSuiteExecutor.execute(TestSuiteExecutor.java:90)
	at com.kms.katalon.core.main.TestCaseMain.startTestSuite(TestCaseMain.java:157)
	at com.kms.katalon.core.main.TestCaseMain$startTestSuite$0.call(Unknown Source)
	at TempTestSuite1620355020148.run(TempTestSuite1620355020148.groovy:39)
)
[[ATTACHMENT|K:\\Work\\GitHub\\find-item-detail-test_v2\\Reports\\20210507_103700\\Item detail test\\20210507_103700\\1620356452001.png]]

2021-05-07 11:00:52 - [MESSAGE][FAILED] - Unable to verify object 'Object Repository/Item Details Objects/Page_diagnostics/Page_diagnostics/span_Volume' is present (Root cause: com.kms.katalon.core.exception.StepFailedException: Unable to verify object 'Object Repository/Item Details Objects/Page_diagnostics/Page_diagnostics/span_Volume' is present
	at com.kms.katalon.core.webui.keyword.internal.WebUIKeywordMain.stepFailed(WebUIKeywordMain.groovy:64)
	at com.kms.katalon.core.webui.keyword.internal.WebUIKeywordMain.runKeyword(WebUIKeywordMain.groovy:26)
	at com.kms.katalon.core.webui.keyword.builtin.VerifyElementPresentKeyword.verifyElementPresent(VerifyElementPresentKeyword.groovy:92)
	at com.kms.katalon.core.webui.keyword.builtin.VerifyElementPresentKeyword.execute(VerifyElementPresentKeyword.groovy:68)
	at com.kms.katalon.core.keyword.internal.KeywordExecutor.executeKeywordForPlatform(KeywordExecutor.groovy:73)
	at com.kms.katalon.core.webui.keyword.WebUiBuiltInKeywords.verifyElementPresent(WebUiBuiltInKeywords.groovy:1461)
	at com.kms.katalon.core.webui.keyword.WebUiBuiltInKeywords$verifyElementPresent$10.call(Unknown Source)
	at TC_DETAILS_UI_032.run(TC_DETAILS_UI_032:22)
	at com.kms.katalon.core.main.ScriptEngine.run(ScriptEngine.java:194)
	at com.kms.katalon.core.main.ScriptEngine.runScriptAsRawText(ScriptEngine.java:119)
	at com.kms.katalon.core.main.TestCaseExecutor.runScript(TestCaseExecutor.java:339)
	at com.kms.katalon.core.main.TestCaseExecutor.doExecute(TestCaseExecutor.java:330)
	at com.kms.katalon.core.main.TestCaseExecutor.processExecutionPhase(TestCaseExecutor.java:309)
	at com.kms.katalon.core.main.TestCaseExecutor.accessMainPhase(TestCaseExecutor.java:301)
	at com.kms.katalon.core.main.TestCaseExecutor.execute(TestCaseExecutor.java:235)
	at com.kms.katalon.core.main.TestSuiteExecutor.accessTestCaseMainPhase(TestSuiteExecutor.java:191)
	at com.kms.katalon.core.main.TestSuiteExecutor.accessTestSuiteMainPhase(TestSuiteExecutor.java:141)
	at com.kms.katalon.core.main.TestSuiteExecutor.execute(TestSuiteExecutor.java:90)
	at com.kms.katalon.core.main.TestCaseMain.startTestSuite(TestCaseMain.java:157)
	at com.kms.katalon.core.main.TestCaseMain$startTestSuite$0.call(Unknown Source)
	at TempTestSuite1620355020148.run(TempTestSuite1620355020148.groovy:39)
Caused by: com.kms.katalon.core.exception.StepFailedException: com.kms.katalon.core.webui.exception.WebElementNotFoundException: Web element with id: 'Object Repository/Item Details Objects/Page_diagnostics/Page_diagnostics/span_Volume' located by '//*[(text() = 'Volume :' or . = 'Volume :')]' not found
	at com.kms.katalon.core.webui.keyword.internal.WebUIKeywordMain.stepFailed(WebUIKeywordMain.groovy:64)
	at com.kms.katalon.core.webui.keyword.builtin.VerifyElementPresentKeyword$_verifyElementPresent_closure1.doCall(VerifyElementPresentKeyword.groovy:85)
	at com.kms.katalon.core.webui.keyword.builtin.VerifyElementPresentKeyword$_verifyElementPresent_closure1.call(VerifyElementPresentKeyword.groovy)
	at com.kms.katalon.core.webui.keyword.internal.WebUIKeywordMain.runKeyword(WebUIKeywordMain.groovy:20)
	... 19 more
)
[[ATTACHMENT|K:\\Work\\GitHub\\find-item-detail-test_v2\\Reports\\20210507_103700\\Item detail test\\20210507_103700\\1620356452153.png]]]]></system-out>
         <system-err><![CDATA[2021-05-07 10:59:31 - [TEST_CASE][FAILED] - Test Cases/Custom Item Details/TEST CASE/TC_DETAILS_UI_032: Test Cases/Custom Item Details/TEST CASE/TC_DETAILS_UI_032 FAILED.
Reason:
com.kms.katalon.core.exception.StepFailedException: Unable to verify object 'Object Repository/Item Details Objects/Page_diagnostics/Page_diagnostics/span_Volume' is present
	at com.kms.katalon.core.webui.keyword.internal.WebUIKeywordMain.stepFailed(WebUIKeywordMain.groovy:64)
	at com.kms.katalon.core.webui.keyword.internal.WebUIKeywordMain.runKeyword(WebUIKeywordMain.groovy:26)
	at com.kms.katalon.core.webui.keyword.builtin.VerifyElementPresentKeyword.verifyElementPresent(VerifyElementPresentKeyword.groovy:92)
	at com.kms.katalon.core.webui.keyword.builtin.VerifyElementPresentKeyword.execute(VerifyElementPresentKeyword.groovy:68)
	at com.kms.katalon.core.keyword.internal.KeywordExecutor.executeKeywordForPlatform(KeywordExecutor.groovy:73)
	at com.kms.katalon.core.webui.keyword.WebUiBuiltInKeywords.verifyElementPresent(WebUiBuiltInKeywords.groovy:1461)
	at com.kms.katalon.core.webui.keyword.WebUiBuiltInKeywords$verifyElementPresent$10.call(Unknown Source)
	at TC_DETAILS_UI_032.run(TC_DETAILS_UI_032:22)
	at com.kms.katalon.core.main.ScriptEngine.run(ScriptEngine.java:194)
	at com.kms.katalon.core.main.ScriptEngine.runScriptAsRawText(ScriptEngine.java:119)
	at com.kms.katalon.core.main.TestCaseExecutor.runScript(TestCaseExecutor.java:339)
	at com.kms.katalon.core.main.TestCaseExecutor.doExecute(TestCaseExecutor.java:330)
	at com.kms.katalon.core.main.TestCaseExecutor.processExecutionPhase(TestCaseExecutor.java:309)
	at com.kms.katalon.core.main.TestCaseExecutor.accessMainPhase(TestCaseExecutor.java:301)
	at com.kms.katalon.core.main.TestCaseExecutor.execute(TestCaseExecutor.java:235)
	at com.kms.katalon.core.main.TestSuiteExecutor.accessTestCaseMainPhase(TestSuiteExecutor.java:191)
	at com.kms.katalon.core.main.TestSuiteExecutor.accessTestSuiteMainPhase(TestSuiteExecutor.java:141)
	at com.kms.katalon.core.main.TestSuiteExecutor.execute(TestSuiteExecutor.java:90)
	at com.kms.katalon.core.main.TestCaseMain.startTestSuite(TestCaseMain.java:157)
	at com.kms.katalon.core.main.TestCaseMain$startTestSuite$0.call(Unknown Source)
	at TempTestSuite1620355020148.run(TempTestSuite1620355020148.groovy:39)
Caused by: com.kms.katalon.core.exception.StepFailedException: com.kms.katalon.core.webui.exception.WebElementNotFoundException: Web element with id: 'Object Repository/Item Details Objects/Page_diagnostics/Page_diagnostics/span_Volume' located by '//*[(text() = 'Volume :' or . = 'Volume :')]' not found
	at com.kms.katalon.core.webui.keyword.internal.WebUIKeywordMain.stepFailed(WebUIKeywordMain.groovy:64)
	at com.kms.katalon.core.webui.keyword.builtin.VerifyElementPresentKeyword$_verifyElementPresent_closure1.doCall(VerifyElementPresentKeyword.groovy:85)
	at com.kms.katalon.core.webui.keyword.builtin.VerifyElementPresentKeyword$_verifyElementPresent_closure1.call(VerifyElementPresentKeyword.groovy)
	at com.kms.katalon.core.webui.keyword.internal.WebUIKeywordMain.runKeyword(WebUIKeywordMain.groovy:20)
	... 19 more]]></system-err>
      </testcase>
      <testcase name="Test Cases/Custom Item Details/TEST CASE/TC_DETAILS_UI_033" time="84.901" classname="Test Cases/Custom Item Details/TEST CASE/TC_DETAILS_UI_033" status="FAILED">
         <failure type="FAILED" message="Test Cases/Custom Item Details/TEST CASE/TC_DETAILS_UI_033 FAILED.
Reason:
com.kms.katalon.core.exception.StepFailedException: Unable to verify object 'Object Repository/Item Details Objects/Page_diagnostics/Page_diagnostics/span_Other_details' is present
	at com.kms.katalon.core.webui.keyword.internal.WebUIKeywordMain.stepFailed(WebUIKeywordMain.groovy:64)
	at com.kms.katalon.core.webui.keyword.internal.WebUIKeywordMain.runKeyword(WebUIKeywordMain.groovy:26)
	at com.kms.katalon.core.webui.keyword.builtin.VerifyElementPresentKeyword.verifyElementPresent(VerifyElementPresentKeyword.groovy:92)
	at com.kms.katalon.core.webui.keyword.builtin.VerifyElementPresentKeyword.execute(VerifyElementPresentKeyword.groovy:68)
	at com.kms.katalon.core.keyword.internal.KeywordExecutor.executeKeywordForPlatform(KeywordExecutor.groovy:73)
	at com.kms.katalon.core.webui.keyword.WebUiBuiltInKeywords.verifyElementPresent(WebUiBuiltInKeywords.groovy:1461)
	at com.kms.katalon.core.webui.keyword.WebUiBuiltInKeywords$verifyElementPresent$10.call(Unknown Source)
	at TC_DETAILS_UI_033.run(TC_DETAILS_UI_033:23)
	at com.kms.katalon.core.main.ScriptEngine.run(ScriptEngine.java:194)
	at com.kms.katalon.core.main.ScriptEngine.runScriptAsRawText(ScriptEngine.java:119)
	at com.kms.katalon.core.main.TestCaseExecutor.runScript(TestCaseExecutor.java:339)
	at com.kms.katalon.core.main.TestCaseExecutor.doExecute(TestCaseExecutor.java:330)
	at com.kms.katalon.core.main.TestCaseExecutor.processExecutionPhase(TestCaseExecutor.java:309)
	at com.kms.katalon.core.main.TestCaseExecutor.accessMainPhase(TestCaseExecutor.java:301)
	at com.kms.katalon.core.main.TestCaseExecutor.execute(TestCaseExecutor.java:235)
	at com.kms.katalon.core.main.TestSuiteExecutor.accessTestCaseMainPhase(TestSuiteExecutor.java:191)
	at com.kms.katalon.core.main.TestSuiteExecutor.accessTestSuiteMainPhase(TestSuiteExecutor.java:141)
	at com.kms.katalon.core.main.TestSuiteExecutor.execute(TestSuiteExecutor.java:90)
	at com.kms.katalon.core.main.TestCaseMain.startTestSuite(TestCaseMain.java:157)
	at com.kms.katalon.core.main.TestCaseMain$startTestSuite$0.call(Unknown Source)
	at TempTestSuite1620355020148.run(TempTestSuite1620355020148.groovy:39)
Caused by: com.kms.katalon.core.exception.StepFailedException: com.kms.katalon.core.webui.exception.WebElementNotFoundException: Web element with id: 'Object Repository/Item Details Objects/Page_diagnostics/Page_diagnostics/span_Other_details' located by '//*[(text() = 'Other details:' or . = 'Other details:')]' not found
	at com.kms.katalon.core.webui.keyword.internal.WebUIKeywordMain.stepFailed(WebUIKeywordMain.groovy:64)
	at com.kms.katalon.core.webui.keyword.builtin.VerifyElementPresentKeyword$_verifyElementPresent_closure1.doCall(VerifyElementPresentKeyword.groovy:85)
	at com.kms.katalon.core.webui.keyword.builtin.VerifyElementPresentKeyword$_verifyElementPresent_closure1.call(VerifyElementPresentKeyword.groovy)
	at com.kms.katalon.core.webui.keyword.internal.WebUIKeywordMain.runKeyword(WebUIKeywordMain.groovy:20)
	... 19 more
"/>
         <system-out><![CDATA[2021-05-07 11:00:52 - [TEST_CASE][FAILED] - Test Cases/Custom Item Details/TEST CASE/TC_DETAILS_UI_033: Test Cases/Custom Item Details/TEST CASE/TC_DETAILS_UI_033 FAILED.
Reason:
com.kms.katalon.core.exception.StepFailedException: Unable to verify object 'Object Repository/Item Details Objects/Page_diagnostics/Page_diagnostics/span_Other_details' is present
	at com.kms.katalon.core.webui.keyword.internal.WebUIKeywordMain.stepFailed(WebUIKeywordMain.groovy:64)
	at com.kms.katalon.core.webui.keyword.internal.WebUIKeywordMain.runKeyword(WebUIKeywordMain.groovy:26)
	at com.kms.katalon.core.webui.keyword.builtin.VerifyElementPresentKeyword.verifyElementPresent(VerifyElementPresentKeyword.groovy:92)
	at com.kms.katalon.core.webui.keyword.builtin.VerifyElementPresentKeyword.execute(VerifyElementPresentKeyword.groovy:68)
	at com.kms.katalon.core.keyword.internal.KeywordExecutor.executeKeywordForPlatform(KeywordExecutor.groovy:73)
	at com.kms.katalon.core.webui.keyword.WebUiBuiltInKeywords.verifyElementPresent(WebUiBuiltInKeywords.groovy:1461)
	at com.kms.katalon.core.webui.keyword.WebUiBuiltInKeywords$verifyElementPresent$10.call(Unknown Source)
	at TC_DETAILS_UI_033.run(TC_DETAILS_UI_033:23)
	at com.kms.katalon.core.main.ScriptEngine.run(ScriptEngine.java:194)
	at com.kms.katalon.core.main.ScriptEngine.runScriptAsRawText(ScriptEngine.java:119)
	at com.kms.katalon.core.main.TestCaseExecutor.runScript(TestCaseExecutor.java:339)
	at com.kms.katalon.core.main.TestCaseExecutor.doExecute(TestCaseExecutor.java:330)
	at com.kms.katalon.core.main.TestCaseExecutor.processExecutionPhase(TestCaseExecutor.java:309)
	at com.kms.katalon.core.main.TestCaseExecutor.accessMainPhase(TestCaseExecutor.java:301)
	at com.kms.katalon.core.main.TestCaseExecutor.execute(TestCaseExecutor.java:235)
	at com.kms.katalon.core.main.TestSuiteExecutor.accessTestCaseMainPhase(TestSuiteExecutor.java:191)
	at com.kms.katalon.core.main.TestSuiteExecutor.accessTestSuiteMainPhase(TestSuiteExecutor.java:141)
	at com.kms.katalon.core.main.TestSuiteExecutor.execute(TestSuiteExecutor.java:90)
	at com.kms.katalon.core.main.TestCaseMain.startTestSuite(TestCaseMain.java:157)
	at com.kms.katalon.core.main.TestCaseMain$startTestSuite$0.call(Unknown Source)
	at TempTestSuite1620355020148.run(TempTestSuite1620355020148.groovy:39)
Caused by: com.kms.katalon.core.exception.StepFailedException: com.kms.katalon.core.webui.exception.WebElementNotFoundException: Web element with id: 'Object Repository/Item Details Objects/Page_diagnostics/Page_diagnostics/span_Other_details' located by '//*[(text() = 'Other details:' or . = 'Other details:')]' not found
	at com.kms.katalon.core.webui.keyword.internal.WebUIKeywordMain.stepFailed(WebUIKeywordMain.groovy:64)
	at com.kms.katalon.core.webui.keyword.builtin.VerifyElementPresentKeyword$_verifyElementPresent_closure1.doCall(VerifyElementPresentKeyword.groovy:85)
	at com.kms.katalon.core.webui.keyword.builtin.VerifyElementPresentKeyword$_verifyElementPresent_closure1.call(VerifyElementPresentKeyword.groovy)
	at com.kms.katalon.core.webui.keyword.internal.WebUIKeywordMain.runKeyword(WebUIKeywordMain.groovy:20)
	... 19 more


2021-05-07 11:00:52 - [TEST_STEP][PASSED] - callTestCase(findTestCase("Custom Item Details/UTILITIES/OPEN_BROWSER"), [:], STOP_ON_FAILURE): Call Test Case 'Test Cases/Custom Item Details/UTILITIES/OPEN_BROWSER' successfully

2021-05-07 11:00:52 - [TEST_CASE][PASSED] - Test Cases/Custom Item Details/UTILITIES/OPEN_BROWSER: Test Cases/Custom Item Details/UTILITIES/OPEN_BROWSER

2021-05-07 11:00:52 - [TEST_STEP][PASSED] - openBrowser("https://diagnostics.staging.arcadier.io/"): Browser is opened with url: 'https://diagnostics.staging.arcadier.io/'

2021-05-07 11:00:52 - [MESSAGE][WARNING] - A browser is already opened. Closing browser and opening a new one

2021-05-07 11:00:53 - [MESSAGE][INFO] - Starting 'Chrome' driver

2021-05-07 11:00:53 - [MESSAGE][INFO] - Action delay is set to 0 milliseconds

2021-05-07 11:01:08 - [MESSAGE][PASSED] - Browser is opened with url: 'https://diagnostics.staging.arcadier.io/'

2021-05-07 11:01:08 - [TEST_STEP][PASSED] - maximizeWindow(): Current window maximized

2021-05-07 11:01:09 - [MESSAGE][PASSED] - Current window maximized

2021-05-07 11:01:09 - [TEST_STEP][PASSED] - click(findTestObject("Item Details Objects/Page_diagnostics/a_Accept Cookies")): Object: 'Object Repository/Item Details Objects/Page_diagnostics/a_Accept Cookies' is clicked on

2021-05-07 11:01:09 - [MESSAGE][PASSED] - Object: 'Object Repository/Item Details Objects/Page_diagnostics/a_Accept Cookies' is clicked on

2021-05-07 11:01:09 - [TEST_STEP][PASSED] - click(findTestObject("Staging Objects/Page_diagnostics/a_COVID-19 DIAGNOSTICS"), STOP_ON_FAILURE): Object: 'Object Repository/Staging Objects/Page_diagnostics/a_COVID-19 DIAGNOSTICS' is clicked on

2021-05-07 11:01:11 - [MESSAGE][PASSED] - Object: 'Object Repository/Staging Objects/Page_diagnostics/a_COVID-19 DIAGNOSTICS' is clicked on

2021-05-07 11:01:11 - [TEST_STEP][PASSED] - mouseOver(findTestObject("Staging Objects/Page_diagnostics/a_STANDARD Q COVID-19 Ag Test")): Object: 'Object Repository/Staging Objects/Page_diagnostics/a_STANDARD Q COVID-19 Ag Test' is hovered

2021-05-07 11:01:12 - [MESSAGE][PASSED] - Object: 'Object Repository/Staging Objects/Page_diagnostics/a_STANDARD Q COVID-19 Ag Test' is hovered

2021-05-07 11:01:12 - [TEST_STEP][PASSED] - click(findTestObject("Staging Objects/Page_diagnostics/a_STANDARD Q COVID-19 Ag Test")): Object: 'Object Repository/Staging Objects/Page_diagnostics/a_STANDARD Q COVID-19 Ag Test' is clicked on

2021-05-07 11:01:14 - [MESSAGE][PASSED] - Object: 'Object Repository/Staging Objects/Page_diagnostics/a_STANDARD Q COVID-19 Ag Test' is clicked on

2021-05-07 11:01:14 - [MESSAGE][PASSED] - Call Test Case 'Test Cases/Custom Item Details/UTILITIES/OPEN_BROWSER' successfully

2021-05-07 11:01:14 - [TEST_STEP][PASSED] - waitForElementVisible(findTestObject("Item Details Objects/Page_diagnostics/Page_diagnostics/span_Other_details"), 0): Web element with id: 'Object Repository/Item Details Objects/Page_diagnostics/Page_diagnostics/span_Other_details' located by '//*[(text() = 'Other details:' or . = 'Other details:')]' not found

2021-05-07 11:01:14 - [MESSAGE][WARNING] - Timeout '0' is invalid. Using default page load timeout: '30'

2021-05-07 11:01:45 - [MESSAGE][INFO] - Unable to find the element located by 'By.xpath: //*[(text() = 'Other details:' or . = 'Other details:')]'. Please recheck the objects properties to make sure the desired element is located. 

2021-05-07 11:01:45 - [MESSAGE][WARNING] - Web element with id: 'Object Repository/Item Details Objects/Page_diagnostics/Page_diagnostics/span_Other_details' located by '//*[(text() = 'Other details:' or . = 'Other details:')]' not found

2021-05-07 11:01:45 - [TEST_STEP][FAILED] - verifyElementPresent(findTestObject("Item Details Objects/Page_diagnostics/Page_diagnostics/span_Other_details"), 0): Unable to verify object 'Object Repository/Item Details Objects/Page_diagnostics/Page_diagnostics/span_Other_details' is present (Root cause: com.kms.katalon.core.exception.StepFailedException: Unable to verify object 'Object Repository/Item Details Objects/Page_diagnostics/Page_diagnostics/span_Other_details' is present
	at com.kms.katalon.core.webui.keyword.internal.WebUIKeywordMain.stepFailed(WebUIKeywordMain.groovy:64)
	at com.kms.katalon.core.webui.keyword.internal.WebUIKeywordMain.runKeyword(WebUIKeywordMain.groovy:26)
	at com.kms.katalon.core.webui.keyword.builtin.VerifyElementPresentKeyword.verifyElementPresent(VerifyElementPresentKeyword.groovy:92)
	at com.kms.katalon.core.webui.keyword.builtin.VerifyElementPresentKeyword.execute(VerifyElementPresentKeyword.groovy:68)
	at com.kms.katalon.core.keyword.internal.KeywordExecutor.executeKeywordForPlatform(KeywordExecutor.groovy:73)
	at com.kms.katalon.core.webui.keyword.WebUiBuiltInKeywords.verifyElementPresent(WebUiBuiltInKeywords.groovy:1461)
	at com.kms.katalon.core.webui.keyword.WebUiBuiltInKeywords$verifyElementPresent$10.call(Unknown Source)
	at TC_DETAILS_UI_033.run(TC_DETAILS_UI_033:23)
	at com.kms.katalon.core.main.ScriptEngine.run(ScriptEngine.java:194)
	at com.kms.katalon.core.main.ScriptEngine.runScriptAsRawText(ScriptEngine.java:119)
	at com.kms.katalon.core.main.TestCaseExecutor.runScript(TestCaseExecutor.java:339)
	at com.kms.katalon.core.main.TestCaseExecutor.doExecute(TestCaseExecutor.java:330)
	at com.kms.katalon.core.main.TestCaseExecutor.processExecutionPhase(TestCaseExecutor.java:309)
	at com.kms.katalon.core.main.TestCaseExecutor.accessMainPhase(TestCaseExecutor.java:301)
	at com.kms.katalon.core.main.TestCaseExecutor.execute(TestCaseExecutor.java:235)
	at com.kms.katalon.core.main.TestSuiteExecutor.accessTestCaseMainPhase(TestSuiteExecutor.java:191)
	at com.kms.katalon.core.main.TestSuiteExecutor.accessTestSuiteMainPhase(TestSuiteExecutor.java:141)
	at com.kms.katalon.core.main.TestSuiteExecutor.execute(TestSuiteExecutor.java:90)
	at com.kms.katalon.core.main.TestCaseMain.startTestSuite(TestCaseMain.java:157)
	at com.kms.katalon.core.main.TestCaseMain$startTestSuite$0.call(Unknown Source)
	at TempTestSuite1620355020148.run(TempTestSuite1620355020148.groovy:39)
Caused by: com.kms.katalon.core.exception.StepFailedException: com.kms.katalon.core.webui.exception.WebElementNotFoundException: Web element with id: 'Object Repository/Item Details Objects/Page_diagnostics/Page_diagnostics/span_Other_details' located by '//*[(text() = 'Other details:' or . = 'Other details:')]' not found
	at com.kms.katalon.core.webui.keyword.internal.WebUIKeywordMain.stepFailed(WebUIKeywordMain.groovy:64)
	at com.kms.katalon.core.webui.keyword.builtin.VerifyElementPresentKeyword$_verifyElementPresent_closure1.doCall(VerifyElementPresentKeyword.groovy:85)
	at com.kms.katalon.core.webui.keyword.builtin.VerifyElementPresentKeyword$_verifyElementPresent_closure1.call(VerifyElementPresentKeyword.groovy)
	at com.kms.katalon.core.webui.keyword.internal.WebUIKeywordMain.runKeyword(WebUIKeywordMain.groovy:20)
	... 19 more
)

2021-05-07 11:01:45 - [MESSAGE][WARNING] - Timeout '0' is invalid. Using default page load timeout: '30'

2021-05-07 11:02:16 - [MESSAGE][INFO] - Unable to find the element located by 'By.xpath: //*[(text() = 'Other details:' or . = 'Other details:')]'. Please recheck the objects properties to make sure the desired element is located. 

2021-05-07 11:02:17 - [MESSAGE][FAILED] - com.kms.katalon.core.webui.exception.WebElementNotFoundException: Web element with id: 'Object Repository/Item Details Objects/Page_diagnostics/Page_diagnostics/span_Other_details' located by '//*[(text() = 'Other details:' or . = 'Other details:')]' not found (Root cause: com.kms.katalon.core.exception.StepFailedException: com.kms.katalon.core.webui.exception.WebElementNotFoundException: Web element with id: 'Object Repository/Item Details Objects/Page_diagnostics/Page_diagnostics/span_Other_details' located by '//*[(text() = 'Other details:' or . = 'Other details:')]' not found
	at com.kms.katalon.core.webui.keyword.internal.WebUIKeywordMain.stepFailed(WebUIKeywordMain.groovy:64)
	at com.kms.katalon.core.webui.keyword.builtin.VerifyElementPresentKeyword$_verifyElementPresent_closure1.doCall(VerifyElementPresentKeyword.groovy:85)
	at com.kms.katalon.core.webui.keyword.builtin.VerifyElementPresentKeyword$_verifyElementPresent_closure1.call(VerifyElementPresentKeyword.groovy)
	at com.kms.katalon.core.webui.keyword.internal.WebUIKeywordMain.runKeyword(WebUIKeywordMain.groovy:20)
	at com.kms.katalon.core.webui.keyword.builtin.VerifyElementPresentKeyword.verifyElementPresent(VerifyElementPresentKeyword.groovy:92)
	at com.kms.katalon.core.webui.keyword.builtin.VerifyElementPresentKeyword.execute(VerifyElementPresentKeyword.groovy:68)
	at com.kms.katalon.core.keyword.internal.KeywordExecutor.executeKeywordForPlatform(KeywordExecutor.groovy:73)
	at com.kms.katalon.core.webui.keyword.WebUiBuiltInKeywords.verifyElementPresent(WebUiBuiltInKeywords.groovy:1461)
	at com.kms.katalon.core.webui.keyword.WebUiBuiltInKeywords$verifyElementPresent$10.call(Unknown Source)
	at TC_DETAILS_UI_033.run(TC_DETAILS_UI_033:23)
	at com.kms.katalon.core.main.ScriptEngine.run(ScriptEngine.java:194)
	at com.kms.katalon.core.main.ScriptEngine.runScriptAsRawText(ScriptEngine.java:119)
	at com.kms.katalon.core.main.TestCaseExecutor.runScript(TestCaseExecutor.java:339)
	at com.kms.katalon.core.main.TestCaseExecutor.doExecute(TestCaseExecutor.java:330)
	at com.kms.katalon.core.main.TestCaseExecutor.processExecutionPhase(TestCaseExecutor.java:309)
	at com.kms.katalon.core.main.TestCaseExecutor.accessMainPhase(TestCaseExecutor.java:301)
	at com.kms.katalon.core.main.TestCaseExecutor.execute(TestCaseExecutor.java:235)
	at com.kms.katalon.core.main.TestSuiteExecutor.accessTestCaseMainPhase(TestSuiteExecutor.java:191)
	at com.kms.katalon.core.main.TestSuiteExecutor.accessTestSuiteMainPhase(TestSuiteExecutor.java:141)
	at com.kms.katalon.core.main.TestSuiteExecutor.execute(TestSuiteExecutor.java:90)
	at com.kms.katalon.core.main.TestCaseMain.startTestSuite(TestCaseMain.java:157)
	at com.kms.katalon.core.main.TestCaseMain$startTestSuite$0.call(Unknown Source)
	at TempTestSuite1620355020148.run(TempTestSuite1620355020148.groovy:39)
)
[[ATTACHMENT|K:\\Work\\GitHub\\find-item-detail-test_v2\\Reports\\20210507_103700\\Item detail test\\20210507_103700\\1620356536875.png]]

2021-05-07 11:02:17 - [MESSAGE][FAILED] - Unable to verify object 'Object Repository/Item Details Objects/Page_diagnostics/Page_diagnostics/span_Other_details' is present (Root cause: com.kms.katalon.core.exception.StepFailedException: Unable to verify object 'Object Repository/Item Details Objects/Page_diagnostics/Page_diagnostics/span_Other_details' is present
	at com.kms.katalon.core.webui.keyword.internal.WebUIKeywordMain.stepFailed(WebUIKeywordMain.groovy:64)
	at com.kms.katalon.core.webui.keyword.internal.WebUIKeywordMain.runKeyword(WebUIKeywordMain.groovy:26)
	at com.kms.katalon.core.webui.keyword.builtin.VerifyElementPresentKeyword.verifyElementPresent(VerifyElementPresentKeyword.groovy:92)
	at com.kms.katalon.core.webui.keyword.builtin.VerifyElementPresentKeyword.execute(VerifyElementPresentKeyword.groovy:68)
	at com.kms.katalon.core.keyword.internal.KeywordExecutor.executeKeywordForPlatform(KeywordExecutor.groovy:73)
	at com.kms.katalon.core.webui.keyword.WebUiBuiltInKeywords.verifyElementPresent(WebUiBuiltInKeywords.groovy:1461)
	at com.kms.katalon.core.webui.keyword.WebUiBuiltInKeywords$verifyElementPresent$10.call(Unknown Source)
	at TC_DETAILS_UI_033.run(TC_DETAILS_UI_033:23)
	at com.kms.katalon.core.main.ScriptEngine.run(ScriptEngine.java:194)
	at com.kms.katalon.core.main.ScriptEngine.runScriptAsRawText(ScriptEngine.java:119)
	at com.kms.katalon.core.main.TestCaseExecutor.runScript(TestCaseExecutor.java:339)
	at com.kms.katalon.core.main.TestCaseExecutor.doExecute(TestCaseExecutor.java:330)
	at com.kms.katalon.core.main.TestCaseExecutor.processExecutionPhase(TestCaseExecutor.java:309)
	at com.kms.katalon.core.main.TestCaseExecutor.accessMainPhase(TestCaseExecutor.java:301)
	at com.kms.katalon.core.main.TestCaseExecutor.execute(TestCaseExecutor.java:235)
	at com.kms.katalon.core.main.TestSuiteExecutor.accessTestCaseMainPhase(TestSuiteExecutor.java:191)
	at com.kms.katalon.core.main.TestSuiteExecutor.accessTestSuiteMainPhase(TestSuiteExecutor.java:141)
	at com.kms.katalon.core.main.TestSuiteExecutor.execute(TestSuiteExecutor.java:90)
	at com.kms.katalon.core.main.TestCaseMain.startTestSuite(TestCaseMain.java:157)
	at com.kms.katalon.core.main.TestCaseMain$startTestSuite$0.call(Unknown Source)
	at TempTestSuite1620355020148.run(TempTestSuite1620355020148.groovy:39)
Caused by: com.kms.katalon.core.exception.StepFailedException: com.kms.katalon.core.webui.exception.WebElementNotFoundException: Web element with id: 'Object Repository/Item Details Objects/Page_diagnostics/Page_diagnostics/span_Other_details' located by '//*[(text() = 'Other details:' or . = 'Other details:')]' not found
	at com.kms.katalon.core.webui.keyword.internal.WebUIKeywordMain.stepFailed(WebUIKeywordMain.groovy:64)
	at com.kms.katalon.core.webui.keyword.builtin.VerifyElementPresentKeyword$_verifyElementPresent_closure1.doCall(VerifyElementPresentKeyword.groovy:85)
	at com.kms.katalon.core.webui.keyword.builtin.VerifyElementPresentKeyword$_verifyElementPresent_closure1.call(VerifyElementPresentKeyword.groovy)
	at com.kms.katalon.core.webui.keyword.internal.WebUIKeywordMain.runKeyword(WebUIKeywordMain.groovy:20)
	... 19 more
)
[[ATTACHMENT|K:\\Work\\GitHub\\find-item-detail-test_v2\\Reports\\20210507_103700\\Item detail test\\20210507_103700\\1620356537050.png]]]]></system-out>
         <system-err><![CDATA[2021-05-07 11:00:52 - [TEST_CASE][FAILED] - Test Cases/Custom Item Details/TEST CASE/TC_DETAILS_UI_033: Test Cases/Custom Item Details/TEST CASE/TC_DETAILS_UI_033 FAILED.
Reason:
com.kms.katalon.core.exception.StepFailedException: Unable to verify object 'Object Repository/Item Details Objects/Page_diagnostics/Page_diagnostics/span_Other_details' is present
	at com.kms.katalon.core.webui.keyword.internal.WebUIKeywordMain.stepFailed(WebUIKeywordMain.groovy:64)
	at com.kms.katalon.core.webui.keyword.internal.WebUIKeywordMain.runKeyword(WebUIKeywordMain.groovy:26)
	at com.kms.katalon.core.webui.keyword.builtin.VerifyElementPresentKeyword.verifyElementPresent(VerifyElementPresentKeyword.groovy:92)
	at com.kms.katalon.core.webui.keyword.builtin.VerifyElementPresentKeyword.execute(VerifyElementPresentKeyword.groovy:68)
	at com.kms.katalon.core.keyword.internal.KeywordExecutor.executeKeywordForPlatform(KeywordExecutor.groovy:73)
	at com.kms.katalon.core.webui.keyword.WebUiBuiltInKeywords.verifyElementPresent(WebUiBuiltInKeywords.groovy:1461)
	at com.kms.katalon.core.webui.keyword.WebUiBuiltInKeywords$verifyElementPresent$10.call(Unknown Source)
	at TC_DETAILS_UI_033.run(TC_DETAILS_UI_033:23)
	at com.kms.katalon.core.main.ScriptEngine.run(ScriptEngine.java:194)
	at com.kms.katalon.core.main.ScriptEngine.runScriptAsRawText(ScriptEngine.java:119)
	at com.kms.katalon.core.main.TestCaseExecutor.runScript(TestCaseExecutor.java:339)
	at com.kms.katalon.core.main.TestCaseExecutor.doExecute(TestCaseExecutor.java:330)
	at com.kms.katalon.core.main.TestCaseExecutor.processExecutionPhase(TestCaseExecutor.java:309)
	at com.kms.katalon.core.main.TestCaseExecutor.accessMainPhase(TestCaseExecutor.java:301)
	at com.kms.katalon.core.main.TestCaseExecutor.execute(TestCaseExecutor.java:235)
	at com.kms.katalon.core.main.TestSuiteExecutor.accessTestCaseMainPhase(TestSuiteExecutor.java:191)
	at com.kms.katalon.core.main.TestSuiteExecutor.accessTestSuiteMainPhase(TestSuiteExecutor.java:141)
	at com.kms.katalon.core.main.TestSuiteExecutor.execute(TestSuiteExecutor.java:90)
	at com.kms.katalon.core.main.TestCaseMain.startTestSuite(TestCaseMain.java:157)
	at com.kms.katalon.core.main.TestCaseMain$startTestSuite$0.call(Unknown Source)
	at TempTestSuite1620355020148.run(TempTestSuite1620355020148.groovy:39)
Caused by: com.kms.katalon.core.exception.StepFailedException: com.kms.katalon.core.webui.exception.WebElementNotFoundException: Web element with id: 'Object Repository/Item Details Objects/Page_diagnostics/Page_diagnostics/span_Other_details' located by '//*[(text() = 'Other details:' or . = 'Other details:')]' not found
	at com.kms.katalon.core.webui.keyword.internal.WebUIKeywordMain.stepFailed(WebUIKeywordMain.groovy:64)
	at com.kms.katalon.core.webui.keyword.builtin.VerifyElementPresentKeyword$_verifyElementPresent_closure1.doCall(VerifyElementPresentKeyword.groovy:85)
	at com.kms.katalon.core.webui.keyword.builtin.VerifyElementPresentKeyword$_verifyElementPresent_closure1.call(VerifyElementPresentKeyword.groovy)
	at com.kms.katalon.core.webui.keyword.internal.WebUIKeywordMain.runKeyword(WebUIKeywordMain.groovy:20)
	... 19 more]]></system-err>
      </testcase>
      <testcase name="Test Cases/Custom Item Details/TEST CASE/TC_DETAILS_UI_034" time="82.984" classname="Test Cases/Custom Item Details/TEST CASE/TC_DETAILS_UI_034" status="FAILED">
         <failure type="FAILED" message="Test Cases/Custom Item Details/TEST CASE/TC_DETAILS_UI_034 FAILED.
Reason:
com.kms.katalon.core.exception.StepFailedException: Unable to verify object 'Object Repository/Item Details Objects/Page_diagnostics/Page_diagnostics/span_Company_website' is present
	at com.kms.katalon.core.webui.keyword.internal.WebUIKeywordMain.stepFailed(WebUIKeywordMain.groovy:64)
	at com.kms.katalon.core.webui.keyword.internal.WebUIKeywordMain.runKeyword(WebUIKeywordMain.groovy:26)
	at com.kms.katalon.core.webui.keyword.builtin.VerifyElementPresentKeyword.verifyElementPresent(VerifyElementPresentKeyword.groovy:92)
	at com.kms.katalon.core.webui.keyword.builtin.VerifyElementPresentKeyword.execute(VerifyElementPresentKeyword.groovy:68)
	at com.kms.katalon.core.keyword.internal.KeywordExecutor.executeKeywordForPlatform(KeywordExecutor.groovy:73)
	at com.kms.katalon.core.webui.keyword.WebUiBuiltInKeywords.verifyElementPresent(WebUiBuiltInKeywords.groovy:1461)
	at com.kms.katalon.core.webui.keyword.WebUiBuiltInKeywords$verifyElementPresent$10.call(Unknown Source)
	at TC_DETAILS_UI_034.run(TC_DETAILS_UI_034:23)
	at com.kms.katalon.core.main.ScriptEngine.run(ScriptEngine.java:194)
	at com.kms.katalon.core.main.ScriptEngine.runScriptAsRawText(ScriptEngine.java:119)
	at com.kms.katalon.core.main.TestCaseExecutor.runScript(TestCaseExecutor.java:339)
	at com.kms.katalon.core.main.TestCaseExecutor.doExecute(TestCaseExecutor.java:330)
	at com.kms.katalon.core.main.TestCaseExecutor.processExecutionPhase(TestCaseExecutor.java:309)
	at com.kms.katalon.core.main.TestCaseExecutor.accessMainPhase(TestCaseExecutor.java:301)
	at com.kms.katalon.core.main.TestCaseExecutor.execute(TestCaseExecutor.java:235)
	at com.kms.katalon.core.main.TestSuiteExecutor.accessTestCaseMainPhase(TestSuiteExecutor.java:191)
	at com.kms.katalon.core.main.TestSuiteExecutor.accessTestSuiteMainPhase(TestSuiteExecutor.java:141)
	at com.kms.katalon.core.main.TestSuiteExecutor.execute(TestSuiteExecutor.java:90)
	at com.kms.katalon.core.main.TestCaseMain.startTestSuite(TestCaseMain.java:157)
	at com.kms.katalon.core.main.TestCaseMain$startTestSuite$0.call(Unknown Source)
	at TempTestSuite1620355020148.run(TempTestSuite1620355020148.groovy:39)
Caused by: com.kms.katalon.core.exception.StepFailedException: com.kms.katalon.core.webui.exception.WebElementNotFoundException: Web element with id: 'Object Repository/Item Details Objects/Page_diagnostics/Page_diagnostics/span_Company_website' located by '//*[(text() = 'Company website:' or . = 'Company website:')]' not found
	at com.kms.katalon.core.webui.keyword.internal.WebUIKeywordMain.stepFailed(WebUIKeywordMain.groovy:64)
	at com.kms.katalon.core.webui.keyword.builtin.VerifyElementPresentKeyword$_verifyElementPresent_closure1.doCall(VerifyElementPresentKeyword.groovy:85)
	at com.kms.katalon.core.webui.keyword.builtin.VerifyElementPresentKeyword$_verifyElementPresent_closure1.call(VerifyElementPresentKeyword.groovy)
	at com.kms.katalon.core.webui.keyword.internal.WebUIKeywordMain.runKeyword(WebUIKeywordMain.groovy:20)
	... 19 more
"/>
         <system-out><![CDATA[2021-05-07 11:02:17 - [TEST_CASE][FAILED] - Test Cases/Custom Item Details/TEST CASE/TC_DETAILS_UI_034: Test Cases/Custom Item Details/TEST CASE/TC_DETAILS_UI_034 FAILED.
Reason:
com.kms.katalon.core.exception.StepFailedException: Unable to verify object 'Object Repository/Item Details Objects/Page_diagnostics/Page_diagnostics/span_Company_website' is present
	at com.kms.katalon.core.webui.keyword.internal.WebUIKeywordMain.stepFailed(WebUIKeywordMain.groovy:64)
	at com.kms.katalon.core.webui.keyword.internal.WebUIKeywordMain.runKeyword(WebUIKeywordMain.groovy:26)
	at com.kms.katalon.core.webui.keyword.builtin.VerifyElementPresentKeyword.verifyElementPresent(VerifyElementPresentKeyword.groovy:92)
	at com.kms.katalon.core.webui.keyword.builtin.VerifyElementPresentKeyword.execute(VerifyElementPresentKeyword.groovy:68)
	at com.kms.katalon.core.keyword.internal.KeywordExecutor.executeKeywordForPlatform(KeywordExecutor.groovy:73)
	at com.kms.katalon.core.webui.keyword.WebUiBuiltInKeywords.verifyElementPresent(WebUiBuiltInKeywords.groovy:1461)
	at com.kms.katalon.core.webui.keyword.WebUiBuiltInKeywords$verifyElementPresent$10.call(Unknown Source)
	at TC_DETAILS_UI_034.run(TC_DETAILS_UI_034:23)
	at com.kms.katalon.core.main.ScriptEngine.run(ScriptEngine.java:194)
	at com.kms.katalon.core.main.ScriptEngine.runScriptAsRawText(ScriptEngine.java:119)
	at com.kms.katalon.core.main.TestCaseExecutor.runScript(TestCaseExecutor.java:339)
	at com.kms.katalon.core.main.TestCaseExecutor.doExecute(TestCaseExecutor.java:330)
	at com.kms.katalon.core.main.TestCaseExecutor.processExecutionPhase(TestCaseExecutor.java:309)
	at com.kms.katalon.core.main.TestCaseExecutor.accessMainPhase(TestCaseExecutor.java:301)
	at com.kms.katalon.core.main.TestCaseExecutor.execute(TestCaseExecutor.java:235)
	at com.kms.katalon.core.main.TestSuiteExecutor.accessTestCaseMainPhase(TestSuiteExecutor.java:191)
	at com.kms.katalon.core.main.TestSuiteExecutor.accessTestSuiteMainPhase(TestSuiteExecutor.java:141)
	at com.kms.katalon.core.main.TestSuiteExecutor.execute(TestSuiteExecutor.java:90)
	at com.kms.katalon.core.main.TestCaseMain.startTestSuite(TestCaseMain.java:157)
	at com.kms.katalon.core.main.TestCaseMain$startTestSuite$0.call(Unknown Source)
	at TempTestSuite1620355020148.run(TempTestSuite1620355020148.groovy:39)
Caused by: com.kms.katalon.core.exception.StepFailedException: com.kms.katalon.core.webui.exception.WebElementNotFoundException: Web element with id: 'Object Repository/Item Details Objects/Page_diagnostics/Page_diagnostics/span_Company_website' located by '//*[(text() = 'Company website:' or . = 'Company website:')]' not found
	at com.kms.katalon.core.webui.keyword.internal.WebUIKeywordMain.stepFailed(WebUIKeywordMain.groovy:64)
	at com.kms.katalon.core.webui.keyword.builtin.VerifyElementPresentKeyword$_verifyElementPresent_closure1.doCall(VerifyElementPresentKeyword.groovy:85)
	at com.kms.katalon.core.webui.keyword.builtin.VerifyElementPresentKeyword$_verifyElementPresent_closure1.call(VerifyElementPresentKeyword.groovy)
	at com.kms.katalon.core.webui.keyword.internal.WebUIKeywordMain.runKeyword(WebUIKeywordMain.groovy:20)
	... 19 more


2021-05-07 11:02:17 - [TEST_STEP][PASSED] - callTestCase(findTestCase("Custom Item Details/UTILITIES/OPEN_BROWSER"), [:], STOP_ON_FAILURE): Call Test Case 'Test Cases/Custom Item Details/UTILITIES/OPEN_BROWSER' successfully

2021-05-07 11:02:17 - [TEST_CASE][PASSED] - Test Cases/Custom Item Details/UTILITIES/OPEN_BROWSER: Test Cases/Custom Item Details/UTILITIES/OPEN_BROWSER

2021-05-07 11:02:17 - [TEST_STEP][PASSED] - openBrowser("https://diagnostics.staging.arcadier.io/"): Browser is opened with url: 'https://diagnostics.staging.arcadier.io/'

2021-05-07 11:02:17 - [MESSAGE][WARNING] - A browser is already opened. Closing browser and opening a new one

2021-05-07 11:02:18 - [MESSAGE][INFO] - Starting 'Chrome' driver

2021-05-07 11:02:18 - [MESSAGE][INFO] - Action delay is set to 0 milliseconds

2021-05-07 11:02:30 - [MESSAGE][PASSED] - Browser is opened with url: 'https://diagnostics.staging.arcadier.io/'

2021-05-07 11:02:30 - [TEST_STEP][PASSED] - maximizeWindow(): Current window maximized

2021-05-07 11:02:30 - [MESSAGE][PASSED] - Current window maximized

2021-05-07 11:02:30 - [TEST_STEP][PASSED] - click(findTestObject("Item Details Objects/Page_diagnostics/a_Accept Cookies")): Object: 'Object Repository/Item Details Objects/Page_diagnostics/a_Accept Cookies' is clicked on

2021-05-07 11:02:30 - [MESSAGE][PASSED] - Object: 'Object Repository/Item Details Objects/Page_diagnostics/a_Accept Cookies' is clicked on

2021-05-07 11:02:30 - [TEST_STEP][PASSED] - click(findTestObject("Staging Objects/Page_diagnostics/a_COVID-19 DIAGNOSTICS"), STOP_ON_FAILURE): Object: 'Object Repository/Staging Objects/Page_diagnostics/a_COVID-19 DIAGNOSTICS' is clicked on

2021-05-07 11:02:32 - [MESSAGE][PASSED] - Object: 'Object Repository/Staging Objects/Page_diagnostics/a_COVID-19 DIAGNOSTICS' is clicked on

2021-05-07 11:02:32 - [TEST_STEP][PASSED] - mouseOver(findTestObject("Staging Objects/Page_diagnostics/a_STANDARD Q COVID-19 Ag Test")): Object: 'Object Repository/Staging Objects/Page_diagnostics/a_STANDARD Q COVID-19 Ag Test' is hovered

2021-05-07 11:02:33 - [MESSAGE][PASSED] - Object: 'Object Repository/Staging Objects/Page_diagnostics/a_STANDARD Q COVID-19 Ag Test' is hovered

2021-05-07 11:02:33 - [TEST_STEP][PASSED] - click(findTestObject("Staging Objects/Page_diagnostics/a_STANDARD Q COVID-19 Ag Test")): Object: 'Object Repository/Staging Objects/Page_diagnostics/a_STANDARD Q COVID-19 Ag Test' is clicked on

2021-05-07 11:02:37 - [MESSAGE][PASSED] - Object: 'Object Repository/Staging Objects/Page_diagnostics/a_STANDARD Q COVID-19 Ag Test' is clicked on

2021-05-07 11:02:37 - [MESSAGE][PASSED] - Call Test Case 'Test Cases/Custom Item Details/UTILITIES/OPEN_BROWSER' successfully

2021-05-07 11:02:37 - [TEST_STEP][PASSED] - waitForElementVisible(findTestObject("Item Details Objects/Page_diagnostics/Page_diagnostics/span_Company_website"), 0): Web element with id: 'Object Repository/Item Details Objects/Page_diagnostics/Page_diagnostics/span_Company_website' located by '//*[(text() = 'Company website:' or . = 'Company website:')]' not found

2021-05-07 11:02:37 - [MESSAGE][WARNING] - Timeout '0' is invalid. Using default page load timeout: '30'

2021-05-07 11:03:08 - [MESSAGE][INFO] - Unable to find the element located by 'By.xpath: //*[(text() = 'Company website:' or . = 'Company website:')]'. Please recheck the objects properties to make sure the desired element is located. 

2021-05-07 11:03:08 - [MESSAGE][WARNING] - Web element with id: 'Object Repository/Item Details Objects/Page_diagnostics/Page_diagnostics/span_Company_website' located by '//*[(text() = 'Company website:' or . = 'Company website:')]' not found

2021-05-07 11:03:08 - [TEST_STEP][FAILED] - verifyElementPresent(findTestObject("Item Details Objects/Page_diagnostics/Page_diagnostics/span_Company_website"), 0): Unable to verify object 'Object Repository/Item Details Objects/Page_diagnostics/Page_diagnostics/span_Company_website' is present (Root cause: com.kms.katalon.core.exception.StepFailedException: Unable to verify object 'Object Repository/Item Details Objects/Page_diagnostics/Page_diagnostics/span_Company_website' is present
	at com.kms.katalon.core.webui.keyword.internal.WebUIKeywordMain.stepFailed(WebUIKeywordMain.groovy:64)
	at com.kms.katalon.core.webui.keyword.internal.WebUIKeywordMain.runKeyword(WebUIKeywordMain.groovy:26)
	at com.kms.katalon.core.webui.keyword.builtin.VerifyElementPresentKeyword.verifyElementPresent(VerifyElementPresentKeyword.groovy:92)
	at com.kms.katalon.core.webui.keyword.builtin.VerifyElementPresentKeyword.execute(VerifyElementPresentKeyword.groovy:68)
	at com.kms.katalon.core.keyword.internal.KeywordExecutor.executeKeywordForPlatform(KeywordExecutor.groovy:73)
	at com.kms.katalon.core.webui.keyword.WebUiBuiltInKeywords.verifyElementPresent(WebUiBuiltInKeywords.groovy:1461)
	at com.kms.katalon.core.webui.keyword.WebUiBuiltInKeywords$verifyElementPresent$10.call(Unknown Source)
	at TC_DETAILS_UI_034.run(TC_DETAILS_UI_034:23)
	at com.kms.katalon.core.main.ScriptEngine.run(ScriptEngine.java:194)
	at com.kms.katalon.core.main.ScriptEngine.runScriptAsRawText(ScriptEngine.java:119)
	at com.kms.katalon.core.main.TestCaseExecutor.runScript(TestCaseExecutor.java:339)
	at com.kms.katalon.core.main.TestCaseExecutor.doExecute(TestCaseExecutor.java:330)
	at com.kms.katalon.core.main.TestCaseExecutor.processExecutionPhase(TestCaseExecutor.java:309)
	at com.kms.katalon.core.main.TestCaseExecutor.accessMainPhase(TestCaseExecutor.java:301)
	at com.kms.katalon.core.main.TestCaseExecutor.execute(TestCaseExecutor.java:235)
	at com.kms.katalon.core.main.TestSuiteExecutor.accessTestCaseMainPhase(TestSuiteExecutor.java:191)
	at com.kms.katalon.core.main.TestSuiteExecutor.accessTestSuiteMainPhase(TestSuiteExecutor.java:141)
	at com.kms.katalon.core.main.TestSuiteExecutor.execute(TestSuiteExecutor.java:90)
	at com.kms.katalon.core.main.TestCaseMain.startTestSuite(TestCaseMain.java:157)
	at com.kms.katalon.core.main.TestCaseMain$startTestSuite$0.call(Unknown Source)
	at TempTestSuite1620355020148.run(TempTestSuite1620355020148.groovy:39)
Caused by: com.kms.katalon.core.exception.StepFailedException: com.kms.katalon.core.webui.exception.WebElementNotFoundException: Web element with id: 'Object Repository/Item Details Objects/Page_diagnostics/Page_diagnostics/span_Company_website' located by '//*[(text() = 'Company website:' or . = 'Company website:')]' not found
	at com.kms.katalon.core.webui.keyword.internal.WebUIKeywordMain.stepFailed(WebUIKeywordMain.groovy:64)
	at com.kms.katalon.core.webui.keyword.builtin.VerifyElementPresentKeyword$_verifyElementPresent_closure1.doCall(VerifyElementPresentKeyword.groovy:85)
	at com.kms.katalon.core.webui.keyword.builtin.VerifyElementPresentKeyword$_verifyElementPresent_closure1.call(VerifyElementPresentKeyword.groovy)
	at com.kms.katalon.core.webui.keyword.internal.WebUIKeywordMain.runKeyword(WebUIKeywordMain.groovy:20)
	... 19 more
)

2021-05-07 11:03:08 - [MESSAGE][WARNING] - Timeout '0' is invalid. Using default page load timeout: '30'

2021-05-07 11:03:39 - [MESSAGE][INFO] - Unable to find the element located by 'By.xpath: //*[(text() = 'Company website:' or . = 'Company website:')]'. Please recheck the objects properties to make sure the desired element is located. 

2021-05-07 11:03:40 - [MESSAGE][FAILED] - com.kms.katalon.core.webui.exception.WebElementNotFoundException: Web element with id: 'Object Repository/Item Details Objects/Page_diagnostics/Page_diagnostics/span_Company_website' located by '//*[(text() = 'Company website:' or . = 'Company website:')]' not found (Root cause: com.kms.katalon.core.exception.StepFailedException: com.kms.katalon.core.webui.exception.WebElementNotFoundException: Web element with id: 'Object Repository/Item Details Objects/Page_diagnostics/Page_diagnostics/span_Company_website' located by '//*[(text() = 'Company website:' or . = 'Company website:')]' not found
	at com.kms.katalon.core.webui.keyword.internal.WebUIKeywordMain.stepFailed(WebUIKeywordMain.groovy:64)
	at com.kms.katalon.core.webui.keyword.builtin.VerifyElementPresentKeyword$_verifyElementPresent_closure1.doCall(VerifyElementPresentKeyword.groovy:85)
	at com.kms.katalon.core.webui.keyword.builtin.VerifyElementPresentKeyword$_verifyElementPresent_closure1.call(VerifyElementPresentKeyword.groovy)
	at com.kms.katalon.core.webui.keyword.internal.WebUIKeywordMain.runKeyword(WebUIKeywordMain.groovy:20)
	at com.kms.katalon.core.webui.keyword.builtin.VerifyElementPresentKeyword.verifyElementPresent(VerifyElementPresentKeyword.groovy:92)
	at com.kms.katalon.core.webui.keyword.builtin.VerifyElementPresentKeyword.execute(VerifyElementPresentKeyword.groovy:68)
	at com.kms.katalon.core.keyword.internal.KeywordExecutor.executeKeywordForPlatform(KeywordExecutor.groovy:73)
	at com.kms.katalon.core.webui.keyword.WebUiBuiltInKeywords.verifyElementPresent(WebUiBuiltInKeywords.groovy:1461)
	at com.kms.katalon.core.webui.keyword.WebUiBuiltInKeywords$verifyElementPresent$10.call(Unknown Source)
	at TC_DETAILS_UI_034.run(TC_DETAILS_UI_034:23)
	at com.kms.katalon.core.main.ScriptEngine.run(ScriptEngine.java:194)
	at com.kms.katalon.core.main.ScriptEngine.runScriptAsRawText(ScriptEngine.java:119)
	at com.kms.katalon.core.main.TestCaseExecutor.runScript(TestCaseExecutor.java:339)
	at com.kms.katalon.core.main.TestCaseExecutor.doExecute(TestCaseExecutor.java:330)
	at com.kms.katalon.core.main.TestCaseExecutor.processExecutionPhase(TestCaseExecutor.java:309)
	at com.kms.katalon.core.main.TestCaseExecutor.accessMainPhase(TestCaseExecutor.java:301)
	at com.kms.katalon.core.main.TestCaseExecutor.execute(TestCaseExecutor.java:235)
	at com.kms.katalon.core.main.TestSuiteExecutor.accessTestCaseMainPhase(TestSuiteExecutor.java:191)
	at com.kms.katalon.core.main.TestSuiteExecutor.accessTestSuiteMainPhase(TestSuiteExecutor.java:141)
	at com.kms.katalon.core.main.TestSuiteExecutor.execute(TestSuiteExecutor.java:90)
	at com.kms.katalon.core.main.TestCaseMain.startTestSuite(TestCaseMain.java:157)
	at com.kms.katalon.core.main.TestCaseMain$startTestSuite$0.call(Unknown Source)
	at TempTestSuite1620355020148.run(TempTestSuite1620355020148.groovy:39)
)
[[ATTACHMENT|K:\\Work\\GitHub\\find-item-detail-test_v2\\Reports\\20210507_103700\\Item detail test\\20210507_103700\\1620356619891.png]]

2021-05-07 11:03:40 - [MESSAGE][FAILED] - Unable to verify object 'Object Repository/Item Details Objects/Page_diagnostics/Page_diagnostics/span_Company_website' is present (Root cause: com.kms.katalon.core.exception.StepFailedException: Unable to verify object 'Object Repository/Item Details Objects/Page_diagnostics/Page_diagnostics/span_Company_website' is present
	at com.kms.katalon.core.webui.keyword.internal.WebUIKeywordMain.stepFailed(WebUIKeywordMain.groovy:64)
	at com.kms.katalon.core.webui.keyword.internal.WebUIKeywordMain.runKeyword(WebUIKeywordMain.groovy:26)
	at com.kms.katalon.core.webui.keyword.builtin.VerifyElementPresentKeyword.verifyElementPresent(VerifyElementPresentKeyword.groovy:92)
	at com.kms.katalon.core.webui.keyword.builtin.VerifyElementPresentKeyword.execute(VerifyElementPresentKeyword.groovy:68)
	at com.kms.katalon.core.keyword.internal.KeywordExecutor.executeKeywordForPlatform(KeywordExecutor.groovy:73)
	at com.kms.katalon.core.webui.keyword.WebUiBuiltInKeywords.verifyElementPresent(WebUiBuiltInKeywords.groovy:1461)
	at com.kms.katalon.core.webui.keyword.WebUiBuiltInKeywords$verifyElementPresent$10.call(Unknown Source)
	at TC_DETAILS_UI_034.run(TC_DETAILS_UI_034:23)
	at com.kms.katalon.core.main.ScriptEngine.run(ScriptEngine.java:194)
	at com.kms.katalon.core.main.ScriptEngine.runScriptAsRawText(ScriptEngine.java:119)
	at com.kms.katalon.core.main.TestCaseExecutor.runScript(TestCaseExecutor.java:339)
	at com.kms.katalon.core.main.TestCaseExecutor.doExecute(TestCaseExecutor.java:330)
	at com.kms.katalon.core.main.TestCaseExecutor.processExecutionPhase(TestCaseExecutor.java:309)
	at com.kms.katalon.core.main.TestCaseExecutor.accessMainPhase(TestCaseExecutor.java:301)
	at com.kms.katalon.core.main.TestCaseExecutor.execute(TestCaseExecutor.java:235)
	at com.kms.katalon.core.main.TestSuiteExecutor.accessTestCaseMainPhase(TestSuiteExecutor.java:191)
	at com.kms.katalon.core.main.TestSuiteExecutor.accessTestSuiteMainPhase(TestSuiteExecutor.java:141)
	at com.kms.katalon.core.main.TestSuiteExecutor.execute(TestSuiteExecutor.java:90)
	at com.kms.katalon.core.main.TestCaseMain.startTestSuite(TestCaseMain.java:157)
	at com.kms.katalon.core.main.TestCaseMain$startTestSuite$0.call(Unknown Source)
	at TempTestSuite1620355020148.run(TempTestSuite1620355020148.groovy:39)
Caused by: com.kms.katalon.core.exception.StepFailedException: com.kms.katalon.core.webui.exception.WebElementNotFoundException: Web element with id: 'Object Repository/Item Details Objects/Page_diagnostics/Page_diagnostics/span_Company_website' located by '//*[(text() = 'Company website:' or . = 'Company website:')]' not found
	at com.kms.katalon.core.webui.keyword.internal.WebUIKeywordMain.stepFailed(WebUIKeywordMain.groovy:64)
	at com.kms.katalon.core.webui.keyword.builtin.VerifyElementPresentKeyword$_verifyElementPresent_closure1.doCall(VerifyElementPresentKeyword.groovy:85)
	at com.kms.katalon.core.webui.keyword.builtin.VerifyElementPresentKeyword$_verifyElementPresent_closure1.call(VerifyElementPresentKeyword.groovy)
	at com.kms.katalon.core.webui.keyword.internal.WebUIKeywordMain.runKeyword(WebUIKeywordMain.groovy:20)
	... 19 more
)
[[ATTACHMENT|K:\\Work\\GitHub\\find-item-detail-test_v2\\Reports\\20210507_103700\\Item detail test\\20210507_103700\\1620356620041.png]]]]></system-out>
         <system-err><![CDATA[2021-05-07 11:02:17 - [TEST_CASE][FAILED] - Test Cases/Custom Item Details/TEST CASE/TC_DETAILS_UI_034: Test Cases/Custom Item Details/TEST CASE/TC_DETAILS_UI_034 FAILED.
Reason:
com.kms.katalon.core.exception.StepFailedException: Unable to verify object 'Object Repository/Item Details Objects/Page_diagnostics/Page_diagnostics/span_Company_website' is present
	at com.kms.katalon.core.webui.keyword.internal.WebUIKeywordMain.stepFailed(WebUIKeywordMain.groovy:64)
	at com.kms.katalon.core.webui.keyword.internal.WebUIKeywordMain.runKeyword(WebUIKeywordMain.groovy:26)
	at com.kms.katalon.core.webui.keyword.builtin.VerifyElementPresentKeyword.verifyElementPresent(VerifyElementPresentKeyword.groovy:92)
	at com.kms.katalon.core.webui.keyword.builtin.VerifyElementPresentKeyword.execute(VerifyElementPresentKeyword.groovy:68)
	at com.kms.katalon.core.keyword.internal.KeywordExecutor.executeKeywordForPlatform(KeywordExecutor.groovy:73)
	at com.kms.katalon.core.webui.keyword.WebUiBuiltInKeywords.verifyElementPresent(WebUiBuiltInKeywords.groovy:1461)
	at com.kms.katalon.core.webui.keyword.WebUiBuiltInKeywords$verifyElementPresent$10.call(Unknown Source)
	at TC_DETAILS_UI_034.run(TC_DETAILS_UI_034:23)
	at com.kms.katalon.core.main.ScriptEngine.run(ScriptEngine.java:194)
	at com.kms.katalon.core.main.ScriptEngine.runScriptAsRawText(ScriptEngine.java:119)
	at com.kms.katalon.core.main.TestCaseExecutor.runScript(TestCaseExecutor.java:339)
	at com.kms.katalon.core.main.TestCaseExecutor.doExecute(TestCaseExecutor.java:330)
	at com.kms.katalon.core.main.TestCaseExecutor.processExecutionPhase(TestCaseExecutor.java:309)
	at com.kms.katalon.core.main.TestCaseExecutor.accessMainPhase(TestCaseExecutor.java:301)
	at com.kms.katalon.core.main.TestCaseExecutor.execute(TestCaseExecutor.java:235)
	at com.kms.katalon.core.main.TestSuiteExecutor.accessTestCaseMainPhase(TestSuiteExecutor.java:191)
	at com.kms.katalon.core.main.TestSuiteExecutor.accessTestSuiteMainPhase(TestSuiteExecutor.java:141)
	at com.kms.katalon.core.main.TestSuiteExecutor.execute(TestSuiteExecutor.java:90)
	at com.kms.katalon.core.main.TestCaseMain.startTestSuite(TestCaseMain.java:157)
	at com.kms.katalon.core.main.TestCaseMain$startTestSuite$0.call(Unknown Source)
	at TempTestSuite1620355020148.run(TempTestSuite1620355020148.groovy:39)
Caused by: com.kms.katalon.core.exception.StepFailedException: com.kms.katalon.core.webui.exception.WebElementNotFoundException: Web element with id: 'Object Repository/Item Details Objects/Page_diagnostics/Page_diagnostics/span_Company_website' located by '//*[(text() = 'Company website:' or . = 'Company website:')]' not found
	at com.kms.katalon.core.webui.keyword.internal.WebUIKeywordMain.stepFailed(WebUIKeywordMain.groovy:64)
	at com.kms.katalon.core.webui.keyword.builtin.VerifyElementPresentKeyword$_verifyElementPresent_closure1.doCall(VerifyElementPresentKeyword.groovy:85)
	at com.kms.katalon.core.webui.keyword.builtin.VerifyElementPresentKeyword$_verifyElementPresent_closure1.call(VerifyElementPresentKeyword.groovy)
	at com.kms.katalon.core.webui.keyword.internal.WebUIKeywordMain.runKeyword(WebUIKeywordMain.groovy:20)
	... 19 more]]></system-err>
      </testcase>
      <testcase name="Test Cases/Custom Item Details/TEST CASE/TC_DETAILS_UI_035" time="49.838" classname="Test Cases/Custom Item Details/TEST CASE/TC_DETAILS_UI_035" status="PASSED">
         <system-out><![CDATA[2021-05-07 11:03:40 - [TEST_CASE][PASSED] - Test Cases/Custom Item Details/TEST CASE/TC_DETAILS_UI_035: Test Cases/Custom Item Details/TEST CASE/TC_DETAILS_UI_035

2021-05-07 11:03:40 - [TEST_STEP][PASSED] - callTestCase(findTestCase("Custom Item Details/UTILITIES/OPEN_BROWSER"), [:], STOP_ON_FAILURE): Call Test Case 'Test Cases/Custom Item Details/UTILITIES/OPEN_BROWSER' successfully

2021-05-07 11:03:40 - [TEST_CASE][PASSED] - Test Cases/Custom Item Details/UTILITIES/OPEN_BROWSER: Test Cases/Custom Item Details/UTILITIES/OPEN_BROWSER

2021-05-07 11:03:40 - [TEST_STEP][PASSED] - openBrowser("https://diagnostics.staging.arcadier.io/"): Browser is opened with url: 'https://diagnostics.staging.arcadier.io/'

2021-05-07 11:03:40 - [MESSAGE][WARNING] - A browser is already opened. Closing browser and opening a new one

2021-05-07 11:03:41 - [MESSAGE][INFO] - Starting 'Chrome' driver

2021-05-07 11:03:41 - [MESSAGE][INFO] - Action delay is set to 0 milliseconds

2021-05-07 11:03:51 - [MESSAGE][PASSED] - Browser is opened with url: 'https://diagnostics.staging.arcadier.io/'

2021-05-07 11:03:51 - [TEST_STEP][PASSED] - maximizeWindow(): Current window maximized

2021-05-07 11:03:51 - [MESSAGE][PASSED] - Current window maximized

2021-05-07 11:03:51 - [TEST_STEP][PASSED] - click(findTestObject("Item Details Objects/Page_diagnostics/a_Accept Cookies")): Object: 'Object Repository/Item Details Objects/Page_diagnostics/a_Accept Cookies' is clicked on

2021-05-07 11:03:52 - [MESSAGE][PASSED] - Object: 'Object Repository/Item Details Objects/Page_diagnostics/a_Accept Cookies' is clicked on

2021-05-07 11:03:52 - [TEST_STEP][PASSED] - click(findTestObject("Staging Objects/Page_diagnostics/a_COVID-19 DIAGNOSTICS"), STOP_ON_FAILURE): Object: 'Object Repository/Staging Objects/Page_diagnostics/a_COVID-19 DIAGNOSTICS' is clicked on

2021-05-07 11:03:54 - [MESSAGE][PASSED] - Object: 'Object Repository/Staging Objects/Page_diagnostics/a_COVID-19 DIAGNOSTICS' is clicked on

2021-05-07 11:03:54 - [TEST_STEP][PASSED] - mouseOver(findTestObject("Staging Objects/Page_diagnostics/a_STANDARD Q COVID-19 Ag Test")): Object: 'Object Repository/Staging Objects/Page_diagnostics/a_STANDARD Q COVID-19 Ag Test' is hovered

2021-05-07 11:03:55 - [MESSAGE][PASSED] - Object: 'Object Repository/Staging Objects/Page_diagnostics/a_STANDARD Q COVID-19 Ag Test' is hovered

2021-05-07 11:03:55 - [TEST_STEP][PASSED] - click(findTestObject("Staging Objects/Page_diagnostics/a_STANDARD Q COVID-19 Ag Test")): Object: 'Object Repository/Staging Objects/Page_diagnostics/a_STANDARD Q COVID-19 Ag Test' is clicked on

2021-05-07 11:03:57 - [MESSAGE][PASSED] - Object: 'Object Repository/Staging Objects/Page_diagnostics/a_STANDARD Q COVID-19 Ag Test' is clicked on

2021-05-07 11:03:57 - [MESSAGE][PASSED] - Call Test Case 'Test Cases/Custom Item Details/UTILITIES/OPEN_BROWSER' successfully

2021-05-07 11:03:57 - [TEST_STEP][PASSED] - waitForElementVisible(findTestObject("Item Details Objects/Page_diagnostics/Page_diagnostics/span_Name_of_manufacturer"), 0): Object 'Object Repository/Item Details Objects/Page_diagnostics/Page_diagnostics/span_Name_of_manufacturer' is not visible after 30 second(s)

2021-05-07 11:03:57 - [MESSAGE][WARNING] - Timeout '0' is invalid. Using default page load timeout: '30'

2021-05-07 11:04:29 - [MESSAGE][WARNING] - Object 'Object Repository/Item Details Objects/Page_diagnostics/Page_diagnostics/span_Name_of_manufacturer' is not visible after 30 second(s)

2021-05-07 11:04:29 - [TEST_STEP][PASSED] - verifyElementPresent(findTestObject("Item Details Objects/Page_diagnostics/Page_diagnostics/span_Name_of_manufacturer"), 0): Object 'Object Repository/Item Details Objects/Page_diagnostics/Page_diagnostics/span_Name_of_manufacturer' is present

2021-05-07 11:04:29 - [MESSAGE][WARNING] - Timeout '0' is invalid. Using default page load timeout: '30'

2021-05-07 11:04:29 - [MESSAGE][PASSED] - Object 'Object Repository/Item Details Objects/Page_diagnostics/Page_diagnostics/span_Name_of_manufacturer' is present

2021-05-07 11:04:29 - [TEST_STEP][PASSED] - callTestCase(findTestCase("Custom Item Details/UTILITIES/CLOSE_BROWSER"), [:], STOP_ON_FAILURE): Call Test Case 'Test Cases/Custom Item Details/UTILITIES/CLOSE_BROWSER' successfully

2021-05-07 11:04:29 - [TEST_CASE][PASSED] - Test Cases/Custom Item Details/UTILITIES/CLOSE_BROWSER: Test Cases/Custom Item Details/UTILITIES/CLOSE_BROWSER

2021-05-07 11:04:29 - [TEST_STEP][PASSED] - closeBrowser(): Browser is closed

2021-05-07 11:04:30 - [MESSAGE][PASSED] - Browser is closed

2021-05-07 11:04:30 - [MESSAGE][PASSED] - Call Test Case 'Test Cases/Custom Item Details/UTILITIES/CLOSE_BROWSER' successfully]]></system-out>
         <system-err><![CDATA[]]></system-err>
      </testcase>
      <testcase name="Test Cases/Custom Item Details/TEST CASE/TC_DETAILS_UI_036" time="80.584" classname="Test Cases/Custom Item Details/TEST CASE/TC_DETAILS_UI_036" status="FAILED">
         <failure type="FAILED" message="Test Cases/Custom Item Details/TEST CASE/TC_DETAILS_UI_036 FAILED.
Reason:
com.kms.katalon.core.exception.StepFailedException: Unable to verify object 'Object Repository/Item Details Objects/Page_diagnostics/Page_diagnostics/span_Contact_person' is present
	at com.kms.katalon.core.webui.keyword.internal.WebUIKeywordMain.stepFailed(WebUIKeywordMain.groovy:64)
	at com.kms.katalon.core.webui.keyword.internal.WebUIKeywordMain.runKeyword(WebUIKeywordMain.groovy:26)
	at com.kms.katalon.core.webui.keyword.builtin.VerifyElementPresentKeyword.verifyElementPresent(VerifyElementPresentKeyword.groovy:92)
	at com.kms.katalon.core.webui.keyword.builtin.VerifyElementPresentKeyword.execute(VerifyElementPresentKeyword.groovy:68)
	at com.kms.katalon.core.keyword.internal.KeywordExecutor.executeKeywordForPlatform(KeywordExecutor.groovy:73)
	at com.kms.katalon.core.webui.keyword.WebUiBuiltInKeywords.verifyElementPresent(WebUiBuiltInKeywords.groovy:1461)
	at com.kms.katalon.core.webui.keyword.WebUiBuiltInKeywords$verifyElementPresent$10.call(Unknown Source)
	at TC_DETAILS_UI_036.run(TC_DETAILS_UI_036:23)
	at com.kms.katalon.core.main.ScriptEngine.run(ScriptEngine.java:194)
	at com.kms.katalon.core.main.ScriptEngine.runScriptAsRawText(ScriptEngine.java:119)
	at com.kms.katalon.core.main.TestCaseExecutor.runScript(TestCaseExecutor.java:339)
	at com.kms.katalon.core.main.TestCaseExecutor.doExecute(TestCaseExecutor.java:330)
	at com.kms.katalon.core.main.TestCaseExecutor.processExecutionPhase(TestCaseExecutor.java:309)
	at com.kms.katalon.core.main.TestCaseExecutor.accessMainPhase(TestCaseExecutor.java:301)
	at com.kms.katalon.core.main.TestCaseExecutor.execute(TestCaseExecutor.java:235)
	at com.kms.katalon.core.main.TestSuiteExecutor.accessTestCaseMainPhase(TestSuiteExecutor.java:191)
	at com.kms.katalon.core.main.TestSuiteExecutor.accessTestSuiteMainPhase(TestSuiteExecutor.java:141)
	at com.kms.katalon.core.main.TestSuiteExecutor.execute(TestSuiteExecutor.java:90)
	at com.kms.katalon.core.main.TestCaseMain.startTestSuite(TestCaseMain.java:157)
	at com.kms.katalon.core.main.TestCaseMain$startTestSuite$0.call(Unknown Source)
	at TempTestSuite1620355020148.run(TempTestSuite1620355020148.groovy:39)
Caused by: com.kms.katalon.core.exception.StepFailedException: com.kms.katalon.core.webui.exception.WebElementNotFoundException: Web element with id: 'Object Repository/Item Details Objects/Page_diagnostics/Page_diagnostics/span_Contact_person' located by '//*[(text() = 'Contact person:' or . = 'Contact person:')]' not found
	at com.kms.katalon.core.webui.keyword.internal.WebUIKeywordMain.stepFailed(WebUIKeywordMain.groovy:64)
	at com.kms.katalon.core.webui.keyword.builtin.VerifyElementPresentKeyword$_verifyElementPresent_closure1.doCall(VerifyElementPresentKeyword.groovy:85)
	at com.kms.katalon.core.webui.keyword.builtin.VerifyElementPresentKeyword$_verifyElementPresent_closure1.call(VerifyElementPresentKeyword.groovy)
	at com.kms.katalon.core.webui.keyword.internal.WebUIKeywordMain.runKeyword(WebUIKeywordMain.groovy:20)
	... 19 more
"/>
         <system-out><![CDATA[2021-05-07 11:04:30 - [TEST_CASE][FAILED] - Test Cases/Custom Item Details/TEST CASE/TC_DETAILS_UI_036: Test Cases/Custom Item Details/TEST CASE/TC_DETAILS_UI_036 FAILED.
Reason:
com.kms.katalon.core.exception.StepFailedException: Unable to verify object 'Object Repository/Item Details Objects/Page_diagnostics/Page_diagnostics/span_Contact_person' is present
	at com.kms.katalon.core.webui.keyword.internal.WebUIKeywordMain.stepFailed(WebUIKeywordMain.groovy:64)
	at com.kms.katalon.core.webui.keyword.internal.WebUIKeywordMain.runKeyword(WebUIKeywordMain.groovy:26)
	at com.kms.katalon.core.webui.keyword.builtin.VerifyElementPresentKeyword.verifyElementPresent(VerifyElementPresentKeyword.groovy:92)
	at com.kms.katalon.core.webui.keyword.builtin.VerifyElementPresentKeyword.execute(VerifyElementPresentKeyword.groovy:68)
	at com.kms.katalon.core.keyword.internal.KeywordExecutor.executeKeywordForPlatform(KeywordExecutor.groovy:73)
	at com.kms.katalon.core.webui.keyword.WebUiBuiltInKeywords.verifyElementPresent(WebUiBuiltInKeywords.groovy:1461)
	at com.kms.katalon.core.webui.keyword.WebUiBuiltInKeywords$verifyElementPresent$10.call(Unknown Source)
	at TC_DETAILS_UI_036.run(TC_DETAILS_UI_036:23)
	at com.kms.katalon.core.main.ScriptEngine.run(ScriptEngine.java:194)
	at com.kms.katalon.core.main.ScriptEngine.runScriptAsRawText(ScriptEngine.java:119)
	at com.kms.katalon.core.main.TestCaseExecutor.runScript(TestCaseExecutor.java:339)
	at com.kms.katalon.core.main.TestCaseExecutor.doExecute(TestCaseExecutor.java:330)
	at com.kms.katalon.core.main.TestCaseExecutor.processExecutionPhase(TestCaseExecutor.java:309)
	at com.kms.katalon.core.main.TestCaseExecutor.accessMainPhase(TestCaseExecutor.java:301)
	at com.kms.katalon.core.main.TestCaseExecutor.execute(TestCaseExecutor.java:235)
	at com.kms.katalon.core.main.TestSuiteExecutor.accessTestCaseMainPhase(TestSuiteExecutor.java:191)
	at com.kms.katalon.core.main.TestSuiteExecutor.accessTestSuiteMainPhase(TestSuiteExecutor.java:141)
	at com.kms.katalon.core.main.TestSuiteExecutor.execute(TestSuiteExecutor.java:90)
	at com.kms.katalon.core.main.TestCaseMain.startTestSuite(TestCaseMain.java:157)
	at com.kms.katalon.core.main.TestCaseMain$startTestSuite$0.call(Unknown Source)
	at TempTestSuite1620355020148.run(TempTestSuite1620355020148.groovy:39)
Caused by: com.kms.katalon.core.exception.StepFailedException: com.kms.katalon.core.webui.exception.WebElementNotFoundException: Web element with id: 'Object Repository/Item Details Objects/Page_diagnostics/Page_diagnostics/span_Contact_person' located by '//*[(text() = 'Contact person:' or . = 'Contact person:')]' not found
	at com.kms.katalon.core.webui.keyword.internal.WebUIKeywordMain.stepFailed(WebUIKeywordMain.groovy:64)
	at com.kms.katalon.core.webui.keyword.builtin.VerifyElementPresentKeyword$_verifyElementPresent_closure1.doCall(VerifyElementPresentKeyword.groovy:85)
	at com.kms.katalon.core.webui.keyword.builtin.VerifyElementPresentKeyword$_verifyElementPresent_closure1.call(VerifyElementPresentKeyword.groovy)
	at com.kms.katalon.core.webui.keyword.internal.WebUIKeywordMain.runKeyword(WebUIKeywordMain.groovy:20)
	... 19 more


2021-05-07 11:04:30 - [TEST_STEP][PASSED] - callTestCase(findTestCase("Custom Item Details/UTILITIES/OPEN_BROWSER"), [:], STOP_ON_FAILURE): Call Test Case 'Test Cases/Custom Item Details/UTILITIES/OPEN_BROWSER' successfully

2021-05-07 11:04:30 - [TEST_CASE][PASSED] - Test Cases/Custom Item Details/UTILITIES/OPEN_BROWSER: Test Cases/Custom Item Details/UTILITIES/OPEN_BROWSER

2021-05-07 11:04:30 - [TEST_STEP][PASSED] - openBrowser("https://diagnostics.staging.arcadier.io/"): Browser is opened with url: 'https://diagnostics.staging.arcadier.io/'

2021-05-07 11:04:30 - [MESSAGE][INFO] - Starting 'Chrome' driver

2021-05-07 11:04:30 - [MESSAGE][INFO] - Action delay is set to 0 milliseconds

2021-05-07 11:04:40 - [MESSAGE][PASSED] - Browser is opened with url: 'https://diagnostics.staging.arcadier.io/'

2021-05-07 11:04:40 - [TEST_STEP][PASSED] - maximizeWindow(): Current window maximized

2021-05-07 11:04:40 - [MESSAGE][PASSED] - Current window maximized

2021-05-07 11:04:40 - [TEST_STEP][PASSED] - click(findTestObject("Item Details Objects/Page_diagnostics/a_Accept Cookies")): Object: 'Object Repository/Item Details Objects/Page_diagnostics/a_Accept Cookies' is clicked on

2021-05-07 11:04:41 - [MESSAGE][PASSED] - Object: 'Object Repository/Item Details Objects/Page_diagnostics/a_Accept Cookies' is clicked on

2021-05-07 11:04:41 - [TEST_STEP][PASSED] - click(findTestObject("Staging Objects/Page_diagnostics/a_COVID-19 DIAGNOSTICS"), STOP_ON_FAILURE): Object: 'Object Repository/Staging Objects/Page_diagnostics/a_COVID-19 DIAGNOSTICS' is clicked on

2021-05-07 11:04:44 - [MESSAGE][PASSED] - Object: 'Object Repository/Staging Objects/Page_diagnostics/a_COVID-19 DIAGNOSTICS' is clicked on

2021-05-07 11:04:44 - [TEST_STEP][PASSED] - mouseOver(findTestObject("Staging Objects/Page_diagnostics/a_STANDARD Q COVID-19 Ag Test")): Object: 'Object Repository/Staging Objects/Page_diagnostics/a_STANDARD Q COVID-19 Ag Test' is hovered

2021-05-07 11:04:45 - [MESSAGE][PASSED] - Object: 'Object Repository/Staging Objects/Page_diagnostics/a_STANDARD Q COVID-19 Ag Test' is hovered

2021-05-07 11:04:45 - [TEST_STEP][PASSED] - click(findTestObject("Staging Objects/Page_diagnostics/a_STANDARD Q COVID-19 Ag Test")): Object: 'Object Repository/Staging Objects/Page_diagnostics/a_STANDARD Q COVID-19 Ag Test' is clicked on

2021-05-07 11:04:47 - [MESSAGE][PASSED] - Object: 'Object Repository/Staging Objects/Page_diagnostics/a_STANDARD Q COVID-19 Ag Test' is clicked on

2021-05-07 11:04:47 - [MESSAGE][PASSED] - Call Test Case 'Test Cases/Custom Item Details/UTILITIES/OPEN_BROWSER' successfully

2021-05-07 11:04:47 - [TEST_STEP][PASSED] - waitForElementVisible(findTestObject("Item Details Objects/Page_diagnostics/Page_diagnostics/span_Contact_person"), 0): Web element with id: 'Object Repository/Item Details Objects/Page_diagnostics/Page_diagnostics/span_Contact_person' located by '//*[(text() = 'Contact person:' or . = 'Contact person:')]' not found

2021-05-07 11:04:48 - [MESSAGE][WARNING] - Timeout '0' is invalid. Using default page load timeout: '30'

2021-05-07 11:05:19 - [MESSAGE][INFO] - Unable to find the element located by 'By.xpath: //*[(text() = 'Contact person:' or . = 'Contact person:')]'. Please recheck the objects properties to make sure the desired element is located. 

2021-05-07 11:05:19 - [MESSAGE][WARNING] - Web element with id: 'Object Repository/Item Details Objects/Page_diagnostics/Page_diagnostics/span_Contact_person' located by '//*[(text() = 'Contact person:' or . = 'Contact person:')]' not found

2021-05-07 11:05:19 - [TEST_STEP][FAILED] - verifyElementPresent(findTestObject("Item Details Objects/Page_diagnostics/Page_diagnostics/span_Contact_person"), 0): Unable to verify object 'Object Repository/Item Details Objects/Page_diagnostics/Page_diagnostics/span_Contact_person' is present (Root cause: com.kms.katalon.core.exception.StepFailedException: Unable to verify object 'Object Repository/Item Details Objects/Page_diagnostics/Page_diagnostics/span_Contact_person' is present
	at com.kms.katalon.core.webui.keyword.internal.WebUIKeywordMain.stepFailed(WebUIKeywordMain.groovy:64)
	at com.kms.katalon.core.webui.keyword.internal.WebUIKeywordMain.runKeyword(WebUIKeywordMain.groovy:26)
	at com.kms.katalon.core.webui.keyword.builtin.VerifyElementPresentKeyword.verifyElementPresent(VerifyElementPresentKeyword.groovy:92)
	at com.kms.katalon.core.webui.keyword.builtin.VerifyElementPresentKeyword.execute(VerifyElementPresentKeyword.groovy:68)
	at com.kms.katalon.core.keyword.internal.KeywordExecutor.executeKeywordForPlatform(KeywordExecutor.groovy:73)
	at com.kms.katalon.core.webui.keyword.WebUiBuiltInKeywords.verifyElementPresent(WebUiBuiltInKeywords.groovy:1461)
	at com.kms.katalon.core.webui.keyword.WebUiBuiltInKeywords$verifyElementPresent$10.call(Unknown Source)
	at TC_DETAILS_UI_036.run(TC_DETAILS_UI_036:23)
	at com.kms.katalon.core.main.ScriptEngine.run(ScriptEngine.java:194)
	at com.kms.katalon.core.main.ScriptEngine.runScriptAsRawText(ScriptEngine.java:119)
	at com.kms.katalon.core.main.TestCaseExecutor.runScript(TestCaseExecutor.java:339)
	at com.kms.katalon.core.main.TestCaseExecutor.doExecute(TestCaseExecutor.java:330)
	at com.kms.katalon.core.main.TestCaseExecutor.processExecutionPhase(TestCaseExecutor.java:309)
	at com.kms.katalon.core.main.TestCaseExecutor.accessMainPhase(TestCaseExecutor.java:301)
	at com.kms.katalon.core.main.TestCaseExecutor.execute(TestCaseExecutor.java:235)
	at com.kms.katalon.core.main.TestSuiteExecutor.accessTestCaseMainPhase(TestSuiteExecutor.java:191)
	at com.kms.katalon.core.main.TestSuiteExecutor.accessTestSuiteMainPhase(TestSuiteExecutor.java:141)
	at com.kms.katalon.core.main.TestSuiteExecutor.execute(TestSuiteExecutor.java:90)
	at com.kms.katalon.core.main.TestCaseMain.startTestSuite(TestCaseMain.java:157)
	at com.kms.katalon.core.main.TestCaseMain$startTestSuite$0.call(Unknown Source)
	at TempTestSuite1620355020148.run(TempTestSuite1620355020148.groovy:39)
Caused by: com.kms.katalon.core.exception.StepFailedException: com.kms.katalon.core.webui.exception.WebElementNotFoundException: Web element with id: 'Object Repository/Item Details Objects/Page_diagnostics/Page_diagnostics/span_Contact_person' located by '//*[(text() = 'Contact person:' or . = 'Contact person:')]' not found
	at com.kms.katalon.core.webui.keyword.internal.WebUIKeywordMain.stepFailed(WebUIKeywordMain.groovy:64)
	at com.kms.katalon.core.webui.keyword.builtin.VerifyElementPresentKeyword$_verifyElementPresent_closure1.doCall(VerifyElementPresentKeyword.groovy:85)
	at com.kms.katalon.core.webui.keyword.builtin.VerifyElementPresentKeyword$_verifyElementPresent_closure1.call(VerifyElementPresentKeyword.groovy)
	at com.kms.katalon.core.webui.keyword.internal.WebUIKeywordMain.runKeyword(WebUIKeywordMain.groovy:20)
	... 19 more
)

2021-05-07 11:05:19 - [MESSAGE][WARNING] - Timeout '0' is invalid. Using default page load timeout: '30'

2021-05-07 11:05:50 - [MESSAGE][INFO] - Unable to find the element located by 'By.xpath: //*[(text() = 'Contact person:' or . = 'Contact person:')]'. Please recheck the objects properties to make sure the desired element is located. 

2021-05-07 11:05:50 - [MESSAGE][FAILED] - com.kms.katalon.core.webui.exception.WebElementNotFoundException: Web element with id: 'Object Repository/Item Details Objects/Page_diagnostics/Page_diagnostics/span_Contact_person' located by '//*[(text() = 'Contact person:' or . = 'Contact person:')]' not found (Root cause: com.kms.katalon.core.exception.StepFailedException: com.kms.katalon.core.webui.exception.WebElementNotFoundException: Web element with id: 'Object Repository/Item Details Objects/Page_diagnostics/Page_diagnostics/span_Contact_person' located by '//*[(text() = 'Contact person:' or . = 'Contact person:')]' not found
	at com.kms.katalon.core.webui.keyword.internal.WebUIKeywordMain.stepFailed(WebUIKeywordMain.groovy:64)
	at com.kms.katalon.core.webui.keyword.builtin.VerifyElementPresentKeyword$_verifyElementPresent_closure1.doCall(VerifyElementPresentKeyword.groovy:85)
	at com.kms.katalon.core.webui.keyword.builtin.VerifyElementPresentKeyword$_verifyElementPresent_closure1.call(VerifyElementPresentKeyword.groovy)
	at com.kms.katalon.core.webui.keyword.internal.WebUIKeywordMain.runKeyword(WebUIKeywordMain.groovy:20)
	at com.kms.katalon.core.webui.keyword.builtin.VerifyElementPresentKeyword.verifyElementPresent(VerifyElementPresentKeyword.groovy:92)
	at com.kms.katalon.core.webui.keyword.builtin.VerifyElementPresentKeyword.execute(VerifyElementPresentKeyword.groovy:68)
	at com.kms.katalon.core.keyword.internal.KeywordExecutor.executeKeywordForPlatform(KeywordExecutor.groovy:73)
	at com.kms.katalon.core.webui.keyword.WebUiBuiltInKeywords.verifyElementPresent(WebUiBuiltInKeywords.groovy:1461)
	at com.kms.katalon.core.webui.keyword.WebUiBuiltInKeywords$verifyElementPresent$10.call(Unknown Source)
	at TC_DETAILS_UI_036.run(TC_DETAILS_UI_036:23)
	at com.kms.katalon.core.main.ScriptEngine.run(ScriptEngine.java:194)
	at com.kms.katalon.core.main.ScriptEngine.runScriptAsRawText(ScriptEngine.java:119)
	at com.kms.katalon.core.main.TestCaseExecutor.runScript(TestCaseExecutor.java:339)
	at com.kms.katalon.core.main.TestCaseExecutor.doExecute(TestCaseExecutor.java:330)
	at com.kms.katalon.core.main.TestCaseExecutor.processExecutionPhase(TestCaseExecutor.java:309)
	at com.kms.katalon.core.main.TestCaseExecutor.accessMainPhase(TestCaseExecutor.java:301)
	at com.kms.katalon.core.main.TestCaseExecutor.execute(TestCaseExecutor.java:235)
	at com.kms.katalon.core.main.TestSuiteExecutor.accessTestCaseMainPhase(TestSuiteExecutor.java:191)
	at com.kms.katalon.core.main.TestSuiteExecutor.accessTestSuiteMainPhase(TestSuiteExecutor.java:141)
	at com.kms.katalon.core.main.TestSuiteExecutor.execute(TestSuiteExecutor.java:90)
	at com.kms.katalon.core.main.TestCaseMain.startTestSuite(TestCaseMain.java:157)
	at com.kms.katalon.core.main.TestCaseMain$startTestSuite$0.call(Unknown Source)
	at TempTestSuite1620355020148.run(TempTestSuite1620355020148.groovy:39)
)
[[ATTACHMENT|K:\\Work\\GitHub\\find-item-detail-test_v2\\Reports\\20210507_103700\\Item detail test\\20210507_103700\\1620356750309.png]]

2021-05-07 11:05:50 - [MESSAGE][FAILED] - Unable to verify object 'Object Repository/Item Details Objects/Page_diagnostics/Page_diagnostics/span_Contact_person' is present (Root cause: com.kms.katalon.core.exception.StepFailedException: Unable to verify object 'Object Repository/Item Details Objects/Page_diagnostics/Page_diagnostics/span_Contact_person' is present
	at com.kms.katalon.core.webui.keyword.internal.WebUIKeywordMain.stepFailed(WebUIKeywordMain.groovy:64)
	at com.kms.katalon.core.webui.keyword.internal.WebUIKeywordMain.runKeyword(WebUIKeywordMain.groovy:26)
	at com.kms.katalon.core.webui.keyword.builtin.VerifyElementPresentKeyword.verifyElementPresent(VerifyElementPresentKeyword.groovy:92)
	at com.kms.katalon.core.webui.keyword.builtin.VerifyElementPresentKeyword.execute(VerifyElementPresentKeyword.groovy:68)
	at com.kms.katalon.core.keyword.internal.KeywordExecutor.executeKeywordForPlatform(KeywordExecutor.groovy:73)
	at com.kms.katalon.core.webui.keyword.WebUiBuiltInKeywords.verifyElementPresent(WebUiBuiltInKeywords.groovy:1461)
	at com.kms.katalon.core.webui.keyword.WebUiBuiltInKeywords$verifyElementPresent$10.call(Unknown Source)
	at TC_DETAILS_UI_036.run(TC_DETAILS_UI_036:23)
	at com.kms.katalon.core.main.ScriptEngine.run(ScriptEngine.java:194)
	at com.kms.katalon.core.main.ScriptEngine.runScriptAsRawText(ScriptEngine.java:119)
	at com.kms.katalon.core.main.TestCaseExecutor.runScript(TestCaseExecutor.java:339)
	at com.kms.katalon.core.main.TestCaseExecutor.doExecute(TestCaseExecutor.java:330)
	at com.kms.katalon.core.main.TestCaseExecutor.processExecutionPhase(TestCaseExecutor.java:309)
	at com.kms.katalon.core.main.TestCaseExecutor.accessMainPhase(TestCaseExecutor.java:301)
	at com.kms.katalon.core.main.TestCaseExecutor.execute(TestCaseExecutor.java:235)
	at com.kms.katalon.core.main.TestSuiteExecutor.accessTestCaseMainPhase(TestSuiteExecutor.java:191)
	at com.kms.katalon.core.main.TestSuiteExecutor.accessTestSuiteMainPhase(TestSuiteExecutor.java:141)
	at com.kms.katalon.core.main.TestSuiteExecutor.execute(TestSuiteExecutor.java:90)
	at com.kms.katalon.core.main.TestCaseMain.startTestSuite(TestCaseMain.java:157)
	at com.kms.katalon.core.main.TestCaseMain$startTestSuite$0.call(Unknown Source)
	at TempTestSuite1620355020148.run(TempTestSuite1620355020148.groovy:39)
Caused by: com.kms.katalon.core.exception.StepFailedException: com.kms.katalon.core.webui.exception.WebElementNotFoundException: Web element with id: 'Object Repository/Item Details Objects/Page_diagnostics/Page_diagnostics/span_Contact_person' located by '//*[(text() = 'Contact person:' or . = 'Contact person:')]' not found
	at com.kms.katalon.core.webui.keyword.internal.WebUIKeywordMain.stepFailed(WebUIKeywordMain.groovy:64)
	at com.kms.katalon.core.webui.keyword.builtin.VerifyElementPresentKeyword$_verifyElementPresent_closure1.doCall(VerifyElementPresentKeyword.groovy:85)
	at com.kms.katalon.core.webui.keyword.builtin.VerifyElementPresentKeyword$_verifyElementPresent_closure1.call(VerifyElementPresentKeyword.groovy)
	at com.kms.katalon.core.webui.keyword.internal.WebUIKeywordMain.runKeyword(WebUIKeywordMain.groovy:20)
	... 19 more
)
[[ATTACHMENT|K:\\Work\\GitHub\\find-item-detail-test_v2\\Reports\\20210507_103700\\Item detail test\\20210507_103700\\1620356750468.png]]]]></system-out>
         <system-err><![CDATA[2021-05-07 11:04:30 - [TEST_CASE][FAILED] - Test Cases/Custom Item Details/TEST CASE/TC_DETAILS_UI_036: Test Cases/Custom Item Details/TEST CASE/TC_DETAILS_UI_036 FAILED.
Reason:
com.kms.katalon.core.exception.StepFailedException: Unable to verify object 'Object Repository/Item Details Objects/Page_diagnostics/Page_diagnostics/span_Contact_person' is present
	at com.kms.katalon.core.webui.keyword.internal.WebUIKeywordMain.stepFailed(WebUIKeywordMain.groovy:64)
	at com.kms.katalon.core.webui.keyword.internal.WebUIKeywordMain.runKeyword(WebUIKeywordMain.groovy:26)
	at com.kms.katalon.core.webui.keyword.builtin.VerifyElementPresentKeyword.verifyElementPresent(VerifyElementPresentKeyword.groovy:92)
	at com.kms.katalon.core.webui.keyword.builtin.VerifyElementPresentKeyword.execute(VerifyElementPresentKeyword.groovy:68)
	at com.kms.katalon.core.keyword.internal.KeywordExecutor.executeKeywordForPlatform(KeywordExecutor.groovy:73)
	at com.kms.katalon.core.webui.keyword.WebUiBuiltInKeywords.verifyElementPresent(WebUiBuiltInKeywords.groovy:1461)
	at com.kms.katalon.core.webui.keyword.WebUiBuiltInKeywords$verifyElementPresent$10.call(Unknown Source)
	at TC_DETAILS_UI_036.run(TC_DETAILS_UI_036:23)
	at com.kms.katalon.core.main.ScriptEngine.run(ScriptEngine.java:194)
	at com.kms.katalon.core.main.ScriptEngine.runScriptAsRawText(ScriptEngine.java:119)
	at com.kms.katalon.core.main.TestCaseExecutor.runScript(TestCaseExecutor.java:339)
	at com.kms.katalon.core.main.TestCaseExecutor.doExecute(TestCaseExecutor.java:330)
	at com.kms.katalon.core.main.TestCaseExecutor.processExecutionPhase(TestCaseExecutor.java:309)
	at com.kms.katalon.core.main.TestCaseExecutor.accessMainPhase(TestCaseExecutor.java:301)
	at com.kms.katalon.core.main.TestCaseExecutor.execute(TestCaseExecutor.java:235)
	at com.kms.katalon.core.main.TestSuiteExecutor.accessTestCaseMainPhase(TestSuiteExecutor.java:191)
	at com.kms.katalon.core.main.TestSuiteExecutor.accessTestSuiteMainPhase(TestSuiteExecutor.java:141)
	at com.kms.katalon.core.main.TestSuiteExecutor.execute(TestSuiteExecutor.java:90)
	at com.kms.katalon.core.main.TestCaseMain.startTestSuite(TestCaseMain.java:157)
	at com.kms.katalon.core.main.TestCaseMain$startTestSuite$0.call(Unknown Source)
	at TempTestSuite1620355020148.run(TempTestSuite1620355020148.groovy:39)
Caused by: com.kms.katalon.core.exception.StepFailedException: com.kms.katalon.core.webui.exception.WebElementNotFoundException: Web element with id: 'Object Repository/Item Details Objects/Page_diagnostics/Page_diagnostics/span_Contact_person' located by '//*[(text() = 'Contact person:' or . = 'Contact person:')]' not found
	at com.kms.katalon.core.webui.keyword.internal.WebUIKeywordMain.stepFailed(WebUIKeywordMain.groovy:64)
	at com.kms.katalon.core.webui.keyword.builtin.VerifyElementPresentKeyword$_verifyElementPresent_closure1.doCall(VerifyElementPresentKeyword.groovy:85)
	at com.kms.katalon.core.webui.keyword.builtin.VerifyElementPresentKeyword$_verifyElementPresent_closure1.call(VerifyElementPresentKeyword.groovy)
	at com.kms.katalon.core.webui.keyword.internal.WebUIKeywordMain.runKeyword(WebUIKeywordMain.groovy:20)
	... 19 more]]></system-err>
      </testcase>
      <testcase name="Test Cases/Custom Item Details/TEST CASE/TC_DETAILS_UI_037" time="80.872" classname="Test Cases/Custom Item Details/TEST CASE/TC_DETAILS_UI_037" status="FAILED">
         <failure type="FAILED" message="Test Cases/Custom Item Details/TEST CASE/TC_DETAILS_UI_037 FAILED.
Reason:
com.kms.katalon.core.exception.StepFailedException: Unable to verify object 'Object Repository/Item Details Objects/Page_diagnostics/Page_diagnostics/span_Email_address' is present
	at com.kms.katalon.core.webui.keyword.internal.WebUIKeywordMain.stepFailed(WebUIKeywordMain.groovy:64)
	at com.kms.katalon.core.webui.keyword.internal.WebUIKeywordMain.runKeyword(WebUIKeywordMain.groovy:26)
	at com.kms.katalon.core.webui.keyword.builtin.VerifyElementPresentKeyword.verifyElementPresent(VerifyElementPresentKeyword.groovy:92)
	at com.kms.katalon.core.webui.keyword.builtin.VerifyElementPresentKeyword.execute(VerifyElementPresentKeyword.groovy:68)
	at com.kms.katalon.core.keyword.internal.KeywordExecutor.executeKeywordForPlatform(KeywordExecutor.groovy:73)
	at com.kms.katalon.core.webui.keyword.WebUiBuiltInKeywords.verifyElementPresent(WebUiBuiltInKeywords.groovy:1461)
	at com.kms.katalon.core.webui.keyword.WebUiBuiltInKeywords$verifyElementPresent$10.call(Unknown Source)
	at TC_DETAILS_UI_037.run(TC_DETAILS_UI_037:23)
	at com.kms.katalon.core.main.ScriptEngine.run(ScriptEngine.java:194)
	at com.kms.katalon.core.main.ScriptEngine.runScriptAsRawText(ScriptEngine.java:119)
	at com.kms.katalon.core.main.TestCaseExecutor.runScript(TestCaseExecutor.java:339)
	at com.kms.katalon.core.main.TestCaseExecutor.doExecute(TestCaseExecutor.java:330)
	at com.kms.katalon.core.main.TestCaseExecutor.processExecutionPhase(TestCaseExecutor.java:309)
	at com.kms.katalon.core.main.TestCaseExecutor.accessMainPhase(TestCaseExecutor.java:301)
	at com.kms.katalon.core.main.TestCaseExecutor.execute(TestCaseExecutor.java:235)
	at com.kms.katalon.core.main.TestSuiteExecutor.accessTestCaseMainPhase(TestSuiteExecutor.java:191)
	at com.kms.katalon.core.main.TestSuiteExecutor.accessTestSuiteMainPhase(TestSuiteExecutor.java:141)
	at com.kms.katalon.core.main.TestSuiteExecutor.execute(TestSuiteExecutor.java:90)
	at com.kms.katalon.core.main.TestCaseMain.startTestSuite(TestCaseMain.java:157)
	at com.kms.katalon.core.main.TestCaseMain$startTestSuite$0.call(Unknown Source)
	at TempTestSuite1620355020148.run(TempTestSuite1620355020148.groovy:39)
Caused by: com.kms.katalon.core.exception.StepFailedException: com.kms.katalon.core.webui.exception.WebElementNotFoundException: Web element with id: 'Object Repository/Item Details Objects/Page_diagnostics/Page_diagnostics/span_Email_address' located by '//*[(text() = 'Email address:' or . = 'Email address:')]' not found
	at com.kms.katalon.core.webui.keyword.internal.WebUIKeywordMain.stepFailed(WebUIKeywordMain.groovy:64)
	at com.kms.katalon.core.webui.keyword.builtin.VerifyElementPresentKeyword$_verifyElementPresent_closure1.doCall(VerifyElementPresentKeyword.groovy:85)
	at com.kms.katalon.core.webui.keyword.builtin.VerifyElementPresentKeyword$_verifyElementPresent_closure1.call(VerifyElementPresentKeyword.groovy)
	at com.kms.katalon.core.webui.keyword.internal.WebUIKeywordMain.runKeyword(WebUIKeywordMain.groovy:20)
	... 19 more
"/>
         <system-out><![CDATA[2021-05-07 11:05:50 - [TEST_CASE][FAILED] - Test Cases/Custom Item Details/TEST CASE/TC_DETAILS_UI_037: Test Cases/Custom Item Details/TEST CASE/TC_DETAILS_UI_037 FAILED.
Reason:
com.kms.katalon.core.exception.StepFailedException: Unable to verify object 'Object Repository/Item Details Objects/Page_diagnostics/Page_diagnostics/span_Email_address' is present
	at com.kms.katalon.core.webui.keyword.internal.WebUIKeywordMain.stepFailed(WebUIKeywordMain.groovy:64)
	at com.kms.katalon.core.webui.keyword.internal.WebUIKeywordMain.runKeyword(WebUIKeywordMain.groovy:26)
	at com.kms.katalon.core.webui.keyword.builtin.VerifyElementPresentKeyword.verifyElementPresent(VerifyElementPresentKeyword.groovy:92)
	at com.kms.katalon.core.webui.keyword.builtin.VerifyElementPresentKeyword.execute(VerifyElementPresentKeyword.groovy:68)
	at com.kms.katalon.core.keyword.internal.KeywordExecutor.executeKeywordForPlatform(KeywordExecutor.groovy:73)
	at com.kms.katalon.core.webui.keyword.WebUiBuiltInKeywords.verifyElementPresent(WebUiBuiltInKeywords.groovy:1461)
	at com.kms.katalon.core.webui.keyword.WebUiBuiltInKeywords$verifyElementPresent$10.call(Unknown Source)
	at TC_DETAILS_UI_037.run(TC_DETAILS_UI_037:23)
	at com.kms.katalon.core.main.ScriptEngine.run(ScriptEngine.java:194)
	at com.kms.katalon.core.main.ScriptEngine.runScriptAsRawText(ScriptEngine.java:119)
	at com.kms.katalon.core.main.TestCaseExecutor.runScript(TestCaseExecutor.java:339)
	at com.kms.katalon.core.main.TestCaseExecutor.doExecute(TestCaseExecutor.java:330)
	at com.kms.katalon.core.main.TestCaseExecutor.processExecutionPhase(TestCaseExecutor.java:309)
	at com.kms.katalon.core.main.TestCaseExecutor.accessMainPhase(TestCaseExecutor.java:301)
	at com.kms.katalon.core.main.TestCaseExecutor.execute(TestCaseExecutor.java:235)
	at com.kms.katalon.core.main.TestSuiteExecutor.accessTestCaseMainPhase(TestSuiteExecutor.java:191)
	at com.kms.katalon.core.main.TestSuiteExecutor.accessTestSuiteMainPhase(TestSuiteExecutor.java:141)
	at com.kms.katalon.core.main.TestSuiteExecutor.execute(TestSuiteExecutor.java:90)
	at com.kms.katalon.core.main.TestCaseMain.startTestSuite(TestCaseMain.java:157)
	at com.kms.katalon.core.main.TestCaseMain$startTestSuite$0.call(Unknown Source)
	at TempTestSuite1620355020148.run(TempTestSuite1620355020148.groovy:39)
Caused by: com.kms.katalon.core.exception.StepFailedException: com.kms.katalon.core.webui.exception.WebElementNotFoundException: Web element with id: 'Object Repository/Item Details Objects/Page_diagnostics/Page_diagnostics/span_Email_address' located by '//*[(text() = 'Email address:' or . = 'Email address:')]' not found
	at com.kms.katalon.core.webui.keyword.internal.WebUIKeywordMain.stepFailed(WebUIKeywordMain.groovy:64)
	at com.kms.katalon.core.webui.keyword.builtin.VerifyElementPresentKeyword$_verifyElementPresent_closure1.doCall(VerifyElementPresentKeyword.groovy:85)
	at com.kms.katalon.core.webui.keyword.builtin.VerifyElementPresentKeyword$_verifyElementPresent_closure1.call(VerifyElementPresentKeyword.groovy)
	at com.kms.katalon.core.webui.keyword.internal.WebUIKeywordMain.runKeyword(WebUIKeywordMain.groovy:20)
	... 19 more


2021-05-07 11:05:50 - [TEST_STEP][PASSED] - callTestCase(findTestCase("Custom Item Details/UTILITIES/OPEN_BROWSER"), [:], STOP_ON_FAILURE): Call Test Case 'Test Cases/Custom Item Details/UTILITIES/OPEN_BROWSER' successfully

2021-05-07 11:05:50 - [TEST_CASE][PASSED] - Test Cases/Custom Item Details/UTILITIES/OPEN_BROWSER: Test Cases/Custom Item Details/UTILITIES/OPEN_BROWSER

2021-05-07 11:05:50 - [TEST_STEP][PASSED] - openBrowser("https://diagnostics.staging.arcadier.io/"): Browser is opened with url: 'https://diagnostics.staging.arcadier.io/'

2021-05-07 11:05:50 - [MESSAGE][WARNING] - A browser is already opened. Closing browser and opening a new one

2021-05-07 11:05:51 - [MESSAGE][INFO] - Starting 'Chrome' driver

2021-05-07 11:05:51 - [MESSAGE][INFO] - Action delay is set to 0 milliseconds

2021-05-07 11:06:02 - [MESSAGE][PASSED] - Browser is opened with url: 'https://diagnostics.staging.arcadier.io/'

2021-05-07 11:06:02 - [TEST_STEP][PASSED] - maximizeWindow(): Current window maximized

2021-05-07 11:06:02 - [MESSAGE][PASSED] - Current window maximized

2021-05-07 11:06:02 - [TEST_STEP][PASSED] - click(findTestObject("Item Details Objects/Page_diagnostics/a_Accept Cookies")): Object: 'Object Repository/Item Details Objects/Page_diagnostics/a_Accept Cookies' is clicked on

2021-05-07 11:06:03 - [MESSAGE][PASSED] - Object: 'Object Repository/Item Details Objects/Page_diagnostics/a_Accept Cookies' is clicked on

2021-05-07 11:06:03 - [TEST_STEP][PASSED] - click(findTestObject("Staging Objects/Page_diagnostics/a_COVID-19 DIAGNOSTICS"), STOP_ON_FAILURE): Object: 'Object Repository/Staging Objects/Page_diagnostics/a_COVID-19 DIAGNOSTICS' is clicked on

2021-05-07 11:06:05 - [MESSAGE][PASSED] - Object: 'Object Repository/Staging Objects/Page_diagnostics/a_COVID-19 DIAGNOSTICS' is clicked on

2021-05-07 11:06:05 - [TEST_STEP][PASSED] - mouseOver(findTestObject("Staging Objects/Page_diagnostics/a_STANDARD Q COVID-19 Ag Test")): Object: 'Object Repository/Staging Objects/Page_diagnostics/a_STANDARD Q COVID-19 Ag Test' is hovered

2021-05-07 11:06:06 - [MESSAGE][PASSED] - Object: 'Object Repository/Staging Objects/Page_diagnostics/a_STANDARD Q COVID-19 Ag Test' is hovered

2021-05-07 11:06:06 - [TEST_STEP][PASSED] - click(findTestObject("Staging Objects/Page_diagnostics/a_STANDARD Q COVID-19 Ag Test")): Object: 'Object Repository/Staging Objects/Page_diagnostics/a_STANDARD Q COVID-19 Ag Test' is clicked on

2021-05-07 11:06:08 - [MESSAGE][PASSED] - Object: 'Object Repository/Staging Objects/Page_diagnostics/a_STANDARD Q COVID-19 Ag Test' is clicked on

2021-05-07 11:06:08 - [MESSAGE][PASSED] - Call Test Case 'Test Cases/Custom Item Details/UTILITIES/OPEN_BROWSER' successfully

2021-05-07 11:06:08 - [TEST_STEP][PASSED] - waitForElementVisible(findTestObject("Item Details Objects/Page_diagnostics/Page_diagnostics/span_Email_address"), 0): Web element with id: 'Object Repository/Item Details Objects/Page_diagnostics/Page_diagnostics/span_Email_address' located by '//*[(text() = 'Email address:' or . = 'Email address:')]' not found

2021-05-07 11:06:08 - [MESSAGE][WARNING] - Timeout '0' is invalid. Using default page load timeout: '30'

2021-05-07 11:06:40 - [MESSAGE][INFO] - Unable to find the element located by 'By.xpath: //*[(text() = 'Email address:' or . = 'Email address:')]'. Please recheck the objects properties to make sure the desired element is located. 

2021-05-07 11:06:40 - [MESSAGE][WARNING] - Web element with id: 'Object Repository/Item Details Objects/Page_diagnostics/Page_diagnostics/span_Email_address' located by '//*[(text() = 'Email address:' or . = 'Email address:')]' not found

2021-05-07 11:06:40 - [TEST_STEP][FAILED] - verifyElementPresent(findTestObject("Item Details Objects/Page_diagnostics/Page_diagnostics/span_Email_address"), 0): Unable to verify object 'Object Repository/Item Details Objects/Page_diagnostics/Page_diagnostics/span_Email_address' is present (Root cause: com.kms.katalon.core.exception.StepFailedException: Unable to verify object 'Object Repository/Item Details Objects/Page_diagnostics/Page_diagnostics/span_Email_address' is present
	at com.kms.katalon.core.webui.keyword.internal.WebUIKeywordMain.stepFailed(WebUIKeywordMain.groovy:64)
	at com.kms.katalon.core.webui.keyword.internal.WebUIKeywordMain.runKeyword(WebUIKeywordMain.groovy:26)
	at com.kms.katalon.core.webui.keyword.builtin.VerifyElementPresentKeyword.verifyElementPresent(VerifyElementPresentKeyword.groovy:92)
	at com.kms.katalon.core.webui.keyword.builtin.VerifyElementPresentKeyword.execute(VerifyElementPresentKeyword.groovy:68)
	at com.kms.katalon.core.keyword.internal.KeywordExecutor.executeKeywordForPlatform(KeywordExecutor.groovy:73)
	at com.kms.katalon.core.webui.keyword.WebUiBuiltInKeywords.verifyElementPresent(WebUiBuiltInKeywords.groovy:1461)
	at com.kms.katalon.core.webui.keyword.WebUiBuiltInKeywords$verifyElementPresent$10.call(Unknown Source)
	at TC_DETAILS_UI_037.run(TC_DETAILS_UI_037:23)
	at com.kms.katalon.core.main.ScriptEngine.run(ScriptEngine.java:194)
	at com.kms.katalon.core.main.ScriptEngine.runScriptAsRawText(ScriptEngine.java:119)
	at com.kms.katalon.core.main.TestCaseExecutor.runScript(TestCaseExecutor.java:339)
	at com.kms.katalon.core.main.TestCaseExecutor.doExecute(TestCaseExecutor.java:330)
	at com.kms.katalon.core.main.TestCaseExecutor.processExecutionPhase(TestCaseExecutor.java:309)
	at com.kms.katalon.core.main.TestCaseExecutor.accessMainPhase(TestCaseExecutor.java:301)
	at com.kms.katalon.core.main.TestCaseExecutor.execute(TestCaseExecutor.java:235)
	at com.kms.katalon.core.main.TestSuiteExecutor.accessTestCaseMainPhase(TestSuiteExecutor.java:191)
	at com.kms.katalon.core.main.TestSuiteExecutor.accessTestSuiteMainPhase(TestSuiteExecutor.java:141)
	at com.kms.katalon.core.main.TestSuiteExecutor.execute(TestSuiteExecutor.java:90)
	at com.kms.katalon.core.main.TestCaseMain.startTestSuite(TestCaseMain.java:157)
	at com.kms.katalon.core.main.TestCaseMain$startTestSuite$0.call(Unknown Source)
	at TempTestSuite1620355020148.run(TempTestSuite1620355020148.groovy:39)
Caused by: com.kms.katalon.core.exception.StepFailedException: com.kms.katalon.core.webui.exception.WebElementNotFoundException: Web element with id: 'Object Repository/Item Details Objects/Page_diagnostics/Page_diagnostics/span_Email_address' located by '//*[(text() = 'Email address:' or . = 'Email address:')]' not found
	at com.kms.katalon.core.webui.keyword.internal.WebUIKeywordMain.stepFailed(WebUIKeywordMain.groovy:64)
	at com.kms.katalon.core.webui.keyword.builtin.VerifyElementPresentKeyword$_verifyElementPresent_closure1.doCall(VerifyElementPresentKeyword.groovy:85)
	at com.kms.katalon.core.webui.keyword.builtin.VerifyElementPresentKeyword$_verifyElementPresent_closure1.call(VerifyElementPresentKeyword.groovy)
	at com.kms.katalon.core.webui.keyword.internal.WebUIKeywordMain.runKeyword(WebUIKeywordMain.groovy:20)
	... 19 more
)

2021-05-07 11:06:40 - [MESSAGE][WARNING] - Timeout '0' is invalid. Using default page load timeout: '30'

2021-05-07 11:07:11 - [MESSAGE][INFO] - Unable to find the element located by 'By.xpath: //*[(text() = 'Email address:' or . = 'Email address:')]'. Please recheck the objects properties to make sure the desired element is located. 

2021-05-07 11:07:11 - [MESSAGE][FAILED] - com.kms.katalon.core.webui.exception.WebElementNotFoundException: Web element with id: 'Object Repository/Item Details Objects/Page_diagnostics/Page_diagnostics/span_Email_address' located by '//*[(text() = 'Email address:' or . = 'Email address:')]' not found (Root cause: com.kms.katalon.core.exception.StepFailedException: com.kms.katalon.core.webui.exception.WebElementNotFoundException: Web element with id: 'Object Repository/Item Details Objects/Page_diagnostics/Page_diagnostics/span_Email_address' located by '//*[(text() = 'Email address:' or . = 'Email address:')]' not found
	at com.kms.katalon.core.webui.keyword.internal.WebUIKeywordMain.stepFailed(WebUIKeywordMain.groovy:64)
	at com.kms.katalon.core.webui.keyword.builtin.VerifyElementPresentKeyword$_verifyElementPresent_closure1.doCall(VerifyElementPresentKeyword.groovy:85)
	at com.kms.katalon.core.webui.keyword.builtin.VerifyElementPresentKeyword$_verifyElementPresent_closure1.call(VerifyElementPresentKeyword.groovy)
	at com.kms.katalon.core.webui.keyword.internal.WebUIKeywordMain.runKeyword(WebUIKeywordMain.groovy:20)
	at com.kms.katalon.core.webui.keyword.builtin.VerifyElementPresentKeyword.verifyElementPresent(VerifyElementPresentKeyword.groovy:92)
	at com.kms.katalon.core.webui.keyword.builtin.VerifyElementPresentKeyword.execute(VerifyElementPresentKeyword.groovy:68)
	at com.kms.katalon.core.keyword.internal.KeywordExecutor.executeKeywordForPlatform(KeywordExecutor.groovy:73)
	at com.kms.katalon.core.webui.keyword.WebUiBuiltInKeywords.verifyElementPresent(WebUiBuiltInKeywords.groovy:1461)
	at com.kms.katalon.core.webui.keyword.WebUiBuiltInKeywords$verifyElementPresent$10.call(Unknown Source)
	at TC_DETAILS_UI_037.run(TC_DETAILS_UI_037:23)
	at com.kms.katalon.core.main.ScriptEngine.run(ScriptEngine.java:194)
	at com.kms.katalon.core.main.ScriptEngine.runScriptAsRawText(ScriptEngine.java:119)
	at com.kms.katalon.core.main.TestCaseExecutor.runScript(TestCaseExecutor.java:339)
	at com.kms.katalon.core.main.TestCaseExecutor.doExecute(TestCaseExecutor.java:330)
	at com.kms.katalon.core.main.TestCaseExecutor.processExecutionPhase(TestCaseExecutor.java:309)
	at com.kms.katalon.core.main.TestCaseExecutor.accessMainPhase(TestCaseExecutor.java:301)
	at com.kms.katalon.core.main.TestCaseExecutor.execute(TestCaseExecutor.java:235)
	at com.kms.katalon.core.main.TestSuiteExecutor.accessTestCaseMainPhase(TestSuiteExecutor.java:191)
	at com.kms.katalon.core.main.TestSuiteExecutor.accessTestSuiteMainPhase(TestSuiteExecutor.java:141)
	at com.kms.katalon.core.main.TestSuiteExecutor.execute(TestSuiteExecutor.java:90)
	at com.kms.katalon.core.main.TestCaseMain.startTestSuite(TestCaseMain.java:157)
	at com.kms.katalon.core.main.TestCaseMain$startTestSuite$0.call(Unknown Source)
	at TempTestSuite1620355020148.run(TempTestSuite1620355020148.groovy:39)
)
[[ATTACHMENT|K:\\Work\\GitHub\\find-item-detail-test_v2\\Reports\\20210507_103700\\Item detail test\\20210507_103700\\1620356831150.png]]

2021-05-07 11:07:11 - [MESSAGE][FAILED] - Unable to verify object 'Object Repository/Item Details Objects/Page_diagnostics/Page_diagnostics/span_Email_address' is present (Root cause: com.kms.katalon.core.exception.StepFailedException: Unable to verify object 'Object Repository/Item Details Objects/Page_diagnostics/Page_diagnostics/span_Email_address' is present
	at com.kms.katalon.core.webui.keyword.internal.WebUIKeywordMain.stepFailed(WebUIKeywordMain.groovy:64)
	at com.kms.katalon.core.webui.keyword.internal.WebUIKeywordMain.runKeyword(WebUIKeywordMain.groovy:26)
	at com.kms.katalon.core.webui.keyword.builtin.VerifyElementPresentKeyword.verifyElementPresent(VerifyElementPresentKeyword.groovy:92)
	at com.kms.katalon.core.webui.keyword.builtin.VerifyElementPresentKeyword.execute(VerifyElementPresentKeyword.groovy:68)
	at com.kms.katalon.core.keyword.internal.KeywordExecutor.executeKeywordForPlatform(KeywordExecutor.groovy:73)
	at com.kms.katalon.core.webui.keyword.WebUiBuiltInKeywords.verifyElementPresent(WebUiBuiltInKeywords.groovy:1461)
	at com.kms.katalon.core.webui.keyword.WebUiBuiltInKeywords$verifyElementPresent$10.call(Unknown Source)
	at TC_DETAILS_UI_037.run(TC_DETAILS_UI_037:23)
	at com.kms.katalon.core.main.ScriptEngine.run(ScriptEngine.java:194)
	at com.kms.katalon.core.main.ScriptEngine.runScriptAsRawText(ScriptEngine.java:119)
	at com.kms.katalon.core.main.TestCaseExecutor.runScript(TestCaseExecutor.java:339)
	at com.kms.katalon.core.main.TestCaseExecutor.doExecute(TestCaseExecutor.java:330)
	at com.kms.katalon.core.main.TestCaseExecutor.processExecutionPhase(TestCaseExecutor.java:309)
	at com.kms.katalon.core.main.TestCaseExecutor.accessMainPhase(TestCaseExecutor.java:301)
	at com.kms.katalon.core.main.TestCaseExecutor.execute(TestCaseExecutor.java:235)
	at com.kms.katalon.core.main.TestSuiteExecutor.accessTestCaseMainPhase(TestSuiteExecutor.java:191)
	at com.kms.katalon.core.main.TestSuiteExecutor.accessTestSuiteMainPhase(TestSuiteExecutor.java:141)
	at com.kms.katalon.core.main.TestSuiteExecutor.execute(TestSuiteExecutor.java:90)
	at com.kms.katalon.core.main.TestCaseMain.startTestSuite(TestCaseMain.java:157)
	at com.kms.katalon.core.main.TestCaseMain$startTestSuite$0.call(Unknown Source)
	at TempTestSuite1620355020148.run(TempTestSuite1620355020148.groovy:39)
Caused by: com.kms.katalon.core.exception.StepFailedException: com.kms.katalon.core.webui.exception.WebElementNotFoundException: Web element with id: 'Object Repository/Item Details Objects/Page_diagnostics/Page_diagnostics/span_Email_address' located by '//*[(text() = 'Email address:' or . = 'Email address:')]' not found
	at com.kms.katalon.core.webui.keyword.internal.WebUIKeywordMain.stepFailed(WebUIKeywordMain.groovy:64)
	at com.kms.katalon.core.webui.keyword.builtin.VerifyElementPresentKeyword$_verifyElementPresent_closure1.doCall(VerifyElementPresentKeyword.groovy:85)
	at com.kms.katalon.core.webui.keyword.builtin.VerifyElementPresentKeyword$_verifyElementPresent_closure1.call(VerifyElementPresentKeyword.groovy)
	at com.kms.katalon.core.webui.keyword.internal.WebUIKeywordMain.runKeyword(WebUIKeywordMain.groovy:20)
	... 19 more
)
[[ATTACHMENT|K:\\Work\\GitHub\\find-item-detail-test_v2\\Reports\\20210507_103700\\Item detail test\\20210507_103700\\1620356831331.png]]]]></system-out>
         <system-err><![CDATA[2021-05-07 11:05:50 - [TEST_CASE][FAILED] - Test Cases/Custom Item Details/TEST CASE/TC_DETAILS_UI_037: Test Cases/Custom Item Details/TEST CASE/TC_DETAILS_UI_037 FAILED.
Reason:
com.kms.katalon.core.exception.StepFailedException: Unable to verify object 'Object Repository/Item Details Objects/Page_diagnostics/Page_diagnostics/span_Email_address' is present
	at com.kms.katalon.core.webui.keyword.internal.WebUIKeywordMain.stepFailed(WebUIKeywordMain.groovy:64)
	at com.kms.katalon.core.webui.keyword.internal.WebUIKeywordMain.runKeyword(WebUIKeywordMain.groovy:26)
	at com.kms.katalon.core.webui.keyword.builtin.VerifyElementPresentKeyword.verifyElementPresent(VerifyElementPresentKeyword.groovy:92)
	at com.kms.katalon.core.webui.keyword.builtin.VerifyElementPresentKeyword.execute(VerifyElementPresentKeyword.groovy:68)
	at com.kms.katalon.core.keyword.internal.KeywordExecutor.executeKeywordForPlatform(KeywordExecutor.groovy:73)
	at com.kms.katalon.core.webui.keyword.WebUiBuiltInKeywords.verifyElementPresent(WebUiBuiltInKeywords.groovy:1461)
	at com.kms.katalon.core.webui.keyword.WebUiBuiltInKeywords$verifyElementPresent$10.call(Unknown Source)
	at TC_DETAILS_UI_037.run(TC_DETAILS_UI_037:23)
	at com.kms.katalon.core.main.ScriptEngine.run(ScriptEngine.java:194)
	at com.kms.katalon.core.main.ScriptEngine.runScriptAsRawText(ScriptEngine.java:119)
	at com.kms.katalon.core.main.TestCaseExecutor.runScript(TestCaseExecutor.java:339)
	at com.kms.katalon.core.main.TestCaseExecutor.doExecute(TestCaseExecutor.java:330)
	at com.kms.katalon.core.main.TestCaseExecutor.processExecutionPhase(TestCaseExecutor.java:309)
	at com.kms.katalon.core.main.TestCaseExecutor.accessMainPhase(TestCaseExecutor.java:301)
	at com.kms.katalon.core.main.TestCaseExecutor.execute(TestCaseExecutor.java:235)
	at com.kms.katalon.core.main.TestSuiteExecutor.accessTestCaseMainPhase(TestSuiteExecutor.java:191)
	at com.kms.katalon.core.main.TestSuiteExecutor.accessTestSuiteMainPhase(TestSuiteExecutor.java:141)
	at com.kms.katalon.core.main.TestSuiteExecutor.execute(TestSuiteExecutor.java:90)
	at com.kms.katalon.core.main.TestCaseMain.startTestSuite(TestCaseMain.java:157)
	at com.kms.katalon.core.main.TestCaseMain$startTestSuite$0.call(Unknown Source)
	at TempTestSuite1620355020148.run(TempTestSuite1620355020148.groovy:39)
Caused by: com.kms.katalon.core.exception.StepFailedException: com.kms.katalon.core.webui.exception.WebElementNotFoundException: Web element with id: 'Object Repository/Item Details Objects/Page_diagnostics/Page_diagnostics/span_Email_address' located by '//*[(text() = 'Email address:' or . = 'Email address:')]' not found
	at com.kms.katalon.core.webui.keyword.internal.WebUIKeywordMain.stepFailed(WebUIKeywordMain.groovy:64)
	at com.kms.katalon.core.webui.keyword.builtin.VerifyElementPresentKeyword$_verifyElementPresent_closure1.doCall(VerifyElementPresentKeyword.groovy:85)
	at com.kms.katalon.core.webui.keyword.builtin.VerifyElementPresentKeyword$_verifyElementPresent_closure1.call(VerifyElementPresentKeyword.groovy)
	at com.kms.katalon.core.webui.keyword.internal.WebUIKeywordMain.runKeyword(WebUIKeywordMain.groovy:20)
	... 19 more]]></system-err>
      </testcase>
      <testcase name="Test Cases/Custom Item Details/TEST CASE/TC_DETAILS_UI_038" time="84.523" classname="Test Cases/Custom Item Details/TEST CASE/TC_DETAILS_UI_038" status="FAILED">
         <failure type="FAILED" message="Test Cases/Custom Item Details/TEST CASE/TC_DETAILS_UI_038 FAILED.
Reason:
com.kms.katalon.core.exception.StepFailedException: Unable to verify object 'Object Repository/Item Details Objects/Page_diagnostics/Page_diagnostics/span_Country_of_manufacturer' is present
	at com.kms.katalon.core.webui.keyword.internal.WebUIKeywordMain.stepFailed(WebUIKeywordMain.groovy:64)
	at com.kms.katalon.core.webui.keyword.internal.WebUIKeywordMain.runKeyword(WebUIKeywordMain.groovy:26)
	at com.kms.katalon.core.webui.keyword.builtin.VerifyElementPresentKeyword.verifyElementPresent(VerifyElementPresentKeyword.groovy:92)
	at com.kms.katalon.core.webui.keyword.builtin.VerifyElementPresentKeyword.execute(VerifyElementPresentKeyword.groovy:68)
	at com.kms.katalon.core.keyword.internal.KeywordExecutor.executeKeywordForPlatform(KeywordExecutor.groovy:73)
	at com.kms.katalon.core.webui.keyword.WebUiBuiltInKeywords.verifyElementPresent(WebUiBuiltInKeywords.groovy:1461)
	at com.kms.katalon.core.webui.keyword.WebUiBuiltInKeywords$verifyElementPresent$10.call(Unknown Source)
	at TC_DETAILS_UI_038.run(TC_DETAILS_UI_038:23)
	at com.kms.katalon.core.main.ScriptEngine.run(ScriptEngine.java:194)
	at com.kms.katalon.core.main.ScriptEngine.runScriptAsRawText(ScriptEngine.java:119)
	at com.kms.katalon.core.main.TestCaseExecutor.runScript(TestCaseExecutor.java:339)
	at com.kms.katalon.core.main.TestCaseExecutor.doExecute(TestCaseExecutor.java:330)
	at com.kms.katalon.core.main.TestCaseExecutor.processExecutionPhase(TestCaseExecutor.java:309)
	at com.kms.katalon.core.main.TestCaseExecutor.accessMainPhase(TestCaseExecutor.java:301)
	at com.kms.katalon.core.main.TestCaseExecutor.execute(TestCaseExecutor.java:235)
	at com.kms.katalon.core.main.TestSuiteExecutor.accessTestCaseMainPhase(TestSuiteExecutor.java:191)
	at com.kms.katalon.core.main.TestSuiteExecutor.accessTestSuiteMainPhase(TestSuiteExecutor.java:141)
	at com.kms.katalon.core.main.TestSuiteExecutor.execute(TestSuiteExecutor.java:90)
	at com.kms.katalon.core.main.TestCaseMain.startTestSuite(TestCaseMain.java:157)
	at com.kms.katalon.core.main.TestCaseMain$startTestSuite$0.call(Unknown Source)
	at TempTestSuite1620355020148.run(TempTestSuite1620355020148.groovy:39)
Caused by: com.kms.katalon.core.exception.StepFailedException: com.kms.katalon.core.webui.exception.WebElementNotFoundException: Web element with id: 'Object Repository/Item Details Objects/Page_diagnostics/Page_diagnostics/span_Country_of_manufacturer' located by '//*[(text() = 'Country of manufacturer:' or . = 'Country of manufacturer:')]' not found
	at com.kms.katalon.core.webui.keyword.internal.WebUIKeywordMain.stepFailed(WebUIKeywordMain.groovy:64)
	at com.kms.katalon.core.webui.keyword.builtin.VerifyElementPresentKeyword$_verifyElementPresent_closure1.doCall(VerifyElementPresentKeyword.groovy:85)
	at com.kms.katalon.core.webui.keyword.builtin.VerifyElementPresentKeyword$_verifyElementPresent_closure1.call(VerifyElementPresentKeyword.groovy)
	at com.kms.katalon.core.webui.keyword.internal.WebUIKeywordMain.runKeyword(WebUIKeywordMain.groovy:20)
	... 19 more
"/>
         <system-out><![CDATA[2021-05-07 11:07:11 - [TEST_CASE][FAILED] - Test Cases/Custom Item Details/TEST CASE/TC_DETAILS_UI_038: Test Cases/Custom Item Details/TEST CASE/TC_DETAILS_UI_038 FAILED.
Reason:
com.kms.katalon.core.exception.StepFailedException: Unable to verify object 'Object Repository/Item Details Objects/Page_diagnostics/Page_diagnostics/span_Country_of_manufacturer' is present
	at com.kms.katalon.core.webui.keyword.internal.WebUIKeywordMain.stepFailed(WebUIKeywordMain.groovy:64)
	at com.kms.katalon.core.webui.keyword.internal.WebUIKeywordMain.runKeyword(WebUIKeywordMain.groovy:26)
	at com.kms.katalon.core.webui.keyword.builtin.VerifyElementPresentKeyword.verifyElementPresent(VerifyElementPresentKeyword.groovy:92)
	at com.kms.katalon.core.webui.keyword.builtin.VerifyElementPresentKeyword.execute(VerifyElementPresentKeyword.groovy:68)
	at com.kms.katalon.core.keyword.internal.KeywordExecutor.executeKeywordForPlatform(KeywordExecutor.groovy:73)
	at com.kms.katalon.core.webui.keyword.WebUiBuiltInKeywords.verifyElementPresent(WebUiBuiltInKeywords.groovy:1461)
	at com.kms.katalon.core.webui.keyword.WebUiBuiltInKeywords$verifyElementPresent$10.call(Unknown Source)
	at TC_DETAILS_UI_038.run(TC_DETAILS_UI_038:23)
	at com.kms.katalon.core.main.ScriptEngine.run(ScriptEngine.java:194)
	at com.kms.katalon.core.main.ScriptEngine.runScriptAsRawText(ScriptEngine.java:119)
	at com.kms.katalon.core.main.TestCaseExecutor.runScript(TestCaseExecutor.java:339)
	at com.kms.katalon.core.main.TestCaseExecutor.doExecute(TestCaseExecutor.java:330)
	at com.kms.katalon.core.main.TestCaseExecutor.processExecutionPhase(TestCaseExecutor.java:309)
	at com.kms.katalon.core.main.TestCaseExecutor.accessMainPhase(TestCaseExecutor.java:301)
	at com.kms.katalon.core.main.TestCaseExecutor.execute(TestCaseExecutor.java:235)
	at com.kms.katalon.core.main.TestSuiteExecutor.accessTestCaseMainPhase(TestSuiteExecutor.java:191)
	at com.kms.katalon.core.main.TestSuiteExecutor.accessTestSuiteMainPhase(TestSuiteExecutor.java:141)
	at com.kms.katalon.core.main.TestSuiteExecutor.execute(TestSuiteExecutor.java:90)
	at com.kms.katalon.core.main.TestCaseMain.startTestSuite(TestCaseMain.java:157)
	at com.kms.katalon.core.main.TestCaseMain$startTestSuite$0.call(Unknown Source)
	at TempTestSuite1620355020148.run(TempTestSuite1620355020148.groovy:39)
Caused by: com.kms.katalon.core.exception.StepFailedException: com.kms.katalon.core.webui.exception.WebElementNotFoundException: Web element with id: 'Object Repository/Item Details Objects/Page_diagnostics/Page_diagnostics/span_Country_of_manufacturer' located by '//*[(text() = 'Country of manufacturer:' or . = 'Country of manufacturer:')]' not found
	at com.kms.katalon.core.webui.keyword.internal.WebUIKeywordMain.stepFailed(WebUIKeywordMain.groovy:64)
	at com.kms.katalon.core.webui.keyword.builtin.VerifyElementPresentKeyword$_verifyElementPresent_closure1.doCall(VerifyElementPresentKeyword.groovy:85)
	at com.kms.katalon.core.webui.keyword.builtin.VerifyElementPresentKeyword$_verifyElementPresent_closure1.call(VerifyElementPresentKeyword.groovy)
	at com.kms.katalon.core.webui.keyword.internal.WebUIKeywordMain.runKeyword(WebUIKeywordMain.groovy:20)
	... 19 more


2021-05-07 11:07:11 - [TEST_STEP][PASSED] - callTestCase(findTestCase("Custom Item Details/UTILITIES/OPEN_BROWSER"), [:], STOP_ON_FAILURE): Call Test Case 'Test Cases/Custom Item Details/UTILITIES/OPEN_BROWSER' successfully

2021-05-07 11:07:11 - [TEST_CASE][PASSED] - Test Cases/Custom Item Details/UTILITIES/OPEN_BROWSER: Test Cases/Custom Item Details/UTILITIES/OPEN_BROWSER

2021-05-07 11:07:11 - [TEST_STEP][PASSED] - openBrowser("https://diagnostics.staging.arcadier.io/"): Browser is opened with url: 'https://diagnostics.staging.arcadier.io/'

2021-05-07 11:07:11 - [MESSAGE][WARNING] - A browser is already opened. Closing browser and opening a new one

2021-05-07 11:07:12 - [MESSAGE][INFO] - Starting 'Chrome' driver

2021-05-07 11:07:12 - [MESSAGE][INFO] - Action delay is set to 0 milliseconds

2021-05-07 11:07:25 - [MESSAGE][PASSED] - Browser is opened with url: 'https://diagnostics.staging.arcadier.io/'

2021-05-07 11:07:25 - [TEST_STEP][PASSED] - maximizeWindow(): Current window maximized

2021-05-07 11:07:25 - [MESSAGE][PASSED] - Current window maximized

2021-05-07 11:07:25 - [TEST_STEP][PASSED] - click(findTestObject("Item Details Objects/Page_diagnostics/a_Accept Cookies")): Object: 'Object Repository/Item Details Objects/Page_diagnostics/a_Accept Cookies' is clicked on

2021-05-07 11:07:26 - [MESSAGE][PASSED] - Object: 'Object Repository/Item Details Objects/Page_diagnostics/a_Accept Cookies' is clicked on

2021-05-07 11:07:26 - [TEST_STEP][PASSED] - click(findTestObject("Staging Objects/Page_diagnostics/a_COVID-19 DIAGNOSTICS"), STOP_ON_FAILURE): Object: 'Object Repository/Staging Objects/Page_diagnostics/a_COVID-19 DIAGNOSTICS' is clicked on

2021-05-07 11:07:28 - [MESSAGE][PASSED] - Object: 'Object Repository/Staging Objects/Page_diagnostics/a_COVID-19 DIAGNOSTICS' is clicked on

2021-05-07 11:07:28 - [TEST_STEP][PASSED] - mouseOver(findTestObject("Staging Objects/Page_diagnostics/a_STANDARD Q COVID-19 Ag Test")): Object: 'Object Repository/Staging Objects/Page_diagnostics/a_STANDARD Q COVID-19 Ag Test' is hovered

2021-05-07 11:07:29 - [MESSAGE][PASSED] - Object: 'Object Repository/Staging Objects/Page_diagnostics/a_STANDARD Q COVID-19 Ag Test' is hovered

2021-05-07 11:07:29 - [TEST_STEP][PASSED] - click(findTestObject("Staging Objects/Page_diagnostics/a_STANDARD Q COVID-19 Ag Test")): Object: 'Object Repository/Staging Objects/Page_diagnostics/a_STANDARD Q COVID-19 Ag Test' is clicked on

2021-05-07 11:07:33 - [MESSAGE][PASSED] - Object: 'Object Repository/Staging Objects/Page_diagnostics/a_STANDARD Q COVID-19 Ag Test' is clicked on

2021-05-07 11:07:33 - [MESSAGE][PASSED] - Call Test Case 'Test Cases/Custom Item Details/UTILITIES/OPEN_BROWSER' successfully

2021-05-07 11:07:33 - [TEST_STEP][PASSED] - waitForElementVisible(findTestObject("Item Details Objects/Page_diagnostics/Page_diagnostics/span_Country_of_manufacturer"), 0): Web element with id: 'Object Repository/Item Details Objects/Page_diagnostics/Page_diagnostics/span_Country_of_manufacturer' located by '//*[(text() = 'Country of manufacturer:' or . = 'Country of manufacturer:')]' not found

2021-05-07 11:07:33 - [MESSAGE][WARNING] - Timeout '0' is invalid. Using default page load timeout: '30'

2021-05-07 11:08:04 - [MESSAGE][INFO] - Unable to find the element located by 'By.xpath: //*[(text() = 'Country of manufacturer:' or . = 'Country of manufacturer:')]'. Please recheck the objects properties to make sure the desired element is located. 

2021-05-07 11:08:04 - [MESSAGE][WARNING] - Web element with id: 'Object Repository/Item Details Objects/Page_diagnostics/Page_diagnostics/span_Country_of_manufacturer' located by '//*[(text() = 'Country of manufacturer:' or . = 'Country of manufacturer:')]' not found

2021-05-07 11:08:04 - [TEST_STEP][FAILED] - verifyElementPresent(findTestObject("Item Details Objects/Page_diagnostics/Page_diagnostics/span_Country_of_manufacturer"), 0): Unable to verify object 'Object Repository/Item Details Objects/Page_diagnostics/Page_diagnostics/span_Country_of_manufacturer' is present (Root cause: com.kms.katalon.core.exception.StepFailedException: Unable to verify object 'Object Repository/Item Details Objects/Page_diagnostics/Page_diagnostics/span_Country_of_manufacturer' is present
	at com.kms.katalon.core.webui.keyword.internal.WebUIKeywordMain.stepFailed(WebUIKeywordMain.groovy:64)
	at com.kms.katalon.core.webui.keyword.internal.WebUIKeywordMain.runKeyword(WebUIKeywordMain.groovy:26)
	at com.kms.katalon.core.webui.keyword.builtin.VerifyElementPresentKeyword.verifyElementPresent(VerifyElementPresentKeyword.groovy:92)
	at com.kms.katalon.core.webui.keyword.builtin.VerifyElementPresentKeyword.execute(VerifyElementPresentKeyword.groovy:68)
	at com.kms.katalon.core.keyword.internal.KeywordExecutor.executeKeywordForPlatform(KeywordExecutor.groovy:73)
	at com.kms.katalon.core.webui.keyword.WebUiBuiltInKeywords.verifyElementPresent(WebUiBuiltInKeywords.groovy:1461)
	at com.kms.katalon.core.webui.keyword.WebUiBuiltInKeywords$verifyElementPresent$10.call(Unknown Source)
	at TC_DETAILS_UI_038.run(TC_DETAILS_UI_038:23)
	at com.kms.katalon.core.main.ScriptEngine.run(ScriptEngine.java:194)
	at com.kms.katalon.core.main.ScriptEngine.runScriptAsRawText(ScriptEngine.java:119)
	at com.kms.katalon.core.main.TestCaseExecutor.runScript(TestCaseExecutor.java:339)
	at com.kms.katalon.core.main.TestCaseExecutor.doExecute(TestCaseExecutor.java:330)
	at com.kms.katalon.core.main.TestCaseExecutor.processExecutionPhase(TestCaseExecutor.java:309)
	at com.kms.katalon.core.main.TestCaseExecutor.accessMainPhase(TestCaseExecutor.java:301)
	at com.kms.katalon.core.main.TestCaseExecutor.execute(TestCaseExecutor.java:235)
	at com.kms.katalon.core.main.TestSuiteExecutor.accessTestCaseMainPhase(TestSuiteExecutor.java:191)
	at com.kms.katalon.core.main.TestSuiteExecutor.accessTestSuiteMainPhase(TestSuiteExecutor.java:141)
	at com.kms.katalon.core.main.TestSuiteExecutor.execute(TestSuiteExecutor.java:90)
	at com.kms.katalon.core.main.TestCaseMain.startTestSuite(TestCaseMain.java:157)
	at com.kms.katalon.core.main.TestCaseMain$startTestSuite$0.call(Unknown Source)
	at TempTestSuite1620355020148.run(TempTestSuite1620355020148.groovy:39)
Caused by: com.kms.katalon.core.exception.StepFailedException: com.kms.katalon.core.webui.exception.WebElementNotFoundException: Web element with id: 'Object Repository/Item Details Objects/Page_diagnostics/Page_diagnostics/span_Country_of_manufacturer' located by '//*[(text() = 'Country of manufacturer:' or . = 'Country of manufacturer:')]' not found
	at com.kms.katalon.core.webui.keyword.internal.WebUIKeywordMain.stepFailed(WebUIKeywordMain.groovy:64)
	at com.kms.katalon.core.webui.keyword.builtin.VerifyElementPresentKeyword$_verifyElementPresent_closure1.doCall(VerifyElementPresentKeyword.groovy:85)
	at com.kms.katalon.core.webui.keyword.builtin.VerifyElementPresentKeyword$_verifyElementPresent_closure1.call(VerifyElementPresentKeyword.groovy)
	at com.kms.katalon.core.webui.keyword.internal.WebUIKeywordMain.runKeyword(WebUIKeywordMain.groovy:20)
	... 19 more
)

2021-05-07 11:08:04 - [MESSAGE][WARNING] - Timeout '0' is invalid. Using default page load timeout: '30'

2021-05-07 11:08:35 - [MESSAGE][INFO] - Unable to find the element located by 'By.xpath: //*[(text() = 'Country of manufacturer:' or . = 'Country of manufacturer:')]'. Please recheck the objects properties to make sure the desired element is located. 

2021-05-07 11:08:35 - [MESSAGE][FAILED] - com.kms.katalon.core.webui.exception.WebElementNotFoundException: Web element with id: 'Object Repository/Item Details Objects/Page_diagnostics/Page_diagnostics/span_Country_of_manufacturer' located by '//*[(text() = 'Country of manufacturer:' or . = 'Country of manufacturer:')]' not found (Root cause: com.kms.katalon.core.exception.StepFailedException: com.kms.katalon.core.webui.exception.WebElementNotFoundException: Web element with id: 'Object Repository/Item Details Objects/Page_diagnostics/Page_diagnostics/span_Country_of_manufacturer' located by '//*[(text() = 'Country of manufacturer:' or . = 'Country of manufacturer:')]' not found
	at com.kms.katalon.core.webui.keyword.internal.WebUIKeywordMain.stepFailed(WebUIKeywordMain.groovy:64)
	at com.kms.katalon.core.webui.keyword.builtin.VerifyElementPresentKeyword$_verifyElementPresent_closure1.doCall(VerifyElementPresentKeyword.groovy:85)
	at com.kms.katalon.core.webui.keyword.builtin.VerifyElementPresentKeyword$_verifyElementPresent_closure1.call(VerifyElementPresentKeyword.groovy)
	at com.kms.katalon.core.webui.keyword.internal.WebUIKeywordMain.runKeyword(WebUIKeywordMain.groovy:20)
	at com.kms.katalon.core.webui.keyword.builtin.VerifyElementPresentKeyword.verifyElementPresent(VerifyElementPresentKeyword.groovy:92)
	at com.kms.katalon.core.webui.keyword.builtin.VerifyElementPresentKeyword.execute(VerifyElementPresentKeyword.groovy:68)
	at com.kms.katalon.core.keyword.internal.KeywordExecutor.executeKeywordForPlatform(KeywordExecutor.groovy:73)
	at com.kms.katalon.core.webui.keyword.WebUiBuiltInKeywords.verifyElementPresent(WebUiBuiltInKeywords.groovy:1461)
	at com.kms.katalon.core.webui.keyword.WebUiBuiltInKeywords$verifyElementPresent$10.call(Unknown Source)
	at TC_DETAILS_UI_038.run(TC_DETAILS_UI_038:23)
	at com.kms.katalon.core.main.ScriptEngine.run(ScriptEngine.java:194)
	at com.kms.katalon.core.main.ScriptEngine.runScriptAsRawText(ScriptEngine.java:119)
	at com.kms.katalon.core.main.TestCaseExecutor.runScript(TestCaseExecutor.java:339)
	at com.kms.katalon.core.main.TestCaseExecutor.doExecute(TestCaseExecutor.java:330)
	at com.kms.katalon.core.main.TestCaseExecutor.processExecutionPhase(TestCaseExecutor.java:309)
	at com.kms.katalon.core.main.TestCaseExecutor.accessMainPhase(TestCaseExecutor.java:301)
	at com.kms.katalon.core.main.TestCaseExecutor.execute(TestCaseExecutor.java:235)
	at com.kms.katalon.core.main.TestSuiteExecutor.accessTestCaseMainPhase(TestSuiteExecutor.java:191)
	at com.kms.katalon.core.main.TestSuiteExecutor.accessTestSuiteMainPhase(TestSuiteExecutor.java:141)
	at com.kms.katalon.core.main.TestSuiteExecutor.execute(TestSuiteExecutor.java:90)
	at com.kms.katalon.core.main.TestCaseMain.startTestSuite(TestCaseMain.java:157)
	at com.kms.katalon.core.main.TestCaseMain$startTestSuite$0.call(Unknown Source)
	at TempTestSuite1620355020148.run(TempTestSuite1620355020148.groovy:39)
)
[[ATTACHMENT|K:\\Work\\GitHub\\find-item-detail-test_v2\\Reports\\20210507_103700\\Item detail test\\20210507_103700\\1620356915722.png]]

2021-05-07 11:08:36 - [MESSAGE][FAILED] - Unable to verify object 'Object Repository/Item Details Objects/Page_diagnostics/Page_diagnostics/span_Country_of_manufacturer' is present (Root cause: com.kms.katalon.core.exception.StepFailedException: Unable to verify object 'Object Repository/Item Details Objects/Page_diagnostics/Page_diagnostics/span_Country_of_manufacturer' is present
	at com.kms.katalon.core.webui.keyword.internal.WebUIKeywordMain.stepFailed(WebUIKeywordMain.groovy:64)
	at com.kms.katalon.core.webui.keyword.internal.WebUIKeywordMain.runKeyword(WebUIKeywordMain.groovy:26)
	at com.kms.katalon.core.webui.keyword.builtin.VerifyElementPresentKeyword.verifyElementPresent(VerifyElementPresentKeyword.groovy:92)
	at com.kms.katalon.core.webui.keyword.builtin.VerifyElementPresentKeyword.execute(VerifyElementPresentKeyword.groovy:68)
	at com.kms.katalon.core.keyword.internal.KeywordExecutor.executeKeywordForPlatform(KeywordExecutor.groovy:73)
	at com.kms.katalon.core.webui.keyword.WebUiBuiltInKeywords.verifyElementPresent(WebUiBuiltInKeywords.groovy:1461)
	at com.kms.katalon.core.webui.keyword.WebUiBuiltInKeywords$verifyElementPresent$10.call(Unknown Source)
	at TC_DETAILS_UI_038.run(TC_DETAILS_UI_038:23)
	at com.kms.katalon.core.main.ScriptEngine.run(ScriptEngine.java:194)
	at com.kms.katalon.core.main.ScriptEngine.runScriptAsRawText(ScriptEngine.java:119)
	at com.kms.katalon.core.main.TestCaseExecutor.runScript(TestCaseExecutor.java:339)
	at com.kms.katalon.core.main.TestCaseExecutor.doExecute(TestCaseExecutor.java:330)
	at com.kms.katalon.core.main.TestCaseExecutor.processExecutionPhase(TestCaseExecutor.java:309)
	at com.kms.katalon.core.main.TestCaseExecutor.accessMainPhase(TestCaseExecutor.java:301)
	at com.kms.katalon.core.main.TestCaseExecutor.execute(TestCaseExecutor.java:235)
	at com.kms.katalon.core.main.TestSuiteExecutor.accessTestCaseMainPhase(TestSuiteExecutor.java:191)
	at com.kms.katalon.core.main.TestSuiteExecutor.accessTestSuiteMainPhase(TestSuiteExecutor.java:141)
	at com.kms.katalon.core.main.TestSuiteExecutor.execute(TestSuiteExecutor.java:90)
	at com.kms.katalon.core.main.TestCaseMain.startTestSuite(TestCaseMain.java:157)
	at com.kms.katalon.core.main.TestCaseMain$startTestSuite$0.call(Unknown Source)
	at TempTestSuite1620355020148.run(TempTestSuite1620355020148.groovy:39)
Caused by: com.kms.katalon.core.exception.StepFailedException: com.kms.katalon.core.webui.exception.WebElementNotFoundException: Web element with id: 'Object Repository/Item Details Objects/Page_diagnostics/Page_diagnostics/span_Country_of_manufacturer' located by '//*[(text() = 'Country of manufacturer:' or . = 'Country of manufacturer:')]' not found
	at com.kms.katalon.core.webui.keyword.internal.WebUIKeywordMain.stepFailed(WebUIKeywordMain.groovy:64)
	at com.kms.katalon.core.webui.keyword.builtin.VerifyElementPresentKeyword$_verifyElementPresent_closure1.doCall(VerifyElementPresentKeyword.groovy:85)
	at com.kms.katalon.core.webui.keyword.builtin.VerifyElementPresentKeyword$_verifyElementPresent_closure1.call(VerifyElementPresentKeyword.groovy)
	at com.kms.katalon.core.webui.keyword.internal.WebUIKeywordMain.runKeyword(WebUIKeywordMain.groovy:20)
	... 19 more
)
[[ATTACHMENT|K:\\Work\\GitHub\\find-item-detail-test_v2\\Reports\\20210507_103700\\Item detail test\\20210507_103700\\1620356915872.png]]]]></system-out>
         <system-err><![CDATA[2021-05-07 11:07:11 - [TEST_CASE][FAILED] - Test Cases/Custom Item Details/TEST CASE/TC_DETAILS_UI_038: Test Cases/Custom Item Details/TEST CASE/TC_DETAILS_UI_038 FAILED.
Reason:
com.kms.katalon.core.exception.StepFailedException: Unable to verify object 'Object Repository/Item Details Objects/Page_diagnostics/Page_diagnostics/span_Country_of_manufacturer' is present
	at com.kms.katalon.core.webui.keyword.internal.WebUIKeywordMain.stepFailed(WebUIKeywordMain.groovy:64)
	at com.kms.katalon.core.webui.keyword.internal.WebUIKeywordMain.runKeyword(WebUIKeywordMain.groovy:26)
	at com.kms.katalon.core.webui.keyword.builtin.VerifyElementPresentKeyword.verifyElementPresent(VerifyElementPresentKeyword.groovy:92)
	at com.kms.katalon.core.webui.keyword.builtin.VerifyElementPresentKeyword.execute(VerifyElementPresentKeyword.groovy:68)
	at com.kms.katalon.core.keyword.internal.KeywordExecutor.executeKeywordForPlatform(KeywordExecutor.groovy:73)
	at com.kms.katalon.core.webui.keyword.WebUiBuiltInKeywords.verifyElementPresent(WebUiBuiltInKeywords.groovy:1461)
	at com.kms.katalon.core.webui.keyword.WebUiBuiltInKeywords$verifyElementPresent$10.call(Unknown Source)
	at TC_DETAILS_UI_038.run(TC_DETAILS_UI_038:23)
	at com.kms.katalon.core.main.ScriptEngine.run(ScriptEngine.java:194)
	at com.kms.katalon.core.main.ScriptEngine.runScriptAsRawText(ScriptEngine.java:119)
	at com.kms.katalon.core.main.TestCaseExecutor.runScript(TestCaseExecutor.java:339)
	at com.kms.katalon.core.main.TestCaseExecutor.doExecute(TestCaseExecutor.java:330)
	at com.kms.katalon.core.main.TestCaseExecutor.processExecutionPhase(TestCaseExecutor.java:309)
	at com.kms.katalon.core.main.TestCaseExecutor.accessMainPhase(TestCaseExecutor.java:301)
	at com.kms.katalon.core.main.TestCaseExecutor.execute(TestCaseExecutor.java:235)
	at com.kms.katalon.core.main.TestSuiteExecutor.accessTestCaseMainPhase(TestSuiteExecutor.java:191)
	at com.kms.katalon.core.main.TestSuiteExecutor.accessTestSuiteMainPhase(TestSuiteExecutor.java:141)
	at com.kms.katalon.core.main.TestSuiteExecutor.execute(TestSuiteExecutor.java:90)
	at com.kms.katalon.core.main.TestCaseMain.startTestSuite(TestCaseMain.java:157)
	at com.kms.katalon.core.main.TestCaseMain$startTestSuite$0.call(Unknown Source)
	at TempTestSuite1620355020148.run(TempTestSuite1620355020148.groovy:39)
Caused by: com.kms.katalon.core.exception.StepFailedException: com.kms.katalon.core.webui.exception.WebElementNotFoundException: Web element with id: 'Object Repository/Item Details Objects/Page_diagnostics/Page_diagnostics/span_Country_of_manufacturer' located by '//*[(text() = 'Country of manufacturer:' or . = 'Country of manufacturer:')]' not found
	at com.kms.katalon.core.webui.keyword.internal.WebUIKeywordMain.stepFailed(WebUIKeywordMain.groovy:64)
	at com.kms.katalon.core.webui.keyword.builtin.VerifyElementPresentKeyword$_verifyElementPresent_closure1.doCall(VerifyElementPresentKeyword.groovy:85)
	at com.kms.katalon.core.webui.keyword.builtin.VerifyElementPresentKeyword$_verifyElementPresent_closure1.call(VerifyElementPresentKeyword.groovy)
	at com.kms.katalon.core.webui.keyword.internal.WebUIKeywordMain.runKeyword(WebUIKeywordMain.groovy:20)
	... 19 more]]></system-err>
      </testcase>
      <testcase name="Test Cases/Custom Item Details/TEST CASE/TC_DETAILS_UI_039" time="83.986" classname="Test Cases/Custom Item Details/TEST CASE/TC_DETAILS_UI_039" status="FAILED">
         <failure type="FAILED" message="Test Cases/Custom Item Details/TEST CASE/TC_DETAILS_UI_039 FAILED.
Reason:
com.kms.katalon.core.exception.StepFailedException: Unable to verify object 'Object Repository/Item Details Objects/Page_diagnostics/Page_diagnostics/span_Lead_Time_(days)' is present
	at com.kms.katalon.core.webui.keyword.internal.WebUIKeywordMain.stepFailed(WebUIKeywordMain.groovy:64)
	at com.kms.katalon.core.webui.keyword.internal.WebUIKeywordMain.runKeyword(WebUIKeywordMain.groovy:26)
	at com.kms.katalon.core.webui.keyword.builtin.VerifyElementPresentKeyword.verifyElementPresent(VerifyElementPresentKeyword.groovy:92)
	at com.kms.katalon.core.webui.keyword.builtin.VerifyElementPresentKeyword.execute(VerifyElementPresentKeyword.groovy:68)
	at com.kms.katalon.core.keyword.internal.KeywordExecutor.executeKeywordForPlatform(KeywordExecutor.groovy:73)
	at com.kms.katalon.core.webui.keyword.WebUiBuiltInKeywords.verifyElementPresent(WebUiBuiltInKeywords.groovy:1461)
	at com.kms.katalon.core.webui.keyword.WebUiBuiltInKeywords$verifyElementPresent$10.call(Unknown Source)
	at TC_DETAILS_UI_039.run(TC_DETAILS_UI_039:23)
	at com.kms.katalon.core.main.ScriptEngine.run(ScriptEngine.java:194)
	at com.kms.katalon.core.main.ScriptEngine.runScriptAsRawText(ScriptEngine.java:119)
	at com.kms.katalon.core.main.TestCaseExecutor.runScript(TestCaseExecutor.java:339)
	at com.kms.katalon.core.main.TestCaseExecutor.doExecute(TestCaseExecutor.java:330)
	at com.kms.katalon.core.main.TestCaseExecutor.processExecutionPhase(TestCaseExecutor.java:309)
	at com.kms.katalon.core.main.TestCaseExecutor.accessMainPhase(TestCaseExecutor.java:301)
	at com.kms.katalon.core.main.TestCaseExecutor.execute(TestCaseExecutor.java:235)
	at com.kms.katalon.core.main.TestSuiteExecutor.accessTestCaseMainPhase(TestSuiteExecutor.java:191)
	at com.kms.katalon.core.main.TestSuiteExecutor.accessTestSuiteMainPhase(TestSuiteExecutor.java:141)
	at com.kms.katalon.core.main.TestSuiteExecutor.execute(TestSuiteExecutor.java:90)
	at com.kms.katalon.core.main.TestCaseMain.startTestSuite(TestCaseMain.java:157)
	at com.kms.katalon.core.main.TestCaseMain$startTestSuite$0.call(Unknown Source)
	at TempTestSuite1620355020148.run(TempTestSuite1620355020148.groovy:39)
Caused by: com.kms.katalon.core.exception.StepFailedException: com.kms.katalon.core.webui.exception.WebElementNotFoundException: Web element with id: 'Object Repository/Item Details Objects/Page_diagnostics/Page_diagnostics/span_Lead_Time_(days)' located by '//*[(text() = 'Lead Time (days):' or . = 'Lead Time (days):')]' not found
	at com.kms.katalon.core.webui.keyword.internal.WebUIKeywordMain.stepFailed(WebUIKeywordMain.groovy:64)
	at com.kms.katalon.core.webui.keyword.builtin.VerifyElementPresentKeyword$_verifyElementPresent_closure1.doCall(VerifyElementPresentKeyword.groovy:85)
	at com.kms.katalon.core.webui.keyword.builtin.VerifyElementPresentKeyword$_verifyElementPresent_closure1.call(VerifyElementPresentKeyword.groovy)
	at com.kms.katalon.core.webui.keyword.internal.WebUIKeywordMain.runKeyword(WebUIKeywordMain.groovy:20)
	... 19 more
"/>
         <system-out><![CDATA[2021-05-07 11:08:36 - [TEST_CASE][FAILED] - Test Cases/Custom Item Details/TEST CASE/TC_DETAILS_UI_039: Test Cases/Custom Item Details/TEST CASE/TC_DETAILS_UI_039 FAILED.
Reason:
com.kms.katalon.core.exception.StepFailedException: Unable to verify object 'Object Repository/Item Details Objects/Page_diagnostics/Page_diagnostics/span_Lead_Time_(days)' is present
	at com.kms.katalon.core.webui.keyword.internal.WebUIKeywordMain.stepFailed(WebUIKeywordMain.groovy:64)
	at com.kms.katalon.core.webui.keyword.internal.WebUIKeywordMain.runKeyword(WebUIKeywordMain.groovy:26)
	at com.kms.katalon.core.webui.keyword.builtin.VerifyElementPresentKeyword.verifyElementPresent(VerifyElementPresentKeyword.groovy:92)
	at com.kms.katalon.core.webui.keyword.builtin.VerifyElementPresentKeyword.execute(VerifyElementPresentKeyword.groovy:68)
	at com.kms.katalon.core.keyword.internal.KeywordExecutor.executeKeywordForPlatform(KeywordExecutor.groovy:73)
	at com.kms.katalon.core.webui.keyword.WebUiBuiltInKeywords.verifyElementPresent(WebUiBuiltInKeywords.groovy:1461)
	at com.kms.katalon.core.webui.keyword.WebUiBuiltInKeywords$verifyElementPresent$10.call(Unknown Source)
	at TC_DETAILS_UI_039.run(TC_DETAILS_UI_039:23)
	at com.kms.katalon.core.main.ScriptEngine.run(ScriptEngine.java:194)
	at com.kms.katalon.core.main.ScriptEngine.runScriptAsRawText(ScriptEngine.java:119)
	at com.kms.katalon.core.main.TestCaseExecutor.runScript(TestCaseExecutor.java:339)
	at com.kms.katalon.core.main.TestCaseExecutor.doExecute(TestCaseExecutor.java:330)
	at com.kms.katalon.core.main.TestCaseExecutor.processExecutionPhase(TestCaseExecutor.java:309)
	at com.kms.katalon.core.main.TestCaseExecutor.accessMainPhase(TestCaseExecutor.java:301)
	at com.kms.katalon.core.main.TestCaseExecutor.execute(TestCaseExecutor.java:235)
	at com.kms.katalon.core.main.TestSuiteExecutor.accessTestCaseMainPhase(TestSuiteExecutor.java:191)
	at com.kms.katalon.core.main.TestSuiteExecutor.accessTestSuiteMainPhase(TestSuiteExecutor.java:141)
	at com.kms.katalon.core.main.TestSuiteExecutor.execute(TestSuiteExecutor.java:90)
	at com.kms.katalon.core.main.TestCaseMain.startTestSuite(TestCaseMain.java:157)
	at com.kms.katalon.core.main.TestCaseMain$startTestSuite$0.call(Unknown Source)
	at TempTestSuite1620355020148.run(TempTestSuite1620355020148.groovy:39)
Caused by: com.kms.katalon.core.exception.StepFailedException: com.kms.katalon.core.webui.exception.WebElementNotFoundException: Web element with id: 'Object Repository/Item Details Objects/Page_diagnostics/Page_diagnostics/span_Lead_Time_(days)' located by '//*[(text() = 'Lead Time (days):' or . = 'Lead Time (days):')]' not found
	at com.kms.katalon.core.webui.keyword.internal.WebUIKeywordMain.stepFailed(WebUIKeywordMain.groovy:64)
	at com.kms.katalon.core.webui.keyword.builtin.VerifyElementPresentKeyword$_verifyElementPresent_closure1.doCall(VerifyElementPresentKeyword.groovy:85)
	at com.kms.katalon.core.webui.keyword.builtin.VerifyElementPresentKeyword$_verifyElementPresent_closure1.call(VerifyElementPresentKeyword.groovy)
	at com.kms.katalon.core.webui.keyword.internal.WebUIKeywordMain.runKeyword(WebUIKeywordMain.groovy:20)
	... 19 more


2021-05-07 11:08:36 - [TEST_STEP][PASSED] - callTestCase(findTestCase("Custom Item Details/UTILITIES/OPEN_BROWSER"), [:], STOP_ON_FAILURE): Call Test Case 'Test Cases/Custom Item Details/UTILITIES/OPEN_BROWSER' successfully

2021-05-07 11:08:36 - [TEST_CASE][PASSED] - Test Cases/Custom Item Details/UTILITIES/OPEN_BROWSER: Test Cases/Custom Item Details/UTILITIES/OPEN_BROWSER

2021-05-07 11:08:36 - [TEST_STEP][PASSED] - openBrowser("https://diagnostics.staging.arcadier.io/"): Browser is opened with url: 'https://diagnostics.staging.arcadier.io/'

2021-05-07 11:08:36 - [MESSAGE][WARNING] - A browser is already opened. Closing browser and opening a new one

2021-05-07 11:08:36 - [MESSAGE][INFO] - Starting 'Chrome' driver

2021-05-07 11:08:36 - [MESSAGE][INFO] - Action delay is set to 0 milliseconds

2021-05-07 11:08:47 - [MESSAGE][PASSED] - Browser is opened with url: 'https://diagnostics.staging.arcadier.io/'

2021-05-07 11:08:47 - [TEST_STEP][PASSED] - maximizeWindow(): Current window maximized

2021-05-07 11:08:47 - [MESSAGE][PASSED] - Current window maximized

2021-05-07 11:08:47 - [TEST_STEP][PASSED] - click(findTestObject("Item Details Objects/Page_diagnostics/a_Accept Cookies")): Object: 'Object Repository/Item Details Objects/Page_diagnostics/a_Accept Cookies' is clicked on

2021-05-07 11:08:48 - [MESSAGE][PASSED] - Object: 'Object Repository/Item Details Objects/Page_diagnostics/a_Accept Cookies' is clicked on

2021-05-07 11:08:48 - [TEST_STEP][PASSED] - click(findTestObject("Staging Objects/Page_diagnostics/a_COVID-19 DIAGNOSTICS"), STOP_ON_FAILURE): Object: 'Object Repository/Staging Objects/Page_diagnostics/a_COVID-19 DIAGNOSTICS' is clicked on

2021-05-07 11:08:52 - [MESSAGE][PASSED] - Object: 'Object Repository/Staging Objects/Page_diagnostics/a_COVID-19 DIAGNOSTICS' is clicked on

2021-05-07 11:08:52 - [TEST_STEP][PASSED] - mouseOver(findTestObject("Staging Objects/Page_diagnostics/a_STANDARD Q COVID-19 Ag Test")): Object: 'Object Repository/Staging Objects/Page_diagnostics/a_STANDARD Q COVID-19 Ag Test' is hovered

2021-05-07 11:08:53 - [MESSAGE][PASSED] - Object: 'Object Repository/Staging Objects/Page_diagnostics/a_STANDARD Q COVID-19 Ag Test' is hovered

2021-05-07 11:08:53 - [TEST_STEP][PASSED] - click(findTestObject("Staging Objects/Page_diagnostics/a_STANDARD Q COVID-19 Ag Test")): Object: 'Object Repository/Staging Objects/Page_diagnostics/a_STANDARD Q COVID-19 Ag Test' is clicked on

2021-05-07 11:08:57 - [MESSAGE][PASSED] - Object: 'Object Repository/Staging Objects/Page_diagnostics/a_STANDARD Q COVID-19 Ag Test' is clicked on

2021-05-07 11:08:57 - [MESSAGE][PASSED] - Call Test Case 'Test Cases/Custom Item Details/UTILITIES/OPEN_BROWSER' successfully

2021-05-07 11:08:57 - [TEST_STEP][PASSED] - waitForElementVisible(findTestObject("Item Details Objects/Page_diagnostics/Page_diagnostics/span_Lead_Time_(days)"), 0): Web element with id: 'Object Repository/Item Details Objects/Page_diagnostics/Page_diagnostics/span_Lead_Time_(days)' located by '//*[(text() = 'Lead Time (days):' or . = 'Lead Time (days):')]' not found

2021-05-07 11:08:57 - [MESSAGE][WARNING] - Timeout '0' is invalid. Using default page load timeout: '30'

2021-05-07 11:09:28 - [MESSAGE][INFO] - Unable to find the element located by 'By.xpath: //*[(text() = 'Lead Time (days):' or . = 'Lead Time (days):')]'. Please recheck the objects properties to make sure the desired element is located. 

2021-05-07 11:09:28 - [MESSAGE][WARNING] - Web element with id: 'Object Repository/Item Details Objects/Page_diagnostics/Page_diagnostics/span_Lead_Time_(days)' located by '//*[(text() = 'Lead Time (days):' or . = 'Lead Time (days):')]' not found

2021-05-07 11:09:28 - [TEST_STEP][FAILED] - verifyElementPresent(findTestObject("Item Details Objects/Page_diagnostics/Page_diagnostics/span_Lead_Time_(days)"), 0): Unable to verify object 'Object Repository/Item Details Objects/Page_diagnostics/Page_diagnostics/span_Lead_Time_(days)' is present (Root cause: com.kms.katalon.core.exception.StepFailedException: Unable to verify object 'Object Repository/Item Details Objects/Page_diagnostics/Page_diagnostics/span_Lead_Time_(days)' is present
	at com.kms.katalon.core.webui.keyword.internal.WebUIKeywordMain.stepFailed(WebUIKeywordMain.groovy:64)
	at com.kms.katalon.core.webui.keyword.internal.WebUIKeywordMain.runKeyword(WebUIKeywordMain.groovy:26)
	at com.kms.katalon.core.webui.keyword.builtin.VerifyElementPresentKeyword.verifyElementPresent(VerifyElementPresentKeyword.groovy:92)
	at com.kms.katalon.core.webui.keyword.builtin.VerifyElementPresentKeyword.execute(VerifyElementPresentKeyword.groovy:68)
	at com.kms.katalon.core.keyword.internal.KeywordExecutor.executeKeywordForPlatform(KeywordExecutor.groovy:73)
	at com.kms.katalon.core.webui.keyword.WebUiBuiltInKeywords.verifyElementPresent(WebUiBuiltInKeywords.groovy:1461)
	at com.kms.katalon.core.webui.keyword.WebUiBuiltInKeywords$verifyElementPresent$10.call(Unknown Source)
	at TC_DETAILS_UI_039.run(TC_DETAILS_UI_039:23)
	at com.kms.katalon.core.main.ScriptEngine.run(ScriptEngine.java:194)
	at com.kms.katalon.core.main.ScriptEngine.runScriptAsRawText(ScriptEngine.java:119)
	at com.kms.katalon.core.main.TestCaseExecutor.runScript(TestCaseExecutor.java:339)
	at com.kms.katalon.core.main.TestCaseExecutor.doExecute(TestCaseExecutor.java:330)
	at com.kms.katalon.core.main.TestCaseExecutor.processExecutionPhase(TestCaseExecutor.java:309)
	at com.kms.katalon.core.main.TestCaseExecutor.accessMainPhase(TestCaseExecutor.java:301)
	at com.kms.katalon.core.main.TestCaseExecutor.execute(TestCaseExecutor.java:235)
	at com.kms.katalon.core.main.TestSuiteExecutor.accessTestCaseMainPhase(TestSuiteExecutor.java:191)
	at com.kms.katalon.core.main.TestSuiteExecutor.accessTestSuiteMainPhase(TestSuiteExecutor.java:141)
	at com.kms.katalon.core.main.TestSuiteExecutor.execute(TestSuiteExecutor.java:90)
	at com.kms.katalon.core.main.TestCaseMain.startTestSuite(TestCaseMain.java:157)
	at com.kms.katalon.core.main.TestCaseMain$startTestSuite$0.call(Unknown Source)
	at TempTestSuite1620355020148.run(TempTestSuite1620355020148.groovy:39)
Caused by: com.kms.katalon.core.exception.StepFailedException: com.kms.katalon.core.webui.exception.WebElementNotFoundException: Web element with id: 'Object Repository/Item Details Objects/Page_diagnostics/Page_diagnostics/span_Lead_Time_(days)' located by '//*[(text() = 'Lead Time (days):' or . = 'Lead Time (days):')]' not found
	at com.kms.katalon.core.webui.keyword.internal.WebUIKeywordMain.stepFailed(WebUIKeywordMain.groovy:64)
	at com.kms.katalon.core.webui.keyword.builtin.VerifyElementPresentKeyword$_verifyElementPresent_closure1.doCall(VerifyElementPresentKeyword.groovy:85)
	at com.kms.katalon.core.webui.keyword.builtin.VerifyElementPresentKeyword$_verifyElementPresent_closure1.call(VerifyElementPresentKeyword.groovy)
	at com.kms.katalon.core.webui.keyword.internal.WebUIKeywordMain.runKeyword(WebUIKeywordMain.groovy:20)
	... 19 more
)

2021-05-07 11:09:28 - [MESSAGE][WARNING] - Timeout '0' is invalid. Using default page load timeout: '30'

2021-05-07 11:09:59 - [MESSAGE][INFO] - Unable to find the element located by 'By.xpath: //*[(text() = 'Lead Time (days):' or . = 'Lead Time (days):')]'. Please recheck the objects properties to make sure the desired element is located. 

2021-05-07 11:09:59 - [MESSAGE][FAILED] - com.kms.katalon.core.webui.exception.WebElementNotFoundException: Web element with id: 'Object Repository/Item Details Objects/Page_diagnostics/Page_diagnostics/span_Lead_Time_(days)' located by '//*[(text() = 'Lead Time (days):' or . = 'Lead Time (days):')]' not found (Root cause: com.kms.katalon.core.exception.StepFailedException: com.kms.katalon.core.webui.exception.WebElementNotFoundException: Web element with id: 'Object Repository/Item Details Objects/Page_diagnostics/Page_diagnostics/span_Lead_Time_(days)' located by '//*[(text() = 'Lead Time (days):' or . = 'Lead Time (days):')]' not found
	at com.kms.katalon.core.webui.keyword.internal.WebUIKeywordMain.stepFailed(WebUIKeywordMain.groovy:64)
	at com.kms.katalon.core.webui.keyword.builtin.VerifyElementPresentKeyword$_verifyElementPresent_closure1.doCall(VerifyElementPresentKeyword.groovy:85)
	at com.kms.katalon.core.webui.keyword.builtin.VerifyElementPresentKeyword$_verifyElementPresent_closure1.call(VerifyElementPresentKeyword.groovy)
	at com.kms.katalon.core.webui.keyword.internal.WebUIKeywordMain.runKeyword(WebUIKeywordMain.groovy:20)
	at com.kms.katalon.core.webui.keyword.builtin.VerifyElementPresentKeyword.verifyElementPresent(VerifyElementPresentKeyword.groovy:92)
	at com.kms.katalon.core.webui.keyword.builtin.VerifyElementPresentKeyword.execute(VerifyElementPresentKeyword.groovy:68)
	at com.kms.katalon.core.keyword.internal.KeywordExecutor.executeKeywordForPlatform(KeywordExecutor.groovy:73)
	at com.kms.katalon.core.webui.keyword.WebUiBuiltInKeywords.verifyElementPresent(WebUiBuiltInKeywords.groovy:1461)
	at com.kms.katalon.core.webui.keyword.WebUiBuiltInKeywords$verifyElementPresent$10.call(Unknown Source)
	at TC_DETAILS_UI_039.run(TC_DETAILS_UI_039:23)
	at com.kms.katalon.core.main.ScriptEngine.run(ScriptEngine.java:194)
	at com.kms.katalon.core.main.ScriptEngine.runScriptAsRawText(ScriptEngine.java:119)
	at com.kms.katalon.core.main.TestCaseExecutor.runScript(TestCaseExecutor.java:339)
	at com.kms.katalon.core.main.TestCaseExecutor.doExecute(TestCaseExecutor.java:330)
	at com.kms.katalon.core.main.TestCaseExecutor.processExecutionPhase(TestCaseExecutor.java:309)
	at com.kms.katalon.core.main.TestCaseExecutor.accessMainPhase(TestCaseExecutor.java:301)
	at com.kms.katalon.core.main.TestCaseExecutor.execute(TestCaseExecutor.java:235)
	at com.kms.katalon.core.main.TestSuiteExecutor.accessTestCaseMainPhase(TestSuiteExecutor.java:191)
	at com.kms.katalon.core.main.TestSuiteExecutor.accessTestSuiteMainPhase(TestSuiteExecutor.java:141)
	at com.kms.katalon.core.main.TestSuiteExecutor.execute(TestSuiteExecutor.java:90)
	at com.kms.katalon.core.main.TestCaseMain.startTestSuite(TestCaseMain.java:157)
	at com.kms.katalon.core.main.TestCaseMain$startTestSuite$0.call(Unknown Source)
	at TempTestSuite1620355020148.run(TempTestSuite1620355020148.groovy:39)
)
[[ATTACHMENT|K:\\Work\\GitHub\\find-item-detail-test_v2\\Reports\\20210507_103700\\Item detail test\\20210507_103700\\1620356999693.png]]

2021-05-07 11:10:00 - [MESSAGE][FAILED] - Unable to verify object 'Object Repository/Item Details Objects/Page_diagnostics/Page_diagnostics/span_Lead_Time_(days)' is present (Root cause: com.kms.katalon.core.exception.StepFailedException: Unable to verify object 'Object Repository/Item Details Objects/Page_diagnostics/Page_diagnostics/span_Lead_Time_(days)' is present
	at com.kms.katalon.core.webui.keyword.internal.WebUIKeywordMain.stepFailed(WebUIKeywordMain.groovy:64)
	at com.kms.katalon.core.webui.keyword.internal.WebUIKeywordMain.runKeyword(WebUIKeywordMain.groovy:26)
	at com.kms.katalon.core.webui.keyword.builtin.VerifyElementPresentKeyword.verifyElementPresent(VerifyElementPresentKeyword.groovy:92)
	at com.kms.katalon.core.webui.keyword.builtin.VerifyElementPresentKeyword.execute(VerifyElementPresentKeyword.groovy:68)
	at com.kms.katalon.core.keyword.internal.KeywordExecutor.executeKeywordForPlatform(KeywordExecutor.groovy:73)
	at com.kms.katalon.core.webui.keyword.WebUiBuiltInKeywords.verifyElementPresent(WebUiBuiltInKeywords.groovy:1461)
	at com.kms.katalon.core.webui.keyword.WebUiBuiltInKeywords$verifyElementPresent$10.call(Unknown Source)
	at TC_DETAILS_UI_039.run(TC_DETAILS_UI_039:23)
	at com.kms.katalon.core.main.ScriptEngine.run(ScriptEngine.java:194)
	at com.kms.katalon.core.main.ScriptEngine.runScriptAsRawText(ScriptEngine.java:119)
	at com.kms.katalon.core.main.TestCaseExecutor.runScript(TestCaseExecutor.java:339)
	at com.kms.katalon.core.main.TestCaseExecutor.doExecute(TestCaseExecutor.java:330)
	at com.kms.katalon.core.main.TestCaseExecutor.processExecutionPhase(TestCaseExecutor.java:309)
	at com.kms.katalon.core.main.TestCaseExecutor.accessMainPhase(TestCaseExecutor.java:301)
	at com.kms.katalon.core.main.TestCaseExecutor.execute(TestCaseExecutor.java:235)
	at com.kms.katalon.core.main.TestSuiteExecutor.accessTestCaseMainPhase(TestSuiteExecutor.java:191)
	at com.kms.katalon.core.main.TestSuiteExecutor.accessTestSuiteMainPhase(TestSuiteExecutor.java:141)
	at com.kms.katalon.core.main.TestSuiteExecutor.execute(TestSuiteExecutor.java:90)
	at com.kms.katalon.core.main.TestCaseMain.startTestSuite(TestCaseMain.java:157)
	at com.kms.katalon.core.main.TestCaseMain$startTestSuite$0.call(Unknown Source)
	at TempTestSuite1620355020148.run(TempTestSuite1620355020148.groovy:39)
Caused by: com.kms.katalon.core.exception.StepFailedException: com.kms.katalon.core.webui.exception.WebElementNotFoundException: Web element with id: 'Object Repository/Item Details Objects/Page_diagnostics/Page_diagnostics/span_Lead_Time_(days)' located by '//*[(text() = 'Lead Time (days):' or . = 'Lead Time (days):')]' not found
	at com.kms.katalon.core.webui.keyword.internal.WebUIKeywordMain.stepFailed(WebUIKeywordMain.groovy:64)
	at com.kms.katalon.core.webui.keyword.builtin.VerifyElementPresentKeyword$_verifyElementPresent_closure1.doCall(VerifyElementPresentKeyword.groovy:85)
	at com.kms.katalon.core.webui.keyword.builtin.VerifyElementPresentKeyword$_verifyElementPresent_closure1.call(VerifyElementPresentKeyword.groovy)
	at com.kms.katalon.core.webui.keyword.internal.WebUIKeywordMain.runKeyword(WebUIKeywordMain.groovy:20)
	... 19 more
)
[[ATTACHMENT|K:\\Work\\GitHub\\find-item-detail-test_v2\\Reports\\20210507_103700\\Item detail test\\20210507_103700\\1620356999871.png]]]]></system-out>
         <system-err><![CDATA[2021-05-07 11:08:36 - [TEST_CASE][FAILED] - Test Cases/Custom Item Details/TEST CASE/TC_DETAILS_UI_039: Test Cases/Custom Item Details/TEST CASE/TC_DETAILS_UI_039 FAILED.
Reason:
com.kms.katalon.core.exception.StepFailedException: Unable to verify object 'Object Repository/Item Details Objects/Page_diagnostics/Page_diagnostics/span_Lead_Time_(days)' is present
	at com.kms.katalon.core.webui.keyword.internal.WebUIKeywordMain.stepFailed(WebUIKeywordMain.groovy:64)
	at com.kms.katalon.core.webui.keyword.internal.WebUIKeywordMain.runKeyword(WebUIKeywordMain.groovy:26)
	at com.kms.katalon.core.webui.keyword.builtin.VerifyElementPresentKeyword.verifyElementPresent(VerifyElementPresentKeyword.groovy:92)
	at com.kms.katalon.core.webui.keyword.builtin.VerifyElementPresentKeyword.execute(VerifyElementPresentKeyword.groovy:68)
	at com.kms.katalon.core.keyword.internal.KeywordExecutor.executeKeywordForPlatform(KeywordExecutor.groovy:73)
	at com.kms.katalon.core.webui.keyword.WebUiBuiltInKeywords.verifyElementPresent(WebUiBuiltInKeywords.groovy:1461)
	at com.kms.katalon.core.webui.keyword.WebUiBuiltInKeywords$verifyElementPresent$10.call(Unknown Source)
	at TC_DETAILS_UI_039.run(TC_DETAILS_UI_039:23)
	at com.kms.katalon.core.main.ScriptEngine.run(ScriptEngine.java:194)
	at com.kms.katalon.core.main.ScriptEngine.runScriptAsRawText(ScriptEngine.java:119)
	at com.kms.katalon.core.main.TestCaseExecutor.runScript(TestCaseExecutor.java:339)
	at com.kms.katalon.core.main.TestCaseExecutor.doExecute(TestCaseExecutor.java:330)
	at com.kms.katalon.core.main.TestCaseExecutor.processExecutionPhase(TestCaseExecutor.java:309)
	at com.kms.katalon.core.main.TestCaseExecutor.accessMainPhase(TestCaseExecutor.java:301)
	at com.kms.katalon.core.main.TestCaseExecutor.execute(TestCaseExecutor.java:235)
	at com.kms.katalon.core.main.TestSuiteExecutor.accessTestCaseMainPhase(TestSuiteExecutor.java:191)
	at com.kms.katalon.core.main.TestSuiteExecutor.accessTestSuiteMainPhase(TestSuiteExecutor.java:141)
	at com.kms.katalon.core.main.TestSuiteExecutor.execute(TestSuiteExecutor.java:90)
	at com.kms.katalon.core.main.TestCaseMain.startTestSuite(TestCaseMain.java:157)
	at com.kms.katalon.core.main.TestCaseMain$startTestSuite$0.call(Unknown Source)
	at TempTestSuite1620355020148.run(TempTestSuite1620355020148.groovy:39)
Caused by: com.kms.katalon.core.exception.StepFailedException: com.kms.katalon.core.webui.exception.WebElementNotFoundException: Web element with id: 'Object Repository/Item Details Objects/Page_diagnostics/Page_diagnostics/span_Lead_Time_(days)' located by '//*[(text() = 'Lead Time (days):' or . = 'Lead Time (days):')]' not found
	at com.kms.katalon.core.webui.keyword.internal.WebUIKeywordMain.stepFailed(WebUIKeywordMain.groovy:64)
	at com.kms.katalon.core.webui.keyword.builtin.VerifyElementPresentKeyword$_verifyElementPresent_closure1.doCall(VerifyElementPresentKeyword.groovy:85)
	at com.kms.katalon.core.webui.keyword.builtin.VerifyElementPresentKeyword$_verifyElementPresent_closure1.call(VerifyElementPresentKeyword.groovy)
	at com.kms.katalon.core.webui.keyword.internal.WebUIKeywordMain.runKeyword(WebUIKeywordMain.groovy:20)
	... 19 more]]></system-err>
      </testcase>
      <testcase name="Test Cases/Custom Item Details/TEST CASE/TC_DETAILS_UI_040" time="52.706" classname="Test Cases/Custom Item Details/TEST CASE/TC_DETAILS_UI_040" status="PASSED">
         <system-out><![CDATA[2021-05-07 11:10:00 - [TEST_CASE][PASSED] - Test Cases/Custom Item Details/TEST CASE/TC_DETAILS_UI_040: Test Cases/Custom Item Details/TEST CASE/TC_DETAILS_UI_040

2021-05-07 11:10:00 - [TEST_STEP][PASSED] - callTestCase(findTestCase("Custom Item Details/UTILITIES/OPEN_BROWSER"), [:], STOP_ON_FAILURE): Call Test Case 'Test Cases/Custom Item Details/UTILITIES/OPEN_BROWSER' successfully

2021-05-07 11:10:00 - [TEST_CASE][PASSED] - Test Cases/Custom Item Details/UTILITIES/OPEN_BROWSER: Test Cases/Custom Item Details/UTILITIES/OPEN_BROWSER

2021-05-07 11:10:00 - [TEST_STEP][PASSED] - openBrowser("https://diagnostics.staging.arcadier.io/"): Browser is opened with url: 'https://diagnostics.staging.arcadier.io/'

2021-05-07 11:10:00 - [MESSAGE][WARNING] - A browser is already opened. Closing browser and opening a new one

2021-05-07 11:10:02 - [MESSAGE][INFO] - Starting 'Chrome' driver

2021-05-07 11:10:02 - [MESSAGE][INFO] - Action delay is set to 0 milliseconds

2021-05-07 11:10:12 - [MESSAGE][PASSED] - Browser is opened with url: 'https://diagnostics.staging.arcadier.io/'

2021-05-07 11:10:12 - [TEST_STEP][PASSED] - maximizeWindow(): Current window maximized

2021-05-07 11:10:12 - [MESSAGE][PASSED] - Current window maximized

2021-05-07 11:10:12 - [TEST_STEP][PASSED] - click(findTestObject("Item Details Objects/Page_diagnostics/a_Accept Cookies")): Object: 'Object Repository/Item Details Objects/Page_diagnostics/a_Accept Cookies' is clicked on

2021-05-07 11:10:13 - [MESSAGE][PASSED] - Object: 'Object Repository/Item Details Objects/Page_diagnostics/a_Accept Cookies' is clicked on

2021-05-07 11:10:13 - [TEST_STEP][PASSED] - click(findTestObject("Staging Objects/Page_diagnostics/a_COVID-19 DIAGNOSTICS"), STOP_ON_FAILURE): Object: 'Object Repository/Staging Objects/Page_diagnostics/a_COVID-19 DIAGNOSTICS' is clicked on

2021-05-07 11:10:14 - [MESSAGE][PASSED] - Object: 'Object Repository/Staging Objects/Page_diagnostics/a_COVID-19 DIAGNOSTICS' is clicked on

2021-05-07 11:10:14 - [TEST_STEP][PASSED] - mouseOver(findTestObject("Staging Objects/Page_diagnostics/a_STANDARD Q COVID-19 Ag Test")): Object: 'Object Repository/Staging Objects/Page_diagnostics/a_STANDARD Q COVID-19 Ag Test' is hovered

2021-05-07 11:10:16 - [MESSAGE][PASSED] - Object: 'Object Repository/Staging Objects/Page_diagnostics/a_STANDARD Q COVID-19 Ag Test' is hovered

2021-05-07 11:10:16 - [TEST_STEP][PASSED] - click(findTestObject("Staging Objects/Page_diagnostics/a_STANDARD Q COVID-19 Ag Test")): Object: 'Object Repository/Staging Objects/Page_diagnostics/a_STANDARD Q COVID-19 Ag Test' is clicked on

2021-05-07 11:10:18 - [MESSAGE][PASSED] - Object: 'Object Repository/Staging Objects/Page_diagnostics/a_STANDARD Q COVID-19 Ag Test' is clicked on

2021-05-07 11:10:18 - [MESSAGE][PASSED] - Call Test Case 'Test Cases/Custom Item Details/UTILITIES/OPEN_BROWSER' successfully

2021-05-07 11:10:18 - [TEST_STEP][PASSED] - waitForElementVisible(findTestObject("Item Details Objects/Page_diagnostics/Page_diagnostics/span_Regulatory_approval"), 0): Object 'Object Repository/Item Details Objects/Page_diagnostics/Page_diagnostics/span_Regulatory_approval' is not visible after 30 second(s)

2021-05-07 11:10:18 - [MESSAGE][WARNING] - Timeout '0' is invalid. Using default page load timeout: '30'

2021-05-07 11:10:49 - [MESSAGE][WARNING] - Object 'Object Repository/Item Details Objects/Page_diagnostics/Page_diagnostics/span_Regulatory_approval' is not visible after 30 second(s)

2021-05-07 11:10:49 - [TEST_STEP][PASSED] - verifyElementPresent(findTestObject("Item Details Objects/Page_diagnostics/Page_diagnostics/span_Regulatory_approval"), 0): Object 'Object Repository/Item Details Objects/Page_diagnostics/Page_diagnostics/span_Regulatory_approval' is present

2021-05-07 11:10:49 - [MESSAGE][WARNING] - Timeout '0' is invalid. Using default page load timeout: '30'

2021-05-07 11:10:49 - [MESSAGE][PASSED] - Object 'Object Repository/Item Details Objects/Page_diagnostics/Page_diagnostics/span_Regulatory_approval' is present

2021-05-07 11:10:49 - [TEST_STEP][PASSED] - callTestCase(findTestCase("Custom Item Details/UTILITIES/CLOSE_BROWSER"), [:], STOP_ON_FAILURE): Call Test Case 'Test Cases/Custom Item Details/UTILITIES/CLOSE_BROWSER' successfully

2021-05-07 11:10:49 - [TEST_CASE][PASSED] - Test Cases/Custom Item Details/UTILITIES/CLOSE_BROWSER: Test Cases/Custom Item Details/UTILITIES/CLOSE_BROWSER

2021-05-07 11:10:49 - [TEST_STEP][PASSED] - closeBrowser(): Browser is closed

2021-05-07 11:10:52 - [MESSAGE][PASSED] - Browser is closed

2021-05-07 11:10:52 - [MESSAGE][PASSED] - Call Test Case 'Test Cases/Custom Item Details/UTILITIES/CLOSE_BROWSER' successfully]]></system-out>
         <system-err><![CDATA[]]></system-err>
      </testcase>
      <testcase name="Test Cases/Custom Item Details/TEST CASE/TC_DETAILS_UI_042" time="18.38" classname="Test Cases/Custom Item Details/TEST CASE/TC_DETAILS_UI_042" status="PASSED">
         <system-out><![CDATA[2021-05-07 11:10:52 - [TEST_CASE][PASSED] - Test Cases/Custom Item Details/TEST CASE/TC_DETAILS_UI_042: Test Cases/Custom Item Details/TEST CASE/TC_DETAILS_UI_042

2021-05-07 11:10:52 - [TEST_STEP][PASSED] - callTestCase(findTestCase("Custom Item Details/UTILITIES/OPEN_BROWSER"), [:], STOP_ON_FAILURE): Call Test Case 'Test Cases/Custom Item Details/UTILITIES/OPEN_BROWSER' successfully

2021-05-07 11:10:52 - [TEST_CASE][PASSED] - Test Cases/Custom Item Details/UTILITIES/OPEN_BROWSER: Test Cases/Custom Item Details/UTILITIES/OPEN_BROWSER

2021-05-07 11:10:52 - [TEST_STEP][PASSED] - openBrowser("https://diagnostics.staging.arcadier.io/"): Browser is opened with url: 'https://diagnostics.staging.arcadier.io/'

2021-05-07 11:10:52 - [MESSAGE][INFO] - Starting 'Chrome' driver

2021-05-07 11:10:52 - [MESSAGE][INFO] - Action delay is set to 0 milliseconds

2021-05-07 11:11:03 - [MESSAGE][PASSED] - Browser is opened with url: 'https://diagnostics.staging.arcadier.io/'

2021-05-07 11:11:03 - [TEST_STEP][PASSED] - maximizeWindow(): Current window maximized

2021-05-07 11:11:03 - [MESSAGE][PASSED] - Current window maximized

2021-05-07 11:11:03 - [TEST_STEP][PASSED] - click(findTestObject("Item Details Objects/Page_diagnostics/a_Accept Cookies")): Object: 'Object Repository/Item Details Objects/Page_diagnostics/a_Accept Cookies' is clicked on

2021-05-07 11:11:03 - [MESSAGE][PASSED] - Object: 'Object Repository/Item Details Objects/Page_diagnostics/a_Accept Cookies' is clicked on

2021-05-07 11:11:03 - [TEST_STEP][PASSED] - click(findTestObject("Staging Objects/Page_diagnostics/a_COVID-19 DIAGNOSTICS"), STOP_ON_FAILURE): Object: 'Object Repository/Staging Objects/Page_diagnostics/a_COVID-19 DIAGNOSTICS' is clicked on

2021-05-07 11:11:05 - [MESSAGE][PASSED] - Object: 'Object Repository/Staging Objects/Page_diagnostics/a_COVID-19 DIAGNOSTICS' is clicked on

2021-05-07 11:11:05 - [TEST_STEP][PASSED] - mouseOver(findTestObject("Staging Objects/Page_diagnostics/a_STANDARD Q COVID-19 Ag Test")): Object: 'Object Repository/Staging Objects/Page_diagnostics/a_STANDARD Q COVID-19 Ag Test' is hovered

2021-05-07 11:11:06 - [MESSAGE][PASSED] - Object: 'Object Repository/Staging Objects/Page_diagnostics/a_STANDARD Q COVID-19 Ag Test' is hovered

2021-05-07 11:11:06 - [TEST_STEP][PASSED] - click(findTestObject("Staging Objects/Page_diagnostics/a_STANDARD Q COVID-19 Ag Test")): Object: 'Object Repository/Staging Objects/Page_diagnostics/a_STANDARD Q COVID-19 Ag Test' is clicked on

2021-05-07 11:11:08 - [MESSAGE][PASSED] - Object: 'Object Repository/Staging Objects/Page_diagnostics/a_STANDARD Q COVID-19 Ag Test' is clicked on

2021-05-07 11:11:08 - [MESSAGE][PASSED] - Call Test Case 'Test Cases/Custom Item Details/UTILITIES/OPEN_BROWSER' successfully

2021-05-07 11:11:08 - [TEST_STEP][PASSED] - verifyElementPresent(findTestObject("Item Details Objects/Page_diagnostics/div_Price_Box"), 0): Object 'Object Repository/Item Details Objects/Page_diagnostics/div_Price_Box' is present

2021-05-07 11:11:08 - [MESSAGE][WARNING] - Timeout '0' is invalid. Using default page load timeout: '30'

2021-05-07 11:11:10 - [MESSAGE][PASSED] - Object 'Object Repository/Item Details Objects/Page_diagnostics/div_Price_Box' is present

2021-05-07 11:11:10 - [TEST_STEP][PASSED] - verifyElementNotVisible(findTestObject("Item Details Objects/Page_diagnostics/div_Price_Box"), STOP_ON_FAILURE): Object 'Object Repository/Item Details Objects/Page_diagnostics/div_Price_Box' is NOT visible

2021-05-07 11:11:10 - [MESSAGE][PASSED] - Object 'Object Repository/Item Details Objects/Page_diagnostics/div_Price_Box' is NOT visible

2021-05-07 11:11:10 - [TEST_STEP][PASSED] - callTestCase(findTestCase("Custom Item Details/UTILITIES/CLOSE_BROWSER"), [:], STOP_ON_FAILURE): Call Test Case 'Test Cases/Custom Item Details/UTILITIES/CLOSE_BROWSER' successfully

2021-05-07 11:11:10 - [TEST_CASE][PASSED] - Test Cases/Custom Item Details/UTILITIES/CLOSE_BROWSER: Test Cases/Custom Item Details/UTILITIES/CLOSE_BROWSER

2021-05-07 11:11:10 - [TEST_STEP][PASSED] - closeBrowser(): Browser is closed

2021-05-07 11:11:11 - [MESSAGE][PASSED] - Browser is closed

2021-05-07 11:11:11 - [MESSAGE][PASSED] - Call Test Case 'Test Cases/Custom Item Details/UTILITIES/CLOSE_BROWSER' successfully]]></system-out>
         <system-err><![CDATA[]]></system-err>
      </testcase>
      <testcase name="Test Cases/Custom Item Details/TEST CASE/TC_DETAILS_UI_043" time="81.627" classname="Test Cases/Custom Item Details/TEST CASE/TC_DETAILS_UI_043" status="FAILED">
         <failure type="FAILED" message="Test Cases/Custom Item Details/TEST CASE/TC_DETAILS_UI_043 FAILED.
Reason:
com.kms.katalon.core.exception.StepFailedException: Unable to click on object 'Object Repository/Item Details Objects/Page_diagnostics/a_Procure_from_other_Agencies'
	at com.kms.katalon.core.webui.keyword.internal.WebUIKeywordMain.stepFailed(WebUIKeywordMain.groovy:64)
	at com.kms.katalon.core.webui.keyword.internal.WebUIKeywordMain.runKeyword(WebUIKeywordMain.groovy:26)
	at com.kms.katalon.core.webui.keyword.builtin.ClickKeyword.click(ClickKeyword.groovy:76)
	at com.kms.katalon.core.webui.keyword.builtin.ClickKeyword.execute(ClickKeyword.groovy:43)
	at com.kms.katalon.core.keyword.internal.KeywordExecutor.executeKeywordForPlatform(KeywordExecutor.groovy:73)
	at com.kms.katalon.core.webui.keyword.WebUiBuiltInKeywords.click(WebUiBuiltInKeywords.groovy:617)
	at com.kms.katalon.core.webui.keyword.WebUiBuiltInKeywords$click$1.call(Unknown Source)
	at TC_DETAILS_UI_043.run(TC_DETAILS_UI_043:22)
	at com.kms.katalon.core.main.ScriptEngine.run(ScriptEngine.java:194)
	at com.kms.katalon.core.main.ScriptEngine.runScriptAsRawText(ScriptEngine.java:119)
	at com.kms.katalon.core.main.TestCaseExecutor.runScript(TestCaseExecutor.java:339)
	at com.kms.katalon.core.main.TestCaseExecutor.doExecute(TestCaseExecutor.java:330)
	at com.kms.katalon.core.main.TestCaseExecutor.processExecutionPhase(TestCaseExecutor.java:309)
	at com.kms.katalon.core.main.TestCaseExecutor.accessMainPhase(TestCaseExecutor.java:301)
	at com.kms.katalon.core.main.TestCaseExecutor.execute(TestCaseExecutor.java:235)
	at com.kms.katalon.core.main.TestSuiteExecutor.accessTestCaseMainPhase(TestSuiteExecutor.java:191)
	at com.kms.katalon.core.main.TestSuiteExecutor.accessTestSuiteMainPhase(TestSuiteExecutor.java:141)
	at com.kms.katalon.core.main.TestSuiteExecutor.execute(TestSuiteExecutor.java:90)
	at com.kms.katalon.core.main.TestCaseMain.startTestSuite(TestCaseMain.java:157)
	at com.kms.katalon.core.main.TestCaseMain$startTestSuite$0.call(Unknown Source)
	at TempTestSuite1620355020148.run(TempTestSuite1620355020148.groovy:39)
Caused by: com.kms.katalon.core.webui.exception.WebElementNotFoundException: Web element with id: 'Object Repository/Item Details Objects/Page_diagnostics/a_Procure_from_other_Agencies' located by '#item-pop-up' not found
	at com.kms.katalon.core.webui.common.WebUiCommonHelper.findWebElement(WebUiCommonHelper.java:1368)
	at com.kms.katalon.core.webui.keyword.internal.WebUIAbstractKeyword.findWebElement(WebUIAbstractKeyword.groovy:27)
	at com.kms.katalon.core.webui.keyword.internal.WebUIAbstractKeyword.findWebElement(WebUIAbstractKeyword.groovy:26)
	at com.kms.katalon.core.webui.keyword.builtin.ClickKeyword$_click_closure1.doCall(ClickKeyword.groovy:67)
	at com.kms.katalon.core.webui.keyword.builtin.ClickKeyword$_click_closure1.call(ClickKeyword.groovy)
	at com.kms.katalon.core.webui.keyword.internal.WebUIKeywordMain.runKeyword(WebUIKeywordMain.groovy:20)
	... 19 more
"/>
         <system-out><![CDATA[2021-05-07 11:11:11 - [TEST_CASE][FAILED] - Test Cases/Custom Item Details/TEST CASE/TC_DETAILS_UI_043: Test Cases/Custom Item Details/TEST CASE/TC_DETAILS_UI_043 FAILED.
Reason:
com.kms.katalon.core.exception.StepFailedException: Unable to click on object 'Object Repository/Item Details Objects/Page_diagnostics/a_Procure_from_other_Agencies'
	at com.kms.katalon.core.webui.keyword.internal.WebUIKeywordMain.stepFailed(WebUIKeywordMain.groovy:64)
	at com.kms.katalon.core.webui.keyword.internal.WebUIKeywordMain.runKeyword(WebUIKeywordMain.groovy:26)
	at com.kms.katalon.core.webui.keyword.builtin.ClickKeyword.click(ClickKeyword.groovy:76)
	at com.kms.katalon.core.webui.keyword.builtin.ClickKeyword.execute(ClickKeyword.groovy:43)
	at com.kms.katalon.core.keyword.internal.KeywordExecutor.executeKeywordForPlatform(KeywordExecutor.groovy:73)
	at com.kms.katalon.core.webui.keyword.WebUiBuiltInKeywords.click(WebUiBuiltInKeywords.groovy:617)
	at com.kms.katalon.core.webui.keyword.WebUiBuiltInKeywords$click$1.call(Unknown Source)
	at TC_DETAILS_UI_043.run(TC_DETAILS_UI_043:22)
	at com.kms.katalon.core.main.ScriptEngine.run(ScriptEngine.java:194)
	at com.kms.katalon.core.main.ScriptEngine.runScriptAsRawText(ScriptEngine.java:119)
	at com.kms.katalon.core.main.TestCaseExecutor.runScript(TestCaseExecutor.java:339)
	at com.kms.katalon.core.main.TestCaseExecutor.doExecute(TestCaseExecutor.java:330)
	at com.kms.katalon.core.main.TestCaseExecutor.processExecutionPhase(TestCaseExecutor.java:309)
	at com.kms.katalon.core.main.TestCaseExecutor.accessMainPhase(TestCaseExecutor.java:301)
	at com.kms.katalon.core.main.TestCaseExecutor.execute(TestCaseExecutor.java:235)
	at com.kms.katalon.core.main.TestSuiteExecutor.accessTestCaseMainPhase(TestSuiteExecutor.java:191)
	at com.kms.katalon.core.main.TestSuiteExecutor.accessTestSuiteMainPhase(TestSuiteExecutor.java:141)
	at com.kms.katalon.core.main.TestSuiteExecutor.execute(TestSuiteExecutor.java:90)
	at com.kms.katalon.core.main.TestCaseMain.startTestSuite(TestCaseMain.java:157)
	at com.kms.katalon.core.main.TestCaseMain$startTestSuite$0.call(Unknown Source)
	at TempTestSuite1620355020148.run(TempTestSuite1620355020148.groovy:39)
Caused by: com.kms.katalon.core.webui.exception.WebElementNotFoundException: Web element with id: 'Object Repository/Item Details Objects/Page_diagnostics/a_Procure_from_other_Agencies' located by '#item-pop-up' not found
	at com.kms.katalon.core.webui.common.WebUiCommonHelper.findWebElement(WebUiCommonHelper.java:1368)
	at com.kms.katalon.core.webui.keyword.internal.WebUIAbstractKeyword.findWebElement(WebUIAbstractKeyword.groovy:27)
	at com.kms.katalon.core.webui.keyword.internal.WebUIAbstractKeyword.findWebElement(WebUIAbstractKeyword.groovy:26)
	at com.kms.katalon.core.webui.keyword.builtin.ClickKeyword$_click_closure1.doCall(ClickKeyword.groovy:67)
	at com.kms.katalon.core.webui.keyword.builtin.ClickKeyword$_click_closure1.call(ClickKeyword.groovy)
	at com.kms.katalon.core.webui.keyword.internal.WebUIKeywordMain.runKeyword(WebUIKeywordMain.groovy:20)
	... 19 more


2021-05-07 11:11:11 - [TEST_STEP][PASSED] - callTestCase(findTestCase("Custom Item Details/UTILITIES/OPEN_BROWSER"), [:], STOP_ON_FAILURE): Call Test Case 'Test Cases/Custom Item Details/UTILITIES/OPEN_BROWSER' successfully

2021-05-07 11:11:11 - [TEST_CASE][PASSED] - Test Cases/Custom Item Details/UTILITIES/OPEN_BROWSER: Test Cases/Custom Item Details/UTILITIES/OPEN_BROWSER

2021-05-07 11:11:11 - [TEST_STEP][PASSED] - openBrowser("https://diagnostics.staging.arcadier.io/"): Browser is opened with url: 'https://diagnostics.staging.arcadier.io/'

2021-05-07 11:11:11 - [MESSAGE][INFO] - Starting 'Chrome' driver

2021-05-07 11:11:11 - [MESSAGE][INFO] - Action delay is set to 0 milliseconds

2021-05-07 11:11:22 - [MESSAGE][PASSED] - Browser is opened with url: 'https://diagnostics.staging.arcadier.io/'

2021-05-07 11:11:22 - [TEST_STEP][PASSED] - maximizeWindow(): Current window maximized

2021-05-07 11:11:23 - [MESSAGE][PASSED] - Current window maximized

2021-05-07 11:11:23 - [TEST_STEP][PASSED] - click(findTestObject("Item Details Objects/Page_diagnostics/a_Accept Cookies")): Object: 'Object Repository/Item Details Objects/Page_diagnostics/a_Accept Cookies' is clicked on

2021-05-07 11:11:23 - [MESSAGE][PASSED] - Object: 'Object Repository/Item Details Objects/Page_diagnostics/a_Accept Cookies' is clicked on

2021-05-07 11:11:23 - [TEST_STEP][PASSED] - click(findTestObject("Staging Objects/Page_diagnostics/a_COVID-19 DIAGNOSTICS"), STOP_ON_FAILURE): Object: 'Object Repository/Staging Objects/Page_diagnostics/a_COVID-19 DIAGNOSTICS' is clicked on

2021-05-07 11:11:25 - [MESSAGE][PASSED] - Object: 'Object Repository/Staging Objects/Page_diagnostics/a_COVID-19 DIAGNOSTICS' is clicked on

2021-05-07 11:11:25 - [TEST_STEP][PASSED] - mouseOver(findTestObject("Staging Objects/Page_diagnostics/a_STANDARD Q COVID-19 Ag Test")): Object: 'Object Repository/Staging Objects/Page_diagnostics/a_STANDARD Q COVID-19 Ag Test' is hovered

2021-05-07 11:11:26 - [MESSAGE][PASSED] - Object: 'Object Repository/Staging Objects/Page_diagnostics/a_STANDARD Q COVID-19 Ag Test' is hovered

2021-05-07 11:11:26 - [TEST_STEP][PASSED] - click(findTestObject("Staging Objects/Page_diagnostics/a_STANDARD Q COVID-19 Ag Test")): Object: 'Object Repository/Staging Objects/Page_diagnostics/a_STANDARD Q COVID-19 Ag Test' is clicked on

2021-05-07 11:11:30 - [MESSAGE][PASSED] - Object: 'Object Repository/Staging Objects/Page_diagnostics/a_STANDARD Q COVID-19 Ag Test' is clicked on

2021-05-07 11:11:30 - [MESSAGE][PASSED] - Call Test Case 'Test Cases/Custom Item Details/UTILITIES/OPEN_BROWSER' successfully

2021-05-07 11:11:30 - [TEST_STEP][PASSED] - waitForElementVisible(findTestObject("Item Details Objects/Page_diagnostics/a_Procure_from_other_Agencies"), 0): Web element with id: 'Object Repository/Item Details Objects/Page_diagnostics/a_Procure_from_other_Agencies' located by '#item-pop-up' not found

2021-05-07 11:11:30 - [MESSAGE][WARNING] - Timeout '0' is invalid. Using default page load timeout: '30'

2021-05-07 11:12:01 - [MESSAGE][INFO] - Unable to find the element located by 'By.cssSelector: #item-pop-up'. Please recheck the objects properties to make sure the desired element is located. 

2021-05-07 11:12:01 - [MESSAGE][WARNING] - Web element with id: 'Object Repository/Item Details Objects/Page_diagnostics/a_Procure_from_other_Agencies' located by '#item-pop-up' not found

2021-05-07 11:12:01 - [TEST_STEP][FAILED] - click(findTestObject("Item Details Objects/Page_diagnostics/a_Procure_from_other_Agencies")): Unable to click on object 'Object Repository/Item Details Objects/Page_diagnostics/a_Procure_from_other_Agencies' (Root cause: com.kms.katalon.core.exception.StepFailedException: Unable to click on object 'Object Repository/Item Details Objects/Page_diagnostics/a_Procure_from_other_Agencies'
	at com.kms.katalon.core.webui.keyword.internal.WebUIKeywordMain.stepFailed(WebUIKeywordMain.groovy:64)
	at com.kms.katalon.core.webui.keyword.internal.WebUIKeywordMain.runKeyword(WebUIKeywordMain.groovy:26)
	at com.kms.katalon.core.webui.keyword.builtin.ClickKeyword.click(ClickKeyword.groovy:76)
	at com.kms.katalon.core.webui.keyword.builtin.ClickKeyword.execute(ClickKeyword.groovy:43)
	at com.kms.katalon.core.keyword.internal.KeywordExecutor.executeKeywordForPlatform(KeywordExecutor.groovy:73)
	at com.kms.katalon.core.webui.keyword.WebUiBuiltInKeywords.click(WebUiBuiltInKeywords.groovy:617)
	at com.kms.katalon.core.webui.keyword.WebUiBuiltInKeywords$click$1.call(Unknown Source)
	at TC_DETAILS_UI_043.run(TC_DETAILS_UI_043:22)
	at com.kms.katalon.core.main.ScriptEngine.run(ScriptEngine.java:194)
	at com.kms.katalon.core.main.ScriptEngine.runScriptAsRawText(ScriptEngine.java:119)
	at com.kms.katalon.core.main.TestCaseExecutor.runScript(TestCaseExecutor.java:339)
	at com.kms.katalon.core.main.TestCaseExecutor.doExecute(TestCaseExecutor.java:330)
	at com.kms.katalon.core.main.TestCaseExecutor.processExecutionPhase(TestCaseExecutor.java:309)
	at com.kms.katalon.core.main.TestCaseExecutor.accessMainPhase(TestCaseExecutor.java:301)
	at com.kms.katalon.core.main.TestCaseExecutor.execute(TestCaseExecutor.java:235)
	at com.kms.katalon.core.main.TestSuiteExecutor.accessTestCaseMainPhase(TestSuiteExecutor.java:191)
	at com.kms.katalon.core.main.TestSuiteExecutor.accessTestSuiteMainPhase(TestSuiteExecutor.java:141)
	at com.kms.katalon.core.main.TestSuiteExecutor.execute(TestSuiteExecutor.java:90)
	at com.kms.katalon.core.main.TestCaseMain.startTestSuite(TestCaseMain.java:157)
	at com.kms.katalon.core.main.TestCaseMain$startTestSuite$0.call(Unknown Source)
	at TempTestSuite1620355020148.run(TempTestSuite1620355020148.groovy:39)
Caused by: com.kms.katalon.core.webui.exception.WebElementNotFoundException: Web element with id: 'Object Repository/Item Details Objects/Page_diagnostics/a_Procure_from_other_Agencies' located by '#item-pop-up' not found
	at com.kms.katalon.core.webui.common.WebUiCommonHelper.findWebElement(WebUiCommonHelper.java:1368)
	at com.kms.katalon.core.webui.keyword.internal.WebUIAbstractKeyword.findWebElement(WebUIAbstractKeyword.groovy:27)
	at com.kms.katalon.core.webui.keyword.internal.WebUIAbstractKeyword.findWebElement(WebUIAbstractKeyword.groovy:26)
	at com.kms.katalon.core.webui.keyword.builtin.ClickKeyword$_click_closure1.doCall(ClickKeyword.groovy:67)
	at com.kms.katalon.core.webui.keyword.builtin.ClickKeyword$_click_closure1.call(ClickKeyword.groovy)
	at com.kms.katalon.core.webui.keyword.internal.WebUIKeywordMain.runKeyword(WebUIKeywordMain.groovy:20)
	at com.kms.katalon.core.webui.keyword.builtin.ClickKeyword.click(ClickKeyword.groovy:76)
	at com.kms.katalon.core.webui.keyword.builtin.ClickKeyword.execute(ClickKeyword.groovy:43)
	at com.kms.katalon.core.keyword.internal.KeywordExecutor.executeKeywordForPlatform(KeywordExecutor.groovy:73)
	at com.kms.katalon.core.webui.keyword.WebUiBuiltInKeywords.click(WebUiBuiltInKeywords.groovy:617)
	at com.kms.katalon.core.webui.keyword.WebUiBuiltInKeywords$click$1.call(Unknown Source)
	at Script1608257339374.run(Script1608257339374.groovy:22)
	... 13 more
)

2021-05-07 11:12:32 - [MESSAGE][INFO] - Unable to find the element located by 'By.cssSelector: #item-pop-up'. Please recheck the objects properties to make sure the desired element is located. 

2021-05-07 11:12:32 - [MESSAGE][FAILED] - Unable to click on object 'Object Repository/Item Details Objects/Page_diagnostics/a_Procure_from_other_Agencies' (Root cause: com.kms.katalon.core.exception.StepFailedException: Unable to click on object 'Object Repository/Item Details Objects/Page_diagnostics/a_Procure_from_other_Agencies'
	at com.kms.katalon.core.webui.keyword.internal.WebUIKeywordMain.stepFailed(WebUIKeywordMain.groovy:64)
	at com.kms.katalon.core.webui.keyword.internal.WebUIKeywordMain.runKeyword(WebUIKeywordMain.groovy:26)
	at com.kms.katalon.core.webui.keyword.builtin.ClickKeyword.click(ClickKeyword.groovy:76)
	at com.kms.katalon.core.webui.keyword.builtin.ClickKeyword.execute(ClickKeyword.groovy:43)
	at com.kms.katalon.core.keyword.internal.KeywordExecutor.executeKeywordForPlatform(KeywordExecutor.groovy:73)
	at com.kms.katalon.core.webui.keyword.WebUiBuiltInKeywords.click(WebUiBuiltInKeywords.groovy:617)
	at com.kms.katalon.core.webui.keyword.WebUiBuiltInKeywords$click$1.call(Unknown Source)
	at TC_DETAILS_UI_043.run(TC_DETAILS_UI_043:22)
	at com.kms.katalon.core.main.ScriptEngine.run(ScriptEngine.java:194)
	at com.kms.katalon.core.main.ScriptEngine.runScriptAsRawText(ScriptEngine.java:119)
	at com.kms.katalon.core.main.TestCaseExecutor.runScript(TestCaseExecutor.java:339)
	at com.kms.katalon.core.main.TestCaseExecutor.doExecute(TestCaseExecutor.java:330)
	at com.kms.katalon.core.main.TestCaseExecutor.processExecutionPhase(TestCaseExecutor.java:309)
	at com.kms.katalon.core.main.TestCaseExecutor.accessMainPhase(TestCaseExecutor.java:301)
	at com.kms.katalon.core.main.TestCaseExecutor.execute(TestCaseExecutor.java:235)
	at com.kms.katalon.core.main.TestSuiteExecutor.accessTestCaseMainPhase(TestSuiteExecutor.java:191)
	at com.kms.katalon.core.main.TestSuiteExecutor.accessTestSuiteMainPhase(TestSuiteExecutor.java:141)
	at com.kms.katalon.core.main.TestSuiteExecutor.execute(TestSuiteExecutor.java:90)
	at com.kms.katalon.core.main.TestCaseMain.startTestSuite(TestCaseMain.java:157)
	at com.kms.katalon.core.main.TestCaseMain$startTestSuite$0.call(Unknown Source)
	at TempTestSuite1620355020148.run(TempTestSuite1620355020148.groovy:39)
Caused by: com.kms.katalon.core.webui.exception.WebElementNotFoundException: Web element with id: 'Object Repository/Item Details Objects/Page_diagnostics/a_Procure_from_other_Agencies' located by '#item-pop-up' not found
	at com.kms.katalon.core.webui.common.WebUiCommonHelper.findWebElement(WebUiCommonHelper.java:1368)
	at com.kms.katalon.core.webui.keyword.internal.WebUIAbstractKeyword.findWebElement(WebUIAbstractKeyword.groovy:27)
	at com.kms.katalon.core.webui.keyword.internal.WebUIAbstractKeyword.findWebElement(WebUIAbstractKeyword.groovy:26)
	at com.kms.katalon.core.webui.keyword.builtin.ClickKeyword$_click_closure1.doCall(ClickKeyword.groovy:67)
	at com.kms.katalon.core.webui.keyword.builtin.ClickKeyword$_click_closure1.call(ClickKeyword.groovy)
	at com.kms.katalon.core.webui.keyword.internal.WebUIKeywordMain.runKeyword(WebUIKeywordMain.groovy:20)
	at com.kms.katalon.core.webui.keyword.builtin.ClickKeyword.click(ClickKeyword.groovy:76)
	at com.kms.katalon.core.webui.keyword.builtin.ClickKeyword.execute(ClickKeyword.groovy:43)
	at com.kms.katalon.core.keyword.internal.KeywordExecutor.executeKeywordForPlatform(KeywordExecutor.groovy:73)
	at com.kms.katalon.core.webui.keyword.WebUiBuiltInKeywords.click(WebUiBuiltInKeywords.groovy:617)
	at com.kms.katalon.core.webui.keyword.WebUiBuiltInKeywords$click$1.call(Unknown Source)
	at Script1608257339374.run(Script1608257339374.groovy:22)
	... 13 more
)
[[ATTACHMENT|K:\\Work\\GitHub\\find-item-detail-test_v2\\Reports\\20210507_103700\\Item detail test\\20210507_103700\\1620357152576.png]]]]></system-out>
         <system-err><![CDATA[2021-05-07 11:11:11 - [TEST_CASE][FAILED] - Test Cases/Custom Item Details/TEST CASE/TC_DETAILS_UI_043: Test Cases/Custom Item Details/TEST CASE/TC_DETAILS_UI_043 FAILED.
Reason:
com.kms.katalon.core.exception.StepFailedException: Unable to click on object 'Object Repository/Item Details Objects/Page_diagnostics/a_Procure_from_other_Agencies'
	at com.kms.katalon.core.webui.keyword.internal.WebUIKeywordMain.stepFailed(WebUIKeywordMain.groovy:64)
	at com.kms.katalon.core.webui.keyword.internal.WebUIKeywordMain.runKeyword(WebUIKeywordMain.groovy:26)
	at com.kms.katalon.core.webui.keyword.builtin.ClickKeyword.click(ClickKeyword.groovy:76)
	at com.kms.katalon.core.webui.keyword.builtin.ClickKeyword.execute(ClickKeyword.groovy:43)
	at com.kms.katalon.core.keyword.internal.KeywordExecutor.executeKeywordForPlatform(KeywordExecutor.groovy:73)
	at com.kms.katalon.core.webui.keyword.WebUiBuiltInKeywords.click(WebUiBuiltInKeywords.groovy:617)
	at com.kms.katalon.core.webui.keyword.WebUiBuiltInKeywords$click$1.call(Unknown Source)
	at TC_DETAILS_UI_043.run(TC_DETAILS_UI_043:22)
	at com.kms.katalon.core.main.ScriptEngine.run(ScriptEngine.java:194)
	at com.kms.katalon.core.main.ScriptEngine.runScriptAsRawText(ScriptEngine.java:119)
	at com.kms.katalon.core.main.TestCaseExecutor.runScript(TestCaseExecutor.java:339)
	at com.kms.katalon.core.main.TestCaseExecutor.doExecute(TestCaseExecutor.java:330)
	at com.kms.katalon.core.main.TestCaseExecutor.processExecutionPhase(TestCaseExecutor.java:309)
	at com.kms.katalon.core.main.TestCaseExecutor.accessMainPhase(TestCaseExecutor.java:301)
	at com.kms.katalon.core.main.TestCaseExecutor.execute(TestCaseExecutor.java:235)
	at com.kms.katalon.core.main.TestSuiteExecutor.accessTestCaseMainPhase(TestSuiteExecutor.java:191)
	at com.kms.katalon.core.main.TestSuiteExecutor.accessTestSuiteMainPhase(TestSuiteExecutor.java:141)
	at com.kms.katalon.core.main.TestSuiteExecutor.execute(TestSuiteExecutor.java:90)
	at com.kms.katalon.core.main.TestCaseMain.startTestSuite(TestCaseMain.java:157)
	at com.kms.katalon.core.main.TestCaseMain$startTestSuite$0.call(Unknown Source)
	at TempTestSuite1620355020148.run(TempTestSuite1620355020148.groovy:39)
Caused by: com.kms.katalon.core.webui.exception.WebElementNotFoundException: Web element with id: 'Object Repository/Item Details Objects/Page_diagnostics/a_Procure_from_other_Agencies' located by '#item-pop-up' not found
	at com.kms.katalon.core.webui.common.WebUiCommonHelper.findWebElement(WebUiCommonHelper.java:1368)
	at com.kms.katalon.core.webui.keyword.internal.WebUIAbstractKeyword.findWebElement(WebUIAbstractKeyword.groovy:27)
	at com.kms.katalon.core.webui.keyword.internal.WebUIAbstractKeyword.findWebElement(WebUIAbstractKeyword.groovy:26)
	at com.kms.katalon.core.webui.keyword.builtin.ClickKeyword$_click_closure1.doCall(ClickKeyword.groovy:67)
	at com.kms.katalon.core.webui.keyword.builtin.ClickKeyword$_click_closure1.call(ClickKeyword.groovy)
	at com.kms.katalon.core.webui.keyword.internal.WebUIKeywordMain.runKeyword(WebUIKeywordMain.groovy:20)
	... 19 more]]></system-err>
      </testcase>
      <testcase name="Test Cases/Custom Item Details/TEST CASE/TC_DETAILS_UI_041" time="84.075" classname="Test Cases/Custom Item Details/TEST CASE/TC_DETAILS_UI_041" status="FAILED">
         <failure type="FAILED" message="Test Cases/Custom Item Details/TEST CASE/TC_DETAILS_UI_041 FAILED.
Reason:
com.kms.katalon.core.exception.StepFailedException: Unable to verify object 'Object Repository/Item Details Objects/Page_diagnostics/Page_diagnostics/span_Country_registration' is present
	at com.kms.katalon.core.webui.keyword.internal.WebUIKeywordMain.stepFailed(WebUIKeywordMain.groovy:64)
	at com.kms.katalon.core.webui.keyword.internal.WebUIKeywordMain.runKeyword(WebUIKeywordMain.groovy:26)
	at com.kms.katalon.core.webui.keyword.builtin.VerifyElementPresentKeyword.verifyElementPresent(VerifyElementPresentKeyword.groovy:92)
	at com.kms.katalon.core.webui.keyword.builtin.VerifyElementPresentKeyword.execute(VerifyElementPresentKeyword.groovy:68)
	at com.kms.katalon.core.keyword.internal.KeywordExecutor.executeKeywordForPlatform(KeywordExecutor.groovy:73)
	at com.kms.katalon.core.webui.keyword.WebUiBuiltInKeywords.verifyElementPresent(WebUiBuiltInKeywords.groovy:1461)
	at com.kms.katalon.core.webui.keyword.WebUiBuiltInKeywords$verifyElementPresent$10.call(Unknown Source)
	at TC_DETAILS_UI_041.run(TC_DETAILS_UI_041:23)
	at com.kms.katalon.core.main.ScriptEngine.run(ScriptEngine.java:194)
	at com.kms.katalon.core.main.ScriptEngine.runScriptAsRawText(ScriptEngine.java:119)
	at com.kms.katalon.core.main.TestCaseExecutor.runScript(TestCaseExecutor.java:339)
	at com.kms.katalon.core.main.TestCaseExecutor.doExecute(TestCaseExecutor.java:330)
	at com.kms.katalon.core.main.TestCaseExecutor.processExecutionPhase(TestCaseExecutor.java:309)
	at com.kms.katalon.core.main.TestCaseExecutor.accessMainPhase(TestCaseExecutor.java:301)
	at com.kms.katalon.core.main.TestCaseExecutor.execute(TestCaseExecutor.java:235)
	at com.kms.katalon.core.main.TestSuiteExecutor.accessTestCaseMainPhase(TestSuiteExecutor.java:191)
	at com.kms.katalon.core.main.TestSuiteExecutor.accessTestSuiteMainPhase(TestSuiteExecutor.java:141)
	at com.kms.katalon.core.main.TestSuiteExecutor.execute(TestSuiteExecutor.java:90)
	at com.kms.katalon.core.main.TestCaseMain.startTestSuite(TestCaseMain.java:157)
	at com.kms.katalon.core.main.TestCaseMain$startTestSuite$0.call(Unknown Source)
	at TempTestSuite1620355020148.run(TempTestSuite1620355020148.groovy:39)
Caused by: com.kms.katalon.core.exception.StepFailedException: com.kms.katalon.core.webui.exception.WebElementNotFoundException: Web element with id: 'Object Repository/Item Details Objects/Page_diagnostics/Page_diagnostics/span_Country_registration' located by '//*[(text() = 'Country registration :' or . = 'Country registration :')]' not found
	at com.kms.katalon.core.webui.keyword.internal.WebUIKeywordMain.stepFailed(WebUIKeywordMain.groovy:64)
	at com.kms.katalon.core.webui.keyword.builtin.VerifyElementPresentKeyword$_verifyElementPresent_closure1.doCall(VerifyElementPresentKeyword.groovy:85)
	at com.kms.katalon.core.webui.keyword.builtin.VerifyElementPresentKeyword$_verifyElementPresent_closure1.call(VerifyElementPresentKeyword.groovy)
	at com.kms.katalon.core.webui.keyword.internal.WebUIKeywordMain.runKeyword(WebUIKeywordMain.groovy:20)
	... 19 more
"/>
         <system-out><![CDATA[2021-05-07 11:12:32 - [TEST_CASE][FAILED] - Test Cases/Custom Item Details/TEST CASE/TC_DETAILS_UI_041: Test Cases/Custom Item Details/TEST CASE/TC_DETAILS_UI_041 FAILED.
Reason:
com.kms.katalon.core.exception.StepFailedException: Unable to verify object 'Object Repository/Item Details Objects/Page_diagnostics/Page_diagnostics/span_Country_registration' is present
	at com.kms.katalon.core.webui.keyword.internal.WebUIKeywordMain.stepFailed(WebUIKeywordMain.groovy:64)
	at com.kms.katalon.core.webui.keyword.internal.WebUIKeywordMain.runKeyword(WebUIKeywordMain.groovy:26)
	at com.kms.katalon.core.webui.keyword.builtin.VerifyElementPresentKeyword.verifyElementPresent(VerifyElementPresentKeyword.groovy:92)
	at com.kms.katalon.core.webui.keyword.builtin.VerifyElementPresentKeyword.execute(VerifyElementPresentKeyword.groovy:68)
	at com.kms.katalon.core.keyword.internal.KeywordExecutor.executeKeywordForPlatform(KeywordExecutor.groovy:73)
	at com.kms.katalon.core.webui.keyword.WebUiBuiltInKeywords.verifyElementPresent(WebUiBuiltInKeywords.groovy:1461)
	at com.kms.katalon.core.webui.keyword.WebUiBuiltInKeywords$verifyElementPresent$10.call(Unknown Source)
	at TC_DETAILS_UI_041.run(TC_DETAILS_UI_041:23)
	at com.kms.katalon.core.main.ScriptEngine.run(ScriptEngine.java:194)
	at com.kms.katalon.core.main.ScriptEngine.runScriptAsRawText(ScriptEngine.java:119)
	at com.kms.katalon.core.main.TestCaseExecutor.runScript(TestCaseExecutor.java:339)
	at com.kms.katalon.core.main.TestCaseExecutor.doExecute(TestCaseExecutor.java:330)
	at com.kms.katalon.core.main.TestCaseExecutor.processExecutionPhase(TestCaseExecutor.java:309)
	at com.kms.katalon.core.main.TestCaseExecutor.accessMainPhase(TestCaseExecutor.java:301)
	at com.kms.katalon.core.main.TestCaseExecutor.execute(TestCaseExecutor.java:235)
	at com.kms.katalon.core.main.TestSuiteExecutor.accessTestCaseMainPhase(TestSuiteExecutor.java:191)
	at com.kms.katalon.core.main.TestSuiteExecutor.accessTestSuiteMainPhase(TestSuiteExecutor.java:141)
	at com.kms.katalon.core.main.TestSuiteExecutor.execute(TestSuiteExecutor.java:90)
	at com.kms.katalon.core.main.TestCaseMain.startTestSuite(TestCaseMain.java:157)
	at com.kms.katalon.core.main.TestCaseMain$startTestSuite$0.call(Unknown Source)
	at TempTestSuite1620355020148.run(TempTestSuite1620355020148.groovy:39)
Caused by: com.kms.katalon.core.exception.StepFailedException: com.kms.katalon.core.webui.exception.WebElementNotFoundException: Web element with id: 'Object Repository/Item Details Objects/Page_diagnostics/Page_diagnostics/span_Country_registration' located by '//*[(text() = 'Country registration :' or . = 'Country registration :')]' not found
	at com.kms.katalon.core.webui.keyword.internal.WebUIKeywordMain.stepFailed(WebUIKeywordMain.groovy:64)
	at com.kms.katalon.core.webui.keyword.builtin.VerifyElementPresentKeyword$_verifyElementPresent_closure1.doCall(VerifyElementPresentKeyword.groovy:85)
	at com.kms.katalon.core.webui.keyword.builtin.VerifyElementPresentKeyword$_verifyElementPresent_closure1.call(VerifyElementPresentKeyword.groovy)
	at com.kms.katalon.core.webui.keyword.internal.WebUIKeywordMain.runKeyword(WebUIKeywordMain.groovy:20)
	... 19 more


2021-05-07 11:12:32 - [TEST_STEP][PASSED] - callTestCase(findTestCase("Custom Item Details/UTILITIES/OPEN_BROWSER"), [:], STOP_ON_FAILURE): Call Test Case 'Test Cases/Custom Item Details/UTILITIES/OPEN_BROWSER' successfully

2021-05-07 11:12:32 - [TEST_CASE][PASSED] - Test Cases/Custom Item Details/UTILITIES/OPEN_BROWSER: Test Cases/Custom Item Details/UTILITIES/OPEN_BROWSER

2021-05-07 11:12:32 - [TEST_STEP][PASSED] - openBrowser("https://diagnostics.staging.arcadier.io/"): Browser is opened with url: 'https://diagnostics.staging.arcadier.io/'

2021-05-07 11:12:32 - [MESSAGE][WARNING] - A browser is already opened. Closing browser and opening a new one

2021-05-07 11:12:33 - [MESSAGE][INFO] - Starting 'Chrome' driver

2021-05-07 11:12:33 - [MESSAGE][INFO] - Action delay is set to 0 milliseconds

2021-05-07 11:12:43 - [MESSAGE][PASSED] - Browser is opened with url: 'https://diagnostics.staging.arcadier.io/'

2021-05-07 11:12:43 - [TEST_STEP][PASSED] - maximizeWindow(): Current window maximized

2021-05-07 11:12:43 - [MESSAGE][PASSED] - Current window maximized

2021-05-07 11:12:43 - [TEST_STEP][PASSED] - click(findTestObject("Item Details Objects/Page_diagnostics/a_Accept Cookies")): Object: 'Object Repository/Item Details Objects/Page_diagnostics/a_Accept Cookies' is clicked on

2021-05-07 11:12:46 - [MESSAGE][PASSED] - Object: 'Object Repository/Item Details Objects/Page_diagnostics/a_Accept Cookies' is clicked on

2021-05-07 11:12:46 - [TEST_STEP][PASSED] - click(findTestObject("Staging Objects/Page_diagnostics/a_COVID-19 DIAGNOSTICS"), STOP_ON_FAILURE): Object: 'Object Repository/Staging Objects/Page_diagnostics/a_COVID-19 DIAGNOSTICS' is clicked on

2021-05-07 11:12:48 - [MESSAGE][PASSED] - Object: 'Object Repository/Staging Objects/Page_diagnostics/a_COVID-19 DIAGNOSTICS' is clicked on

2021-05-07 11:12:48 - [TEST_STEP][PASSED] - mouseOver(findTestObject("Staging Objects/Page_diagnostics/a_STANDARD Q COVID-19 Ag Test")): Object: 'Object Repository/Staging Objects/Page_diagnostics/a_STANDARD Q COVID-19 Ag Test' is hovered

2021-05-07 11:12:50 - [MESSAGE][PASSED] - Object: 'Object Repository/Staging Objects/Page_diagnostics/a_STANDARD Q COVID-19 Ag Test' is hovered

2021-05-07 11:12:50 - [TEST_STEP][PASSED] - click(findTestObject("Staging Objects/Page_diagnostics/a_STANDARD Q COVID-19 Ag Test")): Object: 'Object Repository/Staging Objects/Page_diagnostics/a_STANDARD Q COVID-19 Ag Test' is clicked on

2021-05-07 11:12:54 - [MESSAGE][PASSED] - Object: 'Object Repository/Staging Objects/Page_diagnostics/a_STANDARD Q COVID-19 Ag Test' is clicked on

2021-05-07 11:12:54 - [MESSAGE][PASSED] - Call Test Case 'Test Cases/Custom Item Details/UTILITIES/OPEN_BROWSER' successfully

2021-05-07 11:12:54 - [TEST_STEP][PASSED] - waitForElementVisible(findTestObject("Item Details Objects/Page_diagnostics/Page_diagnostics/span_Country_registration"), 0): Web element with id: 'Object Repository/Item Details Objects/Page_diagnostics/Page_diagnostics/span_Country_registration' located by '//*[(text() = 'Country registration :' or . = 'Country registration :')]' not found

2021-05-07 11:12:54 - [MESSAGE][WARNING] - Timeout '0' is invalid. Using default page load timeout: '30'

2021-05-07 11:13:25 - [MESSAGE][INFO] - Unable to find the element located by 'By.xpath: //*[(text() = 'Country registration :' or . = 'Country registration :')]'. Please recheck the objects properties to make sure the desired element is located. 

2021-05-07 11:13:25 - [MESSAGE][WARNING] - Web element with id: 'Object Repository/Item Details Objects/Page_diagnostics/Page_diagnostics/span_Country_registration' located by '//*[(text() = 'Country registration :' or . = 'Country registration :')]' not found

2021-05-07 11:13:25 - [TEST_STEP][FAILED] - verifyElementPresent(findTestObject("Item Details Objects/Page_diagnostics/Page_diagnostics/span_Country_registration"), 0): Unable to verify object 'Object Repository/Item Details Objects/Page_diagnostics/Page_diagnostics/span_Country_registration' is present (Root cause: com.kms.katalon.core.exception.StepFailedException: Unable to verify object 'Object Repository/Item Details Objects/Page_diagnostics/Page_diagnostics/span_Country_registration' is present
	at com.kms.katalon.core.webui.keyword.internal.WebUIKeywordMain.stepFailed(WebUIKeywordMain.groovy:64)
	at com.kms.katalon.core.webui.keyword.internal.WebUIKeywordMain.runKeyword(WebUIKeywordMain.groovy:26)
	at com.kms.katalon.core.webui.keyword.builtin.VerifyElementPresentKeyword.verifyElementPresent(VerifyElementPresentKeyword.groovy:92)
	at com.kms.katalon.core.webui.keyword.builtin.VerifyElementPresentKeyword.execute(VerifyElementPresentKeyword.groovy:68)
	at com.kms.katalon.core.keyword.internal.KeywordExecutor.executeKeywordForPlatform(KeywordExecutor.groovy:73)
	at com.kms.katalon.core.webui.keyword.WebUiBuiltInKeywords.verifyElementPresent(WebUiBuiltInKeywords.groovy:1461)
	at com.kms.katalon.core.webui.keyword.WebUiBuiltInKeywords$verifyElementPresent$10.call(Unknown Source)
	at TC_DETAILS_UI_041.run(TC_DETAILS_UI_041:23)
	at com.kms.katalon.core.main.ScriptEngine.run(ScriptEngine.java:194)
	at com.kms.katalon.core.main.ScriptEngine.runScriptAsRawText(ScriptEngine.java:119)
	at com.kms.katalon.core.main.TestCaseExecutor.runScript(TestCaseExecutor.java:339)
	at com.kms.katalon.core.main.TestCaseExecutor.doExecute(TestCaseExecutor.java:330)
	at com.kms.katalon.core.main.TestCaseExecutor.processExecutionPhase(TestCaseExecutor.java:309)
	at com.kms.katalon.core.main.TestCaseExecutor.accessMainPhase(TestCaseExecutor.java:301)
	at com.kms.katalon.core.main.TestCaseExecutor.execute(TestCaseExecutor.java:235)
	at com.kms.katalon.core.main.TestSuiteExecutor.accessTestCaseMainPhase(TestSuiteExecutor.java:191)
	at com.kms.katalon.core.main.TestSuiteExecutor.accessTestSuiteMainPhase(TestSuiteExecutor.java:141)
	at com.kms.katalon.core.main.TestSuiteExecutor.execute(TestSuiteExecutor.java:90)
	at com.kms.katalon.core.main.TestCaseMain.startTestSuite(TestCaseMain.java:157)
	at com.kms.katalon.core.main.TestCaseMain$startTestSuite$0.call(Unknown Source)
	at TempTestSuite1620355020148.run(TempTestSuite1620355020148.groovy:39)
Caused by: com.kms.katalon.core.exception.StepFailedException: com.kms.katalon.core.webui.exception.WebElementNotFoundException: Web element with id: 'Object Repository/Item Details Objects/Page_diagnostics/Page_diagnostics/span_Country_registration' located by '//*[(text() = 'Country registration :' or . = 'Country registration :')]' not found
	at com.kms.katalon.core.webui.keyword.internal.WebUIKeywordMain.stepFailed(WebUIKeywordMain.groovy:64)
	at com.kms.katalon.core.webui.keyword.builtin.VerifyElementPresentKeyword$_verifyElementPresent_closure1.doCall(VerifyElementPresentKeyword.groovy:85)
	at com.kms.katalon.core.webui.keyword.builtin.VerifyElementPresentKeyword$_verifyElementPresent_closure1.call(VerifyElementPresentKeyword.groovy)
	at com.kms.katalon.core.webui.keyword.internal.WebUIKeywordMain.runKeyword(WebUIKeywordMain.groovy:20)
	... 19 more
)

2021-05-07 11:13:25 - [MESSAGE][WARNING] - Timeout '0' is invalid. Using default page load timeout: '30'

2021-05-07 11:13:56 - [MESSAGE][INFO] - Unable to find the element located by 'By.xpath: //*[(text() = 'Country registration :' or . = 'Country registration :')]'. Please recheck the objects properties to make sure the desired element is located. 

2021-05-07 11:13:56 - [MESSAGE][FAILED] - com.kms.katalon.core.webui.exception.WebElementNotFoundException: Web element with id: 'Object Repository/Item Details Objects/Page_diagnostics/Page_diagnostics/span_Country_registration' located by '//*[(text() = 'Country registration :' or . = 'Country registration :')]' not found (Root cause: com.kms.katalon.core.exception.StepFailedException: com.kms.katalon.core.webui.exception.WebElementNotFoundException: Web element with id: 'Object Repository/Item Details Objects/Page_diagnostics/Page_diagnostics/span_Country_registration' located by '//*[(text() = 'Country registration :' or . = 'Country registration :')]' not found
	at com.kms.katalon.core.webui.keyword.internal.WebUIKeywordMain.stepFailed(WebUIKeywordMain.groovy:64)
	at com.kms.katalon.core.webui.keyword.builtin.VerifyElementPresentKeyword$_verifyElementPresent_closure1.doCall(VerifyElementPresentKeyword.groovy:85)
	at com.kms.katalon.core.webui.keyword.builtin.VerifyElementPresentKeyword$_verifyElementPresent_closure1.call(VerifyElementPresentKeyword.groovy)
	at com.kms.katalon.core.webui.keyword.internal.WebUIKeywordMain.runKeyword(WebUIKeywordMain.groovy:20)
	at com.kms.katalon.core.webui.keyword.builtin.VerifyElementPresentKeyword.verifyElementPresent(VerifyElementPresentKeyword.groovy:92)
	at com.kms.katalon.core.webui.keyword.builtin.VerifyElementPresentKeyword.execute(VerifyElementPresentKeyword.groovy:68)
	at com.kms.katalon.core.keyword.internal.KeywordExecutor.executeKeywordForPlatform(KeywordExecutor.groovy:73)
	at com.kms.katalon.core.webui.keyword.WebUiBuiltInKeywords.verifyElementPresent(WebUiBuiltInKeywords.groovy:1461)
	at com.kms.katalon.core.webui.keyword.WebUiBuiltInKeywords$verifyElementPresent$10.call(Unknown Source)
	at TC_DETAILS_UI_041.run(TC_DETAILS_UI_041:23)
	at com.kms.katalon.core.main.ScriptEngine.run(ScriptEngine.java:194)
	at com.kms.katalon.core.main.ScriptEngine.runScriptAsRawText(ScriptEngine.java:119)
	at com.kms.katalon.core.main.TestCaseExecutor.runScript(TestCaseExecutor.java:339)
	at com.kms.katalon.core.main.TestCaseExecutor.doExecute(TestCaseExecutor.java:330)
	at com.kms.katalon.core.main.TestCaseExecutor.processExecutionPhase(TestCaseExecutor.java:309)
	at com.kms.katalon.core.main.TestCaseExecutor.accessMainPhase(TestCaseExecutor.java:301)
	at com.kms.katalon.core.main.TestCaseExecutor.execute(TestCaseExecutor.java:235)
	at com.kms.katalon.core.main.TestSuiteExecutor.accessTestCaseMainPhase(TestSuiteExecutor.java:191)
	at com.kms.katalon.core.main.TestSuiteExecutor.accessTestSuiteMainPhase(TestSuiteExecutor.java:141)
	at com.kms.katalon.core.main.TestSuiteExecutor.execute(TestSuiteExecutor.java:90)
	at com.kms.katalon.core.main.TestCaseMain.startTestSuite(TestCaseMain.java:157)
	at com.kms.katalon.core.main.TestCaseMain$startTestSuite$0.call(Unknown Source)
	at TempTestSuite1620355020148.run(TempTestSuite1620355020148.groovy:39)
)
[[ATTACHMENT|K:\\Work\\GitHub\\find-item-detail-test_v2\\Reports\\20210507_103700\\Item detail test\\20210507_103700\\1620357236481.png]]

2021-05-07 11:13:56 - [MESSAGE][FAILED] - Unable to verify object 'Object Repository/Item Details Objects/Page_diagnostics/Page_diagnostics/span_Country_registration' is present (Root cause: com.kms.katalon.core.exception.StepFailedException: Unable to verify object 'Object Repository/Item Details Objects/Page_diagnostics/Page_diagnostics/span_Country_registration' is present
	at com.kms.katalon.core.webui.keyword.internal.WebUIKeywordMain.stepFailed(WebUIKeywordMain.groovy:64)
	at com.kms.katalon.core.webui.keyword.internal.WebUIKeywordMain.runKeyword(WebUIKeywordMain.groovy:26)
	at com.kms.katalon.core.webui.keyword.builtin.VerifyElementPresentKeyword.verifyElementPresent(VerifyElementPresentKeyword.groovy:92)
	at com.kms.katalon.core.webui.keyword.builtin.VerifyElementPresentKeyword.execute(VerifyElementPresentKeyword.groovy:68)
	at com.kms.katalon.core.keyword.internal.KeywordExecutor.executeKeywordForPlatform(KeywordExecutor.groovy:73)
	at com.kms.katalon.core.webui.keyword.WebUiBuiltInKeywords.verifyElementPresent(WebUiBuiltInKeywords.groovy:1461)
	at com.kms.katalon.core.webui.keyword.WebUiBuiltInKeywords$verifyElementPresent$10.call(Unknown Source)
	at TC_DETAILS_UI_041.run(TC_DETAILS_UI_041:23)
	at com.kms.katalon.core.main.ScriptEngine.run(ScriptEngine.java:194)
	at com.kms.katalon.core.main.ScriptEngine.runScriptAsRawText(ScriptEngine.java:119)
	at com.kms.katalon.core.main.TestCaseExecutor.runScript(TestCaseExecutor.java:339)
	at com.kms.katalon.core.main.TestCaseExecutor.doExecute(TestCaseExecutor.java:330)
	at com.kms.katalon.core.main.TestCaseExecutor.processExecutionPhase(TestCaseExecutor.java:309)
	at com.kms.katalon.core.main.TestCaseExecutor.accessMainPhase(TestCaseExecutor.java:301)
	at com.kms.katalon.core.main.TestCaseExecutor.execute(TestCaseExecutor.java:235)
	at com.kms.katalon.core.main.TestSuiteExecutor.accessTestCaseMainPhase(TestSuiteExecutor.java:191)
	at com.kms.katalon.core.main.TestSuiteExecutor.accessTestSuiteMainPhase(TestSuiteExecutor.java:141)
	at com.kms.katalon.core.main.TestSuiteExecutor.execute(TestSuiteExecutor.java:90)
	at com.kms.katalon.core.main.TestCaseMain.startTestSuite(TestCaseMain.java:157)
	at com.kms.katalon.core.main.TestCaseMain$startTestSuite$0.call(Unknown Source)
	at TempTestSuite1620355020148.run(TempTestSuite1620355020148.groovy:39)
Caused by: com.kms.katalon.core.exception.StepFailedException: com.kms.katalon.core.webui.exception.WebElementNotFoundException: Web element with id: 'Object Repository/Item Details Objects/Page_diagnostics/Page_diagnostics/span_Country_registration' located by '//*[(text() = 'Country registration :' or . = 'Country registration :')]' not found
	at com.kms.katalon.core.webui.keyword.internal.WebUIKeywordMain.stepFailed(WebUIKeywordMain.groovy:64)
	at com.kms.katalon.core.webui.keyword.builtin.VerifyElementPresentKeyword$_verifyElementPresent_closure1.doCall(VerifyElementPresentKeyword.groovy:85)
	at com.kms.katalon.core.webui.keyword.builtin.VerifyElementPresentKeyword$_verifyElementPresent_closure1.call(VerifyElementPresentKeyword.groovy)
	at com.kms.katalon.core.webui.keyword.internal.WebUIKeywordMain.runKeyword(WebUIKeywordMain.groovy:20)
	... 19 more
)
[[ATTACHMENT|K:\\Work\\GitHub\\find-item-detail-test_v2\\Reports\\20210507_103700\\Item detail test\\20210507_103700\\1620357236639.png]]]]></system-out>
         <system-err><![CDATA[2021-05-07 11:12:32 - [TEST_CASE][FAILED] - Test Cases/Custom Item Details/TEST CASE/TC_DETAILS_UI_041: Test Cases/Custom Item Details/TEST CASE/TC_DETAILS_UI_041 FAILED.
Reason:
com.kms.katalon.core.exception.StepFailedException: Unable to verify object 'Object Repository/Item Details Objects/Page_diagnostics/Page_diagnostics/span_Country_registration' is present
	at com.kms.katalon.core.webui.keyword.internal.WebUIKeywordMain.stepFailed(WebUIKeywordMain.groovy:64)
	at com.kms.katalon.core.webui.keyword.internal.WebUIKeywordMain.runKeyword(WebUIKeywordMain.groovy:26)
	at com.kms.katalon.core.webui.keyword.builtin.VerifyElementPresentKeyword.verifyElementPresent(VerifyElementPresentKeyword.groovy:92)
	at com.kms.katalon.core.webui.keyword.builtin.VerifyElementPresentKeyword.execute(VerifyElementPresentKeyword.groovy:68)
	at com.kms.katalon.core.keyword.internal.KeywordExecutor.executeKeywordForPlatform(KeywordExecutor.groovy:73)
	at com.kms.katalon.core.webui.keyword.WebUiBuiltInKeywords.verifyElementPresent(WebUiBuiltInKeywords.groovy:1461)
	at com.kms.katalon.core.webui.keyword.WebUiBuiltInKeywords$verifyElementPresent$10.call(Unknown Source)
	at TC_DETAILS_UI_041.run(TC_DETAILS_UI_041:23)
	at com.kms.katalon.core.main.ScriptEngine.run(ScriptEngine.java:194)
	at com.kms.katalon.core.main.ScriptEngine.runScriptAsRawText(ScriptEngine.java:119)
	at com.kms.katalon.core.main.TestCaseExecutor.runScript(TestCaseExecutor.java:339)
	at com.kms.katalon.core.main.TestCaseExecutor.doExecute(TestCaseExecutor.java:330)
	at com.kms.katalon.core.main.TestCaseExecutor.processExecutionPhase(TestCaseExecutor.java:309)
	at com.kms.katalon.core.main.TestCaseExecutor.accessMainPhase(TestCaseExecutor.java:301)
	at com.kms.katalon.core.main.TestCaseExecutor.execute(TestCaseExecutor.java:235)
	at com.kms.katalon.core.main.TestSuiteExecutor.accessTestCaseMainPhase(TestSuiteExecutor.java:191)
	at com.kms.katalon.core.main.TestSuiteExecutor.accessTestSuiteMainPhase(TestSuiteExecutor.java:141)
	at com.kms.katalon.core.main.TestSuiteExecutor.execute(TestSuiteExecutor.java:90)
	at com.kms.katalon.core.main.TestCaseMain.startTestSuite(TestCaseMain.java:157)
	at com.kms.katalon.core.main.TestCaseMain$startTestSuite$0.call(Unknown Source)
	at TempTestSuite1620355020148.run(TempTestSuite1620355020148.groovy:39)
Caused by: com.kms.katalon.core.exception.StepFailedException: com.kms.katalon.core.webui.exception.WebElementNotFoundException: Web element with id: 'Object Repository/Item Details Objects/Page_diagnostics/Page_diagnostics/span_Country_registration' located by '//*[(text() = 'Country registration :' or . = 'Country registration :')]' not found
	at com.kms.katalon.core.webui.keyword.internal.WebUIKeywordMain.stepFailed(WebUIKeywordMain.groovy:64)
	at com.kms.katalon.core.webui.keyword.builtin.VerifyElementPresentKeyword$_verifyElementPresent_closure1.doCall(VerifyElementPresentKeyword.groovy:85)
	at com.kms.katalon.core.webui.keyword.builtin.VerifyElementPresentKeyword$_verifyElementPresent_closure1.call(VerifyElementPresentKeyword.groovy)
	at com.kms.katalon.core.webui.keyword.internal.WebUIKeywordMain.runKeyword(WebUIKeywordMain.groovy:20)
	... 19 more]]></system-err>
      </testcase>
      <system-out><![CDATA[2021-05-07 10:37:13 - [TEST_SUITE][FAILED] - Item detail test: Test Cases/Custom Item Details/TEST CASE/TC_DETAILS_UI_006 FAILED.
Reason:
com.kms.katalon.core.exception.StepFailedException: Verify element text of test object 'Object Repository/Item Details Objects/Page_diagnostics/a_Contact_seller_btn' FAILED.
	at com.kms.katalon.core.webui.keyword.internal.WebUIKeywordMain.stepFailed(WebUIKeywordMain.groovy:64)
	at com.kms.katalon.core.webui.keyword.internal.WebUIKeywordMain.runKeyword(WebUIKeywordMain.groovy:26)
	at com.kms.katalon.core.webui.keyword.builtin.VerifyElementTextKeyword.verifyElementText(VerifyElementTextKeyword.groovy:72)
	at com.kms.katalon.core.webui.keyword.builtin.VerifyElementTextKeyword.execute(VerifyElementTextKeyword.groovy:40)
	at com.kms.katalon.core.keyword.internal.KeywordExecutor.executeKeywordForPlatform(KeywordExecutor.groovy:73)
	at com.kms.katalon.core.webui.keyword.WebUiBuiltInKeywords.verifyElementText(WebUiBuiltInKeywords.groovy:4120)
	at com.kms.katalon.core.webui.keyword.WebUiBuiltInKeywords$verifyElementText$7.call(Unknown Source)
	at TC_DETAILS_UI_006.run(TC_DETAILS_UI_006:24)
	at com.kms.katalon.core.main.ScriptEngine.run(ScriptEngine.java:194)
	at com.kms.katalon.core.main.ScriptEngine.runScriptAsRawText(ScriptEngine.java:119)
	at com.kms.katalon.core.main.TestCaseExecutor.runScript(TestCaseExecutor.java:339)
	at com.kms.katalon.core.main.TestCaseExecutor.doExecute(TestCaseExecutor.java:330)
	at com.kms.katalon.core.main.TestCaseExecutor.processExecutionPhase(TestCaseExecutor.java:309)
	at com.kms.katalon.core.main.TestCaseExecutor.accessMainPhase(TestCaseExecutor.java:301)
	at com.kms.katalon.core.main.TestCaseExecutor.execute(TestCaseExecutor.java:235)
	at com.kms.katalon.core.main.TestSuiteExecutor.accessTestCaseMainPhase(TestSuiteExecutor.java:191)
	at com.kms.katalon.core.main.TestSuiteExecutor.accessTestSuiteMainPhase(TestSuiteExecutor.java:141)
	at com.kms.katalon.core.main.TestSuiteExecutor.execute(TestSuiteExecutor.java:90)
	at com.kms.katalon.core.main.TestCaseMain.startTestSuite(TestCaseMain.java:157)
	at com.kms.katalon.core.main.TestCaseMain$startTestSuite$0.call(Unknown Source)
	at TempTestSuite1620355020148.run(TempTestSuite1620355020148.groovy:39)
Caused by: com.kms.katalon.core.exception.StepFailedException: Actual text 'ASK THE SELLER' and expected text 'CONTACT SELLER' of test object 'Object Repository/Item Details Objects/Page_diagnostics/a_Contact_seller_btn' are NOT matched.
	at com.kms.katalon.core.webui.keyword.internal.WebUIKeywordMain.stepFailed(WebUIKeywordMain.groovy:64)
	at com.kms.katalon.core.webui.keyword.builtin.VerifyElementTextKeyword$_verifyElementText_closure1.doCall(VerifyElementTextKeyword.groovy:57)
	at com.kms.katalon.core.webui.keyword.builtin.VerifyElementTextKeyword$_verifyElementText_closure1.call(VerifyElementTextKeyword.groovy)
	at com.kms.katalon.core.webui.keyword.internal.WebUIKeywordMain.runKeyword(WebUIKeywordMain.groovy:20)
	... 19 more]]></system-out>
      <system-err><![CDATA[2021-05-07 10:37:13 - [TEST_SUITE][FAILED] - Item detail test: Test Cases/Custom Item Details/TEST CASE/TC_DETAILS_UI_006 FAILED.
Reason:
com.kms.katalon.core.exception.StepFailedException: Verify element text of test object 'Object Repository/Item Details Objects/Page_diagnostics/a_Contact_seller_btn' FAILED.
	at com.kms.katalon.core.webui.keyword.internal.WebUIKeywordMain.stepFailed(WebUIKeywordMain.groovy:64)
	at com.kms.katalon.core.webui.keyword.internal.WebUIKeywordMain.runKeyword(WebUIKeywordMain.groovy:26)
	at com.kms.katalon.core.webui.keyword.builtin.VerifyElementTextKeyword.verifyElementText(VerifyElementTextKeyword.groovy:72)
	at com.kms.katalon.core.webui.keyword.builtin.VerifyElementTextKeyword.execute(VerifyElementTextKeyword.groovy:40)
	at com.kms.katalon.core.keyword.internal.KeywordExecutor.executeKeywordForPlatform(KeywordExecutor.groovy:73)
	at com.kms.katalon.core.webui.keyword.WebUiBuiltInKeywords.verifyElementText(WebUiBuiltInKeywords.groovy:4120)
	at com.kms.katalon.core.webui.keyword.WebUiBuiltInKeywords$verifyElementText$7.call(Unknown Source)
	at TC_DETAILS_UI_006.run(TC_DETAILS_UI_006:24)
	at com.kms.katalon.core.main.ScriptEngine.run(ScriptEngine.java:194)
	at com.kms.katalon.core.main.ScriptEngine.runScriptAsRawText(ScriptEngine.java:119)
	at com.kms.katalon.core.main.TestCaseExecutor.runScript(TestCaseExecutor.java:339)
	at com.kms.katalon.core.main.TestCaseExecutor.doExecute(TestCaseExecutor.java:330)
	at com.kms.katalon.core.main.TestCaseExecutor.processExecutionPhase(TestCaseExecutor.java:309)
	at com.kms.katalon.core.main.TestCaseExecutor.accessMainPhase(TestCaseExecutor.java:301)
	at com.kms.katalon.core.main.TestCaseExecutor.execute(TestCaseExecutor.java:235)
	at com.kms.katalon.core.main.TestSuiteExecutor.accessTestCaseMainPhase(TestSuiteExecutor.java:191)
	at com.kms.katalon.core.main.TestSuiteExecutor.accessTestSuiteMainPhase(TestSuiteExecutor.java:141)
	at com.kms.katalon.core.main.TestSuiteExecutor.execute(TestSuiteExecutor.java:90)
	at com.kms.katalon.core.main.TestCaseMain.startTestSuite(TestCaseMain.java:157)
	at com.kms.katalon.core.main.TestCaseMain$startTestSuite$0.call(Unknown Source)
	at TempTestSuite1620355020148.run(TempTestSuite1620355020148.groovy:39)
Caused by: com.kms.katalon.core.exception.StepFailedException: Actual text 'ASK THE SELLER' and expected text 'CONTACT SELLER' of test object 'Object Repository/Item Details Objects/Page_diagnostics/a_Contact_seller_btn' are NOT matched.
	at com.kms.katalon.core.webui.keyword.internal.WebUIKeywordMain.stepFailed(WebUIKeywordMain.groovy:64)
	at com.kms.katalon.core.webui.keyword.builtin.VerifyElementTextKeyword$_verifyElementText_closure1.doCall(VerifyElementTextKeyword.groovy:57)
	at com.kms.katalon.core.webui.keyword.builtin.VerifyElementTextKeyword$_verifyElementText_closure1.call(VerifyElementTextKeyword.groovy)
	at com.kms.katalon.core.webui.keyword.internal.WebUIKeywordMain.runKeyword(WebUIKeywordMain.groovy:20)
	... 19 more]]></system-err>
   </testsuite>
</testsuites>
