<?xml version="1.0" encoding="UTF-8"?>
<testsuites name="Item detail test" time="1225.462" tests="51" failures="2" errors="0">
   <testsuite name="Item detail test" tests="51" failures="2" errors="0" time="1225.462" timestamp="2022-04-07 10:57:10" hostname="Lexoter - DESKTOP-IJBB9BE" id="Test Suites/Item detail test">
      <properties>
         <property name="deviceName" value=""/>
         <property name="devicePlatform" value=""/>
         <property name="logFolder" value="K:\\Work\\GitHub\\find-item-detail-test_v2\\Reports\\20220407_105703\\Item detail test\\20220407_105703"/>
         <property name="logFiles" value="K:\\Work\\GitHub\\find-item-detail-test_v2\\Reports\\20220407_105703\\Item detail test\\20220407_105703\\execution0.log"/>
         <property name="attachments" value="K:\\Work\\GitHub\\find-item-detail-test_v2\\Reports\\20220407_105703\\Item detail test\\20220407_105703\\1649300584242.png, K:\\Work\\GitHub\\find-item-detail-test_v2\\Reports\\20220407_105703\\Item detail test\\20220407_105703\\1649301454063.png"/>
         <property name="hostName" value="Lexoter - DESKTOP-IJBB9BE"/>
         <property name="os" value="Windows 10 64bit"/>
         <property name="katalonVersion" value="7.7.0.205"/>
         <property name="browser" value="Chrome 99.0.4844.84"/>
         <property name="hostAddress" value="192.168.1.2"/>
         <property name="sessionId" value="2cf318305f54f88efd8a9e9f1aaa0546"/>
         <property name="seleniumVersion" value="3.141.59"/>
         <property name="proxyInformation" value="ProxyInformation { proxyOption=NO_PROXY, proxyServerType=HTTP, username=, password=********, proxyServerAddress=, proxyServerPort=0, executionList=&quot;&quot;, isApplyToDesiredCapabilities=true }"/>
         <property name="platform" value="Windows 10"/>
      </properties>
      <testcase name="Test Cases/Custom Item Details/TEST CASE/TC_DETAILS_UI_001" time="15.222" classname="Test Cases/Custom Item Details/TEST CASE/TC_DETAILS_UI_001" status="PASSED">
         <system-out><![CDATA[2022-04-07 10:57:10 - [TEST_CASE][PASSED] - Test Cases/Custom Item Details/TEST CASE/TC_DETAILS_UI_001: Test Cases/Custom Item Details/TEST CASE/TC_DETAILS_UI_001

2022-04-07 10:57:10 - [TEST_STEP][PASSED] - callTestCase(findTestCase("Custom Item Details/UTILITIES/OPEN_BROWSER"), [:], STOP_ON_FAILURE): Call Test Case 'Test Cases/Custom Item Details/UTILITIES/OPEN_BROWSER' successfully

2022-04-07 10:57:10 - [TEST_CASE][PASSED] - Test Cases/Custom Item Details/UTILITIES/OPEN_BROWSER: Test Cases/Custom Item Details/UTILITIES/OPEN_BROWSER

2022-04-07 10:57:10 - [TEST_STEP][PASSED] - openBrowser("https://diagnostics.staging.arcadier.io/"): Browser is opened with url: 'https://diagnostics.staging.arcadier.io/'

2022-04-07 10:57:11 - [MESSAGE][INFO] - Starting 'Chrome' driver

2022-04-07 10:57:11 - [MESSAGE][INFO] - Action delay is set to 0 milliseconds

2022-04-07 10:57:15 - [MESSAGE][PASSED] - Browser is opened with url: 'https://diagnostics.staging.arcadier.io/'

2022-04-07 10:57:15 - [TEST_STEP][PASSED] - maximizeWindow(): Current window maximized

2022-04-07 10:57:15 - [MESSAGE][PASSED] - Current window maximized

2022-04-07 10:57:15 - [TEST_STEP][PASSED] - click(findTestObject("Item Details Objects/Page_diagnostics/a_Accept Cookies")): Object: 'Object Repository/Item Details Objects/Page_diagnostics/a_Accept Cookies' is clicked on

2022-04-07 10:57:17 - [MESSAGE][PASSED] - Object: 'Object Repository/Item Details Objects/Page_diagnostics/a_Accept Cookies' is clicked on

2022-04-07 10:57:17 - [TEST_STEP][PASSED] - click(findTestObject("New_Homepage/Page_diagnostics/a_COVID-19 DIAGNOSTICS"), STOP_ON_FAILURE): Object: 'Object Repository/New_Homepage/Page_diagnostics/a_COVID-19 DIAGNOSTICS' is clicked on

2022-04-07 10:57:18 - [MESSAGE][PASSED] - Object: 'Object Repository/New_Homepage/Page_diagnostics/a_COVID-19 DIAGNOSTICS' is clicked on

2022-04-07 10:57:18 - [TEST_STEP][PASSED] - mouseOver(findTestObject("New_Homepage/Page_diagnostics/a_Abbott Rapid Diagnostics PANBIO COVID-19 Ag Rapid Test Device (Nasopharyngeal)")): Object: 'Object Repository/New_Homepage/Page_diagnostics/a_Abbott Rapid Diagnostics PANBIO COVID-19 Ag Rapid Test Device (Nasopharyngeal)' is hovered

2022-04-07 10:57:20 - [MESSAGE][PASSED] - Object: 'Object Repository/New_Homepage/Page_diagnostics/a_Abbott Rapid Diagnostics PANBIO COVID-19 Ag Rapid Test Device (Nasopharyngeal)' is hovered

2022-04-07 10:57:20 - [TEST_STEP][PASSED] - click(findTestObject("New_Homepage/Page_diagnostics/a_Abbott Rapid Diagnostics PANBIO COVID-19 Ag Rapid Test Device (Nasopharyngeal)")): Object: 'Object Repository/New_Homepage/Page_diagnostics/a_Abbott Rapid Diagnostics PANBIO COVID-19 Ag Rapid Test Device (Nasopharyngeal)' is clicked on

2022-04-07 10:57:23 - [MESSAGE][PASSED] - Object: 'Object Repository/New_Homepage/Page_diagnostics/a_Abbott Rapid Diagnostics PANBIO COVID-19 Ag Rapid Test Device (Nasopharyngeal)' is clicked on

2022-04-07 10:57:23 - [MESSAGE][PASSED] - Call Test Case 'Test Cases/Custom Item Details/UTILITIES/OPEN_BROWSER' successfully

2022-04-07 10:57:23 - [TEST_STEP][PASSED] - waitForElementVisible(findTestObject("Item Details Objects/Page_diagnostics/div.item-details"), 0): Object 'Object Repository/Item Details Objects/Page_diagnostics/div.item-details' is visible

2022-04-07 10:57:23 - [MESSAGE][WARNING] - Timeout '0' is invalid. Using default page load timeout: '30'

2022-04-07 10:57:24 - [MESSAGE][PASSED] - Object 'Object Repository/Item Details Objects/Page_diagnostics/div.item-details' is visible

2022-04-07 10:57:24 - [TEST_STEP][PASSED] - callTestCase(findTestCase("Custom Item Details/UTILITIES/CLOSE_BROWSER"), [:], STOP_ON_FAILURE): Call Test Case 'Test Cases/Custom Item Details/UTILITIES/CLOSE_BROWSER' successfully

2022-04-07 10:57:24 - [TEST_CASE][PASSED] - Test Cases/Custom Item Details/UTILITIES/CLOSE_BROWSER: Test Cases/Custom Item Details/UTILITIES/CLOSE_BROWSER

2022-04-07 10:57:24 - [TEST_STEP][PASSED] - closeBrowser(): Browser is closed

2022-04-07 10:57:25 - [MESSAGE][PASSED] - Browser is closed

2022-04-07 10:57:25 - [MESSAGE][PASSED] - Call Test Case 'Test Cases/Custom Item Details/UTILITIES/CLOSE_BROWSER' successfully]]></system-out>
         <system-err><![CDATA[]]></system-err>
      </testcase>
      <testcase name="Test Cases/Custom Item Details/TEST CASE/TC_DETAILS_UI_002" time="15.425" classname="Test Cases/Custom Item Details/TEST CASE/TC_DETAILS_UI_002" status="PASSED">
         <system-out><![CDATA[2022-04-07 10:57:25 - [TEST_CASE][PASSED] - Test Cases/Custom Item Details/TEST CASE/TC_DETAILS_UI_002: Test Cases/Custom Item Details/TEST CASE/TC_DETAILS_UI_002

2022-04-07 10:57:25 - [TEST_STEP][PASSED] - callTestCase(findTestCase("Custom Item Details/UTILITIES/OPEN_BROWSER"), [:], STOP_ON_FAILURE): Call Test Case 'Test Cases/Custom Item Details/UTILITIES/OPEN_BROWSER' successfully

2022-04-07 10:57:25 - [TEST_CASE][PASSED] - Test Cases/Custom Item Details/UTILITIES/OPEN_BROWSER: Test Cases/Custom Item Details/UTILITIES/OPEN_BROWSER

2022-04-07 10:57:25 - [TEST_STEP][PASSED] - openBrowser("https://diagnostics.staging.arcadier.io/"): Browser is opened with url: 'https://diagnostics.staging.arcadier.io/'

2022-04-07 10:57:25 - [MESSAGE][INFO] - Starting 'Chrome' driver

2022-04-07 10:57:25 - [MESSAGE][INFO] - Action delay is set to 0 milliseconds

2022-04-07 10:57:28 - [MESSAGE][PASSED] - Browser is opened with url: 'https://diagnostics.staging.arcadier.io/'

2022-04-07 10:57:28 - [TEST_STEP][PASSED] - maximizeWindow(): Current window maximized

2022-04-07 10:57:29 - [MESSAGE][PASSED] - Current window maximized

2022-04-07 10:57:29 - [TEST_STEP][PASSED] - click(findTestObject("Item Details Objects/Page_diagnostics/a_Accept Cookies")): Object: 'Object Repository/Item Details Objects/Page_diagnostics/a_Accept Cookies' is clicked on

2022-04-07 10:57:30 - [MESSAGE][PASSED] - Object: 'Object Repository/Item Details Objects/Page_diagnostics/a_Accept Cookies' is clicked on

2022-04-07 10:57:30 - [TEST_STEP][PASSED] - click(findTestObject("New_Homepage/Page_diagnostics/a_COVID-19 DIAGNOSTICS"), STOP_ON_FAILURE): Object: 'Object Repository/New_Homepage/Page_diagnostics/a_COVID-19 DIAGNOSTICS' is clicked on

2022-04-07 10:57:33 - [MESSAGE][PASSED] - Object: 'Object Repository/New_Homepage/Page_diagnostics/a_COVID-19 DIAGNOSTICS' is clicked on

2022-04-07 10:57:33 - [TEST_STEP][PASSED] - mouseOver(findTestObject("New_Homepage/Page_diagnostics/a_Abbott Rapid Diagnostics PANBIO COVID-19 Ag Rapid Test Device (Nasopharyngeal)")): Object: 'Object Repository/New_Homepage/Page_diagnostics/a_Abbott Rapid Diagnostics PANBIO COVID-19 Ag Rapid Test Device (Nasopharyngeal)' is hovered

2022-04-07 10:57:35 - [MESSAGE][PASSED] - Object: 'Object Repository/New_Homepage/Page_diagnostics/a_Abbott Rapid Diagnostics PANBIO COVID-19 Ag Rapid Test Device (Nasopharyngeal)' is hovered

2022-04-07 10:57:35 - [TEST_STEP][PASSED] - click(findTestObject("New_Homepage/Page_diagnostics/a_Abbott Rapid Diagnostics PANBIO COVID-19 Ag Rapid Test Device (Nasopharyngeal)")): Object: 'Object Repository/New_Homepage/Page_diagnostics/a_Abbott Rapid Diagnostics PANBIO COVID-19 Ag Rapid Test Device (Nasopharyngeal)' is clicked on

2022-04-07 10:57:38 - [MESSAGE][PASSED] - Object: 'Object Repository/New_Homepage/Page_diagnostics/a_Abbott Rapid Diagnostics PANBIO COVID-19 Ag Rapid Test Device (Nasopharyngeal)' is clicked on

2022-04-07 10:57:38 - [MESSAGE][PASSED] - Call Test Case 'Test Cases/Custom Item Details/UTILITIES/OPEN_BROWSER' successfully

2022-04-07 10:57:38 - [TEST_STEP][PASSED] - waitForElementVisible(findTestObject("Item Details Objects/Page_diagnostics/div.item-detail-right"), 0): Object 'Object Repository/Item Details Objects/Page_diagnostics/div.item-detail-right' is visible

2022-04-07 10:57:38 - [MESSAGE][WARNING] - Timeout '0' is invalid. Using default page load timeout: '30'

2022-04-07 10:57:40 - [MESSAGE][PASSED] - Object 'Object Repository/Item Details Objects/Page_diagnostics/div.item-detail-right' is visible

2022-04-07 10:57:40 - [TEST_STEP][PASSED] - callTestCase(findTestCase("Custom Item Details/UTILITIES/CLOSE_BROWSER"), [:], STOP_ON_FAILURE): Call Test Case 'Test Cases/Custom Item Details/UTILITIES/CLOSE_BROWSER' successfully

2022-04-07 10:57:40 - [TEST_CASE][PASSED] - Test Cases/Custom Item Details/UTILITIES/CLOSE_BROWSER: Test Cases/Custom Item Details/UTILITIES/CLOSE_BROWSER

2022-04-07 10:57:40 - [TEST_STEP][PASSED] - closeBrowser(): Browser is closed

2022-04-07 10:57:41 - [MESSAGE][PASSED] - Browser is closed

2022-04-07 10:57:41 - [MESSAGE][PASSED] - Call Test Case 'Test Cases/Custom Item Details/UTILITIES/CLOSE_BROWSER' successfully]]></system-out>
         <system-err><![CDATA[]]></system-err>
      </testcase>
      <testcase name="Test Cases/Custom Item Details/TEST CASE/TC_DETAILS_UI_003" time="14.29" classname="Test Cases/Custom Item Details/TEST CASE/TC_DETAILS_UI_003" status="PASSED">
         <system-out><![CDATA[2022-04-07 10:57:41 - [TEST_CASE][PASSED] - Test Cases/Custom Item Details/TEST CASE/TC_DETAILS_UI_003: Test Cases/Custom Item Details/TEST CASE/TC_DETAILS_UI_003

2022-04-07 10:57:41 - [TEST_STEP][PASSED] - callTestCase(findTestCase("Custom Item Details/UTILITIES/OPEN_BROWSER"), [:], STOP_ON_FAILURE): Call Test Case 'Test Cases/Custom Item Details/UTILITIES/OPEN_BROWSER' successfully

2022-04-07 10:57:41 - [TEST_CASE][PASSED] - Test Cases/Custom Item Details/UTILITIES/OPEN_BROWSER: Test Cases/Custom Item Details/UTILITIES/OPEN_BROWSER

2022-04-07 10:57:41 - [TEST_STEP][PASSED] - openBrowser("https://diagnostics.staging.arcadier.io/"): Browser is opened with url: 'https://diagnostics.staging.arcadier.io/'

2022-04-07 10:57:41 - [MESSAGE][INFO] - Starting 'Chrome' driver

2022-04-07 10:57:41 - [MESSAGE][INFO] - Action delay is set to 0 milliseconds

2022-04-07 10:57:44 - [MESSAGE][PASSED] - Browser is opened with url: 'https://diagnostics.staging.arcadier.io/'

2022-04-07 10:57:44 - [TEST_STEP][PASSED] - maximizeWindow(): Current window maximized

2022-04-07 10:57:44 - [MESSAGE][PASSED] - Current window maximized

2022-04-07 10:57:44 - [TEST_STEP][PASSED] - click(findTestObject("Item Details Objects/Page_diagnostics/a_Accept Cookies")): Object: 'Object Repository/Item Details Objects/Page_diagnostics/a_Accept Cookies' is clicked on

2022-04-07 10:57:46 - [MESSAGE][PASSED] - Object: 'Object Repository/Item Details Objects/Page_diagnostics/a_Accept Cookies' is clicked on

2022-04-07 10:57:46 - [TEST_STEP][PASSED] - click(findTestObject("New_Homepage/Page_diagnostics/a_COVID-19 DIAGNOSTICS"), STOP_ON_FAILURE): Object: 'Object Repository/New_Homepage/Page_diagnostics/a_COVID-19 DIAGNOSTICS' is clicked on

2022-04-07 10:57:48 - [MESSAGE][PASSED] - Object: 'Object Repository/New_Homepage/Page_diagnostics/a_COVID-19 DIAGNOSTICS' is clicked on

2022-04-07 10:57:48 - [TEST_STEP][PASSED] - mouseOver(findTestObject("New_Homepage/Page_diagnostics/a_Abbott Rapid Diagnostics PANBIO COVID-19 Ag Rapid Test Device (Nasopharyngeal)")): Object: 'Object Repository/New_Homepage/Page_diagnostics/a_Abbott Rapid Diagnostics PANBIO COVID-19 Ag Rapid Test Device (Nasopharyngeal)' is hovered

2022-04-07 10:57:50 - [MESSAGE][PASSED] - Object: 'Object Repository/New_Homepage/Page_diagnostics/a_Abbott Rapid Diagnostics PANBIO COVID-19 Ag Rapid Test Device (Nasopharyngeal)' is hovered

2022-04-07 10:57:50 - [TEST_STEP][PASSED] - click(findTestObject("New_Homepage/Page_diagnostics/a_Abbott Rapid Diagnostics PANBIO COVID-19 Ag Rapid Test Device (Nasopharyngeal)")): Object: 'Object Repository/New_Homepage/Page_diagnostics/a_Abbott Rapid Diagnostics PANBIO COVID-19 Ag Rapid Test Device (Nasopharyngeal)' is clicked on

2022-04-07 10:57:53 - [MESSAGE][PASSED] - Object: 'Object Repository/New_Homepage/Page_diagnostics/a_Abbott Rapid Diagnostics PANBIO COVID-19 Ag Rapid Test Device (Nasopharyngeal)' is clicked on

2022-04-07 10:57:53 - [MESSAGE][PASSED] - Call Test Case 'Test Cases/Custom Item Details/UTILITIES/OPEN_BROWSER' successfully

2022-04-07 10:57:53 - [TEST_STEP][PASSED] - waitForElementVisible(findTestObject("Item Details Objects/Page_diagnostics/img.Item"), 0): Object 'Object Repository/Item Details Objects/Page_diagnostics/img.Item' is visible

2022-04-07 10:57:53 - [MESSAGE][WARNING] - Timeout '0' is invalid. Using default page load timeout: '30'

2022-04-07 10:57:54 - [MESSAGE][PASSED] - Object 'Object Repository/Item Details Objects/Page_diagnostics/img.Item' is visible

2022-04-07 10:57:54 - [TEST_STEP][PASSED] - callTestCase(findTestCase("Custom Item Details/UTILITIES/CLOSE_BROWSER"), [:], STOP_ON_FAILURE): Call Test Case 'Test Cases/Custom Item Details/UTILITIES/CLOSE_BROWSER' successfully

2022-04-07 10:57:54 - [TEST_CASE][PASSED] - Test Cases/Custom Item Details/UTILITIES/CLOSE_BROWSER: Test Cases/Custom Item Details/UTILITIES/CLOSE_BROWSER

2022-04-07 10:57:54 - [TEST_STEP][PASSED] - closeBrowser(): Browser is closed

2022-04-07 10:57:55 - [MESSAGE][PASSED] - Browser is closed

2022-04-07 10:57:55 - [MESSAGE][PASSED] - Call Test Case 'Test Cases/Custom Item Details/UTILITIES/CLOSE_BROWSER' successfully]]></system-out>
         <system-err><![CDATA[]]></system-err>
      </testcase>
      <testcase name="Test Cases/Custom Item Details/TEST CASE/TC_DETAILS_UI_004" time="13.378" classname="Test Cases/Custom Item Details/TEST CASE/TC_DETAILS_UI_004" status="PASSED">
         <system-out><![CDATA[2022-04-07 10:57:55 - [TEST_CASE][PASSED] - Test Cases/Custom Item Details/TEST CASE/TC_DETAILS_UI_004: Test Cases/Custom Item Details/TEST CASE/TC_DETAILS_UI_004

2022-04-07 10:57:55 - [TEST_STEP][PASSED] - callTestCase(findTestCase("Custom Item Details/UTILITIES/OPEN_BROWSER"), [:], STOP_ON_FAILURE): Call Test Case 'Test Cases/Custom Item Details/UTILITIES/OPEN_BROWSER' successfully

2022-04-07 10:57:55 - [TEST_CASE][PASSED] - Test Cases/Custom Item Details/UTILITIES/OPEN_BROWSER: Test Cases/Custom Item Details/UTILITIES/OPEN_BROWSER

2022-04-07 10:57:55 - [TEST_STEP][PASSED] - openBrowser("https://diagnostics.staging.arcadier.io/"): Browser is opened with url: 'https://diagnostics.staging.arcadier.io/'

2022-04-07 10:57:55 - [MESSAGE][INFO] - Starting 'Chrome' driver

2022-04-07 10:57:55 - [MESSAGE][INFO] - Action delay is set to 0 milliseconds

2022-04-07 10:57:58 - [MESSAGE][PASSED] - Browser is opened with url: 'https://diagnostics.staging.arcadier.io/'

2022-04-07 10:57:58 - [TEST_STEP][PASSED] - maximizeWindow(): Current window maximized

2022-04-07 10:57:58 - [MESSAGE][PASSED] - Current window maximized

2022-04-07 10:57:58 - [TEST_STEP][PASSED] - click(findTestObject("Item Details Objects/Page_diagnostics/a_Accept Cookies")): Object: 'Object Repository/Item Details Objects/Page_diagnostics/a_Accept Cookies' is clicked on

2022-04-07 10:58:00 - [MESSAGE][PASSED] - Object: 'Object Repository/Item Details Objects/Page_diagnostics/a_Accept Cookies' is clicked on

2022-04-07 10:58:00 - [TEST_STEP][PASSED] - click(findTestObject("New_Homepage/Page_diagnostics/a_COVID-19 DIAGNOSTICS"), STOP_ON_FAILURE): Object: 'Object Repository/New_Homepage/Page_diagnostics/a_COVID-19 DIAGNOSTICS' is clicked on

2022-04-07 10:58:01 - [MESSAGE][PASSED] - Object: 'Object Repository/New_Homepage/Page_diagnostics/a_COVID-19 DIAGNOSTICS' is clicked on

2022-04-07 10:58:01 - [TEST_STEP][PASSED] - mouseOver(findTestObject("New_Homepage/Page_diagnostics/a_Abbott Rapid Diagnostics PANBIO COVID-19 Ag Rapid Test Device (Nasopharyngeal)")): Object: 'Object Repository/New_Homepage/Page_diagnostics/a_Abbott Rapid Diagnostics PANBIO COVID-19 Ag Rapid Test Device (Nasopharyngeal)' is hovered

2022-04-07 10:58:03 - [MESSAGE][PASSED] - Object: 'Object Repository/New_Homepage/Page_diagnostics/a_Abbott Rapid Diagnostics PANBIO COVID-19 Ag Rapid Test Device (Nasopharyngeal)' is hovered

2022-04-07 10:58:03 - [TEST_STEP][PASSED] - click(findTestObject("New_Homepage/Page_diagnostics/a_Abbott Rapid Diagnostics PANBIO COVID-19 Ag Rapid Test Device (Nasopharyngeal)")): Object: 'Object Repository/New_Homepage/Page_diagnostics/a_Abbott Rapid Diagnostics PANBIO COVID-19 Ag Rapid Test Device (Nasopharyngeal)' is clicked on

2022-04-07 10:58:06 - [MESSAGE][PASSED] - Object: 'Object Repository/New_Homepage/Page_diagnostics/a_Abbott Rapid Diagnostics PANBIO COVID-19 Ag Rapid Test Device (Nasopharyngeal)' is clicked on

2022-04-07 10:58:06 - [MESSAGE][PASSED] - Call Test Case 'Test Cases/Custom Item Details/UTILITIES/OPEN_BROWSER' successfully

2022-04-07 10:58:06 - [TEST_STEP][PASSED] - waitForElementVisible(findTestObject("Item Details Objects/Page_diagnostics/div.merchant-name2"), 0): Object 'Object Repository/Item Details Objects/Page_diagnostics/div.merchant-name2' is visible

2022-04-07 10:58:06 - [MESSAGE][WARNING] - Timeout '0' is invalid. Using default page load timeout: '30'

2022-04-07 10:58:07 - [MESSAGE][PASSED] - Object 'Object Repository/Item Details Objects/Page_diagnostics/div.merchant-name2' is visible

2022-04-07 10:58:07 - [TEST_STEP][PASSED] - callTestCase(findTestCase("Custom Item Details/UTILITIES/CLOSE_BROWSER"), [:], STOP_ON_FAILURE): Call Test Case 'Test Cases/Custom Item Details/UTILITIES/CLOSE_BROWSER' successfully

2022-04-07 10:58:08 - [TEST_CASE][PASSED] - Test Cases/Custom Item Details/UTILITIES/CLOSE_BROWSER: Test Cases/Custom Item Details/UTILITIES/CLOSE_BROWSER

2022-04-07 10:58:08 - [TEST_STEP][PASSED] - closeBrowser(): Browser is closed

2022-04-07 10:58:08 - [MESSAGE][PASSED] - Browser is closed

2022-04-07 10:58:08 - [MESSAGE][PASSED] - Call Test Case 'Test Cases/Custom Item Details/UTILITIES/CLOSE_BROWSER' successfully]]></system-out>
         <system-err><![CDATA[]]></system-err>
      </testcase>
      <testcase name="Test Cases/Custom Item Details/TEST CASE/TC_DETAILS_UI_005" time="16.365" classname="Test Cases/Custom Item Details/TEST CASE/TC_DETAILS_UI_005" status="PASSED">
         <system-out><![CDATA[2022-04-07 10:58:08 - [TEST_CASE][PASSED] - Test Cases/Custom Item Details/TEST CASE/TC_DETAILS_UI_005: Test Cases/Custom Item Details/TEST CASE/TC_DETAILS_UI_005

2022-04-07 10:58:08 - [TEST_STEP][PASSED] - callTestCase(findTestCase("Custom Item Details/UTILITIES/OPEN_BROWSER"), [:], STOP_ON_FAILURE): Call Test Case 'Test Cases/Custom Item Details/UTILITIES/OPEN_BROWSER' successfully

2022-04-07 10:58:08 - [TEST_CASE][PASSED] - Test Cases/Custom Item Details/UTILITIES/OPEN_BROWSER: Test Cases/Custom Item Details/UTILITIES/OPEN_BROWSER

2022-04-07 10:58:08 - [TEST_STEP][PASSED] - openBrowser("https://diagnostics.staging.arcadier.io/"): Browser is opened with url: 'https://diagnostics.staging.arcadier.io/'

2022-04-07 10:58:08 - [MESSAGE][INFO] - Starting 'Chrome' driver

2022-04-07 10:58:08 - [MESSAGE][INFO] - Action delay is set to 0 milliseconds

2022-04-07 10:58:12 - [MESSAGE][PASSED] - Browser is opened with url: 'https://diagnostics.staging.arcadier.io/'

2022-04-07 10:58:12 - [TEST_STEP][PASSED] - maximizeWindow(): Current window maximized

2022-04-07 10:58:12 - [MESSAGE][PASSED] - Current window maximized

2022-04-07 10:58:12 - [TEST_STEP][PASSED] - click(findTestObject("Item Details Objects/Page_diagnostics/a_Accept Cookies")): Object: 'Object Repository/Item Details Objects/Page_diagnostics/a_Accept Cookies' is clicked on

2022-04-07 10:58:13 - [MESSAGE][PASSED] - Object: 'Object Repository/Item Details Objects/Page_diagnostics/a_Accept Cookies' is clicked on

2022-04-07 10:58:13 - [TEST_STEP][PASSED] - click(findTestObject("New_Homepage/Page_diagnostics/a_COVID-19 DIAGNOSTICS"), STOP_ON_FAILURE): Object: 'Object Repository/New_Homepage/Page_diagnostics/a_COVID-19 DIAGNOSTICS' is clicked on

2022-04-07 10:58:16 - [MESSAGE][PASSED] - Object: 'Object Repository/New_Homepage/Page_diagnostics/a_COVID-19 DIAGNOSTICS' is clicked on

2022-04-07 10:58:16 - [TEST_STEP][PASSED] - mouseOver(findTestObject("New_Homepage/Page_diagnostics/a_Abbott Rapid Diagnostics PANBIO COVID-19 Ag Rapid Test Device (Nasopharyngeal)")): Object: 'Object Repository/New_Homepage/Page_diagnostics/a_Abbott Rapid Diagnostics PANBIO COVID-19 Ag Rapid Test Device (Nasopharyngeal)' is hovered

2022-04-07 10:58:18 - [MESSAGE][PASSED] - Object: 'Object Repository/New_Homepage/Page_diagnostics/a_Abbott Rapid Diagnostics PANBIO COVID-19 Ag Rapid Test Device (Nasopharyngeal)' is hovered

2022-04-07 10:58:18 - [TEST_STEP][PASSED] - click(findTestObject("New_Homepage/Page_diagnostics/a_Abbott Rapid Diagnostics PANBIO COVID-19 Ag Rapid Test Device (Nasopharyngeal)")): Object: 'Object Repository/New_Homepage/Page_diagnostics/a_Abbott Rapid Diagnostics PANBIO COVID-19 Ag Rapid Test Device (Nasopharyngeal)' is clicked on

2022-04-07 10:58:22 - [MESSAGE][PASSED] - Object: 'Object Repository/New_Homepage/Page_diagnostics/a_Abbott Rapid Diagnostics PANBIO COVID-19 Ag Rapid Test Device (Nasopharyngeal)' is clicked on

2022-04-07 10:58:22 - [MESSAGE][PASSED] - Call Test Case 'Test Cases/Custom Item Details/UTILITIES/OPEN_BROWSER' successfully

2022-04-07 10:58:22 - [TEST_STEP][PASSED] - waitForElementVisible(findTestObject("Item Details Objects/Page_diagnostics/Merchant_name"), 0): Object 'Object Repository/Item Details Objects/Page_diagnostics/Merchant_name' is visible

2022-04-07 10:58:22 - [MESSAGE][WARNING] - Timeout '0' is invalid. Using default page load timeout: '30'

2022-04-07 10:58:24 - [MESSAGE][PASSED] - Object 'Object Repository/Item Details Objects/Page_diagnostics/Merchant_name' is visible

2022-04-07 10:58:24 - [TEST_STEP][PASSED] - verifyElementClickable(findTestObject("Item Details Objects/Page_diagnostics/Merchant_name")): Object 'Object Repository/Item Details Objects/Page_diagnostics/Merchant_name' is clickable

2022-04-07 10:58:24 - [MESSAGE][PASSED] - Object 'Object Repository/Item Details Objects/Page_diagnostics/Merchant_name' is clickable

2022-04-07 10:58:24 - [TEST_STEP][PASSED] - callTestCase(findTestCase("Custom Item Details/UTILITIES/CLOSE_BROWSER"), [:], STOP_ON_FAILURE): Call Test Case 'Test Cases/Custom Item Details/UTILITIES/CLOSE_BROWSER' successfully

2022-04-07 10:58:24 - [TEST_CASE][PASSED] - Test Cases/Custom Item Details/UTILITIES/CLOSE_BROWSER: Test Cases/Custom Item Details/UTILITIES/CLOSE_BROWSER

2022-04-07 10:58:24 - [TEST_STEP][PASSED] - closeBrowser(): Browser is closed

2022-04-07 10:58:25 - [MESSAGE][PASSED] - Browser is closed

2022-04-07 10:58:25 - [MESSAGE][PASSED] - Call Test Case 'Test Cases/Custom Item Details/UTILITIES/CLOSE_BROWSER' successfully]]></system-out>
         <system-err><![CDATA[]]></system-err>
      </testcase>
      <testcase name="Test Cases/Custom Item Details/TEST CASE/TC_DETAILS_UI_006" time="15.198" classname="Test Cases/Custom Item Details/TEST CASE/TC_DETAILS_UI_006" status="PASSED">
         <system-out><![CDATA[2022-04-07 10:58:25 - [TEST_CASE][PASSED] - Test Cases/Custom Item Details/TEST CASE/TC_DETAILS_UI_006: Test Cases/Custom Item Details/TEST CASE/TC_DETAILS_UI_006

2022-04-07 10:58:25 - [TEST_STEP][PASSED] - callTestCase(findTestCase("Custom Item Details/UTILITIES/OPEN_BROWSER"), [:], STOP_ON_FAILURE): Call Test Case 'Test Cases/Custom Item Details/UTILITIES/OPEN_BROWSER' successfully

2022-04-07 10:58:25 - [TEST_CASE][PASSED] - Test Cases/Custom Item Details/UTILITIES/OPEN_BROWSER: Test Cases/Custom Item Details/UTILITIES/OPEN_BROWSER

2022-04-07 10:58:25 - [TEST_STEP][PASSED] - openBrowser("https://diagnostics.staging.arcadier.io/"): Browser is opened with url: 'https://diagnostics.staging.arcadier.io/'

2022-04-07 10:58:25 - [MESSAGE][INFO] - Starting 'Chrome' driver

2022-04-07 10:58:25 - [MESSAGE][INFO] - Action delay is set to 0 milliseconds

2022-04-07 10:58:28 - [MESSAGE][PASSED] - Browser is opened with url: 'https://diagnostics.staging.arcadier.io/'

2022-04-07 10:58:28 - [TEST_STEP][PASSED] - maximizeWindow(): Current window maximized

2022-04-07 10:58:28 - [MESSAGE][PASSED] - Current window maximized

2022-04-07 10:58:28 - [TEST_STEP][PASSED] - click(findTestObject("Item Details Objects/Page_diagnostics/a_Accept Cookies")): Object: 'Object Repository/Item Details Objects/Page_diagnostics/a_Accept Cookies' is clicked on

2022-04-07 10:58:30 - [MESSAGE][PASSED] - Object: 'Object Repository/Item Details Objects/Page_diagnostics/a_Accept Cookies' is clicked on

2022-04-07 10:58:30 - [TEST_STEP][PASSED] - click(findTestObject("New_Homepage/Page_diagnostics/a_COVID-19 DIAGNOSTICS"), STOP_ON_FAILURE): Object: 'Object Repository/New_Homepage/Page_diagnostics/a_COVID-19 DIAGNOSTICS' is clicked on

2022-04-07 10:58:32 - [MESSAGE][PASSED] - Object: 'Object Repository/New_Homepage/Page_diagnostics/a_COVID-19 DIAGNOSTICS' is clicked on

2022-04-07 10:58:32 - [TEST_STEP][PASSED] - mouseOver(findTestObject("New_Homepage/Page_diagnostics/a_Abbott Rapid Diagnostics PANBIO COVID-19 Ag Rapid Test Device (Nasopharyngeal)")): Object: 'Object Repository/New_Homepage/Page_diagnostics/a_Abbott Rapid Diagnostics PANBIO COVID-19 Ag Rapid Test Device (Nasopharyngeal)' is hovered

2022-04-07 10:58:34 - [MESSAGE][PASSED] - Object: 'Object Repository/New_Homepage/Page_diagnostics/a_Abbott Rapid Diagnostics PANBIO COVID-19 Ag Rapid Test Device (Nasopharyngeal)' is hovered

2022-04-07 10:58:34 - [TEST_STEP][PASSED] - click(findTestObject("New_Homepage/Page_diagnostics/a_Abbott Rapid Diagnostics PANBIO COVID-19 Ag Rapid Test Device (Nasopharyngeal)")): Object: 'Object Repository/New_Homepage/Page_diagnostics/a_Abbott Rapid Diagnostics PANBIO COVID-19 Ag Rapid Test Device (Nasopharyngeal)' is clicked on

2022-04-07 10:58:37 - [MESSAGE][PASSED] - Object: 'Object Repository/New_Homepage/Page_diagnostics/a_Abbott Rapid Diagnostics PANBIO COVID-19 Ag Rapid Test Device (Nasopharyngeal)' is clicked on

2022-04-07 10:58:37 - [MESSAGE][PASSED] - Call Test Case 'Test Cases/Custom Item Details/UTILITIES/OPEN_BROWSER' successfully

2022-04-07 10:58:37 - [TEST_STEP][PASSED] - waitForElementVisible(findTestObject("Item Details Objects/Page_diagnostics/a_Contact_seller_btn"), 0): Object 'Object Repository/Item Details Objects/Page_diagnostics/a_Contact_seller_btn' is visible

2022-04-07 10:58:37 - [MESSAGE][WARNING] - Timeout '0' is invalid. Using default page load timeout: '30'

2022-04-07 10:58:38 - [MESSAGE][PASSED] - Object 'Object Repository/Item Details Objects/Page_diagnostics/a_Contact_seller_btn' is visible

2022-04-07 10:58:38 - [TEST_STEP][PASSED] - verifyElementClickable(findTestObject("Item Details Objects/Page_diagnostics/a_Contact_seller_btn")): Object 'Object Repository/Item Details Objects/Page_diagnostics/a_Contact_seller_btn' is clickable

2022-04-07 10:58:39 - [MESSAGE][PASSED] - Object 'Object Repository/Item Details Objects/Page_diagnostics/a_Contact_seller_btn' is clickable

2022-04-07 10:58:39 - [TEST_STEP][PASSED] - verifyElementText(findTestObject("Item Details Objects/Page_diagnostics/a_Contact_seller_btn"), "ASK THE SELLER"): Actual text and expected text of test object 'Object Repository/Item Details Objects/Page_diagnostics/a_Contact_seller_btn' are matched.

2022-04-07 10:58:39 - [MESSAGE][PASSED] - Actual text and expected text of test object 'Object Repository/Item Details Objects/Page_diagnostics/a_Contact_seller_btn' are matched.

2022-04-07 10:58:39 - [TEST_STEP][PASSED] - callTestCase(findTestCase("Custom Item Details/UTILITIES/CLOSE_BROWSER"), [:], STOP_ON_FAILURE): Call Test Case 'Test Cases/Custom Item Details/UTILITIES/CLOSE_BROWSER' successfully

2022-04-07 10:58:39 - [TEST_CASE][PASSED] - Test Cases/Custom Item Details/UTILITIES/CLOSE_BROWSER: Test Cases/Custom Item Details/UTILITIES/CLOSE_BROWSER

2022-04-07 10:58:39 - [TEST_STEP][PASSED] - closeBrowser(): Browser is closed

2022-04-07 10:58:40 - [MESSAGE][PASSED] - Browser is closed

2022-04-07 10:58:40 - [MESSAGE][PASSED] - Call Test Case 'Test Cases/Custom Item Details/UTILITIES/CLOSE_BROWSER' successfully]]></system-out>
         <system-err><![CDATA[]]></system-err>
      </testcase>
      <testcase name="Test Cases/Custom Item Details/TEST CASE/TC_DETAILS_UI_007" time="14.08" classname="Test Cases/Custom Item Details/TEST CASE/TC_DETAILS_UI_007" status="PASSED">
         <system-out><![CDATA[2022-04-07 10:58:40 - [TEST_CASE][PASSED] - Test Cases/Custom Item Details/TEST CASE/TC_DETAILS_UI_007: Test Cases/Custom Item Details/TEST CASE/TC_DETAILS_UI_007

2022-04-07 10:58:40 - [TEST_STEP][PASSED] - callTestCase(findTestCase("Custom Item Details/UTILITIES/OPEN_BROWSER"), [:], STOP_ON_FAILURE): Call Test Case 'Test Cases/Custom Item Details/UTILITIES/OPEN_BROWSER' successfully

2022-04-07 10:58:40 - [TEST_CASE][PASSED] - Test Cases/Custom Item Details/UTILITIES/OPEN_BROWSER: Test Cases/Custom Item Details/UTILITIES/OPEN_BROWSER

2022-04-07 10:58:40 - [TEST_STEP][PASSED] - openBrowser("https://diagnostics.staging.arcadier.io/"): Browser is opened with url: 'https://diagnostics.staging.arcadier.io/'

2022-04-07 10:58:40 - [MESSAGE][INFO] - Starting 'Chrome' driver

2022-04-07 10:58:40 - [MESSAGE][INFO] - Action delay is set to 0 milliseconds

2022-04-07 10:58:43 - [MESSAGE][PASSED] - Browser is opened with url: 'https://diagnostics.staging.arcadier.io/'

2022-04-07 10:58:43 - [TEST_STEP][PASSED] - maximizeWindow(): Current window maximized

2022-04-07 10:58:43 - [MESSAGE][PASSED] - Current window maximized

2022-04-07 10:58:43 - [TEST_STEP][PASSED] - click(findTestObject("Item Details Objects/Page_diagnostics/a_Accept Cookies")): Object: 'Object Repository/Item Details Objects/Page_diagnostics/a_Accept Cookies' is clicked on

2022-04-07 10:58:45 - [MESSAGE][PASSED] - Object: 'Object Repository/Item Details Objects/Page_diagnostics/a_Accept Cookies' is clicked on

2022-04-07 10:58:45 - [TEST_STEP][PASSED] - click(findTestObject("New_Homepage/Page_diagnostics/a_COVID-19 DIAGNOSTICS"), STOP_ON_FAILURE): Object: 'Object Repository/New_Homepage/Page_diagnostics/a_COVID-19 DIAGNOSTICS' is clicked on

2022-04-07 10:58:47 - [MESSAGE][PASSED] - Object: 'Object Repository/New_Homepage/Page_diagnostics/a_COVID-19 DIAGNOSTICS' is clicked on

2022-04-07 10:58:47 - [TEST_STEP][PASSED] - mouseOver(findTestObject("New_Homepage/Page_diagnostics/a_Abbott Rapid Diagnostics PANBIO COVID-19 Ag Rapid Test Device (Nasopharyngeal)")): Object: 'Object Repository/New_Homepage/Page_diagnostics/a_Abbott Rapid Diagnostics PANBIO COVID-19 Ag Rapid Test Device (Nasopharyngeal)' is hovered

2022-04-07 10:58:49 - [MESSAGE][PASSED] - Object: 'Object Repository/New_Homepage/Page_diagnostics/a_Abbott Rapid Diagnostics PANBIO COVID-19 Ag Rapid Test Device (Nasopharyngeal)' is hovered

2022-04-07 10:58:49 - [TEST_STEP][PASSED] - click(findTestObject("New_Homepage/Page_diagnostics/a_Abbott Rapid Diagnostics PANBIO COVID-19 Ag Rapid Test Device (Nasopharyngeal)")): Object: 'Object Repository/New_Homepage/Page_diagnostics/a_Abbott Rapid Diagnostics PANBIO COVID-19 Ag Rapid Test Device (Nasopharyngeal)' is clicked on

2022-04-07 10:58:52 - [MESSAGE][PASSED] - Object: 'Object Repository/New_Homepage/Page_diagnostics/a_Abbott Rapid Diagnostics PANBIO COVID-19 Ag Rapid Test Device (Nasopharyngeal)' is clicked on

2022-04-07 10:58:52 - [MESSAGE][PASSED] - Call Test Case 'Test Cases/Custom Item Details/UTILITIES/OPEN_BROWSER' successfully

2022-04-07 10:58:52 - [TEST_STEP][PASSED] - waitForElementVisible(findTestObject("Item Details Objects/Page_diagnostics/div.item-detail-left"), 0): Object 'Object Repository/Item Details Objects/Page_diagnostics/div.item-detail-left' is visible

2022-04-07 10:58:52 - [MESSAGE][WARNING] - Timeout '0' is invalid. Using default page load timeout: '30'

2022-04-07 10:58:53 - [MESSAGE][PASSED] - Object 'Object Repository/Item Details Objects/Page_diagnostics/div.item-detail-left' is visible

2022-04-07 10:58:53 - [TEST_STEP][PASSED] - callTestCase(findTestCase("Custom Item Details/UTILITIES/CLOSE_BROWSER"), [:], STOP_ON_FAILURE): Call Test Case 'Test Cases/Custom Item Details/UTILITIES/CLOSE_BROWSER' successfully

2022-04-07 10:58:53 - [TEST_CASE][PASSED] - Test Cases/Custom Item Details/UTILITIES/CLOSE_BROWSER: Test Cases/Custom Item Details/UTILITIES/CLOSE_BROWSER

2022-04-07 10:58:53 - [TEST_STEP][PASSED] - closeBrowser(): Browser is closed

2022-04-07 10:58:54 - [MESSAGE][PASSED] - Browser is closed

2022-04-07 10:58:54 - [MESSAGE][PASSED] - Call Test Case 'Test Cases/Custom Item Details/UTILITIES/CLOSE_BROWSER' successfully]]></system-out>
         <system-err><![CDATA[]]></system-err>
      </testcase>
      <testcase name="Test Cases/Custom Item Details/TEST CASE/TC_DETAILS_UI_008" time="14.339" classname="Test Cases/Custom Item Details/TEST CASE/TC_DETAILS_UI_008" status="PASSED">
         <system-out><![CDATA[2022-04-07 10:58:54 - [TEST_CASE][PASSED] - Test Cases/Custom Item Details/TEST CASE/TC_DETAILS_UI_008: Test Cases/Custom Item Details/TEST CASE/TC_DETAILS_UI_008

2022-04-07 10:58:54 - [TEST_STEP][PASSED] - callTestCase(findTestCase("Custom Item Details/UTILITIES/OPEN_BROWSER"), [:], STOP_ON_FAILURE): Call Test Case 'Test Cases/Custom Item Details/UTILITIES/OPEN_BROWSER' successfully

2022-04-07 10:58:54 - [TEST_CASE][PASSED] - Test Cases/Custom Item Details/UTILITIES/OPEN_BROWSER: Test Cases/Custom Item Details/UTILITIES/OPEN_BROWSER

2022-04-07 10:58:54 - [TEST_STEP][PASSED] - openBrowser("https://diagnostics.staging.arcadier.io/"): Browser is opened with url: 'https://diagnostics.staging.arcadier.io/'

2022-04-07 10:58:54 - [MESSAGE][INFO] - Starting 'Chrome' driver

2022-04-07 10:58:54 - [MESSAGE][INFO] - Action delay is set to 0 milliseconds

2022-04-07 10:58:57 - [MESSAGE][PASSED] - Browser is opened with url: 'https://diagnostics.staging.arcadier.io/'

2022-04-07 10:58:57 - [TEST_STEP][PASSED] - maximizeWindow(): Current window maximized

2022-04-07 10:58:57 - [MESSAGE][PASSED] - Current window maximized

2022-04-07 10:58:57 - [TEST_STEP][PASSED] - click(findTestObject("Item Details Objects/Page_diagnostics/a_Accept Cookies")): Object: 'Object Repository/Item Details Objects/Page_diagnostics/a_Accept Cookies' is clicked on

2022-04-07 10:58:59 - [MESSAGE][PASSED] - Object: 'Object Repository/Item Details Objects/Page_diagnostics/a_Accept Cookies' is clicked on

2022-04-07 10:58:59 - [TEST_STEP][PASSED] - click(findTestObject("New_Homepage/Page_diagnostics/a_COVID-19 DIAGNOSTICS"), STOP_ON_FAILURE): Object: 'Object Repository/New_Homepage/Page_diagnostics/a_COVID-19 DIAGNOSTICS' is clicked on

2022-04-07 10:59:01 - [MESSAGE][PASSED] - Object: 'Object Repository/New_Homepage/Page_diagnostics/a_COVID-19 DIAGNOSTICS' is clicked on

2022-04-07 10:59:01 - [TEST_STEP][PASSED] - mouseOver(findTestObject("New_Homepage/Page_diagnostics/a_Abbott Rapid Diagnostics PANBIO COVID-19 Ag Rapid Test Device (Nasopharyngeal)")): Object: 'Object Repository/New_Homepage/Page_diagnostics/a_Abbott Rapid Diagnostics PANBIO COVID-19 Ag Rapid Test Device (Nasopharyngeal)' is hovered

2022-04-07 10:59:03 - [MESSAGE][PASSED] - Object: 'Object Repository/New_Homepage/Page_diagnostics/a_Abbott Rapid Diagnostics PANBIO COVID-19 Ag Rapid Test Device (Nasopharyngeal)' is hovered

2022-04-07 10:59:03 - [TEST_STEP][PASSED] - click(findTestObject("New_Homepage/Page_diagnostics/a_Abbott Rapid Diagnostics PANBIO COVID-19 Ag Rapid Test Device (Nasopharyngeal)")): Object: 'Object Repository/New_Homepage/Page_diagnostics/a_Abbott Rapid Diagnostics PANBIO COVID-19 Ag Rapid Test Device (Nasopharyngeal)' is clicked on

2022-04-07 10:59:06 - [MESSAGE][PASSED] - Object: 'Object Repository/New_Homepage/Page_diagnostics/a_Abbott Rapid Diagnostics PANBIO COVID-19 Ag Rapid Test Device (Nasopharyngeal)' is clicked on

2022-04-07 10:59:06 - [MESSAGE][PASSED] - Call Test Case 'Test Cases/Custom Item Details/UTILITIES/OPEN_BROWSER' successfully

2022-04-07 10:59:06 - [TEST_STEP][PASSED] - waitForElementVisible(findTestObject("Item Details Objects/Page_diagnostics/div_itemDetailName"), 0): Object 'Object Repository/Item Details Objects/Page_diagnostics/div_itemDetailName' is visible

2022-04-07 10:59:06 - [MESSAGE][WARNING] - Timeout '0' is invalid. Using default page load timeout: '30'

2022-04-07 10:59:07 - [MESSAGE][PASSED] - Object 'Object Repository/Item Details Objects/Page_diagnostics/div_itemDetailName' is visible

2022-04-07 10:59:07 - [TEST_STEP][PASSED] - callTestCase(findTestCase("Custom Item Details/UTILITIES/CLOSE_BROWSER"), [:], STOP_ON_FAILURE): Call Test Case 'Test Cases/Custom Item Details/UTILITIES/CLOSE_BROWSER' successfully

2022-04-07 10:59:08 - [TEST_CASE][PASSED] - Test Cases/Custom Item Details/UTILITIES/CLOSE_BROWSER: Test Cases/Custom Item Details/UTILITIES/CLOSE_BROWSER

2022-04-07 10:59:08 - [TEST_STEP][PASSED] - closeBrowser(): Browser is closed

2022-04-07 10:59:08 - [MESSAGE][PASSED] - Browser is closed

2022-04-07 10:59:08 - [MESSAGE][PASSED] - Call Test Case 'Test Cases/Custom Item Details/UTILITIES/CLOSE_BROWSER' successfully]]></system-out>
         <system-err><![CDATA[]]></system-err>
      </testcase>
      <testcase name="Test Cases/Custom Item Details/TEST CASE/TC_DETAILS_UI_009" time="44.497" classname="Test Cases/Custom Item Details/TEST CASE/TC_DETAILS_UI_009" status="PASSED">
         <system-out><![CDATA[2022-04-07 10:59:08 - [TEST_CASE][PASSED] - Test Cases/Custom Item Details/TEST CASE/TC_DETAILS_UI_009: Test Cases/Custom Item Details/TEST CASE/TC_DETAILS_UI_009

2022-04-07 10:59:08 - [TEST_STEP][PASSED] - callTestCase(findTestCase("Custom Item Details/UTILITIES/OPEN_BROWSER"), [:], STOP_ON_FAILURE): Call Test Case 'Test Cases/Custom Item Details/UTILITIES/OPEN_BROWSER' successfully

2022-04-07 10:59:08 - [TEST_CASE][PASSED] - Test Cases/Custom Item Details/UTILITIES/OPEN_BROWSER: Test Cases/Custom Item Details/UTILITIES/OPEN_BROWSER

2022-04-07 10:59:08 - [TEST_STEP][PASSED] - openBrowser("https://diagnostics.staging.arcadier.io/"): Browser is opened with url: 'https://diagnostics.staging.arcadier.io/'

2022-04-07 10:59:08 - [MESSAGE][INFO] - Starting 'Chrome' driver

2022-04-07 10:59:08 - [MESSAGE][INFO] - Action delay is set to 0 milliseconds

2022-04-07 10:59:12 - [MESSAGE][PASSED] - Browser is opened with url: 'https://diagnostics.staging.arcadier.io/'

2022-04-07 10:59:12 - [TEST_STEP][PASSED] - maximizeWindow(): Current window maximized

2022-04-07 10:59:12 - [MESSAGE][PASSED] - Current window maximized

2022-04-07 10:59:12 - [TEST_STEP][PASSED] - click(findTestObject("Item Details Objects/Page_diagnostics/a_Accept Cookies")): Object: 'Object Repository/Item Details Objects/Page_diagnostics/a_Accept Cookies' is clicked on

2022-04-07 10:59:13 - [MESSAGE][PASSED] - Object: 'Object Repository/Item Details Objects/Page_diagnostics/a_Accept Cookies' is clicked on

2022-04-07 10:59:13 - [TEST_STEP][PASSED] - click(findTestObject("New_Homepage/Page_diagnostics/a_COVID-19 DIAGNOSTICS"), STOP_ON_FAILURE): Object: 'Object Repository/New_Homepage/Page_diagnostics/a_COVID-19 DIAGNOSTICS' is clicked on

2022-04-07 10:59:16 - [MESSAGE][PASSED] - Object: 'Object Repository/New_Homepage/Page_diagnostics/a_COVID-19 DIAGNOSTICS' is clicked on

2022-04-07 10:59:16 - [TEST_STEP][PASSED] - mouseOver(findTestObject("New_Homepage/Page_diagnostics/a_Abbott Rapid Diagnostics PANBIO COVID-19 Ag Rapid Test Device (Nasopharyngeal)")): Object: 'Object Repository/New_Homepage/Page_diagnostics/a_Abbott Rapid Diagnostics PANBIO COVID-19 Ag Rapid Test Device (Nasopharyngeal)' is hovered

2022-04-07 10:59:18 - [MESSAGE][PASSED] - Object: 'Object Repository/New_Homepage/Page_diagnostics/a_Abbott Rapid Diagnostics PANBIO COVID-19 Ag Rapid Test Device (Nasopharyngeal)' is hovered

2022-04-07 10:59:18 - [TEST_STEP][PASSED] - click(findTestObject("New_Homepage/Page_diagnostics/a_Abbott Rapid Diagnostics PANBIO COVID-19 Ag Rapid Test Device (Nasopharyngeal)")): Object: 'Object Repository/New_Homepage/Page_diagnostics/a_Abbott Rapid Diagnostics PANBIO COVID-19 Ag Rapid Test Device (Nasopharyngeal)' is clicked on

2022-04-07 10:59:20 - [MESSAGE][PASSED] - Object: 'Object Repository/New_Homepage/Page_diagnostics/a_Abbott Rapid Diagnostics PANBIO COVID-19 Ag Rapid Test Device (Nasopharyngeal)' is clicked on

2022-04-07 10:59:20 - [MESSAGE][PASSED] - Call Test Case 'Test Cases/Custom Item Details/UTILITIES/OPEN_BROWSER' successfully

2022-04-07 10:59:20 - [TEST_STEP][PASSED] - waitForElementVisible(findTestObject("Item Details Objects/Page_diagnostics/div.item-id"), 0): Object 'Object Repository/Item Details Objects/Page_diagnostics/div.item-id' is not visible after 30 second(s)

2022-04-07 10:59:20 - [MESSAGE][WARNING] - Timeout '0' is invalid. Using default page load timeout: '30'

2022-04-07 10:59:52 - [MESSAGE][WARNING] - Object 'Object Repository/Item Details Objects/Page_diagnostics/div.item-id' is not visible after 30 second(s)

2022-04-07 10:59:52 - [TEST_STEP][PASSED] - callTestCase(findTestCase("Custom Item Details/UTILITIES/CLOSE_BROWSER"), [:], STOP_ON_FAILURE): Call Test Case 'Test Cases/Custom Item Details/UTILITIES/CLOSE_BROWSER' successfully

2022-04-07 10:59:52 - [TEST_CASE][PASSED] - Test Cases/Custom Item Details/UTILITIES/CLOSE_BROWSER: Test Cases/Custom Item Details/UTILITIES/CLOSE_BROWSER

2022-04-07 10:59:52 - [TEST_STEP][PASSED] - closeBrowser(): Browser is closed

2022-04-07 10:59:53 - [MESSAGE][PASSED] - Browser is closed

2022-04-07 10:59:53 - [MESSAGE][PASSED] - Call Test Case 'Test Cases/Custom Item Details/UTILITIES/CLOSE_BROWSER' successfully]]></system-out>
         <system-err><![CDATA[]]></system-err>
      </testcase>
      <testcase name="Test Cases/Custom Item Details/TEST CASE/TC_DETAILS_UI_010" time="14.293" classname="Test Cases/Custom Item Details/TEST CASE/TC_DETAILS_UI_010" status="PASSED">
         <system-out><![CDATA[2022-04-07 10:59:53 - [TEST_CASE][PASSED] - Test Cases/Custom Item Details/TEST CASE/TC_DETAILS_UI_010: Test Cases/Custom Item Details/TEST CASE/TC_DETAILS_UI_010

2022-04-07 10:59:53 - [TEST_STEP][PASSED] - callTestCase(findTestCase("Custom Item Details/UTILITIES/OPEN_BROWSER"), [:], STOP_ON_FAILURE): Call Test Case 'Test Cases/Custom Item Details/UTILITIES/OPEN_BROWSER' successfully

2022-04-07 10:59:53 - [TEST_CASE][PASSED] - Test Cases/Custom Item Details/UTILITIES/OPEN_BROWSER: Test Cases/Custom Item Details/UTILITIES/OPEN_BROWSER

2022-04-07 10:59:53 - [TEST_STEP][PASSED] - openBrowser("https://diagnostics.staging.arcadier.io/"): Browser is opened with url: 'https://diagnostics.staging.arcadier.io/'

2022-04-07 10:59:53 - [MESSAGE][INFO] - Starting 'Chrome' driver

2022-04-07 10:59:53 - [MESSAGE][INFO] - Action delay is set to 0 milliseconds

2022-04-07 10:59:56 - [MESSAGE][PASSED] - Browser is opened with url: 'https://diagnostics.staging.arcadier.io/'

2022-04-07 10:59:56 - [TEST_STEP][PASSED] - maximizeWindow(): Current window maximized

2022-04-07 10:59:56 - [MESSAGE][PASSED] - Current window maximized

2022-04-07 10:59:56 - [TEST_STEP][PASSED] - click(findTestObject("Item Details Objects/Page_diagnostics/a_Accept Cookies")): Object: 'Object Repository/Item Details Objects/Page_diagnostics/a_Accept Cookies' is clicked on

2022-04-07 10:59:58 - [MESSAGE][PASSED] - Object: 'Object Repository/Item Details Objects/Page_diagnostics/a_Accept Cookies' is clicked on

2022-04-07 10:59:58 - [TEST_STEP][PASSED] - click(findTestObject("New_Homepage/Page_diagnostics/a_COVID-19 DIAGNOSTICS"), STOP_ON_FAILURE): Object: 'Object Repository/New_Homepage/Page_diagnostics/a_COVID-19 DIAGNOSTICS' is clicked on

2022-04-07 11:00:00 - [MESSAGE][PASSED] - Object: 'Object Repository/New_Homepage/Page_diagnostics/a_COVID-19 DIAGNOSTICS' is clicked on

2022-04-07 11:00:00 - [TEST_STEP][PASSED] - mouseOver(findTestObject("New_Homepage/Page_diagnostics/a_Abbott Rapid Diagnostics PANBIO COVID-19 Ag Rapid Test Device (Nasopharyngeal)")): Object: 'Object Repository/New_Homepage/Page_diagnostics/a_Abbott Rapid Diagnostics PANBIO COVID-19 Ag Rapid Test Device (Nasopharyngeal)' is hovered

2022-04-07 11:00:02 - [MESSAGE][PASSED] - Object: 'Object Repository/New_Homepage/Page_diagnostics/a_Abbott Rapid Diagnostics PANBIO COVID-19 Ag Rapid Test Device (Nasopharyngeal)' is hovered

2022-04-07 11:00:02 - [TEST_STEP][PASSED] - click(findTestObject("New_Homepage/Page_diagnostics/a_Abbott Rapid Diagnostics PANBIO COVID-19 Ag Rapid Test Device (Nasopharyngeal)")): Object: 'Object Repository/New_Homepage/Page_diagnostics/a_Abbott Rapid Diagnostics PANBIO COVID-19 Ag Rapid Test Device (Nasopharyngeal)' is clicked on

2022-04-07 11:00:05 - [MESSAGE][PASSED] - Object: 'Object Repository/New_Homepage/Page_diagnostics/a_Abbott Rapid Diagnostics PANBIO COVID-19 Ag Rapid Test Device (Nasopharyngeal)' is clicked on

2022-04-07 11:00:05 - [MESSAGE][PASSED] - Call Test Case 'Test Cases/Custom Item Details/UTILITIES/OPEN_BROWSER' successfully

2022-04-07 11:00:05 - [TEST_STEP][PASSED] - waitForElementVisible(findTestObject("Item Details Objects/Page_diagnostics/div.new-button-area"), 0): Object 'Object Repository/Item Details Objects/Page_diagnostics/div.new-button-area' is visible

2022-04-07 11:00:05 - [MESSAGE][WARNING] - Timeout '0' is invalid. Using default page load timeout: '30'

2022-04-07 11:00:06 - [MESSAGE][PASSED] - Object 'Object Repository/Item Details Objects/Page_diagnostics/div.new-button-area' is visible

2022-04-07 11:00:06 - [TEST_STEP][PASSED] - callTestCase(findTestCase("Custom Item Details/UTILITIES/CLOSE_BROWSER"), [:], STOP_ON_FAILURE): Call Test Case 'Test Cases/Custom Item Details/UTILITIES/CLOSE_BROWSER' successfully

2022-04-07 11:00:06 - [TEST_CASE][PASSED] - Test Cases/Custom Item Details/UTILITIES/CLOSE_BROWSER: Test Cases/Custom Item Details/UTILITIES/CLOSE_BROWSER

2022-04-07 11:00:06 - [TEST_STEP][PASSED] - closeBrowser(): Browser is closed

2022-04-07 11:00:07 - [MESSAGE][PASSED] - Browser is closed

2022-04-07 11:00:07 - [MESSAGE][PASSED] - Call Test Case 'Test Cases/Custom Item Details/UTILITIES/CLOSE_BROWSER' successfully]]></system-out>
         <system-err><![CDATA[]]></system-err>
      </testcase>
      <testcase name="Test Cases/Custom Item Details/TEST CASE/TC_DETAILS_UI_011" time="14.82" classname="Test Cases/Custom Item Details/TEST CASE/TC_DETAILS_UI_011" status="PASSED">
         <system-out><![CDATA[2022-04-07 11:00:07 - [TEST_CASE][PASSED] - Test Cases/Custom Item Details/TEST CASE/TC_DETAILS_UI_011: Test Cases/Custom Item Details/TEST CASE/TC_DETAILS_UI_011

2022-04-07 11:00:07 - [TEST_STEP][PASSED] - callTestCase(findTestCase("Custom Item Details/UTILITIES/OPEN_BROWSER"), [:], STOP_ON_FAILURE): Call Test Case 'Test Cases/Custom Item Details/UTILITIES/OPEN_BROWSER' successfully

2022-04-07 11:00:07 - [TEST_CASE][PASSED] - Test Cases/Custom Item Details/UTILITIES/OPEN_BROWSER: Test Cases/Custom Item Details/UTILITIES/OPEN_BROWSER

2022-04-07 11:00:07 - [TEST_STEP][PASSED] - openBrowser("https://diagnostics.staging.arcadier.io/"): Browser is opened with url: 'https://diagnostics.staging.arcadier.io/'

2022-04-07 11:00:07 - [MESSAGE][INFO] - Starting 'Chrome' driver

2022-04-07 11:00:07 - [MESSAGE][INFO] - Action delay is set to 0 milliseconds

2022-04-07 11:00:11 - [MESSAGE][PASSED] - Browser is opened with url: 'https://diagnostics.staging.arcadier.io/'

2022-04-07 11:00:11 - [TEST_STEP][PASSED] - maximizeWindow(): Current window maximized

2022-04-07 11:00:11 - [MESSAGE][PASSED] - Current window maximized

2022-04-07 11:00:11 - [TEST_STEP][PASSED] - click(findTestObject("Item Details Objects/Page_diagnostics/a_Accept Cookies")): Object: 'Object Repository/Item Details Objects/Page_diagnostics/a_Accept Cookies' is clicked on

2022-04-07 11:00:12 - [MESSAGE][PASSED] - Object: 'Object Repository/Item Details Objects/Page_diagnostics/a_Accept Cookies' is clicked on

2022-04-07 11:00:12 - [TEST_STEP][PASSED] - click(findTestObject("New_Homepage/Page_diagnostics/a_COVID-19 DIAGNOSTICS"), STOP_ON_FAILURE): Object: 'Object Repository/New_Homepage/Page_diagnostics/a_COVID-19 DIAGNOSTICS' is clicked on

2022-04-07 11:00:15 - [MESSAGE][PASSED] - Object: 'Object Repository/New_Homepage/Page_diagnostics/a_COVID-19 DIAGNOSTICS' is clicked on

2022-04-07 11:00:15 - [TEST_STEP][PASSED] - mouseOver(findTestObject("New_Homepage/Page_diagnostics/a_Abbott Rapid Diagnostics PANBIO COVID-19 Ag Rapid Test Device (Nasopharyngeal)")): Object: 'Object Repository/New_Homepage/Page_diagnostics/a_Abbott Rapid Diagnostics PANBIO COVID-19 Ag Rapid Test Device (Nasopharyngeal)' is hovered

2022-04-07 11:00:17 - [MESSAGE][PASSED] - Object: 'Object Repository/New_Homepage/Page_diagnostics/a_Abbott Rapid Diagnostics PANBIO COVID-19 Ag Rapid Test Device (Nasopharyngeal)' is hovered

2022-04-07 11:00:17 - [TEST_STEP][PASSED] - click(findTestObject("New_Homepage/Page_diagnostics/a_Abbott Rapid Diagnostics PANBIO COVID-19 Ag Rapid Test Device (Nasopharyngeal)")): Object: 'Object Repository/New_Homepage/Page_diagnostics/a_Abbott Rapid Diagnostics PANBIO COVID-19 Ag Rapid Test Device (Nasopharyngeal)' is clicked on

2022-04-07 11:00:20 - [MESSAGE][PASSED] - Object: 'Object Repository/New_Homepage/Page_diagnostics/a_Abbott Rapid Diagnostics PANBIO COVID-19 Ag Rapid Test Device (Nasopharyngeal)' is clicked on

2022-04-07 11:00:20 - [MESSAGE][PASSED] - Call Test Case 'Test Cases/Custom Item Details/UTILITIES/OPEN_BROWSER' successfully

2022-04-07 11:00:20 - [TEST_STEP][PASSED] - waitForElementVisible(findTestObject("Item Details Objects/Page_diagnostics/div.item-price-text"), 0): Object 'Object Repository/Item Details Objects/Page_diagnostics/div.item-price-text' is visible

2022-04-07 11:00:20 - [MESSAGE][WARNING] - Timeout '0' is invalid. Using default page load timeout: '30'

2022-04-07 11:00:21 - [MESSAGE][PASSED] - Object 'Object Repository/Item Details Objects/Page_diagnostics/div.item-price-text' is visible

2022-04-07 11:00:21 - [TEST_STEP][PASSED] - callTestCase(findTestCase("Custom Item Details/UTILITIES/CLOSE_BROWSER"), [:], STOP_ON_FAILURE): Call Test Case 'Test Cases/Custom Item Details/UTILITIES/CLOSE_BROWSER' successfully

2022-04-07 11:00:21 - [TEST_CASE][PASSED] - Test Cases/Custom Item Details/UTILITIES/CLOSE_BROWSER: Test Cases/Custom Item Details/UTILITIES/CLOSE_BROWSER

2022-04-07 11:00:21 - [TEST_STEP][PASSED] - closeBrowser(): Browser is closed

2022-04-07 11:00:22 - [MESSAGE][PASSED] - Browser is closed

2022-04-07 11:00:22 - [MESSAGE][PASSED] - Call Test Case 'Test Cases/Custom Item Details/UTILITIES/CLOSE_BROWSER' successfully]]></system-out>
         <system-err><![CDATA[]]></system-err>
      </testcase>
      <testcase name="Test Cases/Custom Item Details/TEST CASE/TC_DETAILS_UI_012" time="14.285" classname="Test Cases/Custom Item Details/TEST CASE/TC_DETAILS_UI_012" status="PASSED">
         <system-out><![CDATA[2022-04-07 11:00:22 - [TEST_CASE][PASSED] - Test Cases/Custom Item Details/TEST CASE/TC_DETAILS_UI_012: Test Cases/Custom Item Details/TEST CASE/TC_DETAILS_UI_012

2022-04-07 11:00:22 - [TEST_STEP][PASSED] - callTestCase(findTestCase("Custom Item Details/UTILITIES/OPEN_BROWSER"), [:], STOP_ON_FAILURE): Call Test Case 'Test Cases/Custom Item Details/UTILITIES/OPEN_BROWSER' successfully

2022-04-07 11:00:22 - [TEST_CASE][PASSED] - Test Cases/Custom Item Details/UTILITIES/OPEN_BROWSER: Test Cases/Custom Item Details/UTILITIES/OPEN_BROWSER

2022-04-07 11:00:22 - [TEST_STEP][PASSED] - openBrowser("https://diagnostics.staging.arcadier.io/"): Browser is opened with url: 'https://diagnostics.staging.arcadier.io/'

2022-04-07 11:00:22 - [MESSAGE][INFO] - Starting 'Chrome' driver

2022-04-07 11:00:22 - [MESSAGE][INFO] - Action delay is set to 0 milliseconds

2022-04-07 11:00:25 - [MESSAGE][PASSED] - Browser is opened with url: 'https://diagnostics.staging.arcadier.io/'

2022-04-07 11:00:25 - [TEST_STEP][PASSED] - maximizeWindow(): Current window maximized

2022-04-07 11:00:25 - [MESSAGE][PASSED] - Current window maximized

2022-04-07 11:00:25 - [TEST_STEP][PASSED] - click(findTestObject("Item Details Objects/Page_diagnostics/a_Accept Cookies")): Object: 'Object Repository/Item Details Objects/Page_diagnostics/a_Accept Cookies' is clicked on

2022-04-07 11:00:27 - [MESSAGE][PASSED] - Object: 'Object Repository/Item Details Objects/Page_diagnostics/a_Accept Cookies' is clicked on

2022-04-07 11:00:27 - [TEST_STEP][PASSED] - click(findTestObject("New_Homepage/Page_diagnostics/a_COVID-19 DIAGNOSTICS"), STOP_ON_FAILURE): Object: 'Object Repository/New_Homepage/Page_diagnostics/a_COVID-19 DIAGNOSTICS' is clicked on

2022-04-07 11:00:29 - [MESSAGE][PASSED] - Object: 'Object Repository/New_Homepage/Page_diagnostics/a_COVID-19 DIAGNOSTICS' is clicked on

2022-04-07 11:00:29 - [TEST_STEP][PASSED] - mouseOver(findTestObject("New_Homepage/Page_diagnostics/a_Abbott Rapid Diagnostics PANBIO COVID-19 Ag Rapid Test Device (Nasopharyngeal)")): Object: 'Object Repository/New_Homepage/Page_diagnostics/a_Abbott Rapid Diagnostics PANBIO COVID-19 Ag Rapid Test Device (Nasopharyngeal)' is hovered

2022-04-07 11:00:30 - [MESSAGE][PASSED] - Object: 'Object Repository/New_Homepage/Page_diagnostics/a_Abbott Rapid Diagnostics PANBIO COVID-19 Ag Rapid Test Device (Nasopharyngeal)' is hovered

2022-04-07 11:00:30 - [TEST_STEP][PASSED] - click(findTestObject("New_Homepage/Page_diagnostics/a_Abbott Rapid Diagnostics PANBIO COVID-19 Ag Rapid Test Device (Nasopharyngeal)")): Object: 'Object Repository/New_Homepage/Page_diagnostics/a_Abbott Rapid Diagnostics PANBIO COVID-19 Ag Rapid Test Device (Nasopharyngeal)' is clicked on

2022-04-07 11:00:33 - [MESSAGE][PASSED] - Object: 'Object Repository/New_Homepage/Page_diagnostics/a_Abbott Rapid Diagnostics PANBIO COVID-19 Ag Rapid Test Device (Nasopharyngeal)' is clicked on

2022-04-07 11:00:33 - [MESSAGE][PASSED] - Call Test Case 'Test Cases/Custom Item Details/UTILITIES/OPEN_BROWSER' successfully

2022-04-07 11:00:33 - [TEST_STEP][PASSED] - waitForElementVisible(findTestObject("Item Details Objects/Page_diagnostics/a_Procure_Directly_From_Seller"), 0): Object 'Object Repository/Item Details Objects/Page_diagnostics/a_Procure_Directly_From_Seller' is visible

2022-04-07 11:00:33 - [MESSAGE][WARNING] - Timeout '0' is invalid. Using default page load timeout: '30'

2022-04-07 11:00:34 - [MESSAGE][PASSED] - Object 'Object Repository/Item Details Objects/Page_diagnostics/a_Procure_Directly_From_Seller' is visible

2022-04-07 11:00:34 - [TEST_STEP][PASSED] - verifyElementClickable(findTestObject("Item Details Objects/Page_diagnostics/a_Procure_Directly_From_Seller")): Object 'Object Repository/Item Details Objects/Page_diagnostics/a_Procure_Directly_From_Seller' is clickable

2022-04-07 11:00:34 - [MESSAGE][PASSED] - Object 'Object Repository/Item Details Objects/Page_diagnostics/a_Procure_Directly_From_Seller' is clickable

2022-04-07 11:00:34 - [TEST_STEP][PASSED] - click(findTestObject("Item Details Objects/Page_diagnostics/a_Procure_Directly_From_Seller")): Object: 'Object Repository/Item Details Objects/Page_diagnostics/a_Procure_Directly_From_Seller' is clicked on

2022-04-07 11:00:35 - [MESSAGE][PASSED] - Object: 'Object Repository/Item Details Objects/Page_diagnostics/a_Procure_Directly_From_Seller' is clicked on

2022-04-07 11:00:35 - [TEST_STEP][PASSED] - callTestCase(findTestCase("Custom Item Details/UTILITIES/CLOSE_BROWSER"), [:], STOP_ON_FAILURE): Call Test Case 'Test Cases/Custom Item Details/UTILITIES/CLOSE_BROWSER' successfully

2022-04-07 11:00:35 - [TEST_CASE][PASSED] - Test Cases/Custom Item Details/UTILITIES/CLOSE_BROWSER: Test Cases/Custom Item Details/UTILITIES/CLOSE_BROWSER

2022-04-07 11:00:35 - [TEST_STEP][PASSED] - closeBrowser(): Browser is closed

2022-04-07 11:00:36 - [MESSAGE][PASSED] - Browser is closed

2022-04-07 11:00:36 - [MESSAGE][PASSED] - Call Test Case 'Test Cases/Custom Item Details/UTILITIES/CLOSE_BROWSER' successfully]]></system-out>
         <system-err><![CDATA[]]></system-err>
      </testcase>
      <testcase name="Test Cases/Custom Item Details/TEST CASE/TC_DETAILS_UI_013" time="14.426" classname="Test Cases/Custom Item Details/TEST CASE/TC_DETAILS_UI_013" status="PASSED">
         <system-out><![CDATA[2022-04-07 11:00:36 - [TEST_CASE][PASSED] - Test Cases/Custom Item Details/TEST CASE/TC_DETAILS_UI_013: Test Cases/Custom Item Details/TEST CASE/TC_DETAILS_UI_013

2022-04-07 11:00:36 - [TEST_STEP][PASSED] - callTestCase(findTestCase("Custom Item Details/UTILITIES/OPEN_BROWSER"), [:], STOP_ON_FAILURE): Call Test Case 'Test Cases/Custom Item Details/UTILITIES/OPEN_BROWSER' successfully

2022-04-07 11:00:36 - [TEST_CASE][PASSED] - Test Cases/Custom Item Details/UTILITIES/OPEN_BROWSER: Test Cases/Custom Item Details/UTILITIES/OPEN_BROWSER

2022-04-07 11:00:36 - [TEST_STEP][PASSED] - openBrowser("https://diagnostics.staging.arcadier.io/"): Browser is opened with url: 'https://diagnostics.staging.arcadier.io/'

2022-04-07 11:00:36 - [MESSAGE][INFO] - Starting 'Chrome' driver

2022-04-07 11:00:36 - [MESSAGE][INFO] - Action delay is set to 0 milliseconds

2022-04-07 11:00:39 - [MESSAGE][PASSED] - Browser is opened with url: 'https://diagnostics.staging.arcadier.io/'

2022-04-07 11:00:39 - [TEST_STEP][PASSED] - maximizeWindow(): Current window maximized

2022-04-07 11:00:40 - [MESSAGE][PASSED] - Current window maximized

2022-04-07 11:00:40 - [TEST_STEP][PASSED] - click(findTestObject("Item Details Objects/Page_diagnostics/a_Accept Cookies")): Object: 'Object Repository/Item Details Objects/Page_diagnostics/a_Accept Cookies' is clicked on

2022-04-07 11:00:41 - [MESSAGE][PASSED] - Object: 'Object Repository/Item Details Objects/Page_diagnostics/a_Accept Cookies' is clicked on

2022-04-07 11:00:41 - [TEST_STEP][PASSED] - click(findTestObject("New_Homepage/Page_diagnostics/a_COVID-19 DIAGNOSTICS"), STOP_ON_FAILURE): Object: 'Object Repository/New_Homepage/Page_diagnostics/a_COVID-19 DIAGNOSTICS' is clicked on

2022-04-07 11:00:43 - [MESSAGE][PASSED] - Object: 'Object Repository/New_Homepage/Page_diagnostics/a_COVID-19 DIAGNOSTICS' is clicked on

2022-04-07 11:00:43 - [TEST_STEP][PASSED] - mouseOver(findTestObject("New_Homepage/Page_diagnostics/a_Abbott Rapid Diagnostics PANBIO COVID-19 Ag Rapid Test Device (Nasopharyngeal)")): Object: 'Object Repository/New_Homepage/Page_diagnostics/a_Abbott Rapid Diagnostics PANBIO COVID-19 Ag Rapid Test Device (Nasopharyngeal)' is hovered

2022-04-07 11:00:45 - [MESSAGE][PASSED] - Object: 'Object Repository/New_Homepage/Page_diagnostics/a_Abbott Rapid Diagnostics PANBIO COVID-19 Ag Rapid Test Device (Nasopharyngeal)' is hovered

2022-04-07 11:00:45 - [TEST_STEP][PASSED] - click(findTestObject("New_Homepage/Page_diagnostics/a_Abbott Rapid Diagnostics PANBIO COVID-19 Ag Rapid Test Device (Nasopharyngeal)")): Object: 'Object Repository/New_Homepage/Page_diagnostics/a_Abbott Rapid Diagnostics PANBIO COVID-19 Ag Rapid Test Device (Nasopharyngeal)' is clicked on

2022-04-07 11:00:48 - [MESSAGE][PASSED] - Object: 'Object Repository/New_Homepage/Page_diagnostics/a_Abbott Rapid Diagnostics PANBIO COVID-19 Ag Rapid Test Device (Nasopharyngeal)' is clicked on

2022-04-07 11:00:48 - [MESSAGE][PASSED] - Call Test Case 'Test Cases/Custom Item Details/UTILITIES/OPEN_BROWSER' successfully

2022-04-07 11:00:48 - [TEST_STEP][PASSED] - waitForElementPresent(findTestObject("Item Details Objects/Page_diagnostics/btn_Procure_grey"), 0): Object 'Object Repository/Item Details Objects/Page_diagnostics/btn_Procure_grey' is present

2022-04-07 11:00:48 - [MESSAGE][WARNING] - Timeout '0' is invalid. Using default page load timeout: '30'

2022-04-07 11:00:50 - [MESSAGE][PASSED] - Object 'Object Repository/Item Details Objects/Page_diagnostics/btn_Procure_grey' is present

2022-04-07 11:00:50 - [TEST_STEP][PASSED] - callTestCase(findTestCase("Custom Item Details/UTILITIES/CLOSE_BROWSER"), [:], STOP_ON_FAILURE): Call Test Case 'Test Cases/Custom Item Details/UTILITIES/CLOSE_BROWSER' successfully

2022-04-07 11:00:50 - [TEST_CASE][PASSED] - Test Cases/Custom Item Details/UTILITIES/CLOSE_BROWSER: Test Cases/Custom Item Details/UTILITIES/CLOSE_BROWSER

2022-04-07 11:00:50 - [TEST_STEP][PASSED] - closeBrowser(): Browser is closed

2022-04-07 11:00:51 - [MESSAGE][PASSED] - Browser is closed

2022-04-07 11:00:51 - [MESSAGE][PASSED] - Call Test Case 'Test Cases/Custom Item Details/UTILITIES/CLOSE_BROWSER' successfully]]></system-out>
         <system-err><![CDATA[]]></system-err>
      </testcase>
      <testcase name="Test Cases/Custom Item Details/TEST CASE/TC_DETAILS_UI_014" time="14.918" classname="Test Cases/Custom Item Details/TEST CASE/TC_DETAILS_UI_014" status="PASSED">
         <system-out><![CDATA[2022-04-07 11:00:51 - [TEST_CASE][PASSED] - Test Cases/Custom Item Details/TEST CASE/TC_DETAILS_UI_014: Test Cases/Custom Item Details/TEST CASE/TC_DETAILS_UI_014

2022-04-07 11:00:51 - [TEST_STEP][PASSED] - callTestCase(findTestCase("Custom Item Details/UTILITIES/OPEN_BROWSER"), [:], STOP_ON_FAILURE): Call Test Case 'Test Cases/Custom Item Details/UTILITIES/OPEN_BROWSER' successfully

2022-04-07 11:00:51 - [TEST_CASE][PASSED] - Test Cases/Custom Item Details/UTILITIES/OPEN_BROWSER: Test Cases/Custom Item Details/UTILITIES/OPEN_BROWSER

2022-04-07 11:00:51 - [TEST_STEP][PASSED] - openBrowser("https://diagnostics.staging.arcadier.io/"): Browser is opened with url: 'https://diagnostics.staging.arcadier.io/'

2022-04-07 11:00:51 - [MESSAGE][INFO] - Starting 'Chrome' driver

2022-04-07 11:00:51 - [MESSAGE][INFO] - Action delay is set to 0 milliseconds

2022-04-07 11:00:54 - [MESSAGE][PASSED] - Browser is opened with url: 'https://diagnostics.staging.arcadier.io/'

2022-04-07 11:00:54 - [TEST_STEP][PASSED] - maximizeWindow(): Current window maximized

2022-04-07 11:00:55 - [MESSAGE][PASSED] - Current window maximized

2022-04-07 11:00:55 - [TEST_STEP][PASSED] - click(findTestObject("Item Details Objects/Page_diagnostics/a_Accept Cookies")): Object: 'Object Repository/Item Details Objects/Page_diagnostics/a_Accept Cookies' is clicked on

2022-04-07 11:00:57 - [MESSAGE][PASSED] - Object: 'Object Repository/Item Details Objects/Page_diagnostics/a_Accept Cookies' is clicked on

2022-04-07 11:00:57 - [TEST_STEP][PASSED] - click(findTestObject("New_Homepage/Page_diagnostics/a_COVID-19 DIAGNOSTICS"), STOP_ON_FAILURE): Object: 'Object Repository/New_Homepage/Page_diagnostics/a_COVID-19 DIAGNOSTICS' is clicked on

2022-04-07 11:00:58 - [MESSAGE][PASSED] - Object: 'Object Repository/New_Homepage/Page_diagnostics/a_COVID-19 DIAGNOSTICS' is clicked on

2022-04-07 11:00:58 - [TEST_STEP][PASSED] - mouseOver(findTestObject("New_Homepage/Page_diagnostics/a_Abbott Rapid Diagnostics PANBIO COVID-19 Ag Rapid Test Device (Nasopharyngeal)")): Object: 'Object Repository/New_Homepage/Page_diagnostics/a_Abbott Rapid Diagnostics PANBIO COVID-19 Ag Rapid Test Device (Nasopharyngeal)' is hovered

2022-04-07 11:01:00 - [MESSAGE][PASSED] - Object: 'Object Repository/New_Homepage/Page_diagnostics/a_Abbott Rapid Diagnostics PANBIO COVID-19 Ag Rapid Test Device (Nasopharyngeal)' is hovered

2022-04-07 11:01:00 - [TEST_STEP][PASSED] - click(findTestObject("New_Homepage/Page_diagnostics/a_Abbott Rapid Diagnostics PANBIO COVID-19 Ag Rapid Test Device (Nasopharyngeal)")): Object: 'Object Repository/New_Homepage/Page_diagnostics/a_Abbott Rapid Diagnostics PANBIO COVID-19 Ag Rapid Test Device (Nasopharyngeal)' is clicked on

2022-04-07 11:01:02 - [MESSAGE][PASSED] - Object: 'Object Repository/New_Homepage/Page_diagnostics/a_Abbott Rapid Diagnostics PANBIO COVID-19 Ag Rapid Test Device (Nasopharyngeal)' is clicked on

2022-04-07 11:01:02 - [MESSAGE][PASSED] - Call Test Case 'Test Cases/Custom Item Details/UTILITIES/OPEN_BROWSER' successfully

2022-04-07 11:01:02 - [TEST_STEP][PASSED] - waitForElementVisible(findTestObject("Staging Objects/Page_diagnostics/div_Description"), 0): Object 'Object Repository/Staging Objects/Page_diagnostics/div_Description' is visible

2022-04-07 11:01:02 - [MESSAGE][WARNING] - Timeout '0' is invalid. Using default page load timeout: '30'

2022-04-07 11:01:04 - [MESSAGE][PASSED] - Object 'Object Repository/Staging Objects/Page_diagnostics/div_Description' is visible

2022-04-07 11:01:04 - [TEST_STEP][PASSED] - verifyElementClickable(findTestObject("Staging Objects/Page_diagnostics/div_Description")): Object 'Object Repository/Staging Objects/Page_diagnostics/div_Description' is clickable

2022-04-07 11:01:04 - [MESSAGE][PASSED] - Object 'Object Repository/Staging Objects/Page_diagnostics/div_Description' is clickable

2022-04-07 11:01:04 - [TEST_STEP][PASSED] - verifyElementText(findTestObject("Staging Objects/Page_diagnostics/div_Description"), "Description"): Actual text and expected text of test object 'Object Repository/Staging Objects/Page_diagnostics/div_Description' are matched.

2022-04-07 11:01:04 - [MESSAGE][PASSED] - Actual text and expected text of test object 'Object Repository/Staging Objects/Page_diagnostics/div_Description' are matched.

2022-04-07 11:01:04 - [TEST_STEP][PASSED] - click(findTestObject("Staging Objects/Page_diagnostics/div_Description")): Object: 'Object Repository/Staging Objects/Page_diagnostics/div_Description' is clicked on

2022-04-07 11:01:05 - [MESSAGE][PASSED] - Object: 'Object Repository/Staging Objects/Page_diagnostics/div_Description' is clicked on

2022-04-07 11:01:05 - [TEST_STEP][PASSED] - callTestCase(findTestCase("Custom Item Details/UTILITIES/CLOSE_BROWSER"), [:], STOP_ON_FAILURE): Call Test Case 'Test Cases/Custom Item Details/UTILITIES/CLOSE_BROWSER' successfully

2022-04-07 11:01:05 - [TEST_CASE][PASSED] - Test Cases/Custom Item Details/UTILITIES/CLOSE_BROWSER: Test Cases/Custom Item Details/UTILITIES/CLOSE_BROWSER

2022-04-07 11:01:05 - [TEST_STEP][PASSED] - closeBrowser(): Browser is closed

2022-04-07 11:01:05 - [MESSAGE][PASSED] - Browser is closed

2022-04-07 11:01:05 - [MESSAGE][PASSED] - Call Test Case 'Test Cases/Custom Item Details/UTILITIES/CLOSE_BROWSER' successfully]]></system-out>
         <system-err><![CDATA[]]></system-err>
      </testcase>
      <testcase name="Test Cases/Custom Item Details/TEST CASE/TC_DETAILS_UI_015" time="32.921" classname="Test Cases/Custom Item Details/TEST CASE/TC_DETAILS_UI_015" status="PASSED">
         <system-out><![CDATA[2022-04-07 11:01:05 - [TEST_CASE][PASSED] - Test Cases/Custom Item Details/TEST CASE/TC_DETAILS_UI_015: Test Cases/Custom Item Details/TEST CASE/TC_DETAILS_UI_015

2022-04-07 11:01:06 - [TEST_STEP][PASSED] - callTestCase(findTestCase("Custom Item Details/UTILITIES/OPEN_BROWSER"), [:], STOP_ON_FAILURE): Call Test Case 'Test Cases/Custom Item Details/UTILITIES/OPEN_BROWSER' successfully

2022-04-07 11:01:06 - [TEST_CASE][PASSED] - Test Cases/Custom Item Details/UTILITIES/OPEN_BROWSER: Test Cases/Custom Item Details/UTILITIES/OPEN_BROWSER

2022-04-07 11:01:06 - [TEST_STEP][PASSED] - openBrowser("https://diagnostics.staging.arcadier.io/"): Browser is opened with url: 'https://diagnostics.staging.arcadier.io/'

2022-04-07 11:01:06 - [MESSAGE][INFO] - Starting 'Chrome' driver

2022-04-07 11:01:06 - [MESSAGE][INFO] - Action delay is set to 0 milliseconds

2022-04-07 11:01:29 - [MESSAGE][PASSED] - Browser is opened with url: 'https://diagnostics.staging.arcadier.io/'

2022-04-07 11:01:29 - [TEST_STEP][PASSED] - maximizeWindow(): Current window maximized

2022-04-07 11:01:30 - [MESSAGE][PASSED] - Current window maximized

2022-04-07 11:01:30 - [TEST_STEP][PASSED] - click(findTestObject("Item Details Objects/Page_diagnostics/a_Accept Cookies")): Object: 'Object Repository/Item Details Objects/Page_diagnostics/a_Accept Cookies' is clicked on

2022-04-07 11:01:30 - [MESSAGE][PASSED] - Object: 'Object Repository/Item Details Objects/Page_diagnostics/a_Accept Cookies' is clicked on

2022-04-07 11:01:30 - [TEST_STEP][PASSED] - click(findTestObject("New_Homepage/Page_diagnostics/a_COVID-19 DIAGNOSTICS"), STOP_ON_FAILURE): Object: 'Object Repository/New_Homepage/Page_diagnostics/a_COVID-19 DIAGNOSTICS' is clicked on

2022-04-07 11:01:31 - [MESSAGE][PASSED] - Object: 'Object Repository/New_Homepage/Page_diagnostics/a_COVID-19 DIAGNOSTICS' is clicked on

2022-04-07 11:01:31 - [TEST_STEP][PASSED] - mouseOver(findTestObject("New_Homepage/Page_diagnostics/a_Abbott Rapid Diagnostics PANBIO COVID-19 Ag Rapid Test Device (Nasopharyngeal)")): Object: 'Object Repository/New_Homepage/Page_diagnostics/a_Abbott Rapid Diagnostics PANBIO COVID-19 Ag Rapid Test Device (Nasopharyngeal)' is hovered

2022-04-07 11:01:33 - [MESSAGE][PASSED] - Object: 'Object Repository/New_Homepage/Page_diagnostics/a_Abbott Rapid Diagnostics PANBIO COVID-19 Ag Rapid Test Device (Nasopharyngeal)' is hovered

2022-04-07 11:01:33 - [TEST_STEP][PASSED] - click(findTestObject("New_Homepage/Page_diagnostics/a_Abbott Rapid Diagnostics PANBIO COVID-19 Ag Rapid Test Device (Nasopharyngeal)")): Object: 'Object Repository/New_Homepage/Page_diagnostics/a_Abbott Rapid Diagnostics PANBIO COVID-19 Ag Rapid Test Device (Nasopharyngeal)' is clicked on

2022-04-07 11:01:35 - [MESSAGE][PASSED] - Object: 'Object Repository/New_Homepage/Page_diagnostics/a_Abbott Rapid Diagnostics PANBIO COVID-19 Ag Rapid Test Device (Nasopharyngeal)' is clicked on

2022-04-07 11:01:35 - [MESSAGE][PASSED] - Call Test Case 'Test Cases/Custom Item Details/UTILITIES/OPEN_BROWSER' successfully

2022-04-07 11:01:35 - [TEST_STEP][PASSED] - waitForElementVisible(findTestObject("Staging Objects/Page_diagnostics/div_Technical Specifications"), 0): Object 'Object Repository/Staging Objects/Page_diagnostics/div_Technical Specifications' is visible

2022-04-07 11:01:35 - [MESSAGE][WARNING] - Timeout '0' is invalid. Using default page load timeout: '30'

2022-04-07 11:01:37 - [MESSAGE][PASSED] - Object 'Object Repository/Staging Objects/Page_diagnostics/div_Technical Specifications' is visible

2022-04-07 11:01:37 - [TEST_STEP][PASSED] - verifyElementClickable(findTestObject("Staging Objects/Page_diagnostics/div_Technical Specifications")): Object 'Object Repository/Staging Objects/Page_diagnostics/div_Technical Specifications' is clickable

2022-04-07 11:01:37 - [MESSAGE][PASSED] - Object 'Object Repository/Staging Objects/Page_diagnostics/div_Technical Specifications' is clickable

2022-04-07 11:01:37 - [TEST_STEP][PASSED] - verifyElementText(findTestObject("Staging Objects/Page_diagnostics/div_Technical Specifications"), "Technical Specifications"): Actual text and expected text of test object 'Object Repository/Staging Objects/Page_diagnostics/div_Technical Specifications' are matched.

2022-04-07 11:01:37 - [MESSAGE][PASSED] - Actual text and expected text of test object 'Object Repository/Staging Objects/Page_diagnostics/div_Technical Specifications' are matched.

2022-04-07 11:01:37 - [TEST_STEP][PASSED] - click(findTestObject("Staging Objects/Page_diagnostics/div_Technical Specifications")): Object: 'Object Repository/Staging Objects/Page_diagnostics/div_Technical Specifications' is clicked on

2022-04-07 11:01:38 - [MESSAGE][PASSED] - Object: 'Object Repository/Staging Objects/Page_diagnostics/div_Technical Specifications' is clicked on

2022-04-07 11:01:38 - [TEST_STEP][PASSED] - callTestCase(findTestCase("Custom Item Details/UTILITIES/CLOSE_BROWSER"), [:], STOP_ON_FAILURE): Call Test Case 'Test Cases/Custom Item Details/UTILITIES/CLOSE_BROWSER' successfully

2022-04-07 11:01:38 - [TEST_CASE][PASSED] - Test Cases/Custom Item Details/UTILITIES/CLOSE_BROWSER: Test Cases/Custom Item Details/UTILITIES/CLOSE_BROWSER

2022-04-07 11:01:38 - [TEST_STEP][PASSED] - closeBrowser(): Browser is closed

2022-04-07 11:01:38 - [MESSAGE][PASSED] - Browser is closed

2022-04-07 11:01:38 - [MESSAGE][PASSED] - Call Test Case 'Test Cases/Custom Item Details/UTILITIES/CLOSE_BROWSER' successfully]]></system-out>
         <system-err><![CDATA[]]></system-err>
      </testcase>
      <testcase name="Test Cases/Custom Item Details/TEST CASE/TC_DETAILS_UI_016" time="15.976" classname="Test Cases/Custom Item Details/TEST CASE/TC_DETAILS_UI_016" status="PASSED">
         <system-out><![CDATA[2022-04-07 11:01:38 - [TEST_CASE][PASSED] - Test Cases/Custom Item Details/TEST CASE/TC_DETAILS_UI_016: Test Cases/Custom Item Details/TEST CASE/TC_DETAILS_UI_016

2022-04-07 11:01:39 - [TEST_STEP][PASSED] - callTestCase(findTestCase("Custom Item Details/UTILITIES/OPEN_BROWSER"), [:], STOP_ON_FAILURE): Call Test Case 'Test Cases/Custom Item Details/UTILITIES/OPEN_BROWSER' successfully

2022-04-07 11:01:39 - [TEST_CASE][PASSED] - Test Cases/Custom Item Details/UTILITIES/OPEN_BROWSER: Test Cases/Custom Item Details/UTILITIES/OPEN_BROWSER

2022-04-07 11:01:39 - [TEST_STEP][PASSED] - openBrowser("https://diagnostics.staging.arcadier.io/"): Browser is opened with url: 'https://diagnostics.staging.arcadier.io/'

2022-04-07 11:01:39 - [MESSAGE][INFO] - Starting 'Chrome' driver

2022-04-07 11:01:39 - [MESSAGE][INFO] - Action delay is set to 0 milliseconds

2022-04-07 11:01:42 - [MESSAGE][PASSED] - Browser is opened with url: 'https://diagnostics.staging.arcadier.io/'

2022-04-07 11:01:42 - [TEST_STEP][PASSED] - maximizeWindow(): Current window maximized

2022-04-07 11:01:42 - [MESSAGE][PASSED] - Current window maximized

2022-04-07 11:01:42 - [TEST_STEP][PASSED] - click(findTestObject("Item Details Objects/Page_diagnostics/a_Accept Cookies")): Object: 'Object Repository/Item Details Objects/Page_diagnostics/a_Accept Cookies' is clicked on

2022-04-07 11:01:43 - [MESSAGE][PASSED] - Object: 'Object Repository/Item Details Objects/Page_diagnostics/a_Accept Cookies' is clicked on

2022-04-07 11:01:43 - [TEST_STEP][PASSED] - click(findTestObject("New_Homepage/Page_diagnostics/a_COVID-19 DIAGNOSTICS"), STOP_ON_FAILURE): Object: 'Object Repository/New_Homepage/Page_diagnostics/a_COVID-19 DIAGNOSTICS' is clicked on

2022-04-07 11:01:46 - [MESSAGE][PASSED] - Object: 'Object Repository/New_Homepage/Page_diagnostics/a_COVID-19 DIAGNOSTICS' is clicked on

2022-04-07 11:01:46 - [TEST_STEP][PASSED] - mouseOver(findTestObject("New_Homepage/Page_diagnostics/a_Abbott Rapid Diagnostics PANBIO COVID-19 Ag Rapid Test Device (Nasopharyngeal)")): Object: 'Object Repository/New_Homepage/Page_diagnostics/a_Abbott Rapid Diagnostics PANBIO COVID-19 Ag Rapid Test Device (Nasopharyngeal)' is hovered

2022-04-07 11:01:48 - [MESSAGE][PASSED] - Object: 'Object Repository/New_Homepage/Page_diagnostics/a_Abbott Rapid Diagnostics PANBIO COVID-19 Ag Rapid Test Device (Nasopharyngeal)' is hovered

2022-04-07 11:01:48 - [TEST_STEP][PASSED] - click(findTestObject("New_Homepage/Page_diagnostics/a_Abbott Rapid Diagnostics PANBIO COVID-19 Ag Rapid Test Device (Nasopharyngeal)")): Object: 'Object Repository/New_Homepage/Page_diagnostics/a_Abbott Rapid Diagnostics PANBIO COVID-19 Ag Rapid Test Device (Nasopharyngeal)' is clicked on

2022-04-07 11:01:51 - [MESSAGE][PASSED] - Object: 'Object Repository/New_Homepage/Page_diagnostics/a_Abbott Rapid Diagnostics PANBIO COVID-19 Ag Rapid Test Device (Nasopharyngeal)' is clicked on

2022-04-07 11:01:51 - [MESSAGE][PASSED] - Call Test Case 'Test Cases/Custom Item Details/UTILITIES/OPEN_BROWSER' successfully

2022-04-07 11:01:51 - [TEST_STEP][PASSED] - waitForElementVisible(findTestObject("Staging Objects/Page_diagnostics/div_Product Attributes"), 0): Object 'Object Repository/Staging Objects/Page_diagnostics/div_Product Attributes' is visible

2022-04-07 11:01:51 - [MESSAGE][WARNING] - Timeout '0' is invalid. Using default page load timeout: '30'

2022-04-07 11:01:53 - [MESSAGE][PASSED] - Object 'Object Repository/Staging Objects/Page_diagnostics/div_Product Attributes' is visible

2022-04-07 11:01:53 - [TEST_STEP][PASSED] - verifyElementClickable(findTestObject("Staging Objects/Page_diagnostics/div_Product Attributes")): Object 'Object Repository/Staging Objects/Page_diagnostics/div_Product Attributes' is clickable

2022-04-07 11:01:53 - [MESSAGE][PASSED] - Object 'Object Repository/Staging Objects/Page_diagnostics/div_Product Attributes' is clickable

2022-04-07 11:01:53 - [TEST_STEP][PASSED] - verifyElementText(findTestObject("Staging Objects/Page_diagnostics/div_Product Attributes"), "Product Attributes"): Actual text and expected text of test object 'Object Repository/Staging Objects/Page_diagnostics/div_Product Attributes' are matched.

2022-04-07 11:01:53 - [MESSAGE][PASSED] - Actual text and expected text of test object 'Object Repository/Staging Objects/Page_diagnostics/div_Product Attributes' are matched.

2022-04-07 11:01:53 - [TEST_STEP][PASSED] - click(findTestObject("Staging Objects/Page_diagnostics/div_Product Attributes")): Object: 'Object Repository/Staging Objects/Page_diagnostics/div_Product Attributes' is clicked on

2022-04-07 11:01:54 - [MESSAGE][PASSED] - Object: 'Object Repository/Staging Objects/Page_diagnostics/div_Product Attributes' is clicked on

2022-04-07 11:01:54 - [TEST_STEP][PASSED] - callTestCase(findTestCase("Custom Item Details/UTILITIES/CLOSE_BROWSER"), [:], STOP_ON_FAILURE): Call Test Case 'Test Cases/Custom Item Details/UTILITIES/CLOSE_BROWSER' successfully

2022-04-07 11:01:54 - [TEST_CASE][PASSED] - Test Cases/Custom Item Details/UTILITIES/CLOSE_BROWSER: Test Cases/Custom Item Details/UTILITIES/CLOSE_BROWSER

2022-04-07 11:01:54 - [TEST_STEP][PASSED] - closeBrowser(): Browser is closed

2022-04-07 11:01:54 - [MESSAGE][PASSED] - Browser is closed

2022-04-07 11:01:54 - [MESSAGE][PASSED] - Call Test Case 'Test Cases/Custom Item Details/UTILITIES/CLOSE_BROWSER' successfully]]></system-out>
         <system-err><![CDATA[]]></system-err>
      </testcase>
      <testcase name="Test Cases/Custom Item Details/TEST CASE/TC_DETAILS_UI_017" time="14.129" classname="Test Cases/Custom Item Details/TEST CASE/TC_DETAILS_UI_017" status="PASSED">
         <system-out><![CDATA[2022-04-07 11:01:54 - [TEST_CASE][PASSED] - Test Cases/Custom Item Details/TEST CASE/TC_DETAILS_UI_017: Test Cases/Custom Item Details/TEST CASE/TC_DETAILS_UI_017

2022-04-07 11:01:55 - [TEST_STEP][PASSED] - callTestCase(findTestCase("Custom Item Details/UTILITIES/OPEN_BROWSER"), [:], STOP_ON_FAILURE): Call Test Case 'Test Cases/Custom Item Details/UTILITIES/OPEN_BROWSER' successfully

2022-04-07 11:01:55 - [TEST_CASE][PASSED] - Test Cases/Custom Item Details/UTILITIES/OPEN_BROWSER: Test Cases/Custom Item Details/UTILITIES/OPEN_BROWSER

2022-04-07 11:01:55 - [TEST_STEP][PASSED] - openBrowser("https://diagnostics.staging.arcadier.io/"): Browser is opened with url: 'https://diagnostics.staging.arcadier.io/'

2022-04-07 11:01:55 - [MESSAGE][INFO] - Starting 'Chrome' driver

2022-04-07 11:01:55 - [MESSAGE][INFO] - Action delay is set to 0 milliseconds

2022-04-07 11:01:58 - [MESSAGE][PASSED] - Browser is opened with url: 'https://diagnostics.staging.arcadier.io/'

2022-04-07 11:01:58 - [TEST_STEP][PASSED] - maximizeWindow(): Current window maximized

2022-04-07 11:01:58 - [MESSAGE][PASSED] - Current window maximized

2022-04-07 11:01:58 - [TEST_STEP][PASSED] - click(findTestObject("Item Details Objects/Page_diagnostics/a_Accept Cookies")): Object: 'Object Repository/Item Details Objects/Page_diagnostics/a_Accept Cookies' is clicked on

2022-04-07 11:01:58 - [MESSAGE][PASSED] - Object: 'Object Repository/Item Details Objects/Page_diagnostics/a_Accept Cookies' is clicked on

2022-04-07 11:01:58 - [TEST_STEP][PASSED] - click(findTestObject("New_Homepage/Page_diagnostics/a_COVID-19 DIAGNOSTICS"), STOP_ON_FAILURE): Object: 'Object Repository/New_Homepage/Page_diagnostics/a_COVID-19 DIAGNOSTICS' is clicked on

2022-04-07 11:02:00 - [MESSAGE][PASSED] - Object: 'Object Repository/New_Homepage/Page_diagnostics/a_COVID-19 DIAGNOSTICS' is clicked on

2022-04-07 11:02:00 - [TEST_STEP][PASSED] - mouseOver(findTestObject("New_Homepage/Page_diagnostics/a_Abbott Rapid Diagnostics PANBIO COVID-19 Ag Rapid Test Device (Nasopharyngeal)")): Object: 'Object Repository/New_Homepage/Page_diagnostics/a_Abbott Rapid Diagnostics PANBIO COVID-19 Ag Rapid Test Device (Nasopharyngeal)' is hovered

2022-04-07 11:02:02 - [MESSAGE][PASSED] - Object: 'Object Repository/New_Homepage/Page_diagnostics/a_Abbott Rapid Diagnostics PANBIO COVID-19 Ag Rapid Test Device (Nasopharyngeal)' is hovered

2022-04-07 11:02:02 - [TEST_STEP][PASSED] - click(findTestObject("New_Homepage/Page_diagnostics/a_Abbott Rapid Diagnostics PANBIO COVID-19 Ag Rapid Test Device (Nasopharyngeal)")): Object: 'Object Repository/New_Homepage/Page_diagnostics/a_Abbott Rapid Diagnostics PANBIO COVID-19 Ag Rapid Test Device (Nasopharyngeal)' is clicked on

2022-04-07 11:02:05 - [MESSAGE][PASSED] - Object: 'Object Repository/New_Homepage/Page_diagnostics/a_Abbott Rapid Diagnostics PANBIO COVID-19 Ag Rapid Test Device (Nasopharyngeal)' is clicked on

2022-04-07 11:02:05 - [MESSAGE][PASSED] - Call Test Case 'Test Cases/Custom Item Details/UTILITIES/OPEN_BROWSER' successfully

2022-04-07 11:02:05 - [TEST_STEP][PASSED] - waitForElementVisible(findTestObject("Staging Objects/Page_diagnostics/div_Manufacture Information"), 0): Object 'Object Repository/Staging Objects/Page_diagnostics/div_Manufacture Information' is visible

2022-04-07 11:02:05 - [MESSAGE][WARNING] - Timeout '0' is invalid. Using default page load timeout: '30'

2022-04-07 11:02:07 - [MESSAGE][PASSED] - Object 'Object Repository/Staging Objects/Page_diagnostics/div_Manufacture Information' is visible

2022-04-07 11:02:07 - [TEST_STEP][PASSED] - verifyElementClickable(findTestObject("Staging Objects/Page_diagnostics/div_Manufacture Information")): Object 'Object Repository/Staging Objects/Page_diagnostics/div_Manufacture Information' is clickable

2022-04-07 11:02:07 - [MESSAGE][PASSED] - Object 'Object Repository/Staging Objects/Page_diagnostics/div_Manufacture Information' is clickable

2022-04-07 11:02:07 - [TEST_STEP][PASSED] - verifyElementText(findTestObject("Staging Objects/Page_diagnostics/div_Manufacture Information"), "Manufacture Information"): Actual text and expected text of test object 'Object Repository/Staging Objects/Page_diagnostics/div_Manufacture Information' are matched.

2022-04-07 11:02:07 - [MESSAGE][PASSED] - Actual text and expected text of test object 'Object Repository/Staging Objects/Page_diagnostics/div_Manufacture Information' are matched.

2022-04-07 11:02:07 - [TEST_STEP][PASSED] - click(findTestObject("Staging Objects/Page_diagnostics/div_Manufacture Information")): Object: 'Object Repository/Staging Objects/Page_diagnostics/div_Manufacture Information' is clicked on

2022-04-07 11:02:08 - [MESSAGE][PASSED] - Object: 'Object Repository/Staging Objects/Page_diagnostics/div_Manufacture Information' is clicked on

2022-04-07 11:02:08 - [TEST_STEP][PASSED] - callTestCase(findTestCase("Custom Item Details/UTILITIES/CLOSE_BROWSER"), [:], STOP_ON_FAILURE): Call Test Case 'Test Cases/Custom Item Details/UTILITIES/CLOSE_BROWSER' successfully

2022-04-07 11:02:08 - [TEST_CASE][PASSED] - Test Cases/Custom Item Details/UTILITIES/CLOSE_BROWSER: Test Cases/Custom Item Details/UTILITIES/CLOSE_BROWSER

2022-04-07 11:02:08 - [TEST_STEP][PASSED] - closeBrowser(): Browser is closed

2022-04-07 11:02:09 - [MESSAGE][PASSED] - Browser is closed

2022-04-07 11:02:09 - [MESSAGE][PASSED] - Call Test Case 'Test Cases/Custom Item Details/UTILITIES/CLOSE_BROWSER' successfully]]></system-out>
         <system-err><![CDATA[]]></system-err>
      </testcase>
      <testcase name="Test Cases/Custom Item Details/TEST CASE/TC_DETAILS_UI_018" time="16.507" classname="Test Cases/Custom Item Details/TEST CASE/TC_DETAILS_UI_018" status="PASSED">
         <system-out><![CDATA[2022-04-07 11:02:09 - [TEST_CASE][PASSED] - Test Cases/Custom Item Details/TEST CASE/TC_DETAILS_UI_018: Test Cases/Custom Item Details/TEST CASE/TC_DETAILS_UI_018

2022-04-07 11:02:09 - [TEST_STEP][PASSED] - callTestCase(findTestCase("Custom Item Details/UTILITIES/OPEN_BROWSER"), [:], STOP_ON_FAILURE): Call Test Case 'Test Cases/Custom Item Details/UTILITIES/OPEN_BROWSER' successfully

2022-04-07 11:02:09 - [TEST_CASE][PASSED] - Test Cases/Custom Item Details/UTILITIES/OPEN_BROWSER: Test Cases/Custom Item Details/UTILITIES/OPEN_BROWSER

2022-04-07 11:02:09 - [TEST_STEP][PASSED] - openBrowser("https://diagnostics.staging.arcadier.io/"): Browser is opened with url: 'https://diagnostics.staging.arcadier.io/'

2022-04-07 11:02:09 - [MESSAGE][INFO] - Starting 'Chrome' driver

2022-04-07 11:02:09 - [MESSAGE][INFO] - Action delay is set to 0 milliseconds

2022-04-07 11:02:12 - [MESSAGE][PASSED] - Browser is opened with url: 'https://diagnostics.staging.arcadier.io/'

2022-04-07 11:02:12 - [TEST_STEP][PASSED] - maximizeWindow(): Current window maximized

2022-04-07 11:02:12 - [MESSAGE][PASSED] - Current window maximized

2022-04-07 11:02:12 - [TEST_STEP][PASSED] - click(findTestObject("Item Details Objects/Page_diagnostics/a_Accept Cookies")): Object: 'Object Repository/Item Details Objects/Page_diagnostics/a_Accept Cookies' is clicked on

2022-04-07 11:02:14 - [MESSAGE][PASSED] - Object: 'Object Repository/Item Details Objects/Page_diagnostics/a_Accept Cookies' is clicked on

2022-04-07 11:02:14 - [TEST_STEP][PASSED] - click(findTestObject("New_Homepage/Page_diagnostics/a_COVID-19 DIAGNOSTICS"), STOP_ON_FAILURE): Object: 'Object Repository/New_Homepage/Page_diagnostics/a_COVID-19 DIAGNOSTICS' is clicked on

2022-04-07 11:02:16 - [MESSAGE][PASSED] - Object: 'Object Repository/New_Homepage/Page_diagnostics/a_COVID-19 DIAGNOSTICS' is clicked on

2022-04-07 11:02:16 - [TEST_STEP][PASSED] - mouseOver(findTestObject("New_Homepage/Page_diagnostics/a_Abbott Rapid Diagnostics PANBIO COVID-19 Ag Rapid Test Device (Nasopharyngeal)")): Object: 'Object Repository/New_Homepage/Page_diagnostics/a_Abbott Rapid Diagnostics PANBIO COVID-19 Ag Rapid Test Device (Nasopharyngeal)' is hovered

2022-04-07 11:02:18 - [MESSAGE][PASSED] - Object: 'Object Repository/New_Homepage/Page_diagnostics/a_Abbott Rapid Diagnostics PANBIO COVID-19 Ag Rapid Test Device (Nasopharyngeal)' is hovered

2022-04-07 11:02:18 - [TEST_STEP][PASSED] - click(findTestObject("New_Homepage/Page_diagnostics/a_Abbott Rapid Diagnostics PANBIO COVID-19 Ag Rapid Test Device (Nasopharyngeal)")): Object: 'Object Repository/New_Homepage/Page_diagnostics/a_Abbott Rapid Diagnostics PANBIO COVID-19 Ag Rapid Test Device (Nasopharyngeal)' is clicked on

2022-04-07 11:02:22 - [MESSAGE][PASSED] - Object: 'Object Repository/New_Homepage/Page_diagnostics/a_Abbott Rapid Diagnostics PANBIO COVID-19 Ag Rapid Test Device (Nasopharyngeal)' is clicked on

2022-04-07 11:02:22 - [MESSAGE][PASSED] - Call Test Case 'Test Cases/Custom Item Details/UTILITIES/OPEN_BROWSER' successfully

2022-04-07 11:02:22 - [TEST_STEP][PASSED] - waitForElementVisible(findTestObject("Staging Objects/Page_diagnostics/div_Regulatory Approval"), 0): Object 'Object Repository/Staging Objects/Page_diagnostics/div_Regulatory Approval' is visible

2022-04-07 11:02:22 - [MESSAGE][WARNING] - Timeout '0' is invalid. Using default page load timeout: '30'

2022-04-07 11:02:23 - [MESSAGE][PASSED] - Object 'Object Repository/Staging Objects/Page_diagnostics/div_Regulatory Approval' is visible

2022-04-07 11:02:23 - [TEST_STEP][PASSED] - verifyElementClickable(findTestObject("Staging Objects/Page_diagnostics/div_Regulatory Approval")): Object 'Object Repository/Staging Objects/Page_diagnostics/div_Regulatory Approval' is clickable

2022-04-07 11:02:24 - [MESSAGE][PASSED] - Object 'Object Repository/Staging Objects/Page_diagnostics/div_Regulatory Approval' is clickable

2022-04-07 11:02:24 - [TEST_STEP][PASSED] - verifyElementText(findTestObject("Staging Objects/Page_diagnostics/div_Regulatory Approval"), "Regulatory Approval"): Actual text and expected text of test object 'Object Repository/Staging Objects/Page_diagnostics/div_Regulatory Approval' are matched.

2022-04-07 11:02:24 - [MESSAGE][PASSED] - Actual text and expected text of test object 'Object Repository/Staging Objects/Page_diagnostics/div_Regulatory Approval' are matched.

2022-04-07 11:02:24 - [TEST_STEP][PASSED] - click(findTestObject("Staging Objects/Page_diagnostics/div_Regulatory Approval")): Object: 'Object Repository/Staging Objects/Page_diagnostics/div_Regulatory Approval' is clicked on

2022-04-07 11:02:24 - [MESSAGE][PASSED] - Object: 'Object Repository/Staging Objects/Page_diagnostics/div_Regulatory Approval' is clicked on

2022-04-07 11:02:24 - [TEST_STEP][PASSED] - callTestCase(findTestCase("Custom Item Details/UTILITIES/CLOSE_BROWSER"), [:], STOP_ON_FAILURE): Call Test Case 'Test Cases/Custom Item Details/UTILITIES/CLOSE_BROWSER' successfully

2022-04-07 11:02:24 - [TEST_CASE][PASSED] - Test Cases/Custom Item Details/UTILITIES/CLOSE_BROWSER: Test Cases/Custom Item Details/UTILITIES/CLOSE_BROWSER

2022-04-07 11:02:24 - [TEST_STEP][PASSED] - closeBrowser(): Browser is closed

2022-04-07 11:02:25 - [MESSAGE][PASSED] - Browser is closed

2022-04-07 11:02:25 - [MESSAGE][PASSED] - Call Test Case 'Test Cases/Custom Item Details/UTILITIES/CLOSE_BROWSER' successfully]]></system-out>
         <system-err><![CDATA[]]></system-err>
      </testcase>
      <testcase name="Test Cases/Custom Item Details/TEST CASE/TC_DETAILS_UI_019" time="15.859" classname="Test Cases/Custom Item Details/TEST CASE/TC_DETAILS_UI_019" status="PASSED">
         <system-out><![CDATA[2022-04-07 11:02:25 - [TEST_CASE][PASSED] - Test Cases/Custom Item Details/TEST CASE/TC_DETAILS_UI_019: Test Cases/Custom Item Details/TEST CASE/TC_DETAILS_UI_019

2022-04-07 11:02:25 - [TEST_STEP][PASSED] - callTestCase(findTestCase("Custom Item Details/UTILITIES/OPEN_BROWSER"), [:], STOP_ON_FAILURE): Call Test Case 'Test Cases/Custom Item Details/UTILITIES/OPEN_BROWSER' successfully

2022-04-07 11:02:25 - [TEST_CASE][PASSED] - Test Cases/Custom Item Details/UTILITIES/OPEN_BROWSER: Test Cases/Custom Item Details/UTILITIES/OPEN_BROWSER

2022-04-07 11:02:25 - [TEST_STEP][PASSED] - openBrowser("https://diagnostics.staging.arcadier.io/"): Browser is opened with url: 'https://diagnostics.staging.arcadier.io/'

2022-04-07 11:02:25 - [MESSAGE][INFO] - Starting 'Chrome' driver

2022-04-07 11:02:25 - [MESSAGE][INFO] - Action delay is set to 0 milliseconds

2022-04-07 11:02:29 - [MESSAGE][PASSED] - Browser is opened with url: 'https://diagnostics.staging.arcadier.io/'

2022-04-07 11:02:29 - [TEST_STEP][PASSED] - maximizeWindow(): Current window maximized

2022-04-07 11:02:29 - [MESSAGE][PASSED] - Current window maximized

2022-04-07 11:02:29 - [TEST_STEP][PASSED] - click(findTestObject("Item Details Objects/Page_diagnostics/a_Accept Cookies")): Object: 'Object Repository/Item Details Objects/Page_diagnostics/a_Accept Cookies' is clicked on

2022-04-07 11:02:30 - [MESSAGE][PASSED] - Object: 'Object Repository/Item Details Objects/Page_diagnostics/a_Accept Cookies' is clicked on

2022-04-07 11:02:30 - [TEST_STEP][PASSED] - click(findTestObject("New_Homepage/Page_diagnostics/a_COVID-19 DIAGNOSTICS"), STOP_ON_FAILURE): Object: 'Object Repository/New_Homepage/Page_diagnostics/a_COVID-19 DIAGNOSTICS' is clicked on

2022-04-07 11:02:32 - [MESSAGE][PASSED] - Object: 'Object Repository/New_Homepage/Page_diagnostics/a_COVID-19 DIAGNOSTICS' is clicked on

2022-04-07 11:02:32 - [TEST_STEP][PASSED] - mouseOver(findTestObject("New_Homepage/Page_diagnostics/a_Abbott Rapid Diagnostics PANBIO COVID-19 Ag Rapid Test Device (Nasopharyngeal)")): Object: 'Object Repository/New_Homepage/Page_diagnostics/a_Abbott Rapid Diagnostics PANBIO COVID-19 Ag Rapid Test Device (Nasopharyngeal)' is hovered

2022-04-07 11:02:34 - [MESSAGE][PASSED] - Object: 'Object Repository/New_Homepage/Page_diagnostics/a_Abbott Rapid Diagnostics PANBIO COVID-19 Ag Rapid Test Device (Nasopharyngeal)' is hovered

2022-04-07 11:02:34 - [TEST_STEP][PASSED] - click(findTestObject("New_Homepage/Page_diagnostics/a_Abbott Rapid Diagnostics PANBIO COVID-19 Ag Rapid Test Device (Nasopharyngeal)")): Object: 'Object Repository/New_Homepage/Page_diagnostics/a_Abbott Rapid Diagnostics PANBIO COVID-19 Ag Rapid Test Device (Nasopharyngeal)' is clicked on

2022-04-07 11:02:37 - [MESSAGE][PASSED] - Object: 'Object Repository/New_Homepage/Page_diagnostics/a_Abbott Rapid Diagnostics PANBIO COVID-19 Ag Rapid Test Device (Nasopharyngeal)' is clicked on

2022-04-07 11:02:37 - [MESSAGE][PASSED] - Call Test Case 'Test Cases/Custom Item Details/UTILITIES/OPEN_BROWSER' successfully

2022-04-07 11:02:37 - [TEST_STEP][PASSED] - waitForElementVisible(findTestObject("Staging Objects/Page_diagnostics/a_REQUEST FOR QUOTATION"), 0): Object 'Object Repository/Staging Objects/Page_diagnostics/a_REQUEST FOR QUOTATION' is visible

2022-04-07 11:02:37 - [MESSAGE][WARNING] - Timeout '0' is invalid. Using default page load timeout: '30'

2022-04-07 11:02:39 - [MESSAGE][PASSED] - Object 'Object Repository/Staging Objects/Page_diagnostics/a_REQUEST FOR QUOTATION' is visible

2022-04-07 11:02:39 - [TEST_STEP][PASSED] - verifyElementClickable(findTestObject("Staging Objects/Page_diagnostics/a_REQUEST FOR QUOTATION")): Object 'Object Repository/Staging Objects/Page_diagnostics/a_REQUEST FOR QUOTATION' is clickable

2022-04-07 11:02:39 - [MESSAGE][PASSED] - Object 'Object Repository/Staging Objects/Page_diagnostics/a_REQUEST FOR QUOTATION' is clickable

2022-04-07 11:02:39 - [TEST_STEP][PASSED] - click(findTestObject("Staging Objects/Page_diagnostics/a_REQUEST FOR QUOTATION")): Object: 'Object Repository/Staging Objects/Page_diagnostics/a_REQUEST FOR QUOTATION' is clicked on

2022-04-07 11:02:40 - [MESSAGE][PASSED] - Object: 'Object Repository/Staging Objects/Page_diagnostics/a_REQUEST FOR QUOTATION' is clicked on

2022-04-07 11:02:40 - [TEST_STEP][PASSED] - verifyElementPresent(findTestObject("Login Page/Page_diagnostics/div_Login_Page"), 0): Object 'Object Repository/Login Page/Page_diagnostics/div_Login_Page' is present

2022-04-07 11:02:40 - [MESSAGE][WARNING] - Timeout '0' is invalid. Using default page load timeout: '30'

2022-04-07 11:02:40 - [MESSAGE][PASSED] - Object 'Object Repository/Login Page/Page_diagnostics/div_Login_Page' is present

2022-04-07 11:02:40 - [TEST_STEP][PASSED] - callTestCase(findTestCase("Custom Item Details/UTILITIES/CLOSE_BROWSER"), [:], STOP_ON_FAILURE): Call Test Case 'Test Cases/Custom Item Details/UTILITIES/CLOSE_BROWSER' successfully

2022-04-07 11:02:40 - [TEST_CASE][PASSED] - Test Cases/Custom Item Details/UTILITIES/CLOSE_BROWSER: Test Cases/Custom Item Details/UTILITIES/CLOSE_BROWSER

2022-04-07 11:02:40 - [TEST_STEP][PASSED] - closeBrowser(): Browser is closed

2022-04-07 11:02:41 - [MESSAGE][PASSED] - Browser is closed

2022-04-07 11:02:41 - [MESSAGE][PASSED] - Call Test Case 'Test Cases/Custom Item Details/UTILITIES/CLOSE_BROWSER' successfully]]></system-out>
         <system-err><![CDATA[]]></system-err>
      </testcase>
      <testcase name="Test Cases/Custom Item Details/TEST CASE/TC_DETAILS_UI_020" time="23.344" classname="Test Cases/Custom Item Details/TEST CASE/TC_DETAILS_UI_020" status="FAILED">
         <failure type="FAILED" message="Test Cases/Custom Item Details/TEST CASE/TC_DETAILS_UI_020 FAILED.
Reason:
com.kms.katalon.core.exception.StepFailedException: Call Test Case 'Test Cases/Custom Item Details/UTILITIES/ITEM_DETAIL_PAGE' failed
	at com.kms.katalon.core.keyword.builtin.CallTestCaseKeyword$_callTestCase_closure1.doCall(CallTestCaseKeyword.groovy:63)
	at com.kms.katalon.core.keyword.builtin.CallTestCaseKeyword$_callTestCase_closure1.call(CallTestCaseKeyword.groovy)
	at com.kms.katalon.core.keyword.internal.KeywordMain.runKeyword(KeywordMain.groovy:68)
	at com.kms.katalon.core.keyword.builtin.CallTestCaseKeyword.callTestCase(CallTestCaseKeyword.groovy:81)
	at com.kms.katalon.core.keyword.builtin.CallTestCaseKeyword.execute(CallTestCaseKeyword.groovy:44)
	at com.kms.katalon.core.keyword.internal.KeywordExecutor.executeKeywordForPlatform(KeywordExecutor.groovy:73)
	at com.kms.katalon.core.keyword.BuiltinKeywords.callTestCase(BuiltinKeywords.groovy:334)
	at TC_DETAILS_UI_020.run(TC_DETAILS_UI_020:28)
	at com.kms.katalon.core.main.ScriptEngine.run(ScriptEngine.java:194)
	at com.kms.katalon.core.main.ScriptEngine.runScriptAsRawText(ScriptEngine.java:119)
	at com.kms.katalon.core.main.TestCaseExecutor.runScript(TestCaseExecutor.java:339)
	at com.kms.katalon.core.main.TestCaseExecutor.doExecute(TestCaseExecutor.java:330)
	at com.kms.katalon.core.main.TestCaseExecutor.processExecutionPhase(TestCaseExecutor.java:309)
	at com.kms.katalon.core.main.TestCaseExecutor.accessMainPhase(TestCaseExecutor.java:301)
	at com.kms.katalon.core.main.TestCaseExecutor.execute(TestCaseExecutor.java:235)
	at com.kms.katalon.core.main.TestSuiteExecutor.accessTestCaseMainPhase(TestSuiteExecutor.java:191)
	at com.kms.katalon.core.main.TestSuiteExecutor.accessTestSuiteMainPhase(TestSuiteExecutor.java:141)
	at com.kms.katalon.core.main.TestSuiteExecutor.execute(TestSuiteExecutor.java:90)
	at com.kms.katalon.core.main.TestCaseMain.startTestSuite(TestCaseMain.java:157)
	at com.kms.katalon.core.main.TestCaseMain$startTestSuite$0.call(Unknown Source)
	at TempTestSuite1649300223264.run(TempTestSuite1649300223264.groovy:39)
Caused by: com.kms.katalon.core.exception.StepFailedException: Unable to click on object 'Object Repository/Staging Objects/Page_diagnostics/a_DIABETES DIAGNOSTICS'
	at com.kms.katalon.core.webui.keyword.internal.WebUIKeywordMain.stepFailed(WebUIKeywordMain.groovy:64)
	at com.kms.katalon.core.webui.keyword.internal.WebUIKeywordMain.runKeyword(WebUIKeywordMain.groovy:26)
	at com.kms.katalon.core.webui.keyword.builtin.ClickKeyword.click(ClickKeyword.groovy:76)
	at com.kms.katalon.core.webui.keyword.builtin.ClickKeyword.execute(ClickKeyword.groovy:43)
	at com.kms.katalon.core.keyword.internal.KeywordExecutor.executeKeywordForPlatform(KeywordExecutor.groovy:73)
	at com.kms.katalon.core.webui.keyword.WebUiBuiltInKeywords.click(WebUiBuiltInKeywords.groovy:605)
	at com.kms.katalon.core.webui.keyword.WebUiBuiltInKeywords$click$2.call(Unknown Source)
	at ITEM_DETAIL_PAGE.run(ITEM_DETAIL_PAGE:18)
	at com.kms.katalon.core.main.ScriptEngine.run(ScriptEngine.java:194)
	at com.kms.katalon.core.main.ScriptEngine.runScriptAsRawText(ScriptEngine.java:119)
	at com.kms.katalon.core.main.TestCaseExecutor.runScript(TestCaseExecutor.java:339)
	at com.kms.katalon.core.main.TestCaseExecutor.doExecute(TestCaseExecutor.java:330)
	at com.kms.katalon.core.main.TestCaseExecutor.processExecutionPhase(TestCaseExecutor.java:309)
	at com.kms.katalon.core.main.TestCaseExecutor.accessMainPhase(TestCaseExecutor.java:301)
	at com.kms.katalon.core.main.TestCaseExecutor.execute(TestCaseExecutor.java:235)
	at com.kms.katalon.core.main.TestCaseMain.runTestCase(TestCaseMain.java:114)
	at com.kms.katalon.core.keyword.builtin.CallTestCaseKeyword$_callTestCase_closure1.doCall(CallTestCaseKeyword.groovy:59)
	... 20 more
Caused by: org.openqa.selenium.WebDriverException: unknown error: cannot determine loading status
from target frame detached
  (Session info: chrome=99.0.4844.84)
Build info: version: '3.141.59', revision: 'e82be7d358', time: '2018-11-14T08:25:53'
System info: host: 'DESKTOP-IJBB9BE', ip: '192.168.1.2', os.name: 'Windows 10', os.arch: 'amd64', os.version: '10.0', java.version: '1.8.0_181'
Driver info: com.kms.katalon.selenium.driver.CChromeDriver
Capabilities {acceptInsecureCerts: false, browserName: chrome, browserVersion: 99.0.4844.84, chrome: {chromedriverVersion: 99.0.4844.51 (d537ec02474b5..., userDataDir: C:\Users\Lexoter\AppData\Lo...}, goog:chromeOptions: {debuggerAddress: localhost:13701}, javascriptEnabled: true, networkConnectionEnabled: false, pageLoadStrategy: normal, platform: WINDOWS, platformName: WINDOWS, proxy: Proxy(), setWindowRect: true, strictFileInteractability: false, timeouts: {implicit: 0, pageLoad: 300000, script: 30000}, unhandledPromptBehavior: dismiss and notify, webauthn:extension:credBlob: true, webauthn:extension:largeBlob: true, webauthn:virtualAuthenticators: true}
Session ID: 148fd5506bacac9eeebcdfbbe56f8b8a
	at org.openqa.selenium.remote.http.W3CHttpResponseCodec.createException(W3CHttpResponseCodec.java:187)
	at org.openqa.selenium.remote.http.W3CHttpResponseCodec.decode(W3CHttpResponseCodec.java:122)
	at org.openqa.selenium.remote.http.W3CHttpResponseCodec.decode(W3CHttpResponseCodec.java:49)
	at org.openqa.selenium.remote.HttpCommandExecutor.execute(HttpCommandExecutor.java:158)
	at org.openqa.selenium.remote.service.DriverCommandExecutor.execute(DriverCommandExecutor.java:83)
	at org.openqa.selenium.remote.RemoteWebDriver.execute(RemoteWebDriver.java:552)
	at com.kms.katalon.selenium.driver.CChromeDriver.execute(CChromeDriver.java:19)
	at org.openqa.selenium.remote.RemoteWebElement.execute(RemoteWebElement.java:285)
	at org.openqa.selenium.remote.RemoteWebElement.click(RemoteWebElement.java:84)
	at org.openqa.selenium.support.events.EventFiringWebDriver$EventFiringWebElement.lambda$new$0(EventFiringWebDriver.java:404)
	at com.sun.proxy.$Proxy10.click(Unknown Source)
	at org.openqa.selenium.support.events.EventFiringWebDriver$EventFiringWebElement.click(EventFiringWebDriver.java:417)
	at com.kms.katalon.core.webui.keyword.builtin.ClickKeyword$_click_closure1.doCall(ClickKeyword.groovy:69)
	at com.kms.katalon.core.webui.keyword.builtin.ClickKeyword$_click_closure1.call(ClickKeyword.groovy)
	at com.kms.katalon.core.webui.keyword.internal.WebUIKeywordMain.runKeyword(WebUIKeywordMain.groovy:20)
	... 35 more
"/>
         <system-out><![CDATA[2022-04-07 11:02:41 - [TEST_CASE][FAILED] - Test Cases/Custom Item Details/TEST CASE/TC_DETAILS_UI_020: Test Cases/Custom Item Details/TEST CASE/TC_DETAILS_UI_020 FAILED.
Reason:
com.kms.katalon.core.exception.StepFailedException: Call Test Case 'Test Cases/Custom Item Details/UTILITIES/ITEM_DETAIL_PAGE' failed
	at com.kms.katalon.core.keyword.builtin.CallTestCaseKeyword$_callTestCase_closure1.doCall(CallTestCaseKeyword.groovy:63)
	at com.kms.katalon.core.keyword.builtin.CallTestCaseKeyword$_callTestCase_closure1.call(CallTestCaseKeyword.groovy)
	at com.kms.katalon.core.keyword.internal.KeywordMain.runKeyword(KeywordMain.groovy:68)
	at com.kms.katalon.core.keyword.builtin.CallTestCaseKeyword.callTestCase(CallTestCaseKeyword.groovy:81)
	at com.kms.katalon.core.keyword.builtin.CallTestCaseKeyword.execute(CallTestCaseKeyword.groovy:44)
	at com.kms.katalon.core.keyword.internal.KeywordExecutor.executeKeywordForPlatform(KeywordExecutor.groovy:73)
	at com.kms.katalon.core.keyword.BuiltinKeywords.callTestCase(BuiltinKeywords.groovy:334)
	at TC_DETAILS_UI_020.run(TC_DETAILS_UI_020:28)
	at com.kms.katalon.core.main.ScriptEngine.run(ScriptEngine.java:194)
	at com.kms.katalon.core.main.ScriptEngine.runScriptAsRawText(ScriptEngine.java:119)
	at com.kms.katalon.core.main.TestCaseExecutor.runScript(TestCaseExecutor.java:339)
	at com.kms.katalon.core.main.TestCaseExecutor.doExecute(TestCaseExecutor.java:330)
	at com.kms.katalon.core.main.TestCaseExecutor.processExecutionPhase(TestCaseExecutor.java:309)
	at com.kms.katalon.core.main.TestCaseExecutor.accessMainPhase(TestCaseExecutor.java:301)
	at com.kms.katalon.core.main.TestCaseExecutor.execute(TestCaseExecutor.java:235)
	at com.kms.katalon.core.main.TestSuiteExecutor.accessTestCaseMainPhase(TestSuiteExecutor.java:191)
	at com.kms.katalon.core.main.TestSuiteExecutor.accessTestSuiteMainPhase(TestSuiteExecutor.java:141)
	at com.kms.katalon.core.main.TestSuiteExecutor.execute(TestSuiteExecutor.java:90)
	at com.kms.katalon.core.main.TestCaseMain.startTestSuite(TestCaseMain.java:157)
	at com.kms.katalon.core.main.TestCaseMain$startTestSuite$0.call(Unknown Source)
	at TempTestSuite1649300223264.run(TempTestSuite1649300223264.groovy:39)
Caused by: com.kms.katalon.core.exception.StepFailedException: Unable to click on object 'Object Repository/Staging Objects/Page_diagnostics/a_DIABETES DIAGNOSTICS'
	at com.kms.katalon.core.webui.keyword.internal.WebUIKeywordMain.stepFailed(WebUIKeywordMain.groovy:64)
	at com.kms.katalon.core.webui.keyword.internal.WebUIKeywordMain.runKeyword(WebUIKeywordMain.groovy:26)
	at com.kms.katalon.core.webui.keyword.builtin.ClickKeyword.click(ClickKeyword.groovy:76)
	at com.kms.katalon.core.webui.keyword.builtin.ClickKeyword.execute(ClickKeyword.groovy:43)
	at com.kms.katalon.core.keyword.internal.KeywordExecutor.executeKeywordForPlatform(KeywordExecutor.groovy:73)
	at com.kms.katalon.core.webui.keyword.WebUiBuiltInKeywords.click(WebUiBuiltInKeywords.groovy:605)
	at com.kms.katalon.core.webui.keyword.WebUiBuiltInKeywords$click$2.call(Unknown Source)
	at ITEM_DETAIL_PAGE.run(ITEM_DETAIL_PAGE:18)
	at com.kms.katalon.core.main.ScriptEngine.run(ScriptEngine.java:194)
	at com.kms.katalon.core.main.ScriptEngine.runScriptAsRawText(ScriptEngine.java:119)
	at com.kms.katalon.core.main.TestCaseExecutor.runScript(TestCaseExecutor.java:339)
	at com.kms.katalon.core.main.TestCaseExecutor.doExecute(TestCaseExecutor.java:330)
	at com.kms.katalon.core.main.TestCaseExecutor.processExecutionPhase(TestCaseExecutor.java:309)
	at com.kms.katalon.core.main.TestCaseExecutor.accessMainPhase(TestCaseExecutor.java:301)
	at com.kms.katalon.core.main.TestCaseExecutor.execute(TestCaseExecutor.java:235)
	at com.kms.katalon.core.main.TestCaseMain.runTestCase(TestCaseMain.java:114)
	at com.kms.katalon.core.keyword.builtin.CallTestCaseKeyword$_callTestCase_closure1.doCall(CallTestCaseKeyword.groovy:59)
	... 20 more
Caused by: org.openqa.selenium.WebDriverException: unknown error: cannot determine loading status
from target frame detached
  (Session info: chrome=99.0.4844.84)
Build info: version: '3.141.59', revision: 'e82be7d358', time: '2018-11-14T08:25:53'
System info: host: 'DESKTOP-IJBB9BE', ip: '192.168.1.2', os.name: 'Windows 10', os.arch: 'amd64', os.version: '10.0', java.version: '1.8.0_181'
Driver info: com.kms.katalon.selenium.driver.CChromeDriver
Capabilities {acceptInsecureCerts: false, browserName: chrome, browserVersion: 99.0.4844.84, chrome: {chromedriverVersion: 99.0.4844.51 (d537ec02474b5..., userDataDir: C:\Users\Lexoter\AppData\Lo...}, goog:chromeOptions: {debuggerAddress: localhost:13701}, javascriptEnabled: true, networkConnectionEnabled: false, pageLoadStrategy: normal, platform: WINDOWS, platformName: WINDOWS, proxy: Proxy(), setWindowRect: true, strictFileInteractability: false, timeouts: {implicit: 0, pageLoad: 300000, script: 30000}, unhandledPromptBehavior: dismiss and notify, webauthn:extension:credBlob: true, webauthn:extension:largeBlob: true, webauthn:virtualAuthenticators: true}
Session ID: 148fd5506bacac9eeebcdfbbe56f8b8a
	at org.openqa.selenium.remote.http.W3CHttpResponseCodec.createException(W3CHttpResponseCodec.java:187)
	at org.openqa.selenium.remote.http.W3CHttpResponseCodec.decode(W3CHttpResponseCodec.java:122)
	at org.openqa.selenium.remote.http.W3CHttpResponseCodec.decode(W3CHttpResponseCodec.java:49)
	at org.openqa.selenium.remote.HttpCommandExecutor.execute(HttpCommandExecutor.java:158)
	at org.openqa.selenium.remote.service.DriverCommandExecutor.execute(DriverCommandExecutor.java:83)
	at org.openqa.selenium.remote.RemoteWebDriver.execute(RemoteWebDriver.java:552)
	at com.kms.katalon.selenium.driver.CChromeDriver.execute(CChromeDriver.java:19)
	at org.openqa.selenium.remote.RemoteWebElement.execute(RemoteWebElement.java:285)
	at org.openqa.selenium.remote.RemoteWebElement.click(RemoteWebElement.java:84)
	at org.openqa.selenium.support.events.EventFiringWebDriver$EventFiringWebElement.lambda$new$0(EventFiringWebDriver.java:404)
	at com.sun.proxy.$Proxy10.click(Unknown Source)
	at org.openqa.selenium.support.events.EventFiringWebDriver$EventFiringWebElement.click(EventFiringWebDriver.java:417)
	at com.kms.katalon.core.webui.keyword.builtin.ClickKeyword$_click_closure1.doCall(ClickKeyword.groovy:69)
	at com.kms.katalon.core.webui.keyword.builtin.ClickKeyword$_click_closure1.call(ClickKeyword.groovy)
	at com.kms.katalon.core.webui.keyword.internal.WebUIKeywordMain.runKeyword(WebUIKeywordMain.groovy:20)
	... 35 more


2022-04-07 11:02:41 - [TEST_STEP][PASSED] - callTestCase(findTestCase("Custom Item Details/UTILITIES/OPEN_BROWSER"), [:], STOP_ON_FAILURE): Call Test Case 'Test Cases/Custom Item Details/UTILITIES/OPEN_BROWSER' successfully

2022-04-07 11:02:41 - [TEST_CASE][PASSED] - Test Cases/Custom Item Details/UTILITIES/OPEN_BROWSER: Test Cases/Custom Item Details/UTILITIES/OPEN_BROWSER

2022-04-07 11:02:41 - [TEST_STEP][PASSED] - openBrowser("https://diagnostics.staging.arcadier.io/"): Browser is opened with url: 'https://diagnostics.staging.arcadier.io/'

2022-04-07 11:02:41 - [MESSAGE][INFO] - Starting 'Chrome' driver

2022-04-07 11:02:41 - [MESSAGE][INFO] - Action delay is set to 0 milliseconds

2022-04-07 11:02:45 - [MESSAGE][PASSED] - Browser is opened with url: 'https://diagnostics.staging.arcadier.io/'

2022-04-07 11:02:45 - [TEST_STEP][PASSED] - maximizeWindow(): Current window maximized

2022-04-07 11:02:45 - [MESSAGE][PASSED] - Current window maximized

2022-04-07 11:02:45 - [TEST_STEP][PASSED] - click(findTestObject("Item Details Objects/Page_diagnostics/a_Accept Cookies")): Object: 'Object Repository/Item Details Objects/Page_diagnostics/a_Accept Cookies' is clicked on

2022-04-07 11:02:46 - [MESSAGE][PASSED] - Object: 'Object Repository/Item Details Objects/Page_diagnostics/a_Accept Cookies' is clicked on

2022-04-07 11:02:46 - [TEST_STEP][PASSED] - click(findTestObject("New_Homepage/Page_diagnostics/a_COVID-19 DIAGNOSTICS"), STOP_ON_FAILURE): Object: 'Object Repository/New_Homepage/Page_diagnostics/a_COVID-19 DIAGNOSTICS' is clicked on

2022-04-07 11:02:48 - [MESSAGE][PASSED] - Object: 'Object Repository/New_Homepage/Page_diagnostics/a_COVID-19 DIAGNOSTICS' is clicked on

2022-04-07 11:02:48 - [TEST_STEP][PASSED] - mouseOver(findTestObject("New_Homepage/Page_diagnostics/a_Abbott Rapid Diagnostics PANBIO COVID-19 Ag Rapid Test Device (Nasopharyngeal)")): Object: 'Object Repository/New_Homepage/Page_diagnostics/a_Abbott Rapid Diagnostics PANBIO COVID-19 Ag Rapid Test Device (Nasopharyngeal)' is hovered

2022-04-07 11:02:50 - [MESSAGE][PASSED] - Object: 'Object Repository/New_Homepage/Page_diagnostics/a_Abbott Rapid Diagnostics PANBIO COVID-19 Ag Rapid Test Device (Nasopharyngeal)' is hovered

2022-04-07 11:02:50 - [TEST_STEP][PASSED] - click(findTestObject("New_Homepage/Page_diagnostics/a_Abbott Rapid Diagnostics PANBIO COVID-19 Ag Rapid Test Device (Nasopharyngeal)")): Object: 'Object Repository/New_Homepage/Page_diagnostics/a_Abbott Rapid Diagnostics PANBIO COVID-19 Ag Rapid Test Device (Nasopharyngeal)' is clicked on

2022-04-07 11:02:52 - [MESSAGE][PASSED] - Object: 'Object Repository/New_Homepage/Page_diagnostics/a_Abbott Rapid Diagnostics PANBIO COVID-19 Ag Rapid Test Device (Nasopharyngeal)' is clicked on

2022-04-07 11:02:52 - [MESSAGE][PASSED] - Call Test Case 'Test Cases/Custom Item Details/UTILITIES/OPEN_BROWSER' successfully

2022-04-07 11:02:52 - [TEST_STEP][PASSED] - waitForElementVisible(findTestObject("Item Details Objects/Page_diagnostics/a_Procure_Directly_From_Seller"), 0): Object 'Object Repository/Item Details Objects/Page_diagnostics/a_Procure_Directly_From_Seller' is visible

2022-04-07 11:02:52 - [MESSAGE][WARNING] - Timeout '0' is invalid. Using default page load timeout: '30'

2022-04-07 11:02:53 - [MESSAGE][PASSED] - Object 'Object Repository/Item Details Objects/Page_diagnostics/a_Procure_Directly_From_Seller' is visible

2022-04-07 11:02:53 - [TEST_STEP][PASSED] - click(findTestObject("Item Details Objects/Page_diagnostics/a_Procure_Directly_From_Seller")): Object: 'Object Repository/Item Details Objects/Page_diagnostics/a_Procure_Directly_From_Seller' is clicked on

2022-04-07 11:02:54 - [MESSAGE][PASSED] - Object: 'Object Repository/Item Details Objects/Page_diagnostics/a_Procure_Directly_From_Seller' is clicked on

2022-04-07 11:02:54 - [TEST_STEP][PASSED] - verifyElementPresent(findTestObject("Login Page/Page_diagnostics/div_Login_Page"), 0): Object 'Object Repository/Login Page/Page_diagnostics/div_Login_Page' is present

2022-04-07 11:02:54 - [MESSAGE][WARNING] - Timeout '0' is invalid. Using default page load timeout: '30'

2022-04-07 11:02:55 - [MESSAGE][PASSED] - Object 'Object Repository/Login Page/Page_diagnostics/div_Login_Page' is present

2022-04-07 11:02:55 - [TEST_STEP][PASSED] - callTestCase(findTestCase("Custom Item Details/UTILITIES/LOGIN"), [:], STOP_ON_FAILURE): Call Test Case 'Test Cases/Custom Item Details/UTILITIES/LOGIN' successfully

2022-04-07 11:02:55 - [TEST_CASE][PASSED] - Test Cases/Custom Item Details/UTILITIES/LOGIN: Test Cases/Custom Item Details/UTILITIES/LOGIN

2022-04-07 11:02:55 - [TEST_STEP][PASSED] - click(findTestObject("Login Page/Page_diagnostics/a_Sign_In_as_ Buyer")): Object: 'Object Repository/Login Page/Page_diagnostics/a_Sign_In_as_ Buyer' is clicked on

2022-04-07 11:02:55 - [MESSAGE][PASSED] - Object: 'Object Repository/Login Page/Page_diagnostics/a_Sign_In_as_ Buyer' is clicked on

2022-04-07 11:02:55 - [TEST_STEP][PASSED] - setText(findTestObject("Login Page/Page_diagnostics/input_EmailUsername"), "admin"): Text 'admin' is set on object 'Object Repository/Login Page/Page_diagnostics/input_EmailUsername'

2022-04-07 11:02:56 - [MESSAGE][PASSED] - Text 'admin' is set on object 'Object Repository/Login Page/Page_diagnostics/input_EmailUsername'

2022-04-07 11:02:56 - [TEST_STEP][PASSED] - setText(findTestObject("Login Page/Page_diagnostics/input_Password"), "Diagnostics123!"): Text 'Diagnostics123!' is set on object 'Object Repository/Login Page/Page_diagnostics/input_Password'

2022-04-07 11:02:57 - [MESSAGE][PASSED] - Text 'Diagnostics123!' is set on object 'Object Repository/Login Page/Page_diagnostics/input_Password'

2022-04-07 11:02:57 - [TEST_STEP][PASSED] - click(findTestObject("Login Page/Page_diagnostics/input_Login-Submit")): Object: 'Object Repository/Login Page/Page_diagnostics/input_Login-Submit' is clicked on

2022-04-07 11:03:02 - [MESSAGE][PASSED] - Object: 'Object Repository/Login Page/Page_diagnostics/input_Login-Submit' is clicked on

2022-04-07 11:03:02 - [MESSAGE][PASSED] - Call Test Case 'Test Cases/Custom Item Details/UTILITIES/LOGIN' successfully

2022-04-07 11:03:02 - [TEST_STEP][FAILED] - callTestCase(findTestCase("Custom Item Details/UTILITIES/ITEM_DETAIL_PAGE"), [:], STOP_ON_FAILURE): Unable to call Test Case 'Test Cases/Custom Item Details/UTILITIES/ITEM_DETAIL_PAGE' (Root cause: com.kms.katalon.core.exception.StepFailedException: Call Test Case 'Test Cases/Custom Item Details/UTILITIES/ITEM_DETAIL_PAGE' failed
	at com.kms.katalon.core.keyword.builtin.CallTestCaseKeyword$_callTestCase_closure1.doCall(CallTestCaseKeyword.groovy:63)
	at com.kms.katalon.core.keyword.builtin.CallTestCaseKeyword$_callTestCase_closure1.call(CallTestCaseKeyword.groovy)
	at com.kms.katalon.core.keyword.internal.KeywordMain.runKeyword(KeywordMain.groovy:68)
	at com.kms.katalon.core.keyword.builtin.CallTestCaseKeyword.callTestCase(CallTestCaseKeyword.groovy:81)
	at com.kms.katalon.core.keyword.builtin.CallTestCaseKeyword.execute(CallTestCaseKeyword.groovy:44)
	at com.kms.katalon.core.keyword.internal.KeywordExecutor.executeKeywordForPlatform(KeywordExecutor.groovy:73)
	at com.kms.katalon.core.keyword.BuiltinKeywords.callTestCase(BuiltinKeywords.groovy:334)
	at TC_DETAILS_UI_020.run(TC_DETAILS_UI_020:28)
	at com.kms.katalon.core.main.ScriptEngine.run(ScriptEngine.java:194)
	at com.kms.katalon.core.main.ScriptEngine.runScriptAsRawText(ScriptEngine.java:119)
	at com.kms.katalon.core.main.TestCaseExecutor.runScript(TestCaseExecutor.java:339)
	at com.kms.katalon.core.main.TestCaseExecutor.doExecute(TestCaseExecutor.java:330)
	at com.kms.katalon.core.main.TestCaseExecutor.processExecutionPhase(TestCaseExecutor.java:309)
	at com.kms.katalon.core.main.TestCaseExecutor.accessMainPhase(TestCaseExecutor.java:301)
	at com.kms.katalon.core.main.TestCaseExecutor.execute(TestCaseExecutor.java:235)
	at com.kms.katalon.core.main.TestSuiteExecutor.accessTestCaseMainPhase(TestSuiteExecutor.java:191)
	at com.kms.katalon.core.main.TestSuiteExecutor.accessTestSuiteMainPhase(TestSuiteExecutor.java:141)
	at com.kms.katalon.core.main.TestSuiteExecutor.execute(TestSuiteExecutor.java:90)
	at com.kms.katalon.core.main.TestCaseMain.startTestSuite(TestCaseMain.java:157)
	at com.kms.katalon.core.main.TestCaseMain$startTestSuite$0.call(Unknown Source)
	at TempTestSuite1649300223264.run(TempTestSuite1649300223264.groovy:39)
Caused by: com.kms.katalon.core.exception.StepFailedException: Unable to click on object 'Object Repository/Staging Objects/Page_diagnostics/a_DIABETES DIAGNOSTICS'
	at com.kms.katalon.core.webui.keyword.internal.WebUIKeywordMain.stepFailed(WebUIKeywordMain.groovy:64)
	at com.kms.katalon.core.webui.keyword.internal.WebUIKeywordMain.runKeyword(WebUIKeywordMain.groovy:26)
	at com.kms.katalon.core.webui.keyword.builtin.ClickKeyword.click(ClickKeyword.groovy:76)
	at com.kms.katalon.core.webui.keyword.builtin.ClickKeyword.execute(ClickKeyword.groovy:43)
	at com.kms.katalon.core.keyword.internal.KeywordExecutor.executeKeywordForPlatform(KeywordExecutor.groovy:73)
	at com.kms.katalon.core.webui.keyword.WebUiBuiltInKeywords.click(WebUiBuiltInKeywords.groovy:605)
	at com.kms.katalon.core.webui.keyword.WebUiBuiltInKeywords$click$2.call(Unknown Source)
	at ITEM_DETAIL_PAGE.run(ITEM_DETAIL_PAGE:18)
	at com.kms.katalon.core.main.ScriptEngine.run(ScriptEngine.java:194)
	at com.kms.katalon.core.main.ScriptEngine.runScriptAsRawText(ScriptEngine.java:119)
	at com.kms.katalon.core.main.TestCaseExecutor.runScript(TestCaseExecutor.java:339)
	at com.kms.katalon.core.main.TestCaseExecutor.doExecute(TestCaseExecutor.java:330)
	at com.kms.katalon.core.main.TestCaseExecutor.processExecutionPhase(TestCaseExecutor.java:309)
	at com.kms.katalon.core.main.TestCaseExecutor.accessMainPhase(TestCaseExecutor.java:301)
	at com.kms.katalon.core.main.TestCaseExecutor.execute(TestCaseExecutor.java:235)
	at com.kms.katalon.core.main.TestCaseMain.runTestCase(TestCaseMain.java:114)
	at com.kms.katalon.core.keyword.builtin.CallTestCaseKeyword$_callTestCase_closure1.doCall(CallTestCaseKeyword.groovy:59)
	... 20 more
Caused by: org.openqa.selenium.WebDriverException: unknown error: cannot determine loading status
from target frame detached
  (Session info: chrome=99.0.4844.84)
Build info: version: '3.141.59', revision: 'e82be7d358', time: '2018-11-14T08:25:53'
System info: host: 'DESKTOP-IJBB9BE', ip: '192.168.1.2', os.name: 'Windows 10', os.arch: 'amd64', os.version: '10.0', java.version: '1.8.0_181'
Driver info: com.kms.katalon.selenium.driver.CChromeDriver
Capabilities {acceptInsecureCerts: false, browserName: chrome, browserVersion: 99.0.4844.84, chrome: {chromedriverVersion: 99.0.4844.51 (d537ec02474b5..., userDataDir: C:\Users\Lexoter\AppData\Lo...}, goog:chromeOptions: {debuggerAddress: localhost:13701}, javascriptEnabled: true, networkConnectionEnabled: false, pageLoadStrategy: normal, platform: WINDOWS, platformName: WINDOWS, proxy: Proxy(), setWindowRect: true, strictFileInteractability: false, timeouts: {implicit: 0, pageLoad: 300000, script: 30000}, unhandledPromptBehavior: dismiss and notify, webauthn:extension:credBlob: true, webauthn:extension:largeBlob: true, webauthn:virtualAuthenticators: true}
Session ID: 148fd5506bacac9eeebcdfbbe56f8b8a
	at org.openqa.selenium.remote.http.W3CHttpResponseCodec.createException(W3CHttpResponseCodec.java:187)
	at org.openqa.selenium.remote.http.W3CHttpResponseCodec.decode(W3CHttpResponseCodec.java:122)
	at org.openqa.selenium.remote.http.W3CHttpResponseCodec.decode(W3CHttpResponseCodec.java:49)
	at org.openqa.selenium.remote.HttpCommandExecutor.execute(HttpCommandExecutor.java:158)
	at org.openqa.selenium.remote.service.DriverCommandExecutor.execute(DriverCommandExecutor.java:83)
	at org.openqa.selenium.remote.RemoteWebDriver.execute(RemoteWebDriver.java:552)
	at com.kms.katalon.selenium.driver.CChromeDriver.execute(CChromeDriver.java:19)
	at org.openqa.selenium.remote.RemoteWebElement.execute(RemoteWebElement.java:285)
	at org.openqa.selenium.remote.RemoteWebElement.click(RemoteWebElement.java:84)
	at org.openqa.selenium.support.events.EventFiringWebDriver$EventFiringWebElement.lambda$new$0(EventFiringWebDriver.java:404)
	at com.sun.proxy.$Proxy10.click(Unknown Source)
	at org.openqa.selenium.support.events.EventFiringWebDriver$EventFiringWebElement.click(EventFiringWebDriver.java:417)
	at com.kms.katalon.core.webui.keyword.builtin.ClickKeyword$_click_closure1.doCall(ClickKeyword.groovy:69)
	at com.kms.katalon.core.webui.keyword.builtin.ClickKeyword$_click_closure1.call(ClickKeyword.groovy)
	at com.kms.katalon.core.webui.keyword.internal.WebUIKeywordMain.runKeyword(WebUIKeywordMain.groovy:20)
	... 35 more
)

2022-04-07 11:03:02 - [TEST_CASE][FAILED] - Test Cases/Custom Item Details/UTILITIES/ITEM_DETAIL_PAGE: Test Cases/Custom Item Details/UTILITIES/ITEM_DETAIL_PAGE FAILED.
Reason:
com.kms.katalon.core.exception.StepFailedException: Unable to click on object 'Object Repository/Staging Objects/Page_diagnostics/a_DIABETES DIAGNOSTICS'
	at com.kms.katalon.core.webui.keyword.internal.WebUIKeywordMain.stepFailed(WebUIKeywordMain.groovy:64)
	at com.kms.katalon.core.webui.keyword.internal.WebUIKeywordMain.runKeyword(WebUIKeywordMain.groovy:26)
	at com.kms.katalon.core.webui.keyword.builtin.ClickKeyword.click(ClickKeyword.groovy:76)
	at com.kms.katalon.core.webui.keyword.builtin.ClickKeyword.execute(ClickKeyword.groovy:43)
	at com.kms.katalon.core.keyword.internal.KeywordExecutor.executeKeywordForPlatform(KeywordExecutor.groovy:73)
	at com.kms.katalon.core.webui.keyword.WebUiBuiltInKeywords.click(WebUiBuiltInKeywords.groovy:605)
	at com.kms.katalon.core.webui.keyword.WebUiBuiltInKeywords$click$2.call(Unknown Source)
	at ITEM_DETAIL_PAGE.run(ITEM_DETAIL_PAGE:18)
	at com.kms.katalon.core.main.ScriptEngine.run(ScriptEngine.java:194)
	at com.kms.katalon.core.main.ScriptEngine.runScriptAsRawText(ScriptEngine.java:119)
	at com.kms.katalon.core.main.TestCaseExecutor.runScript(TestCaseExecutor.java:339)
	at com.kms.katalon.core.main.TestCaseExecutor.doExecute(TestCaseExecutor.java:330)
	at com.kms.katalon.core.main.TestCaseExecutor.processExecutionPhase(TestCaseExecutor.java:309)
	at com.kms.katalon.core.main.TestCaseExecutor.accessMainPhase(TestCaseExecutor.java:301)
	at com.kms.katalon.core.main.TestCaseExecutor.execute(TestCaseExecutor.java:235)
	at com.kms.katalon.core.main.TestCaseMain.runTestCase(TestCaseMain.java:114)
	at com.kms.katalon.core.keyword.builtin.CallTestCaseKeyword$_callTestCase_closure1.doCall(CallTestCaseKeyword.groovy:59)
	at com.kms.katalon.core.keyword.builtin.CallTestCaseKeyword$_callTestCase_closure1.call(CallTestCaseKeyword.groovy)
	at com.kms.katalon.core.keyword.internal.KeywordMain.runKeyword(KeywordMain.groovy:68)
	at com.kms.katalon.core.keyword.builtin.CallTestCaseKeyword.callTestCase(CallTestCaseKeyword.groovy:81)
	at com.kms.katalon.core.keyword.builtin.CallTestCaseKeyword.execute(CallTestCaseKeyword.groovy:44)
	at com.kms.katalon.core.keyword.internal.KeywordExecutor.executeKeywordForPlatform(KeywordExecutor.groovy:73)
	at com.kms.katalon.core.keyword.BuiltinKeywords.callTestCase(BuiltinKeywords.groovy:334)
	at TC_DETAILS_UI_020.run(TC_DETAILS_UI_020:28)
	at com.kms.katalon.core.main.ScriptEngine.run(ScriptEngine.java:194)
	at com.kms.katalon.core.main.ScriptEngine.runScriptAsRawText(ScriptEngine.java:119)
	at com.kms.katalon.core.main.TestCaseExecutor.runScript(TestCaseExecutor.java:339)
	at com.kms.katalon.core.main.TestCaseExecutor.doExecute(TestCaseExecutor.java:330)
	at com.kms.katalon.core.main.TestCaseExecutor.processExecutionPhase(TestCaseExecutor.java:309)
	at com.kms.katalon.core.main.TestCaseExecutor.accessMainPhase(TestCaseExecutor.java:301)
	at com.kms.katalon.core.main.TestCaseExecutor.execute(TestCaseExecutor.java:235)
	at com.kms.katalon.core.main.TestSuiteExecutor.accessTestCaseMainPhase(TestSuiteExecutor.java:191)
	at com.kms.katalon.core.main.TestSuiteExecutor.accessTestSuiteMainPhase(TestSuiteExecutor.java:141)
	at com.kms.katalon.core.main.TestSuiteExecutor.execute(TestSuiteExecutor.java:90)
	at com.kms.katalon.core.main.TestCaseMain.startTestSuite(TestCaseMain.java:157)
	at com.kms.katalon.core.main.TestCaseMain$startTestSuite$0.call(Unknown Source)
	at TempTestSuite1649300223264.run(TempTestSuite1649300223264.groovy:39)
Caused by: org.openqa.selenium.WebDriverException: unknown error: cannot determine loading status
from target frame detached
  (Session info: chrome=99.0.4844.84)
Build info: version: '3.141.59', revision: 'e82be7d358', time: '2018-11-14T08:25:53'
System info: host: 'DESKTOP-IJBB9BE', ip: '192.168.1.2', os.name: 'Windows 10', os.arch: 'amd64', os.version: '10.0', java.version: '1.8.0_181'
Driver info: com.kms.katalon.selenium.driver.CChromeDriver
Capabilities {acceptInsecureCerts: false, browserName: chrome, browserVersion: 99.0.4844.84, chrome: {chromedriverVersion: 99.0.4844.51 (d537ec02474b5..., userDataDir: C:\Users\Lexoter\AppData\Lo...}, goog:chromeOptions: {debuggerAddress: localhost:13701}, javascriptEnabled: true, networkConnectionEnabled: false, pageLoadStrategy: normal, platform: WINDOWS, platformName: WINDOWS, proxy: Proxy(), setWindowRect: true, strictFileInteractability: false, timeouts: {implicit: 0, pageLoad: 300000, script: 30000}, unhandledPromptBehavior: dismiss and notify, webauthn:extension:credBlob: true, webauthn:extension:largeBlob: true, webauthn:virtualAuthenticators: true}
Session ID: 148fd5506bacac9eeebcdfbbe56f8b8a
	at org.openqa.selenium.remote.http.W3CHttpResponseCodec.createException(W3CHttpResponseCodec.java:187)
	at org.openqa.selenium.remote.http.W3CHttpResponseCodec.decode(W3CHttpResponseCodec.java:122)
	at org.openqa.selenium.remote.http.W3CHttpResponseCodec.decode(W3CHttpResponseCodec.java:49)
	at org.openqa.selenium.remote.HttpCommandExecutor.execute(HttpCommandExecutor.java:158)
	at org.openqa.selenium.remote.service.DriverCommandExecutor.execute(DriverCommandExecutor.java:83)
	at org.openqa.selenium.remote.RemoteWebDriver.execute(RemoteWebDriver.java:552)
	at com.kms.katalon.selenium.driver.CChromeDriver.execute(CChromeDriver.java:19)
	at org.openqa.selenium.remote.RemoteWebElement.execute(RemoteWebElement.java:285)
	at org.openqa.selenium.remote.RemoteWebElement.click(RemoteWebElement.java:84)
	at org.openqa.selenium.support.events.EventFiringWebDriver$EventFiringWebElement.lambda$new$0(EventFiringWebDriver.java:404)
	at com.sun.proxy.$Proxy10.click(Unknown Source)
	at org.openqa.selenium.support.events.EventFiringWebDriver$EventFiringWebElement.click(EventFiringWebDriver.java:417)
	at com.kms.katalon.core.webui.keyword.builtin.ClickKeyword$_click_closure1.doCall(ClickKeyword.groovy:69)
	at com.kms.katalon.core.webui.keyword.builtin.ClickKeyword$_click_closure1.call(ClickKeyword.groovy)
	at com.kms.katalon.core.webui.keyword.internal.WebUIKeywordMain.runKeyword(WebUIKeywordMain.groovy:20)
	... 35 more


2022-04-07 11:03:02 - [TEST_STEP][FAILED] - click(findTestObject("Staging Objects/Page_diagnostics/a_DIABETES DIAGNOSTICS"), STOP_ON_FAILURE): Unable to click on object 'Object Repository/Staging Objects/Page_diagnostics/a_DIABETES DIAGNOSTICS' (Root cause: com.kms.katalon.core.exception.StepFailedException: Unable to click on object 'Object Repository/Staging Objects/Page_diagnostics/a_DIABETES DIAGNOSTICS'
	at com.kms.katalon.core.webui.keyword.internal.WebUIKeywordMain.stepFailed(WebUIKeywordMain.groovy:64)
	at com.kms.katalon.core.webui.keyword.internal.WebUIKeywordMain.runKeyword(WebUIKeywordMain.groovy:26)
	at com.kms.katalon.core.webui.keyword.builtin.ClickKeyword.click(ClickKeyword.groovy:76)
	at com.kms.katalon.core.webui.keyword.builtin.ClickKeyword.execute(ClickKeyword.groovy:43)
	at com.kms.katalon.core.keyword.internal.KeywordExecutor.executeKeywordForPlatform(KeywordExecutor.groovy:73)
	at com.kms.katalon.core.webui.keyword.WebUiBuiltInKeywords.click(WebUiBuiltInKeywords.groovy:605)
	at com.kms.katalon.core.webui.keyword.WebUiBuiltInKeywords$click$2.call(Unknown Source)
	at ITEM_DETAIL_PAGE.run(ITEM_DETAIL_PAGE:18)
	at com.kms.katalon.core.main.ScriptEngine.run(ScriptEngine.java:194)
	at com.kms.katalon.core.main.ScriptEngine.runScriptAsRawText(ScriptEngine.java:119)
	at com.kms.katalon.core.main.TestCaseExecutor.runScript(TestCaseExecutor.java:339)
	at com.kms.katalon.core.main.TestCaseExecutor.doExecute(TestCaseExecutor.java:330)
	at com.kms.katalon.core.main.TestCaseExecutor.processExecutionPhase(TestCaseExecutor.java:309)
	at com.kms.katalon.core.main.TestCaseExecutor.accessMainPhase(TestCaseExecutor.java:301)
	at com.kms.katalon.core.main.TestCaseExecutor.execute(TestCaseExecutor.java:235)
	at com.kms.katalon.core.main.TestCaseMain.runTestCase(TestCaseMain.java:114)
	at com.kms.katalon.core.keyword.builtin.CallTestCaseKeyword$_callTestCase_closure1.doCall(CallTestCaseKeyword.groovy:59)
	at com.kms.katalon.core.keyword.builtin.CallTestCaseKeyword$_callTestCase_closure1.call(CallTestCaseKeyword.groovy)
	at com.kms.katalon.core.keyword.internal.KeywordMain.runKeyword(KeywordMain.groovy:68)
	at com.kms.katalon.core.keyword.builtin.CallTestCaseKeyword.callTestCase(CallTestCaseKeyword.groovy:81)
	at com.kms.katalon.core.keyword.builtin.CallTestCaseKeyword.execute(CallTestCaseKeyword.groovy:44)
	at com.kms.katalon.core.keyword.internal.KeywordExecutor.executeKeywordForPlatform(KeywordExecutor.groovy:73)
	at com.kms.katalon.core.keyword.BuiltinKeywords.callTestCase(BuiltinKeywords.groovy:334)
	at TC_DETAILS_UI_020.run(TC_DETAILS_UI_020:28)
	at com.kms.katalon.core.main.ScriptEngine.run(ScriptEngine.java:194)
	at com.kms.katalon.core.main.ScriptEngine.runScriptAsRawText(ScriptEngine.java:119)
	at com.kms.katalon.core.main.TestCaseExecutor.runScript(TestCaseExecutor.java:339)
	at com.kms.katalon.core.main.TestCaseExecutor.doExecute(TestCaseExecutor.java:330)
	at com.kms.katalon.core.main.TestCaseExecutor.processExecutionPhase(TestCaseExecutor.java:309)
	at com.kms.katalon.core.main.TestCaseExecutor.accessMainPhase(TestCaseExecutor.java:301)
	at com.kms.katalon.core.main.TestCaseExecutor.execute(TestCaseExecutor.java:235)
	at com.kms.katalon.core.main.TestSuiteExecutor.accessTestCaseMainPhase(TestSuiteExecutor.java:191)
	at com.kms.katalon.core.main.TestSuiteExecutor.accessTestSuiteMainPhase(TestSuiteExecutor.java:141)
	at com.kms.katalon.core.main.TestSuiteExecutor.execute(TestSuiteExecutor.java:90)
	at com.kms.katalon.core.main.TestCaseMain.startTestSuite(TestCaseMain.java:157)
	at com.kms.katalon.core.main.TestCaseMain$startTestSuite$0.call(Unknown Source)
	at TempTestSuite1649300223264.run(TempTestSuite1649300223264.groovy:39)
Caused by: org.openqa.selenium.WebDriverException: unknown error: cannot determine loading status
from target frame detached
  (Session info: chrome=99.0.4844.84)
Build info: version: '3.141.59', revision: 'e82be7d358', time: '2018-11-14T08:25:53'
System info: host: 'DESKTOP-IJBB9BE', ip: '192.168.1.2', os.name: 'Windows 10', os.arch: 'amd64', os.version: '10.0', java.version: '1.8.0_181'
Driver info: com.kms.katalon.selenium.driver.CChromeDriver
Capabilities {acceptInsecureCerts: false, browserName: chrome, browserVersion: 99.0.4844.84, chrome: {chromedriverVersion: 99.0.4844.51 (d537ec02474b5..., userDataDir: C:\Users\Lexoter\AppData\Lo...}, goog:chromeOptions: {debuggerAddress: localhost:13701}, javascriptEnabled: true, networkConnectionEnabled: false, pageLoadStrategy: normal, platform: WINDOWS, platformName: WINDOWS, proxy: Proxy(), setWindowRect: true, strictFileInteractability: false, timeouts: {implicit: 0, pageLoad: 300000, script: 30000}, unhandledPromptBehavior: dismiss and notify, webauthn:extension:credBlob: true, webauthn:extension:largeBlob: true, webauthn:virtualAuthenticators: true}
Session ID: 148fd5506bacac9eeebcdfbbe56f8b8a
	at org.openqa.selenium.remote.http.W3CHttpResponseCodec.createException(W3CHttpResponseCodec.java:187)
	at org.openqa.selenium.remote.http.W3CHttpResponseCodec.decode(W3CHttpResponseCodec.java:122)
	at org.openqa.selenium.remote.http.W3CHttpResponseCodec.decode(W3CHttpResponseCodec.java:49)
	at org.openqa.selenium.remote.HttpCommandExecutor.execute(HttpCommandExecutor.java:158)
	at org.openqa.selenium.remote.service.DriverCommandExecutor.execute(DriverCommandExecutor.java:83)
	at org.openqa.selenium.remote.RemoteWebDriver.execute(RemoteWebDriver.java:552)
	at com.kms.katalon.selenium.driver.CChromeDriver.execute(CChromeDriver.java:19)
	at org.openqa.selenium.remote.RemoteWebElement.execute(RemoteWebElement.java:285)
	at org.openqa.selenium.remote.RemoteWebElement.click(RemoteWebElement.java:84)
	at org.openqa.selenium.support.events.EventFiringWebDriver$EventFiringWebElement.lambda$new$0(EventFiringWebDriver.java:404)
	at com.sun.proxy.$Proxy10.click(Unknown Source)
	at org.openqa.selenium.support.events.EventFiringWebDriver$EventFiringWebElement.click(EventFiringWebDriver.java:417)
	at com.kms.katalon.core.webui.keyword.builtin.ClickKeyword$_click_closure1.doCall(ClickKeyword.groovy:69)
	at com.kms.katalon.core.webui.keyword.builtin.ClickKeyword$_click_closure1.call(ClickKeyword.groovy)
	at com.kms.katalon.core.webui.keyword.internal.WebUIKeywordMain.runKeyword(WebUIKeywordMain.groovy:20)
	at com.kms.katalon.core.webui.keyword.builtin.ClickKeyword.click(ClickKeyword.groovy:76)
	at com.kms.katalon.core.webui.keyword.builtin.ClickKeyword.execute(ClickKeyword.groovy:43)
	at com.kms.katalon.core.keyword.internal.KeywordExecutor.executeKeywordForPlatform(KeywordExecutor.groovy:73)
	at com.kms.katalon.core.webui.keyword.WebUiBuiltInKeywords.click(WebUiBuiltInKeywords.groovy:605)
	at com.kms.katalon.core.webui.keyword.WebUiBuiltInKeywords$click$2.call(Unknown Source)
	at Script1608094892492.run(Script1608094892492.groovy:18)
	at com.kms.katalon.core.main.ScriptEngine.run(ScriptEngine.java:194)
	at com.kms.katalon.core.main.ScriptEngine.runScriptAsRawText(ScriptEngine.java:119)
	at com.kms.katalon.core.main.TestCaseExecutor.runScript(TestCaseExecutor.java:339)
	at com.kms.katalon.core.main.TestCaseExecutor.doExecute(TestCaseExecutor.java:330)
	at com.kms.katalon.core.main.TestCaseExecutor.processExecutionPhase(TestCaseExecutor.java:309)
	at com.kms.katalon.core.main.TestCaseExecutor.accessMainPhase(TestCaseExecutor.java:301)
	at com.kms.katalon.core.main.TestCaseExecutor.execute(TestCaseExecutor.java:235)
	at com.kms.katalon.core.main.TestCaseMain.runTestCase(TestCaseMain.java:114)
	at com.kms.katalon.core.keyword.builtin.CallTestCaseKeyword$_callTestCase_closure1.doCall(CallTestCaseKeyword.groovy:59)
	at com.kms.katalon.core.keyword.builtin.CallTestCaseKeyword$_callTestCase_closure1.call(CallTestCaseKeyword.groovy)
	at com.kms.katalon.core.keyword.internal.KeywordMain.runKeyword(KeywordMain.groovy:68)
	at com.kms.katalon.core.keyword.builtin.CallTestCaseKeyword.callTestCase(CallTestCaseKeyword.groovy:81)
	at com.kms.katalon.core.keyword.builtin.CallTestCaseKeyword.execute(CallTestCaseKeyword.groovy:44)
	at com.kms.katalon.core.keyword.internal.KeywordExecutor.executeKeywordForPlatform(KeywordExecutor.groovy:73)
	at com.kms.katalon.core.keyword.BuiltinKeywords.callTestCase(BuiltinKeywords.groovy:334)
	at Script1620629262211.run(Script1620629262211.groovy:28)
	... 13 more
)

2022-04-07 11:03:04 - [MESSAGE][FAILED] - Unable to click on object 'Object Repository/Staging Objects/Page_diagnostics/a_DIABETES DIAGNOSTICS' (Root cause: com.kms.katalon.core.exception.StepFailedException: Unable to click on object 'Object Repository/Staging Objects/Page_diagnostics/a_DIABETES DIAGNOSTICS'
	at com.kms.katalon.core.webui.keyword.internal.WebUIKeywordMain.stepFailed(WebUIKeywordMain.groovy:64)
	at com.kms.katalon.core.webui.keyword.internal.WebUIKeywordMain.runKeyword(WebUIKeywordMain.groovy:26)
	at com.kms.katalon.core.webui.keyword.builtin.ClickKeyword.click(ClickKeyword.groovy:76)
	at com.kms.katalon.core.webui.keyword.builtin.ClickKeyword.execute(ClickKeyword.groovy:43)
	at com.kms.katalon.core.keyword.internal.KeywordExecutor.executeKeywordForPlatform(KeywordExecutor.groovy:73)
	at com.kms.katalon.core.webui.keyword.WebUiBuiltInKeywords.click(WebUiBuiltInKeywords.groovy:605)
	at com.kms.katalon.core.webui.keyword.WebUiBuiltInKeywords$click$2.call(Unknown Source)
	at ITEM_DETAIL_PAGE.run(ITEM_DETAIL_PAGE:18)
	at com.kms.katalon.core.main.ScriptEngine.run(ScriptEngine.java:194)
	at com.kms.katalon.core.main.ScriptEngine.runScriptAsRawText(ScriptEngine.java:119)
	at com.kms.katalon.core.main.TestCaseExecutor.runScript(TestCaseExecutor.java:339)
	at com.kms.katalon.core.main.TestCaseExecutor.doExecute(TestCaseExecutor.java:330)
	at com.kms.katalon.core.main.TestCaseExecutor.processExecutionPhase(TestCaseExecutor.java:309)
	at com.kms.katalon.core.main.TestCaseExecutor.accessMainPhase(TestCaseExecutor.java:301)
	at com.kms.katalon.core.main.TestCaseExecutor.execute(TestCaseExecutor.java:235)
	at com.kms.katalon.core.main.TestCaseMain.runTestCase(TestCaseMain.java:114)
	at com.kms.katalon.core.keyword.builtin.CallTestCaseKeyword$_callTestCase_closure1.doCall(CallTestCaseKeyword.groovy:59)
	at com.kms.katalon.core.keyword.builtin.CallTestCaseKeyword$_callTestCase_closure1.call(CallTestCaseKeyword.groovy)
	at com.kms.katalon.core.keyword.internal.KeywordMain.runKeyword(KeywordMain.groovy:68)
	at com.kms.katalon.core.keyword.builtin.CallTestCaseKeyword.callTestCase(CallTestCaseKeyword.groovy:81)
	at com.kms.katalon.core.keyword.builtin.CallTestCaseKeyword.execute(CallTestCaseKeyword.groovy:44)
	at com.kms.katalon.core.keyword.internal.KeywordExecutor.executeKeywordForPlatform(KeywordExecutor.groovy:73)
	at com.kms.katalon.core.keyword.BuiltinKeywords.callTestCase(BuiltinKeywords.groovy:334)
	at TC_DETAILS_UI_020.run(TC_DETAILS_UI_020:28)
	at com.kms.katalon.core.main.ScriptEngine.run(ScriptEngine.java:194)
	at com.kms.katalon.core.main.ScriptEngine.runScriptAsRawText(ScriptEngine.java:119)
	at com.kms.katalon.core.main.TestCaseExecutor.runScript(TestCaseExecutor.java:339)
	at com.kms.katalon.core.main.TestCaseExecutor.doExecute(TestCaseExecutor.java:330)
	at com.kms.katalon.core.main.TestCaseExecutor.processExecutionPhase(TestCaseExecutor.java:309)
	at com.kms.katalon.core.main.TestCaseExecutor.accessMainPhase(TestCaseExecutor.java:301)
	at com.kms.katalon.core.main.TestCaseExecutor.execute(TestCaseExecutor.java:235)
	at com.kms.katalon.core.main.TestSuiteExecutor.accessTestCaseMainPhase(TestSuiteExecutor.java:191)
	at com.kms.katalon.core.main.TestSuiteExecutor.accessTestSuiteMainPhase(TestSuiteExecutor.java:141)
	at com.kms.katalon.core.main.TestSuiteExecutor.execute(TestSuiteExecutor.java:90)
	at com.kms.katalon.core.main.TestCaseMain.startTestSuite(TestCaseMain.java:157)
	at com.kms.katalon.core.main.TestCaseMain$startTestSuite$0.call(Unknown Source)
	at TempTestSuite1649300223264.run(TempTestSuite1649300223264.groovy:39)
Caused by: org.openqa.selenium.WebDriverException: unknown error: cannot determine loading status
from target frame detached
  (Session info: chrome=99.0.4844.84)
Build info: version: '3.141.59', revision: 'e82be7d358', time: '2018-11-14T08:25:53'
System info: host: 'DESKTOP-IJBB9BE', ip: '192.168.1.2', os.name: 'Windows 10', os.arch: 'amd64', os.version: '10.0', java.version: '1.8.0_181'
Driver info: com.kms.katalon.selenium.driver.CChromeDriver
Capabilities {acceptInsecureCerts: false, browserName: chrome, browserVersion: 99.0.4844.84, chrome: {chromedriverVersion: 99.0.4844.51 (d537ec02474b5..., userDataDir: C:\Users\Lexoter\AppData\Lo...}, goog:chromeOptions: {debuggerAddress: localhost:13701}, javascriptEnabled: true, networkConnectionEnabled: false, pageLoadStrategy: normal, platform: WINDOWS, platformName: WINDOWS, proxy: Proxy(), setWindowRect: true, strictFileInteractability: false, timeouts: {implicit: 0, pageLoad: 300000, script: 30000}, unhandledPromptBehavior: dismiss and notify, webauthn:extension:credBlob: true, webauthn:extension:largeBlob: true, webauthn:virtualAuthenticators: true}
Session ID: 148fd5506bacac9eeebcdfbbe56f8b8a
	at org.openqa.selenium.remote.http.W3CHttpResponseCodec.createException(W3CHttpResponseCodec.java:187)
	at org.openqa.selenium.remote.http.W3CHttpResponseCodec.decode(W3CHttpResponseCodec.java:122)
	at org.openqa.selenium.remote.http.W3CHttpResponseCodec.decode(W3CHttpResponseCodec.java:49)
	at org.openqa.selenium.remote.HttpCommandExecutor.execute(HttpCommandExecutor.java:158)
	at org.openqa.selenium.remote.service.DriverCommandExecutor.execute(DriverCommandExecutor.java:83)
	at org.openqa.selenium.remote.RemoteWebDriver.execute(RemoteWebDriver.java:552)
	at com.kms.katalon.selenium.driver.CChromeDriver.execute(CChromeDriver.java:19)
	at org.openqa.selenium.remote.RemoteWebElement.execute(RemoteWebElement.java:285)
	at org.openqa.selenium.remote.RemoteWebElement.click(RemoteWebElement.java:84)
	at org.openqa.selenium.support.events.EventFiringWebDriver$EventFiringWebElement.lambda$new$0(EventFiringWebDriver.java:404)
	at com.sun.proxy.$Proxy10.click(Unknown Source)
	at org.openqa.selenium.support.events.EventFiringWebDriver$EventFiringWebElement.click(EventFiringWebDriver.java:417)
	at com.kms.katalon.core.webui.keyword.builtin.ClickKeyword$_click_closure1.doCall(ClickKeyword.groovy:69)
	at com.kms.katalon.core.webui.keyword.builtin.ClickKeyword$_click_closure1.call(ClickKeyword.groovy)
	at com.kms.katalon.core.webui.keyword.internal.WebUIKeywordMain.runKeyword(WebUIKeywordMain.groovy:20)
	at com.kms.katalon.core.webui.keyword.builtin.ClickKeyword.click(ClickKeyword.groovy:76)
	at com.kms.katalon.core.webui.keyword.builtin.ClickKeyword.execute(ClickKeyword.groovy:43)
	at com.kms.katalon.core.keyword.internal.KeywordExecutor.executeKeywordForPlatform(KeywordExecutor.groovy:73)
	at com.kms.katalon.core.webui.keyword.WebUiBuiltInKeywords.click(WebUiBuiltInKeywords.groovy:605)
	at com.kms.katalon.core.webui.keyword.WebUiBuiltInKeywords$click$2.call(Unknown Source)
	at Script1608094892492.run(Script1608094892492.groovy:18)
	at com.kms.katalon.core.main.ScriptEngine.run(ScriptEngine.java:194)
	at com.kms.katalon.core.main.ScriptEngine.runScriptAsRawText(ScriptEngine.java:119)
	at com.kms.katalon.core.main.TestCaseExecutor.runScript(TestCaseExecutor.java:339)
	at com.kms.katalon.core.main.TestCaseExecutor.doExecute(TestCaseExecutor.java:330)
	at com.kms.katalon.core.main.TestCaseExecutor.processExecutionPhase(TestCaseExecutor.java:309)
	at com.kms.katalon.core.main.TestCaseExecutor.accessMainPhase(TestCaseExecutor.java:301)
	at com.kms.katalon.core.main.TestCaseExecutor.execute(TestCaseExecutor.java:235)
	at com.kms.katalon.core.main.TestCaseMain.runTestCase(TestCaseMain.java:114)
	at com.kms.katalon.core.keyword.builtin.CallTestCaseKeyword$_callTestCase_closure1.doCall(CallTestCaseKeyword.groovy:59)
	at com.kms.katalon.core.keyword.builtin.CallTestCaseKeyword$_callTestCase_closure1.call(CallTestCaseKeyword.groovy)
	at com.kms.katalon.core.keyword.internal.KeywordMain.runKeyword(KeywordMain.groovy:68)
	at com.kms.katalon.core.keyword.builtin.CallTestCaseKeyword.callTestCase(CallTestCaseKeyword.groovy:81)
	at com.kms.katalon.core.keyword.builtin.CallTestCaseKeyword.execute(CallTestCaseKeyword.groovy:44)
	at com.kms.katalon.core.keyword.internal.KeywordExecutor.executeKeywordForPlatform(KeywordExecutor.groovy:73)
	at com.kms.katalon.core.keyword.BuiltinKeywords.callTestCase(BuiltinKeywords.groovy:334)
	at Script1620629262211.run(Script1620629262211.groovy:28)
	... 13 more
)
[[ATTACHMENT|K:\\Work\\GitHub\\find-item-detail-test_v2\\Reports\\20220407_105703\\Item detail test\\20220407_105703\\1649300584242.png]]

2022-04-07 11:03:04 - [MESSAGE][FAILED] - Unable to call Test Case 'Test Cases/Custom Item Details/UTILITIES/ITEM_DETAIL_PAGE' (Root cause: com.kms.katalon.core.exception.StepFailedException: Call Test Case 'Test Cases/Custom Item Details/UTILITIES/ITEM_DETAIL_PAGE' failed
	at com.kms.katalon.core.keyword.builtin.CallTestCaseKeyword$_callTestCase_closure1.doCall(CallTestCaseKeyword.groovy:63)
	at com.kms.katalon.core.keyword.builtin.CallTestCaseKeyword$_callTestCase_closure1.call(CallTestCaseKeyword.groovy)
	at com.kms.katalon.core.keyword.internal.KeywordMain.runKeyword(KeywordMain.groovy:68)
	at com.kms.katalon.core.keyword.builtin.CallTestCaseKeyword.callTestCase(CallTestCaseKeyword.groovy:81)
	at com.kms.katalon.core.keyword.builtin.CallTestCaseKeyword.execute(CallTestCaseKeyword.groovy:44)
	at com.kms.katalon.core.keyword.internal.KeywordExecutor.executeKeywordForPlatform(KeywordExecutor.groovy:73)
	at com.kms.katalon.core.keyword.BuiltinKeywords.callTestCase(BuiltinKeywords.groovy:334)
	at TC_DETAILS_UI_020.run(TC_DETAILS_UI_020:28)
	at com.kms.katalon.core.main.ScriptEngine.run(ScriptEngine.java:194)
	at com.kms.katalon.core.main.ScriptEngine.runScriptAsRawText(ScriptEngine.java:119)
	at com.kms.katalon.core.main.TestCaseExecutor.runScript(TestCaseExecutor.java:339)
	at com.kms.katalon.core.main.TestCaseExecutor.doExecute(TestCaseExecutor.java:330)
	at com.kms.katalon.core.main.TestCaseExecutor.processExecutionPhase(TestCaseExecutor.java:309)
	at com.kms.katalon.core.main.TestCaseExecutor.accessMainPhase(TestCaseExecutor.java:301)
	at com.kms.katalon.core.main.TestCaseExecutor.execute(TestCaseExecutor.java:235)
	at com.kms.katalon.core.main.TestSuiteExecutor.accessTestCaseMainPhase(TestSuiteExecutor.java:191)
	at com.kms.katalon.core.main.TestSuiteExecutor.accessTestSuiteMainPhase(TestSuiteExecutor.java:141)
	at com.kms.katalon.core.main.TestSuiteExecutor.execute(TestSuiteExecutor.java:90)
	at com.kms.katalon.core.main.TestCaseMain.startTestSuite(TestCaseMain.java:157)
	at com.kms.katalon.core.main.TestCaseMain$startTestSuite$0.call(Unknown Source)
	at TempTestSuite1649300223264.run(TempTestSuite1649300223264.groovy:39)
Caused by: com.kms.katalon.core.exception.StepFailedException: Unable to click on object 'Object Repository/Staging Objects/Page_diagnostics/a_DIABETES DIAGNOSTICS'
	at com.kms.katalon.core.webui.keyword.internal.WebUIKeywordMain.stepFailed(WebUIKeywordMain.groovy:64)
	at com.kms.katalon.core.webui.keyword.internal.WebUIKeywordMain.runKeyword(WebUIKeywordMain.groovy:26)
	at com.kms.katalon.core.webui.keyword.builtin.ClickKeyword.click(ClickKeyword.groovy:76)
	at com.kms.katalon.core.webui.keyword.builtin.ClickKeyword.execute(ClickKeyword.groovy:43)
	at com.kms.katalon.core.keyword.internal.KeywordExecutor.executeKeywordForPlatform(KeywordExecutor.groovy:73)
	at com.kms.katalon.core.webui.keyword.WebUiBuiltInKeywords.click(WebUiBuiltInKeywords.groovy:605)
	at com.kms.katalon.core.webui.keyword.WebUiBuiltInKeywords$click$2.call(Unknown Source)
	at ITEM_DETAIL_PAGE.run(ITEM_DETAIL_PAGE:18)
	at com.kms.katalon.core.main.ScriptEngine.run(ScriptEngine.java:194)
	at com.kms.katalon.core.main.ScriptEngine.runScriptAsRawText(ScriptEngine.java:119)
	at com.kms.katalon.core.main.TestCaseExecutor.runScript(TestCaseExecutor.java:339)
	at com.kms.katalon.core.main.TestCaseExecutor.doExecute(TestCaseExecutor.java:330)
	at com.kms.katalon.core.main.TestCaseExecutor.processExecutionPhase(TestCaseExecutor.java:309)
	at com.kms.katalon.core.main.TestCaseExecutor.accessMainPhase(TestCaseExecutor.java:301)
	at com.kms.katalon.core.main.TestCaseExecutor.execute(TestCaseExecutor.java:235)
	at com.kms.katalon.core.main.TestCaseMain.runTestCase(TestCaseMain.java:114)
	at com.kms.katalon.core.keyword.builtin.CallTestCaseKeyword$_callTestCase_closure1.doCall(CallTestCaseKeyword.groovy:59)
	... 20 more
Caused by: org.openqa.selenium.WebDriverException: unknown error: cannot determine loading status
from target frame detached
  (Session info: chrome=99.0.4844.84)
Build info: version: '3.141.59', revision: 'e82be7d358', time: '2018-11-14T08:25:53'
System info: host: 'DESKTOP-IJBB9BE', ip: '192.168.1.2', os.name: 'Windows 10', os.arch: 'amd64', os.version: '10.0', java.version: '1.8.0_181'
Driver info: com.kms.katalon.selenium.driver.CChromeDriver
Capabilities {acceptInsecureCerts: false, browserName: chrome, browserVersion: 99.0.4844.84, chrome: {chromedriverVersion: 99.0.4844.51 (d537ec02474b5..., userDataDir: C:\Users\Lexoter\AppData\Lo...}, goog:chromeOptions: {debuggerAddress: localhost:13701}, javascriptEnabled: true, networkConnectionEnabled: false, pageLoadStrategy: normal, platform: WINDOWS, platformName: WINDOWS, proxy: Proxy(), setWindowRect: true, strictFileInteractability: false, timeouts: {implicit: 0, pageLoad: 300000, script: 30000}, unhandledPromptBehavior: dismiss and notify, webauthn:extension:credBlob: true, webauthn:extension:largeBlob: true, webauthn:virtualAuthenticators: true}
Session ID: 148fd5506bacac9eeebcdfbbe56f8b8a
	at org.openqa.selenium.remote.http.W3CHttpResponseCodec.createException(W3CHttpResponseCodec.java:187)
	at org.openqa.selenium.remote.http.W3CHttpResponseCodec.decode(W3CHttpResponseCodec.java:122)
	at org.openqa.selenium.remote.http.W3CHttpResponseCodec.decode(W3CHttpResponseCodec.java:49)
	at org.openqa.selenium.remote.HttpCommandExecutor.execute(HttpCommandExecutor.java:158)
	at org.openqa.selenium.remote.service.DriverCommandExecutor.execute(DriverCommandExecutor.java:83)
	at org.openqa.selenium.remote.RemoteWebDriver.execute(RemoteWebDriver.java:552)
	at com.kms.katalon.selenium.driver.CChromeDriver.execute(CChromeDriver.java:19)
	at org.openqa.selenium.remote.RemoteWebElement.execute(RemoteWebElement.java:285)
	at org.openqa.selenium.remote.RemoteWebElement.click(RemoteWebElement.java:84)
	at org.openqa.selenium.support.events.EventFiringWebDriver$EventFiringWebElement.lambda$new$0(EventFiringWebDriver.java:404)
	at com.sun.proxy.$Proxy10.click(Unknown Source)
	at org.openqa.selenium.support.events.EventFiringWebDriver$EventFiringWebElement.click(EventFiringWebDriver.java:417)
	at com.kms.katalon.core.webui.keyword.builtin.ClickKeyword$_click_closure1.doCall(ClickKeyword.groovy:69)
	at com.kms.katalon.core.webui.keyword.builtin.ClickKeyword$_click_closure1.call(ClickKeyword.groovy)
	at com.kms.katalon.core.webui.keyword.internal.WebUIKeywordMain.runKeyword(WebUIKeywordMain.groovy:20)
	... 35 more
)]]></system-out>
         <system-err><![CDATA[2022-04-07 11:02:41 - [TEST_CASE][FAILED] - Test Cases/Custom Item Details/TEST CASE/TC_DETAILS_UI_020: Test Cases/Custom Item Details/TEST CASE/TC_DETAILS_UI_020 FAILED.
Reason:
com.kms.katalon.core.exception.StepFailedException: Call Test Case 'Test Cases/Custom Item Details/UTILITIES/ITEM_DETAIL_PAGE' failed
	at com.kms.katalon.core.keyword.builtin.CallTestCaseKeyword$_callTestCase_closure1.doCall(CallTestCaseKeyword.groovy:63)
	at com.kms.katalon.core.keyword.builtin.CallTestCaseKeyword$_callTestCase_closure1.call(CallTestCaseKeyword.groovy)
	at com.kms.katalon.core.keyword.internal.KeywordMain.runKeyword(KeywordMain.groovy:68)
	at com.kms.katalon.core.keyword.builtin.CallTestCaseKeyword.callTestCase(CallTestCaseKeyword.groovy:81)
	at com.kms.katalon.core.keyword.builtin.CallTestCaseKeyword.execute(CallTestCaseKeyword.groovy:44)
	at com.kms.katalon.core.keyword.internal.KeywordExecutor.executeKeywordForPlatform(KeywordExecutor.groovy:73)
	at com.kms.katalon.core.keyword.BuiltinKeywords.callTestCase(BuiltinKeywords.groovy:334)
	at TC_DETAILS_UI_020.run(TC_DETAILS_UI_020:28)
	at com.kms.katalon.core.main.ScriptEngine.run(ScriptEngine.java:194)
	at com.kms.katalon.core.main.ScriptEngine.runScriptAsRawText(ScriptEngine.java:119)
	at com.kms.katalon.core.main.TestCaseExecutor.runScript(TestCaseExecutor.java:339)
	at com.kms.katalon.core.main.TestCaseExecutor.doExecute(TestCaseExecutor.java:330)
	at com.kms.katalon.core.main.TestCaseExecutor.processExecutionPhase(TestCaseExecutor.java:309)
	at com.kms.katalon.core.main.TestCaseExecutor.accessMainPhase(TestCaseExecutor.java:301)
	at com.kms.katalon.core.main.TestCaseExecutor.execute(TestCaseExecutor.java:235)
	at com.kms.katalon.core.main.TestSuiteExecutor.accessTestCaseMainPhase(TestSuiteExecutor.java:191)
	at com.kms.katalon.core.main.TestSuiteExecutor.accessTestSuiteMainPhase(TestSuiteExecutor.java:141)
	at com.kms.katalon.core.main.TestSuiteExecutor.execute(TestSuiteExecutor.java:90)
	at com.kms.katalon.core.main.TestCaseMain.startTestSuite(TestCaseMain.java:157)
	at com.kms.katalon.core.main.TestCaseMain$startTestSuite$0.call(Unknown Source)
	at TempTestSuite1649300223264.run(TempTestSuite1649300223264.groovy:39)
Caused by: com.kms.katalon.core.exception.StepFailedException: Unable to click on object 'Object Repository/Staging Objects/Page_diagnostics/a_DIABETES DIAGNOSTICS'
	at com.kms.katalon.core.webui.keyword.internal.WebUIKeywordMain.stepFailed(WebUIKeywordMain.groovy:64)
	at com.kms.katalon.core.webui.keyword.internal.WebUIKeywordMain.runKeyword(WebUIKeywordMain.groovy:26)
	at com.kms.katalon.core.webui.keyword.builtin.ClickKeyword.click(ClickKeyword.groovy:76)
	at com.kms.katalon.core.webui.keyword.builtin.ClickKeyword.execute(ClickKeyword.groovy:43)
	at com.kms.katalon.core.keyword.internal.KeywordExecutor.executeKeywordForPlatform(KeywordExecutor.groovy:73)
	at com.kms.katalon.core.webui.keyword.WebUiBuiltInKeywords.click(WebUiBuiltInKeywords.groovy:605)
	at com.kms.katalon.core.webui.keyword.WebUiBuiltInKeywords$click$2.call(Unknown Source)
	at ITEM_DETAIL_PAGE.run(ITEM_DETAIL_PAGE:18)
	at com.kms.katalon.core.main.ScriptEngine.run(ScriptEngine.java:194)
	at com.kms.katalon.core.main.ScriptEngine.runScriptAsRawText(ScriptEngine.java:119)
	at com.kms.katalon.core.main.TestCaseExecutor.runScript(TestCaseExecutor.java:339)
	at com.kms.katalon.core.main.TestCaseExecutor.doExecute(TestCaseExecutor.java:330)
	at com.kms.katalon.core.main.TestCaseExecutor.processExecutionPhase(TestCaseExecutor.java:309)
	at com.kms.katalon.core.main.TestCaseExecutor.accessMainPhase(TestCaseExecutor.java:301)
	at com.kms.katalon.core.main.TestCaseExecutor.execute(TestCaseExecutor.java:235)
	at com.kms.katalon.core.main.TestCaseMain.runTestCase(TestCaseMain.java:114)
	at com.kms.katalon.core.keyword.builtin.CallTestCaseKeyword$_callTestCase_closure1.doCall(CallTestCaseKeyword.groovy:59)
	... 20 more
Caused by: org.openqa.selenium.WebDriverException: unknown error: cannot determine loading status
from target frame detached
  (Session info: chrome=99.0.4844.84)
Build info: version: '3.141.59', revision: 'e82be7d358', time: '2018-11-14T08:25:53'
System info: host: 'DESKTOP-IJBB9BE', ip: '192.168.1.2', os.name: 'Windows 10', os.arch: 'amd64', os.version: '10.0', java.version: '1.8.0_181'
Driver info: com.kms.katalon.selenium.driver.CChromeDriver
Capabilities {acceptInsecureCerts: false, browserName: chrome, browserVersion: 99.0.4844.84, chrome: {chromedriverVersion: 99.0.4844.51 (d537ec02474b5..., userDataDir: C:\Users\Lexoter\AppData\Lo...}, goog:chromeOptions: {debuggerAddress: localhost:13701}, javascriptEnabled: true, networkConnectionEnabled: false, pageLoadStrategy: normal, platform: WINDOWS, platformName: WINDOWS, proxy: Proxy(), setWindowRect: true, strictFileInteractability: false, timeouts: {implicit: 0, pageLoad: 300000, script: 30000}, unhandledPromptBehavior: dismiss and notify, webauthn:extension:credBlob: true, webauthn:extension:largeBlob: true, webauthn:virtualAuthenticators: true}
Session ID: 148fd5506bacac9eeebcdfbbe56f8b8a
	at org.openqa.selenium.remote.http.W3CHttpResponseCodec.createException(W3CHttpResponseCodec.java:187)
	at org.openqa.selenium.remote.http.W3CHttpResponseCodec.decode(W3CHttpResponseCodec.java:122)
	at org.openqa.selenium.remote.http.W3CHttpResponseCodec.decode(W3CHttpResponseCodec.java:49)
	at org.openqa.selenium.remote.HttpCommandExecutor.execute(HttpCommandExecutor.java:158)
	at org.openqa.selenium.remote.service.DriverCommandExecutor.execute(DriverCommandExecutor.java:83)
	at org.openqa.selenium.remote.RemoteWebDriver.execute(RemoteWebDriver.java:552)
	at com.kms.katalon.selenium.driver.CChromeDriver.execute(CChromeDriver.java:19)
	at org.openqa.selenium.remote.RemoteWebElement.execute(RemoteWebElement.java:285)
	at org.openqa.selenium.remote.RemoteWebElement.click(RemoteWebElement.java:84)
	at org.openqa.selenium.support.events.EventFiringWebDriver$EventFiringWebElement.lambda$new$0(EventFiringWebDriver.java:404)
	at com.sun.proxy.$Proxy10.click(Unknown Source)
	at org.openqa.selenium.support.events.EventFiringWebDriver$EventFiringWebElement.click(EventFiringWebDriver.java:417)
	at com.kms.katalon.core.webui.keyword.builtin.ClickKeyword$_click_closure1.doCall(ClickKeyword.groovy:69)
	at com.kms.katalon.core.webui.keyword.builtin.ClickKeyword$_click_closure1.call(ClickKeyword.groovy)
	at com.kms.katalon.core.webui.keyword.internal.WebUIKeywordMain.runKeyword(WebUIKeywordMain.groovy:20)
	... 35 more]]></system-err>
      </testcase>
      <testcase name="Test Cases/Custom Item Details/TEST CASE/TC_DETAILS_UI_021" time="13.83" classname="Test Cases/Custom Item Details/TEST CASE/TC_DETAILS_UI_021" status="PASSED">
         <system-out><![CDATA[2022-04-07 11:03:04 - [TEST_CASE][PASSED] - Test Cases/Custom Item Details/TEST CASE/TC_DETAILS_UI_021: Test Cases/Custom Item Details/TEST CASE/TC_DETAILS_UI_021

2022-04-07 11:03:04 - [TEST_STEP][PASSED] - callTestCase(findTestCase("Custom Item Details/UTILITIES/OPEN_BROWSER"), [:], STOP_ON_FAILURE): Call Test Case 'Test Cases/Custom Item Details/UTILITIES/OPEN_BROWSER' successfully

2022-04-07 11:03:04 - [TEST_CASE][PASSED] - Test Cases/Custom Item Details/UTILITIES/OPEN_BROWSER: Test Cases/Custom Item Details/UTILITIES/OPEN_BROWSER

2022-04-07 11:03:04 - [TEST_STEP][PASSED] - openBrowser("https://diagnostics.staging.arcadier.io/"): Browser is opened with url: 'https://diagnostics.staging.arcadier.io/'

2022-04-07 11:03:04 - [MESSAGE][WARNING] - A browser is already opened. Closing browser and opening a new one

2022-04-07 11:03:05 - [MESSAGE][INFO] - Starting 'Chrome' driver

2022-04-07 11:03:05 - [MESSAGE][INFO] - Action delay is set to 0 milliseconds

2022-04-07 11:03:08 - [MESSAGE][PASSED] - Browser is opened with url: 'https://diagnostics.staging.arcadier.io/'

2022-04-07 11:03:08 - [TEST_STEP][PASSED] - maximizeWindow(): Current window maximized

2022-04-07 11:03:08 - [MESSAGE][PASSED] - Current window maximized

2022-04-07 11:03:08 - [TEST_STEP][PASSED] - click(findTestObject("Item Details Objects/Page_diagnostics/a_Accept Cookies")): Object: 'Object Repository/Item Details Objects/Page_diagnostics/a_Accept Cookies' is clicked on

2022-04-07 11:03:10 - [MESSAGE][PASSED] - Object: 'Object Repository/Item Details Objects/Page_diagnostics/a_Accept Cookies' is clicked on

2022-04-07 11:03:10 - [TEST_STEP][PASSED] - click(findTestObject("New_Homepage/Page_diagnostics/a_COVID-19 DIAGNOSTICS"), STOP_ON_FAILURE): Object: 'Object Repository/New_Homepage/Page_diagnostics/a_COVID-19 DIAGNOSTICS' is clicked on

2022-04-07 11:03:11 - [MESSAGE][PASSED] - Object: 'Object Repository/New_Homepage/Page_diagnostics/a_COVID-19 DIAGNOSTICS' is clicked on

2022-04-07 11:03:11 - [TEST_STEP][PASSED] - mouseOver(findTestObject("New_Homepage/Page_diagnostics/a_Abbott Rapid Diagnostics PANBIO COVID-19 Ag Rapid Test Device (Nasopharyngeal)")): Object: 'Object Repository/New_Homepage/Page_diagnostics/a_Abbott Rapid Diagnostics PANBIO COVID-19 Ag Rapid Test Device (Nasopharyngeal)' is hovered

2022-04-07 11:03:13 - [MESSAGE][PASSED] - Object: 'Object Repository/New_Homepage/Page_diagnostics/a_Abbott Rapid Diagnostics PANBIO COVID-19 Ag Rapid Test Device (Nasopharyngeal)' is hovered

2022-04-07 11:03:13 - [TEST_STEP][PASSED] - click(findTestObject("New_Homepage/Page_diagnostics/a_Abbott Rapid Diagnostics PANBIO COVID-19 Ag Rapid Test Device (Nasopharyngeal)")): Object: 'Object Repository/New_Homepage/Page_diagnostics/a_Abbott Rapid Diagnostics PANBIO COVID-19 Ag Rapid Test Device (Nasopharyngeal)' is clicked on

2022-04-07 11:03:16 - [MESSAGE][PASSED] - Object: 'Object Repository/New_Homepage/Page_diagnostics/a_Abbott Rapid Diagnostics PANBIO COVID-19 Ag Rapid Test Device (Nasopharyngeal)' is clicked on

2022-04-07 11:03:16 - [MESSAGE][PASSED] - Call Test Case 'Test Cases/Custom Item Details/UTILITIES/OPEN_BROWSER' successfully

2022-04-07 11:03:16 - [TEST_STEP][PASSED] - waitForElementVisible(findTestObject("Staging Objects/Page_diagnostics/span_Accessories included"), 0): Object 'Object Repository/Staging Objects/Page_diagnostics/span_Accessories included' is visible

2022-04-07 11:03:16 - [MESSAGE][WARNING] - Timeout '0' is invalid. Using default page load timeout: '30'

2022-04-07 11:03:17 - [MESSAGE][PASSED] - Object 'Object Repository/Staging Objects/Page_diagnostics/span_Accessories included' is visible

2022-04-07 11:03:17 - [TEST_STEP][PASSED] - verifyElementPresent(findTestObject("Staging Objects/Page_diagnostics/span_Accessories included"), 0): Object 'Object Repository/Staging Objects/Page_diagnostics/span_Accessories included' is present

2022-04-07 11:03:17 - [MESSAGE][WARNING] - Timeout '0' is invalid. Using default page load timeout: '30'

2022-04-07 11:03:17 - [MESSAGE][PASSED] - Object 'Object Repository/Staging Objects/Page_diagnostics/span_Accessories included' is present

2022-04-07 11:03:17 - [TEST_STEP][PASSED] - callTestCase(findTestCase("Custom Item Details/UTILITIES/CLOSE_BROWSER"), [:], STOP_ON_FAILURE): Call Test Case 'Test Cases/Custom Item Details/UTILITIES/CLOSE_BROWSER' successfully

2022-04-07 11:03:17 - [TEST_CASE][PASSED] - Test Cases/Custom Item Details/UTILITIES/CLOSE_BROWSER: Test Cases/Custom Item Details/UTILITIES/CLOSE_BROWSER

2022-04-07 11:03:17 - [TEST_STEP][PASSED] - closeBrowser(): Browser is closed

2022-04-07 11:03:18 - [MESSAGE][PASSED] - Browser is closed

2022-04-07 11:03:18 - [MESSAGE][PASSED] - Call Test Case 'Test Cases/Custom Item Details/UTILITIES/CLOSE_BROWSER' successfully]]></system-out>
         <system-err><![CDATA[]]></system-err>
      </testcase>
      <testcase name="Test Cases/Custom Item Details/TEST CASE/TC_DETAILS_UI_022" time="45.234" classname="Test Cases/Custom Item Details/TEST CASE/TC_DETAILS_UI_022" status="PASSED">
         <system-out><![CDATA[2022-04-07 11:03:18 - [TEST_CASE][PASSED] - Test Cases/Custom Item Details/TEST CASE/TC_DETAILS_UI_022: Test Cases/Custom Item Details/TEST CASE/TC_DETAILS_UI_022

2022-04-07 11:03:18 - [TEST_STEP][PASSED] - callTestCase(findTestCase("Custom Item Details/UTILITIES/OPEN_BROWSER"), [:], STOP_ON_FAILURE): Call Test Case 'Test Cases/Custom Item Details/UTILITIES/OPEN_BROWSER' successfully

2022-04-07 11:03:18 - [TEST_CASE][PASSED] - Test Cases/Custom Item Details/UTILITIES/OPEN_BROWSER: Test Cases/Custom Item Details/UTILITIES/OPEN_BROWSER

2022-04-07 11:03:18 - [TEST_STEP][PASSED] - openBrowser("https://diagnostics.staging.arcadier.io/"): Browser is opened with url: 'https://diagnostics.staging.arcadier.io/'

2022-04-07 11:03:18 - [MESSAGE][INFO] - Starting 'Chrome' driver

2022-04-07 11:03:18 - [MESSAGE][INFO] - Action delay is set to 0 milliseconds

2022-04-07 11:03:21 - [MESSAGE][PASSED] - Browser is opened with url: 'https://diagnostics.staging.arcadier.io/'

2022-04-07 11:03:21 - [TEST_STEP][PASSED] - maximizeWindow(): Current window maximized

2022-04-07 11:03:22 - [MESSAGE][PASSED] - Current window maximized

2022-04-07 11:03:22 - [TEST_STEP][PASSED] - click(findTestObject("Item Details Objects/Page_diagnostics/a_Accept Cookies")): Object: 'Object Repository/Item Details Objects/Page_diagnostics/a_Accept Cookies' is clicked on

2022-04-07 11:03:23 - [MESSAGE][PASSED] - Object: 'Object Repository/Item Details Objects/Page_diagnostics/a_Accept Cookies' is clicked on

2022-04-07 11:03:23 - [TEST_STEP][PASSED] - click(findTestObject("New_Homepage/Page_diagnostics/a_COVID-19 DIAGNOSTICS"), STOP_ON_FAILURE): Object: 'Object Repository/New_Homepage/Page_diagnostics/a_COVID-19 DIAGNOSTICS' is clicked on

2022-04-07 11:03:25 - [MESSAGE][PASSED] - Object: 'Object Repository/New_Homepage/Page_diagnostics/a_COVID-19 DIAGNOSTICS' is clicked on

2022-04-07 11:03:25 - [TEST_STEP][PASSED] - mouseOver(findTestObject("New_Homepage/Page_diagnostics/a_Abbott Rapid Diagnostics PANBIO COVID-19 Ag Rapid Test Device (Nasopharyngeal)")): Object: 'Object Repository/New_Homepage/Page_diagnostics/a_Abbott Rapid Diagnostics PANBIO COVID-19 Ag Rapid Test Device (Nasopharyngeal)' is hovered

2022-04-07 11:03:27 - [MESSAGE][PASSED] - Object: 'Object Repository/New_Homepage/Page_diagnostics/a_Abbott Rapid Diagnostics PANBIO COVID-19 Ag Rapid Test Device (Nasopharyngeal)' is hovered

2022-04-07 11:03:27 - [TEST_STEP][PASSED] - click(findTestObject("New_Homepage/Page_diagnostics/a_Abbott Rapid Diagnostics PANBIO COVID-19 Ag Rapid Test Device (Nasopharyngeal)")): Object: 'Object Repository/New_Homepage/Page_diagnostics/a_Abbott Rapid Diagnostics PANBIO COVID-19 Ag Rapid Test Device (Nasopharyngeal)' is clicked on

2022-04-07 11:03:31 - [MESSAGE][PASSED] - Object: 'Object Repository/New_Homepage/Page_diagnostics/a_Abbott Rapid Diagnostics PANBIO COVID-19 Ag Rapid Test Device (Nasopharyngeal)' is clicked on

2022-04-07 11:03:31 - [MESSAGE][PASSED] - Call Test Case 'Test Cases/Custom Item Details/UTILITIES/OPEN_BROWSER' successfully

2022-04-07 11:03:31 - [TEST_STEP][PASSED] - waitForElementVisible(findTestObject("Staging Objects/Page_diagnostics/span_Alerts"), 0): Object 'Object Repository/Staging Objects/Page_diagnostics/span_Alerts' is not visible after 30 second(s)

2022-04-07 11:03:31 - [MESSAGE][WARNING] - Timeout '0' is invalid. Using default page load timeout: '30'

2022-04-07 11:04:02 - [MESSAGE][WARNING] - Object 'Object Repository/Staging Objects/Page_diagnostics/span_Alerts' is not visible after 30 second(s)

2022-04-07 11:04:02 - [TEST_STEP][PASSED] - verifyElementPresent(findTestObject("Staging Objects/Page_diagnostics/span_Alerts"), 0): Object 'Object Repository/Staging Objects/Page_diagnostics/span_Alerts' is present

2022-04-07 11:04:02 - [MESSAGE][WARNING] - Timeout '0' is invalid. Using default page load timeout: '30'

2022-04-07 11:04:03 - [MESSAGE][PASSED] - Object 'Object Repository/Staging Objects/Page_diagnostics/span_Alerts' is present

2022-04-07 11:04:03 - [TEST_STEP][PASSED] - callTestCase(findTestCase("Custom Item Details/UTILITIES/CLOSE_BROWSER"), [:], STOP_ON_FAILURE): Call Test Case 'Test Cases/Custom Item Details/UTILITIES/CLOSE_BROWSER' successfully

2022-04-07 11:04:03 - [TEST_CASE][PASSED] - Test Cases/Custom Item Details/UTILITIES/CLOSE_BROWSER: Test Cases/Custom Item Details/UTILITIES/CLOSE_BROWSER

2022-04-07 11:04:03 - [TEST_STEP][PASSED] - closeBrowser(): Browser is closed

2022-04-07 11:04:03 - [MESSAGE][PASSED] - Browser is closed

2022-04-07 11:04:03 - [MESSAGE][PASSED] - Call Test Case 'Test Cases/Custom Item Details/UTILITIES/CLOSE_BROWSER' successfully]]></system-out>
         <system-err><![CDATA[]]></system-err>
      </testcase>
      <testcase name="Test Cases/Custom Item Details/TEST CASE/TC_DETAILS_UI_023" time="45.736" classname="Test Cases/Custom Item Details/TEST CASE/TC_DETAILS_UI_023" status="PASSED">
         <system-out><![CDATA[2022-04-07 11:04:03 - [TEST_CASE][PASSED] - Test Cases/Custom Item Details/TEST CASE/TC_DETAILS_UI_023: Test Cases/Custom Item Details/TEST CASE/TC_DETAILS_UI_023

2022-04-07 11:04:03 - [TEST_STEP][PASSED] - callTestCase(findTestCase("Custom Item Details/UTILITIES/OPEN_BROWSER"), [:], STOP_ON_FAILURE): Call Test Case 'Test Cases/Custom Item Details/UTILITIES/OPEN_BROWSER' successfully

2022-04-07 11:04:04 - [TEST_CASE][PASSED] - Test Cases/Custom Item Details/UTILITIES/OPEN_BROWSER: Test Cases/Custom Item Details/UTILITIES/OPEN_BROWSER

2022-04-07 11:04:04 - [TEST_STEP][PASSED] - openBrowser("https://diagnostics.staging.arcadier.io/"): Browser is opened with url: 'https://diagnostics.staging.arcadier.io/'

2022-04-07 11:04:04 - [MESSAGE][INFO] - Starting 'Chrome' driver

2022-04-07 11:04:04 - [MESSAGE][INFO] - Action delay is set to 0 milliseconds

2022-04-07 11:04:07 - [MESSAGE][PASSED] - Browser is opened with url: 'https://diagnostics.staging.arcadier.io/'

2022-04-07 11:04:07 - [TEST_STEP][PASSED] - maximizeWindow(): Current window maximized

2022-04-07 11:04:07 - [MESSAGE][PASSED] - Current window maximized

2022-04-07 11:04:07 - [TEST_STEP][PASSED] - click(findTestObject("Item Details Objects/Page_diagnostics/a_Accept Cookies")): Object: 'Object Repository/Item Details Objects/Page_diagnostics/a_Accept Cookies' is clicked on

2022-04-07 11:04:08 - [MESSAGE][PASSED] - Object: 'Object Repository/Item Details Objects/Page_diagnostics/a_Accept Cookies' is clicked on

2022-04-07 11:04:08 - [TEST_STEP][PASSED] - click(findTestObject("New_Homepage/Page_diagnostics/a_COVID-19 DIAGNOSTICS"), STOP_ON_FAILURE): Object: 'Object Repository/New_Homepage/Page_diagnostics/a_COVID-19 DIAGNOSTICS' is clicked on

2022-04-07 11:04:11 - [MESSAGE][PASSED] - Object: 'Object Repository/New_Homepage/Page_diagnostics/a_COVID-19 DIAGNOSTICS' is clicked on

2022-04-07 11:04:11 - [TEST_STEP][PASSED] - mouseOver(findTestObject("New_Homepage/Page_diagnostics/a_Abbott Rapid Diagnostics PANBIO COVID-19 Ag Rapid Test Device (Nasopharyngeal)")): Object: 'Object Repository/New_Homepage/Page_diagnostics/a_Abbott Rapid Diagnostics PANBIO COVID-19 Ag Rapid Test Device (Nasopharyngeal)' is hovered

2022-04-07 11:04:13 - [MESSAGE][PASSED] - Object: 'Object Repository/New_Homepage/Page_diagnostics/a_Abbott Rapid Diagnostics PANBIO COVID-19 Ag Rapid Test Device (Nasopharyngeal)' is hovered

2022-04-07 11:04:13 - [TEST_STEP][PASSED] - click(findTestObject("New_Homepage/Page_diagnostics/a_Abbott Rapid Diagnostics PANBIO COVID-19 Ag Rapid Test Device (Nasopharyngeal)")): Object: 'Object Repository/New_Homepage/Page_diagnostics/a_Abbott Rapid Diagnostics PANBIO COVID-19 Ag Rapid Test Device (Nasopharyngeal)' is clicked on

2022-04-07 11:04:16 - [MESSAGE][PASSED] - Object: 'Object Repository/New_Homepage/Page_diagnostics/a_Abbott Rapid Diagnostics PANBIO COVID-19 Ag Rapid Test Device (Nasopharyngeal)' is clicked on

2022-04-07 11:04:16 - [MESSAGE][PASSED] - Call Test Case 'Test Cases/Custom Item Details/UTILITIES/OPEN_BROWSER' successfully

2022-04-07 11:04:16 - [TEST_STEP][PASSED] - waitForElementVisible(findTestObject("Staging Objects/Page_diagnostics/span_Coding of the meter"), 0): Object 'Object Repository/Staging Objects/Page_diagnostics/span_Coding of the meter' is not visible after 30 second(s)

2022-04-07 11:04:16 - [MESSAGE][WARNING] - Timeout '0' is invalid. Using default page load timeout: '30'

2022-04-07 11:04:48 - [MESSAGE][WARNING] - Object 'Object Repository/Staging Objects/Page_diagnostics/span_Coding of the meter' is not visible after 30 second(s)

2022-04-07 11:04:48 - [TEST_STEP][PASSED] - verifyElementPresent(findTestObject("Staging Objects/Page_diagnostics/span_Coding of the meter"), 0): Object 'Object Repository/Staging Objects/Page_diagnostics/span_Coding of the meter' is present

2022-04-07 11:04:48 - [MESSAGE][WARNING] - Timeout '0' is invalid. Using default page load timeout: '30'

2022-04-07 11:04:48 - [MESSAGE][PASSED] - Object 'Object Repository/Staging Objects/Page_diagnostics/span_Coding of the meter' is present

2022-04-07 11:04:48 - [TEST_STEP][PASSED] - callTestCase(findTestCase("Custom Item Details/UTILITIES/CLOSE_BROWSER"), [:], STOP_ON_FAILURE): Call Test Case 'Test Cases/Custom Item Details/UTILITIES/CLOSE_BROWSER' successfully

2022-04-07 11:04:48 - [TEST_CASE][PASSED] - Test Cases/Custom Item Details/UTILITIES/CLOSE_BROWSER: Test Cases/Custom Item Details/UTILITIES/CLOSE_BROWSER

2022-04-07 11:04:48 - [TEST_STEP][PASSED] - closeBrowser(): Browser is closed

2022-04-07 11:04:49 - [MESSAGE][PASSED] - Browser is closed

2022-04-07 11:04:49 - [MESSAGE][PASSED] - Call Test Case 'Test Cases/Custom Item Details/UTILITIES/CLOSE_BROWSER' successfully]]></system-out>
         <system-err><![CDATA[]]></system-err>
      </testcase>
      <testcase name="Test Cases/Custom Item Details/TEST CASE/TC_DETAILS_UI_024" time="13.912" classname="Test Cases/Custom Item Details/TEST CASE/TC_DETAILS_UI_024" status="PASSED">
         <system-out><![CDATA[2022-04-07 11:04:49 - [TEST_CASE][PASSED] - Test Cases/Custom Item Details/TEST CASE/TC_DETAILS_UI_024: Test Cases/Custom Item Details/TEST CASE/TC_DETAILS_UI_024

2022-04-07 11:04:49 - [TEST_STEP][PASSED] - callTestCase(findTestCase("Custom Item Details/UTILITIES/OPEN_BROWSER"), [:], STOP_ON_FAILURE): Call Test Case 'Test Cases/Custom Item Details/UTILITIES/OPEN_BROWSER' successfully

2022-04-07 11:04:49 - [TEST_CASE][PASSED] - Test Cases/Custom Item Details/UTILITIES/OPEN_BROWSER: Test Cases/Custom Item Details/UTILITIES/OPEN_BROWSER

2022-04-07 11:04:49 - [TEST_STEP][PASSED] - openBrowser("https://diagnostics.staging.arcadier.io/"): Browser is opened with url: 'https://diagnostics.staging.arcadier.io/'

2022-04-07 11:04:49 - [MESSAGE][INFO] - Starting 'Chrome' driver

2022-04-07 11:04:49 - [MESSAGE][INFO] - Action delay is set to 0 milliseconds

2022-04-07 11:04:53 - [MESSAGE][PASSED] - Browser is opened with url: 'https://diagnostics.staging.arcadier.io/'

2022-04-07 11:04:53 - [TEST_STEP][PASSED] - maximizeWindow(): Current window maximized

2022-04-07 11:04:53 - [MESSAGE][PASSED] - Current window maximized

2022-04-07 11:04:53 - [TEST_STEP][PASSED] - click(findTestObject("Item Details Objects/Page_diagnostics/a_Accept Cookies")): Object: 'Object Repository/Item Details Objects/Page_diagnostics/a_Accept Cookies' is clicked on

2022-04-07 11:04:54 - [MESSAGE][PASSED] - Object: 'Object Repository/Item Details Objects/Page_diagnostics/a_Accept Cookies' is clicked on

2022-04-07 11:04:54 - [TEST_STEP][PASSED] - click(findTestObject("New_Homepage/Page_diagnostics/a_COVID-19 DIAGNOSTICS"), STOP_ON_FAILURE): Object: 'Object Repository/New_Homepage/Page_diagnostics/a_COVID-19 DIAGNOSTICS' is clicked on

2022-04-07 11:04:55 - [MESSAGE][PASSED] - Object: 'Object Repository/New_Homepage/Page_diagnostics/a_COVID-19 DIAGNOSTICS' is clicked on

2022-04-07 11:04:55 - [TEST_STEP][PASSED] - mouseOver(findTestObject("New_Homepage/Page_diagnostics/a_Abbott Rapid Diagnostics PANBIO COVID-19 Ag Rapid Test Device (Nasopharyngeal)")): Object: 'Object Repository/New_Homepage/Page_diagnostics/a_Abbott Rapid Diagnostics PANBIO COVID-19 Ag Rapid Test Device (Nasopharyngeal)' is hovered

2022-04-07 11:04:57 - [MESSAGE][PASSED] - Object: 'Object Repository/New_Homepage/Page_diagnostics/a_Abbott Rapid Diagnostics PANBIO COVID-19 Ag Rapid Test Device (Nasopharyngeal)' is hovered

2022-04-07 11:04:57 - [TEST_STEP][PASSED] - click(findTestObject("New_Homepage/Page_diagnostics/a_Abbott Rapid Diagnostics PANBIO COVID-19 Ag Rapid Test Device (Nasopharyngeal)")): Object: 'Object Repository/New_Homepage/Page_diagnostics/a_Abbott Rapid Diagnostics PANBIO COVID-19 Ag Rapid Test Device (Nasopharyngeal)' is clicked on

2022-04-07 11:05:00 - [MESSAGE][PASSED] - Object: 'Object Repository/New_Homepage/Page_diagnostics/a_Abbott Rapid Diagnostics PANBIO COVID-19 Ag Rapid Test Device (Nasopharyngeal)' is clicked on

2022-04-07 11:05:00 - [MESSAGE][PASSED] - Call Test Case 'Test Cases/Custom Item Details/UTILITIES/OPEN_BROWSER' successfully

2022-04-07 11:05:00 - [TEST_STEP][PASSED] - waitForElementVisible(findTestObject("Staging Objects/Page_diagnostics/span_Cold chain requirements"), 0): Object 'Object Repository/Staging Objects/Page_diagnostics/span_Cold chain requirements' is visible

2022-04-07 11:05:00 - [MESSAGE][WARNING] - Timeout '0' is invalid. Using default page load timeout: '30'

2022-04-07 11:05:02 - [MESSAGE][PASSED] - Object 'Object Repository/Staging Objects/Page_diagnostics/span_Cold chain requirements' is visible

2022-04-07 11:05:02 - [TEST_STEP][PASSED] - verifyElementPresent(findTestObject("Staging Objects/Page_diagnostics/span_Cold chain requirements"), 0): Object 'Object Repository/Staging Objects/Page_diagnostics/span_Cold chain requirements' is present

2022-04-07 11:05:02 - [MESSAGE][WARNING] - Timeout '0' is invalid. Using default page load timeout: '30'

2022-04-07 11:05:02 - [MESSAGE][PASSED] - Object 'Object Repository/Staging Objects/Page_diagnostics/span_Cold chain requirements' is present

2022-04-07 11:05:02 - [TEST_STEP][PASSED] - callTestCase(findTestCase("Custom Item Details/UTILITIES/CLOSE_BROWSER"), [:], STOP_ON_FAILURE): Call Test Case 'Test Cases/Custom Item Details/UTILITIES/CLOSE_BROWSER' successfully

2022-04-07 11:05:02 - [TEST_CASE][PASSED] - Test Cases/Custom Item Details/UTILITIES/CLOSE_BROWSER: Test Cases/Custom Item Details/UTILITIES/CLOSE_BROWSER

2022-04-07 11:05:02 - [TEST_STEP][PASSED] - closeBrowser(): Browser is closed

2022-04-07 11:05:03 - [MESSAGE][PASSED] - Browser is closed

2022-04-07 11:05:03 - [MESSAGE][PASSED] - Call Test Case 'Test Cases/Custom Item Details/UTILITIES/CLOSE_BROWSER' successfully]]></system-out>
         <system-err><![CDATA[]]></system-err>
      </testcase>
      <testcase name="Test Cases/Custom Item Details/TEST CASE/TC_DETAILS_UI_025" time="44.447" classname="Test Cases/Custom Item Details/TEST CASE/TC_DETAILS_UI_025" status="PASSED">
         <system-out><![CDATA[2022-04-07 11:05:03 - [TEST_CASE][PASSED] - Test Cases/Custom Item Details/TEST CASE/TC_DETAILS_UI_025: Test Cases/Custom Item Details/TEST CASE/TC_DETAILS_UI_025

2022-04-07 11:05:03 - [TEST_STEP][PASSED] - callTestCase(findTestCase("Custom Item Details/UTILITIES/OPEN_BROWSER"), [:], STOP_ON_FAILURE): Call Test Case 'Test Cases/Custom Item Details/UTILITIES/OPEN_BROWSER' successfully

2022-04-07 11:05:03 - [TEST_CASE][PASSED] - Test Cases/Custom Item Details/UTILITIES/OPEN_BROWSER: Test Cases/Custom Item Details/UTILITIES/OPEN_BROWSER

2022-04-07 11:05:03 - [TEST_STEP][PASSED] - openBrowser("https://diagnostics.staging.arcadier.io/"): Browser is opened with url: 'https://diagnostics.staging.arcadier.io/'

2022-04-07 11:05:03 - [MESSAGE][INFO] - Starting 'Chrome' driver

2022-04-07 11:05:03 - [MESSAGE][INFO] - Action delay is set to 0 milliseconds

2022-04-07 11:05:06 - [MESSAGE][PASSED] - Browser is opened with url: 'https://diagnostics.staging.arcadier.io/'

2022-04-07 11:05:06 - [TEST_STEP][PASSED] - maximizeWindow(): Current window maximized

2022-04-07 11:05:06 - [MESSAGE][PASSED] - Current window maximized

2022-04-07 11:05:06 - [TEST_STEP][PASSED] - click(findTestObject("Item Details Objects/Page_diagnostics/a_Accept Cookies")): Object: 'Object Repository/Item Details Objects/Page_diagnostics/a_Accept Cookies' is clicked on

2022-04-07 11:05:08 - [MESSAGE][PASSED] - Object: 'Object Repository/Item Details Objects/Page_diagnostics/a_Accept Cookies' is clicked on

2022-04-07 11:05:08 - [TEST_STEP][PASSED] - click(findTestObject("New_Homepage/Page_diagnostics/a_COVID-19 DIAGNOSTICS"), STOP_ON_FAILURE): Object: 'Object Repository/New_Homepage/Page_diagnostics/a_COVID-19 DIAGNOSTICS' is clicked on

2022-04-07 11:05:10 - [MESSAGE][PASSED] - Object: 'Object Repository/New_Homepage/Page_diagnostics/a_COVID-19 DIAGNOSTICS' is clicked on

2022-04-07 11:05:10 - [TEST_STEP][PASSED] - mouseOver(findTestObject("New_Homepage/Page_diagnostics/a_Abbott Rapid Diagnostics PANBIO COVID-19 Ag Rapid Test Device (Nasopharyngeal)")): Object: 'Object Repository/New_Homepage/Page_diagnostics/a_Abbott Rapid Diagnostics PANBIO COVID-19 Ag Rapid Test Device (Nasopharyngeal)' is hovered

2022-04-07 11:05:12 - [MESSAGE][PASSED] - Object: 'Object Repository/New_Homepage/Page_diagnostics/a_Abbott Rapid Diagnostics PANBIO COVID-19 Ag Rapid Test Device (Nasopharyngeal)' is hovered

2022-04-07 11:05:12 - [TEST_STEP][PASSED] - click(findTestObject("New_Homepage/Page_diagnostics/a_Abbott Rapid Diagnostics PANBIO COVID-19 Ag Rapid Test Device (Nasopharyngeal)")): Object: 'Object Repository/New_Homepage/Page_diagnostics/a_Abbott Rapid Diagnostics PANBIO COVID-19 Ag Rapid Test Device (Nasopharyngeal)' is clicked on

2022-04-07 11:05:14 - [MESSAGE][PASSED] - Object: 'Object Repository/New_Homepage/Page_diagnostics/a_Abbott Rapid Diagnostics PANBIO COVID-19 Ag Rapid Test Device (Nasopharyngeal)' is clicked on

2022-04-07 11:05:14 - [MESSAGE][PASSED] - Call Test Case 'Test Cases/Custom Item Details/UTILITIES/OPEN_BROWSER' successfully

2022-04-07 11:05:14 - [TEST_STEP][PASSED] - waitForElementVisible(findTestObject("Staging Objects/Page_diagnostics/span_Compatible test strips"), 0): Object 'Object Repository/Staging Objects/Page_diagnostics/span_Compatible test strips' is not visible after 30 second(s)

2022-04-07 11:05:14 - [MESSAGE][WARNING] - Timeout '0' is invalid. Using default page load timeout: '30'

2022-04-07 11:05:46 - [MESSAGE][WARNING] - Object 'Object Repository/Staging Objects/Page_diagnostics/span_Compatible test strips' is not visible after 30 second(s)

2022-04-07 11:05:46 - [TEST_STEP][PASSED] - verifyElementPresent(findTestObject("Staging Objects/Page_diagnostics/span_Compatible test strips"), 0): Object 'Object Repository/Staging Objects/Page_diagnostics/span_Compatible test strips' is present

2022-04-07 11:05:46 - [MESSAGE][WARNING] - Timeout '0' is invalid. Using default page load timeout: '30'

2022-04-07 11:05:47 - [MESSAGE][PASSED] - Object 'Object Repository/Staging Objects/Page_diagnostics/span_Compatible test strips' is present

2022-04-07 11:05:47 - [TEST_STEP][PASSED] - callTestCase(findTestCase("Custom Item Details/UTILITIES/CLOSE_BROWSER"), [:], STOP_ON_FAILURE): Call Test Case 'Test Cases/Custom Item Details/UTILITIES/CLOSE_BROWSER' successfully

2022-04-07 11:05:47 - [TEST_CASE][PASSED] - Test Cases/Custom Item Details/UTILITIES/CLOSE_BROWSER: Test Cases/Custom Item Details/UTILITIES/CLOSE_BROWSER

2022-04-07 11:05:47 - [TEST_STEP][PASSED] - closeBrowser(): Browser is closed

2022-04-07 11:05:47 - [MESSAGE][PASSED] - Browser is closed

2022-04-07 11:05:47 - [MESSAGE][PASSED] - Call Test Case 'Test Cases/Custom Item Details/UTILITIES/CLOSE_BROWSER' successfully]]></system-out>
         <system-err><![CDATA[]]></system-err>
      </testcase>
      <testcase name="Test Cases/Custom Item Details/TEST CASE/TC_DETAILS_UI_026" time="15.016" classname="Test Cases/Custom Item Details/TEST CASE/TC_DETAILS_UI_026" status="PASSED">
         <system-out><![CDATA[2022-04-07 11:05:47 - [TEST_CASE][PASSED] - Test Cases/Custom Item Details/TEST CASE/TC_DETAILS_UI_026: Test Cases/Custom Item Details/TEST CASE/TC_DETAILS_UI_026

2022-04-07 11:05:48 - [TEST_STEP][PASSED] - callTestCase(findTestCase("Custom Item Details/UTILITIES/OPEN_BROWSER"), [:], STOP_ON_FAILURE): Call Test Case 'Test Cases/Custom Item Details/UTILITIES/OPEN_BROWSER' successfully

2022-04-07 11:05:48 - [TEST_CASE][PASSED] - Test Cases/Custom Item Details/UTILITIES/OPEN_BROWSER: Test Cases/Custom Item Details/UTILITIES/OPEN_BROWSER

2022-04-07 11:05:48 - [TEST_STEP][PASSED] - openBrowser("https://diagnostics.staging.arcadier.io/"): Browser is opened with url: 'https://diagnostics.staging.arcadier.io/'

2022-04-07 11:05:48 - [MESSAGE][INFO] - Starting 'Chrome' driver

2022-04-07 11:05:48 - [MESSAGE][INFO] - Action delay is set to 0 milliseconds

2022-04-07 11:05:51 - [MESSAGE][PASSED] - Browser is opened with url: 'https://diagnostics.staging.arcadier.io/'

2022-04-07 11:05:51 - [TEST_STEP][PASSED] - maximizeWindow(): Current window maximized

2022-04-07 11:05:51 - [MESSAGE][PASSED] - Current window maximized

2022-04-07 11:05:51 - [TEST_STEP][PASSED] - click(findTestObject("Item Details Objects/Page_diagnostics/a_Accept Cookies")): Object: 'Object Repository/Item Details Objects/Page_diagnostics/a_Accept Cookies' is clicked on

2022-04-07 11:05:53 - [MESSAGE][PASSED] - Object: 'Object Repository/Item Details Objects/Page_diagnostics/a_Accept Cookies' is clicked on

2022-04-07 11:05:53 - [TEST_STEP][PASSED] - click(findTestObject("New_Homepage/Page_diagnostics/a_COVID-19 DIAGNOSTICS"), STOP_ON_FAILURE): Object: 'Object Repository/New_Homepage/Page_diagnostics/a_COVID-19 DIAGNOSTICS' is clicked on

2022-04-07 11:05:54 - [MESSAGE][PASSED] - Object: 'Object Repository/New_Homepage/Page_diagnostics/a_COVID-19 DIAGNOSTICS' is clicked on

2022-04-07 11:05:54 - [TEST_STEP][PASSED] - mouseOver(findTestObject("New_Homepage/Page_diagnostics/a_Abbott Rapid Diagnostics PANBIO COVID-19 Ag Rapid Test Device (Nasopharyngeal)")): Object: 'Object Repository/New_Homepage/Page_diagnostics/a_Abbott Rapid Diagnostics PANBIO COVID-19 Ag Rapid Test Device (Nasopharyngeal)' is hovered

2022-04-07 11:05:56 - [MESSAGE][PASSED] - Object: 'Object Repository/New_Homepage/Page_diagnostics/a_Abbott Rapid Diagnostics PANBIO COVID-19 Ag Rapid Test Device (Nasopharyngeal)' is hovered

2022-04-07 11:05:56 - [TEST_STEP][PASSED] - click(findTestObject("New_Homepage/Page_diagnostics/a_Abbott Rapid Diagnostics PANBIO COVID-19 Ag Rapid Test Device (Nasopharyngeal)")): Object: 'Object Repository/New_Homepage/Page_diagnostics/a_Abbott Rapid Diagnostics PANBIO COVID-19 Ag Rapid Test Device (Nasopharyngeal)' is clicked on

2022-04-07 11:06:00 - [MESSAGE][PASSED] - Object: 'Object Repository/New_Homepage/Page_diagnostics/a_Abbott Rapid Diagnostics PANBIO COVID-19 Ag Rapid Test Device (Nasopharyngeal)' is clicked on

2022-04-07 11:06:00 - [MESSAGE][PASSED] - Call Test Case 'Test Cases/Custom Item Details/UTILITIES/OPEN_BROWSER' successfully

2022-04-07 11:06:00 - [TEST_STEP][PASSED] - waitForElementVisible(findTestObject("Staging Objects/Page_diagnostics/span_Country of manufacture"), 0): Object 'Object Repository/Staging Objects/Page_diagnostics/span_Country of manufacture' is visible

2022-04-07 11:06:00 - [MESSAGE][WARNING] - Timeout '0' is invalid. Using default page load timeout: '30'

2022-04-07 11:06:01 - [MESSAGE][PASSED] - Object 'Object Repository/Staging Objects/Page_diagnostics/span_Country of manufacture' is visible

2022-04-07 11:06:01 - [TEST_STEP][PASSED] - verifyElementPresent(findTestObject("Staging Objects/Page_diagnostics/span_Country of manufacture"), 0): Object 'Object Repository/Staging Objects/Page_diagnostics/span_Country of manufacture' is present

2022-04-07 11:06:01 - [MESSAGE][WARNING] - Timeout '0' is invalid. Using default page load timeout: '30'

2022-04-07 11:06:02 - [MESSAGE][PASSED] - Object 'Object Repository/Staging Objects/Page_diagnostics/span_Country of manufacture' is present

2022-04-07 11:06:02 - [TEST_STEP][PASSED] - callTestCase(findTestCase("Custom Item Details/UTILITIES/CLOSE_BROWSER"), [:], STOP_ON_FAILURE): Call Test Case 'Test Cases/Custom Item Details/UTILITIES/CLOSE_BROWSER' successfully

2022-04-07 11:06:02 - [TEST_CASE][PASSED] - Test Cases/Custom Item Details/UTILITIES/CLOSE_BROWSER: Test Cases/Custom Item Details/UTILITIES/CLOSE_BROWSER

2022-04-07 11:06:02 - [TEST_STEP][PASSED] - closeBrowser(): Browser is closed

2022-04-07 11:06:02 - [MESSAGE][PASSED] - Browser is closed

2022-04-07 11:06:02 - [MESSAGE][PASSED] - Call Test Case 'Test Cases/Custom Item Details/UTILITIES/CLOSE_BROWSER' successfully]]></system-out>
         <system-err><![CDATA[]]></system-err>
      </testcase>
      <testcase name="Test Cases/Custom Item Details/TEST CASE/TC_DETAILS_UI_027" time="15.356" classname="Test Cases/Custom Item Details/TEST CASE/TC_DETAILS_UI_027" status="PASSED">
         <system-out><![CDATA[2022-04-07 11:06:02 - [TEST_CASE][PASSED] - Test Cases/Custom Item Details/TEST CASE/TC_DETAILS_UI_027: Test Cases/Custom Item Details/TEST CASE/TC_DETAILS_UI_027

2022-04-07 11:06:03 - [TEST_STEP][PASSED] - callTestCase(findTestCase("Custom Item Details/UTILITIES/OPEN_BROWSER"), [:], STOP_ON_FAILURE): Call Test Case 'Test Cases/Custom Item Details/UTILITIES/OPEN_BROWSER' successfully

2022-04-07 11:06:03 - [TEST_CASE][PASSED] - Test Cases/Custom Item Details/UTILITIES/OPEN_BROWSER: Test Cases/Custom Item Details/UTILITIES/OPEN_BROWSER

2022-04-07 11:06:03 - [TEST_STEP][PASSED] - openBrowser("https://diagnostics.staging.arcadier.io/"): Browser is opened with url: 'https://diagnostics.staging.arcadier.io/'

2022-04-07 11:06:03 - [MESSAGE][INFO] - Starting 'Chrome' driver

2022-04-07 11:06:03 - [MESSAGE][INFO] - Action delay is set to 0 milliseconds

2022-04-07 11:06:07 - [MESSAGE][PASSED] - Browser is opened with url: 'https://diagnostics.staging.arcadier.io/'

2022-04-07 11:06:07 - [TEST_STEP][PASSED] - maximizeWindow(): Current window maximized

2022-04-07 11:06:07 - [MESSAGE][PASSED] - Current window maximized

2022-04-07 11:06:07 - [TEST_STEP][PASSED] - click(findTestObject("Item Details Objects/Page_diagnostics/a_Accept Cookies")): Object: 'Object Repository/Item Details Objects/Page_diagnostics/a_Accept Cookies' is clicked on

2022-04-07 11:06:08 - [MESSAGE][PASSED] - Object: 'Object Repository/Item Details Objects/Page_diagnostics/a_Accept Cookies' is clicked on

2022-04-07 11:06:08 - [TEST_STEP][PASSED] - click(findTestObject("New_Homepage/Page_diagnostics/a_COVID-19 DIAGNOSTICS"), STOP_ON_FAILURE): Object: 'Object Repository/New_Homepage/Page_diagnostics/a_COVID-19 DIAGNOSTICS' is clicked on

2022-04-07 11:06:11 - [MESSAGE][PASSED] - Object: 'Object Repository/New_Homepage/Page_diagnostics/a_COVID-19 DIAGNOSTICS' is clicked on

2022-04-07 11:06:11 - [TEST_STEP][PASSED] - mouseOver(findTestObject("New_Homepage/Page_diagnostics/a_Abbott Rapid Diagnostics PANBIO COVID-19 Ag Rapid Test Device (Nasopharyngeal)")): Object: 'Object Repository/New_Homepage/Page_diagnostics/a_Abbott Rapid Diagnostics PANBIO COVID-19 Ag Rapid Test Device (Nasopharyngeal)' is hovered

2022-04-07 11:06:13 - [MESSAGE][PASSED] - Object: 'Object Repository/New_Homepage/Page_diagnostics/a_Abbott Rapid Diagnostics PANBIO COVID-19 Ag Rapid Test Device (Nasopharyngeal)' is hovered

2022-04-07 11:06:13 - [TEST_STEP][PASSED] - click(findTestObject("New_Homepage/Page_diagnostics/a_Abbott Rapid Diagnostics PANBIO COVID-19 Ag Rapid Test Device (Nasopharyngeal)")): Object: 'Object Repository/New_Homepage/Page_diagnostics/a_Abbott Rapid Diagnostics PANBIO COVID-19 Ag Rapid Test Device (Nasopharyngeal)' is clicked on

2022-04-07 11:06:15 - [MESSAGE][PASSED] - Object: 'Object Repository/New_Homepage/Page_diagnostics/a_Abbott Rapid Diagnostics PANBIO COVID-19 Ag Rapid Test Device (Nasopharyngeal)' is clicked on

2022-04-07 11:06:15 - [MESSAGE][PASSED] - Call Test Case 'Test Cases/Custom Item Details/UTILITIES/OPEN_BROWSER' successfully

2022-04-07 11:06:15 - [TEST_STEP][PASSED] - waitForElementVisible(findTestObject("Staging Objects/Page_diagnostics/span_Description"), 0): Object 'Object Repository/Staging Objects/Page_diagnostics/span_Description' is visible

2022-04-07 11:06:15 - [MESSAGE][WARNING] - Timeout '0' is invalid. Using default page load timeout: '30'

2022-04-07 11:06:17 - [MESSAGE][PASSED] - Object 'Object Repository/Staging Objects/Page_diagnostics/span_Description' is visible

2022-04-07 11:06:17 - [TEST_STEP][PASSED] - verifyElementPresent(findTestObject("Staging Objects/Page_diagnostics/span_Description"), 0): Object 'Object Repository/Staging Objects/Page_diagnostics/span_Description' is present

2022-04-07 11:06:17 - [MESSAGE][WARNING] - Timeout '0' is invalid. Using default page load timeout: '30'

2022-04-07 11:06:17 - [MESSAGE][PASSED] - Object 'Object Repository/Staging Objects/Page_diagnostics/span_Description' is present

2022-04-07 11:06:17 - [TEST_STEP][PASSED] - callTestCase(findTestCase("Custom Item Details/UTILITIES/CLOSE_BROWSER"), [:], STOP_ON_FAILURE): Call Test Case 'Test Cases/Custom Item Details/UTILITIES/CLOSE_BROWSER' successfully

2022-04-07 11:06:17 - [TEST_CASE][PASSED] - Test Cases/Custom Item Details/UTILITIES/CLOSE_BROWSER: Test Cases/Custom Item Details/UTILITIES/CLOSE_BROWSER

2022-04-07 11:06:17 - [TEST_STEP][PASSED] - closeBrowser(): Browser is closed

2022-04-07 11:06:18 - [MESSAGE][PASSED] - Browser is closed

2022-04-07 11:06:18 - [MESSAGE][PASSED] - Call Test Case 'Test Cases/Custom Item Details/UTILITIES/CLOSE_BROWSER' successfully]]></system-out>
         <system-err><![CDATA[]]></system-err>
      </testcase>
      <testcase name="Test Cases/Custom Item Details/TEST CASE/TC_DETAILS_UI_028" time="44.447" classname="Test Cases/Custom Item Details/TEST CASE/TC_DETAILS_UI_028" status="PASSED">
         <system-out><![CDATA[2022-04-07 11:06:18 - [TEST_CASE][PASSED] - Test Cases/Custom Item Details/TEST CASE/TC_DETAILS_UI_028: Test Cases/Custom Item Details/TEST CASE/TC_DETAILS_UI_028

2022-04-07 11:06:18 - [TEST_STEP][PASSED] - callTestCase(findTestCase("Custom Item Details/UTILITIES/OPEN_BROWSER"), [:], STOP_ON_FAILURE): Call Test Case 'Test Cases/Custom Item Details/UTILITIES/OPEN_BROWSER' successfully

2022-04-07 11:06:18 - [TEST_CASE][PASSED] - Test Cases/Custom Item Details/UTILITIES/OPEN_BROWSER: Test Cases/Custom Item Details/UTILITIES/OPEN_BROWSER

2022-04-07 11:06:18 - [TEST_STEP][PASSED] - openBrowser("https://diagnostics.staging.arcadier.io/"): Browser is opened with url: 'https://diagnostics.staging.arcadier.io/'

2022-04-07 11:06:18 - [MESSAGE][INFO] - Starting 'Chrome' driver

2022-04-07 11:06:18 - [MESSAGE][INFO] - Action delay is set to 0 milliseconds

2022-04-07 11:06:22 - [MESSAGE][PASSED] - Browser is opened with url: 'https://diagnostics.staging.arcadier.io/'

2022-04-07 11:06:22 - [TEST_STEP][PASSED] - maximizeWindow(): Current window maximized

2022-04-07 11:06:22 - [MESSAGE][PASSED] - Current window maximized

2022-04-07 11:06:22 - [TEST_STEP][PASSED] - click(findTestObject("Item Details Objects/Page_diagnostics/a_Accept Cookies")): Object: 'Object Repository/Item Details Objects/Page_diagnostics/a_Accept Cookies' is clicked on

2022-04-07 11:06:23 - [MESSAGE][PASSED] - Object: 'Object Repository/Item Details Objects/Page_diagnostics/a_Accept Cookies' is clicked on

2022-04-07 11:06:23 - [TEST_STEP][PASSED] - click(findTestObject("New_Homepage/Page_diagnostics/a_COVID-19 DIAGNOSTICS"), STOP_ON_FAILURE): Object: 'Object Repository/New_Homepage/Page_diagnostics/a_COVID-19 DIAGNOSTICS' is clicked on

2022-04-07 11:06:24 - [MESSAGE][PASSED] - Object: 'Object Repository/New_Homepage/Page_diagnostics/a_COVID-19 DIAGNOSTICS' is clicked on

2022-04-07 11:06:24 - [TEST_STEP][PASSED] - mouseOver(findTestObject("New_Homepage/Page_diagnostics/a_Abbott Rapid Diagnostics PANBIO COVID-19 Ag Rapid Test Device (Nasopharyngeal)")): Object: 'Object Repository/New_Homepage/Page_diagnostics/a_Abbott Rapid Diagnostics PANBIO COVID-19 Ag Rapid Test Device (Nasopharyngeal)' is hovered

2022-04-07 11:06:26 - [MESSAGE][PASSED] - Object: 'Object Repository/New_Homepage/Page_diagnostics/a_Abbott Rapid Diagnostics PANBIO COVID-19 Ag Rapid Test Device (Nasopharyngeal)' is hovered

2022-04-07 11:06:26 - [TEST_STEP][PASSED] - click(findTestObject("New_Homepage/Page_diagnostics/a_Abbott Rapid Diagnostics PANBIO COVID-19 Ag Rapid Test Device (Nasopharyngeal)")): Object: 'Object Repository/New_Homepage/Page_diagnostics/a_Abbott Rapid Diagnostics PANBIO COVID-19 Ag Rapid Test Device (Nasopharyngeal)' is clicked on

2022-04-07 11:06:29 - [MESSAGE][PASSED] - Object: 'Object Repository/New_Homepage/Page_diagnostics/a_Abbott Rapid Diagnostics PANBIO COVID-19 Ag Rapid Test Device (Nasopharyngeal)' is clicked on

2022-04-07 11:06:29 - [MESSAGE][PASSED] - Call Test Case 'Test Cases/Custom Item Details/UTILITIES/OPEN_BROWSER' successfully

2022-04-07 11:06:29 - [TEST_STEP][PASSED] - waitForElementVisible(findTestObject("Staging Objects/Page_diagnostics/span_Diabetes Management Software"), 0): Object 'Object Repository/Staging Objects/Page_diagnostics/span_Diabetes Management Software' is not visible after 30 second(s)

2022-04-07 11:06:29 - [MESSAGE][WARNING] - Timeout '0' is invalid. Using default page load timeout: '30'

2022-04-07 11:07:01 - [MESSAGE][WARNING] - Object 'Object Repository/Staging Objects/Page_diagnostics/span_Diabetes Management Software' is not visible after 30 second(s)

2022-04-07 11:07:01 - [TEST_STEP][PASSED] - verifyElementPresent(findTestObject("Staging Objects/Page_diagnostics/span_Diabetes Management Software"), 0): Object 'Object Repository/Staging Objects/Page_diagnostics/span_Diabetes Management Software' is present

2022-04-07 11:07:01 - [MESSAGE][WARNING] - Timeout '0' is invalid. Using default page load timeout: '30'

2022-04-07 11:07:01 - [MESSAGE][PASSED] - Object 'Object Repository/Staging Objects/Page_diagnostics/span_Diabetes Management Software' is present

2022-04-07 11:07:02 - [TEST_STEP][PASSED] - callTestCase(findTestCase("Custom Item Details/UTILITIES/CLOSE_BROWSER"), [:], STOP_ON_FAILURE): Call Test Case 'Test Cases/Custom Item Details/UTILITIES/CLOSE_BROWSER' successfully

2022-04-07 11:07:02 - [TEST_CASE][PASSED] - Test Cases/Custom Item Details/UTILITIES/CLOSE_BROWSER: Test Cases/Custom Item Details/UTILITIES/CLOSE_BROWSER

2022-04-07 11:07:02 - [TEST_STEP][PASSED] - closeBrowser(): Browser is closed

2022-04-07 11:07:02 - [MESSAGE][PASSED] - Browser is closed

2022-04-07 11:07:02 - [MESSAGE][PASSED] - Call Test Case 'Test Cases/Custom Item Details/UTILITIES/CLOSE_BROWSER' successfully]]></system-out>
         <system-err><![CDATA[]]></system-err>
      </testcase>
      <testcase name="Test Cases/Custom Item Details/TEST CASE/TC_DETAILS_UI_029" time="15.49" classname="Test Cases/Custom Item Details/TEST CASE/TC_DETAILS_UI_029" status="PASSED">
         <system-out><![CDATA[2022-04-07 11:07:02 - [TEST_CASE][PASSED] - Test Cases/Custom Item Details/TEST CASE/TC_DETAILS_UI_029: Test Cases/Custom Item Details/TEST CASE/TC_DETAILS_UI_029

2022-04-07 11:07:02 - [TEST_STEP][PASSED] - callTestCase(findTestCase("Custom Item Details/UTILITIES/OPEN_BROWSER"), [:], STOP_ON_FAILURE): Call Test Case 'Test Cases/Custom Item Details/UTILITIES/OPEN_BROWSER' successfully

2022-04-07 11:07:02 - [TEST_CASE][PASSED] - Test Cases/Custom Item Details/UTILITIES/OPEN_BROWSER: Test Cases/Custom Item Details/UTILITIES/OPEN_BROWSER

2022-04-07 11:07:02 - [TEST_STEP][PASSED] - openBrowser("https://diagnostics.staging.arcadier.io/"): Browser is opened with url: 'https://diagnostics.staging.arcadier.io/'

2022-04-07 11:07:02 - [MESSAGE][INFO] - Starting 'Chrome' driver

2022-04-07 11:07:02 - [MESSAGE][INFO] - Action delay is set to 0 milliseconds

2022-04-07 11:07:06 - [MESSAGE][PASSED] - Browser is opened with url: 'https://diagnostics.staging.arcadier.io/'

2022-04-07 11:07:06 - [TEST_STEP][PASSED] - maximizeWindow(): Current window maximized

2022-04-07 11:07:06 - [MESSAGE][PASSED] - Current window maximized

2022-04-07 11:07:06 - [TEST_STEP][PASSED] - click(findTestObject("Item Details Objects/Page_diagnostics/a_Accept Cookies")): Object: 'Object Repository/Item Details Objects/Page_diagnostics/a_Accept Cookies' is clicked on

2022-04-07 11:07:07 - [MESSAGE][PASSED] - Object: 'Object Repository/Item Details Objects/Page_diagnostics/a_Accept Cookies' is clicked on

2022-04-07 11:07:07 - [TEST_STEP][PASSED] - click(findTestObject("New_Homepage/Page_diagnostics/a_COVID-19 DIAGNOSTICS"), STOP_ON_FAILURE): Object: 'Object Repository/New_Homepage/Page_diagnostics/a_COVID-19 DIAGNOSTICS' is clicked on

2022-04-07 11:07:10 - [MESSAGE][PASSED] - Object: 'Object Repository/New_Homepage/Page_diagnostics/a_COVID-19 DIAGNOSTICS' is clicked on

2022-04-07 11:07:10 - [TEST_STEP][PASSED] - mouseOver(findTestObject("New_Homepage/Page_diagnostics/a_Abbott Rapid Diagnostics PANBIO COVID-19 Ag Rapid Test Device (Nasopharyngeal)")): Object: 'Object Repository/New_Homepage/Page_diagnostics/a_Abbott Rapid Diagnostics PANBIO COVID-19 Ag Rapid Test Device (Nasopharyngeal)' is hovered

2022-04-07 11:07:12 - [MESSAGE][PASSED] - Object: 'Object Repository/New_Homepage/Page_diagnostics/a_Abbott Rapid Diagnostics PANBIO COVID-19 Ag Rapid Test Device (Nasopharyngeal)' is hovered

2022-04-07 11:07:12 - [TEST_STEP][PASSED] - click(findTestObject("New_Homepage/Page_diagnostics/a_Abbott Rapid Diagnostics PANBIO COVID-19 Ag Rapid Test Device (Nasopharyngeal)")): Object: 'Object Repository/New_Homepage/Page_diagnostics/a_Abbott Rapid Diagnostics PANBIO COVID-19 Ag Rapid Test Device (Nasopharyngeal)' is clicked on

2022-04-07 11:07:15 - [MESSAGE][PASSED] - Object: 'Object Repository/New_Homepage/Page_diagnostics/a_Abbott Rapid Diagnostics PANBIO COVID-19 Ag Rapid Test Device (Nasopharyngeal)' is clicked on

2022-04-07 11:07:15 - [MESSAGE][PASSED] - Call Test Case 'Test Cases/Custom Item Details/UTILITIES/OPEN_BROWSER' successfully

2022-04-07 11:07:15 - [TEST_STEP][PASSED] - waitForElementVisible(findTestObject("Staging Objects/Page_diagnostics/span_Enzyme"), 0): Object 'Object Repository/Staging Objects/Page_diagnostics/span_Enzyme' is visible

2022-04-07 11:07:15 - [MESSAGE][WARNING] - Timeout '0' is invalid. Using default page load timeout: '30'

2022-04-07 11:07:17 - [MESSAGE][PASSED] - Object 'Object Repository/Staging Objects/Page_diagnostics/span_Enzyme' is visible

2022-04-07 11:07:17 - [TEST_STEP][PASSED] - verifyElementPresent(findTestObject("Staging Objects/Page_diagnostics/span_Enzyme"), 0): Object 'Object Repository/Staging Objects/Page_diagnostics/span_Enzyme' is present

2022-04-07 11:07:17 - [MESSAGE][WARNING] - Timeout '0' is invalid. Using default page load timeout: '30'

2022-04-07 11:07:17 - [MESSAGE][PASSED] - Object 'Object Repository/Staging Objects/Page_diagnostics/span_Enzyme' is present

2022-04-07 11:07:17 - [TEST_STEP][PASSED] - callTestCase(findTestCase("Custom Item Details/UTILITIES/CLOSE_BROWSER"), [:], STOP_ON_FAILURE): Call Test Case 'Test Cases/Custom Item Details/UTILITIES/CLOSE_BROWSER' successfully

2022-04-07 11:07:17 - [TEST_CASE][PASSED] - Test Cases/Custom Item Details/UTILITIES/CLOSE_BROWSER: Test Cases/Custom Item Details/UTILITIES/CLOSE_BROWSER

2022-04-07 11:07:17 - [TEST_STEP][PASSED] - closeBrowser(): Browser is closed

2022-04-07 11:07:18 - [MESSAGE][PASSED] - Browser is closed

2022-04-07 11:07:18 - [MESSAGE][PASSED] - Call Test Case 'Test Cases/Custom Item Details/UTILITIES/CLOSE_BROWSER' successfully]]></system-out>
         <system-err><![CDATA[]]></system-err>
      </testcase>
      <testcase name="Test Cases/Custom Item Details/TEST CASE/TC_DETAILS_UI_030" time="15.313" classname="Test Cases/Custom Item Details/TEST CASE/TC_DETAILS_UI_030" status="PASSED">
         <system-out><![CDATA[2022-04-07 11:07:18 - [TEST_CASE][PASSED] - Test Cases/Custom Item Details/TEST CASE/TC_DETAILS_UI_030: Test Cases/Custom Item Details/TEST CASE/TC_DETAILS_UI_030

2022-04-07 11:07:18 - [TEST_STEP][PASSED] - callTestCase(findTestCase("Custom Item Details/UTILITIES/OPEN_BROWSER"), [:], STOP_ON_FAILURE): Call Test Case 'Test Cases/Custom Item Details/UTILITIES/OPEN_BROWSER' successfully

2022-04-07 11:07:18 - [TEST_CASE][PASSED] - Test Cases/Custom Item Details/UTILITIES/OPEN_BROWSER: Test Cases/Custom Item Details/UTILITIES/OPEN_BROWSER

2022-04-07 11:07:18 - [TEST_STEP][PASSED] - openBrowser("https://diagnostics.staging.arcadier.io/"): Browser is opened with url: 'https://diagnostics.staging.arcadier.io/'

2022-04-07 11:07:18 - [MESSAGE][INFO] - Starting 'Chrome' driver

2022-04-07 11:07:18 - [MESSAGE][INFO] - Action delay is set to 0 milliseconds

2022-04-07 11:07:21 - [MESSAGE][PASSED] - Browser is opened with url: 'https://diagnostics.staging.arcadier.io/'

2022-04-07 11:07:21 - [TEST_STEP][PASSED] - maximizeWindow(): Current window maximized

2022-04-07 11:07:21 - [MESSAGE][PASSED] - Current window maximized

2022-04-07 11:07:21 - [TEST_STEP][PASSED] - click(findTestObject("Item Details Objects/Page_diagnostics/a_Accept Cookies")): Object: 'Object Repository/Item Details Objects/Page_diagnostics/a_Accept Cookies' is clicked on

2022-04-07 11:07:23 - [MESSAGE][PASSED] - Object: 'Object Repository/Item Details Objects/Page_diagnostics/a_Accept Cookies' is clicked on

2022-04-07 11:07:23 - [TEST_STEP][PASSED] - click(findTestObject("New_Homepage/Page_diagnostics/a_COVID-19 DIAGNOSTICS"), STOP_ON_FAILURE): Object: 'Object Repository/New_Homepage/Page_diagnostics/a_COVID-19 DIAGNOSTICS' is clicked on

2022-04-07 11:07:26 - [MESSAGE][PASSED] - Object: 'Object Repository/New_Homepage/Page_diagnostics/a_COVID-19 DIAGNOSTICS' is clicked on

2022-04-07 11:07:26 - [TEST_STEP][PASSED] - mouseOver(findTestObject("New_Homepage/Page_diagnostics/a_Abbott Rapid Diagnostics PANBIO COVID-19 Ag Rapid Test Device (Nasopharyngeal)")): Object: 'Object Repository/New_Homepage/Page_diagnostics/a_Abbott Rapid Diagnostics PANBIO COVID-19 Ag Rapid Test Device (Nasopharyngeal)' is hovered

2022-04-07 11:07:27 - [MESSAGE][PASSED] - Object: 'Object Repository/New_Homepage/Page_diagnostics/a_Abbott Rapid Diagnostics PANBIO COVID-19 Ag Rapid Test Device (Nasopharyngeal)' is hovered

2022-04-07 11:07:27 - [TEST_STEP][PASSED] - click(findTestObject("New_Homepage/Page_diagnostics/a_Abbott Rapid Diagnostics PANBIO COVID-19 Ag Rapid Test Device (Nasopharyngeal)")): Object: 'Object Repository/New_Homepage/Page_diagnostics/a_Abbott Rapid Diagnostics PANBIO COVID-19 Ag Rapid Test Device (Nasopharyngeal)' is clicked on

2022-04-07 11:07:31 - [MESSAGE][PASSED] - Object: 'Object Repository/New_Homepage/Page_diagnostics/a_Abbott Rapid Diagnostics PANBIO COVID-19 Ag Rapid Test Device (Nasopharyngeal)' is clicked on

2022-04-07 11:07:31 - [MESSAGE][PASSED] - Call Test Case 'Test Cases/Custom Item Details/UTILITIES/OPEN_BROWSER' successfully

2022-04-07 11:07:31 - [TEST_STEP][PASSED] - waitForElementVisible(findTestObject("Staging Objects/Page_diagnostics/span_Intended use"), 0): Object 'Object Repository/Staging Objects/Page_diagnostics/span_Intended use' is visible

2022-04-07 11:07:31 - [MESSAGE][WARNING] - Timeout '0' is invalid. Using default page load timeout: '30'

2022-04-07 11:07:32 - [MESSAGE][PASSED] - Object 'Object Repository/Staging Objects/Page_diagnostics/span_Intended use' is visible

2022-04-07 11:07:32 - [TEST_STEP][PASSED] - verifyElementPresent(findTestObject("Staging Objects/Page_diagnostics/span_Intended use"), 0): Object 'Object Repository/Staging Objects/Page_diagnostics/span_Intended use' is present

2022-04-07 11:07:32 - [MESSAGE][WARNING] - Timeout '0' is invalid. Using default page load timeout: '30'

2022-04-07 11:07:32 - [MESSAGE][PASSED] - Object 'Object Repository/Staging Objects/Page_diagnostics/span_Intended use' is present

2022-04-07 11:07:32 - [TEST_STEP][PASSED] - callTestCase(findTestCase("Custom Item Details/UTILITIES/CLOSE_BROWSER"), [:], STOP_ON_FAILURE): Call Test Case 'Test Cases/Custom Item Details/UTILITIES/CLOSE_BROWSER' successfully

2022-04-07 11:07:32 - [TEST_CASE][PASSED] - Test Cases/Custom Item Details/UTILITIES/CLOSE_BROWSER: Test Cases/Custom Item Details/UTILITIES/CLOSE_BROWSER

2022-04-07 11:07:32 - [TEST_STEP][PASSED] - closeBrowser(): Browser is closed

2022-04-07 11:07:33 - [MESSAGE][PASSED] - Browser is closed

2022-04-07 11:07:33 - [MESSAGE][PASSED] - Call Test Case 'Test Cases/Custom Item Details/UTILITIES/CLOSE_BROWSER' successfully]]></system-out>
         <system-err><![CDATA[]]></system-err>
      </testcase>
      <testcase name="Test Cases/Custom Item Details/TEST CASE/TC_DETAILS_UI_031" time="45.041" classname="Test Cases/Custom Item Details/TEST CASE/TC_DETAILS_UI_031" status="PASSED">
         <system-out><![CDATA[2022-04-07 11:07:33 - [TEST_CASE][PASSED] - Test Cases/Custom Item Details/TEST CASE/TC_DETAILS_UI_031: Test Cases/Custom Item Details/TEST CASE/TC_DETAILS_UI_031

2022-04-07 11:07:33 - [TEST_STEP][PASSED] - callTestCase(findTestCase("Custom Item Details/UTILITIES/OPEN_BROWSER"), [:], STOP_ON_FAILURE): Call Test Case 'Test Cases/Custom Item Details/UTILITIES/OPEN_BROWSER' successfully

2022-04-07 11:07:33 - [TEST_CASE][PASSED] - Test Cases/Custom Item Details/UTILITIES/OPEN_BROWSER: Test Cases/Custom Item Details/UTILITIES/OPEN_BROWSER

2022-04-07 11:07:33 - [TEST_STEP][PASSED] - openBrowser("https://diagnostics.staging.arcadier.io/"): Browser is opened with url: 'https://diagnostics.staging.arcadier.io/'

2022-04-07 11:07:33 - [MESSAGE][INFO] - Starting 'Chrome' driver

2022-04-07 11:07:33 - [MESSAGE][INFO] - Action delay is set to 0 milliseconds

2022-04-07 11:07:36 - [MESSAGE][PASSED] - Browser is opened with url: 'https://diagnostics.staging.arcadier.io/'

2022-04-07 11:07:36 - [TEST_STEP][PASSED] - maximizeWindow(): Current window maximized

2022-04-07 11:07:37 - [MESSAGE][PASSED] - Current window maximized

2022-04-07 11:07:37 - [TEST_STEP][PASSED] - click(findTestObject("Item Details Objects/Page_diagnostics/a_Accept Cookies")): Object: 'Object Repository/Item Details Objects/Page_diagnostics/a_Accept Cookies' is clicked on

2022-04-07 11:07:38 - [MESSAGE][PASSED] - Object: 'Object Repository/Item Details Objects/Page_diagnostics/a_Accept Cookies' is clicked on

2022-04-07 11:07:38 - [TEST_STEP][PASSED] - click(findTestObject("New_Homepage/Page_diagnostics/a_COVID-19 DIAGNOSTICS"), STOP_ON_FAILURE): Object: 'Object Repository/New_Homepage/Page_diagnostics/a_COVID-19 DIAGNOSTICS' is clicked on

2022-04-07 11:07:41 - [MESSAGE][PASSED] - Object: 'Object Repository/New_Homepage/Page_diagnostics/a_COVID-19 DIAGNOSTICS' is clicked on

2022-04-07 11:07:41 - [TEST_STEP][PASSED] - mouseOver(findTestObject("New_Homepage/Page_diagnostics/a_Abbott Rapid Diagnostics PANBIO COVID-19 Ag Rapid Test Device (Nasopharyngeal)")): Object: 'Object Repository/New_Homepage/Page_diagnostics/a_Abbott Rapid Diagnostics PANBIO COVID-19 Ag Rapid Test Device (Nasopharyngeal)' is hovered

2022-04-07 11:07:43 - [MESSAGE][PASSED] - Object: 'Object Repository/New_Homepage/Page_diagnostics/a_Abbott Rapid Diagnostics PANBIO COVID-19 Ag Rapid Test Device (Nasopharyngeal)' is hovered

2022-04-07 11:07:43 - [TEST_STEP][PASSED] - click(findTestObject("New_Homepage/Page_diagnostics/a_Abbott Rapid Diagnostics PANBIO COVID-19 Ag Rapid Test Device (Nasopharyngeal)")): Object: 'Object Repository/New_Homepage/Page_diagnostics/a_Abbott Rapid Diagnostics PANBIO COVID-19 Ag Rapid Test Device (Nasopharyngeal)' is clicked on

2022-04-07 11:07:45 - [MESSAGE][PASSED] - Object: 'Object Repository/New_Homepage/Page_diagnostics/a_Abbott Rapid Diagnostics PANBIO COVID-19 Ag Rapid Test Device (Nasopharyngeal)' is clicked on

2022-04-07 11:07:45 - [MESSAGE][PASSED] - Call Test Case 'Test Cases/Custom Item Details/UTILITIES/OPEN_BROWSER' successfully

2022-04-07 11:07:45 - [TEST_STEP][PASSED] - waitForElementVisible(findTestObject("Staging Objects/Page_diagnostics/span_Language options"), 0): Object 'Object Repository/Staging Objects/Page_diagnostics/span_Language options' is not visible after 30 second(s)

2022-04-07 11:07:45 - [MESSAGE][WARNING] - Timeout '0' is invalid. Using default page load timeout: '30'

2022-04-07 11:08:17 - [MESSAGE][WARNING] - Object 'Object Repository/Staging Objects/Page_diagnostics/span_Language options' is not visible after 30 second(s)

2022-04-07 11:08:17 - [TEST_STEP][PASSED] - verifyElementPresent(findTestObject("Staging Objects/Page_diagnostics/span_Language options"), 0): Object 'Object Repository/Staging Objects/Page_diagnostics/span_Language options' is present

2022-04-07 11:08:17 - [MESSAGE][WARNING] - Timeout '0' is invalid. Using default page load timeout: '30'

2022-04-07 11:08:17 - [MESSAGE][PASSED] - Object 'Object Repository/Staging Objects/Page_diagnostics/span_Language options' is present

2022-04-07 11:08:17 - [TEST_STEP][PASSED] - callTestCase(findTestCase("Custom Item Details/UTILITIES/CLOSE_BROWSER"), [:], STOP_ON_FAILURE): Call Test Case 'Test Cases/Custom Item Details/UTILITIES/CLOSE_BROWSER' successfully

2022-04-07 11:08:17 - [TEST_CASE][PASSED] - Test Cases/Custom Item Details/UTILITIES/CLOSE_BROWSER: Test Cases/Custom Item Details/UTILITIES/CLOSE_BROWSER

2022-04-07 11:08:17 - [TEST_STEP][PASSED] - closeBrowser(): Browser is closed

2022-04-07 11:08:18 - [MESSAGE][PASSED] - Browser is closed

2022-04-07 11:08:18 - [MESSAGE][PASSED] - Call Test Case 'Test Cases/Custom Item Details/UTILITIES/CLOSE_BROWSER' successfully]]></system-out>
         <system-err><![CDATA[]]></system-err>
      </testcase>
      <testcase name="Test Cases/Custom Item Details/TEST CASE/TC_DETAILS_UI_032" time="46.265" classname="Test Cases/Custom Item Details/TEST CASE/TC_DETAILS_UI_032" status="PASSED">
         <system-out><![CDATA[2022-04-07 11:08:18 - [TEST_CASE][PASSED] - Test Cases/Custom Item Details/TEST CASE/TC_DETAILS_UI_032: Test Cases/Custom Item Details/TEST CASE/TC_DETAILS_UI_032

2022-04-07 11:08:18 - [TEST_STEP][PASSED] - callTestCase(findTestCase("Custom Item Details/UTILITIES/OPEN_BROWSER"), [:], STOP_ON_FAILURE): Call Test Case 'Test Cases/Custom Item Details/UTILITIES/OPEN_BROWSER' successfully

2022-04-07 11:08:18 - [TEST_CASE][PASSED] - Test Cases/Custom Item Details/UTILITIES/OPEN_BROWSER: Test Cases/Custom Item Details/UTILITIES/OPEN_BROWSER

2022-04-07 11:08:18 - [TEST_STEP][PASSED] - openBrowser("https://diagnostics.staging.arcadier.io/"): Browser is opened with url: 'https://diagnostics.staging.arcadier.io/'

2022-04-07 11:08:18 - [MESSAGE][INFO] - Starting 'Chrome' driver

2022-04-07 11:08:18 - [MESSAGE][INFO] - Action delay is set to 0 milliseconds

2022-04-07 11:08:22 - [MESSAGE][PASSED] - Browser is opened with url: 'https://diagnostics.staging.arcadier.io/'

2022-04-07 11:08:22 - [TEST_STEP][PASSED] - maximizeWindow(): Current window maximized

2022-04-07 11:08:22 - [MESSAGE][PASSED] - Current window maximized

2022-04-07 11:08:22 - [TEST_STEP][PASSED] - click(findTestObject("Item Details Objects/Page_diagnostics/a_Accept Cookies")): Object: 'Object Repository/Item Details Objects/Page_diagnostics/a_Accept Cookies' is clicked on

2022-04-07 11:08:23 - [MESSAGE][PASSED] - Object: 'Object Repository/Item Details Objects/Page_diagnostics/a_Accept Cookies' is clicked on

2022-04-07 11:08:23 - [TEST_STEP][PASSED] - click(findTestObject("New_Homepage/Page_diagnostics/a_COVID-19 DIAGNOSTICS"), STOP_ON_FAILURE): Object: 'Object Repository/New_Homepage/Page_diagnostics/a_COVID-19 DIAGNOSTICS' is clicked on

2022-04-07 11:08:26 - [MESSAGE][PASSED] - Object: 'Object Repository/New_Homepage/Page_diagnostics/a_COVID-19 DIAGNOSTICS' is clicked on

2022-04-07 11:08:26 - [TEST_STEP][PASSED] - mouseOver(findTestObject("New_Homepage/Page_diagnostics/a_Abbott Rapid Diagnostics PANBIO COVID-19 Ag Rapid Test Device (Nasopharyngeal)")): Object: 'Object Repository/New_Homepage/Page_diagnostics/a_Abbott Rapid Diagnostics PANBIO COVID-19 Ag Rapid Test Device (Nasopharyngeal)' is hovered

2022-04-07 11:08:28 - [MESSAGE][PASSED] - Object: 'Object Repository/New_Homepage/Page_diagnostics/a_Abbott Rapid Diagnostics PANBIO COVID-19 Ag Rapid Test Device (Nasopharyngeal)' is hovered

2022-04-07 11:08:28 - [TEST_STEP][PASSED] - click(findTestObject("New_Homepage/Page_diagnostics/a_Abbott Rapid Diagnostics PANBIO COVID-19 Ag Rapid Test Device (Nasopharyngeal)")): Object: 'Object Repository/New_Homepage/Page_diagnostics/a_Abbott Rapid Diagnostics PANBIO COVID-19 Ag Rapid Test Device (Nasopharyngeal)' is clicked on

2022-04-07 11:08:31 - [MESSAGE][PASSED] - Object: 'Object Repository/New_Homepage/Page_diagnostics/a_Abbott Rapid Diagnostics PANBIO COVID-19 Ag Rapid Test Device (Nasopharyngeal)' is clicked on

2022-04-07 11:08:31 - [MESSAGE][PASSED] - Call Test Case 'Test Cases/Custom Item Details/UTILITIES/OPEN_BROWSER' successfully

2022-04-07 11:08:31 - [TEST_STEP][PASSED] - waitForElementVisible(findTestObject("Staging Objects/Page_diagnostics/span_Memory capacity of the meter"), 0): Object 'Object Repository/Staging Objects/Page_diagnostics/span_Memory capacity of the meter' is not visible after 30 second(s)

2022-04-07 11:08:31 - [MESSAGE][WARNING] - Timeout '0' is invalid. Using default page load timeout: '30'

2022-04-07 11:09:03 - [MESSAGE][WARNING] - Object 'Object Repository/Staging Objects/Page_diagnostics/span_Memory capacity of the meter' is not visible after 30 second(s)

2022-04-07 11:09:03 - [TEST_STEP][PASSED] - verifyElementPresent(findTestObject("Staging Objects/Page_diagnostics/span_Memory capacity of the meter"), 0): Object 'Object Repository/Staging Objects/Page_diagnostics/span_Memory capacity of the meter' is present

2022-04-07 11:09:03 - [MESSAGE][WARNING] - Timeout '0' is invalid. Using default page load timeout: '30'

2022-04-07 11:09:04 - [MESSAGE][PASSED] - Object 'Object Repository/Staging Objects/Page_diagnostics/span_Memory capacity of the meter' is present

2022-04-07 11:09:04 - [TEST_STEP][PASSED] - callTestCase(findTestCase("Custom Item Details/UTILITIES/CLOSE_BROWSER"), [:], STOP_ON_FAILURE): Call Test Case 'Test Cases/Custom Item Details/UTILITIES/CLOSE_BROWSER' successfully

2022-04-07 11:09:04 - [TEST_CASE][PASSED] - Test Cases/Custom Item Details/UTILITIES/CLOSE_BROWSER: Test Cases/Custom Item Details/UTILITIES/CLOSE_BROWSER

2022-04-07 11:09:04 - [TEST_STEP][PASSED] - closeBrowser(): Browser is closed

2022-04-07 11:09:04 - [MESSAGE][PASSED] - Browser is closed

2022-04-07 11:09:04 - [MESSAGE][PASSED] - Call Test Case 'Test Cases/Custom Item Details/UTILITIES/CLOSE_BROWSER' successfully]]></system-out>
         <system-err><![CDATA[]]></system-err>
      </testcase>
      <testcase name="Test Cases/Custom Item Details/TEST CASE/TC_DETAILS_UI_033" time="45.723" classname="Test Cases/Custom Item Details/TEST CASE/TC_DETAILS_UI_033" status="PASSED">
         <system-out><![CDATA[2022-04-07 11:09:04 - [TEST_CASE][PASSED] - Test Cases/Custom Item Details/TEST CASE/TC_DETAILS_UI_033: Test Cases/Custom Item Details/TEST CASE/TC_DETAILS_UI_033

2022-04-07 11:09:04 - [TEST_STEP][PASSED] - callTestCase(findTestCase("Custom Item Details/UTILITIES/OPEN_BROWSER"), [:], STOP_ON_FAILURE): Call Test Case 'Test Cases/Custom Item Details/UTILITIES/OPEN_BROWSER' successfully

2022-04-07 11:09:05 - [TEST_CASE][PASSED] - Test Cases/Custom Item Details/UTILITIES/OPEN_BROWSER: Test Cases/Custom Item Details/UTILITIES/OPEN_BROWSER

2022-04-07 11:09:05 - [TEST_STEP][PASSED] - openBrowser("https://diagnostics.staging.arcadier.io/"): Browser is opened with url: 'https://diagnostics.staging.arcadier.io/'

2022-04-07 11:09:05 - [MESSAGE][INFO] - Starting 'Chrome' driver

2022-04-07 11:09:05 - [MESSAGE][INFO] - Action delay is set to 0 milliseconds

2022-04-07 11:09:08 - [MESSAGE][PASSED] - Browser is opened with url: 'https://diagnostics.staging.arcadier.io/'

2022-04-07 11:09:08 - [TEST_STEP][PASSED] - maximizeWindow(): Current window maximized

2022-04-07 11:09:08 - [MESSAGE][PASSED] - Current window maximized

2022-04-07 11:09:08 - [TEST_STEP][PASSED] - click(findTestObject("Item Details Objects/Page_diagnostics/a_Accept Cookies")): Object: 'Object Repository/Item Details Objects/Page_diagnostics/a_Accept Cookies' is clicked on

2022-04-07 11:09:09 - [MESSAGE][PASSED] - Object: 'Object Repository/Item Details Objects/Page_diagnostics/a_Accept Cookies' is clicked on

2022-04-07 11:09:09 - [TEST_STEP][PASSED] - click(findTestObject("New_Homepage/Page_diagnostics/a_COVID-19 DIAGNOSTICS"), STOP_ON_FAILURE): Object: 'Object Repository/New_Homepage/Page_diagnostics/a_COVID-19 DIAGNOSTICS' is clicked on

2022-04-07 11:09:12 - [MESSAGE][PASSED] - Object: 'Object Repository/New_Homepage/Page_diagnostics/a_COVID-19 DIAGNOSTICS' is clicked on

2022-04-07 11:09:12 - [TEST_STEP][PASSED] - mouseOver(findTestObject("New_Homepage/Page_diagnostics/a_Abbott Rapid Diagnostics PANBIO COVID-19 Ag Rapid Test Device (Nasopharyngeal)")): Object: 'Object Repository/New_Homepage/Page_diagnostics/a_Abbott Rapid Diagnostics PANBIO COVID-19 Ag Rapid Test Device (Nasopharyngeal)' is hovered

2022-04-07 11:09:14 - [MESSAGE][PASSED] - Object: 'Object Repository/New_Homepage/Page_diagnostics/a_Abbott Rapid Diagnostics PANBIO COVID-19 Ag Rapid Test Device (Nasopharyngeal)' is hovered

2022-04-07 11:09:14 - [TEST_STEP][PASSED] - click(findTestObject("New_Homepage/Page_diagnostics/a_Abbott Rapid Diagnostics PANBIO COVID-19 Ag Rapid Test Device (Nasopharyngeal)")): Object: 'Object Repository/New_Homepage/Page_diagnostics/a_Abbott Rapid Diagnostics PANBIO COVID-19 Ag Rapid Test Device (Nasopharyngeal)' is clicked on

2022-04-07 11:09:17 - [MESSAGE][PASSED] - Object: 'Object Repository/New_Homepage/Page_diagnostics/a_Abbott Rapid Diagnostics PANBIO COVID-19 Ag Rapid Test Device (Nasopharyngeal)' is clicked on

2022-04-07 11:09:17 - [MESSAGE][PASSED] - Call Test Case 'Test Cases/Custom Item Details/UTILITIES/OPEN_BROWSER' successfully

2022-04-07 11:09:17 - [TEST_STEP][PASSED] - waitForElementVisible(findTestObject("Staging Objects/Page_diagnostics/span_Meter connection to computer"), 0): Object 'Object Repository/Staging Objects/Page_diagnostics/span_Meter connection to computer' is not visible after 30 second(s)

2022-04-07 11:09:17 - [MESSAGE][WARNING] - Timeout '0' is invalid. Using default page load timeout: '30'

2022-04-07 11:09:49 - [MESSAGE][WARNING] - Object 'Object Repository/Staging Objects/Page_diagnostics/span_Meter connection to computer' is not visible after 30 second(s)

2022-04-07 11:09:49 - [TEST_STEP][PASSED] - verifyElementPresent(findTestObject("Staging Objects/Page_diagnostics/span_Meter connection to computer"), 0): Object 'Object Repository/Staging Objects/Page_diagnostics/span_Meter connection to computer' is present

2022-04-07 11:09:49 - [MESSAGE][WARNING] - Timeout '0' is invalid. Using default page load timeout: '30'

2022-04-07 11:09:49 - [MESSAGE][PASSED] - Object 'Object Repository/Staging Objects/Page_diagnostics/span_Meter connection to computer' is present

2022-04-07 11:09:49 - [TEST_STEP][PASSED] - callTestCase(findTestCase("Custom Item Details/UTILITIES/CLOSE_BROWSER"), [:], STOP_ON_FAILURE): Call Test Case 'Test Cases/Custom Item Details/UTILITIES/CLOSE_BROWSER' successfully

2022-04-07 11:09:49 - [TEST_CASE][PASSED] - Test Cases/Custom Item Details/UTILITIES/CLOSE_BROWSER: Test Cases/Custom Item Details/UTILITIES/CLOSE_BROWSER

2022-04-07 11:09:49 - [TEST_STEP][PASSED] - closeBrowser(): Browser is closed

2022-04-07 11:09:50 - [MESSAGE][PASSED] - Browser is closed

2022-04-07 11:09:50 - [MESSAGE][PASSED] - Call Test Case 'Test Cases/Custom Item Details/UTILITIES/CLOSE_BROWSER' successfully]]></system-out>
         <system-err><![CDATA[]]></system-err>
      </testcase>
      <testcase name="Test Cases/Custom Item Details/TEST CASE/TC_DETAILS_UI_034" time="44.49" classname="Test Cases/Custom Item Details/TEST CASE/TC_DETAILS_UI_034" status="PASSED">
         <system-out><![CDATA[2022-04-07 11:09:50 - [TEST_CASE][PASSED] - Test Cases/Custom Item Details/TEST CASE/TC_DETAILS_UI_034: Test Cases/Custom Item Details/TEST CASE/TC_DETAILS_UI_034

2022-04-07 11:09:50 - [TEST_STEP][PASSED] - callTestCase(findTestCase("Custom Item Details/UTILITIES/OPEN_BROWSER"), [:], STOP_ON_FAILURE): Call Test Case 'Test Cases/Custom Item Details/UTILITIES/OPEN_BROWSER' successfully

2022-04-07 11:09:50 - [TEST_CASE][PASSED] - Test Cases/Custom Item Details/UTILITIES/OPEN_BROWSER: Test Cases/Custom Item Details/UTILITIES/OPEN_BROWSER

2022-04-07 11:09:50 - [TEST_STEP][PASSED] - openBrowser("https://diagnostics.staging.arcadier.io/"): Browser is opened with url: 'https://diagnostics.staging.arcadier.io/'

2022-04-07 11:09:50 - [MESSAGE][INFO] - Starting 'Chrome' driver

2022-04-07 11:09:50 - [MESSAGE][INFO] - Action delay is set to 0 milliseconds

2022-04-07 11:09:54 - [MESSAGE][PASSED] - Browser is opened with url: 'https://diagnostics.staging.arcadier.io/'

2022-04-07 11:09:54 - [TEST_STEP][PASSED] - maximizeWindow(): Current window maximized

2022-04-07 11:09:54 - [MESSAGE][PASSED] - Current window maximized

2022-04-07 11:09:54 - [TEST_STEP][PASSED] - click(findTestObject("Item Details Objects/Page_diagnostics/a_Accept Cookies")): Object: 'Object Repository/Item Details Objects/Page_diagnostics/a_Accept Cookies' is clicked on

2022-04-07 11:09:55 - [MESSAGE][PASSED] - Object: 'Object Repository/Item Details Objects/Page_diagnostics/a_Accept Cookies' is clicked on

2022-04-07 11:09:55 - [TEST_STEP][PASSED] - click(findTestObject("New_Homepage/Page_diagnostics/a_COVID-19 DIAGNOSTICS"), STOP_ON_FAILURE): Object: 'Object Repository/New_Homepage/Page_diagnostics/a_COVID-19 DIAGNOSTICS' is clicked on

2022-04-07 11:09:56 - [MESSAGE][PASSED] - Object: 'Object Repository/New_Homepage/Page_diagnostics/a_COVID-19 DIAGNOSTICS' is clicked on

2022-04-07 11:09:56 - [TEST_STEP][PASSED] - mouseOver(findTestObject("New_Homepage/Page_diagnostics/a_Abbott Rapid Diagnostics PANBIO COVID-19 Ag Rapid Test Device (Nasopharyngeal)")): Object: 'Object Repository/New_Homepage/Page_diagnostics/a_Abbott Rapid Diagnostics PANBIO COVID-19 Ag Rapid Test Device (Nasopharyngeal)' is hovered

2022-04-07 11:09:58 - [MESSAGE][PASSED] - Object: 'Object Repository/New_Homepage/Page_diagnostics/a_Abbott Rapid Diagnostics PANBIO COVID-19 Ag Rapid Test Device (Nasopharyngeal)' is hovered

2022-04-07 11:09:58 - [TEST_STEP][PASSED] - click(findTestObject("New_Homepage/Page_diagnostics/a_Abbott Rapid Diagnostics PANBIO COVID-19 Ag Rapid Test Device (Nasopharyngeal)")): Object: 'Object Repository/New_Homepage/Page_diagnostics/a_Abbott Rapid Diagnostics PANBIO COVID-19 Ag Rapid Test Device (Nasopharyngeal)' is clicked on

2022-04-07 11:10:02 - [MESSAGE][PASSED] - Object: 'Object Repository/New_Homepage/Page_diagnostics/a_Abbott Rapid Diagnostics PANBIO COVID-19 Ag Rapid Test Device (Nasopharyngeal)' is clicked on

2022-04-07 11:10:02 - [MESSAGE][PASSED] - Call Test Case 'Test Cases/Custom Item Details/UTILITIES/OPEN_BROWSER' successfully

2022-04-07 11:10:02 - [TEST_STEP][PASSED] - waitForElementVisible(findTestObject("Staging Objects/Page_diagnostics/span_Meter connectivity"), 0): Object 'Object Repository/Staging Objects/Page_diagnostics/span_Meter connectivity' is not visible after 30 second(s)

2022-04-07 11:10:02 - [MESSAGE][WARNING] - Timeout '0' is invalid. Using default page load timeout: '30'

2022-04-07 11:10:34 - [MESSAGE][WARNING] - Object 'Object Repository/Staging Objects/Page_diagnostics/span_Meter connectivity' is not visible after 30 second(s)

2022-04-07 11:10:34 - [TEST_STEP][PASSED] - verifyElementPresent(findTestObject("Staging Objects/Page_diagnostics/span_Meter connectivity"), 0): Object 'Object Repository/Staging Objects/Page_diagnostics/span_Meter connectivity' is present

2022-04-07 11:10:34 - [MESSAGE][WARNING] - Timeout '0' is invalid. Using default page load timeout: '30'

2022-04-07 11:10:34 - [MESSAGE][PASSED] - Object 'Object Repository/Staging Objects/Page_diagnostics/span_Meter connectivity' is present

2022-04-07 11:10:34 - [TEST_STEP][PASSED] - callTestCase(findTestCase("Custom Item Details/UTILITIES/CLOSE_BROWSER"), [:], STOP_ON_FAILURE): Call Test Case 'Test Cases/Custom Item Details/UTILITIES/CLOSE_BROWSER' successfully

2022-04-07 11:10:34 - [TEST_CASE][PASSED] - Test Cases/Custom Item Details/UTILITIES/CLOSE_BROWSER: Test Cases/Custom Item Details/UTILITIES/CLOSE_BROWSER

2022-04-07 11:10:34 - [TEST_STEP][PASSED] - closeBrowser(): Browser is closed

2022-04-07 11:10:35 - [MESSAGE][PASSED] - Browser is closed

2022-04-07 11:10:35 - [MESSAGE][PASSED] - Call Test Case 'Test Cases/Custom Item Details/UTILITIES/CLOSE_BROWSER' successfully]]></system-out>
         <system-err><![CDATA[]]></system-err>
      </testcase>
      <testcase name="Test Cases/Custom Item Details/TEST CASE/TC_DETAILS_UI_035" time="15.074" classname="Test Cases/Custom Item Details/TEST CASE/TC_DETAILS_UI_035" status="PASSED">
         <system-out><![CDATA[2022-04-07 11:10:35 - [TEST_CASE][PASSED] - Test Cases/Custom Item Details/TEST CASE/TC_DETAILS_UI_035: Test Cases/Custom Item Details/TEST CASE/TC_DETAILS_UI_035

2022-04-07 11:10:35 - [TEST_STEP][PASSED] - callTestCase(findTestCase("Custom Item Details/UTILITIES/OPEN_BROWSER"), [:], STOP_ON_FAILURE): Call Test Case 'Test Cases/Custom Item Details/UTILITIES/OPEN_BROWSER' successfully

2022-04-07 11:10:35 - [TEST_CASE][PASSED] - Test Cases/Custom Item Details/UTILITIES/OPEN_BROWSER: Test Cases/Custom Item Details/UTILITIES/OPEN_BROWSER

2022-04-07 11:10:35 - [TEST_STEP][PASSED] - openBrowser("https://diagnostics.staging.arcadier.io/"): Browser is opened with url: 'https://diagnostics.staging.arcadier.io/'

2022-04-07 11:10:35 - [MESSAGE][INFO] - Starting 'Chrome' driver

2022-04-07 11:10:35 - [MESSAGE][INFO] - Action delay is set to 0 milliseconds

2022-04-07 11:10:38 - [MESSAGE][PASSED] - Browser is opened with url: 'https://diagnostics.staging.arcadier.io/'

2022-04-07 11:10:38 - [TEST_STEP][PASSED] - maximizeWindow(): Current window maximized

2022-04-07 11:10:38 - [MESSAGE][PASSED] - Current window maximized

2022-04-07 11:10:38 - [TEST_STEP][PASSED] - click(findTestObject("Item Details Objects/Page_diagnostics/a_Accept Cookies")): Object: 'Object Repository/Item Details Objects/Page_diagnostics/a_Accept Cookies' is clicked on

2022-04-07 11:10:40 - [MESSAGE][PASSED] - Object: 'Object Repository/Item Details Objects/Page_diagnostics/a_Accept Cookies' is clicked on

2022-04-07 11:10:40 - [TEST_STEP][PASSED] - click(findTestObject("New_Homepage/Page_diagnostics/a_COVID-19 DIAGNOSTICS"), STOP_ON_FAILURE): Object: 'Object Repository/New_Homepage/Page_diagnostics/a_COVID-19 DIAGNOSTICS' is clicked on

2022-04-07 11:10:43 - [MESSAGE][PASSED] - Object: 'Object Repository/New_Homepage/Page_diagnostics/a_COVID-19 DIAGNOSTICS' is clicked on

2022-04-07 11:10:43 - [TEST_STEP][PASSED] - mouseOver(findTestObject("New_Homepage/Page_diagnostics/a_Abbott Rapid Diagnostics PANBIO COVID-19 Ag Rapid Test Device (Nasopharyngeal)")): Object: 'Object Repository/New_Homepage/Page_diagnostics/a_Abbott Rapid Diagnostics PANBIO COVID-19 Ag Rapid Test Device (Nasopharyngeal)' is hovered

2022-04-07 11:10:45 - [MESSAGE][PASSED] - Object: 'Object Repository/New_Homepage/Page_diagnostics/a_Abbott Rapid Diagnostics PANBIO COVID-19 Ag Rapid Test Device (Nasopharyngeal)' is hovered

2022-04-07 11:10:45 - [TEST_STEP][PASSED] - click(findTestObject("New_Homepage/Page_diagnostics/a_Abbott Rapid Diagnostics PANBIO COVID-19 Ag Rapid Test Device (Nasopharyngeal)")): Object: 'Object Repository/New_Homepage/Page_diagnostics/a_Abbott Rapid Diagnostics PANBIO COVID-19 Ag Rapid Test Device (Nasopharyngeal)' is clicked on

2022-04-07 11:10:47 - [MESSAGE][PASSED] - Object: 'Object Repository/New_Homepage/Page_diagnostics/a_Abbott Rapid Diagnostics PANBIO COVID-19 Ag Rapid Test Device (Nasopharyngeal)' is clicked on

2022-04-07 11:10:47 - [MESSAGE][PASSED] - Call Test Case 'Test Cases/Custom Item Details/UTILITIES/OPEN_BROWSER' successfully

2022-04-07 11:10:47 - [TEST_STEP][PASSED] - waitForElementVisible(findTestObject("Staging Objects/Page_diagnostics/span_Name of manufacturer"), 0): Object 'Object Repository/Staging Objects/Page_diagnostics/span_Name of manufacturer' is visible

2022-04-07 11:10:47 - [MESSAGE][WARNING] - Timeout '0' is invalid. Using default page load timeout: '30'

2022-04-07 11:10:49 - [MESSAGE][PASSED] - Object 'Object Repository/Staging Objects/Page_diagnostics/span_Name of manufacturer' is visible

2022-04-07 11:10:49 - [TEST_STEP][PASSED] - verifyElementPresent(findTestObject("Staging Objects/Page_diagnostics/span_Name of manufacturer"), 0): Object 'Object Repository/Staging Objects/Page_diagnostics/span_Name of manufacturer' is present

2022-04-07 11:10:49 - [MESSAGE][WARNING] - Timeout '0' is invalid. Using default page load timeout: '30'

2022-04-07 11:10:49 - [MESSAGE][PASSED] - Object 'Object Repository/Staging Objects/Page_diagnostics/span_Name of manufacturer' is present

2022-04-07 11:10:49 - [TEST_STEP][PASSED] - callTestCase(findTestCase("Custom Item Details/UTILITIES/CLOSE_BROWSER"), [:], STOP_ON_FAILURE): Call Test Case 'Test Cases/Custom Item Details/UTILITIES/CLOSE_BROWSER' successfully

2022-04-07 11:10:49 - [TEST_CASE][PASSED] - Test Cases/Custom Item Details/UTILITIES/CLOSE_BROWSER: Test Cases/Custom Item Details/UTILITIES/CLOSE_BROWSER

2022-04-07 11:10:49 - [TEST_STEP][PASSED] - closeBrowser(): Browser is closed

2022-04-07 11:10:50 - [MESSAGE][PASSED] - Browser is closed

2022-04-07 11:10:50 - [MESSAGE][PASSED] - Call Test Case 'Test Cases/Custom Item Details/UTILITIES/CLOSE_BROWSER' successfully]]></system-out>
         <system-err><![CDATA[]]></system-err>
      </testcase>
      <testcase name="Test Cases/Custom Item Details/TEST CASE/TC_DETAILS_UI_036" time="15.236" classname="Test Cases/Custom Item Details/TEST CASE/TC_DETAILS_UI_036" status="PASSED">
         <system-out><![CDATA[2022-04-07 11:10:50 - [TEST_CASE][PASSED] - Test Cases/Custom Item Details/TEST CASE/TC_DETAILS_UI_036: Test Cases/Custom Item Details/TEST CASE/TC_DETAILS_UI_036

2022-04-07 11:10:50 - [TEST_STEP][PASSED] - callTestCase(findTestCase("Custom Item Details/UTILITIES/OPEN_BROWSER"), [:], STOP_ON_FAILURE): Call Test Case 'Test Cases/Custom Item Details/UTILITIES/OPEN_BROWSER' successfully

2022-04-07 11:10:50 - [TEST_CASE][PASSED] - Test Cases/Custom Item Details/UTILITIES/OPEN_BROWSER: Test Cases/Custom Item Details/UTILITIES/OPEN_BROWSER

2022-04-07 11:10:50 - [TEST_STEP][PASSED] - openBrowser("https://diagnostics.staging.arcadier.io/"): Browser is opened with url: 'https://diagnostics.staging.arcadier.io/'

2022-04-07 11:10:50 - [MESSAGE][INFO] - Starting 'Chrome' driver

2022-04-07 11:10:50 - [MESSAGE][INFO] - Action delay is set to 0 milliseconds

2022-04-07 11:10:53 - [MESSAGE][PASSED] - Browser is opened with url: 'https://diagnostics.staging.arcadier.io/'

2022-04-07 11:10:53 - [TEST_STEP][PASSED] - maximizeWindow(): Current window maximized

2022-04-07 11:10:53 - [MESSAGE][PASSED] - Current window maximized

2022-04-07 11:10:53 - [TEST_STEP][PASSED] - click(findTestObject("Item Details Objects/Page_diagnostics/a_Accept Cookies")): Object: 'Object Repository/Item Details Objects/Page_diagnostics/a_Accept Cookies' is clicked on

2022-04-07 11:10:55 - [MESSAGE][PASSED] - Object: 'Object Repository/Item Details Objects/Page_diagnostics/a_Accept Cookies' is clicked on

2022-04-07 11:10:55 - [TEST_STEP][PASSED] - click(findTestObject("New_Homepage/Page_diagnostics/a_COVID-19 DIAGNOSTICS"), STOP_ON_FAILURE): Object: 'Object Repository/New_Homepage/Page_diagnostics/a_COVID-19 DIAGNOSTICS' is clicked on

2022-04-07 11:10:57 - [MESSAGE][PASSED] - Object: 'Object Repository/New_Homepage/Page_diagnostics/a_COVID-19 DIAGNOSTICS' is clicked on

2022-04-07 11:10:57 - [TEST_STEP][PASSED] - mouseOver(findTestObject("New_Homepage/Page_diagnostics/a_Abbott Rapid Diagnostics PANBIO COVID-19 Ag Rapid Test Device (Nasopharyngeal)")): Object: 'Object Repository/New_Homepage/Page_diagnostics/a_Abbott Rapid Diagnostics PANBIO COVID-19 Ag Rapid Test Device (Nasopharyngeal)' is hovered

2022-04-07 11:10:59 - [MESSAGE][PASSED] - Object: 'Object Repository/New_Homepage/Page_diagnostics/a_Abbott Rapid Diagnostics PANBIO COVID-19 Ag Rapid Test Device (Nasopharyngeal)' is hovered

2022-04-07 11:10:59 - [TEST_STEP][PASSED] - click(findTestObject("New_Homepage/Page_diagnostics/a_Abbott Rapid Diagnostics PANBIO COVID-19 Ag Rapid Test Device (Nasopharyngeal)")): Object: 'Object Repository/New_Homepage/Page_diagnostics/a_Abbott Rapid Diagnostics PANBIO COVID-19 Ag Rapid Test Device (Nasopharyngeal)' is clicked on

2022-04-07 11:11:02 - [MESSAGE][PASSED] - Object: 'Object Repository/New_Homepage/Page_diagnostics/a_Abbott Rapid Diagnostics PANBIO COVID-19 Ag Rapid Test Device (Nasopharyngeal)' is clicked on

2022-04-07 11:11:02 - [MESSAGE][PASSED] - Call Test Case 'Test Cases/Custom Item Details/UTILITIES/OPEN_BROWSER' successfully

2022-04-07 11:11:02 - [TEST_STEP][PASSED] - waitForElementVisible(findTestObject("Staging Objects/Page_diagnostics/span_Operating conditions"), 0): Object 'Object Repository/Staging Objects/Page_diagnostics/span_Operating conditions' is visible

2022-04-07 11:11:02 - [MESSAGE][WARNING] - Timeout '0' is invalid. Using default page load timeout: '30'

2022-04-07 11:11:04 - [MESSAGE][PASSED] - Object 'Object Repository/Staging Objects/Page_diagnostics/span_Operating conditions' is visible

2022-04-07 11:11:04 - [TEST_STEP][PASSED] - verifyElementPresent(findTestObject("Staging Objects/Page_diagnostics/span_Operating conditions"), 0): Object 'Object Repository/Staging Objects/Page_diagnostics/span_Operating conditions' is present

2022-04-07 11:11:04 - [MESSAGE][WARNING] - Timeout '0' is invalid. Using default page load timeout: '30'

2022-04-07 11:11:04 - [MESSAGE][PASSED] - Object 'Object Repository/Staging Objects/Page_diagnostics/span_Operating conditions' is present

2022-04-07 11:11:04 - [TEST_STEP][PASSED] - callTestCase(findTestCase("Custom Item Details/UTILITIES/CLOSE_BROWSER"), [:], STOP_ON_FAILURE): Call Test Case 'Test Cases/Custom Item Details/UTILITIES/CLOSE_BROWSER' successfully

2022-04-07 11:11:04 - [TEST_CASE][PASSED] - Test Cases/Custom Item Details/UTILITIES/CLOSE_BROWSER: Test Cases/Custom Item Details/UTILITIES/CLOSE_BROWSER

2022-04-07 11:11:04 - [TEST_STEP][PASSED] - closeBrowser(): Browser is closed

2022-04-07 11:11:05 - [MESSAGE][PASSED] - Browser is closed

2022-04-07 11:11:05 - [MESSAGE][PASSED] - Call Test Case 'Test Cases/Custom Item Details/UTILITIES/CLOSE_BROWSER' successfully]]></system-out>
         <system-err><![CDATA[]]></system-err>
      </testcase>
      <testcase name="Test Cases/Custom Item Details/TEST CASE/TC_DETAILS_UI_037" time="45.694" classname="Test Cases/Custom Item Details/TEST CASE/TC_DETAILS_UI_037" status="PASSED">
         <system-out><![CDATA[2022-04-07 11:11:05 - [TEST_CASE][PASSED] - Test Cases/Custom Item Details/TEST CASE/TC_DETAILS_UI_037: Test Cases/Custom Item Details/TEST CASE/TC_DETAILS_UI_037

2022-04-07 11:11:05 - [TEST_STEP][PASSED] - callTestCase(findTestCase("Custom Item Details/UTILITIES/OPEN_BROWSER"), [:], STOP_ON_FAILURE): Call Test Case 'Test Cases/Custom Item Details/UTILITIES/OPEN_BROWSER' successfully

2022-04-07 11:11:05 - [TEST_CASE][PASSED] - Test Cases/Custom Item Details/UTILITIES/OPEN_BROWSER: Test Cases/Custom Item Details/UTILITIES/OPEN_BROWSER

2022-04-07 11:11:05 - [TEST_STEP][PASSED] - openBrowser("https://diagnostics.staging.arcadier.io/"): Browser is opened with url: 'https://diagnostics.staging.arcadier.io/'

2022-04-07 11:11:05 - [MESSAGE][INFO] - Starting 'Chrome' driver

2022-04-07 11:11:05 - [MESSAGE][INFO] - Action delay is set to 0 milliseconds

2022-04-07 11:11:08 - [MESSAGE][PASSED] - Browser is opened with url: 'https://diagnostics.staging.arcadier.io/'

2022-04-07 11:11:08 - [TEST_STEP][PASSED] - maximizeWindow(): Current window maximized

2022-04-07 11:11:08 - [MESSAGE][PASSED] - Current window maximized

2022-04-07 11:11:08 - [TEST_STEP][PASSED] - click(findTestObject("Item Details Objects/Page_diagnostics/a_Accept Cookies")): Object: 'Object Repository/Item Details Objects/Page_diagnostics/a_Accept Cookies' is clicked on

2022-04-07 11:11:10 - [MESSAGE][PASSED] - Object: 'Object Repository/Item Details Objects/Page_diagnostics/a_Accept Cookies' is clicked on

2022-04-07 11:11:10 - [TEST_STEP][PASSED] - click(findTestObject("New_Homepage/Page_diagnostics/a_COVID-19 DIAGNOSTICS"), STOP_ON_FAILURE): Object: 'Object Repository/New_Homepage/Page_diagnostics/a_COVID-19 DIAGNOSTICS' is clicked on

2022-04-07 11:11:12 - [MESSAGE][PASSED] - Object: 'Object Repository/New_Homepage/Page_diagnostics/a_COVID-19 DIAGNOSTICS' is clicked on

2022-04-07 11:11:12 - [TEST_STEP][PASSED] - mouseOver(findTestObject("New_Homepage/Page_diagnostics/a_Abbott Rapid Diagnostics PANBIO COVID-19 Ag Rapid Test Device (Nasopharyngeal)")): Object: 'Object Repository/New_Homepage/Page_diagnostics/a_Abbott Rapid Diagnostics PANBIO COVID-19 Ag Rapid Test Device (Nasopharyngeal)' is hovered

2022-04-07 11:11:15 - [MESSAGE][PASSED] - Object: 'Object Repository/New_Homepage/Page_diagnostics/a_Abbott Rapid Diagnostics PANBIO COVID-19 Ag Rapid Test Device (Nasopharyngeal)' is hovered

2022-04-07 11:11:15 - [TEST_STEP][PASSED] - click(findTestObject("New_Homepage/Page_diagnostics/a_Abbott Rapid Diagnostics PANBIO COVID-19 Ag Rapid Test Device (Nasopharyngeal)")): Object: 'Object Repository/New_Homepage/Page_diagnostics/a_Abbott Rapid Diagnostics PANBIO COVID-19 Ag Rapid Test Device (Nasopharyngeal)' is clicked on

2022-04-07 11:11:18 - [MESSAGE][PASSED] - Object: 'Object Repository/New_Homepage/Page_diagnostics/a_Abbott Rapid Diagnostics PANBIO COVID-19 Ag Rapid Test Device (Nasopharyngeal)' is clicked on

2022-04-07 11:11:18 - [MESSAGE][PASSED] - Call Test Case 'Test Cases/Custom Item Details/UTILITIES/OPEN_BROWSER' successfully

2022-04-07 11:11:18 - [TEST_STEP][PASSED] - waitForElementVisible(findTestObject("Staging Objects/Page_diagnostics/span_Power"), 0): Object 'Object Repository/Staging Objects/Page_diagnostics/span_Power' is not visible after 30 second(s)

2022-04-07 11:11:18 - [MESSAGE][WARNING] - Timeout '0' is invalid. Using default page load timeout: '30'

2022-04-07 11:11:50 - [MESSAGE][WARNING] - Object 'Object Repository/Staging Objects/Page_diagnostics/span_Power' is not visible after 30 second(s)

2022-04-07 11:11:50 - [TEST_STEP][PASSED] - verifyElementPresent(findTestObject("Staging Objects/Page_diagnostics/span_Power"), 0): Object 'Object Repository/Staging Objects/Page_diagnostics/span_Power' is present

2022-04-07 11:11:50 - [MESSAGE][WARNING] - Timeout '0' is invalid. Using default page load timeout: '30'

2022-04-07 11:11:50 - [MESSAGE][PASSED] - Object 'Object Repository/Staging Objects/Page_diagnostics/span_Power' is present

2022-04-07 11:11:50 - [TEST_STEP][PASSED] - callTestCase(findTestCase("Custom Item Details/UTILITIES/CLOSE_BROWSER"), [:], STOP_ON_FAILURE): Call Test Case 'Test Cases/Custom Item Details/UTILITIES/CLOSE_BROWSER' successfully

2022-04-07 11:11:50 - [TEST_CASE][PASSED] - Test Cases/Custom Item Details/UTILITIES/CLOSE_BROWSER: Test Cases/Custom Item Details/UTILITIES/CLOSE_BROWSER

2022-04-07 11:11:50 - [TEST_STEP][PASSED] - closeBrowser(): Browser is closed

2022-04-07 11:11:51 - [MESSAGE][PASSED] - Browser is closed

2022-04-07 11:11:51 - [MESSAGE][PASSED] - Call Test Case 'Test Cases/Custom Item Details/UTILITIES/CLOSE_BROWSER' successfully]]></system-out>
         <system-err><![CDATA[]]></system-err>
      </testcase>
      <testcase name="Test Cases/Custom Item Details/TEST CASE/TC_DETAILS_UI_038" time="14.444" classname="Test Cases/Custom Item Details/TEST CASE/TC_DETAILS_UI_038" status="PASSED">
         <system-out><![CDATA[2022-04-07 11:11:51 - [TEST_CASE][PASSED] - Test Cases/Custom Item Details/TEST CASE/TC_DETAILS_UI_038: Test Cases/Custom Item Details/TEST CASE/TC_DETAILS_UI_038

2022-04-07 11:11:51 - [TEST_STEP][PASSED] - callTestCase(findTestCase("Custom Item Details/UTILITIES/OPEN_BROWSER"), [:], STOP_ON_FAILURE): Call Test Case 'Test Cases/Custom Item Details/UTILITIES/OPEN_BROWSER' successfully

2022-04-07 11:11:51 - [TEST_CASE][PASSED] - Test Cases/Custom Item Details/UTILITIES/OPEN_BROWSER: Test Cases/Custom Item Details/UTILITIES/OPEN_BROWSER

2022-04-07 11:11:51 - [TEST_STEP][PASSED] - openBrowser("https://diagnostics.staging.arcadier.io/"): Browser is opened with url: 'https://diagnostics.staging.arcadier.io/'

2022-04-07 11:11:51 - [MESSAGE][INFO] - Starting 'Chrome' driver

2022-04-07 11:11:51 - [MESSAGE][INFO] - Action delay is set to 0 milliseconds

2022-04-07 11:11:54 - [MESSAGE][PASSED] - Browser is opened with url: 'https://diagnostics.staging.arcadier.io/'

2022-04-07 11:11:54 - [TEST_STEP][PASSED] - maximizeWindow(): Current window maximized

2022-04-07 11:11:54 - [MESSAGE][PASSED] - Current window maximized

2022-04-07 11:11:54 - [TEST_STEP][PASSED] - click(findTestObject("Item Details Objects/Page_diagnostics/a_Accept Cookies")): Object: 'Object Repository/Item Details Objects/Page_diagnostics/a_Accept Cookies' is clicked on

2022-04-07 11:11:56 - [MESSAGE][PASSED] - Object: 'Object Repository/Item Details Objects/Page_diagnostics/a_Accept Cookies' is clicked on

2022-04-07 11:11:56 - [TEST_STEP][PASSED] - click(findTestObject("New_Homepage/Page_diagnostics/a_COVID-19 DIAGNOSTICS"), STOP_ON_FAILURE): Object: 'Object Repository/New_Homepage/Page_diagnostics/a_COVID-19 DIAGNOSTICS' is clicked on

2022-04-07 11:11:57 - [MESSAGE][PASSED] - Object: 'Object Repository/New_Homepage/Page_diagnostics/a_COVID-19 DIAGNOSTICS' is clicked on

2022-04-07 11:11:57 - [TEST_STEP][PASSED] - mouseOver(findTestObject("New_Homepage/Page_diagnostics/a_Abbott Rapid Diagnostics PANBIO COVID-19 Ag Rapid Test Device (Nasopharyngeal)")): Object: 'Object Repository/New_Homepage/Page_diagnostics/a_Abbott Rapid Diagnostics PANBIO COVID-19 Ag Rapid Test Device (Nasopharyngeal)' is hovered

2022-04-07 11:11:59 - [MESSAGE][PASSED] - Object: 'Object Repository/New_Homepage/Page_diagnostics/a_Abbott Rapid Diagnostics PANBIO COVID-19 Ag Rapid Test Device (Nasopharyngeal)' is hovered

2022-04-07 11:11:59 - [TEST_STEP][PASSED] - click(findTestObject("New_Homepage/Page_diagnostics/a_Abbott Rapid Diagnostics PANBIO COVID-19 Ag Rapid Test Device (Nasopharyngeal)")): Object: 'Object Repository/New_Homepage/Page_diagnostics/a_Abbott Rapid Diagnostics PANBIO COVID-19 Ag Rapid Test Device (Nasopharyngeal)' is clicked on

2022-04-07 11:12:03 - [MESSAGE][PASSED] - Object: 'Object Repository/New_Homepage/Page_diagnostics/a_Abbott Rapid Diagnostics PANBIO COVID-19 Ag Rapid Test Device (Nasopharyngeal)' is clicked on

2022-04-07 11:12:03 - [MESSAGE][PASSED] - Call Test Case 'Test Cases/Custom Item Details/UTILITIES/OPEN_BROWSER' successfully

2022-04-07 11:12:03 - [TEST_STEP][PASSED] - waitForElementVisible(findTestObject("Staging Objects/Page_diagnostics/span_Product reference"), 0): Object 'Object Repository/Staging Objects/Page_diagnostics/span_Product reference' is visible

2022-04-07 11:12:03 - [MESSAGE][WARNING] - Timeout '0' is invalid. Using default page load timeout: '30'

2022-04-07 11:12:04 - [MESSAGE][PASSED] - Object 'Object Repository/Staging Objects/Page_diagnostics/span_Product reference' is visible

2022-04-07 11:12:04 - [TEST_STEP][PASSED] - verifyElementPresent(findTestObject("Staging Objects/Page_diagnostics/span_Product reference"), 0): Object 'Object Repository/Staging Objects/Page_diagnostics/span_Product reference' is present

2022-04-07 11:12:04 - [MESSAGE][WARNING] - Timeout '0' is invalid. Using default page load timeout: '30'

2022-04-07 11:12:04 - [MESSAGE][PASSED] - Object 'Object Repository/Staging Objects/Page_diagnostics/span_Product reference' is present

2022-04-07 11:12:04 - [TEST_STEP][PASSED] - callTestCase(findTestCase("Custom Item Details/UTILITIES/CLOSE_BROWSER"), [:], STOP_ON_FAILURE): Call Test Case 'Test Cases/Custom Item Details/UTILITIES/CLOSE_BROWSER' successfully

2022-04-07 11:12:04 - [TEST_CASE][PASSED] - Test Cases/Custom Item Details/UTILITIES/CLOSE_BROWSER: Test Cases/Custom Item Details/UTILITIES/CLOSE_BROWSER

2022-04-07 11:12:04 - [TEST_STEP][PASSED] - closeBrowser(): Browser is closed

2022-04-07 11:12:05 - [MESSAGE][PASSED] - Browser is closed

2022-04-07 11:12:05 - [MESSAGE][PASSED] - Call Test Case 'Test Cases/Custom Item Details/UTILITIES/CLOSE_BROWSER' successfully]]></system-out>
         <system-err><![CDATA[]]></system-err>
      </testcase>
      <testcase name="Test Cases/Custom Item Details/TEST CASE/TC_DETAILS_UI_039" time="15.404" classname="Test Cases/Custom Item Details/TEST CASE/TC_DETAILS_UI_039" status="PASSED">
         <system-out><![CDATA[2022-04-07 11:12:05 - [TEST_CASE][PASSED] - Test Cases/Custom Item Details/TEST CASE/TC_DETAILS_UI_039: Test Cases/Custom Item Details/TEST CASE/TC_DETAILS_UI_039

2022-04-07 11:12:05 - [TEST_STEP][PASSED] - callTestCase(findTestCase("Custom Item Details/UTILITIES/OPEN_BROWSER"), [:], STOP_ON_FAILURE): Call Test Case 'Test Cases/Custom Item Details/UTILITIES/OPEN_BROWSER' successfully

2022-04-07 11:12:05 - [TEST_CASE][PASSED] - Test Cases/Custom Item Details/UTILITIES/OPEN_BROWSER: Test Cases/Custom Item Details/UTILITIES/OPEN_BROWSER

2022-04-07 11:12:05 - [TEST_STEP][PASSED] - openBrowser("https://diagnostics.staging.arcadier.io/"): Browser is opened with url: 'https://diagnostics.staging.arcadier.io/'

2022-04-07 11:12:05 - [MESSAGE][INFO] - Starting 'Chrome' driver

2022-04-07 11:12:05 - [MESSAGE][INFO] - Action delay is set to 0 milliseconds

2022-04-07 11:12:08 - [MESSAGE][PASSED] - Browser is opened with url: 'https://diagnostics.staging.arcadier.io/'

2022-04-07 11:12:08 - [TEST_STEP][PASSED] - maximizeWindow(): Current window maximized

2022-04-07 11:12:08 - [MESSAGE][PASSED] - Current window maximized

2022-04-07 11:12:08 - [TEST_STEP][PASSED] - click(findTestObject("Item Details Objects/Page_diagnostics/a_Accept Cookies")): Object: 'Object Repository/Item Details Objects/Page_diagnostics/a_Accept Cookies' is clicked on

2022-04-07 11:12:10 - [MESSAGE][PASSED] - Object: 'Object Repository/Item Details Objects/Page_diagnostics/a_Accept Cookies' is clicked on

2022-04-07 11:12:10 - [TEST_STEP][PASSED] - click(findTestObject("New_Homepage/Page_diagnostics/a_COVID-19 DIAGNOSTICS"), STOP_ON_FAILURE): Object: 'Object Repository/New_Homepage/Page_diagnostics/a_COVID-19 DIAGNOSTICS' is clicked on

2022-04-07 11:12:13 - [MESSAGE][PASSED] - Object: 'Object Repository/New_Homepage/Page_diagnostics/a_COVID-19 DIAGNOSTICS' is clicked on

2022-04-07 11:12:13 - [TEST_STEP][PASSED] - mouseOver(findTestObject("New_Homepage/Page_diagnostics/a_Abbott Rapid Diagnostics PANBIO COVID-19 Ag Rapid Test Device (Nasopharyngeal)")): Object: 'Object Repository/New_Homepage/Page_diagnostics/a_Abbott Rapid Diagnostics PANBIO COVID-19 Ag Rapid Test Device (Nasopharyngeal)' is hovered

2022-04-07 11:12:15 - [MESSAGE][PASSED] - Object: 'Object Repository/New_Homepage/Page_diagnostics/a_Abbott Rapid Diagnostics PANBIO COVID-19 Ag Rapid Test Device (Nasopharyngeal)' is hovered

2022-04-07 11:12:15 - [TEST_STEP][PASSED] - click(findTestObject("New_Homepage/Page_diagnostics/a_Abbott Rapid Diagnostics PANBIO COVID-19 Ag Rapid Test Device (Nasopharyngeal)")): Object: 'Object Repository/New_Homepage/Page_diagnostics/a_Abbott Rapid Diagnostics PANBIO COVID-19 Ag Rapid Test Device (Nasopharyngeal)' is clicked on

2022-04-07 11:12:18 - [MESSAGE][PASSED] - Object: 'Object Repository/New_Homepage/Page_diagnostics/a_Abbott Rapid Diagnostics PANBIO COVID-19 Ag Rapid Test Device (Nasopharyngeal)' is clicked on

2022-04-07 11:12:18 - [MESSAGE][PASSED] - Call Test Case 'Test Cases/Custom Item Details/UTILITIES/OPEN_BROWSER' successfully

2022-04-07 11:12:18 - [TEST_STEP][PASSED] - waitForElementVisible(findTestObject("Staging Objects/Page_diagnostics/span_Regulatory approval"), 0): Object 'Object Repository/Staging Objects/Page_diagnostics/span_Regulatory approval' is visible

2022-04-07 11:12:18 - [MESSAGE][WARNING] - Timeout '0' is invalid. Using default page load timeout: '30'

2022-04-07 11:12:19 - [MESSAGE][PASSED] - Object 'Object Repository/Staging Objects/Page_diagnostics/span_Regulatory approval' is visible

2022-04-07 11:12:19 - [TEST_STEP][PASSED] - verifyElementPresent(findTestObject("Staging Objects/Page_diagnostics/span_Regulatory approval"), 0): Object 'Object Repository/Staging Objects/Page_diagnostics/span_Regulatory approval' is present

2022-04-07 11:12:19 - [MESSAGE][WARNING] - Timeout '0' is invalid. Using default page load timeout: '30'

2022-04-07 11:12:20 - [MESSAGE][PASSED] - Object 'Object Repository/Staging Objects/Page_diagnostics/span_Regulatory approval' is present

2022-04-07 11:12:20 - [TEST_STEP][PASSED] - callTestCase(findTestCase("Custom Item Details/UTILITIES/CLOSE_BROWSER"), [:], STOP_ON_FAILURE): Call Test Case 'Test Cases/Custom Item Details/UTILITIES/CLOSE_BROWSER' successfully

2022-04-07 11:12:20 - [TEST_CASE][PASSED] - Test Cases/Custom Item Details/UTILITIES/CLOSE_BROWSER: Test Cases/Custom Item Details/UTILITIES/CLOSE_BROWSER

2022-04-07 11:12:20 - [TEST_STEP][PASSED] - closeBrowser(): Browser is closed

2022-04-07 11:12:20 - [MESSAGE][PASSED] - Browser is closed

2022-04-07 11:12:20 - [MESSAGE][PASSED] - Call Test Case 'Test Cases/Custom Item Details/UTILITIES/CLOSE_BROWSER' successfully]]></system-out>
         <system-err><![CDATA[]]></system-err>
      </testcase>
      <testcase name="Test Cases/Custom Item Details/TEST CASE/TC_DETAILS_UI_040" time="44.875" classname="Test Cases/Custom Item Details/TEST CASE/TC_DETAILS_UI_040" status="PASSED">
         <system-out><![CDATA[2022-04-07 11:12:20 - [TEST_CASE][PASSED] - Test Cases/Custom Item Details/TEST CASE/TC_DETAILS_UI_040: Test Cases/Custom Item Details/TEST CASE/TC_DETAILS_UI_040

2022-04-07 11:12:21 - [TEST_STEP][PASSED] - callTestCase(findTestCase("Custom Item Details/UTILITIES/OPEN_BROWSER"), [:], STOP_ON_FAILURE): Call Test Case 'Test Cases/Custom Item Details/UTILITIES/OPEN_BROWSER' successfully

2022-04-07 11:12:21 - [TEST_CASE][PASSED] - Test Cases/Custom Item Details/UTILITIES/OPEN_BROWSER: Test Cases/Custom Item Details/UTILITIES/OPEN_BROWSER

2022-04-07 11:12:21 - [TEST_STEP][PASSED] - openBrowser("https://diagnostics.staging.arcadier.io/"): Browser is opened with url: 'https://diagnostics.staging.arcadier.io/'

2022-04-07 11:12:21 - [MESSAGE][INFO] - Starting 'Chrome' driver

2022-04-07 11:12:21 - [MESSAGE][INFO] - Action delay is set to 0 milliseconds

2022-04-07 11:12:24 - [MESSAGE][PASSED] - Browser is opened with url: 'https://diagnostics.staging.arcadier.io/'

2022-04-07 11:12:24 - [TEST_STEP][PASSED] - maximizeWindow(): Current window maximized

2022-04-07 11:12:24 - [MESSAGE][PASSED] - Current window maximized

2022-04-07 11:12:24 - [TEST_STEP][PASSED] - click(findTestObject("Item Details Objects/Page_diagnostics/a_Accept Cookies")): Object: 'Object Repository/Item Details Objects/Page_diagnostics/a_Accept Cookies' is clicked on

2022-04-07 11:12:25 - [MESSAGE][PASSED] - Object: 'Object Repository/Item Details Objects/Page_diagnostics/a_Accept Cookies' is clicked on

2022-04-07 11:12:25 - [TEST_STEP][PASSED] - click(findTestObject("New_Homepage/Page_diagnostics/a_COVID-19 DIAGNOSTICS"), STOP_ON_FAILURE): Object: 'Object Repository/New_Homepage/Page_diagnostics/a_COVID-19 DIAGNOSTICS' is clicked on

2022-04-07 11:12:28 - [MESSAGE][PASSED] - Object: 'Object Repository/New_Homepage/Page_diagnostics/a_COVID-19 DIAGNOSTICS' is clicked on

2022-04-07 11:12:28 - [TEST_STEP][PASSED] - mouseOver(findTestObject("New_Homepage/Page_diagnostics/a_Abbott Rapid Diagnostics PANBIO COVID-19 Ag Rapid Test Device (Nasopharyngeal)")): Object: 'Object Repository/New_Homepage/Page_diagnostics/a_Abbott Rapid Diagnostics PANBIO COVID-19 Ag Rapid Test Device (Nasopharyngeal)' is hovered

2022-04-07 11:12:30 - [MESSAGE][PASSED] - Object: 'Object Repository/New_Homepage/Page_diagnostics/a_Abbott Rapid Diagnostics PANBIO COVID-19 Ag Rapid Test Device (Nasopharyngeal)' is hovered

2022-04-07 11:12:30 - [TEST_STEP][PASSED] - click(findTestObject("New_Homepage/Page_diagnostics/a_Abbott Rapid Diagnostics PANBIO COVID-19 Ag Rapid Test Device (Nasopharyngeal)")): Object: 'Object Repository/New_Homepage/Page_diagnostics/a_Abbott Rapid Diagnostics PANBIO COVID-19 Ag Rapid Test Device (Nasopharyngeal)' is clicked on

2022-04-07 11:12:32 - [MESSAGE][PASSED] - Object: 'Object Repository/New_Homepage/Page_diagnostics/a_Abbott Rapid Diagnostics PANBIO COVID-19 Ag Rapid Test Device (Nasopharyngeal)' is clicked on

2022-04-07 11:12:32 - [MESSAGE][PASSED] - Call Test Case 'Test Cases/Custom Item Details/UTILITIES/OPEN_BROWSER' successfully

2022-04-07 11:12:32 - [TEST_STEP][PASSED] - waitForElementVisible(findTestObject("Staging Objects/Page_diagnostics/span_Sample type"), 0): Object 'Object Repository/Staging Objects/Page_diagnostics/span_Sample type' is not visible after 30 second(s)

2022-04-07 11:12:32 - [MESSAGE][WARNING] - Timeout '0' is invalid. Using default page load timeout: '30'

2022-04-07 11:13:04 - [MESSAGE][WARNING] - Object 'Object Repository/Staging Objects/Page_diagnostics/span_Sample type' is not visible after 30 second(s)

2022-04-07 11:13:04 - [TEST_STEP][PASSED] - verifyElementPresent(findTestObject("Staging Objects/Page_diagnostics/span_Sample type"), 0): Object 'Object Repository/Staging Objects/Page_diagnostics/span_Sample type' is present

2022-04-07 11:13:04 - [MESSAGE][WARNING] - Timeout '0' is invalid. Using default page load timeout: '30'

2022-04-07 11:13:05 - [MESSAGE][PASSED] - Object 'Object Repository/Staging Objects/Page_diagnostics/span_Sample type' is present

2022-04-07 11:13:05 - [TEST_STEP][PASSED] - callTestCase(findTestCase("Custom Item Details/UTILITIES/CLOSE_BROWSER"), [:], STOP_ON_FAILURE): Call Test Case 'Test Cases/Custom Item Details/UTILITIES/CLOSE_BROWSER' successfully

2022-04-07 11:13:05 - [TEST_CASE][PASSED] - Test Cases/Custom Item Details/UTILITIES/CLOSE_BROWSER: Test Cases/Custom Item Details/UTILITIES/CLOSE_BROWSER

2022-04-07 11:13:05 - [TEST_STEP][PASSED] - closeBrowser(): Browser is closed

2022-04-07 11:13:05 - [MESSAGE][PASSED] - Browser is closed

2022-04-07 11:13:05 - [MESSAGE][PASSED] - Call Test Case 'Test Cases/Custom Item Details/UTILITIES/CLOSE_BROWSER' successfully]]></system-out>
         <system-err><![CDATA[]]></system-err>
      </testcase>
      <testcase name="Test Cases/Custom Item Details/TEST CASE/TC_DETAILS_UI_041" time="13.432" classname="Test Cases/Custom Item Details/TEST CASE/TC_DETAILS_UI_041" status="PASSED">
         <system-out><![CDATA[2022-04-07 11:13:05 - [TEST_CASE][PASSED] - Test Cases/Custom Item Details/TEST CASE/TC_DETAILS_UI_041: Test Cases/Custom Item Details/TEST CASE/TC_DETAILS_UI_041

2022-04-07 11:13:05 - [TEST_STEP][PASSED] - callTestCase(findTestCase("Custom Item Details/UTILITIES/OPEN_BROWSER"), [:], STOP_ON_FAILURE): Call Test Case 'Test Cases/Custom Item Details/UTILITIES/OPEN_BROWSER' successfully

2022-04-07 11:13:06 - [TEST_CASE][PASSED] - Test Cases/Custom Item Details/UTILITIES/OPEN_BROWSER: Test Cases/Custom Item Details/UTILITIES/OPEN_BROWSER

2022-04-07 11:13:06 - [TEST_STEP][PASSED] - openBrowser("https://diagnostics.staging.arcadier.io/"): Browser is opened with url: 'https://diagnostics.staging.arcadier.io/'

2022-04-07 11:13:06 - [MESSAGE][INFO] - Starting 'Chrome' driver

2022-04-07 11:13:06 - [MESSAGE][INFO] - Action delay is set to 0 milliseconds

2022-04-07 11:13:09 - [MESSAGE][PASSED] - Browser is opened with url: 'https://diagnostics.staging.arcadier.io/'

2022-04-07 11:13:09 - [TEST_STEP][PASSED] - maximizeWindow(): Current window maximized

2022-04-07 11:13:09 - [MESSAGE][PASSED] - Current window maximized

2022-04-07 11:13:09 - [TEST_STEP][PASSED] - click(findTestObject("Item Details Objects/Page_diagnostics/a_Accept Cookies")): Object: 'Object Repository/Item Details Objects/Page_diagnostics/a_Accept Cookies' is clicked on

2022-04-07 11:13:10 - [MESSAGE][PASSED] - Object: 'Object Repository/Item Details Objects/Page_diagnostics/a_Accept Cookies' is clicked on

2022-04-07 11:13:10 - [TEST_STEP][PASSED] - click(findTestObject("New_Homepage/Page_diagnostics/a_COVID-19 DIAGNOSTICS"), STOP_ON_FAILURE): Object: 'Object Repository/New_Homepage/Page_diagnostics/a_COVID-19 DIAGNOSTICS' is clicked on

2022-04-07 11:13:12 - [MESSAGE][PASSED] - Object: 'Object Repository/New_Homepage/Page_diagnostics/a_COVID-19 DIAGNOSTICS' is clicked on

2022-04-07 11:13:12 - [TEST_STEP][PASSED] - mouseOver(findTestObject("New_Homepage/Page_diagnostics/a_Abbott Rapid Diagnostics PANBIO COVID-19 Ag Rapid Test Device (Nasopharyngeal)")): Object: 'Object Repository/New_Homepage/Page_diagnostics/a_Abbott Rapid Diagnostics PANBIO COVID-19 Ag Rapid Test Device (Nasopharyngeal)' is hovered

2022-04-07 11:13:14 - [MESSAGE][PASSED] - Object: 'Object Repository/New_Homepage/Page_diagnostics/a_Abbott Rapid Diagnostics PANBIO COVID-19 Ag Rapid Test Device (Nasopharyngeal)' is hovered

2022-04-07 11:13:14 - [TEST_STEP][PASSED] - click(findTestObject("New_Homepage/Page_diagnostics/a_Abbott Rapid Diagnostics PANBIO COVID-19 Ag Rapid Test Device (Nasopharyngeal)")): Object: 'Object Repository/New_Homepage/Page_diagnostics/a_Abbott Rapid Diagnostics PANBIO COVID-19 Ag Rapid Test Device (Nasopharyngeal)' is clicked on

2022-04-07 11:13:16 - [MESSAGE][PASSED] - Object: 'Object Repository/New_Homepage/Page_diagnostics/a_Abbott Rapid Diagnostics PANBIO COVID-19 Ag Rapid Test Device (Nasopharyngeal)' is clicked on

2022-04-07 11:13:16 - [MESSAGE][PASSED] - Call Test Case 'Test Cases/Custom Item Details/UTILITIES/OPEN_BROWSER' successfully

2022-04-07 11:13:16 - [TEST_STEP][PASSED] - waitForElementVisible(findTestObject("Staging Objects/Page_diagnostics/span_Storage conditions"), 0): Object 'Object Repository/Staging Objects/Page_diagnostics/span_Storage conditions' is visible

2022-04-07 11:13:16 - [MESSAGE][WARNING] - Timeout '0' is invalid. Using default page load timeout: '30'

2022-04-07 11:13:18 - [MESSAGE][PASSED] - Object 'Object Repository/Staging Objects/Page_diagnostics/span_Storage conditions' is visible

2022-04-07 11:13:18 - [TEST_STEP][PASSED] - verifyElementPresent(findTestObject("Staging Objects/Page_diagnostics/span_Storage conditions"), 0): Object 'Object Repository/Staging Objects/Page_diagnostics/span_Storage conditions' is present

2022-04-07 11:13:18 - [MESSAGE][WARNING] - Timeout '0' is invalid. Using default page load timeout: '30'

2022-04-07 11:13:18 - [MESSAGE][PASSED] - Object 'Object Repository/Staging Objects/Page_diagnostics/span_Storage conditions' is present

2022-04-07 11:13:18 - [TEST_STEP][PASSED] - callTestCase(findTestCase("Custom Item Details/UTILITIES/CLOSE_BROWSER"), [:], STOP_ON_FAILURE): Call Test Case 'Test Cases/Custom Item Details/UTILITIES/CLOSE_BROWSER' successfully

2022-04-07 11:13:18 - [TEST_CASE][PASSED] - Test Cases/Custom Item Details/UTILITIES/CLOSE_BROWSER: Test Cases/Custom Item Details/UTILITIES/CLOSE_BROWSER

2022-04-07 11:13:18 - [TEST_STEP][PASSED] - closeBrowser(): Browser is closed

2022-04-07 11:13:19 - [MESSAGE][PASSED] - Browser is closed

2022-04-07 11:13:19 - [MESSAGE][PASSED] - Call Test Case 'Test Cases/Custom Item Details/UTILITIES/CLOSE_BROWSER' successfully]]></system-out>
         <system-err><![CDATA[]]></system-err>
      </testcase>
      <testcase name="Test Cases/Custom Item Details/TEST CASE/TC_DETAILS_UI_042" time="15.645" classname="Test Cases/Custom Item Details/TEST CASE/TC_DETAILS_UI_042" status="PASSED">
         <system-out><![CDATA[2022-04-07 11:13:19 - [TEST_CASE][PASSED] - Test Cases/Custom Item Details/TEST CASE/TC_DETAILS_UI_042: Test Cases/Custom Item Details/TEST CASE/TC_DETAILS_UI_042

2022-04-07 11:13:19 - [TEST_STEP][PASSED] - callTestCase(findTestCase("Custom Item Details/UTILITIES/OPEN_BROWSER"), [:], STOP_ON_FAILURE): Call Test Case 'Test Cases/Custom Item Details/UTILITIES/OPEN_BROWSER' successfully

2022-04-07 11:13:19 - [TEST_CASE][PASSED] - Test Cases/Custom Item Details/UTILITIES/OPEN_BROWSER: Test Cases/Custom Item Details/UTILITIES/OPEN_BROWSER

2022-04-07 11:13:19 - [TEST_STEP][PASSED] - openBrowser("https://diagnostics.staging.arcadier.io/"): Browser is opened with url: 'https://diagnostics.staging.arcadier.io/'

2022-04-07 11:13:19 - [MESSAGE][INFO] - Starting 'Chrome' driver

2022-04-07 11:13:19 - [MESSAGE][INFO] - Action delay is set to 0 milliseconds

2022-04-07 11:13:22 - [MESSAGE][PASSED] - Browser is opened with url: 'https://diagnostics.staging.arcadier.io/'

2022-04-07 11:13:22 - [TEST_STEP][PASSED] - maximizeWindow(): Current window maximized

2022-04-07 11:13:22 - [MESSAGE][PASSED] - Current window maximized

2022-04-07 11:13:22 - [TEST_STEP][PASSED] - click(findTestObject("Item Details Objects/Page_diagnostics/a_Accept Cookies")): Object: 'Object Repository/Item Details Objects/Page_diagnostics/a_Accept Cookies' is clicked on

2022-04-07 11:13:24 - [MESSAGE][PASSED] - Object: 'Object Repository/Item Details Objects/Page_diagnostics/a_Accept Cookies' is clicked on

2022-04-07 11:13:24 - [TEST_STEP][PASSED] - click(findTestObject("New_Homepage/Page_diagnostics/a_COVID-19 DIAGNOSTICS"), STOP_ON_FAILURE): Object: 'Object Repository/New_Homepage/Page_diagnostics/a_COVID-19 DIAGNOSTICS' is clicked on

2022-04-07 11:13:27 - [MESSAGE][PASSED] - Object: 'Object Repository/New_Homepage/Page_diagnostics/a_COVID-19 DIAGNOSTICS' is clicked on

2022-04-07 11:13:27 - [TEST_STEP][PASSED] - mouseOver(findTestObject("New_Homepage/Page_diagnostics/a_Abbott Rapid Diagnostics PANBIO COVID-19 Ag Rapid Test Device (Nasopharyngeal)")): Object: 'Object Repository/New_Homepage/Page_diagnostics/a_Abbott Rapid Diagnostics PANBIO COVID-19 Ag Rapid Test Device (Nasopharyngeal)' is hovered

2022-04-07 11:13:29 - [MESSAGE][PASSED] - Object: 'Object Repository/New_Homepage/Page_diagnostics/a_Abbott Rapid Diagnostics PANBIO COVID-19 Ag Rapid Test Device (Nasopharyngeal)' is hovered

2022-04-07 11:13:29 - [TEST_STEP][PASSED] - click(findTestObject("New_Homepage/Page_diagnostics/a_Abbott Rapid Diagnostics PANBIO COVID-19 Ag Rapid Test Device (Nasopharyngeal)")): Object: 'Object Repository/New_Homepage/Page_diagnostics/a_Abbott Rapid Diagnostics PANBIO COVID-19 Ag Rapid Test Device (Nasopharyngeal)' is clicked on

2022-04-07 11:13:32 - [MESSAGE][PASSED] - Object: 'Object Repository/New_Homepage/Page_diagnostics/a_Abbott Rapid Diagnostics PANBIO COVID-19 Ag Rapid Test Device (Nasopharyngeal)' is clicked on

2022-04-07 11:13:32 - [MESSAGE][PASSED] - Call Test Case 'Test Cases/Custom Item Details/UTILITIES/OPEN_BROWSER' successfully

2022-04-07 11:13:32 - [TEST_STEP][PASSED] - waitForElementVisible(findTestObject("Staging Objects/Page_diagnostics/span_Technology principle"), 0): Object 'Object Repository/Staging Objects/Page_diagnostics/span_Technology principle' is visible

2022-04-07 11:13:32 - [MESSAGE][WARNING] - Timeout '0' is invalid. Using default page load timeout: '30'

2022-04-07 11:13:33 - [MESSAGE][PASSED] - Object 'Object Repository/Staging Objects/Page_diagnostics/span_Technology principle' is visible

2022-04-07 11:13:33 - [TEST_STEP][PASSED] - verifyElementPresent(findTestObject("Staging Objects/Page_diagnostics/span_Technology principle"), 0): Object 'Object Repository/Staging Objects/Page_diagnostics/span_Technology principle' is present

2022-04-07 11:13:33 - [MESSAGE][WARNING] - Timeout '0' is invalid. Using default page load timeout: '30'

2022-04-07 11:13:34 - [MESSAGE][PASSED] - Object 'Object Repository/Staging Objects/Page_diagnostics/span_Technology principle' is present

2022-04-07 11:13:34 - [TEST_STEP][PASSED] - callTestCase(findTestCase("Custom Item Details/UTILITIES/CLOSE_BROWSER"), [:], STOP_ON_FAILURE): Call Test Case 'Test Cases/Custom Item Details/UTILITIES/CLOSE_BROWSER' successfully

2022-04-07 11:13:34 - [TEST_CASE][PASSED] - Test Cases/Custom Item Details/UTILITIES/CLOSE_BROWSER: Test Cases/Custom Item Details/UTILITIES/CLOSE_BROWSER

2022-04-07 11:13:34 - [TEST_STEP][PASSED] - closeBrowser(): Browser is closed

2022-04-07 11:13:34 - [MESSAGE][PASSED] - Browser is closed

2022-04-07 11:13:34 - [MESSAGE][PASSED] - Call Test Case 'Test Cases/Custom Item Details/UTILITIES/CLOSE_BROWSER' successfully]]></system-out>
         <system-err><![CDATA[]]></system-err>
      </testcase>
      <testcase name="Test Cases/Custom Item Details/TEST CASE/TC_DETAILS_UI_043" time="45.444" classname="Test Cases/Custom Item Details/TEST CASE/TC_DETAILS_UI_043" status="PASSED">
         <system-out><![CDATA[2022-04-07 11:13:34 - [TEST_CASE][PASSED] - Test Cases/Custom Item Details/TEST CASE/TC_DETAILS_UI_043: Test Cases/Custom Item Details/TEST CASE/TC_DETAILS_UI_043

2022-04-07 11:13:35 - [TEST_STEP][PASSED] - callTestCase(findTestCase("Custom Item Details/UTILITIES/OPEN_BROWSER"), [:], STOP_ON_FAILURE): Call Test Case 'Test Cases/Custom Item Details/UTILITIES/OPEN_BROWSER' successfully

2022-04-07 11:13:35 - [TEST_CASE][PASSED] - Test Cases/Custom Item Details/UTILITIES/OPEN_BROWSER: Test Cases/Custom Item Details/UTILITIES/OPEN_BROWSER

2022-04-07 11:13:35 - [TEST_STEP][PASSED] - openBrowser("https://diagnostics.staging.arcadier.io/"): Browser is opened with url: 'https://diagnostics.staging.arcadier.io/'

2022-04-07 11:13:35 - [MESSAGE][INFO] - Starting 'Chrome' driver

2022-04-07 11:13:35 - [MESSAGE][INFO] - Action delay is set to 0 milliseconds

2022-04-07 11:13:38 - [MESSAGE][PASSED] - Browser is opened with url: 'https://diagnostics.staging.arcadier.io/'

2022-04-07 11:13:38 - [TEST_STEP][PASSED] - maximizeWindow(): Current window maximized

2022-04-07 11:13:38 - [MESSAGE][PASSED] - Current window maximized

2022-04-07 11:13:38 - [TEST_STEP][PASSED] - click(findTestObject("Item Details Objects/Page_diagnostics/a_Accept Cookies")): Object: 'Object Repository/Item Details Objects/Page_diagnostics/a_Accept Cookies' is clicked on

2022-04-07 11:13:39 - [MESSAGE][PASSED] - Object: 'Object Repository/Item Details Objects/Page_diagnostics/a_Accept Cookies' is clicked on

2022-04-07 11:13:39 - [TEST_STEP][PASSED] - click(findTestObject("New_Homepage/Page_diagnostics/a_COVID-19 DIAGNOSTICS"), STOP_ON_FAILURE): Object: 'Object Repository/New_Homepage/Page_diagnostics/a_COVID-19 DIAGNOSTICS' is clicked on

2022-04-07 11:13:42 - [MESSAGE][PASSED] - Object: 'Object Repository/New_Homepage/Page_diagnostics/a_COVID-19 DIAGNOSTICS' is clicked on

2022-04-07 11:13:42 - [TEST_STEP][PASSED] - mouseOver(findTestObject("New_Homepage/Page_diagnostics/a_Abbott Rapid Diagnostics PANBIO COVID-19 Ag Rapid Test Device (Nasopharyngeal)")): Object: 'Object Repository/New_Homepage/Page_diagnostics/a_Abbott Rapid Diagnostics PANBIO COVID-19 Ag Rapid Test Device (Nasopharyngeal)' is hovered

2022-04-07 11:13:44 - [MESSAGE][PASSED] - Object: 'Object Repository/New_Homepage/Page_diagnostics/a_Abbott Rapid Diagnostics PANBIO COVID-19 Ag Rapid Test Device (Nasopharyngeal)' is hovered

2022-04-07 11:13:44 - [TEST_STEP][PASSED] - click(findTestObject("New_Homepage/Page_diagnostics/a_Abbott Rapid Diagnostics PANBIO COVID-19 Ag Rapid Test Device (Nasopharyngeal)")): Object: 'Object Repository/New_Homepage/Page_diagnostics/a_Abbott Rapid Diagnostics PANBIO COVID-19 Ag Rapid Test Device (Nasopharyngeal)' is clicked on

2022-04-07 11:13:47 - [MESSAGE][PASSED] - Object: 'Object Repository/New_Homepage/Page_diagnostics/a_Abbott Rapid Diagnostics PANBIO COVID-19 Ag Rapid Test Device (Nasopharyngeal)' is clicked on

2022-04-07 11:13:47 - [MESSAGE][PASSED] - Call Test Case 'Test Cases/Custom Item Details/UTILITIES/OPEN_BROWSER' successfully

2022-04-07 11:13:47 - [TEST_STEP][PASSED] - waitForElementVisible(findTestObject("Staging Objects/Page_diagnostics/span_Test strip ejector"), 0): Object 'Object Repository/Staging Objects/Page_diagnostics/span_Test strip ejector' is not visible after 30 second(s)

2022-04-07 11:13:47 - [MESSAGE][WARNING] - Timeout '0' is invalid. Using default page load timeout: '30'

2022-04-07 11:14:19 - [MESSAGE][WARNING] - Object 'Object Repository/Staging Objects/Page_diagnostics/span_Test strip ejector' is not visible after 30 second(s)

2022-04-07 11:14:19 - [TEST_STEP][PASSED] - verifyElementPresent(findTestObject("Staging Objects/Page_diagnostics/span_Test strip ejector"), 0): Object 'Object Repository/Staging Objects/Page_diagnostics/span_Test strip ejector' is present

2022-04-07 11:14:19 - [MESSAGE][WARNING] - Timeout '0' is invalid. Using default page load timeout: '30'

2022-04-07 11:14:19 - [MESSAGE][PASSED] - Object 'Object Repository/Staging Objects/Page_diagnostics/span_Test strip ejector' is present

2022-04-07 11:14:19 - [TEST_STEP][PASSED] - callTestCase(findTestCase("Custom Item Details/UTILITIES/CLOSE_BROWSER"), [:], STOP_ON_FAILURE): Call Test Case 'Test Cases/Custom Item Details/UTILITIES/CLOSE_BROWSER' successfully

2022-04-07 11:14:19 - [TEST_CASE][PASSED] - Test Cases/Custom Item Details/UTILITIES/CLOSE_BROWSER: Test Cases/Custom Item Details/UTILITIES/CLOSE_BROWSER

2022-04-07 11:14:19 - [TEST_STEP][PASSED] - closeBrowser(): Browser is closed

2022-04-07 11:14:20 - [MESSAGE][PASSED] - Browser is closed

2022-04-07 11:14:20 - [MESSAGE][PASSED] - Call Test Case 'Test Cases/Custom Item Details/UTILITIES/CLOSE_BROWSER' successfully]]></system-out>
         <system-err><![CDATA[]]></system-err>
      </testcase>
      <testcase name="Test Cases/Custom Item Details/TEST CASE/TC_DETAILS_UI_044" time="13.853" classname="Test Cases/Custom Item Details/TEST CASE/TC_DETAILS_UI_044" status="PASSED">
         <system-out><![CDATA[2022-04-07 11:14:20 - [TEST_CASE][PASSED] - Test Cases/Custom Item Details/TEST CASE/TC_DETAILS_UI_044: Test Cases/Custom Item Details/TEST CASE/TC_DETAILS_UI_044

2022-04-07 11:14:20 - [TEST_STEP][PASSED] - callTestCase(findTestCase("Custom Item Details/UTILITIES/OPEN_BROWSER"), [:], STOP_ON_FAILURE): Call Test Case 'Test Cases/Custom Item Details/UTILITIES/OPEN_BROWSER' successfully

2022-04-07 11:14:20 - [TEST_CASE][PASSED] - Test Cases/Custom Item Details/UTILITIES/OPEN_BROWSER: Test Cases/Custom Item Details/UTILITIES/OPEN_BROWSER

2022-04-07 11:14:20 - [TEST_STEP][PASSED] - openBrowser("https://diagnostics.staging.arcadier.io/"): Browser is opened with url: 'https://diagnostics.staging.arcadier.io/'

2022-04-07 11:14:20 - [MESSAGE][INFO] - Starting 'Chrome' driver

2022-04-07 11:14:20 - [MESSAGE][INFO] - Action delay is set to 0 milliseconds

2022-04-07 11:14:23 - [MESSAGE][PASSED] - Browser is opened with url: 'https://diagnostics.staging.arcadier.io/'

2022-04-07 11:14:23 - [TEST_STEP][PASSED] - maximizeWindow(): Current window maximized

2022-04-07 11:14:23 - [MESSAGE][PASSED] - Current window maximized

2022-04-07 11:14:23 - [TEST_STEP][PASSED] - click(findTestObject("Item Details Objects/Page_diagnostics/a_Accept Cookies")): Object: 'Object Repository/Item Details Objects/Page_diagnostics/a_Accept Cookies' is clicked on

2022-04-07 11:14:25 - [MESSAGE][PASSED] - Object: 'Object Repository/Item Details Objects/Page_diagnostics/a_Accept Cookies' is clicked on

2022-04-07 11:14:25 - [TEST_STEP][PASSED] - click(findTestObject("New_Homepage/Page_diagnostics/a_COVID-19 DIAGNOSTICS"), STOP_ON_FAILURE): Object: 'Object Repository/New_Homepage/Page_diagnostics/a_COVID-19 DIAGNOSTICS' is clicked on

2022-04-07 11:14:27 - [MESSAGE][PASSED] - Object: 'Object Repository/New_Homepage/Page_diagnostics/a_COVID-19 DIAGNOSTICS' is clicked on

2022-04-07 11:14:27 - [TEST_STEP][PASSED] - mouseOver(findTestObject("New_Homepage/Page_diagnostics/a_Abbott Rapid Diagnostics PANBIO COVID-19 Ag Rapid Test Device (Nasopharyngeal)")): Object: 'Object Repository/New_Homepage/Page_diagnostics/a_Abbott Rapid Diagnostics PANBIO COVID-19 Ag Rapid Test Device (Nasopharyngeal)' is hovered

2022-04-07 11:14:29 - [MESSAGE][PASSED] - Object: 'Object Repository/New_Homepage/Page_diagnostics/a_Abbott Rapid Diagnostics PANBIO COVID-19 Ag Rapid Test Device (Nasopharyngeal)' is hovered

2022-04-07 11:14:29 - [TEST_STEP][PASSED] - click(findTestObject("New_Homepage/Page_diagnostics/a_Abbott Rapid Diagnostics PANBIO COVID-19 Ag Rapid Test Device (Nasopharyngeal)")): Object: 'Object Repository/New_Homepage/Page_diagnostics/a_Abbott Rapid Diagnostics PANBIO COVID-19 Ag Rapid Test Device (Nasopharyngeal)' is clicked on

2022-04-07 11:14:32 - [MESSAGE][PASSED] - Object: 'Object Repository/New_Homepage/Page_diagnostics/a_Abbott Rapid Diagnostics PANBIO COVID-19 Ag Rapid Test Device (Nasopharyngeal)' is clicked on

2022-04-07 11:14:32 - [MESSAGE][PASSED] - Call Test Case 'Test Cases/Custom Item Details/UTILITIES/OPEN_BROWSER' successfully

2022-04-07 11:14:32 - [TEST_STEP][PASSED] - waitForElementVisible(findTestObject("Staging Objects/Page_diagnostics/span_Transportation"), 0): Object 'Object Repository/Staging Objects/Page_diagnostics/span_Transportation' is visible

2022-04-07 11:14:32 - [MESSAGE][WARNING] - Timeout '0' is invalid. Using default page load timeout: '30'

2022-04-07 11:14:32 - [MESSAGE][PASSED] - Object 'Object Repository/Staging Objects/Page_diagnostics/span_Transportation' is visible

2022-04-07 11:14:32 - [TEST_STEP][PASSED] - verifyElementPresent(findTestObject("Staging Objects/Page_diagnostics/span_Transportation"), 0): Object 'Object Repository/Staging Objects/Page_diagnostics/span_Transportation' is present

2022-04-07 11:14:32 - [MESSAGE][WARNING] - Timeout '0' is invalid. Using default page load timeout: '30'

2022-04-07 11:14:33 - [MESSAGE][PASSED] - Object 'Object Repository/Staging Objects/Page_diagnostics/span_Transportation' is present

2022-04-07 11:14:33 - [TEST_STEP][PASSED] - callTestCase(findTestCase("Custom Item Details/UTILITIES/CLOSE_BROWSER"), [:], STOP_ON_FAILURE): Call Test Case 'Test Cases/Custom Item Details/UTILITIES/CLOSE_BROWSER' successfully

2022-04-07 11:14:33 - [TEST_CASE][PASSED] - Test Cases/Custom Item Details/UTILITIES/CLOSE_BROWSER: Test Cases/Custom Item Details/UTILITIES/CLOSE_BROWSER

2022-04-07 11:14:33 - [TEST_STEP][PASSED] - closeBrowser(): Browser is closed

2022-04-07 11:14:34 - [MESSAGE][PASSED] - Browser is closed

2022-04-07 11:14:34 - [MESSAGE][PASSED] - Call Test Case 'Test Cases/Custom Item Details/UTILITIES/CLOSE_BROWSER' successfully]]></system-out>
         <system-err><![CDATA[]]></system-err>
      </testcase>
      <testcase name="Test Cases/Custom Item Details/TEST CASE/TC_DETAILS_UI_045" time="44.113" classname="Test Cases/Custom Item Details/TEST CASE/TC_DETAILS_UI_045" status="PASSED">
         <system-out><![CDATA[2022-04-07 11:14:34 - [TEST_CASE][PASSED] - Test Cases/Custom Item Details/TEST CASE/TC_DETAILS_UI_045: Test Cases/Custom Item Details/TEST CASE/TC_DETAILS_UI_045

2022-04-07 11:14:34 - [TEST_STEP][PASSED] - callTestCase(findTestCase("Custom Item Details/UTILITIES/OPEN_BROWSER"), [:], STOP_ON_FAILURE): Call Test Case 'Test Cases/Custom Item Details/UTILITIES/OPEN_BROWSER' successfully

2022-04-07 11:14:34 - [TEST_CASE][PASSED] - Test Cases/Custom Item Details/UTILITIES/OPEN_BROWSER: Test Cases/Custom Item Details/UTILITIES/OPEN_BROWSER

2022-04-07 11:14:34 - [TEST_STEP][PASSED] - openBrowser("https://diagnostics.staging.arcadier.io/"): Browser is opened with url: 'https://diagnostics.staging.arcadier.io/'

2022-04-07 11:14:34 - [MESSAGE][INFO] - Starting 'Chrome' driver

2022-04-07 11:14:34 - [MESSAGE][INFO] - Action delay is set to 0 milliseconds

2022-04-07 11:14:37 - [MESSAGE][PASSED] - Browser is opened with url: 'https://diagnostics.staging.arcadier.io/'

2022-04-07 11:14:37 - [TEST_STEP][PASSED] - maximizeWindow(): Current window maximized

2022-04-07 11:14:37 - [MESSAGE][PASSED] - Current window maximized

2022-04-07 11:14:37 - [TEST_STEP][PASSED] - click(findTestObject("Item Details Objects/Page_diagnostics/a_Accept Cookies")): Object: 'Object Repository/Item Details Objects/Page_diagnostics/a_Accept Cookies' is clicked on

2022-04-07 11:14:39 - [MESSAGE][PASSED] - Object: 'Object Repository/Item Details Objects/Page_diagnostics/a_Accept Cookies' is clicked on

2022-04-07 11:14:39 - [TEST_STEP][PASSED] - click(findTestObject("New_Homepage/Page_diagnostics/a_COVID-19 DIAGNOSTICS"), STOP_ON_FAILURE): Object: 'Object Repository/New_Homepage/Page_diagnostics/a_COVID-19 DIAGNOSTICS' is clicked on

2022-04-07 11:14:41 - [MESSAGE][PASSED] - Object: 'Object Repository/New_Homepage/Page_diagnostics/a_COVID-19 DIAGNOSTICS' is clicked on

2022-04-07 11:14:41 - [TEST_STEP][PASSED] - mouseOver(findTestObject("New_Homepage/Page_diagnostics/a_Abbott Rapid Diagnostics PANBIO COVID-19 Ag Rapid Test Device (Nasopharyngeal)")): Object: 'Object Repository/New_Homepage/Page_diagnostics/a_Abbott Rapid Diagnostics PANBIO COVID-19 Ag Rapid Test Device (Nasopharyngeal)' is hovered

2022-04-07 11:14:42 - [MESSAGE][PASSED] - Object: 'Object Repository/New_Homepage/Page_diagnostics/a_Abbott Rapid Diagnostics PANBIO COVID-19 Ag Rapid Test Device (Nasopharyngeal)' is hovered

2022-04-07 11:14:42 - [TEST_STEP][PASSED] - click(findTestObject("New_Homepage/Page_diagnostics/a_Abbott Rapid Diagnostics PANBIO COVID-19 Ag Rapid Test Device (Nasopharyngeal)")): Object: 'Object Repository/New_Homepage/Page_diagnostics/a_Abbott Rapid Diagnostics PANBIO COVID-19 Ag Rapid Test Device (Nasopharyngeal)' is clicked on

2022-04-07 11:14:45 - [MESSAGE][PASSED] - Object: 'Object Repository/New_Homepage/Page_diagnostics/a_Abbott Rapid Diagnostics PANBIO COVID-19 Ag Rapid Test Device (Nasopharyngeal)' is clicked on

2022-04-07 11:14:45 - [MESSAGE][PASSED] - Call Test Case 'Test Cases/Custom Item Details/UTILITIES/OPEN_BROWSER' successfully

2022-04-07 11:14:45 - [TEST_STEP][PASSED] - waitForElementVisible(findTestObject("Staging Objects/Page_diagnostics/span_Unit of measure"), 0): Object 'Object Repository/Staging Objects/Page_diagnostics/span_Unit of measure' is not visible after 30 second(s)

2022-04-07 11:14:45 - [MESSAGE][WARNING] - Timeout '0' is invalid. Using default page load timeout: '30'

2022-04-07 11:15:17 - [MESSAGE][WARNING] - Object 'Object Repository/Staging Objects/Page_diagnostics/span_Unit of measure' is not visible after 30 second(s)

2022-04-07 11:15:17 - [TEST_STEP][PASSED] - verifyElementPresent(findTestObject("Staging Objects/Page_diagnostics/span_Unit of measure"), 0): Object 'Object Repository/Staging Objects/Page_diagnostics/span_Unit of measure' is present

2022-04-07 11:15:17 - [MESSAGE][WARNING] - Timeout '0' is invalid. Using default page load timeout: '30'

2022-04-07 11:15:17 - [MESSAGE][PASSED] - Object 'Object Repository/Staging Objects/Page_diagnostics/span_Unit of measure' is present

2022-04-07 11:15:17 - [TEST_STEP][PASSED] - callTestCase(findTestCase("Custom Item Details/UTILITIES/CLOSE_BROWSER"), [:], STOP_ON_FAILURE): Call Test Case 'Test Cases/Custom Item Details/UTILITIES/CLOSE_BROWSER' successfully

2022-04-07 11:15:17 - [TEST_CASE][PASSED] - Test Cases/Custom Item Details/UTILITIES/CLOSE_BROWSER: Test Cases/Custom Item Details/UTILITIES/CLOSE_BROWSER

2022-04-07 11:15:17 - [TEST_STEP][PASSED] - closeBrowser(): Browser is closed

2022-04-07 11:15:18 - [MESSAGE][PASSED] - Browser is closed

2022-04-07 11:15:18 - [MESSAGE][PASSED] - Call Test Case 'Test Cases/Custom Item Details/UTILITIES/CLOSE_BROWSER' successfully]]></system-out>
         <system-err><![CDATA[]]></system-err>
      </testcase>
      <testcase name="Test Cases/Custom Item Details/TEST CASE/TC_DETAILS_UI_046" time="13.607" classname="Test Cases/Custom Item Details/TEST CASE/TC_DETAILS_UI_046" status="PASSED">
         <system-out><![CDATA[2022-04-07 11:15:18 - [TEST_CASE][PASSED] - Test Cases/Custom Item Details/TEST CASE/TC_DETAILS_UI_046: Test Cases/Custom Item Details/TEST CASE/TC_DETAILS_UI_046

2022-04-07 11:15:18 - [TEST_STEP][PASSED] - callTestCase(findTestCase("Custom Item Details/UTILITIES/OPEN_BROWSER"), [:], STOP_ON_FAILURE): Call Test Case 'Test Cases/Custom Item Details/UTILITIES/OPEN_BROWSER' successfully

2022-04-07 11:15:18 - [TEST_CASE][PASSED] - Test Cases/Custom Item Details/UTILITIES/OPEN_BROWSER: Test Cases/Custom Item Details/UTILITIES/OPEN_BROWSER

2022-04-07 11:15:18 - [TEST_STEP][PASSED] - openBrowser("https://diagnostics.staging.arcadier.io/"): Browser is opened with url: 'https://diagnostics.staging.arcadier.io/'

2022-04-07 11:15:18 - [MESSAGE][INFO] - Starting 'Chrome' driver

2022-04-07 11:15:18 - [MESSAGE][INFO] - Action delay is set to 0 milliseconds

2022-04-07 11:15:21 - [MESSAGE][PASSED] - Browser is opened with url: 'https://diagnostics.staging.arcadier.io/'

2022-04-07 11:15:21 - [TEST_STEP][PASSED] - maximizeWindow(): Current window maximized

2022-04-07 11:15:22 - [MESSAGE][PASSED] - Current window maximized

2022-04-07 11:15:22 - [TEST_STEP][PASSED] - click(findTestObject("Item Details Objects/Page_diagnostics/a_Accept Cookies")): Object: 'Object Repository/Item Details Objects/Page_diagnostics/a_Accept Cookies' is clicked on

2022-04-07 11:15:22 - [MESSAGE][PASSED] - Object: 'Object Repository/Item Details Objects/Page_diagnostics/a_Accept Cookies' is clicked on

2022-04-07 11:15:22 - [TEST_STEP][PASSED] - click(findTestObject("New_Homepage/Page_diagnostics/a_COVID-19 DIAGNOSTICS"), STOP_ON_FAILURE): Object: 'Object Repository/New_Homepage/Page_diagnostics/a_COVID-19 DIAGNOSTICS' is clicked on

2022-04-07 11:15:24 - [MESSAGE][PASSED] - Object: 'Object Repository/New_Homepage/Page_diagnostics/a_COVID-19 DIAGNOSTICS' is clicked on

2022-04-07 11:15:24 - [TEST_STEP][PASSED] - mouseOver(findTestObject("New_Homepage/Page_diagnostics/a_Abbott Rapid Diagnostics PANBIO COVID-19 Ag Rapid Test Device (Nasopharyngeal)")): Object: 'Object Repository/New_Homepage/Page_diagnostics/a_Abbott Rapid Diagnostics PANBIO COVID-19 Ag Rapid Test Device (Nasopharyngeal)' is hovered

2022-04-07 11:15:26 - [MESSAGE][PASSED] - Object: 'Object Repository/New_Homepage/Page_diagnostics/a_Abbott Rapid Diagnostics PANBIO COVID-19 Ag Rapid Test Device (Nasopharyngeal)' is hovered

2022-04-07 11:15:26 - [TEST_STEP][PASSED] - click(findTestObject("New_Homepage/Page_diagnostics/a_Abbott Rapid Diagnostics PANBIO COVID-19 Ag Rapid Test Device (Nasopharyngeal)")): Object: 'Object Repository/New_Homepage/Page_diagnostics/a_Abbott Rapid Diagnostics PANBIO COVID-19 Ag Rapid Test Device (Nasopharyngeal)' is clicked on

2022-04-07 11:15:29 - [MESSAGE][PASSED] - Object: 'Object Repository/New_Homepage/Page_diagnostics/a_Abbott Rapid Diagnostics PANBIO COVID-19 Ag Rapid Test Device (Nasopharyngeal)' is clicked on

2022-04-07 11:15:29 - [MESSAGE][PASSED] - Call Test Case 'Test Cases/Custom Item Details/UTILITIES/OPEN_BROWSER' successfully

2022-04-07 11:15:29 - [TEST_STEP][PASSED] - waitForElementVisible(findTestObject("Staging Objects/Page_diagnostics/span_Volume pricing"), 0): Object 'Object Repository/Staging Objects/Page_diagnostics/span_Volume pricing' is visible

2022-04-07 11:15:29 - [MESSAGE][WARNING] - Timeout '0' is invalid. Using default page load timeout: '30'

2022-04-07 11:15:30 - [MESSAGE][PASSED] - Object 'Object Repository/Staging Objects/Page_diagnostics/span_Volume pricing' is visible

2022-04-07 11:15:30 - [TEST_STEP][PASSED] - verifyElementPresent(findTestObject("Staging Objects/Page_diagnostics/span_Volume pricing"), 0): Object 'Object Repository/Staging Objects/Page_diagnostics/span_Volume pricing' is present

2022-04-07 11:15:30 - [MESSAGE][WARNING] - Timeout '0' is invalid. Using default page load timeout: '30'

2022-04-07 11:15:31 - [MESSAGE][PASSED] - Object 'Object Repository/Staging Objects/Page_diagnostics/span_Volume pricing' is present

2022-04-07 11:15:31 - [TEST_STEP][PASSED] - callTestCase(findTestCase("Custom Item Details/UTILITIES/CLOSE_BROWSER"), [:], STOP_ON_FAILURE): Call Test Case 'Test Cases/Custom Item Details/UTILITIES/CLOSE_BROWSER' successfully

2022-04-07 11:15:31 - [TEST_CASE][PASSED] - Test Cases/Custom Item Details/UTILITIES/CLOSE_BROWSER: Test Cases/Custom Item Details/UTILITIES/CLOSE_BROWSER

2022-04-07 11:15:31 - [TEST_STEP][PASSED] - closeBrowser(): Browser is closed

2022-04-07 11:15:31 - [MESSAGE][PASSED] - Browser is closed

2022-04-07 11:15:31 - [MESSAGE][PASSED] - Call Test Case 'Test Cases/Custom Item Details/UTILITIES/CLOSE_BROWSER' successfully]]></system-out>
         <system-err><![CDATA[]]></system-err>
      </testcase>
      <testcase name="Test Cases/Custom Item Details/TEST CASE/TC_DETAILS_UI_047" time="43.999" classname="Test Cases/Custom Item Details/TEST CASE/TC_DETAILS_UI_047" status="PASSED">
         <system-out><![CDATA[2022-04-07 11:15:31 - [TEST_CASE][PASSED] - Test Cases/Custom Item Details/TEST CASE/TC_DETAILS_UI_047: Test Cases/Custom Item Details/TEST CASE/TC_DETAILS_UI_047

2022-04-07 11:15:32 - [TEST_STEP][PASSED] - callTestCase(findTestCase("Custom Item Details/UTILITIES/OPEN_BROWSER"), [:], STOP_ON_FAILURE): Call Test Case 'Test Cases/Custom Item Details/UTILITIES/OPEN_BROWSER' successfully

2022-04-07 11:15:32 - [TEST_CASE][PASSED] - Test Cases/Custom Item Details/UTILITIES/OPEN_BROWSER: Test Cases/Custom Item Details/UTILITIES/OPEN_BROWSER

2022-04-07 11:15:32 - [TEST_STEP][PASSED] - openBrowser("https://diagnostics.staging.arcadier.io/"): Browser is opened with url: 'https://diagnostics.staging.arcadier.io/'

2022-04-07 11:15:32 - [MESSAGE][INFO] - Starting 'Chrome' driver

2022-04-07 11:15:32 - [MESSAGE][INFO] - Action delay is set to 0 milliseconds

2022-04-07 11:15:35 - [MESSAGE][PASSED] - Browser is opened with url: 'https://diagnostics.staging.arcadier.io/'

2022-04-07 11:15:35 - [TEST_STEP][PASSED] - maximizeWindow(): Current window maximized

2022-04-07 11:15:35 - [MESSAGE][PASSED] - Current window maximized

2022-04-07 11:15:35 - [TEST_STEP][PASSED] - click(findTestObject("Item Details Objects/Page_diagnostics/a_Accept Cookies")): Object: 'Object Repository/Item Details Objects/Page_diagnostics/a_Accept Cookies' is clicked on

2022-04-07 11:15:36 - [MESSAGE][PASSED] - Object: 'Object Repository/Item Details Objects/Page_diagnostics/a_Accept Cookies' is clicked on

2022-04-07 11:15:36 - [TEST_STEP][PASSED] - click(findTestObject("New_Homepage/Page_diagnostics/a_COVID-19 DIAGNOSTICS"), STOP_ON_FAILURE): Object: 'Object Repository/New_Homepage/Page_diagnostics/a_COVID-19 DIAGNOSTICS' is clicked on

2022-04-07 11:15:38 - [MESSAGE][PASSED] - Object: 'Object Repository/New_Homepage/Page_diagnostics/a_COVID-19 DIAGNOSTICS' is clicked on

2022-04-07 11:15:38 - [TEST_STEP][PASSED] - mouseOver(findTestObject("New_Homepage/Page_diagnostics/a_Abbott Rapid Diagnostics PANBIO COVID-19 Ag Rapid Test Device (Nasopharyngeal)")): Object: 'Object Repository/New_Homepage/Page_diagnostics/a_Abbott Rapid Diagnostics PANBIO COVID-19 Ag Rapid Test Device (Nasopharyngeal)' is hovered

2022-04-07 11:15:40 - [MESSAGE][PASSED] - Object: 'Object Repository/New_Homepage/Page_diagnostics/a_Abbott Rapid Diagnostics PANBIO COVID-19 Ag Rapid Test Device (Nasopharyngeal)' is hovered

2022-04-07 11:15:40 - [TEST_STEP][PASSED] - click(findTestObject("New_Homepage/Page_diagnostics/a_Abbott Rapid Diagnostics PANBIO COVID-19 Ag Rapid Test Device (Nasopharyngeal)")): Object: 'Object Repository/New_Homepage/Page_diagnostics/a_Abbott Rapid Diagnostics PANBIO COVID-19 Ag Rapid Test Device (Nasopharyngeal)' is clicked on

2022-04-07 11:15:43 - [MESSAGE][PASSED] - Object: 'Object Repository/New_Homepage/Page_diagnostics/a_Abbott Rapid Diagnostics PANBIO COVID-19 Ag Rapid Test Device (Nasopharyngeal)' is clicked on

2022-04-07 11:15:43 - [MESSAGE][PASSED] - Call Test Case 'Test Cases/Custom Item Details/UTILITIES/OPEN_BROWSER' successfully

2022-04-07 11:15:43 - [TEST_STEP][PASSED] - waitForElementVisible(findTestObject("Staging Objects/Page_diagnostics/span_User care"), 0): Object 'Object Repository/Staging Objects/Page_diagnostics/span_User care' is not visible after 30 second(s)

2022-04-07 11:15:43 - [MESSAGE][WARNING] - Timeout '0' is invalid. Using default page load timeout: '30'

2022-04-07 11:16:14 - [MESSAGE][WARNING] - Object 'Object Repository/Staging Objects/Page_diagnostics/span_User care' is not visible after 30 second(s)

2022-04-07 11:16:14 - [TEST_STEP][PASSED] - verifyElementPresent(findTestObject("Staging Objects/Page_diagnostics/span_User care"), 0): Object 'Object Repository/Staging Objects/Page_diagnostics/span_User care' is present

2022-04-07 11:16:14 - [MESSAGE][WARNING] - Timeout '0' is invalid. Using default page load timeout: '30'

2022-04-07 11:16:15 - [MESSAGE][PASSED] - Object 'Object Repository/Staging Objects/Page_diagnostics/span_User care' is present

2022-04-07 11:16:15 - [TEST_STEP][PASSED] - callTestCase(findTestCase("Custom Item Details/UTILITIES/CLOSE_BROWSER"), [:], STOP_ON_FAILURE): Call Test Case 'Test Cases/Custom Item Details/UTILITIES/CLOSE_BROWSER' successfully

2022-04-07 11:16:15 - [TEST_CASE][PASSED] - Test Cases/Custom Item Details/UTILITIES/CLOSE_BROWSER: Test Cases/Custom Item Details/UTILITIES/CLOSE_BROWSER

2022-04-07 11:16:15 - [TEST_STEP][PASSED] - closeBrowser(): Browser is closed

2022-04-07 11:16:15 - [MESSAGE][PASSED] - Browser is closed

2022-04-07 11:16:15 - [MESSAGE][PASSED] - Call Test Case 'Test Cases/Custom Item Details/UTILITIES/CLOSE_BROWSER' successfully]]></system-out>
         <system-err><![CDATA[]]></system-err>
      </testcase>
      <testcase name="Test Cases/Custom Item Details/TEST CASE/TC_DETAILS_UI_048" time="13.714" classname="Test Cases/Custom Item Details/TEST CASE/TC_DETAILS_UI_048" status="PASSED">
         <system-out><![CDATA[2022-04-07 11:16:15 - [TEST_CASE][PASSED] - Test Cases/Custom Item Details/TEST CASE/TC_DETAILS_UI_048: Test Cases/Custom Item Details/TEST CASE/TC_DETAILS_UI_048

2022-04-07 11:16:16 - [TEST_STEP][PASSED] - callTestCase(findTestCase("Custom Item Details/UTILITIES/OPEN_BROWSER"), [:], STOP_ON_FAILURE): Call Test Case 'Test Cases/Custom Item Details/UTILITIES/OPEN_BROWSER' successfully

2022-04-07 11:16:16 - [TEST_CASE][PASSED] - Test Cases/Custom Item Details/UTILITIES/OPEN_BROWSER: Test Cases/Custom Item Details/UTILITIES/OPEN_BROWSER

2022-04-07 11:16:16 - [TEST_STEP][PASSED] - openBrowser("https://diagnostics.staging.arcadier.io/"): Browser is opened with url: 'https://diagnostics.staging.arcadier.io/'

2022-04-07 11:16:16 - [MESSAGE][INFO] - Starting 'Chrome' driver

2022-04-07 11:16:16 - [MESSAGE][INFO] - Action delay is set to 0 milliseconds

2022-04-07 11:16:19 - [MESSAGE][PASSED] - Browser is opened with url: 'https://diagnostics.staging.arcadier.io/'

2022-04-07 11:16:19 - [TEST_STEP][PASSED] - maximizeWindow(): Current window maximized

2022-04-07 11:16:19 - [MESSAGE][PASSED] - Current window maximized

2022-04-07 11:16:19 - [TEST_STEP][PASSED] - click(findTestObject("Item Details Objects/Page_diagnostics/a_Accept Cookies")): Object: 'Object Repository/Item Details Objects/Page_diagnostics/a_Accept Cookies' is clicked on

2022-04-07 11:16:21 - [MESSAGE][PASSED] - Object: 'Object Repository/Item Details Objects/Page_diagnostics/a_Accept Cookies' is clicked on

2022-04-07 11:16:21 - [TEST_STEP][PASSED] - click(findTestObject("New_Homepage/Page_diagnostics/a_COVID-19 DIAGNOSTICS"), STOP_ON_FAILURE): Object: 'Object Repository/New_Homepage/Page_diagnostics/a_COVID-19 DIAGNOSTICS' is clicked on

2022-04-07 11:16:23 - [MESSAGE][PASSED] - Object: 'Object Repository/New_Homepage/Page_diagnostics/a_COVID-19 DIAGNOSTICS' is clicked on

2022-04-07 11:16:23 - [TEST_STEP][PASSED] - mouseOver(findTestObject("New_Homepage/Page_diagnostics/a_Abbott Rapid Diagnostics PANBIO COVID-19 Ag Rapid Test Device (Nasopharyngeal)")): Object: 'Object Repository/New_Homepage/Page_diagnostics/a_Abbott Rapid Diagnostics PANBIO COVID-19 Ag Rapid Test Device (Nasopharyngeal)' is hovered

2022-04-07 11:16:24 - [MESSAGE][PASSED] - Object: 'Object Repository/New_Homepage/Page_diagnostics/a_Abbott Rapid Diagnostics PANBIO COVID-19 Ag Rapid Test Device (Nasopharyngeal)' is hovered

2022-04-07 11:16:24 - [TEST_STEP][PASSED] - click(findTestObject("New_Homepage/Page_diagnostics/a_Abbott Rapid Diagnostics PANBIO COVID-19 Ag Rapid Test Device (Nasopharyngeal)")): Object: 'Object Repository/New_Homepage/Page_diagnostics/a_Abbott Rapid Diagnostics PANBIO COVID-19 Ag Rapid Test Device (Nasopharyngeal)' is clicked on

2022-04-07 11:16:27 - [MESSAGE][PASSED] - Object: 'Object Repository/New_Homepage/Page_diagnostics/a_Abbott Rapid Diagnostics PANBIO COVID-19 Ag Rapid Test Device (Nasopharyngeal)' is clicked on

2022-04-07 11:16:27 - [MESSAGE][PASSED] - Call Test Case 'Test Cases/Custom Item Details/UTILITIES/OPEN_BROWSER' successfully

2022-04-07 11:16:27 - [TEST_STEP][PASSED] - verifyElementPresent(findTestObject("Item Details Objects/Page_diagnostics/div_Price_Box"), 0): Object 'Object Repository/Item Details Objects/Page_diagnostics/div_Price_Box' is present

2022-04-07 11:16:27 - [MESSAGE][WARNING] - Timeout '0' is invalid. Using default page load timeout: '30'

2022-04-07 11:16:28 - [MESSAGE][PASSED] - Object 'Object Repository/Item Details Objects/Page_diagnostics/div_Price_Box' is present

2022-04-07 11:16:28 - [TEST_STEP][PASSED] - verifyElementNotVisible(findTestObject("Item Details Objects/Page_diagnostics/div_Price_Box"), STOP_ON_FAILURE): Object 'Object Repository/Item Details Objects/Page_diagnostics/div_Price_Box' is NOT visible

2022-04-07 11:16:28 - [MESSAGE][PASSED] - Object 'Object Repository/Item Details Objects/Page_diagnostics/div_Price_Box' is NOT visible

2022-04-07 11:16:28 - [TEST_STEP][PASSED] - callTestCase(findTestCase("Custom Item Details/UTILITIES/CLOSE_BROWSER"), [:], STOP_ON_FAILURE): Call Test Case 'Test Cases/Custom Item Details/UTILITIES/CLOSE_BROWSER' successfully

2022-04-07 11:16:28 - [TEST_CASE][PASSED] - Test Cases/Custom Item Details/UTILITIES/CLOSE_BROWSER: Test Cases/Custom Item Details/UTILITIES/CLOSE_BROWSER

2022-04-07 11:16:28 - [TEST_STEP][PASSED] - closeBrowser(): Browser is closed

2022-04-07 11:16:29 - [MESSAGE][PASSED] - Browser is closed

2022-04-07 11:16:29 - [MESSAGE][PASSED] - Call Test Case 'Test Cases/Custom Item Details/UTILITIES/CLOSE_BROWSER' successfully]]></system-out>
         <system-err><![CDATA[]]></system-err>
      </testcase>
      <testcase name="Test Cases/Custom Item Details/TEST CASE/TC_DETAILS_UI_049" time="35.1" classname="Test Cases/Custom Item Details/TEST CASE/TC_DETAILS_UI_049" status="PASSED">
         <system-out><![CDATA[2022-04-07 11:16:29 - [TEST_CASE][PASSED] - Test Cases/Custom Item Details/TEST CASE/TC_DETAILS_UI_049: Test Cases/Custom Item Details/TEST CASE/TC_DETAILS_UI_049

2022-04-07 11:16:29 - [TEST_STEP][PASSED] - callTestCase(findTestCase("Custom Item Details/UTILITIES/OPEN_BROWSER"), [:], STOP_ON_FAILURE): Call Test Case 'Test Cases/Custom Item Details/UTILITIES/OPEN_BROWSER' successfully

2022-04-07 11:16:29 - [TEST_CASE][PASSED] - Test Cases/Custom Item Details/UTILITIES/OPEN_BROWSER: Test Cases/Custom Item Details/UTILITIES/OPEN_BROWSER

2022-04-07 11:16:29 - [TEST_STEP][PASSED] - openBrowser("https://diagnostics.staging.arcadier.io/"): Browser is opened with url: 'https://diagnostics.staging.arcadier.io/'

2022-04-07 11:16:29 - [MESSAGE][INFO] - Starting 'Chrome' driver

2022-04-07 11:16:29 - [MESSAGE][INFO] - Action delay is set to 0 milliseconds

2022-04-07 11:16:32 - [MESSAGE][PASSED] - Browser is opened with url: 'https://diagnostics.staging.arcadier.io/'

2022-04-07 11:16:32 - [TEST_STEP][PASSED] - maximizeWindow(): Current window maximized

2022-04-07 11:16:33 - [MESSAGE][PASSED] - Current window maximized

2022-04-07 11:16:33 - [TEST_STEP][PASSED] - click(findTestObject("Item Details Objects/Page_diagnostics/a_Accept Cookies")): Object: 'Object Repository/Item Details Objects/Page_diagnostics/a_Accept Cookies' is clicked on

2022-04-07 11:16:34 - [MESSAGE][PASSED] - Object: 'Object Repository/Item Details Objects/Page_diagnostics/a_Accept Cookies' is clicked on

2022-04-07 11:16:34 - [TEST_STEP][PASSED] - click(findTestObject("New_Homepage/Page_diagnostics/a_COVID-19 DIAGNOSTICS"), STOP_ON_FAILURE): Object: 'Object Repository/New_Homepage/Page_diagnostics/a_COVID-19 DIAGNOSTICS' is clicked on

2022-04-07 11:16:36 - [MESSAGE][PASSED] - Object: 'Object Repository/New_Homepage/Page_diagnostics/a_COVID-19 DIAGNOSTICS' is clicked on

2022-04-07 11:16:36 - [TEST_STEP][PASSED] - mouseOver(findTestObject("New_Homepage/Page_diagnostics/a_Abbott Rapid Diagnostics PANBIO COVID-19 Ag Rapid Test Device (Nasopharyngeal)")): Object: 'Object Repository/New_Homepage/Page_diagnostics/a_Abbott Rapid Diagnostics PANBIO COVID-19 Ag Rapid Test Device (Nasopharyngeal)' is hovered

2022-04-07 11:16:38 - [MESSAGE][PASSED] - Object: 'Object Repository/New_Homepage/Page_diagnostics/a_Abbott Rapid Diagnostics PANBIO COVID-19 Ag Rapid Test Device (Nasopharyngeal)' is hovered

2022-04-07 11:16:38 - [TEST_STEP][PASSED] - click(findTestObject("New_Homepage/Page_diagnostics/a_Abbott Rapid Diagnostics PANBIO COVID-19 Ag Rapid Test Device (Nasopharyngeal)")): Object: 'Object Repository/New_Homepage/Page_diagnostics/a_Abbott Rapid Diagnostics PANBIO COVID-19 Ag Rapid Test Device (Nasopharyngeal)' is clicked on

2022-04-07 11:16:41 - [MESSAGE][PASSED] - Object: 'Object Repository/New_Homepage/Page_diagnostics/a_Abbott Rapid Diagnostics PANBIO COVID-19 Ag Rapid Test Device (Nasopharyngeal)' is clicked on

2022-04-07 11:16:41 - [MESSAGE][PASSED] - Call Test Case 'Test Cases/Custom Item Details/UTILITIES/OPEN_BROWSER' successfully

2022-04-07 11:16:41 - [TEST_STEP][PASSED] - waitForElementVisible(findTestObject("Staging Objects/Page_diagnostics/a_REQUEST FOR QUOTATION"), 0): Object 'Object Repository/Staging Objects/Page_diagnostics/a_REQUEST FOR QUOTATION' is visible

2022-04-07 11:16:41 - [MESSAGE][WARNING] - Timeout '0' is invalid. Using default page load timeout: '30'

2022-04-07 11:16:43 - [MESSAGE][PASSED] - Object 'Object Repository/Staging Objects/Page_diagnostics/a_REQUEST FOR QUOTATION' is visible

2022-04-07 11:16:43 - [TEST_STEP][PASSED] - click(findTestObject("Staging Objects/Page_diagnostics/a_REQUEST FOR QUOTATION")): Object: 'Object Repository/Staging Objects/Page_diagnostics/a_REQUEST FOR QUOTATION' is clicked on

2022-04-07 11:16:43 - [MESSAGE][PASSED] - Object: 'Object Repository/Staging Objects/Page_diagnostics/a_REQUEST FOR QUOTATION' is clicked on

2022-04-07 11:16:43 - [TEST_STEP][PASSED] - callTestCase(findTestCase("Custom Item Details/UTILITIES/LOGIN"), [:], STOP_ON_FAILURE): Call Test Case 'Test Cases/Custom Item Details/UTILITIES/LOGIN' successfully

2022-04-07 11:16:43 - [TEST_CASE][PASSED] - Test Cases/Custom Item Details/UTILITIES/LOGIN: Test Cases/Custom Item Details/UTILITIES/LOGIN

2022-04-07 11:16:43 - [TEST_STEP][PASSED] - click(findTestObject("Login Page/Page_diagnostics/a_Sign_In_as_ Buyer")): Object: 'Object Repository/Login Page/Page_diagnostics/a_Sign_In_as_ Buyer' is clicked on

2022-04-07 11:16:44 - [MESSAGE][PASSED] - Object: 'Object Repository/Login Page/Page_diagnostics/a_Sign_In_as_ Buyer' is clicked on

2022-04-07 11:16:44 - [TEST_STEP][PASSED] - setText(findTestObject("Login Page/Page_diagnostics/input_EmailUsername"), "admin"): Text 'admin' is set on object 'Object Repository/Login Page/Page_diagnostics/input_EmailUsername'

2022-04-07 11:16:45 - [MESSAGE][PASSED] - Text 'admin' is set on object 'Object Repository/Login Page/Page_diagnostics/input_EmailUsername'

2022-04-07 11:16:45 - [TEST_STEP][PASSED] - setText(findTestObject("Login Page/Page_diagnostics/input_Password"), "Diagnostics123!"): Text 'Diagnostics123!' is set on object 'Object Repository/Login Page/Page_diagnostics/input_Password'

2022-04-07 11:16:45 - [MESSAGE][PASSED] - Text 'Diagnostics123!' is set on object 'Object Repository/Login Page/Page_diagnostics/input_Password'

2022-04-07 11:16:45 - [TEST_STEP][PASSED] - click(findTestObject("Login Page/Page_diagnostics/input_Login-Submit")): Object: 'Object Repository/Login Page/Page_diagnostics/input_Login-Submit' is clicked on

2022-04-07 11:16:50 - [MESSAGE][PASSED] - Object: 'Object Repository/Login Page/Page_diagnostics/input_Login-Submit' is clicked on

2022-04-07 11:16:50 - [MESSAGE][PASSED] - Call Test Case 'Test Cases/Custom Item Details/UTILITIES/LOGIN' successfully

2022-04-07 11:16:50 - [TEST_STEP][PASSED] - callTestCase(findTestCase("Custom Item Details/UTILITIES/ITEM_DETAIL_PAGE"), [:], STOP_ON_FAILURE): Call Test Case 'Test Cases/Custom Item Details/UTILITIES/ITEM_DETAIL_PAGE' successfully

2022-04-07 11:16:50 - [TEST_CASE][PASSED] - Test Cases/Custom Item Details/UTILITIES/ITEM_DETAIL_PAGE: Test Cases/Custom Item Details/UTILITIES/ITEM_DETAIL_PAGE

2022-04-07 11:16:50 - [TEST_STEP][PASSED] - click(findTestObject("Staging Objects/Page_diagnostics/a_DIABETES DIAGNOSTICS"), STOP_ON_FAILURE): Object: 'Object Repository/Staging Objects/Page_diagnostics/a_DIABETES DIAGNOSTICS' is clicked on

2022-04-07 11:16:52 - [MESSAGE][PASSED] - Object: 'Object Repository/Staging Objects/Page_diagnostics/a_DIABETES DIAGNOSTICS' is clicked on

2022-04-07 11:16:52 - [TEST_STEP][PASSED] - mouseOver(findTestObject("Staging Objects/Page_diagnostics/a_CareSens N Eco Blood Glucose Meter")): Object: 'Object Repository/Staging Objects/Page_diagnostics/a_CareSens N Eco Blood Glucose Meter' is hovered

2022-04-07 11:16:56 - [MESSAGE][PASSED] - Object: 'Object Repository/Staging Objects/Page_diagnostics/a_CareSens N Eco Blood Glucose Meter' is hovered

2022-04-07 11:16:56 - [TEST_STEP][PASSED] - click(findTestObject("Staging Objects/Page_diagnostics/a_CareSens N Eco Blood Glucose Meter")): Object: 'Object Repository/Staging Objects/Page_diagnostics/a_CareSens N Eco Blood Glucose Meter' is clicked on

2022-04-07 11:17:02 - [MESSAGE][PASSED] - Object: 'Object Repository/Staging Objects/Page_diagnostics/a_CareSens N Eco Blood Glucose Meter' is clicked on

2022-04-07 11:17:02 - [MESSAGE][PASSED] - Call Test Case 'Test Cases/Custom Item Details/UTILITIES/ITEM_DETAIL_PAGE' successfully

2022-04-07 11:17:02 - [TEST_STEP][PASSED] - verifyElementPresent(findTestObject("Item Details Objects/Page_diagnostics/div_Price_Box"), 0): Object 'Object Repository/Item Details Objects/Page_diagnostics/div_Price_Box' is present

2022-04-07 11:17:02 - [MESSAGE][WARNING] - Timeout '0' is invalid. Using default page load timeout: '30'

2022-04-07 11:17:03 - [MESSAGE][PASSED] - Object 'Object Repository/Item Details Objects/Page_diagnostics/div_Price_Box' is present

2022-04-07 11:17:03 - [TEST_STEP][PASSED] - verifyElementNotVisible(findTestObject("Item Details Objects/Page_diagnostics/div_Price_Box"), STOP_ON_FAILURE): Object 'Object Repository/Item Details Objects/Page_diagnostics/div_Price_Box' is NOT visible

2022-04-07 11:17:04 - [MESSAGE][PASSED] - Object 'Object Repository/Item Details Objects/Page_diagnostics/div_Price_Box' is NOT visible

2022-04-07 11:17:04 - [TEST_STEP][PASSED] - callTestCase(findTestCase("Custom Item Details/UTILITIES/CLOSE_BROWSER"), [:], STOP_ON_FAILURE): Call Test Case 'Test Cases/Custom Item Details/UTILITIES/CLOSE_BROWSER' successfully

2022-04-07 11:17:04 - [TEST_CASE][PASSED] - Test Cases/Custom Item Details/UTILITIES/CLOSE_BROWSER: Test Cases/Custom Item Details/UTILITIES/CLOSE_BROWSER

2022-04-07 11:17:04 - [TEST_STEP][PASSED] - closeBrowser(): Browser is closed

2022-04-07 11:17:04 - [MESSAGE][PASSED] - Browser is closed

2022-04-07 11:17:04 - [MESSAGE][PASSED] - Call Test Case 'Test Cases/Custom Item Details/UTILITIES/CLOSE_BROWSER' successfully]]></system-out>
         <system-err><![CDATA[]]></system-err>
      </testcase>
      <testcase name="Test Cases/Custom Item Details/TEST CASE/TC_DETAILS_UI_050" time="14.752" classname="Test Cases/Custom Item Details/TEST CASE/TC_DETAILS_UI_050" status="PASSED">
         <system-out><![CDATA[2022-04-07 11:17:04 - [TEST_CASE][PASSED] - Test Cases/Custom Item Details/TEST CASE/TC_DETAILS_UI_050: Test Cases/Custom Item Details/TEST CASE/TC_DETAILS_UI_050

2022-04-07 11:17:04 - [TEST_STEP][PASSED] - callTestCase(findTestCase("Custom Item Details/UTILITIES/OPEN_BROWSER"), [:], STOP_ON_FAILURE): Call Test Case 'Test Cases/Custom Item Details/UTILITIES/OPEN_BROWSER' successfully

2022-04-07 11:17:04 - [TEST_CASE][PASSED] - Test Cases/Custom Item Details/UTILITIES/OPEN_BROWSER: Test Cases/Custom Item Details/UTILITIES/OPEN_BROWSER

2022-04-07 11:17:04 - [TEST_STEP][PASSED] - openBrowser("https://diagnostics.staging.arcadier.io/"): Browser is opened with url: 'https://diagnostics.staging.arcadier.io/'

2022-04-07 11:17:04 - [MESSAGE][INFO] - Starting 'Chrome' driver

2022-04-07 11:17:04 - [MESSAGE][INFO] - Action delay is set to 0 milliseconds

2022-04-07 11:17:08 - [MESSAGE][PASSED] - Browser is opened with url: 'https://diagnostics.staging.arcadier.io/'

2022-04-07 11:17:08 - [TEST_STEP][PASSED] - maximizeWindow(): Current window maximized

2022-04-07 11:17:08 - [MESSAGE][PASSED] - Current window maximized

2022-04-07 11:17:08 - [TEST_STEP][PASSED] - click(findTestObject("Item Details Objects/Page_diagnostics/a_Accept Cookies")): Object: 'Object Repository/Item Details Objects/Page_diagnostics/a_Accept Cookies' is clicked on

2022-04-07 11:17:09 - [MESSAGE][PASSED] - Object: 'Object Repository/Item Details Objects/Page_diagnostics/a_Accept Cookies' is clicked on

2022-04-07 11:17:09 - [TEST_STEP][PASSED] - click(findTestObject("New_Homepage/Page_diagnostics/a_COVID-19 DIAGNOSTICS"), STOP_ON_FAILURE): Object: 'Object Repository/New_Homepage/Page_diagnostics/a_COVID-19 DIAGNOSTICS' is clicked on

2022-04-07 11:17:12 - [MESSAGE][PASSED] - Object: 'Object Repository/New_Homepage/Page_diagnostics/a_COVID-19 DIAGNOSTICS' is clicked on

2022-04-07 11:17:12 - [TEST_STEP][PASSED] - mouseOver(findTestObject("New_Homepage/Page_diagnostics/a_Abbott Rapid Diagnostics PANBIO COVID-19 Ag Rapid Test Device (Nasopharyngeal)")): Object: 'Object Repository/New_Homepage/Page_diagnostics/a_Abbott Rapid Diagnostics PANBIO COVID-19 Ag Rapid Test Device (Nasopharyngeal)' is hovered

2022-04-07 11:17:14 - [MESSAGE][PASSED] - Object: 'Object Repository/New_Homepage/Page_diagnostics/a_Abbott Rapid Diagnostics PANBIO COVID-19 Ag Rapid Test Device (Nasopharyngeal)' is hovered

2022-04-07 11:17:14 - [TEST_STEP][PASSED] - click(findTestObject("New_Homepage/Page_diagnostics/a_Abbott Rapid Diagnostics PANBIO COVID-19 Ag Rapid Test Device (Nasopharyngeal)")): Object: 'Object Repository/New_Homepage/Page_diagnostics/a_Abbott Rapid Diagnostics PANBIO COVID-19 Ag Rapid Test Device (Nasopharyngeal)' is clicked on

2022-04-07 11:17:17 - [MESSAGE][PASSED] - Object: 'Object Repository/New_Homepage/Page_diagnostics/a_Abbott Rapid Diagnostics PANBIO COVID-19 Ag Rapid Test Device (Nasopharyngeal)' is clicked on

2022-04-07 11:17:17 - [MESSAGE][PASSED] - Call Test Case 'Test Cases/Custom Item Details/UTILITIES/OPEN_BROWSER' successfully

2022-04-07 11:17:17 - [TEST_STEP][PASSED] - verifyElementPresent(findTestObject("New_Homepage/Page_diagnostics/div_Ex works price exclusive of taxes and shipping costs"), 0): Object 'Object Repository/New_Homepage/Page_diagnostics/div_Ex works price exclusive of taxes and shipping costs' is present

2022-04-07 11:17:17 - [MESSAGE][WARNING] - Timeout '0' is invalid. Using default page load timeout: '30'

2022-04-07 11:17:18 - [MESSAGE][PASSED] - Object 'Object Repository/New_Homepage/Page_diagnostics/div_Ex works price exclusive of taxes and shipping costs' is present

2022-04-07 11:17:18 - [TEST_STEP][PASSED] - callTestCase(findTestCase("Custom Item Details/UTILITIES/CLOSE_BROWSER"), [:], STOP_ON_FAILURE): Call Test Case 'Test Cases/Custom Item Details/UTILITIES/CLOSE_BROWSER' successfully

2022-04-07 11:17:18 - [TEST_CASE][PASSED] - Test Cases/Custom Item Details/UTILITIES/CLOSE_BROWSER: Test Cases/Custom Item Details/UTILITIES/CLOSE_BROWSER

2022-04-07 11:17:18 - [TEST_STEP][PASSED] - closeBrowser(): Browser is closed

2022-04-07 11:17:19 - [MESSAGE][PASSED] - Browser is closed

2022-04-07 11:17:19 - [MESSAGE][PASSED] - Call Test Case 'Test Cases/Custom Item Details/UTILITIES/CLOSE_BROWSER' successfully]]></system-out>
         <system-err><![CDATA[]]></system-err>
      </testcase>
      <testcase name="Test Cases/Custom Item Details/TEST CASE/TC_DETAILS_UI_051" time="14.792" classname="Test Cases/Custom Item Details/TEST CASE/TC_DETAILS_UI_051" status="FAILED">
         <failure type="FAILED" message="Test Cases/Custom Item Details/TEST CASE/TC_DETAILS_UI_051 FAILED.
Reason:
com.kms.katalon.core.exception.StepFailedException: Unable to click on object 'Object Repository/Staging Objects/Page_diagnostics/a_REQUEST FOR QUOTATION'
	at com.kms.katalon.core.webui.keyword.internal.WebUIKeywordMain.stepFailed(WebUIKeywordMain.groovy:64)
	at com.kms.katalon.core.webui.keyword.internal.WebUIKeywordMain.runKeyword(WebUIKeywordMain.groovy:26)
	at com.kms.katalon.core.webui.keyword.builtin.ClickKeyword.click(ClickKeyword.groovy:76)
	at com.kms.katalon.core.webui.keyword.builtin.ClickKeyword.execute(ClickKeyword.groovy:43)
	at com.kms.katalon.core.keyword.internal.KeywordExecutor.executeKeywordForPlatform(KeywordExecutor.groovy:73)
	at com.kms.katalon.core.webui.keyword.WebUiBuiltInKeywords.click(WebUiBuiltInKeywords.groovy:617)
	at com.kms.katalon.core.webui.keyword.WebUiBuiltInKeywords$click$1.call(Unknown Source)
	at TC_DETAILS_UI_051.run(TC_DETAILS_UI_051:22)
	at com.kms.katalon.core.main.ScriptEngine.run(ScriptEngine.java:194)
	at com.kms.katalon.core.main.ScriptEngine.runScriptAsRawText(ScriptEngine.java:119)
	at com.kms.katalon.core.main.TestCaseExecutor.runScript(TestCaseExecutor.java:339)
	at com.kms.katalon.core.main.TestCaseExecutor.doExecute(TestCaseExecutor.java:330)
	at com.kms.katalon.core.main.TestCaseExecutor.processExecutionPhase(TestCaseExecutor.java:309)
	at com.kms.katalon.core.main.TestCaseExecutor.accessMainPhase(TestCaseExecutor.java:301)
	at com.kms.katalon.core.main.TestCaseExecutor.execute(TestCaseExecutor.java:235)
	at com.kms.katalon.core.main.TestSuiteExecutor.accessTestCaseMainPhase(TestSuiteExecutor.java:191)
	at com.kms.katalon.core.main.TestSuiteExecutor.accessTestSuiteMainPhase(TestSuiteExecutor.java:141)
	at com.kms.katalon.core.main.TestSuiteExecutor.execute(TestSuiteExecutor.java:90)
	at com.kms.katalon.core.main.TestCaseMain.startTestSuite(TestCaseMain.java:157)
	at com.kms.katalon.core.main.TestCaseMain$startTestSuite$0.call(Unknown Source)
	at TempTestSuite1649300223264.run(TempTestSuite1649300223264.groovy:39)
Caused by: org.openqa.selenium.WebDriverException: unknown error: cannot determine loading status
from target frame detached
  (Session info: chrome=99.0.4844.84)
Build info: version: '3.141.59', revision: 'e82be7d358', time: '2018-11-14T08:25:53'
System info: host: 'DESKTOP-IJBB9BE', ip: '192.168.1.2', os.name: 'Windows 10', os.arch: 'amd64', os.version: '10.0', java.version: '1.8.0_181'
Driver info: com.kms.katalon.selenium.driver.CChromeDriver
Capabilities {acceptInsecureCerts: false, browserName: chrome, browserVersion: 99.0.4844.84, chrome: {chromedriverVersion: 99.0.4844.51 (d537ec02474b5..., userDataDir: C:\Users\Lexoter\AppData\Lo...}, goog:chromeOptions: {debuggerAddress: localhost:1345}, javascriptEnabled: true, networkConnectionEnabled: false, pageLoadStrategy: normal, platform: WINDOWS, platformName: WINDOWS, proxy: Proxy(), setWindowRect: true, strictFileInteractability: false, timeouts: {implicit: 0, pageLoad: 300000, script: 30000}, unhandledPromptBehavior: dismiss and notify, webauthn:extension:credBlob: true, webauthn:extension:largeBlob: true, webauthn:virtualAuthenticators: true}
Session ID: 2cf318305f54f88efd8a9e9f1aaa0546
	at org.openqa.selenium.remote.http.W3CHttpResponseCodec.createException(W3CHttpResponseCodec.java:187)
	at org.openqa.selenium.remote.http.W3CHttpResponseCodec.decode(W3CHttpResponseCodec.java:122)
	at org.openqa.selenium.remote.http.W3CHttpResponseCodec.decode(W3CHttpResponseCodec.java:49)
	at org.openqa.selenium.remote.HttpCommandExecutor.execute(HttpCommandExecutor.java:158)
	at org.openqa.selenium.remote.service.DriverCommandExecutor.execute(DriverCommandExecutor.java:83)
	at org.openqa.selenium.remote.RemoteWebDriver.execute(RemoteWebDriver.java:552)
	at com.kms.katalon.selenium.driver.CChromeDriver.execute(CChromeDriver.java:19)
	at org.openqa.selenium.remote.RemoteWebElement.execute(RemoteWebElement.java:285)
	at org.openqa.selenium.remote.RemoteWebElement.click(RemoteWebElement.java:84)
	at org.openqa.selenium.support.events.EventFiringWebDriver$EventFiringWebElement.lambda$new$0(EventFiringWebDriver.java:404)
	at com.sun.proxy.$Proxy10.click(Unknown Source)
	at org.openqa.selenium.support.events.EventFiringWebDriver$EventFiringWebElement.click(EventFiringWebDriver.java:417)
	at com.kms.katalon.core.webui.keyword.builtin.ClickKeyword$_click_closure1.doCall(ClickKeyword.groovy:69)
	at com.kms.katalon.core.webui.keyword.builtin.ClickKeyword$_click_closure1.call(ClickKeyword.groovy)
	at com.kms.katalon.core.webui.keyword.internal.WebUIKeywordMain.runKeyword(WebUIKeywordMain.groovy:20)
	... 19 more
"/>
         <system-out><![CDATA[2022-04-07 11:17:19 - [TEST_CASE][FAILED] - Test Cases/Custom Item Details/TEST CASE/TC_DETAILS_UI_051: Test Cases/Custom Item Details/TEST CASE/TC_DETAILS_UI_051 FAILED.
Reason:
com.kms.katalon.core.exception.StepFailedException: Unable to click on object 'Object Repository/Staging Objects/Page_diagnostics/a_REQUEST FOR QUOTATION'
	at com.kms.katalon.core.webui.keyword.internal.WebUIKeywordMain.stepFailed(WebUIKeywordMain.groovy:64)
	at com.kms.katalon.core.webui.keyword.internal.WebUIKeywordMain.runKeyword(WebUIKeywordMain.groovy:26)
	at com.kms.katalon.core.webui.keyword.builtin.ClickKeyword.click(ClickKeyword.groovy:76)
	at com.kms.katalon.core.webui.keyword.builtin.ClickKeyword.execute(ClickKeyword.groovy:43)
	at com.kms.katalon.core.keyword.internal.KeywordExecutor.executeKeywordForPlatform(KeywordExecutor.groovy:73)
	at com.kms.katalon.core.webui.keyword.WebUiBuiltInKeywords.click(WebUiBuiltInKeywords.groovy:617)
	at com.kms.katalon.core.webui.keyword.WebUiBuiltInKeywords$click$1.call(Unknown Source)
	at TC_DETAILS_UI_051.run(TC_DETAILS_UI_051:22)
	at com.kms.katalon.core.main.ScriptEngine.run(ScriptEngine.java:194)
	at com.kms.katalon.core.main.ScriptEngine.runScriptAsRawText(ScriptEngine.java:119)
	at com.kms.katalon.core.main.TestCaseExecutor.runScript(TestCaseExecutor.java:339)
	at com.kms.katalon.core.main.TestCaseExecutor.doExecute(TestCaseExecutor.java:330)
	at com.kms.katalon.core.main.TestCaseExecutor.processExecutionPhase(TestCaseExecutor.java:309)
	at com.kms.katalon.core.main.TestCaseExecutor.accessMainPhase(TestCaseExecutor.java:301)
	at com.kms.katalon.core.main.TestCaseExecutor.execute(TestCaseExecutor.java:235)
	at com.kms.katalon.core.main.TestSuiteExecutor.accessTestCaseMainPhase(TestSuiteExecutor.java:191)
	at com.kms.katalon.core.main.TestSuiteExecutor.accessTestSuiteMainPhase(TestSuiteExecutor.java:141)
	at com.kms.katalon.core.main.TestSuiteExecutor.execute(TestSuiteExecutor.java:90)
	at com.kms.katalon.core.main.TestCaseMain.startTestSuite(TestCaseMain.java:157)
	at com.kms.katalon.core.main.TestCaseMain$startTestSuite$0.call(Unknown Source)
	at TempTestSuite1649300223264.run(TempTestSuite1649300223264.groovy:39)
Caused by: org.openqa.selenium.WebDriverException: unknown error: cannot determine loading status
from target frame detached
  (Session info: chrome=99.0.4844.84)
Build info: version: '3.141.59', revision: 'e82be7d358', time: '2018-11-14T08:25:53'
System info: host: 'DESKTOP-IJBB9BE', ip: '192.168.1.2', os.name: 'Windows 10', os.arch: 'amd64', os.version: '10.0', java.version: '1.8.0_181'
Driver info: com.kms.katalon.selenium.driver.CChromeDriver
Capabilities {acceptInsecureCerts: false, browserName: chrome, browserVersion: 99.0.4844.84, chrome: {chromedriverVersion: 99.0.4844.51 (d537ec02474b5..., userDataDir: C:\Users\Lexoter\AppData\Lo...}, goog:chromeOptions: {debuggerAddress: localhost:1345}, javascriptEnabled: true, networkConnectionEnabled: false, pageLoadStrategy: normal, platform: WINDOWS, platformName: WINDOWS, proxy: Proxy(), setWindowRect: true, strictFileInteractability: false, timeouts: {implicit: 0, pageLoad: 300000, script: 30000}, unhandledPromptBehavior: dismiss and notify, webauthn:extension:credBlob: true, webauthn:extension:largeBlob: true, webauthn:virtualAuthenticators: true}
Session ID: 2cf318305f54f88efd8a9e9f1aaa0546
	at org.openqa.selenium.remote.http.W3CHttpResponseCodec.createException(W3CHttpResponseCodec.java:187)
	at org.openqa.selenium.remote.http.W3CHttpResponseCodec.decode(W3CHttpResponseCodec.java:122)
	at org.openqa.selenium.remote.http.W3CHttpResponseCodec.decode(W3CHttpResponseCodec.java:49)
	at org.openqa.selenium.remote.HttpCommandExecutor.execute(HttpCommandExecutor.java:158)
	at org.openqa.selenium.remote.service.DriverCommandExecutor.execute(DriverCommandExecutor.java:83)
	at org.openqa.selenium.remote.RemoteWebDriver.execute(RemoteWebDriver.java:552)
	at com.kms.katalon.selenium.driver.CChromeDriver.execute(CChromeDriver.java:19)
	at org.openqa.selenium.remote.RemoteWebElement.execute(RemoteWebElement.java:285)
	at org.openqa.selenium.remote.RemoteWebElement.click(RemoteWebElement.java:84)
	at org.openqa.selenium.support.events.EventFiringWebDriver$EventFiringWebElement.lambda$new$0(EventFiringWebDriver.java:404)
	at com.sun.proxy.$Proxy10.click(Unknown Source)
	at org.openqa.selenium.support.events.EventFiringWebDriver$EventFiringWebElement.click(EventFiringWebDriver.java:417)
	at com.kms.katalon.core.webui.keyword.builtin.ClickKeyword$_click_closure1.doCall(ClickKeyword.groovy:69)
	at com.kms.katalon.core.webui.keyword.builtin.ClickKeyword$_click_closure1.call(ClickKeyword.groovy)
	at com.kms.katalon.core.webui.keyword.internal.WebUIKeywordMain.runKeyword(WebUIKeywordMain.groovy:20)
	... 19 more


2022-04-07 11:17:19 - [TEST_STEP][PASSED] - callTestCase(findTestCase("Custom Item Details/UTILITIES/OPEN_BROWSER"), [:], STOP_ON_FAILURE): Call Test Case 'Test Cases/Custom Item Details/UTILITIES/OPEN_BROWSER' successfully

2022-04-07 11:17:19 - [TEST_CASE][PASSED] - Test Cases/Custom Item Details/UTILITIES/OPEN_BROWSER: Test Cases/Custom Item Details/UTILITIES/OPEN_BROWSER

2022-04-07 11:17:19 - [TEST_STEP][PASSED] - openBrowser("https://diagnostics.staging.arcadier.io/"): Browser is opened with url: 'https://diagnostics.staging.arcadier.io/'

2022-04-07 11:17:19 - [MESSAGE][INFO] - Starting 'Chrome' driver

2022-04-07 11:17:19 - [MESSAGE][INFO] - Action delay is set to 0 milliseconds

2022-04-07 11:17:22 - [MESSAGE][PASSED] - Browser is opened with url: 'https://diagnostics.staging.arcadier.io/'

2022-04-07 11:17:22 - [TEST_STEP][PASSED] - maximizeWindow(): Current window maximized

2022-04-07 11:17:23 - [MESSAGE][PASSED] - Current window maximized

2022-04-07 11:17:23 - [TEST_STEP][PASSED] - click(findTestObject("Item Details Objects/Page_diagnostics/a_Accept Cookies")): Object: 'Object Repository/Item Details Objects/Page_diagnostics/a_Accept Cookies' is clicked on

2022-04-07 11:17:24 - [MESSAGE][PASSED] - Object: 'Object Repository/Item Details Objects/Page_diagnostics/a_Accept Cookies' is clicked on

2022-04-07 11:17:24 - [TEST_STEP][PASSED] - click(findTestObject("New_Homepage/Page_diagnostics/a_COVID-19 DIAGNOSTICS"), STOP_ON_FAILURE): Object: 'Object Repository/New_Homepage/Page_diagnostics/a_COVID-19 DIAGNOSTICS' is clicked on

2022-04-07 11:17:27 - [MESSAGE][PASSED] - Object: 'Object Repository/New_Homepage/Page_diagnostics/a_COVID-19 DIAGNOSTICS' is clicked on

2022-04-07 11:17:27 - [TEST_STEP][PASSED] - mouseOver(findTestObject("New_Homepage/Page_diagnostics/a_Abbott Rapid Diagnostics PANBIO COVID-19 Ag Rapid Test Device (Nasopharyngeal)")): Object: 'Object Repository/New_Homepage/Page_diagnostics/a_Abbott Rapid Diagnostics PANBIO COVID-19 Ag Rapid Test Device (Nasopharyngeal)' is hovered

2022-04-07 11:17:29 - [MESSAGE][PASSED] - Object: 'Object Repository/New_Homepage/Page_diagnostics/a_Abbott Rapid Diagnostics PANBIO COVID-19 Ag Rapid Test Device (Nasopharyngeal)' is hovered

2022-04-07 11:17:29 - [TEST_STEP][PASSED] - click(findTestObject("New_Homepage/Page_diagnostics/a_Abbott Rapid Diagnostics PANBIO COVID-19 Ag Rapid Test Device (Nasopharyngeal)")): Object: 'Object Repository/New_Homepage/Page_diagnostics/a_Abbott Rapid Diagnostics PANBIO COVID-19 Ag Rapid Test Device (Nasopharyngeal)' is clicked on

2022-04-07 11:17:31 - [MESSAGE][PASSED] - Object: 'Object Repository/New_Homepage/Page_diagnostics/a_Abbott Rapid Diagnostics PANBIO COVID-19 Ag Rapid Test Device (Nasopharyngeal)' is clicked on

2022-04-07 11:17:31 - [MESSAGE][PASSED] - Call Test Case 'Test Cases/Custom Item Details/UTILITIES/OPEN_BROWSER' successfully

2022-04-07 11:17:31 - [TEST_STEP][PASSED] - waitForElementVisible(findTestObject("Staging Objects/Page_diagnostics/a_REQUEST FOR QUOTATION"), 0): Object 'Object Repository/Staging Objects/Page_diagnostics/a_REQUEST FOR QUOTATION' is visible

2022-04-07 11:17:31 - [MESSAGE][WARNING] - Timeout '0' is invalid. Using default page load timeout: '30'

2022-04-07 11:17:33 - [MESSAGE][PASSED] - Object 'Object Repository/Staging Objects/Page_diagnostics/a_REQUEST FOR QUOTATION' is visible

2022-04-07 11:17:33 - [TEST_STEP][FAILED] - click(findTestObject("Staging Objects/Page_diagnostics/a_REQUEST FOR QUOTATION")): Unable to click on object 'Object Repository/Staging Objects/Page_diagnostics/a_REQUEST FOR QUOTATION' (Root cause: com.kms.katalon.core.exception.StepFailedException: Unable to click on object 'Object Repository/Staging Objects/Page_diagnostics/a_REQUEST FOR QUOTATION'
	at com.kms.katalon.core.webui.keyword.internal.WebUIKeywordMain.stepFailed(WebUIKeywordMain.groovy:64)
	at com.kms.katalon.core.webui.keyword.internal.WebUIKeywordMain.runKeyword(WebUIKeywordMain.groovy:26)
	at com.kms.katalon.core.webui.keyword.builtin.ClickKeyword.click(ClickKeyword.groovy:76)
	at com.kms.katalon.core.webui.keyword.builtin.ClickKeyword.execute(ClickKeyword.groovy:43)
	at com.kms.katalon.core.keyword.internal.KeywordExecutor.executeKeywordForPlatform(KeywordExecutor.groovy:73)
	at com.kms.katalon.core.webui.keyword.WebUiBuiltInKeywords.click(WebUiBuiltInKeywords.groovy:617)
	at com.kms.katalon.core.webui.keyword.WebUiBuiltInKeywords$click$1.call(Unknown Source)
	at TC_DETAILS_UI_051.run(TC_DETAILS_UI_051:22)
	at com.kms.katalon.core.main.ScriptEngine.run(ScriptEngine.java:194)
	at com.kms.katalon.core.main.ScriptEngine.runScriptAsRawText(ScriptEngine.java:119)
	at com.kms.katalon.core.main.TestCaseExecutor.runScript(TestCaseExecutor.java:339)
	at com.kms.katalon.core.main.TestCaseExecutor.doExecute(TestCaseExecutor.java:330)
	at com.kms.katalon.core.main.TestCaseExecutor.processExecutionPhase(TestCaseExecutor.java:309)
	at com.kms.katalon.core.main.TestCaseExecutor.accessMainPhase(TestCaseExecutor.java:301)
	at com.kms.katalon.core.main.TestCaseExecutor.execute(TestCaseExecutor.java:235)
	at com.kms.katalon.core.main.TestSuiteExecutor.accessTestCaseMainPhase(TestSuiteExecutor.java:191)
	at com.kms.katalon.core.main.TestSuiteExecutor.accessTestSuiteMainPhase(TestSuiteExecutor.java:141)
	at com.kms.katalon.core.main.TestSuiteExecutor.execute(TestSuiteExecutor.java:90)
	at com.kms.katalon.core.main.TestCaseMain.startTestSuite(TestCaseMain.java:157)
	at com.kms.katalon.core.main.TestCaseMain$startTestSuite$0.call(Unknown Source)
	at TempTestSuite1649300223264.run(TempTestSuite1649300223264.groovy:39)
Caused by: org.openqa.selenium.WebDriverException: unknown error: cannot determine loading status
from target frame detached
  (Session info: chrome=99.0.4844.84)
Build info: version: '3.141.59', revision: 'e82be7d358', time: '2018-11-14T08:25:53'
System info: host: 'DESKTOP-IJBB9BE', ip: '192.168.1.2', os.name: 'Windows 10', os.arch: 'amd64', os.version: '10.0', java.version: '1.8.0_181'
Driver info: com.kms.katalon.selenium.driver.CChromeDriver
Capabilities {acceptInsecureCerts: false, browserName: chrome, browserVersion: 99.0.4844.84, chrome: {chromedriverVersion: 99.0.4844.51 (d537ec02474b5..., userDataDir: C:\Users\Lexoter\AppData\Lo...}, goog:chromeOptions: {debuggerAddress: localhost:1345}, javascriptEnabled: true, networkConnectionEnabled: false, pageLoadStrategy: normal, platform: WINDOWS, platformName: WINDOWS, proxy: Proxy(), setWindowRect: true, strictFileInteractability: false, timeouts: {implicit: 0, pageLoad: 300000, script: 30000}, unhandledPromptBehavior: dismiss and notify, webauthn:extension:credBlob: true, webauthn:extension:largeBlob: true, webauthn:virtualAuthenticators: true}
Session ID: 2cf318305f54f88efd8a9e9f1aaa0546
	at org.openqa.selenium.remote.http.W3CHttpResponseCodec.createException(W3CHttpResponseCodec.java:187)
	at org.openqa.selenium.remote.http.W3CHttpResponseCodec.decode(W3CHttpResponseCodec.java:122)
	at org.openqa.selenium.remote.http.W3CHttpResponseCodec.decode(W3CHttpResponseCodec.java:49)
	at org.openqa.selenium.remote.HttpCommandExecutor.execute(HttpCommandExecutor.java:158)
	at org.openqa.selenium.remote.service.DriverCommandExecutor.execute(DriverCommandExecutor.java:83)
	at org.openqa.selenium.remote.RemoteWebDriver.execute(RemoteWebDriver.java:552)
	at com.kms.katalon.selenium.driver.CChromeDriver.execute(CChromeDriver.java:19)
	at org.openqa.selenium.remote.RemoteWebElement.execute(RemoteWebElement.java:285)
	at org.openqa.selenium.remote.RemoteWebElement.click(RemoteWebElement.java:84)
	at org.openqa.selenium.support.events.EventFiringWebDriver$EventFiringWebElement.lambda$new$0(EventFiringWebDriver.java:404)
	at com.sun.proxy.$Proxy10.click(Unknown Source)
	at org.openqa.selenium.support.events.EventFiringWebDriver$EventFiringWebElement.click(EventFiringWebDriver.java:417)
	at com.kms.katalon.core.webui.keyword.builtin.ClickKeyword$_click_closure1.doCall(ClickKeyword.groovy:69)
	at com.kms.katalon.core.webui.keyword.builtin.ClickKeyword$_click_closure1.call(ClickKeyword.groovy)
	at com.kms.katalon.core.webui.keyword.internal.WebUIKeywordMain.runKeyword(WebUIKeywordMain.groovy:20)
	at com.kms.katalon.core.webui.keyword.builtin.ClickKeyword.click(ClickKeyword.groovy:76)
	at com.kms.katalon.core.webui.keyword.builtin.ClickKeyword.execute(ClickKeyword.groovy:43)
	at com.kms.katalon.core.keyword.internal.KeywordExecutor.executeKeywordForPlatform(KeywordExecutor.groovy:73)
	at com.kms.katalon.core.webui.keyword.WebUiBuiltInKeywords.click(WebUiBuiltInKeywords.groovy:617)
	at com.kms.katalon.core.webui.keyword.WebUiBuiltInKeywords$click$1.call(Unknown Source)
	at Script1649242596279.run(Script1649242596279.groovy:22)
	... 13 more
)

2022-04-07 11:17:34 - [MESSAGE][FAILED] - Unable to click on object 'Object Repository/Staging Objects/Page_diagnostics/a_REQUEST FOR QUOTATION' (Root cause: com.kms.katalon.core.exception.StepFailedException: Unable to click on object 'Object Repository/Staging Objects/Page_diagnostics/a_REQUEST FOR QUOTATION'
	at com.kms.katalon.core.webui.keyword.internal.WebUIKeywordMain.stepFailed(WebUIKeywordMain.groovy:64)
	at com.kms.katalon.core.webui.keyword.internal.WebUIKeywordMain.runKeyword(WebUIKeywordMain.groovy:26)
	at com.kms.katalon.core.webui.keyword.builtin.ClickKeyword.click(ClickKeyword.groovy:76)
	at com.kms.katalon.core.webui.keyword.builtin.ClickKeyword.execute(ClickKeyword.groovy:43)
	at com.kms.katalon.core.keyword.internal.KeywordExecutor.executeKeywordForPlatform(KeywordExecutor.groovy:73)
	at com.kms.katalon.core.webui.keyword.WebUiBuiltInKeywords.click(WebUiBuiltInKeywords.groovy:617)
	at com.kms.katalon.core.webui.keyword.WebUiBuiltInKeywords$click$1.call(Unknown Source)
	at TC_DETAILS_UI_051.run(TC_DETAILS_UI_051:22)
	at com.kms.katalon.core.main.ScriptEngine.run(ScriptEngine.java:194)
	at com.kms.katalon.core.main.ScriptEngine.runScriptAsRawText(ScriptEngine.java:119)
	at com.kms.katalon.core.main.TestCaseExecutor.runScript(TestCaseExecutor.java:339)
	at com.kms.katalon.core.main.TestCaseExecutor.doExecute(TestCaseExecutor.java:330)
	at com.kms.katalon.core.main.TestCaseExecutor.processExecutionPhase(TestCaseExecutor.java:309)
	at com.kms.katalon.core.main.TestCaseExecutor.accessMainPhase(TestCaseExecutor.java:301)
	at com.kms.katalon.core.main.TestCaseExecutor.execute(TestCaseExecutor.java:235)
	at com.kms.katalon.core.main.TestSuiteExecutor.accessTestCaseMainPhase(TestSuiteExecutor.java:191)
	at com.kms.katalon.core.main.TestSuiteExecutor.accessTestSuiteMainPhase(TestSuiteExecutor.java:141)
	at com.kms.katalon.core.main.TestSuiteExecutor.execute(TestSuiteExecutor.java:90)
	at com.kms.katalon.core.main.TestCaseMain.startTestSuite(TestCaseMain.java:157)
	at com.kms.katalon.core.main.TestCaseMain$startTestSuite$0.call(Unknown Source)
	at TempTestSuite1649300223264.run(TempTestSuite1649300223264.groovy:39)
Caused by: org.openqa.selenium.WebDriverException: unknown error: cannot determine loading status
from target frame detached
  (Session info: chrome=99.0.4844.84)
Build info: version: '3.141.59', revision: 'e82be7d358', time: '2018-11-14T08:25:53'
System info: host: 'DESKTOP-IJBB9BE', ip: '192.168.1.2', os.name: 'Windows 10', os.arch: 'amd64', os.version: '10.0', java.version: '1.8.0_181'
Driver info: com.kms.katalon.selenium.driver.CChromeDriver
Capabilities {acceptInsecureCerts: false, browserName: chrome, browserVersion: 99.0.4844.84, chrome: {chromedriverVersion: 99.0.4844.51 (d537ec02474b5..., userDataDir: C:\Users\Lexoter\AppData\Lo...}, goog:chromeOptions: {debuggerAddress: localhost:1345}, javascriptEnabled: true, networkConnectionEnabled: false, pageLoadStrategy: normal, platform: WINDOWS, platformName: WINDOWS, proxy: Proxy(), setWindowRect: true, strictFileInteractability: false, timeouts: {implicit: 0, pageLoad: 300000, script: 30000}, unhandledPromptBehavior: dismiss and notify, webauthn:extension:credBlob: true, webauthn:extension:largeBlob: true, webauthn:virtualAuthenticators: true}
Session ID: 2cf318305f54f88efd8a9e9f1aaa0546
	at org.openqa.selenium.remote.http.W3CHttpResponseCodec.createException(W3CHttpResponseCodec.java:187)
	at org.openqa.selenium.remote.http.W3CHttpResponseCodec.decode(W3CHttpResponseCodec.java:122)
	at org.openqa.selenium.remote.http.W3CHttpResponseCodec.decode(W3CHttpResponseCodec.java:49)
	at org.openqa.selenium.remote.HttpCommandExecutor.execute(HttpCommandExecutor.java:158)
	at org.openqa.selenium.remote.service.DriverCommandExecutor.execute(DriverCommandExecutor.java:83)
	at org.openqa.selenium.remote.RemoteWebDriver.execute(RemoteWebDriver.java:552)
	at com.kms.katalon.selenium.driver.CChromeDriver.execute(CChromeDriver.java:19)
	at org.openqa.selenium.remote.RemoteWebElement.execute(RemoteWebElement.java:285)
	at org.openqa.selenium.remote.RemoteWebElement.click(RemoteWebElement.java:84)
	at org.openqa.selenium.support.events.EventFiringWebDriver$EventFiringWebElement.lambda$new$0(EventFiringWebDriver.java:404)
	at com.sun.proxy.$Proxy10.click(Unknown Source)
	at org.openqa.selenium.support.events.EventFiringWebDriver$EventFiringWebElement.click(EventFiringWebDriver.java:417)
	at com.kms.katalon.core.webui.keyword.builtin.ClickKeyword$_click_closure1.doCall(ClickKeyword.groovy:69)
	at com.kms.katalon.core.webui.keyword.builtin.ClickKeyword$_click_closure1.call(ClickKeyword.groovy)
	at com.kms.katalon.core.webui.keyword.internal.WebUIKeywordMain.runKeyword(WebUIKeywordMain.groovy:20)
	at com.kms.katalon.core.webui.keyword.builtin.ClickKeyword.click(ClickKeyword.groovy:76)
	at com.kms.katalon.core.webui.keyword.builtin.ClickKeyword.execute(ClickKeyword.groovy:43)
	at com.kms.katalon.core.keyword.internal.KeywordExecutor.executeKeywordForPlatform(KeywordExecutor.groovy:73)
	at com.kms.katalon.core.webui.keyword.WebUiBuiltInKeywords.click(WebUiBuiltInKeywords.groovy:617)
	at com.kms.katalon.core.webui.keyword.WebUiBuiltInKeywords$click$1.call(Unknown Source)
	at Script1649242596279.run(Script1649242596279.groovy:22)
	... 13 more
)
[[ATTACHMENT|K:\\Work\\GitHub\\find-item-detail-test_v2\\Reports\\20220407_105703\\Item detail test\\20220407_105703\\1649301454063.png]]]]></system-out>
         <system-err><![CDATA[2022-04-07 11:17:19 - [TEST_CASE][FAILED] - Test Cases/Custom Item Details/TEST CASE/TC_DETAILS_UI_051: Test Cases/Custom Item Details/TEST CASE/TC_DETAILS_UI_051 FAILED.
Reason:
com.kms.katalon.core.exception.StepFailedException: Unable to click on object 'Object Repository/Staging Objects/Page_diagnostics/a_REQUEST FOR QUOTATION'
	at com.kms.katalon.core.webui.keyword.internal.WebUIKeywordMain.stepFailed(WebUIKeywordMain.groovy:64)
	at com.kms.katalon.core.webui.keyword.internal.WebUIKeywordMain.runKeyword(WebUIKeywordMain.groovy:26)
	at com.kms.katalon.core.webui.keyword.builtin.ClickKeyword.click(ClickKeyword.groovy:76)
	at com.kms.katalon.core.webui.keyword.builtin.ClickKeyword.execute(ClickKeyword.groovy:43)
	at com.kms.katalon.core.keyword.internal.KeywordExecutor.executeKeywordForPlatform(KeywordExecutor.groovy:73)
	at com.kms.katalon.core.webui.keyword.WebUiBuiltInKeywords.click(WebUiBuiltInKeywords.groovy:617)
	at com.kms.katalon.core.webui.keyword.WebUiBuiltInKeywords$click$1.call(Unknown Source)
	at TC_DETAILS_UI_051.run(TC_DETAILS_UI_051:22)
	at com.kms.katalon.core.main.ScriptEngine.run(ScriptEngine.java:194)
	at com.kms.katalon.core.main.ScriptEngine.runScriptAsRawText(ScriptEngine.java:119)
	at com.kms.katalon.core.main.TestCaseExecutor.runScript(TestCaseExecutor.java:339)
	at com.kms.katalon.core.main.TestCaseExecutor.doExecute(TestCaseExecutor.java:330)
	at com.kms.katalon.core.main.TestCaseExecutor.processExecutionPhase(TestCaseExecutor.java:309)
	at com.kms.katalon.core.main.TestCaseExecutor.accessMainPhase(TestCaseExecutor.java:301)
	at com.kms.katalon.core.main.TestCaseExecutor.execute(TestCaseExecutor.java:235)
	at com.kms.katalon.core.main.TestSuiteExecutor.accessTestCaseMainPhase(TestSuiteExecutor.java:191)
	at com.kms.katalon.core.main.TestSuiteExecutor.accessTestSuiteMainPhase(TestSuiteExecutor.java:141)
	at com.kms.katalon.core.main.TestSuiteExecutor.execute(TestSuiteExecutor.java:90)
	at com.kms.katalon.core.main.TestCaseMain.startTestSuite(TestCaseMain.java:157)
	at com.kms.katalon.core.main.TestCaseMain$startTestSuite$0.call(Unknown Source)
	at TempTestSuite1649300223264.run(TempTestSuite1649300223264.groovy:39)
Caused by: org.openqa.selenium.WebDriverException: unknown error: cannot determine loading status
from target frame detached
  (Session info: chrome=99.0.4844.84)
Build info: version: '3.141.59', revision: 'e82be7d358', time: '2018-11-14T08:25:53'
System info: host: 'DESKTOP-IJBB9BE', ip: '192.168.1.2', os.name: 'Windows 10', os.arch: 'amd64', os.version: '10.0', java.version: '1.8.0_181'
Driver info: com.kms.katalon.selenium.driver.CChromeDriver
Capabilities {acceptInsecureCerts: false, browserName: chrome, browserVersion: 99.0.4844.84, chrome: {chromedriverVersion: 99.0.4844.51 (d537ec02474b5..., userDataDir: C:\Users\Lexoter\AppData\Lo...}, goog:chromeOptions: {debuggerAddress: localhost:1345}, javascriptEnabled: true, networkConnectionEnabled: false, pageLoadStrategy: normal, platform: WINDOWS, platformName: WINDOWS, proxy: Proxy(), setWindowRect: true, strictFileInteractability: false, timeouts: {implicit: 0, pageLoad: 300000, script: 30000}, unhandledPromptBehavior: dismiss and notify, webauthn:extension:credBlob: true, webauthn:extension:largeBlob: true, webauthn:virtualAuthenticators: true}
Session ID: 2cf318305f54f88efd8a9e9f1aaa0546
	at org.openqa.selenium.remote.http.W3CHttpResponseCodec.createException(W3CHttpResponseCodec.java:187)
	at org.openqa.selenium.remote.http.W3CHttpResponseCodec.decode(W3CHttpResponseCodec.java:122)
	at org.openqa.selenium.remote.http.W3CHttpResponseCodec.decode(W3CHttpResponseCodec.java:49)
	at org.openqa.selenium.remote.HttpCommandExecutor.execute(HttpCommandExecutor.java:158)
	at org.openqa.selenium.remote.service.DriverCommandExecutor.execute(DriverCommandExecutor.java:83)
	at org.openqa.selenium.remote.RemoteWebDriver.execute(RemoteWebDriver.java:552)
	at com.kms.katalon.selenium.driver.CChromeDriver.execute(CChromeDriver.java:19)
	at org.openqa.selenium.remote.RemoteWebElement.execute(RemoteWebElement.java:285)
	at org.openqa.selenium.remote.RemoteWebElement.click(RemoteWebElement.java:84)
	at org.openqa.selenium.support.events.EventFiringWebDriver$EventFiringWebElement.lambda$new$0(EventFiringWebDriver.java:404)
	at com.sun.proxy.$Proxy10.click(Unknown Source)
	at org.openqa.selenium.support.events.EventFiringWebDriver$EventFiringWebElement.click(EventFiringWebDriver.java:417)
	at com.kms.katalon.core.webui.keyword.builtin.ClickKeyword$_click_closure1.doCall(ClickKeyword.groovy:69)
	at com.kms.katalon.core.webui.keyword.builtin.ClickKeyword$_click_closure1.call(ClickKeyword.groovy)
	at com.kms.katalon.core.webui.keyword.internal.WebUIKeywordMain.runKeyword(WebUIKeywordMain.groovy:20)
	... 19 more]]></system-err>
      </testcase>
      <system-out><![CDATA[2022-04-07 10:57:10 - [TEST_SUITE][FAILED] - Item detail test: Test Cases/Custom Item Details/TEST CASE/TC_DETAILS_UI_020 FAILED.
Reason:
com.kms.katalon.core.exception.StepFailedException: Call Test Case 'Test Cases/Custom Item Details/UTILITIES/ITEM_DETAIL_PAGE' failed
	at com.kms.katalon.core.keyword.builtin.CallTestCaseKeyword$_callTestCase_closure1.doCall(CallTestCaseKeyword.groovy:63)
	at com.kms.katalon.core.keyword.builtin.CallTestCaseKeyword$_callTestCase_closure1.call(CallTestCaseKeyword.groovy)
	at com.kms.katalon.core.keyword.internal.KeywordMain.runKeyword(KeywordMain.groovy:68)
	at com.kms.katalon.core.keyword.builtin.CallTestCaseKeyword.callTestCase(CallTestCaseKeyword.groovy:81)
	at com.kms.katalon.core.keyword.builtin.CallTestCaseKeyword.execute(CallTestCaseKeyword.groovy:44)
	at com.kms.katalon.core.keyword.internal.KeywordExecutor.executeKeywordForPlatform(KeywordExecutor.groovy:73)
	at com.kms.katalon.core.keyword.BuiltinKeywords.callTestCase(BuiltinKeywords.groovy:334)
	at TC_DETAILS_UI_020.run(TC_DETAILS_UI_020:28)
	at com.kms.katalon.core.main.ScriptEngine.run(ScriptEngine.java:194)
	at com.kms.katalon.core.main.ScriptEngine.runScriptAsRawText(ScriptEngine.java:119)
	at com.kms.katalon.core.main.TestCaseExecutor.runScript(TestCaseExecutor.java:339)
	at com.kms.katalon.core.main.TestCaseExecutor.doExecute(TestCaseExecutor.java:330)
	at com.kms.katalon.core.main.TestCaseExecutor.processExecutionPhase(TestCaseExecutor.java:309)
	at com.kms.katalon.core.main.TestCaseExecutor.accessMainPhase(TestCaseExecutor.java:301)
	at com.kms.katalon.core.main.TestCaseExecutor.execute(TestCaseExecutor.java:235)
	at com.kms.katalon.core.main.TestSuiteExecutor.accessTestCaseMainPhase(TestSuiteExecutor.java:191)
	at com.kms.katalon.core.main.TestSuiteExecutor.accessTestSuiteMainPhase(TestSuiteExecutor.java:141)
	at com.kms.katalon.core.main.TestSuiteExecutor.execute(TestSuiteExecutor.java:90)
	at com.kms.katalon.core.main.TestCaseMain.startTestSuite(TestCaseMain.java:157)
	at com.kms.katalon.core.main.TestCaseMain$startTestSuite$0.call(Unknown Source)
	at TempTestSuite1649300223264.run(TempTestSuite1649300223264.groovy:39)
Caused by: com.kms.katalon.core.exception.StepFailedException: Unable to click on object 'Object Repository/Staging Objects/Page_diagnostics/a_DIABETES DIAGNOSTICS'
	at com.kms.katalon.core.webui.keyword.internal.WebUIKeywordMain.stepFailed(WebUIKeywordMain.groovy:64)
	at com.kms.katalon.core.webui.keyword.internal.WebUIKeywordMain.runKeyword(WebUIKeywordMain.groovy:26)
	at com.kms.katalon.core.webui.keyword.builtin.ClickKeyword.click(ClickKeyword.groovy:76)
	at com.kms.katalon.core.webui.keyword.builtin.ClickKeyword.execute(ClickKeyword.groovy:43)
	at com.kms.katalon.core.keyword.internal.KeywordExecutor.executeKeywordForPlatform(KeywordExecutor.groovy:73)
	at com.kms.katalon.core.webui.keyword.WebUiBuiltInKeywords.click(WebUiBuiltInKeywords.groovy:605)
	at com.kms.katalon.core.webui.keyword.WebUiBuiltInKeywords$click$2.call(Unknown Source)
	at ITEM_DETAIL_PAGE.run(ITEM_DETAIL_PAGE:18)
	at com.kms.katalon.core.main.ScriptEngine.run(ScriptEngine.java:194)
	at com.kms.katalon.core.main.ScriptEngine.runScriptAsRawText(ScriptEngine.java:119)
	at com.kms.katalon.core.main.TestCaseExecutor.runScript(TestCaseExecutor.java:339)
	at com.kms.katalon.core.main.TestCaseExecutor.doExecute(TestCaseExecutor.java:330)
	at com.kms.katalon.core.main.TestCaseExecutor.processExecutionPhase(TestCaseExecutor.java:309)
	at com.kms.katalon.core.main.TestCaseExecutor.accessMainPhase(TestCaseExecutor.java:301)
	at com.kms.katalon.core.main.TestCaseExecutor.execute(TestCaseExecutor.java:235)
	at com.kms.katalon.core.main.TestCaseMain.runTestCase(TestCaseMain.java:114)
	at com.kms.katalon.core.keyword.builtin.CallTestCaseKeyword$_callTestCase_closure1.doCall(CallTestCaseKeyword.groovy:59)
	... 20 more
Caused by: org.openqa.selenium.WebDriverException: unknown error: cannot determine loading status
from target frame detached
  (Session info: chrome=99.0.4844.84)
Build info: version: '3.141.59', revision: 'e82be7d358', time: '2018-11-14T08:25:53'
System info: host: 'DESKTOP-IJBB9BE', ip: '192.168.1.2', os.name: 'Windows 10', os.arch: 'amd64', os.version: '10.0', java.version: '1.8.0_181'
Driver info: com.kms.katalon.selenium.driver.CChromeDriver
Capabilities {acceptInsecureCerts: false, browserName: chrome, browserVersion: 99.0.4844.84, chrome: {chromedriverVersion: 99.0.4844.51 (d537ec02474b5..., userDataDir: C:\Users\Lexoter\AppData\Lo...}, goog:chromeOptions: {debuggerAddress: localhost:13701}, javascriptEnabled: true, networkConnectionEnabled: false, pageLoadStrategy: normal, platform: WINDOWS, platformName: WINDOWS, proxy: Proxy(), setWindowRect: true, strictFileInteractability: false, timeouts: {implicit: 0, pageLoad: 300000, script: 30000}, unhandledPromptBehavior: dismiss and notify, webauthn:extension:credBlob: true, webauthn:extension:largeBlob: true, webauthn:virtualAuthenticators: true}
Session ID: 148fd5506bacac9eeebcdfbbe56f8b8a
	at org.openqa.selenium.remote.http.W3CHttpResponseCodec.createException(W3CHttpResponseCodec.java:187)
	at org.openqa.selenium.remote.http.W3CHttpResponseCodec.decode(W3CHttpResponseCodec.java:122)
	at org.openqa.selenium.remote.http.W3CHttpResponseCodec.decode(W3CHttpResponseCodec.java:49)
	at org.openqa.selenium.remote.HttpCommandExecutor.execute(HttpCommandExecutor.java:158)
	at org.openqa.selenium.remote.service.DriverCommandExecutor.execute(DriverCommandExecutor.java:83)
	at org.openqa.selenium.remote.RemoteWebDriver.execute(RemoteWebDriver.java:552)
	at com.kms.katalon.selenium.driver.CChromeDriver.execute(CChromeDriver.java:19)
	at org.openqa.selenium.remote.RemoteWebElement.execute(RemoteWebElement.java:285)
	at org.openqa.selenium.remote.RemoteWebElement.click(RemoteWebElement.java:84)
	at org.openqa.selenium.support.events.EventFiringWebDriver$EventFiringWebElement.lambda$new$0(EventFiringWebDriver.java:404)
	at com.sun.proxy.$Proxy10.click(Unknown Source)
	at org.openqa.selenium.support.events.EventFiringWebDriver$EventFiringWebElement.click(EventFiringWebDriver.java:417)
	at com.kms.katalon.core.webui.keyword.builtin.ClickKeyword$_click_closure1.doCall(ClickKeyword.groovy:69)
	at com.kms.katalon.core.webui.keyword.builtin.ClickKeyword$_click_closure1.call(ClickKeyword.groovy)
	at com.kms.katalon.core.webui.keyword.internal.WebUIKeywordMain.runKeyword(WebUIKeywordMain.groovy:20)
	... 35 more]]></system-out>
      <system-err><![CDATA[2022-04-07 10:57:10 - [TEST_SUITE][FAILED] - Item detail test: Test Cases/Custom Item Details/TEST CASE/TC_DETAILS_UI_020 FAILED.
Reason:
com.kms.katalon.core.exception.StepFailedException: Call Test Case 'Test Cases/Custom Item Details/UTILITIES/ITEM_DETAIL_PAGE' failed
	at com.kms.katalon.core.keyword.builtin.CallTestCaseKeyword$_callTestCase_closure1.doCall(CallTestCaseKeyword.groovy:63)
	at com.kms.katalon.core.keyword.builtin.CallTestCaseKeyword$_callTestCase_closure1.call(CallTestCaseKeyword.groovy)
	at com.kms.katalon.core.keyword.internal.KeywordMain.runKeyword(KeywordMain.groovy:68)
	at com.kms.katalon.core.keyword.builtin.CallTestCaseKeyword.callTestCase(CallTestCaseKeyword.groovy:81)
	at com.kms.katalon.core.keyword.builtin.CallTestCaseKeyword.execute(CallTestCaseKeyword.groovy:44)
	at com.kms.katalon.core.keyword.internal.KeywordExecutor.executeKeywordForPlatform(KeywordExecutor.groovy:73)
	at com.kms.katalon.core.keyword.BuiltinKeywords.callTestCase(BuiltinKeywords.groovy:334)
	at TC_DETAILS_UI_020.run(TC_DETAILS_UI_020:28)
	at com.kms.katalon.core.main.ScriptEngine.run(ScriptEngine.java:194)
	at com.kms.katalon.core.main.ScriptEngine.runScriptAsRawText(ScriptEngine.java:119)
	at com.kms.katalon.core.main.TestCaseExecutor.runScript(TestCaseExecutor.java:339)
	at com.kms.katalon.core.main.TestCaseExecutor.doExecute(TestCaseExecutor.java:330)
	at com.kms.katalon.core.main.TestCaseExecutor.processExecutionPhase(TestCaseExecutor.java:309)
	at com.kms.katalon.core.main.TestCaseExecutor.accessMainPhase(TestCaseExecutor.java:301)
	at com.kms.katalon.core.main.TestCaseExecutor.execute(TestCaseExecutor.java:235)
	at com.kms.katalon.core.main.TestSuiteExecutor.accessTestCaseMainPhase(TestSuiteExecutor.java:191)
	at com.kms.katalon.core.main.TestSuiteExecutor.accessTestSuiteMainPhase(TestSuiteExecutor.java:141)
	at com.kms.katalon.core.main.TestSuiteExecutor.execute(TestSuiteExecutor.java:90)
	at com.kms.katalon.core.main.TestCaseMain.startTestSuite(TestCaseMain.java:157)
	at com.kms.katalon.core.main.TestCaseMain$startTestSuite$0.call(Unknown Source)
	at TempTestSuite1649300223264.run(TempTestSuite1649300223264.groovy:39)
Caused by: com.kms.katalon.core.exception.StepFailedException: Unable to click on object 'Object Repository/Staging Objects/Page_diagnostics/a_DIABETES DIAGNOSTICS'
	at com.kms.katalon.core.webui.keyword.internal.WebUIKeywordMain.stepFailed(WebUIKeywordMain.groovy:64)
	at com.kms.katalon.core.webui.keyword.internal.WebUIKeywordMain.runKeyword(WebUIKeywordMain.groovy:26)
	at com.kms.katalon.core.webui.keyword.builtin.ClickKeyword.click(ClickKeyword.groovy:76)
	at com.kms.katalon.core.webui.keyword.builtin.ClickKeyword.execute(ClickKeyword.groovy:43)
	at com.kms.katalon.core.keyword.internal.KeywordExecutor.executeKeywordForPlatform(KeywordExecutor.groovy:73)
	at com.kms.katalon.core.webui.keyword.WebUiBuiltInKeywords.click(WebUiBuiltInKeywords.groovy:605)
	at com.kms.katalon.core.webui.keyword.WebUiBuiltInKeywords$click$2.call(Unknown Source)
	at ITEM_DETAIL_PAGE.run(ITEM_DETAIL_PAGE:18)
	at com.kms.katalon.core.main.ScriptEngine.run(ScriptEngine.java:194)
	at com.kms.katalon.core.main.ScriptEngine.runScriptAsRawText(ScriptEngine.java:119)
	at com.kms.katalon.core.main.TestCaseExecutor.runScript(TestCaseExecutor.java:339)
	at com.kms.katalon.core.main.TestCaseExecutor.doExecute(TestCaseExecutor.java:330)
	at com.kms.katalon.core.main.TestCaseExecutor.processExecutionPhase(TestCaseExecutor.java:309)
	at com.kms.katalon.core.main.TestCaseExecutor.accessMainPhase(TestCaseExecutor.java:301)
	at com.kms.katalon.core.main.TestCaseExecutor.execute(TestCaseExecutor.java:235)
	at com.kms.katalon.core.main.TestCaseMain.runTestCase(TestCaseMain.java:114)
	at com.kms.katalon.core.keyword.builtin.CallTestCaseKeyword$_callTestCase_closure1.doCall(CallTestCaseKeyword.groovy:59)
	... 20 more
Caused by: org.openqa.selenium.WebDriverException: unknown error: cannot determine loading status
from target frame detached
  (Session info: chrome=99.0.4844.84)
Build info: version: '3.141.59', revision: 'e82be7d358', time: '2018-11-14T08:25:53'
System info: host: 'DESKTOP-IJBB9BE', ip: '192.168.1.2', os.name: 'Windows 10', os.arch: 'amd64', os.version: '10.0', java.version: '1.8.0_181'
Driver info: com.kms.katalon.selenium.driver.CChromeDriver
Capabilities {acceptInsecureCerts: false, browserName: chrome, browserVersion: 99.0.4844.84, chrome: {chromedriverVersion: 99.0.4844.51 (d537ec02474b5..., userDataDir: C:\Users\Lexoter\AppData\Lo...}, goog:chromeOptions: {debuggerAddress: localhost:13701}, javascriptEnabled: true, networkConnectionEnabled: false, pageLoadStrategy: normal, platform: WINDOWS, platformName: WINDOWS, proxy: Proxy(), setWindowRect: true, strictFileInteractability: false, timeouts: {implicit: 0, pageLoad: 300000, script: 30000}, unhandledPromptBehavior: dismiss and notify, webauthn:extension:credBlob: true, webauthn:extension:largeBlob: true, webauthn:virtualAuthenticators: true}
Session ID: 148fd5506bacac9eeebcdfbbe56f8b8a
	at org.openqa.selenium.remote.http.W3CHttpResponseCodec.createException(W3CHttpResponseCodec.java:187)
	at org.openqa.selenium.remote.http.W3CHttpResponseCodec.decode(W3CHttpResponseCodec.java:122)
	at org.openqa.selenium.remote.http.W3CHttpResponseCodec.decode(W3CHttpResponseCodec.java:49)
	at org.openqa.selenium.remote.HttpCommandExecutor.execute(HttpCommandExecutor.java:158)
	at org.openqa.selenium.remote.service.DriverCommandExecutor.execute(DriverCommandExecutor.java:83)
	at org.openqa.selenium.remote.RemoteWebDriver.execute(RemoteWebDriver.java:552)
	at com.kms.katalon.selenium.driver.CChromeDriver.execute(CChromeDriver.java:19)
	at org.openqa.selenium.remote.RemoteWebElement.execute(RemoteWebElement.java:285)
	at org.openqa.selenium.remote.RemoteWebElement.click(RemoteWebElement.java:84)
	at org.openqa.selenium.support.events.EventFiringWebDriver$EventFiringWebElement.lambda$new$0(EventFiringWebDriver.java:404)
	at com.sun.proxy.$Proxy10.click(Unknown Source)
	at org.openqa.selenium.support.events.EventFiringWebDriver$EventFiringWebElement.click(EventFiringWebDriver.java:417)
	at com.kms.katalon.core.webui.keyword.builtin.ClickKeyword$_click_closure1.doCall(ClickKeyword.groovy:69)
	at com.kms.katalon.core.webui.keyword.builtin.ClickKeyword$_click_closure1.call(ClickKeyword.groovy)
	at com.kms.katalon.core.webui.keyword.internal.WebUIKeywordMain.runKeyword(WebUIKeywordMain.groovy:20)
	... 35 more]]></system-err>
   </testsuite>
</testsuites>
