<?xml version="1.0" encoding="UTF-8"?>
<testsuites name="Item detail test" time="1489.63" tests="49" failures="13" errors="0">
   <testsuite name="Item detail test" tests="49" failures="13" errors="0" time="1489.63" timestamp="2022-04-06 18:08:15" hostname="Lexoter - DESKTOP-IJBB9BE" id="Test Suites/Item detail test">
      <properties>
         <property name="deviceName" value=""/>
         <property name="devicePlatform" value=""/>
         <property name="logFolder" value="K:\\Work\\GitHub\\find-item-detail-test_v2\\Reports\\20220406_180809\\Item detail test\\20220406_180809"/>
         <property name="logFiles" value="K:\\Work\\GitHub\\find-item-detail-test_v2\\Reports\\20220406_180809\\Item detail test\\20220406_180809\\execution0.log"/>
         <property name="attachments" value="K:\\Work\\GitHub\\find-item-detail-test_v2\\Reports\\20220406_180809\\Item detail test\\20220406_180809\\1649240015839.png, K:\\Work\\GitHub\\find-item-detail-test_v2\\Reports\\20220406_180809\\Item detail test\\20220406_180809\\1649240106421.png, K:\\Work\\GitHub\\find-item-detail-test_v2\\Reports\\20220406_180809\\Item detail test\\20220406_180809\\1649240106565.png, K:\\Work\\GitHub\\find-item-detail-test_v2\\Reports\\20220406_180809\\Item detail test\\20220406_180809\\1649240183137.png, K:\\Work\\GitHub\\find-item-detail-test_v2\\Reports\\20220406_180809\\Item detail test\\20220406_180809\\1649240183304.png, K:\\Work\\GitHub\\find-item-detail-test_v2\\Reports\\20220406_180809\\Item detail test\\20220406_180809\\1649240271817.png, K:\\Work\\GitHub\\find-item-detail-test_v2\\Reports\\20220406_180809\\Item detail test\\20220406_180809\\1649240271965.png, K:\\Work\\GitHub\\find-item-detail-test_v2\\Reports\\20220406_180809\\Item detail test\\20220406_180809\\1649240374740.png, K:\\Work\\GitHub\\find-item-detail-test_v2\\Reports\\20220406_180809\\Item detail test\\20220406_180809\\1649240374882.png, K:\\Work\\GitHub\\find-item-detail-test_v2\\Reports\\20220406_180809\\Item detail test\\20220406_180809\\1649240541290.png, K:\\Work\\GitHub\\find-item-detail-test_v2\\Reports\\20220406_180809\\Item detail test\\20220406_180809\\1649240541448.png, K:\\Work\\GitHub\\find-item-detail-test_v2\\Reports\\20220406_180809\\Item detail test\\20220406_180809\\1649240615807.png, K:\\Work\\GitHub\\find-item-detail-test_v2\\Reports\\20220406_180809\\Item detail test\\20220406_180809\\1649240615959.png, K:\\Work\\GitHub\\find-item-detail-test_v2\\Reports\\20220406_180809\\Item detail test\\20220406_180809\\1649240692142.png, K:\\Work\\GitHub\\find-item-detail-test_v2\\Reports\\20220406_180809\\Item detail test\\20220406_180809\\1649240692296.png, K:\\Work\\GitHub\\find-item-detail-test_v2\\Reports\\20220406_180809\\Item detail test\\20220406_180809\\1649240796852.png, K:\\Work\\GitHub\\find-item-detail-test_v2\\Reports\\20220406_180809\\Item detail test\\20220406_180809\\1649240797005.png, K:\\Work\\GitHub\\find-item-detail-test_v2\\Reports\\20220406_180809\\Item detail test\\20220406_180809\\1649240973695.png, K:\\Work\\GitHub\\find-item-detail-test_v2\\Reports\\20220406_180809\\Item detail test\\20220406_180809\\1649240973847.png, K:\\Work\\GitHub\\find-item-detail-test_v2\\Reports\\20220406_180809\\Item detail test\\20220406_180809\\1649241065733.png, K:\\Work\\GitHub\\find-item-detail-test_v2\\Reports\\20220406_180809\\Item detail test\\20220406_180809\\1649241065892.png, K:\\Work\\GitHub\\find-item-detail-test_v2\\Reports\\20220406_180809\\Item detail test\\20220406_180809\\1649241154849.png, K:\\Work\\GitHub\\find-item-detail-test_v2\\Reports\\20220406_180809\\Item detail test\\20220406_180809\\1649241154996.png, K:\\Work\\GitHub\\find-item-detail-test_v2\\Reports\\20220406_180809\\Item detail test\\20220406_180809\\1649241183777.png"/>
         <property name="hostName" value="Lexoter - DESKTOP-IJBB9BE"/>
         <property name="os" value="Windows 10 64bit"/>
         <property name="katalonVersion" value="7.7.0.205"/>
         <property name="browser" value="Chrome 99.0.4844.84"/>
         <property name="hostAddress" value="192.168.1.2"/>
         <property name="sessionId" value="10b7166adcd1c28563fe660405a2a376"/>
         <property name="seleniumVersion" value="3.141.59"/>
         <property name="proxyInformation" value="ProxyInformation { proxyOption=NO_PROXY, proxyServerType=HTTP, username=, password=********, proxyServerAddress=, proxyServerPort=0, executionList=&quot;&quot;, isApplyToDesiredCapabilities=true }"/>
         <property name="platform" value="Windows 10"/>
      </properties>
      <testcase name="Test Cases/Custom Item Details/TEST CASE/TC_DETAILS_UI_001" time="15.874" classname="Test Cases/Custom Item Details/TEST CASE/TC_DETAILS_UI_001" status="PASSED">
         <system-out><![CDATA[2022-04-06 18:08:16 - [TEST_CASE][PASSED] - Test Cases/Custom Item Details/TEST CASE/TC_DETAILS_UI_001: Test Cases/Custom Item Details/TEST CASE/TC_DETAILS_UI_001

2022-04-06 18:08:16 - [TEST_STEP][PASSED] - callTestCase(findTestCase("Custom Item Details/UTILITIES/OPEN_BROWSER"), [:], STOP_ON_FAILURE): Call Test Case 'Test Cases/Custom Item Details/UTILITIES/OPEN_BROWSER' successfully

2022-04-06 18:08:16 - [TEST_CASE][PASSED] - Test Cases/Custom Item Details/UTILITIES/OPEN_BROWSER: Test Cases/Custom Item Details/UTILITIES/OPEN_BROWSER

2022-04-06 18:08:16 - [TEST_STEP][PASSED] - openBrowser("https://diagnostics.staging.arcadier.io/"): Browser is opened with url: 'https://diagnostics.staging.arcadier.io/'

2022-04-06 18:08:16 - [MESSAGE][INFO] - Starting 'Chrome' driver

2022-04-06 18:08:17 - [MESSAGE][INFO] - Action delay is set to 0 milliseconds

2022-04-06 18:08:20 - [MESSAGE][PASSED] - Browser is opened with url: 'https://diagnostics.staging.arcadier.io/'

2022-04-06 18:08:20 - [TEST_STEP][PASSED] - maximizeWindow(): Current window maximized

2022-04-06 18:08:21 - [MESSAGE][PASSED] - Current window maximized

2022-04-06 18:08:21 - [TEST_STEP][PASSED] - click(findTestObject("Item Details Objects/Page_diagnostics/a_Accept Cookies")): Object: 'Object Repository/Item Details Objects/Page_diagnostics/a_Accept Cookies' is clicked on

2022-04-06 18:08:22 - [MESSAGE][PASSED] - Object: 'Object Repository/Item Details Objects/Page_diagnostics/a_Accept Cookies' is clicked on

2022-04-06 18:08:22 - [TEST_STEP][PASSED] - click(findTestObject("New_Homepage/Page_diagnostics/a_COVID-19 DIAGNOSTICS"), STOP_ON_FAILURE): Object: 'Object Repository/New_Homepage/Page_diagnostics/a_COVID-19 DIAGNOSTICS' is clicked on

2022-04-06 18:08:25 - [MESSAGE][PASSED] - Object: 'Object Repository/New_Homepage/Page_diagnostics/a_COVID-19 DIAGNOSTICS' is clicked on

2022-04-06 18:08:25 - [TEST_STEP][PASSED] - mouseOver(findTestObject("New_Homepage/Page_diagnostics/a_Abbott Rapid Diagnostics PANBIO COVID-19 Ag Rapid Test Device (Nasopharyngeal)")): Object: 'Object Repository/New_Homepage/Page_diagnostics/a_Abbott Rapid Diagnostics PANBIO COVID-19 Ag Rapid Test Device (Nasopharyngeal)' is hovered

2022-04-06 18:08:27 - [MESSAGE][PASSED] - Object: 'Object Repository/New_Homepage/Page_diagnostics/a_Abbott Rapid Diagnostics PANBIO COVID-19 Ag Rapid Test Device (Nasopharyngeal)' is hovered

2022-04-06 18:08:27 - [TEST_STEP][PASSED] - click(findTestObject("New_Homepage/Page_diagnostics/a_Abbott Rapid Diagnostics PANBIO COVID-19 Ag Rapid Test Device (Nasopharyngeal)")): Object: 'Object Repository/New_Homepage/Page_diagnostics/a_Abbott Rapid Diagnostics PANBIO COVID-19 Ag Rapid Test Device (Nasopharyngeal)' is clicked on

2022-04-06 18:08:29 - [MESSAGE][PASSED] - Object: 'Object Repository/New_Homepage/Page_diagnostics/a_Abbott Rapid Diagnostics PANBIO COVID-19 Ag Rapid Test Device (Nasopharyngeal)' is clicked on

2022-04-06 18:08:29 - [MESSAGE][PASSED] - Call Test Case 'Test Cases/Custom Item Details/UTILITIES/OPEN_BROWSER' successfully

2022-04-06 18:08:29 - [TEST_STEP][PASSED] - waitForElementVisible(findTestObject("Item Details Objects/Page_diagnostics/div.item-details"), 0): Object 'Object Repository/Item Details Objects/Page_diagnostics/div.item-details' is visible

2022-04-06 18:08:29 - [MESSAGE][WARNING] - Timeout '0' is invalid. Using default page load timeout: '30'

2022-04-06 18:08:31 - [MESSAGE][PASSED] - Object 'Object Repository/Item Details Objects/Page_diagnostics/div.item-details' is visible

2022-04-06 18:08:31 - [TEST_STEP][PASSED] - callTestCase(findTestCase("Custom Item Details/UTILITIES/CLOSE_BROWSER"), [:], STOP_ON_FAILURE): Call Test Case 'Test Cases/Custom Item Details/UTILITIES/CLOSE_BROWSER' successfully

2022-04-06 18:08:31 - [TEST_CASE][PASSED] - Test Cases/Custom Item Details/UTILITIES/CLOSE_BROWSER: Test Cases/Custom Item Details/UTILITIES/CLOSE_BROWSER

2022-04-06 18:08:31 - [TEST_STEP][PASSED] - closeBrowser(): Browser is closed

2022-04-06 18:08:32 - [MESSAGE][PASSED] - Browser is closed

2022-04-06 18:08:32 - [MESSAGE][PASSED] - Call Test Case 'Test Cases/Custom Item Details/UTILITIES/CLOSE_BROWSER' successfully]]></system-out>
         <system-err><![CDATA[]]></system-err>
      </testcase>
      <testcase name="Test Cases/Custom Item Details/TEST CASE/TC_DETAILS_UI_002" time="13.758" classname="Test Cases/Custom Item Details/TEST CASE/TC_DETAILS_UI_002" status="PASSED">
         <system-out><![CDATA[2022-04-06 18:08:32 - [TEST_CASE][PASSED] - Test Cases/Custom Item Details/TEST CASE/TC_DETAILS_UI_002: Test Cases/Custom Item Details/TEST CASE/TC_DETAILS_UI_002

2022-04-06 18:08:32 - [TEST_STEP][PASSED] - callTestCase(findTestCase("Custom Item Details/UTILITIES/OPEN_BROWSER"), [:], STOP_ON_FAILURE): Call Test Case 'Test Cases/Custom Item Details/UTILITIES/OPEN_BROWSER' successfully

2022-04-06 18:08:32 - [TEST_CASE][PASSED] - Test Cases/Custom Item Details/UTILITIES/OPEN_BROWSER: Test Cases/Custom Item Details/UTILITIES/OPEN_BROWSER

2022-04-06 18:08:32 - [TEST_STEP][PASSED] - openBrowser("https://diagnostics.staging.arcadier.io/"): Browser is opened with url: 'https://diagnostics.staging.arcadier.io/'

2022-04-06 18:08:32 - [MESSAGE][INFO] - Starting 'Chrome' driver

2022-04-06 18:08:32 - [MESSAGE][INFO] - Action delay is set to 0 milliseconds

2022-04-06 18:08:35 - [MESSAGE][PASSED] - Browser is opened with url: 'https://diagnostics.staging.arcadier.io/'

2022-04-06 18:08:35 - [TEST_STEP][PASSED] - maximizeWindow(): Current window maximized

2022-04-06 18:08:35 - [MESSAGE][PASSED] - Current window maximized

2022-04-06 18:08:35 - [TEST_STEP][PASSED] - click(findTestObject("Item Details Objects/Page_diagnostics/a_Accept Cookies")): Object: 'Object Repository/Item Details Objects/Page_diagnostics/a_Accept Cookies' is clicked on

2022-04-06 18:08:37 - [MESSAGE][PASSED] - Object: 'Object Repository/Item Details Objects/Page_diagnostics/a_Accept Cookies' is clicked on

2022-04-06 18:08:37 - [TEST_STEP][PASSED] - click(findTestObject("New_Homepage/Page_diagnostics/a_COVID-19 DIAGNOSTICS"), STOP_ON_FAILURE): Object: 'Object Repository/New_Homepage/Page_diagnostics/a_COVID-19 DIAGNOSTICS' is clicked on

2022-04-06 18:08:39 - [MESSAGE][PASSED] - Object: 'Object Repository/New_Homepage/Page_diagnostics/a_COVID-19 DIAGNOSTICS' is clicked on

2022-04-06 18:08:39 - [TEST_STEP][PASSED] - mouseOver(findTestObject("New_Homepage/Page_diagnostics/a_Abbott Rapid Diagnostics PANBIO COVID-19 Ag Rapid Test Device (Nasopharyngeal)")): Object: 'Object Repository/New_Homepage/Page_diagnostics/a_Abbott Rapid Diagnostics PANBIO COVID-19 Ag Rapid Test Device (Nasopharyngeal)' is hovered

2022-04-06 18:08:41 - [MESSAGE][PASSED] - Object: 'Object Repository/New_Homepage/Page_diagnostics/a_Abbott Rapid Diagnostics PANBIO COVID-19 Ag Rapid Test Device (Nasopharyngeal)' is hovered

2022-04-06 18:08:41 - [TEST_STEP][PASSED] - click(findTestObject("New_Homepage/Page_diagnostics/a_Abbott Rapid Diagnostics PANBIO COVID-19 Ag Rapid Test Device (Nasopharyngeal)")): Object: 'Object Repository/New_Homepage/Page_diagnostics/a_Abbott Rapid Diagnostics PANBIO COVID-19 Ag Rapid Test Device (Nasopharyngeal)' is clicked on

2022-04-06 18:08:43 - [MESSAGE][PASSED] - Object: 'Object Repository/New_Homepage/Page_diagnostics/a_Abbott Rapid Diagnostics PANBIO COVID-19 Ag Rapid Test Device (Nasopharyngeal)' is clicked on

2022-04-06 18:08:43 - [MESSAGE][PASSED] - Call Test Case 'Test Cases/Custom Item Details/UTILITIES/OPEN_BROWSER' successfully

2022-04-06 18:08:43 - [TEST_STEP][PASSED] - waitForElementVisible(findTestObject("Item Details Objects/Page_diagnostics/div.item-detail-right"), 0): Object 'Object Repository/Item Details Objects/Page_diagnostics/div.item-detail-right' is visible

2022-04-06 18:08:43 - [MESSAGE][WARNING] - Timeout '0' is invalid. Using default page load timeout: '30'

2022-04-06 18:08:45 - [MESSAGE][PASSED] - Object 'Object Repository/Item Details Objects/Page_diagnostics/div.item-detail-right' is visible

2022-04-06 18:08:45 - [TEST_STEP][PASSED] - callTestCase(findTestCase("Custom Item Details/UTILITIES/CLOSE_BROWSER"), [:], STOP_ON_FAILURE): Call Test Case 'Test Cases/Custom Item Details/UTILITIES/CLOSE_BROWSER' successfully

2022-04-06 18:08:45 - [TEST_CASE][PASSED] - Test Cases/Custom Item Details/UTILITIES/CLOSE_BROWSER: Test Cases/Custom Item Details/UTILITIES/CLOSE_BROWSER

2022-04-06 18:08:45 - [TEST_STEP][PASSED] - closeBrowser(): Browser is closed

2022-04-06 18:08:45 - [MESSAGE][PASSED] - Browser is closed

2022-04-06 18:08:45 - [MESSAGE][PASSED] - Call Test Case 'Test Cases/Custom Item Details/UTILITIES/CLOSE_BROWSER' successfully]]></system-out>
         <system-err><![CDATA[]]></system-err>
      </testcase>
      <testcase name="Test Cases/Custom Item Details/TEST CASE/TC_DETAILS_UI_003" time="13.838" classname="Test Cases/Custom Item Details/TEST CASE/TC_DETAILS_UI_003" status="PASSED">
         <system-out><![CDATA[2022-04-06 18:08:45 - [TEST_CASE][PASSED] - Test Cases/Custom Item Details/TEST CASE/TC_DETAILS_UI_003: Test Cases/Custom Item Details/TEST CASE/TC_DETAILS_UI_003

2022-04-06 18:08:45 - [TEST_STEP][PASSED] - callTestCase(findTestCase("Custom Item Details/UTILITIES/OPEN_BROWSER"), [:], STOP_ON_FAILURE): Call Test Case 'Test Cases/Custom Item Details/UTILITIES/OPEN_BROWSER' successfully

2022-04-06 18:08:46 - [TEST_CASE][PASSED] - Test Cases/Custom Item Details/UTILITIES/OPEN_BROWSER: Test Cases/Custom Item Details/UTILITIES/OPEN_BROWSER

2022-04-06 18:08:46 - [TEST_STEP][PASSED] - openBrowser("https://diagnostics.staging.arcadier.io/"): Browser is opened with url: 'https://diagnostics.staging.arcadier.io/'

2022-04-06 18:08:46 - [MESSAGE][INFO] - Starting 'Chrome' driver

2022-04-06 18:08:46 - [MESSAGE][INFO] - Action delay is set to 0 milliseconds

2022-04-06 18:08:49 - [MESSAGE][PASSED] - Browser is opened with url: 'https://diagnostics.staging.arcadier.io/'

2022-04-06 18:08:49 - [TEST_STEP][PASSED] - maximizeWindow(): Current window maximized

2022-04-06 18:08:49 - [MESSAGE][PASSED] - Current window maximized

2022-04-06 18:08:49 - [TEST_STEP][PASSED] - click(findTestObject("Item Details Objects/Page_diagnostics/a_Accept Cookies")): Object: 'Object Repository/Item Details Objects/Page_diagnostics/a_Accept Cookies' is clicked on

2022-04-06 18:08:50 - [MESSAGE][PASSED] - Object: 'Object Repository/Item Details Objects/Page_diagnostics/a_Accept Cookies' is clicked on

2022-04-06 18:08:50 - [TEST_STEP][PASSED] - click(findTestObject("New_Homepage/Page_diagnostics/a_COVID-19 DIAGNOSTICS"), STOP_ON_FAILURE): Object: 'Object Repository/New_Homepage/Page_diagnostics/a_COVID-19 DIAGNOSTICS' is clicked on

2022-04-06 18:08:53 - [MESSAGE][PASSED] - Object: 'Object Repository/New_Homepage/Page_diagnostics/a_COVID-19 DIAGNOSTICS' is clicked on

2022-04-06 18:08:53 - [TEST_STEP][PASSED] - mouseOver(findTestObject("New_Homepage/Page_diagnostics/a_Abbott Rapid Diagnostics PANBIO COVID-19 Ag Rapid Test Device (Nasopharyngeal)")): Object: 'Object Repository/New_Homepage/Page_diagnostics/a_Abbott Rapid Diagnostics PANBIO COVID-19 Ag Rapid Test Device (Nasopharyngeal)' is hovered

2022-04-06 18:08:54 - [MESSAGE][PASSED] - Object: 'Object Repository/New_Homepage/Page_diagnostics/a_Abbott Rapid Diagnostics PANBIO COVID-19 Ag Rapid Test Device (Nasopharyngeal)' is hovered

2022-04-06 18:08:54 - [TEST_STEP][PASSED] - click(findTestObject("New_Homepage/Page_diagnostics/a_Abbott Rapid Diagnostics PANBIO COVID-19 Ag Rapid Test Device (Nasopharyngeal)")): Object: 'Object Repository/New_Homepage/Page_diagnostics/a_Abbott Rapid Diagnostics PANBIO COVID-19 Ag Rapid Test Device (Nasopharyngeal)' is clicked on

2022-04-06 18:08:57 - [MESSAGE][PASSED] - Object: 'Object Repository/New_Homepage/Page_diagnostics/a_Abbott Rapid Diagnostics PANBIO COVID-19 Ag Rapid Test Device (Nasopharyngeal)' is clicked on

2022-04-06 18:08:57 - [MESSAGE][PASSED] - Call Test Case 'Test Cases/Custom Item Details/UTILITIES/OPEN_BROWSER' successfully

2022-04-06 18:08:57 - [TEST_STEP][PASSED] - waitForElementVisible(findTestObject("Item Details Objects/Page_diagnostics/img.Item"), 0): Object 'Object Repository/Item Details Objects/Page_diagnostics/img.Item' is visible

2022-04-06 18:08:57 - [MESSAGE][WARNING] - Timeout '0' is invalid. Using default page load timeout: '30'

2022-04-06 18:08:58 - [MESSAGE][PASSED] - Object 'Object Repository/Item Details Objects/Page_diagnostics/img.Item' is visible

2022-04-06 18:08:58 - [TEST_STEP][PASSED] - callTestCase(findTestCase("Custom Item Details/UTILITIES/CLOSE_BROWSER"), [:], STOP_ON_FAILURE): Call Test Case 'Test Cases/Custom Item Details/UTILITIES/CLOSE_BROWSER' successfully

2022-04-06 18:08:58 - [TEST_CASE][PASSED] - Test Cases/Custom Item Details/UTILITIES/CLOSE_BROWSER: Test Cases/Custom Item Details/UTILITIES/CLOSE_BROWSER

2022-04-06 18:08:58 - [TEST_STEP][PASSED] - closeBrowser(): Browser is closed

2022-04-06 18:08:59 - [MESSAGE][PASSED] - Browser is closed

2022-04-06 18:08:59 - [MESSAGE][PASSED] - Call Test Case 'Test Cases/Custom Item Details/UTILITIES/CLOSE_BROWSER' successfully]]></system-out>
         <system-err><![CDATA[]]></system-err>
      </testcase>
      <testcase name="Test Cases/Custom Item Details/TEST CASE/TC_DETAILS_UI_004" time="12.698" classname="Test Cases/Custom Item Details/TEST CASE/TC_DETAILS_UI_004" status="PASSED">
         <system-out><![CDATA[2022-04-06 18:08:59 - [TEST_CASE][PASSED] - Test Cases/Custom Item Details/TEST CASE/TC_DETAILS_UI_004: Test Cases/Custom Item Details/TEST CASE/TC_DETAILS_UI_004

2022-04-06 18:08:59 - [TEST_STEP][PASSED] - callTestCase(findTestCase("Custom Item Details/UTILITIES/OPEN_BROWSER"), [:], STOP_ON_FAILURE): Call Test Case 'Test Cases/Custom Item Details/UTILITIES/OPEN_BROWSER' successfully

2022-04-06 18:08:59 - [TEST_CASE][PASSED] - Test Cases/Custom Item Details/UTILITIES/OPEN_BROWSER: Test Cases/Custom Item Details/UTILITIES/OPEN_BROWSER

2022-04-06 18:08:59 - [TEST_STEP][PASSED] - openBrowser("https://diagnostics.staging.arcadier.io/"): Browser is opened with url: 'https://diagnostics.staging.arcadier.io/'

2022-04-06 18:08:59 - [MESSAGE][INFO] - Starting 'Chrome' driver

2022-04-06 18:08:59 - [MESSAGE][INFO] - Action delay is set to 0 milliseconds

2022-04-06 18:09:03 - [MESSAGE][PASSED] - Browser is opened with url: 'https://diagnostics.staging.arcadier.io/'

2022-04-06 18:09:03 - [TEST_STEP][PASSED] - maximizeWindow(): Current window maximized

2022-04-06 18:09:03 - [MESSAGE][PASSED] - Current window maximized

2022-04-06 18:09:03 - [TEST_STEP][PASSED] - click(findTestObject("Item Details Objects/Page_diagnostics/a_Accept Cookies")): Object: 'Object Repository/Item Details Objects/Page_diagnostics/a_Accept Cookies' is clicked on

2022-04-06 18:09:04 - [MESSAGE][PASSED] - Object: 'Object Repository/Item Details Objects/Page_diagnostics/a_Accept Cookies' is clicked on

2022-04-06 18:09:04 - [TEST_STEP][PASSED] - click(findTestObject("New_Homepage/Page_diagnostics/a_COVID-19 DIAGNOSTICS"), STOP_ON_FAILURE): Object: 'Object Repository/New_Homepage/Page_diagnostics/a_COVID-19 DIAGNOSTICS' is clicked on

2022-04-06 18:09:05 - [MESSAGE][PASSED] - Object: 'Object Repository/New_Homepage/Page_diagnostics/a_COVID-19 DIAGNOSTICS' is clicked on

2022-04-06 18:09:05 - [TEST_STEP][PASSED] - mouseOver(findTestObject("New_Homepage/Page_diagnostics/a_Abbott Rapid Diagnostics PANBIO COVID-19 Ag Rapid Test Device (Nasopharyngeal)")): Object: 'Object Repository/New_Homepage/Page_diagnostics/a_Abbott Rapid Diagnostics PANBIO COVID-19 Ag Rapid Test Device (Nasopharyngeal)' is hovered

2022-04-06 18:09:07 - [MESSAGE][PASSED] - Object: 'Object Repository/New_Homepage/Page_diagnostics/a_Abbott Rapid Diagnostics PANBIO COVID-19 Ag Rapid Test Device (Nasopharyngeal)' is hovered

2022-04-06 18:09:07 - [TEST_STEP][PASSED] - click(findTestObject("New_Homepage/Page_diagnostics/a_Abbott Rapid Diagnostics PANBIO COVID-19 Ag Rapid Test Device (Nasopharyngeal)")): Object: 'Object Repository/New_Homepage/Page_diagnostics/a_Abbott Rapid Diagnostics PANBIO COVID-19 Ag Rapid Test Device (Nasopharyngeal)' is clicked on

2022-04-06 18:09:10 - [MESSAGE][PASSED] - Object: 'Object Repository/New_Homepage/Page_diagnostics/a_Abbott Rapid Diagnostics PANBIO COVID-19 Ag Rapid Test Device (Nasopharyngeal)' is clicked on

2022-04-06 18:09:10 - [MESSAGE][PASSED] - Call Test Case 'Test Cases/Custom Item Details/UTILITIES/OPEN_BROWSER' successfully

2022-04-06 18:09:10 - [TEST_STEP][PASSED] - waitForElementVisible(findTestObject("Item Details Objects/Page_diagnostics/div.merchant-name2"), 0): Object 'Object Repository/Item Details Objects/Page_diagnostics/div.merchant-name2' is visible

2022-04-06 18:09:10 - [MESSAGE][WARNING] - Timeout '0' is invalid. Using default page load timeout: '30'

2022-04-06 18:09:11 - [MESSAGE][PASSED] - Object 'Object Repository/Item Details Objects/Page_diagnostics/div.merchant-name2' is visible

2022-04-06 18:09:11 - [TEST_STEP][PASSED] - callTestCase(findTestCase("Custom Item Details/UTILITIES/CLOSE_BROWSER"), [:], STOP_ON_FAILURE): Call Test Case 'Test Cases/Custom Item Details/UTILITIES/CLOSE_BROWSER' successfully

2022-04-06 18:09:11 - [TEST_CASE][PASSED] - Test Cases/Custom Item Details/UTILITIES/CLOSE_BROWSER: Test Cases/Custom Item Details/UTILITIES/CLOSE_BROWSER

2022-04-06 18:09:11 - [TEST_STEP][PASSED] - closeBrowser(): Browser is closed

2022-04-06 18:09:12 - [MESSAGE][PASSED] - Browser is closed

2022-04-06 18:09:12 - [MESSAGE][PASSED] - Call Test Case 'Test Cases/Custom Item Details/UTILITIES/CLOSE_BROWSER' successfully]]></system-out>
         <system-err><![CDATA[]]></system-err>
      </testcase>
      <testcase name="Test Cases/Custom Item Details/TEST CASE/TC_DETAILS_UI_005" time="15.008" classname="Test Cases/Custom Item Details/TEST CASE/TC_DETAILS_UI_005" status="PASSED">
         <system-out><![CDATA[2022-04-06 18:09:12 - [TEST_CASE][PASSED] - Test Cases/Custom Item Details/TEST CASE/TC_DETAILS_UI_005: Test Cases/Custom Item Details/TEST CASE/TC_DETAILS_UI_005

2022-04-06 18:09:12 - [TEST_STEP][PASSED] - callTestCase(findTestCase("Custom Item Details/UTILITIES/OPEN_BROWSER"), [:], STOP_ON_FAILURE): Call Test Case 'Test Cases/Custom Item Details/UTILITIES/OPEN_BROWSER' successfully

2022-04-06 18:09:12 - [TEST_CASE][PASSED] - Test Cases/Custom Item Details/UTILITIES/OPEN_BROWSER: Test Cases/Custom Item Details/UTILITIES/OPEN_BROWSER

2022-04-06 18:09:12 - [TEST_STEP][PASSED] - openBrowser("https://diagnostics.staging.arcadier.io/"): Browser is opened with url: 'https://diagnostics.staging.arcadier.io/'

2022-04-06 18:09:12 - [MESSAGE][INFO] - Starting 'Chrome' driver

2022-04-06 18:09:12 - [MESSAGE][INFO] - Action delay is set to 0 milliseconds

2022-04-06 18:09:16 - [MESSAGE][PASSED] - Browser is opened with url: 'https://diagnostics.staging.arcadier.io/'

2022-04-06 18:09:16 - [TEST_STEP][PASSED] - maximizeWindow(): Current window maximized

2022-04-06 18:09:16 - [MESSAGE][PASSED] - Current window maximized

2022-04-06 18:09:16 - [TEST_STEP][PASSED] - click(findTestObject("Item Details Objects/Page_diagnostics/a_Accept Cookies")): Object: 'Object Repository/Item Details Objects/Page_diagnostics/a_Accept Cookies' is clicked on

2022-04-06 18:09:17 - [MESSAGE][PASSED] - Object: 'Object Repository/Item Details Objects/Page_diagnostics/a_Accept Cookies' is clicked on

2022-04-06 18:09:17 - [TEST_STEP][PASSED] - click(findTestObject("New_Homepage/Page_diagnostics/a_COVID-19 DIAGNOSTICS"), STOP_ON_FAILURE): Object: 'Object Repository/New_Homepage/Page_diagnostics/a_COVID-19 DIAGNOSTICS' is clicked on

2022-04-06 18:09:20 - [MESSAGE][PASSED] - Object: 'Object Repository/New_Homepage/Page_diagnostics/a_COVID-19 DIAGNOSTICS' is clicked on

2022-04-06 18:09:20 - [TEST_STEP][PASSED] - mouseOver(findTestObject("New_Homepage/Page_diagnostics/a_Abbott Rapid Diagnostics PANBIO COVID-19 Ag Rapid Test Device (Nasopharyngeal)")): Object: 'Object Repository/New_Homepage/Page_diagnostics/a_Abbott Rapid Diagnostics PANBIO COVID-19 Ag Rapid Test Device (Nasopharyngeal)' is hovered

2022-04-06 18:09:21 - [MESSAGE][PASSED] - Object: 'Object Repository/New_Homepage/Page_diagnostics/a_Abbott Rapid Diagnostics PANBIO COVID-19 Ag Rapid Test Device (Nasopharyngeal)' is hovered

2022-04-06 18:09:21 - [TEST_STEP][PASSED] - click(findTestObject("New_Homepage/Page_diagnostics/a_Abbott Rapid Diagnostics PANBIO COVID-19 Ag Rapid Test Device (Nasopharyngeal)")): Object: 'Object Repository/New_Homepage/Page_diagnostics/a_Abbott Rapid Diagnostics PANBIO COVID-19 Ag Rapid Test Device (Nasopharyngeal)' is clicked on

2022-04-06 18:09:24 - [MESSAGE][PASSED] - Object: 'Object Repository/New_Homepage/Page_diagnostics/a_Abbott Rapid Diagnostics PANBIO COVID-19 Ag Rapid Test Device (Nasopharyngeal)' is clicked on

2022-04-06 18:09:24 - [MESSAGE][PASSED] - Call Test Case 'Test Cases/Custom Item Details/UTILITIES/OPEN_BROWSER' successfully

2022-04-06 18:09:24 - [TEST_STEP][PASSED] - waitForElementVisible(findTestObject("Item Details Objects/Page_diagnostics/Merchant_name"), 0): Object 'Object Repository/Item Details Objects/Page_diagnostics/Merchant_name' is visible

2022-04-06 18:09:24 - [MESSAGE][WARNING] - Timeout '0' is invalid. Using default page load timeout: '30'

2022-04-06 18:09:26 - [MESSAGE][PASSED] - Object 'Object Repository/Item Details Objects/Page_diagnostics/Merchant_name' is visible

2022-04-06 18:09:26 - [TEST_STEP][PASSED] - verifyElementClickable(findTestObject("Item Details Objects/Page_diagnostics/Merchant_name")): Object 'Object Repository/Item Details Objects/Page_diagnostics/Merchant_name' is clickable

2022-04-06 18:09:26 - [MESSAGE][PASSED] - Object 'Object Repository/Item Details Objects/Page_diagnostics/Merchant_name' is clickable

2022-04-06 18:09:26 - [TEST_STEP][PASSED] - callTestCase(findTestCase("Custom Item Details/UTILITIES/CLOSE_BROWSER"), [:], STOP_ON_FAILURE): Call Test Case 'Test Cases/Custom Item Details/UTILITIES/CLOSE_BROWSER' successfully

2022-04-06 18:09:26 - [TEST_CASE][PASSED] - Test Cases/Custom Item Details/UTILITIES/CLOSE_BROWSER: Test Cases/Custom Item Details/UTILITIES/CLOSE_BROWSER

2022-04-06 18:09:26 - [TEST_STEP][PASSED] - closeBrowser(): Browser is closed

2022-04-06 18:09:27 - [MESSAGE][PASSED] - Browser is closed

2022-04-06 18:09:27 - [MESSAGE][PASSED] - Call Test Case 'Test Cases/Custom Item Details/UTILITIES/CLOSE_BROWSER' successfully]]></system-out>
         <system-err><![CDATA[]]></system-err>
      </testcase>
      <testcase name="Test Cases/Custom Item Details/TEST CASE/TC_DETAILS_UI_006" time="14.155" classname="Test Cases/Custom Item Details/TEST CASE/TC_DETAILS_UI_006" status="PASSED">
         <system-out><![CDATA[2022-04-06 18:09:27 - [TEST_CASE][PASSED] - Test Cases/Custom Item Details/TEST CASE/TC_DETAILS_UI_006: Test Cases/Custom Item Details/TEST CASE/TC_DETAILS_UI_006

2022-04-06 18:09:27 - [TEST_STEP][PASSED] - callTestCase(findTestCase("Custom Item Details/UTILITIES/OPEN_BROWSER"), [:], STOP_ON_FAILURE): Call Test Case 'Test Cases/Custom Item Details/UTILITIES/OPEN_BROWSER' successfully

2022-04-06 18:09:27 - [TEST_CASE][PASSED] - Test Cases/Custom Item Details/UTILITIES/OPEN_BROWSER: Test Cases/Custom Item Details/UTILITIES/OPEN_BROWSER

2022-04-06 18:09:27 - [TEST_STEP][PASSED] - openBrowser("https://diagnostics.staging.arcadier.io/"): Browser is opened with url: 'https://diagnostics.staging.arcadier.io/'

2022-04-06 18:09:27 - [MESSAGE][INFO] - Starting 'Chrome' driver

2022-04-06 18:09:27 - [MESSAGE][INFO] - Action delay is set to 0 milliseconds

2022-04-06 18:09:31 - [MESSAGE][PASSED] - Browser is opened with url: 'https://diagnostics.staging.arcadier.io/'

2022-04-06 18:09:31 - [TEST_STEP][PASSED] - maximizeWindow(): Current window maximized

2022-04-06 18:09:31 - [MESSAGE][PASSED] - Current window maximized

2022-04-06 18:09:31 - [TEST_STEP][PASSED] - click(findTestObject("Item Details Objects/Page_diagnostics/a_Accept Cookies")): Object: 'Object Repository/Item Details Objects/Page_diagnostics/a_Accept Cookies' is clicked on

2022-04-06 18:09:32 - [MESSAGE][PASSED] - Object: 'Object Repository/Item Details Objects/Page_diagnostics/a_Accept Cookies' is clicked on

2022-04-06 18:09:32 - [TEST_STEP][PASSED] - click(findTestObject("New_Homepage/Page_diagnostics/a_COVID-19 DIAGNOSTICS"), STOP_ON_FAILURE): Object: 'Object Repository/New_Homepage/Page_diagnostics/a_COVID-19 DIAGNOSTICS' is clicked on

2022-04-06 18:09:34 - [MESSAGE][PASSED] - Object: 'Object Repository/New_Homepage/Page_diagnostics/a_COVID-19 DIAGNOSTICS' is clicked on

2022-04-06 18:09:34 - [TEST_STEP][PASSED] - mouseOver(findTestObject("New_Homepage/Page_diagnostics/a_Abbott Rapid Diagnostics PANBIO COVID-19 Ag Rapid Test Device (Nasopharyngeal)")): Object: 'Object Repository/New_Homepage/Page_diagnostics/a_Abbott Rapid Diagnostics PANBIO COVID-19 Ag Rapid Test Device (Nasopharyngeal)' is hovered

2022-04-06 18:09:35 - [MESSAGE][PASSED] - Object: 'Object Repository/New_Homepage/Page_diagnostics/a_Abbott Rapid Diagnostics PANBIO COVID-19 Ag Rapid Test Device (Nasopharyngeal)' is hovered

2022-04-06 18:09:35 - [TEST_STEP][PASSED] - click(findTestObject("New_Homepage/Page_diagnostics/a_Abbott Rapid Diagnostics PANBIO COVID-19 Ag Rapid Test Device (Nasopharyngeal)")): Object: 'Object Repository/New_Homepage/Page_diagnostics/a_Abbott Rapid Diagnostics PANBIO COVID-19 Ag Rapid Test Device (Nasopharyngeal)' is clicked on

2022-04-06 18:09:38 - [MESSAGE][PASSED] - Object: 'Object Repository/New_Homepage/Page_diagnostics/a_Abbott Rapid Diagnostics PANBIO COVID-19 Ag Rapid Test Device (Nasopharyngeal)' is clicked on

2022-04-06 18:09:38 - [MESSAGE][PASSED] - Call Test Case 'Test Cases/Custom Item Details/UTILITIES/OPEN_BROWSER' successfully

2022-04-06 18:09:38 - [TEST_STEP][PASSED] - waitForElementVisible(findTestObject("Item Details Objects/Page_diagnostics/a_Contact_seller_btn"), 0): Object 'Object Repository/Item Details Objects/Page_diagnostics/a_Contact_seller_btn' is visible

2022-04-06 18:09:38 - [MESSAGE][WARNING] - Timeout '0' is invalid. Using default page load timeout: '30'

2022-04-06 18:09:40 - [MESSAGE][PASSED] - Object 'Object Repository/Item Details Objects/Page_diagnostics/a_Contact_seller_btn' is visible

2022-04-06 18:09:40 - [TEST_STEP][PASSED] - verifyElementClickable(findTestObject("Item Details Objects/Page_diagnostics/a_Contact_seller_btn")): Object 'Object Repository/Item Details Objects/Page_diagnostics/a_Contact_seller_btn' is clickable

2022-04-06 18:09:40 - [MESSAGE][PASSED] - Object 'Object Repository/Item Details Objects/Page_diagnostics/a_Contact_seller_btn' is clickable

2022-04-06 18:09:40 - [TEST_STEP][PASSED] - verifyElementText(findTestObject("Item Details Objects/Page_diagnostics/a_Contact_seller_btn"), "ASK THE SELLER"): Actual text and expected text of test object 'Object Repository/Item Details Objects/Page_diagnostics/a_Contact_seller_btn' are matched.

2022-04-06 18:09:40 - [MESSAGE][PASSED] - Actual text and expected text of test object 'Object Repository/Item Details Objects/Page_diagnostics/a_Contact_seller_btn' are matched.

2022-04-06 18:09:40 - [TEST_STEP][PASSED] - callTestCase(findTestCase("Custom Item Details/UTILITIES/CLOSE_BROWSER"), [:], STOP_ON_FAILURE): Call Test Case 'Test Cases/Custom Item Details/UTILITIES/CLOSE_BROWSER' successfully

2022-04-06 18:09:40 - [TEST_CASE][PASSED] - Test Cases/Custom Item Details/UTILITIES/CLOSE_BROWSER: Test Cases/Custom Item Details/UTILITIES/CLOSE_BROWSER

2022-04-06 18:09:40 - [TEST_STEP][PASSED] - closeBrowser(): Browser is closed

2022-04-06 18:09:41 - [MESSAGE][PASSED] - Browser is closed

2022-04-06 18:09:41 - [MESSAGE][PASSED] - Call Test Case 'Test Cases/Custom Item Details/UTILITIES/CLOSE_BROWSER' successfully]]></system-out>
         <system-err><![CDATA[]]></system-err>
      </testcase>
      <testcase name="Test Cases/Custom Item Details/TEST CASE/TC_DETAILS_UI_007" time="13.937" classname="Test Cases/Custom Item Details/TEST CASE/TC_DETAILS_UI_007" status="PASSED">
         <system-out><![CDATA[2022-04-06 18:09:41 - [TEST_CASE][PASSED] - Test Cases/Custom Item Details/TEST CASE/TC_DETAILS_UI_007: Test Cases/Custom Item Details/TEST CASE/TC_DETAILS_UI_007

2022-04-06 18:09:41 - [TEST_STEP][PASSED] - callTestCase(findTestCase("Custom Item Details/UTILITIES/OPEN_BROWSER"), [:], STOP_ON_FAILURE): Call Test Case 'Test Cases/Custom Item Details/UTILITIES/OPEN_BROWSER' successfully

2022-04-06 18:09:41 - [TEST_CASE][PASSED] - Test Cases/Custom Item Details/UTILITIES/OPEN_BROWSER: Test Cases/Custom Item Details/UTILITIES/OPEN_BROWSER

2022-04-06 18:09:41 - [TEST_STEP][PASSED] - openBrowser("https://diagnostics.staging.arcadier.io/"): Browser is opened with url: 'https://diagnostics.staging.arcadier.io/'

2022-04-06 18:09:41 - [MESSAGE][INFO] - Starting 'Chrome' driver

2022-04-06 18:09:41 - [MESSAGE][INFO] - Action delay is set to 0 milliseconds

2022-04-06 18:09:45 - [MESSAGE][PASSED] - Browser is opened with url: 'https://diagnostics.staging.arcadier.io/'

2022-04-06 18:09:45 - [TEST_STEP][PASSED] - maximizeWindow(): Current window maximized

2022-04-06 18:09:45 - [MESSAGE][PASSED] - Current window maximized

2022-04-06 18:09:45 - [TEST_STEP][PASSED] - click(findTestObject("Item Details Objects/Page_diagnostics/a_Accept Cookies")): Object: 'Object Repository/Item Details Objects/Page_diagnostics/a_Accept Cookies' is clicked on

2022-04-06 18:09:46 - [MESSAGE][PASSED] - Object: 'Object Repository/Item Details Objects/Page_diagnostics/a_Accept Cookies' is clicked on

2022-04-06 18:09:46 - [TEST_STEP][PASSED] - click(findTestObject("New_Homepage/Page_diagnostics/a_COVID-19 DIAGNOSTICS"), STOP_ON_FAILURE): Object: 'Object Repository/New_Homepage/Page_diagnostics/a_COVID-19 DIAGNOSTICS' is clicked on

2022-04-06 18:09:48 - [MESSAGE][PASSED] - Object: 'Object Repository/New_Homepage/Page_diagnostics/a_COVID-19 DIAGNOSTICS' is clicked on

2022-04-06 18:09:48 - [TEST_STEP][PASSED] - mouseOver(findTestObject("New_Homepage/Page_diagnostics/a_Abbott Rapid Diagnostics PANBIO COVID-19 Ag Rapid Test Device (Nasopharyngeal)")): Object: 'Object Repository/New_Homepage/Page_diagnostics/a_Abbott Rapid Diagnostics PANBIO COVID-19 Ag Rapid Test Device (Nasopharyngeal)' is hovered

2022-04-06 18:09:50 - [MESSAGE][PASSED] - Object: 'Object Repository/New_Homepage/Page_diagnostics/a_Abbott Rapid Diagnostics PANBIO COVID-19 Ag Rapid Test Device (Nasopharyngeal)' is hovered

2022-04-06 18:09:50 - [TEST_STEP][PASSED] - click(findTestObject("New_Homepage/Page_diagnostics/a_Abbott Rapid Diagnostics PANBIO COVID-19 Ag Rapid Test Device (Nasopharyngeal)")): Object: 'Object Repository/New_Homepage/Page_diagnostics/a_Abbott Rapid Diagnostics PANBIO COVID-19 Ag Rapid Test Device (Nasopharyngeal)' is clicked on

2022-04-06 18:09:53 - [MESSAGE][PASSED] - Object: 'Object Repository/New_Homepage/Page_diagnostics/a_Abbott Rapid Diagnostics PANBIO COVID-19 Ag Rapid Test Device (Nasopharyngeal)' is clicked on

2022-04-06 18:09:53 - [MESSAGE][PASSED] - Call Test Case 'Test Cases/Custom Item Details/UTILITIES/OPEN_BROWSER' successfully

2022-04-06 18:09:53 - [TEST_STEP][PASSED] - waitForElementVisible(findTestObject("Item Details Objects/Page_diagnostics/div.item-detail-left"), 0): Object 'Object Repository/Item Details Objects/Page_diagnostics/div.item-detail-left' is visible

2022-04-06 18:09:53 - [MESSAGE][WARNING] - Timeout '0' is invalid. Using default page load timeout: '30'

2022-04-06 18:09:54 - [MESSAGE][PASSED] - Object 'Object Repository/Item Details Objects/Page_diagnostics/div.item-detail-left' is visible

2022-04-06 18:09:54 - [TEST_STEP][PASSED] - callTestCase(findTestCase("Custom Item Details/UTILITIES/CLOSE_BROWSER"), [:], STOP_ON_FAILURE): Call Test Case 'Test Cases/Custom Item Details/UTILITIES/CLOSE_BROWSER' successfully

2022-04-06 18:09:54 - [TEST_CASE][PASSED] - Test Cases/Custom Item Details/UTILITIES/CLOSE_BROWSER: Test Cases/Custom Item Details/UTILITIES/CLOSE_BROWSER

2022-04-06 18:09:54 - [TEST_STEP][PASSED] - closeBrowser(): Browser is closed

2022-04-06 18:09:55 - [MESSAGE][PASSED] - Browser is closed

2022-04-06 18:09:55 - [MESSAGE][PASSED] - Call Test Case 'Test Cases/Custom Item Details/UTILITIES/CLOSE_BROWSER' successfully]]></system-out>
         <system-err><![CDATA[]]></system-err>
      </testcase>
      <testcase name="Test Cases/Custom Item Details/TEST CASE/TC_DETAILS_UI_008" time="13.869" classname="Test Cases/Custom Item Details/TEST CASE/TC_DETAILS_UI_008" status="PASSED">
         <system-out><![CDATA[2022-04-06 18:09:55 - [TEST_CASE][PASSED] - Test Cases/Custom Item Details/TEST CASE/TC_DETAILS_UI_008: Test Cases/Custom Item Details/TEST CASE/TC_DETAILS_UI_008

2022-04-06 18:09:55 - [TEST_STEP][PASSED] - callTestCase(findTestCase("Custom Item Details/UTILITIES/OPEN_BROWSER"), [:], STOP_ON_FAILURE): Call Test Case 'Test Cases/Custom Item Details/UTILITIES/OPEN_BROWSER' successfully

2022-04-06 18:09:55 - [TEST_CASE][PASSED] - Test Cases/Custom Item Details/UTILITIES/OPEN_BROWSER: Test Cases/Custom Item Details/UTILITIES/OPEN_BROWSER

2022-04-06 18:09:55 - [TEST_STEP][PASSED] - openBrowser("https://diagnostics.staging.arcadier.io/"): Browser is opened with url: 'https://diagnostics.staging.arcadier.io/'

2022-04-06 18:09:55 - [MESSAGE][INFO] - Starting 'Chrome' driver

2022-04-06 18:09:55 - [MESSAGE][INFO] - Action delay is set to 0 milliseconds

2022-04-06 18:09:58 - [MESSAGE][PASSED] - Browser is opened with url: 'https://diagnostics.staging.arcadier.io/'

2022-04-06 18:09:58 - [TEST_STEP][PASSED] - maximizeWindow(): Current window maximized

2022-04-06 18:09:58 - [MESSAGE][PASSED] - Current window maximized

2022-04-06 18:09:58 - [TEST_STEP][PASSED] - click(findTestObject("Item Details Objects/Page_diagnostics/a_Accept Cookies")): Object: 'Object Repository/Item Details Objects/Page_diagnostics/a_Accept Cookies' is clicked on

2022-04-06 18:10:00 - [MESSAGE][PASSED] - Object: 'Object Repository/Item Details Objects/Page_diagnostics/a_Accept Cookies' is clicked on

2022-04-06 18:10:00 - [TEST_STEP][PASSED] - click(findTestObject("New_Homepage/Page_diagnostics/a_COVID-19 DIAGNOSTICS"), STOP_ON_FAILURE): Object: 'Object Repository/New_Homepage/Page_diagnostics/a_COVID-19 DIAGNOSTICS' is clicked on

2022-04-06 18:10:03 - [MESSAGE][PASSED] - Object: 'Object Repository/New_Homepage/Page_diagnostics/a_COVID-19 DIAGNOSTICS' is clicked on

2022-04-06 18:10:03 - [TEST_STEP][PASSED] - mouseOver(findTestObject("New_Homepage/Page_diagnostics/a_Abbott Rapid Diagnostics PANBIO COVID-19 Ag Rapid Test Device (Nasopharyngeal)")): Object: 'Object Repository/New_Homepage/Page_diagnostics/a_Abbott Rapid Diagnostics PANBIO COVID-19 Ag Rapid Test Device (Nasopharyngeal)' is hovered

2022-04-06 18:10:04 - [MESSAGE][PASSED] - Object: 'Object Repository/New_Homepage/Page_diagnostics/a_Abbott Rapid Diagnostics PANBIO COVID-19 Ag Rapid Test Device (Nasopharyngeal)' is hovered

2022-04-06 18:10:04 - [TEST_STEP][PASSED] - click(findTestObject("New_Homepage/Page_diagnostics/a_Abbott Rapid Diagnostics PANBIO COVID-19 Ag Rapid Test Device (Nasopharyngeal)")): Object: 'Object Repository/New_Homepage/Page_diagnostics/a_Abbott Rapid Diagnostics PANBIO COVID-19 Ag Rapid Test Device (Nasopharyngeal)' is clicked on

2022-04-06 18:10:07 - [MESSAGE][PASSED] - Object: 'Object Repository/New_Homepage/Page_diagnostics/a_Abbott Rapid Diagnostics PANBIO COVID-19 Ag Rapid Test Device (Nasopharyngeal)' is clicked on

2022-04-06 18:10:07 - [MESSAGE][PASSED] - Call Test Case 'Test Cases/Custom Item Details/UTILITIES/OPEN_BROWSER' successfully

2022-04-06 18:10:07 - [TEST_STEP][PASSED] - waitForElementVisible(findTestObject("Item Details Objects/Page_diagnostics/div_itemDetailName"), 0): Object 'Object Repository/Item Details Objects/Page_diagnostics/div_itemDetailName' is visible

2022-04-06 18:10:07 - [MESSAGE][WARNING] - Timeout '0' is invalid. Using default page load timeout: '30'

2022-04-06 18:10:08 - [MESSAGE][PASSED] - Object 'Object Repository/Item Details Objects/Page_diagnostics/div_itemDetailName' is visible

2022-04-06 18:10:08 - [TEST_STEP][PASSED] - callTestCase(findTestCase("Custom Item Details/UTILITIES/CLOSE_BROWSER"), [:], STOP_ON_FAILURE): Call Test Case 'Test Cases/Custom Item Details/UTILITIES/CLOSE_BROWSER' successfully

2022-04-06 18:10:08 - [TEST_CASE][PASSED] - Test Cases/Custom Item Details/UTILITIES/CLOSE_BROWSER: Test Cases/Custom Item Details/UTILITIES/CLOSE_BROWSER

2022-04-06 18:10:08 - [TEST_STEP][PASSED] - closeBrowser(): Browser is closed

2022-04-06 18:10:09 - [MESSAGE][PASSED] - Browser is closed

2022-04-06 18:10:09 - [MESSAGE][PASSED] - Call Test Case 'Test Cases/Custom Item Details/UTILITIES/CLOSE_BROWSER' successfully]]></system-out>
         <system-err><![CDATA[]]></system-err>
      </testcase>
      <testcase name="Test Cases/Custom Item Details/TEST CASE/TC_DETAILS_UI_009" time="44.976" classname="Test Cases/Custom Item Details/TEST CASE/TC_DETAILS_UI_009" status="PASSED">
         <system-out><![CDATA[2022-04-06 18:10:09 - [TEST_CASE][PASSED] - Test Cases/Custom Item Details/TEST CASE/TC_DETAILS_UI_009: Test Cases/Custom Item Details/TEST CASE/TC_DETAILS_UI_009

2022-04-06 18:10:09 - [TEST_STEP][PASSED] - callTestCase(findTestCase("Custom Item Details/UTILITIES/OPEN_BROWSER"), [:], STOP_ON_FAILURE): Call Test Case 'Test Cases/Custom Item Details/UTILITIES/OPEN_BROWSER' successfully

2022-04-06 18:10:09 - [TEST_CASE][PASSED] - Test Cases/Custom Item Details/UTILITIES/OPEN_BROWSER: Test Cases/Custom Item Details/UTILITIES/OPEN_BROWSER

2022-04-06 18:10:09 - [TEST_STEP][PASSED] - openBrowser("https://diagnostics.staging.arcadier.io/"): Browser is opened with url: 'https://diagnostics.staging.arcadier.io/'

2022-04-06 18:10:09 - [MESSAGE][INFO] - Starting 'Chrome' driver

2022-04-06 18:10:09 - [MESSAGE][INFO] - Action delay is set to 0 milliseconds

2022-04-06 18:10:12 - [MESSAGE][PASSED] - Browser is opened with url: 'https://diagnostics.staging.arcadier.io/'

2022-04-06 18:10:12 - [TEST_STEP][PASSED] - maximizeWindow(): Current window maximized

2022-04-06 18:10:12 - [MESSAGE][PASSED] - Current window maximized

2022-04-06 18:10:12 - [TEST_STEP][PASSED] - click(findTestObject("Item Details Objects/Page_diagnostics/a_Accept Cookies")): Object: 'Object Repository/Item Details Objects/Page_diagnostics/a_Accept Cookies' is clicked on

2022-04-06 18:10:14 - [MESSAGE][PASSED] - Object: 'Object Repository/Item Details Objects/Page_diagnostics/a_Accept Cookies' is clicked on

2022-04-06 18:10:14 - [TEST_STEP][PASSED] - click(findTestObject("New_Homepage/Page_diagnostics/a_COVID-19 DIAGNOSTICS"), STOP_ON_FAILURE): Object: 'Object Repository/New_Homepage/Page_diagnostics/a_COVID-19 DIAGNOSTICS' is clicked on

2022-04-06 18:10:17 - [MESSAGE][PASSED] - Object: 'Object Repository/New_Homepage/Page_diagnostics/a_COVID-19 DIAGNOSTICS' is clicked on

2022-04-06 18:10:17 - [TEST_STEP][PASSED] - mouseOver(findTestObject("New_Homepage/Page_diagnostics/a_Abbott Rapid Diagnostics PANBIO COVID-19 Ag Rapid Test Device (Nasopharyngeal)")): Object: 'Object Repository/New_Homepage/Page_diagnostics/a_Abbott Rapid Diagnostics PANBIO COVID-19 Ag Rapid Test Device (Nasopharyngeal)' is hovered

2022-04-06 18:10:19 - [MESSAGE][PASSED] - Object: 'Object Repository/New_Homepage/Page_diagnostics/a_Abbott Rapid Diagnostics PANBIO COVID-19 Ag Rapid Test Device (Nasopharyngeal)' is hovered

2022-04-06 18:10:19 - [TEST_STEP][PASSED] - click(findTestObject("New_Homepage/Page_diagnostics/a_Abbott Rapid Diagnostics PANBIO COVID-19 Ag Rapid Test Device (Nasopharyngeal)")): Object: 'Object Repository/New_Homepage/Page_diagnostics/a_Abbott Rapid Diagnostics PANBIO COVID-19 Ag Rapid Test Device (Nasopharyngeal)' is clicked on

2022-04-06 18:10:21 - [MESSAGE][PASSED] - Object: 'Object Repository/New_Homepage/Page_diagnostics/a_Abbott Rapid Diagnostics PANBIO COVID-19 Ag Rapid Test Device (Nasopharyngeal)' is clicked on

2022-04-06 18:10:21 - [MESSAGE][PASSED] - Call Test Case 'Test Cases/Custom Item Details/UTILITIES/OPEN_BROWSER' successfully

2022-04-06 18:10:21 - [TEST_STEP][PASSED] - waitForElementVisible(findTestObject("Item Details Objects/Page_diagnostics/div.item-id"), 0): Object 'Object Repository/Item Details Objects/Page_diagnostics/div.item-id' is not visible after 30 second(s)

2022-04-06 18:10:21 - [MESSAGE][WARNING] - Timeout '0' is invalid. Using default page load timeout: '30'

2022-04-06 18:10:53 - [MESSAGE][WARNING] - Object 'Object Repository/Item Details Objects/Page_diagnostics/div.item-id' is not visible after 30 second(s)

2022-04-06 18:10:53 - [TEST_STEP][PASSED] - callTestCase(findTestCase("Custom Item Details/UTILITIES/CLOSE_BROWSER"), [:], STOP_ON_FAILURE): Call Test Case 'Test Cases/Custom Item Details/UTILITIES/CLOSE_BROWSER' successfully

2022-04-06 18:10:53 - [TEST_CASE][PASSED] - Test Cases/Custom Item Details/UTILITIES/CLOSE_BROWSER: Test Cases/Custom Item Details/UTILITIES/CLOSE_BROWSER

2022-04-06 18:10:53 - [TEST_STEP][PASSED] - closeBrowser(): Browser is closed

2022-04-06 18:10:54 - [MESSAGE][PASSED] - Browser is closed

2022-04-06 18:10:54 - [MESSAGE][PASSED] - Call Test Case 'Test Cases/Custom Item Details/UTILITIES/CLOSE_BROWSER' successfully]]></system-out>
         <system-err><![CDATA[]]></system-err>
      </testcase>
      <testcase name="Test Cases/Custom Item Details/TEST CASE/TC_DETAILS_UI_010" time="14.418" classname="Test Cases/Custom Item Details/TEST CASE/TC_DETAILS_UI_010" status="PASSED">
         <system-out><![CDATA[2022-04-06 18:10:54 - [TEST_CASE][PASSED] - Test Cases/Custom Item Details/TEST CASE/TC_DETAILS_UI_010: Test Cases/Custom Item Details/TEST CASE/TC_DETAILS_UI_010

2022-04-06 18:10:54 - [TEST_STEP][PASSED] - callTestCase(findTestCase("Custom Item Details/UTILITIES/OPEN_BROWSER"), [:], STOP_ON_FAILURE): Call Test Case 'Test Cases/Custom Item Details/UTILITIES/OPEN_BROWSER' successfully

2022-04-06 18:10:54 - [TEST_CASE][PASSED] - Test Cases/Custom Item Details/UTILITIES/OPEN_BROWSER: Test Cases/Custom Item Details/UTILITIES/OPEN_BROWSER

2022-04-06 18:10:54 - [TEST_STEP][PASSED] - openBrowser("https://diagnostics.staging.arcadier.io/"): Browser is opened with url: 'https://diagnostics.staging.arcadier.io/'

2022-04-06 18:10:54 - [MESSAGE][INFO] - Starting 'Chrome' driver

2022-04-06 18:10:54 - [MESSAGE][INFO] - Action delay is set to 0 milliseconds

2022-04-06 18:10:57 - [MESSAGE][PASSED] - Browser is opened with url: 'https://diagnostics.staging.arcadier.io/'

2022-04-06 18:10:57 - [TEST_STEP][PASSED] - maximizeWindow(): Current window maximized

2022-04-06 18:10:58 - [MESSAGE][PASSED] - Current window maximized

2022-04-06 18:10:58 - [TEST_STEP][PASSED] - click(findTestObject("Item Details Objects/Page_diagnostics/a_Accept Cookies")): Object: 'Object Repository/Item Details Objects/Page_diagnostics/a_Accept Cookies' is clicked on

2022-04-06 18:11:00 - [MESSAGE][PASSED] - Object: 'Object Repository/Item Details Objects/Page_diagnostics/a_Accept Cookies' is clicked on

2022-04-06 18:11:00 - [TEST_STEP][PASSED] - click(findTestObject("New_Homepage/Page_diagnostics/a_COVID-19 DIAGNOSTICS"), STOP_ON_FAILURE): Object: 'Object Repository/New_Homepage/Page_diagnostics/a_COVID-19 DIAGNOSTICS' is clicked on

2022-04-06 18:11:02 - [MESSAGE][PASSED] - Object: 'Object Repository/New_Homepage/Page_diagnostics/a_COVID-19 DIAGNOSTICS' is clicked on

2022-04-06 18:11:02 - [TEST_STEP][PASSED] - mouseOver(findTestObject("New_Homepage/Page_diagnostics/a_Abbott Rapid Diagnostics PANBIO COVID-19 Ag Rapid Test Device (Nasopharyngeal)")): Object: 'Object Repository/New_Homepage/Page_diagnostics/a_Abbott Rapid Diagnostics PANBIO COVID-19 Ag Rapid Test Device (Nasopharyngeal)' is hovered

2022-04-06 18:11:03 - [MESSAGE][PASSED] - Object: 'Object Repository/New_Homepage/Page_diagnostics/a_Abbott Rapid Diagnostics PANBIO COVID-19 Ag Rapid Test Device (Nasopharyngeal)' is hovered

2022-04-06 18:11:03 - [TEST_STEP][PASSED] - click(findTestObject("New_Homepage/Page_diagnostics/a_Abbott Rapid Diagnostics PANBIO COVID-19 Ag Rapid Test Device (Nasopharyngeal)")): Object: 'Object Repository/New_Homepage/Page_diagnostics/a_Abbott Rapid Diagnostics PANBIO COVID-19 Ag Rapid Test Device (Nasopharyngeal)' is clicked on

2022-04-06 18:11:06 - [MESSAGE][PASSED] - Object: 'Object Repository/New_Homepage/Page_diagnostics/a_Abbott Rapid Diagnostics PANBIO COVID-19 Ag Rapid Test Device (Nasopharyngeal)' is clicked on

2022-04-06 18:11:06 - [MESSAGE][PASSED] - Call Test Case 'Test Cases/Custom Item Details/UTILITIES/OPEN_BROWSER' successfully

2022-04-06 18:11:06 - [TEST_STEP][PASSED] - waitForElementVisible(findTestObject("Item Details Objects/Page_diagnostics/div.new-button-area"), 0): Object 'Object Repository/Item Details Objects/Page_diagnostics/div.new-button-area' is visible

2022-04-06 18:11:06 - [MESSAGE][WARNING] - Timeout '0' is invalid. Using default page load timeout: '30'

2022-04-06 18:11:07 - [MESSAGE][PASSED] - Object 'Object Repository/Item Details Objects/Page_diagnostics/div.new-button-area' is visible

2022-04-06 18:11:07 - [TEST_STEP][PASSED] - callTestCase(findTestCase("Custom Item Details/UTILITIES/CLOSE_BROWSER"), [:], STOP_ON_FAILURE): Call Test Case 'Test Cases/Custom Item Details/UTILITIES/CLOSE_BROWSER' successfully

2022-04-06 18:11:08 - [TEST_CASE][PASSED] - Test Cases/Custom Item Details/UTILITIES/CLOSE_BROWSER: Test Cases/Custom Item Details/UTILITIES/CLOSE_BROWSER

2022-04-06 18:11:08 - [TEST_STEP][PASSED] - closeBrowser(): Browser is closed

2022-04-06 18:11:08 - [MESSAGE][PASSED] - Browser is closed

2022-04-06 18:11:08 - [MESSAGE][PASSED] - Call Test Case 'Test Cases/Custom Item Details/UTILITIES/CLOSE_BROWSER' successfully]]></system-out>
         <system-err><![CDATA[]]></system-err>
      </testcase>
      <testcase name="Test Cases/Custom Item Details/TEST CASE/TC_DETAILS_UI_011" time="13.484" classname="Test Cases/Custom Item Details/TEST CASE/TC_DETAILS_UI_011" status="PASSED">
         <system-out><![CDATA[2022-04-06 18:11:08 - [TEST_CASE][PASSED] - Test Cases/Custom Item Details/TEST CASE/TC_DETAILS_UI_011: Test Cases/Custom Item Details/TEST CASE/TC_DETAILS_UI_011

2022-04-06 18:11:08 - [TEST_STEP][PASSED] - callTestCase(findTestCase("Custom Item Details/UTILITIES/OPEN_BROWSER"), [:], STOP_ON_FAILURE): Call Test Case 'Test Cases/Custom Item Details/UTILITIES/OPEN_BROWSER' successfully

2022-04-06 18:11:08 - [TEST_CASE][PASSED] - Test Cases/Custom Item Details/UTILITIES/OPEN_BROWSER: Test Cases/Custom Item Details/UTILITIES/OPEN_BROWSER

2022-04-06 18:11:08 - [TEST_STEP][PASSED] - openBrowser("https://diagnostics.staging.arcadier.io/"): Browser is opened with url: 'https://diagnostics.staging.arcadier.io/'

2022-04-06 18:11:08 - [MESSAGE][INFO] - Starting 'Chrome' driver

2022-04-06 18:11:08 - [MESSAGE][INFO] - Action delay is set to 0 milliseconds

2022-04-06 18:11:12 - [MESSAGE][PASSED] - Browser is opened with url: 'https://diagnostics.staging.arcadier.io/'

2022-04-06 18:11:12 - [TEST_STEP][PASSED] - maximizeWindow(): Current window maximized

2022-04-06 18:11:12 - [MESSAGE][PASSED] - Current window maximized

2022-04-06 18:11:12 - [TEST_STEP][PASSED] - click(findTestObject("Item Details Objects/Page_diagnostics/a_Accept Cookies")): Object: 'Object Repository/Item Details Objects/Page_diagnostics/a_Accept Cookies' is clicked on

2022-04-06 18:11:14 - [MESSAGE][PASSED] - Object: 'Object Repository/Item Details Objects/Page_diagnostics/a_Accept Cookies' is clicked on

2022-04-06 18:11:14 - [TEST_STEP][PASSED] - click(findTestObject("New_Homepage/Page_diagnostics/a_COVID-19 DIAGNOSTICS"), STOP_ON_FAILURE): Object: 'Object Repository/New_Homepage/Page_diagnostics/a_COVID-19 DIAGNOSTICS' is clicked on

2022-04-06 18:11:15 - [MESSAGE][PASSED] - Object: 'Object Repository/New_Homepage/Page_diagnostics/a_COVID-19 DIAGNOSTICS' is clicked on

2022-04-06 18:11:15 - [TEST_STEP][PASSED] - mouseOver(findTestObject("New_Homepage/Page_diagnostics/a_Abbott Rapid Diagnostics PANBIO COVID-19 Ag Rapid Test Device (Nasopharyngeal)")): Object: 'Object Repository/New_Homepage/Page_diagnostics/a_Abbott Rapid Diagnostics PANBIO COVID-19 Ag Rapid Test Device (Nasopharyngeal)' is hovered

2022-04-06 18:11:17 - [MESSAGE][PASSED] - Object: 'Object Repository/New_Homepage/Page_diagnostics/a_Abbott Rapid Diagnostics PANBIO COVID-19 Ag Rapid Test Device (Nasopharyngeal)' is hovered

2022-04-06 18:11:17 - [TEST_STEP][PASSED] - click(findTestObject("New_Homepage/Page_diagnostics/a_Abbott Rapid Diagnostics PANBIO COVID-19 Ag Rapid Test Device (Nasopharyngeal)")): Object: 'Object Repository/New_Homepage/Page_diagnostics/a_Abbott Rapid Diagnostics PANBIO COVID-19 Ag Rapid Test Device (Nasopharyngeal)' is clicked on

2022-04-06 18:11:19 - [MESSAGE][PASSED] - Object: 'Object Repository/New_Homepage/Page_diagnostics/a_Abbott Rapid Diagnostics PANBIO COVID-19 Ag Rapid Test Device (Nasopharyngeal)' is clicked on

2022-04-06 18:11:19 - [MESSAGE][PASSED] - Call Test Case 'Test Cases/Custom Item Details/UTILITIES/OPEN_BROWSER' successfully

2022-04-06 18:11:19 - [TEST_STEP][PASSED] - waitForElementVisible(findTestObject("Item Details Objects/Page_diagnostics/div.item-price-text"), 0): Object 'Object Repository/Item Details Objects/Page_diagnostics/div.item-price-text' is visible

2022-04-06 18:11:20 - [MESSAGE][WARNING] - Timeout '0' is invalid. Using default page load timeout: '30'

2022-04-06 18:11:21 - [MESSAGE][PASSED] - Object 'Object Repository/Item Details Objects/Page_diagnostics/div.item-price-text' is visible

2022-04-06 18:11:21 - [TEST_STEP][PASSED] - callTestCase(findTestCase("Custom Item Details/UTILITIES/CLOSE_BROWSER"), [:], STOP_ON_FAILURE): Call Test Case 'Test Cases/Custom Item Details/UTILITIES/CLOSE_BROWSER' successfully

2022-04-06 18:11:21 - [TEST_CASE][PASSED] - Test Cases/Custom Item Details/UTILITIES/CLOSE_BROWSER: Test Cases/Custom Item Details/UTILITIES/CLOSE_BROWSER

2022-04-06 18:11:21 - [TEST_STEP][PASSED] - closeBrowser(): Browser is closed

2022-04-06 18:11:22 - [MESSAGE][PASSED] - Browser is closed

2022-04-06 18:11:22 - [MESSAGE][PASSED] - Call Test Case 'Test Cases/Custom Item Details/UTILITIES/CLOSE_BROWSER' successfully]]></system-out>
         <system-err><![CDATA[]]></system-err>
      </testcase>
      <testcase name="Test Cases/Custom Item Details/TEST CASE/TC_DETAILS_UI_012" time="14.844" classname="Test Cases/Custom Item Details/TEST CASE/TC_DETAILS_UI_012" status="PASSED">
         <system-out><![CDATA[2022-04-06 18:11:22 - [TEST_CASE][PASSED] - Test Cases/Custom Item Details/TEST CASE/TC_DETAILS_UI_012: Test Cases/Custom Item Details/TEST CASE/TC_DETAILS_UI_012

2022-04-06 18:11:22 - [TEST_STEP][PASSED] - callTestCase(findTestCase("Custom Item Details/UTILITIES/OPEN_BROWSER"), [:], STOP_ON_FAILURE): Call Test Case 'Test Cases/Custom Item Details/UTILITIES/OPEN_BROWSER' successfully

2022-04-06 18:11:22 - [TEST_CASE][PASSED] - Test Cases/Custom Item Details/UTILITIES/OPEN_BROWSER: Test Cases/Custom Item Details/UTILITIES/OPEN_BROWSER

2022-04-06 18:11:22 - [TEST_STEP][PASSED] - openBrowser("https://diagnostics.staging.arcadier.io/"): Browser is opened with url: 'https://diagnostics.staging.arcadier.io/'

2022-04-06 18:11:22 - [MESSAGE][INFO] - Starting 'Chrome' driver

2022-04-06 18:11:22 - [MESSAGE][INFO] - Action delay is set to 0 milliseconds

2022-04-06 18:11:25 - [MESSAGE][PASSED] - Browser is opened with url: 'https://diagnostics.staging.arcadier.io/'

2022-04-06 18:11:25 - [TEST_STEP][PASSED] - maximizeWindow(): Current window maximized

2022-04-06 18:11:25 - [MESSAGE][PASSED] - Current window maximized

2022-04-06 18:11:25 - [TEST_STEP][PASSED] - click(findTestObject("Item Details Objects/Page_diagnostics/a_Accept Cookies")): Object: 'Object Repository/Item Details Objects/Page_diagnostics/a_Accept Cookies' is clicked on

2022-04-06 18:11:27 - [MESSAGE][PASSED] - Object: 'Object Repository/Item Details Objects/Page_diagnostics/a_Accept Cookies' is clicked on

2022-04-06 18:11:27 - [TEST_STEP][PASSED] - click(findTestObject("New_Homepage/Page_diagnostics/a_COVID-19 DIAGNOSTICS"), STOP_ON_FAILURE): Object: 'Object Repository/New_Homepage/Page_diagnostics/a_COVID-19 DIAGNOSTICS' is clicked on

2022-04-06 18:11:28 - [MESSAGE][PASSED] - Object: 'Object Repository/New_Homepage/Page_diagnostics/a_COVID-19 DIAGNOSTICS' is clicked on

2022-04-06 18:11:28 - [TEST_STEP][PASSED] - mouseOver(findTestObject("New_Homepage/Page_diagnostics/a_Abbott Rapid Diagnostics PANBIO COVID-19 Ag Rapid Test Device (Nasopharyngeal)")): Object: 'Object Repository/New_Homepage/Page_diagnostics/a_Abbott Rapid Diagnostics PANBIO COVID-19 Ag Rapid Test Device (Nasopharyngeal)' is hovered

2022-04-06 18:11:30 - [MESSAGE][PASSED] - Object: 'Object Repository/New_Homepage/Page_diagnostics/a_Abbott Rapid Diagnostics PANBIO COVID-19 Ag Rapid Test Device (Nasopharyngeal)' is hovered

2022-04-06 18:11:30 - [TEST_STEP][PASSED] - click(findTestObject("New_Homepage/Page_diagnostics/a_Abbott Rapid Diagnostics PANBIO COVID-19 Ag Rapid Test Device (Nasopharyngeal)")): Object: 'Object Repository/New_Homepage/Page_diagnostics/a_Abbott Rapid Diagnostics PANBIO COVID-19 Ag Rapid Test Device (Nasopharyngeal)' is clicked on

2022-04-06 18:11:33 - [MESSAGE][PASSED] - Object: 'Object Repository/New_Homepage/Page_diagnostics/a_Abbott Rapid Diagnostics PANBIO COVID-19 Ag Rapid Test Device (Nasopharyngeal)' is clicked on

2022-04-06 18:11:33 - [MESSAGE][PASSED] - Call Test Case 'Test Cases/Custom Item Details/UTILITIES/OPEN_BROWSER' successfully

2022-04-06 18:11:33 - [TEST_STEP][PASSED] - waitForElementVisible(findTestObject("Item Details Objects/Page_diagnostics/a_Procure_Directly_From_Seller"), 0): Object 'Object Repository/Item Details Objects/Page_diagnostics/a_Procure_Directly_From_Seller' is visible

2022-04-06 18:11:33 - [MESSAGE][WARNING] - Timeout '0' is invalid. Using default page load timeout: '30'

2022-04-06 18:11:35 - [MESSAGE][PASSED] - Object 'Object Repository/Item Details Objects/Page_diagnostics/a_Procure_Directly_From_Seller' is visible

2022-04-06 18:11:35 - [TEST_STEP][PASSED] - verifyElementClickable(findTestObject("Item Details Objects/Page_diagnostics/a_Procure_Directly_From_Seller")): Object 'Object Repository/Item Details Objects/Page_diagnostics/a_Procure_Directly_From_Seller' is clickable

2022-04-06 18:11:35 - [MESSAGE][PASSED] - Object 'Object Repository/Item Details Objects/Page_diagnostics/a_Procure_Directly_From_Seller' is clickable

2022-04-06 18:11:35 - [TEST_STEP][PASSED] - click(findTestObject("Item Details Objects/Page_diagnostics/a_Procure_Directly_From_Seller")): Object: 'Object Repository/Item Details Objects/Page_diagnostics/a_Procure_Directly_From_Seller' is clicked on

2022-04-06 18:11:36 - [MESSAGE][PASSED] - Object: 'Object Repository/Item Details Objects/Page_diagnostics/a_Procure_Directly_From_Seller' is clicked on

2022-04-06 18:11:36 - [TEST_STEP][PASSED] - callTestCase(findTestCase("Custom Item Details/UTILITIES/CLOSE_BROWSER"), [:], STOP_ON_FAILURE): Call Test Case 'Test Cases/Custom Item Details/UTILITIES/CLOSE_BROWSER' successfully

2022-04-06 18:11:36 - [TEST_CASE][PASSED] - Test Cases/Custom Item Details/UTILITIES/CLOSE_BROWSER: Test Cases/Custom Item Details/UTILITIES/CLOSE_BROWSER

2022-04-06 18:11:36 - [TEST_STEP][PASSED] - closeBrowser(): Browser is closed

2022-04-06 18:11:37 - [MESSAGE][PASSED] - Browser is closed

2022-04-06 18:11:37 - [MESSAGE][PASSED] - Call Test Case 'Test Cases/Custom Item Details/UTILITIES/CLOSE_BROWSER' successfully]]></system-out>
         <system-err><![CDATA[]]></system-err>
      </testcase>
      <testcase name="Test Cases/Custom Item Details/TEST CASE/TC_DETAILS_UI_013" time="15.049" classname="Test Cases/Custom Item Details/TEST CASE/TC_DETAILS_UI_013" status="PASSED">
         <system-out><![CDATA[2022-04-06 18:11:37 - [TEST_CASE][PASSED] - Test Cases/Custom Item Details/TEST CASE/TC_DETAILS_UI_013: Test Cases/Custom Item Details/TEST CASE/TC_DETAILS_UI_013

2022-04-06 18:11:37 - [TEST_STEP][PASSED] - callTestCase(findTestCase("Custom Item Details/UTILITIES/OPEN_BROWSER"), [:], STOP_ON_FAILURE): Call Test Case 'Test Cases/Custom Item Details/UTILITIES/OPEN_BROWSER' successfully

2022-04-06 18:11:37 - [TEST_CASE][PASSED] - Test Cases/Custom Item Details/UTILITIES/OPEN_BROWSER: Test Cases/Custom Item Details/UTILITIES/OPEN_BROWSER

2022-04-06 18:11:37 - [TEST_STEP][PASSED] - openBrowser("https://diagnostics.staging.arcadier.io/"): Browser is opened with url: 'https://diagnostics.staging.arcadier.io/'

2022-04-06 18:11:37 - [MESSAGE][INFO] - Starting 'Chrome' driver

2022-04-06 18:11:37 - [MESSAGE][INFO] - Action delay is set to 0 milliseconds

2022-04-06 18:11:40 - [MESSAGE][PASSED] - Browser is opened with url: 'https://diagnostics.staging.arcadier.io/'

2022-04-06 18:11:40 - [TEST_STEP][PASSED] - maximizeWindow(): Current window maximized

2022-04-06 18:11:40 - [MESSAGE][PASSED] - Current window maximized

2022-04-06 18:11:40 - [TEST_STEP][PASSED] - click(findTestObject("Item Details Objects/Page_diagnostics/a_Accept Cookies")): Object: 'Object Repository/Item Details Objects/Page_diagnostics/a_Accept Cookies' is clicked on

2022-04-06 18:11:42 - [MESSAGE][PASSED] - Object: 'Object Repository/Item Details Objects/Page_diagnostics/a_Accept Cookies' is clicked on

2022-04-06 18:11:42 - [TEST_STEP][PASSED] - click(findTestObject("New_Homepage/Page_diagnostics/a_COVID-19 DIAGNOSTICS"), STOP_ON_FAILURE): Object: 'Object Repository/New_Homepage/Page_diagnostics/a_COVID-19 DIAGNOSTICS' is clicked on

2022-04-06 18:11:44 - [MESSAGE][PASSED] - Object: 'Object Repository/New_Homepage/Page_diagnostics/a_COVID-19 DIAGNOSTICS' is clicked on

2022-04-06 18:11:44 - [TEST_STEP][PASSED] - mouseOver(findTestObject("New_Homepage/Page_diagnostics/a_Abbott Rapid Diagnostics PANBIO COVID-19 Ag Rapid Test Device (Nasopharyngeal)")): Object: 'Object Repository/New_Homepage/Page_diagnostics/a_Abbott Rapid Diagnostics PANBIO COVID-19 Ag Rapid Test Device (Nasopharyngeal)' is hovered

2022-04-06 18:11:46 - [MESSAGE][PASSED] - Object: 'Object Repository/New_Homepage/Page_diagnostics/a_Abbott Rapid Diagnostics PANBIO COVID-19 Ag Rapid Test Device (Nasopharyngeal)' is hovered

2022-04-06 18:11:46 - [TEST_STEP][PASSED] - click(findTestObject("New_Homepage/Page_diagnostics/a_Abbott Rapid Diagnostics PANBIO COVID-19 Ag Rapid Test Device (Nasopharyngeal)")): Object: 'Object Repository/New_Homepage/Page_diagnostics/a_Abbott Rapid Diagnostics PANBIO COVID-19 Ag Rapid Test Device (Nasopharyngeal)' is clicked on

2022-04-06 18:11:49 - [MESSAGE][PASSED] - Object: 'Object Repository/New_Homepage/Page_diagnostics/a_Abbott Rapid Diagnostics PANBIO COVID-19 Ag Rapid Test Device (Nasopharyngeal)' is clicked on

2022-04-06 18:11:49 - [MESSAGE][PASSED] - Call Test Case 'Test Cases/Custom Item Details/UTILITIES/OPEN_BROWSER' successfully

2022-04-06 18:11:49 - [TEST_STEP][PASSED] - waitForElementPresent(findTestObject("Item Details Objects/Page_diagnostics/btn_Procure_grey"), 0): Object 'Object Repository/Item Details Objects/Page_diagnostics/btn_Procure_grey' is present

2022-04-06 18:11:49 - [MESSAGE][WARNING] - Timeout '0' is invalid. Using default page load timeout: '30'

2022-04-06 18:11:51 - [MESSAGE][PASSED] - Object 'Object Repository/Item Details Objects/Page_diagnostics/btn_Procure_grey' is present

2022-04-06 18:11:51 - [TEST_STEP][PASSED] - callTestCase(findTestCase("Custom Item Details/UTILITIES/CLOSE_BROWSER"), [:], STOP_ON_FAILURE): Call Test Case 'Test Cases/Custom Item Details/UTILITIES/CLOSE_BROWSER' successfully

2022-04-06 18:11:51 - [TEST_CASE][PASSED] - Test Cases/Custom Item Details/UTILITIES/CLOSE_BROWSER: Test Cases/Custom Item Details/UTILITIES/CLOSE_BROWSER

2022-04-06 18:11:51 - [TEST_STEP][PASSED] - closeBrowser(): Browser is closed

2022-04-06 18:11:52 - [MESSAGE][PASSED] - Browser is closed

2022-04-06 18:11:52 - [MESSAGE][PASSED] - Call Test Case 'Test Cases/Custom Item Details/UTILITIES/CLOSE_BROWSER' successfully]]></system-out>
         <system-err><![CDATA[]]></system-err>
      </testcase>
      <testcase name="Test Cases/Custom Item Details/TEST CASE/TC_DETAILS_UI_014" time="13.602" classname="Test Cases/Custom Item Details/TEST CASE/TC_DETAILS_UI_014" status="PASSED">
         <system-out><![CDATA[2022-04-06 18:11:52 - [TEST_CASE][PASSED] - Test Cases/Custom Item Details/TEST CASE/TC_DETAILS_UI_014: Test Cases/Custom Item Details/TEST CASE/TC_DETAILS_UI_014

2022-04-06 18:11:52 - [TEST_STEP][PASSED] - callTestCase(findTestCase("Custom Item Details/UTILITIES/OPEN_BROWSER"), [:], STOP_ON_FAILURE): Call Test Case 'Test Cases/Custom Item Details/UTILITIES/OPEN_BROWSER' successfully

2022-04-06 18:11:52 - [TEST_CASE][PASSED] - Test Cases/Custom Item Details/UTILITIES/OPEN_BROWSER: Test Cases/Custom Item Details/UTILITIES/OPEN_BROWSER

2022-04-06 18:11:52 - [TEST_STEP][PASSED] - openBrowser("https://diagnostics.staging.arcadier.io/"): Browser is opened with url: 'https://diagnostics.staging.arcadier.io/'

2022-04-06 18:11:52 - [MESSAGE][INFO] - Starting 'Chrome' driver

2022-04-06 18:11:52 - [MESSAGE][INFO] - Action delay is set to 0 milliseconds

2022-04-06 18:11:55 - [MESSAGE][PASSED] - Browser is opened with url: 'https://diagnostics.staging.arcadier.io/'

2022-04-06 18:11:55 - [TEST_STEP][PASSED] - maximizeWindow(): Current window maximized

2022-04-06 18:11:55 - [MESSAGE][PASSED] - Current window maximized

2022-04-06 18:11:55 - [TEST_STEP][PASSED] - click(findTestObject("Item Details Objects/Page_diagnostics/a_Accept Cookies")): Object: 'Object Repository/Item Details Objects/Page_diagnostics/a_Accept Cookies' is clicked on

2022-04-06 18:11:57 - [MESSAGE][PASSED] - Object: 'Object Repository/Item Details Objects/Page_diagnostics/a_Accept Cookies' is clicked on

2022-04-06 18:11:57 - [TEST_STEP][PASSED] - click(findTestObject("New_Homepage/Page_diagnostics/a_COVID-19 DIAGNOSTICS"), STOP_ON_FAILURE): Object: 'Object Repository/New_Homepage/Page_diagnostics/a_COVID-19 DIAGNOSTICS' is clicked on

2022-04-06 18:11:58 - [MESSAGE][PASSED] - Object: 'Object Repository/New_Homepage/Page_diagnostics/a_COVID-19 DIAGNOSTICS' is clicked on

2022-04-06 18:11:58 - [TEST_STEP][PASSED] - mouseOver(findTestObject("New_Homepage/Page_diagnostics/a_Abbott Rapid Diagnostics PANBIO COVID-19 Ag Rapid Test Device (Nasopharyngeal)")): Object: 'Object Repository/New_Homepage/Page_diagnostics/a_Abbott Rapid Diagnostics PANBIO COVID-19 Ag Rapid Test Device (Nasopharyngeal)' is hovered

2022-04-06 18:11:59 - [MESSAGE][PASSED] - Object: 'Object Repository/New_Homepage/Page_diagnostics/a_Abbott Rapid Diagnostics PANBIO COVID-19 Ag Rapid Test Device (Nasopharyngeal)' is hovered

2022-04-06 18:11:59 - [TEST_STEP][PASSED] - click(findTestObject("New_Homepage/Page_diagnostics/a_Abbott Rapid Diagnostics PANBIO COVID-19 Ag Rapid Test Device (Nasopharyngeal)")): Object: 'Object Repository/New_Homepage/Page_diagnostics/a_Abbott Rapid Diagnostics PANBIO COVID-19 Ag Rapid Test Device (Nasopharyngeal)' is clicked on

2022-04-06 18:12:02 - [MESSAGE][PASSED] - Object: 'Object Repository/New_Homepage/Page_diagnostics/a_Abbott Rapid Diagnostics PANBIO COVID-19 Ag Rapid Test Device (Nasopharyngeal)' is clicked on

2022-04-06 18:12:02 - [MESSAGE][PASSED] - Call Test Case 'Test Cases/Custom Item Details/UTILITIES/OPEN_BROWSER' successfully

2022-04-06 18:12:02 - [TEST_STEP][PASSED] - waitForElementVisible(findTestObject("Staging Objects/Page_diagnostics/div_Description"), 0): Object 'Object Repository/Staging Objects/Page_diagnostics/div_Description' is visible

2022-04-06 18:12:02 - [MESSAGE][WARNING] - Timeout '0' is invalid. Using default page load timeout: '30'

2022-04-06 18:12:03 - [MESSAGE][PASSED] - Object 'Object Repository/Staging Objects/Page_diagnostics/div_Description' is visible

2022-04-06 18:12:03 - [TEST_STEP][PASSED] - verifyElementClickable(findTestObject("Staging Objects/Page_diagnostics/div_Description")): Object 'Object Repository/Staging Objects/Page_diagnostics/div_Description' is clickable

2022-04-06 18:12:04 - [MESSAGE][PASSED] - Object 'Object Repository/Staging Objects/Page_diagnostics/div_Description' is clickable

2022-04-06 18:12:04 - [TEST_STEP][PASSED] - verifyElementText(findTestObject("Staging Objects/Page_diagnostics/div_Description"), "Description"): Actual text and expected text of test object 'Object Repository/Staging Objects/Page_diagnostics/div_Description' are matched.

2022-04-06 18:12:04 - [MESSAGE][PASSED] - Actual text and expected text of test object 'Object Repository/Staging Objects/Page_diagnostics/div_Description' are matched.

2022-04-06 18:12:04 - [TEST_STEP][PASSED] - click(findTestObject("Staging Objects/Page_diagnostics/div_Description")): Object: 'Object Repository/Staging Objects/Page_diagnostics/div_Description' is clicked on

2022-04-06 18:12:04 - [MESSAGE][PASSED] - Object: 'Object Repository/Staging Objects/Page_diagnostics/div_Description' is clicked on

2022-04-06 18:12:04 - [TEST_STEP][PASSED] - callTestCase(findTestCase("Custom Item Details/UTILITIES/CLOSE_BROWSER"), [:], STOP_ON_FAILURE): Call Test Case 'Test Cases/Custom Item Details/UTILITIES/CLOSE_BROWSER' successfully

2022-04-06 18:12:05 - [TEST_CASE][PASSED] - Test Cases/Custom Item Details/UTILITIES/CLOSE_BROWSER: Test Cases/Custom Item Details/UTILITIES/CLOSE_BROWSER

2022-04-06 18:12:05 - [TEST_STEP][PASSED] - closeBrowser(): Browser is closed

2022-04-06 18:12:05 - [MESSAGE][PASSED] - Browser is closed

2022-04-06 18:12:05 - [MESSAGE][PASSED] - Call Test Case 'Test Cases/Custom Item Details/UTILITIES/CLOSE_BROWSER' successfully]]></system-out>
         <system-err><![CDATA[]]></system-err>
      </testcase>
      <testcase name="Test Cases/Custom Item Details/TEST CASE/TC_DETAILS_UI_015" time="15.277" classname="Test Cases/Custom Item Details/TEST CASE/TC_DETAILS_UI_015" status="PASSED">
         <system-out><![CDATA[2022-04-06 18:12:05 - [TEST_CASE][PASSED] - Test Cases/Custom Item Details/TEST CASE/TC_DETAILS_UI_015: Test Cases/Custom Item Details/TEST CASE/TC_DETAILS_UI_015

2022-04-06 18:12:05 - [TEST_STEP][PASSED] - callTestCase(findTestCase("Custom Item Details/UTILITIES/OPEN_BROWSER"), [:], STOP_ON_FAILURE): Call Test Case 'Test Cases/Custom Item Details/UTILITIES/OPEN_BROWSER' successfully

2022-04-06 18:12:05 - [TEST_CASE][PASSED] - Test Cases/Custom Item Details/UTILITIES/OPEN_BROWSER: Test Cases/Custom Item Details/UTILITIES/OPEN_BROWSER

2022-04-06 18:12:05 - [TEST_STEP][PASSED] - openBrowser("https://diagnostics.staging.arcadier.io/"): Browser is opened with url: 'https://diagnostics.staging.arcadier.io/'

2022-04-06 18:12:05 - [MESSAGE][INFO] - Starting 'Chrome' driver

2022-04-06 18:12:05 - [MESSAGE][INFO] - Action delay is set to 0 milliseconds

2022-04-06 18:12:09 - [MESSAGE][PASSED] - Browser is opened with url: 'https://diagnostics.staging.arcadier.io/'

2022-04-06 18:12:09 - [TEST_STEP][PASSED] - maximizeWindow(): Current window maximized

2022-04-06 18:12:09 - [MESSAGE][PASSED] - Current window maximized

2022-04-06 18:12:09 - [TEST_STEP][PASSED] - click(findTestObject("Item Details Objects/Page_diagnostics/a_Accept Cookies")): Object: 'Object Repository/Item Details Objects/Page_diagnostics/a_Accept Cookies' is clicked on

2022-04-06 18:12:10 - [MESSAGE][PASSED] - Object: 'Object Repository/Item Details Objects/Page_diagnostics/a_Accept Cookies' is clicked on

2022-04-06 18:12:10 - [TEST_STEP][PASSED] - click(findTestObject("New_Homepage/Page_diagnostics/a_COVID-19 DIAGNOSTICS"), STOP_ON_FAILURE): Object: 'Object Repository/New_Homepage/Page_diagnostics/a_COVID-19 DIAGNOSTICS' is clicked on

2022-04-06 18:12:13 - [MESSAGE][PASSED] - Object: 'Object Repository/New_Homepage/Page_diagnostics/a_COVID-19 DIAGNOSTICS' is clicked on

2022-04-06 18:12:13 - [TEST_STEP][PASSED] - mouseOver(findTestObject("New_Homepage/Page_diagnostics/a_Abbott Rapid Diagnostics PANBIO COVID-19 Ag Rapid Test Device (Nasopharyngeal)")): Object: 'Object Repository/New_Homepage/Page_diagnostics/a_Abbott Rapid Diagnostics PANBIO COVID-19 Ag Rapid Test Device (Nasopharyngeal)' is hovered

2022-04-06 18:12:15 - [MESSAGE][PASSED] - Object: 'Object Repository/New_Homepage/Page_diagnostics/a_Abbott Rapid Diagnostics PANBIO COVID-19 Ag Rapid Test Device (Nasopharyngeal)' is hovered

2022-04-06 18:12:15 - [TEST_STEP][PASSED] - click(findTestObject("New_Homepage/Page_diagnostics/a_Abbott Rapid Diagnostics PANBIO COVID-19 Ag Rapid Test Device (Nasopharyngeal)")): Object: 'Object Repository/New_Homepage/Page_diagnostics/a_Abbott Rapid Diagnostics PANBIO COVID-19 Ag Rapid Test Device (Nasopharyngeal)' is clicked on

2022-04-06 18:12:17 - [MESSAGE][PASSED] - Object: 'Object Repository/New_Homepage/Page_diagnostics/a_Abbott Rapid Diagnostics PANBIO COVID-19 Ag Rapid Test Device (Nasopharyngeal)' is clicked on

2022-04-06 18:12:17 - [MESSAGE][PASSED] - Call Test Case 'Test Cases/Custom Item Details/UTILITIES/OPEN_BROWSER' successfully

2022-04-06 18:12:17 - [TEST_STEP][PASSED] - waitForElementVisible(findTestObject("Staging Objects/Page_diagnostics/div_Technical Specifications"), 0): Object 'Object Repository/Staging Objects/Page_diagnostics/div_Technical Specifications' is visible

2022-04-06 18:12:17 - [MESSAGE][WARNING] - Timeout '0' is invalid. Using default page load timeout: '30'

2022-04-06 18:12:19 - [MESSAGE][PASSED] - Object 'Object Repository/Staging Objects/Page_diagnostics/div_Technical Specifications' is visible

2022-04-06 18:12:19 - [TEST_STEP][PASSED] - verifyElementClickable(findTestObject("Staging Objects/Page_diagnostics/div_Technical Specifications")): Object 'Object Repository/Staging Objects/Page_diagnostics/div_Technical Specifications' is clickable

2022-04-06 18:12:19 - [MESSAGE][PASSED] - Object 'Object Repository/Staging Objects/Page_diagnostics/div_Technical Specifications' is clickable

2022-04-06 18:12:19 - [TEST_STEP][PASSED] - verifyElementText(findTestObject("Staging Objects/Page_diagnostics/div_Technical Specifications"), "Technical Specifications"): Actual text and expected text of test object 'Object Repository/Staging Objects/Page_diagnostics/div_Technical Specifications' are matched.

2022-04-06 18:12:19 - [MESSAGE][PASSED] - Actual text and expected text of test object 'Object Repository/Staging Objects/Page_diagnostics/div_Technical Specifications' are matched.

2022-04-06 18:12:19 - [TEST_STEP][PASSED] - click(findTestObject("Staging Objects/Page_diagnostics/div_Technical Specifications")): Object: 'Object Repository/Staging Objects/Page_diagnostics/div_Technical Specifications' is clicked on

2022-04-06 18:12:20 - [MESSAGE][PASSED] - Object: 'Object Repository/Staging Objects/Page_diagnostics/div_Technical Specifications' is clicked on

2022-04-06 18:12:20 - [TEST_STEP][PASSED] - callTestCase(findTestCase("Custom Item Details/UTILITIES/CLOSE_BROWSER"), [:], STOP_ON_FAILURE): Call Test Case 'Test Cases/Custom Item Details/UTILITIES/CLOSE_BROWSER' successfully

2022-04-06 18:12:20 - [TEST_CASE][PASSED] - Test Cases/Custom Item Details/UTILITIES/CLOSE_BROWSER: Test Cases/Custom Item Details/UTILITIES/CLOSE_BROWSER

2022-04-06 18:12:20 - [TEST_STEP][PASSED] - closeBrowser(): Browser is closed

2022-04-06 18:12:20 - [MESSAGE][PASSED] - Browser is closed

2022-04-06 18:12:20 - [MESSAGE][PASSED] - Call Test Case 'Test Cases/Custom Item Details/UTILITIES/CLOSE_BROWSER' successfully]]></system-out>
         <system-err><![CDATA[]]></system-err>
      </testcase>
      <testcase name="Test Cases/Custom Item Details/TEST CASE/TC_DETAILS_UI_016" time="16.514" classname="Test Cases/Custom Item Details/TEST CASE/TC_DETAILS_UI_016" status="PASSED">
         <system-out><![CDATA[2022-04-06 18:12:20 - [TEST_CASE][PASSED] - Test Cases/Custom Item Details/TEST CASE/TC_DETAILS_UI_016: Test Cases/Custom Item Details/TEST CASE/TC_DETAILS_UI_016

2022-04-06 18:12:21 - [TEST_STEP][PASSED] - callTestCase(findTestCase("Custom Item Details/UTILITIES/OPEN_BROWSER"), [:], STOP_ON_FAILURE): Call Test Case 'Test Cases/Custom Item Details/UTILITIES/OPEN_BROWSER' successfully

2022-04-06 18:12:21 - [TEST_CASE][PASSED] - Test Cases/Custom Item Details/UTILITIES/OPEN_BROWSER: Test Cases/Custom Item Details/UTILITIES/OPEN_BROWSER

2022-04-06 18:12:21 - [TEST_STEP][PASSED] - openBrowser("https://diagnostics.staging.arcadier.io/"): Browser is opened with url: 'https://diagnostics.staging.arcadier.io/'

2022-04-06 18:12:21 - [MESSAGE][INFO] - Starting 'Chrome' driver

2022-04-06 18:12:21 - [MESSAGE][INFO] - Action delay is set to 0 milliseconds

2022-04-06 18:12:24 - [MESSAGE][PASSED] - Browser is opened with url: 'https://diagnostics.staging.arcadier.io/'

2022-04-06 18:12:24 - [TEST_STEP][PASSED] - maximizeWindow(): Current window maximized

2022-04-06 18:12:24 - [MESSAGE][PASSED] - Current window maximized

2022-04-06 18:12:24 - [TEST_STEP][PASSED] - click(findTestObject("Item Details Objects/Page_diagnostics/a_Accept Cookies")): Object: 'Object Repository/Item Details Objects/Page_diagnostics/a_Accept Cookies' is clicked on

2022-04-06 18:12:26 - [MESSAGE][PASSED] - Object: 'Object Repository/Item Details Objects/Page_diagnostics/a_Accept Cookies' is clicked on

2022-04-06 18:12:26 - [TEST_STEP][PASSED] - click(findTestObject("New_Homepage/Page_diagnostics/a_COVID-19 DIAGNOSTICS"), STOP_ON_FAILURE): Object: 'Object Repository/New_Homepage/Page_diagnostics/a_COVID-19 DIAGNOSTICS' is clicked on

2022-04-06 18:12:28 - [MESSAGE][PASSED] - Object: 'Object Repository/New_Homepage/Page_diagnostics/a_COVID-19 DIAGNOSTICS' is clicked on

2022-04-06 18:12:28 - [TEST_STEP][PASSED] - mouseOver(findTestObject("New_Homepage/Page_diagnostics/a_Abbott Rapid Diagnostics PANBIO COVID-19 Ag Rapid Test Device (Nasopharyngeal)")): Object: 'Object Repository/New_Homepage/Page_diagnostics/a_Abbott Rapid Diagnostics PANBIO COVID-19 Ag Rapid Test Device (Nasopharyngeal)' is hovered

2022-04-06 18:12:30 - [MESSAGE][PASSED] - Object: 'Object Repository/New_Homepage/Page_diagnostics/a_Abbott Rapid Diagnostics PANBIO COVID-19 Ag Rapid Test Device (Nasopharyngeal)' is hovered

2022-04-06 18:12:30 - [TEST_STEP][PASSED] - click(findTestObject("New_Homepage/Page_diagnostics/a_Abbott Rapid Diagnostics PANBIO COVID-19 Ag Rapid Test Device (Nasopharyngeal)")): Object: 'Object Repository/New_Homepage/Page_diagnostics/a_Abbott Rapid Diagnostics PANBIO COVID-19 Ag Rapid Test Device (Nasopharyngeal)' is clicked on

2022-04-06 18:12:34 - [MESSAGE][PASSED] - Object: 'Object Repository/New_Homepage/Page_diagnostics/a_Abbott Rapid Diagnostics PANBIO COVID-19 Ag Rapid Test Device (Nasopharyngeal)' is clicked on

2022-04-06 18:12:34 - [MESSAGE][PASSED] - Call Test Case 'Test Cases/Custom Item Details/UTILITIES/OPEN_BROWSER' successfully

2022-04-06 18:12:34 - [TEST_STEP][PASSED] - waitForElementVisible(findTestObject("Staging Objects/Page_diagnostics/div_Product Attributes"), 0): Object 'Object Repository/Staging Objects/Page_diagnostics/div_Product Attributes' is visible

2022-04-06 18:12:34 - [MESSAGE][WARNING] - Timeout '0' is invalid. Using default page load timeout: '30'

2022-04-06 18:12:35 - [MESSAGE][PASSED] - Object 'Object Repository/Staging Objects/Page_diagnostics/div_Product Attributes' is visible

2022-04-06 18:12:35 - [TEST_STEP][PASSED] - verifyElementClickable(findTestObject("Staging Objects/Page_diagnostics/div_Product Attributes")): Object 'Object Repository/Staging Objects/Page_diagnostics/div_Product Attributes' is clickable

2022-04-06 18:12:36 - [MESSAGE][PASSED] - Object 'Object Repository/Staging Objects/Page_diagnostics/div_Product Attributes' is clickable

2022-04-06 18:12:36 - [TEST_STEP][PASSED] - verifyElementText(findTestObject("Staging Objects/Page_diagnostics/div_Product Attributes"), "Product Attributes"): Actual text and expected text of test object 'Object Repository/Staging Objects/Page_diagnostics/div_Product Attributes' are matched.

2022-04-06 18:12:36 - [MESSAGE][PASSED] - Actual text and expected text of test object 'Object Repository/Staging Objects/Page_diagnostics/div_Product Attributes' are matched.

2022-04-06 18:12:36 - [TEST_STEP][PASSED] - click(findTestObject("Staging Objects/Page_diagnostics/div_Product Attributes")): Object: 'Object Repository/Staging Objects/Page_diagnostics/div_Product Attributes' is clicked on

2022-04-06 18:12:36 - [MESSAGE][PASSED] - Object: 'Object Repository/Staging Objects/Page_diagnostics/div_Product Attributes' is clicked on

2022-04-06 18:12:36 - [TEST_STEP][PASSED] - callTestCase(findTestCase("Custom Item Details/UTILITIES/CLOSE_BROWSER"), [:], STOP_ON_FAILURE): Call Test Case 'Test Cases/Custom Item Details/UTILITIES/CLOSE_BROWSER' successfully

2022-04-06 18:12:36 - [TEST_CASE][PASSED] - Test Cases/Custom Item Details/UTILITIES/CLOSE_BROWSER: Test Cases/Custom Item Details/UTILITIES/CLOSE_BROWSER

2022-04-06 18:12:36 - [TEST_STEP][PASSED] - closeBrowser(): Browser is closed

2022-04-06 18:12:37 - [MESSAGE][PASSED] - Browser is closed

2022-04-06 18:12:37 - [MESSAGE][PASSED] - Call Test Case 'Test Cases/Custom Item Details/UTILITIES/CLOSE_BROWSER' successfully]]></system-out>
         <system-err><![CDATA[]]></system-err>
      </testcase>
      <testcase name="Test Cases/Custom Item Details/TEST CASE/TC_DETAILS_UI_017" time="13.584" classname="Test Cases/Custom Item Details/TEST CASE/TC_DETAILS_UI_017" status="PASSED">
         <system-out><![CDATA[2022-04-06 18:12:37 - [TEST_CASE][PASSED] - Test Cases/Custom Item Details/TEST CASE/TC_DETAILS_UI_017: Test Cases/Custom Item Details/TEST CASE/TC_DETAILS_UI_017

2022-04-06 18:12:37 - [TEST_STEP][PASSED] - callTestCase(findTestCase("Custom Item Details/UTILITIES/OPEN_BROWSER"), [:], STOP_ON_FAILURE): Call Test Case 'Test Cases/Custom Item Details/UTILITIES/OPEN_BROWSER' successfully

2022-04-06 18:12:37 - [TEST_CASE][PASSED] - Test Cases/Custom Item Details/UTILITIES/OPEN_BROWSER: Test Cases/Custom Item Details/UTILITIES/OPEN_BROWSER

2022-04-06 18:12:37 - [TEST_STEP][PASSED] - openBrowser("https://diagnostics.staging.arcadier.io/"): Browser is opened with url: 'https://diagnostics.staging.arcadier.io/'

2022-04-06 18:12:37 - [MESSAGE][INFO] - Starting 'Chrome' driver

2022-04-06 18:12:37 - [MESSAGE][INFO] - Action delay is set to 0 milliseconds

2022-04-06 18:12:41 - [MESSAGE][PASSED] - Browser is opened with url: 'https://diagnostics.staging.arcadier.io/'

2022-04-06 18:12:41 - [TEST_STEP][PASSED] - maximizeWindow(): Current window maximized

2022-04-06 18:12:41 - [MESSAGE][PASSED] - Current window maximized

2022-04-06 18:12:41 - [TEST_STEP][PASSED] - click(findTestObject("Item Details Objects/Page_diagnostics/a_Accept Cookies")): Object: 'Object Repository/Item Details Objects/Page_diagnostics/a_Accept Cookies' is clicked on

2022-04-06 18:12:42 - [MESSAGE][PASSED] - Object: 'Object Repository/Item Details Objects/Page_diagnostics/a_Accept Cookies' is clicked on

2022-04-06 18:12:42 - [TEST_STEP][PASSED] - click(findTestObject("New_Homepage/Page_diagnostics/a_COVID-19 DIAGNOSTICS"), STOP_ON_FAILURE): Object: 'Object Repository/New_Homepage/Page_diagnostics/a_COVID-19 DIAGNOSTICS' is clicked on

2022-04-06 18:12:43 - [MESSAGE][PASSED] - Object: 'Object Repository/New_Homepage/Page_diagnostics/a_COVID-19 DIAGNOSTICS' is clicked on

2022-04-06 18:12:43 - [TEST_STEP][PASSED] - mouseOver(findTestObject("New_Homepage/Page_diagnostics/a_Abbott Rapid Diagnostics PANBIO COVID-19 Ag Rapid Test Device (Nasopharyngeal)")): Object: 'Object Repository/New_Homepage/Page_diagnostics/a_Abbott Rapid Diagnostics PANBIO COVID-19 Ag Rapid Test Device (Nasopharyngeal)' is hovered

2022-04-06 18:12:45 - [MESSAGE][PASSED] - Object: 'Object Repository/New_Homepage/Page_diagnostics/a_Abbott Rapid Diagnostics PANBIO COVID-19 Ag Rapid Test Device (Nasopharyngeal)' is hovered

2022-04-06 18:12:45 - [TEST_STEP][PASSED] - click(findTestObject("New_Homepage/Page_diagnostics/a_Abbott Rapid Diagnostics PANBIO COVID-19 Ag Rapid Test Device (Nasopharyngeal)")): Object: 'Object Repository/New_Homepage/Page_diagnostics/a_Abbott Rapid Diagnostics PANBIO COVID-19 Ag Rapid Test Device (Nasopharyngeal)' is clicked on

2022-04-06 18:12:47 - [MESSAGE][PASSED] - Object: 'Object Repository/New_Homepage/Page_diagnostics/a_Abbott Rapid Diagnostics PANBIO COVID-19 Ag Rapid Test Device (Nasopharyngeal)' is clicked on

2022-04-06 18:12:47 - [MESSAGE][PASSED] - Call Test Case 'Test Cases/Custom Item Details/UTILITIES/OPEN_BROWSER' successfully

2022-04-06 18:12:47 - [TEST_STEP][PASSED] - waitForElementVisible(findTestObject("Staging Objects/Page_diagnostics/div_Manufacture Information"), 0): Object 'Object Repository/Staging Objects/Page_diagnostics/div_Manufacture Information' is visible

2022-04-06 18:12:47 - [MESSAGE][WARNING] - Timeout '0' is invalid. Using default page load timeout: '30'

2022-04-06 18:12:49 - [MESSAGE][PASSED] - Object 'Object Repository/Staging Objects/Page_diagnostics/div_Manufacture Information' is visible

2022-04-06 18:12:49 - [TEST_STEP][PASSED] - verifyElementClickable(findTestObject("Staging Objects/Page_diagnostics/div_Manufacture Information")): Object 'Object Repository/Staging Objects/Page_diagnostics/div_Manufacture Information' is clickable

2022-04-06 18:12:49 - [MESSAGE][PASSED] - Object 'Object Repository/Staging Objects/Page_diagnostics/div_Manufacture Information' is clickable

2022-04-06 18:12:49 - [TEST_STEP][PASSED] - verifyElementText(findTestObject("Staging Objects/Page_diagnostics/div_Manufacture Information"), "Manufacture Information"): Actual text and expected text of test object 'Object Repository/Staging Objects/Page_diagnostics/div_Manufacture Information' are matched.

2022-04-06 18:12:49 - [MESSAGE][PASSED] - Actual text and expected text of test object 'Object Repository/Staging Objects/Page_diagnostics/div_Manufacture Information' are matched.

2022-04-06 18:12:49 - [TEST_STEP][PASSED] - click(findTestObject("Staging Objects/Page_diagnostics/div_Manufacture Information")): Object: 'Object Repository/Staging Objects/Page_diagnostics/div_Manufacture Information' is clicked on

2022-04-06 18:12:50 - [MESSAGE][PASSED] - Object: 'Object Repository/Staging Objects/Page_diagnostics/div_Manufacture Information' is clicked on

2022-04-06 18:12:50 - [TEST_STEP][PASSED] - callTestCase(findTestCase("Custom Item Details/UTILITIES/CLOSE_BROWSER"), [:], STOP_ON_FAILURE): Call Test Case 'Test Cases/Custom Item Details/UTILITIES/CLOSE_BROWSER' successfully

2022-04-06 18:12:50 - [TEST_CASE][PASSED] - Test Cases/Custom Item Details/UTILITIES/CLOSE_BROWSER: Test Cases/Custom Item Details/UTILITIES/CLOSE_BROWSER

2022-04-06 18:12:50 - [TEST_STEP][PASSED] - closeBrowser(): Browser is closed

2022-04-06 18:12:51 - [MESSAGE][PASSED] - Browser is closed

2022-04-06 18:12:51 - [MESSAGE][PASSED] - Call Test Case 'Test Cases/Custom Item Details/UTILITIES/CLOSE_BROWSER' successfully]]></system-out>
         <system-err><![CDATA[]]></system-err>
      </testcase>
      <testcase name="Test Cases/Custom Item Details/TEST CASE/TC_DETAILS_UI_018" time="15.637" classname="Test Cases/Custom Item Details/TEST CASE/TC_DETAILS_UI_018" status="PASSED">
         <system-out><![CDATA[2022-04-06 18:12:51 - [TEST_CASE][PASSED] - Test Cases/Custom Item Details/TEST CASE/TC_DETAILS_UI_018: Test Cases/Custom Item Details/TEST CASE/TC_DETAILS_UI_018

2022-04-06 18:12:51 - [TEST_STEP][PASSED] - callTestCase(findTestCase("Custom Item Details/UTILITIES/OPEN_BROWSER"), [:], STOP_ON_FAILURE): Call Test Case 'Test Cases/Custom Item Details/UTILITIES/OPEN_BROWSER' successfully

2022-04-06 18:12:51 - [TEST_CASE][PASSED] - Test Cases/Custom Item Details/UTILITIES/OPEN_BROWSER: Test Cases/Custom Item Details/UTILITIES/OPEN_BROWSER

2022-04-06 18:12:51 - [TEST_STEP][PASSED] - openBrowser("https://diagnostics.staging.arcadier.io/"): Browser is opened with url: 'https://diagnostics.staging.arcadier.io/'

2022-04-06 18:12:51 - [MESSAGE][INFO] - Starting 'Chrome' driver

2022-04-06 18:12:51 - [MESSAGE][INFO] - Action delay is set to 0 milliseconds

2022-04-06 18:12:54 - [MESSAGE][PASSED] - Browser is opened with url: 'https://diagnostics.staging.arcadier.io/'

2022-04-06 18:12:54 - [TEST_STEP][PASSED] - maximizeWindow(): Current window maximized

2022-04-06 18:12:54 - [MESSAGE][PASSED] - Current window maximized

2022-04-06 18:12:54 - [TEST_STEP][PASSED] - click(findTestObject("Item Details Objects/Page_diagnostics/a_Accept Cookies")): Object: 'Object Repository/Item Details Objects/Page_diagnostics/a_Accept Cookies' is clicked on

2022-04-06 18:12:56 - [MESSAGE][PASSED] - Object: 'Object Repository/Item Details Objects/Page_diagnostics/a_Accept Cookies' is clicked on

2022-04-06 18:12:56 - [TEST_STEP][PASSED] - click(findTestObject("New_Homepage/Page_diagnostics/a_COVID-19 DIAGNOSTICS"), STOP_ON_FAILURE): Object: 'Object Repository/New_Homepage/Page_diagnostics/a_COVID-19 DIAGNOSTICS' is clicked on

2022-04-06 18:12:59 - [MESSAGE][PASSED] - Object: 'Object Repository/New_Homepage/Page_diagnostics/a_COVID-19 DIAGNOSTICS' is clicked on

2022-04-06 18:12:59 - [TEST_STEP][PASSED] - mouseOver(findTestObject("New_Homepage/Page_diagnostics/a_Abbott Rapid Diagnostics PANBIO COVID-19 Ag Rapid Test Device (Nasopharyngeal)")): Object: 'Object Repository/New_Homepage/Page_diagnostics/a_Abbott Rapid Diagnostics PANBIO COVID-19 Ag Rapid Test Device (Nasopharyngeal)' is hovered

2022-04-06 18:13:01 - [MESSAGE][PASSED] - Object: 'Object Repository/New_Homepage/Page_diagnostics/a_Abbott Rapid Diagnostics PANBIO COVID-19 Ag Rapid Test Device (Nasopharyngeal)' is hovered

2022-04-06 18:13:01 - [TEST_STEP][PASSED] - click(findTestObject("New_Homepage/Page_diagnostics/a_Abbott Rapid Diagnostics PANBIO COVID-19 Ag Rapid Test Device (Nasopharyngeal)")): Object: 'Object Repository/New_Homepage/Page_diagnostics/a_Abbott Rapid Diagnostics PANBIO COVID-19 Ag Rapid Test Device (Nasopharyngeal)' is clicked on

2022-04-06 18:13:03 - [MESSAGE][PASSED] - Object: 'Object Repository/New_Homepage/Page_diagnostics/a_Abbott Rapid Diagnostics PANBIO COVID-19 Ag Rapid Test Device (Nasopharyngeal)' is clicked on

2022-04-06 18:13:03 - [MESSAGE][PASSED] - Call Test Case 'Test Cases/Custom Item Details/UTILITIES/OPEN_BROWSER' successfully

2022-04-06 18:13:03 - [TEST_STEP][PASSED] - waitForElementVisible(findTestObject("Staging Objects/Page_diagnostics/div_Regulatory Approval"), 0): Object 'Object Repository/Staging Objects/Page_diagnostics/div_Regulatory Approval' is visible

2022-04-06 18:13:03 - [MESSAGE][WARNING] - Timeout '0' is invalid. Using default page load timeout: '30'

2022-04-06 18:13:05 - [MESSAGE][PASSED] - Object 'Object Repository/Staging Objects/Page_diagnostics/div_Regulatory Approval' is visible

2022-04-06 18:13:05 - [TEST_STEP][PASSED] - verifyElementClickable(findTestObject("Staging Objects/Page_diagnostics/div_Regulatory Approval")): Object 'Object Repository/Staging Objects/Page_diagnostics/div_Regulatory Approval' is clickable

2022-04-06 18:13:05 - [MESSAGE][PASSED] - Object 'Object Repository/Staging Objects/Page_diagnostics/div_Regulatory Approval' is clickable

2022-04-06 18:13:05 - [TEST_STEP][PASSED] - verifyElementText(findTestObject("Staging Objects/Page_diagnostics/div_Regulatory Approval"), "Regulatory Approval"): Actual text and expected text of test object 'Object Repository/Staging Objects/Page_diagnostics/div_Regulatory Approval' are matched.

2022-04-06 18:13:05 - [MESSAGE][PASSED] - Actual text and expected text of test object 'Object Repository/Staging Objects/Page_diagnostics/div_Regulatory Approval' are matched.

2022-04-06 18:13:05 - [TEST_STEP][PASSED] - click(findTestObject("Staging Objects/Page_diagnostics/div_Regulatory Approval")): Object: 'Object Repository/Staging Objects/Page_diagnostics/div_Regulatory Approval' is clicked on

2022-04-06 18:13:06 - [MESSAGE][PASSED] - Object: 'Object Repository/Staging Objects/Page_diagnostics/div_Regulatory Approval' is clicked on

2022-04-06 18:13:06 - [TEST_STEP][PASSED] - callTestCase(findTestCase("Custom Item Details/UTILITIES/CLOSE_BROWSER"), [:], STOP_ON_FAILURE): Call Test Case 'Test Cases/Custom Item Details/UTILITIES/CLOSE_BROWSER' successfully

2022-04-06 18:13:06 - [TEST_CASE][PASSED] - Test Cases/Custom Item Details/UTILITIES/CLOSE_BROWSER: Test Cases/Custom Item Details/UTILITIES/CLOSE_BROWSER

2022-04-06 18:13:06 - [TEST_STEP][PASSED] - closeBrowser(): Browser is closed

2022-04-06 18:13:06 - [MESSAGE][PASSED] - Browser is closed

2022-04-06 18:13:06 - [MESSAGE][PASSED] - Call Test Case 'Test Cases/Custom Item Details/UTILITIES/CLOSE_BROWSER' successfully]]></system-out>
         <system-err><![CDATA[]]></system-err>
      </testcase>
      <testcase name="Test Cases/Custom Item Details/TEST CASE/TC_DETAILS_UI_019" time="14.795" classname="Test Cases/Custom Item Details/TEST CASE/TC_DETAILS_UI_019" status="PASSED">
         <system-out><![CDATA[2022-04-06 18:13:06 - [TEST_CASE][PASSED] - Test Cases/Custom Item Details/TEST CASE/TC_DETAILS_UI_019: Test Cases/Custom Item Details/TEST CASE/TC_DETAILS_UI_019

2022-04-06 18:13:06 - [TEST_STEP][PASSED] - callTestCase(findTestCase("Custom Item Details/UTILITIES/OPEN_BROWSER"), [:], STOP_ON_FAILURE): Call Test Case 'Test Cases/Custom Item Details/UTILITIES/OPEN_BROWSER' successfully

2022-04-06 18:13:06 - [TEST_CASE][PASSED] - Test Cases/Custom Item Details/UTILITIES/OPEN_BROWSER: Test Cases/Custom Item Details/UTILITIES/OPEN_BROWSER

2022-04-06 18:13:06 - [TEST_STEP][PASSED] - openBrowser("https://diagnostics.staging.arcadier.io/"): Browser is opened with url: 'https://diagnostics.staging.arcadier.io/'

2022-04-06 18:13:06 - [MESSAGE][INFO] - Starting 'Chrome' driver

2022-04-06 18:13:06 - [MESSAGE][INFO] - Action delay is set to 0 milliseconds

2022-04-06 18:13:10 - [MESSAGE][PASSED] - Browser is opened with url: 'https://diagnostics.staging.arcadier.io/'

2022-04-06 18:13:10 - [TEST_STEP][PASSED] - maximizeWindow(): Current window maximized

2022-04-06 18:13:10 - [MESSAGE][PASSED] - Current window maximized

2022-04-06 18:13:10 - [TEST_STEP][PASSED] - click(findTestObject("Item Details Objects/Page_diagnostics/a_Accept Cookies")): Object: 'Object Repository/Item Details Objects/Page_diagnostics/a_Accept Cookies' is clicked on

2022-04-06 18:13:11 - [MESSAGE][PASSED] - Object: 'Object Repository/Item Details Objects/Page_diagnostics/a_Accept Cookies' is clicked on

2022-04-06 18:13:11 - [TEST_STEP][PASSED] - click(findTestObject("New_Homepage/Page_diagnostics/a_COVID-19 DIAGNOSTICS"), STOP_ON_FAILURE): Object: 'Object Repository/New_Homepage/Page_diagnostics/a_COVID-19 DIAGNOSTICS' is clicked on

2022-04-06 18:13:12 - [MESSAGE][PASSED] - Object: 'Object Repository/New_Homepage/Page_diagnostics/a_COVID-19 DIAGNOSTICS' is clicked on

2022-04-06 18:13:12 - [TEST_STEP][PASSED] - mouseOver(findTestObject("New_Homepage/Page_diagnostics/a_Abbott Rapid Diagnostics PANBIO COVID-19 Ag Rapid Test Device (Nasopharyngeal)")): Object: 'Object Repository/New_Homepage/Page_diagnostics/a_Abbott Rapid Diagnostics PANBIO COVID-19 Ag Rapid Test Device (Nasopharyngeal)' is hovered

2022-04-06 18:13:15 - [MESSAGE][PASSED] - Object: 'Object Repository/New_Homepage/Page_diagnostics/a_Abbott Rapid Diagnostics PANBIO COVID-19 Ag Rapid Test Device (Nasopharyngeal)' is hovered

2022-04-06 18:13:15 - [TEST_STEP][PASSED] - click(findTestObject("New_Homepage/Page_diagnostics/a_Abbott Rapid Diagnostics PANBIO COVID-19 Ag Rapid Test Device (Nasopharyngeal)")): Object: 'Object Repository/New_Homepage/Page_diagnostics/a_Abbott Rapid Diagnostics PANBIO COVID-19 Ag Rapid Test Device (Nasopharyngeal)' is clicked on

2022-04-06 18:13:17 - [MESSAGE][PASSED] - Object: 'Object Repository/New_Homepage/Page_diagnostics/a_Abbott Rapid Diagnostics PANBIO COVID-19 Ag Rapid Test Device (Nasopharyngeal)' is clicked on

2022-04-06 18:13:17 - [MESSAGE][PASSED] - Call Test Case 'Test Cases/Custom Item Details/UTILITIES/OPEN_BROWSER' successfully

2022-04-06 18:13:17 - [TEST_STEP][PASSED] - waitForElementVisible(findTestObject("Staging Objects/Page_diagnostics/a_REQUEST FOR QUOTATION"), 0): Object 'Object Repository/Staging Objects/Page_diagnostics/a_REQUEST FOR QUOTATION' is visible

2022-04-06 18:13:17 - [MESSAGE][WARNING] - Timeout '0' is invalid. Using default page load timeout: '30'

2022-04-06 18:13:19 - [MESSAGE][PASSED] - Object 'Object Repository/Staging Objects/Page_diagnostics/a_REQUEST FOR QUOTATION' is visible

2022-04-06 18:13:19 - [TEST_STEP][PASSED] - verifyElementClickable(findTestObject("Staging Objects/Page_diagnostics/a_REQUEST FOR QUOTATION")): Object 'Object Repository/Staging Objects/Page_diagnostics/a_REQUEST FOR QUOTATION' is clickable

2022-04-06 18:13:19 - [MESSAGE][PASSED] - Object 'Object Repository/Staging Objects/Page_diagnostics/a_REQUEST FOR QUOTATION' is clickable

2022-04-06 18:13:19 - [TEST_STEP][PASSED] - click(findTestObject("Staging Objects/Page_diagnostics/a_REQUEST FOR QUOTATION")): Object: 'Object Repository/Staging Objects/Page_diagnostics/a_REQUEST FOR QUOTATION' is clicked on

2022-04-06 18:13:20 - [MESSAGE][PASSED] - Object: 'Object Repository/Staging Objects/Page_diagnostics/a_REQUEST FOR QUOTATION' is clicked on

2022-04-06 18:13:20 - [TEST_STEP][PASSED] - verifyElementPresent(findTestObject("Login Page/Page_diagnostics/div_Login_Page"), 0): Object 'Object Repository/Login Page/Page_diagnostics/div_Login_Page' is present

2022-04-06 18:13:20 - [MESSAGE][WARNING] - Timeout '0' is invalid. Using default page load timeout: '30'

2022-04-06 18:13:20 - [MESSAGE][PASSED] - Object 'Object Repository/Login Page/Page_diagnostics/div_Login_Page' is present

2022-04-06 18:13:20 - [TEST_STEP][PASSED] - callTestCase(findTestCase("Custom Item Details/UTILITIES/CLOSE_BROWSER"), [:], STOP_ON_FAILURE): Call Test Case 'Test Cases/Custom Item Details/UTILITIES/CLOSE_BROWSER' successfully

2022-04-06 18:13:20 - [TEST_CASE][PASSED] - Test Cases/Custom Item Details/UTILITIES/CLOSE_BROWSER: Test Cases/Custom Item Details/UTILITIES/CLOSE_BROWSER

2022-04-06 18:13:20 - [TEST_STEP][PASSED] - closeBrowser(): Browser is closed

2022-04-06 18:13:21 - [MESSAGE][PASSED] - Browser is closed

2022-04-06 18:13:21 - [MESSAGE][PASSED] - Call Test Case 'Test Cases/Custom Item Details/UTILITIES/CLOSE_BROWSER' successfully]]></system-out>
         <system-err><![CDATA[]]></system-err>
      </testcase>
      <testcase name="Test Cases/Custom Item Details/TEST CASE/TC_DETAILS_UI_020" time="14.598" classname="Test Cases/Custom Item Details/TEST CASE/TC_DETAILS_UI_020" status="FAILED">
         <failure type="FAILED" message="Test Cases/Custom Item Details/TEST CASE/TC_DETAILS_UI_020 FAILED.
Reason:
com.kms.katalon.core.exception.StepFailedException: Unable to click on object 'Object Repository/Item Details Objects/Page_diagnostics/a_Procure_Directly_From_Seller'
	at com.kms.katalon.core.webui.keyword.internal.WebUIKeywordMain.stepFailed(WebUIKeywordMain.groovy:64)
	at com.kms.katalon.core.webui.keyword.internal.WebUIKeywordMain.runKeyword(WebUIKeywordMain.groovy:26)
	at com.kms.katalon.core.webui.keyword.builtin.ClickKeyword.click(ClickKeyword.groovy:76)
	at com.kms.katalon.core.webui.keyword.builtin.ClickKeyword.execute(ClickKeyword.groovy:43)
	at com.kms.katalon.core.keyword.internal.KeywordExecutor.executeKeywordForPlatform(KeywordExecutor.groovy:73)
	at com.kms.katalon.core.webui.keyword.WebUiBuiltInKeywords.click(WebUiBuiltInKeywords.groovy:617)
	at com.kms.katalon.core.webui.keyword.WebUiBuiltInKeywords$click$1.call(Unknown Source)
	at TC_DETAILS_UI_020.run(TC_DETAILS_UI_020:22)
	at com.kms.katalon.core.main.ScriptEngine.run(ScriptEngine.java:194)
	at com.kms.katalon.core.main.ScriptEngine.runScriptAsRawText(ScriptEngine.java:119)
	at com.kms.katalon.core.main.TestCaseExecutor.runScript(TestCaseExecutor.java:339)
	at com.kms.katalon.core.main.TestCaseExecutor.doExecute(TestCaseExecutor.java:330)
	at com.kms.katalon.core.main.TestCaseExecutor.processExecutionPhase(TestCaseExecutor.java:309)
	at com.kms.katalon.core.main.TestCaseExecutor.accessMainPhase(TestCaseExecutor.java:301)
	at com.kms.katalon.core.main.TestCaseExecutor.execute(TestCaseExecutor.java:235)
	at com.kms.katalon.core.main.TestSuiteExecutor.accessTestCaseMainPhase(TestSuiteExecutor.java:191)
	at com.kms.katalon.core.main.TestSuiteExecutor.accessTestSuiteMainPhase(TestSuiteExecutor.java:141)
	at com.kms.katalon.core.main.TestSuiteExecutor.execute(TestSuiteExecutor.java:90)
	at com.kms.katalon.core.main.TestCaseMain.startTestSuite(TestCaseMain.java:157)
	at com.kms.katalon.core.main.TestCaseMain$startTestSuite$0.call(Unknown Source)
	at TempTestSuite1649239689066.run(TempTestSuite1649239689066.groovy:39)
Caused by: org.openqa.selenium.WebDriverException: unknown error: cannot determine loading status
from target frame detached
  (Session info: chrome=99.0.4844.84)
Build info: version: '3.141.59', revision: 'e82be7d358', time: '2018-11-14T08:25:53'
System info: host: 'DESKTOP-IJBB9BE', ip: '192.168.1.2', os.name: 'Windows 10', os.arch: 'amd64', os.version: '10.0', java.version: '1.8.0_181'
Driver info: com.kms.katalon.selenium.driver.CChromeDriver
Capabilities {acceptInsecureCerts: false, browserName: chrome, browserVersion: 99.0.4844.84, chrome: {chromedriverVersion: 99.0.4844.51 (d537ec02474b5..., userDataDir: C:\Users\Lexoter\AppData\Lo...}, goog:chromeOptions: {debuggerAddress: localhost:3552}, javascriptEnabled: true, networkConnectionEnabled: false, pageLoadStrategy: normal, platform: WINDOWS, platformName: WINDOWS, proxy: Proxy(), setWindowRect: true, strictFileInteractability: false, timeouts: {implicit: 0, pageLoad: 300000, script: 30000}, unhandledPromptBehavior: dismiss and notify, webauthn:extension:credBlob: true, webauthn:extension:largeBlob: true, webauthn:virtualAuthenticators: true}
Session ID: 643c86396fa3f54c4240c364c8c28057
	at org.openqa.selenium.remote.http.W3CHttpResponseCodec.createException(W3CHttpResponseCodec.java:187)
	at org.openqa.selenium.remote.http.W3CHttpResponseCodec.decode(W3CHttpResponseCodec.java:122)
	at org.openqa.selenium.remote.http.W3CHttpResponseCodec.decode(W3CHttpResponseCodec.java:49)
	at org.openqa.selenium.remote.HttpCommandExecutor.execute(HttpCommandExecutor.java:158)
	at org.openqa.selenium.remote.service.DriverCommandExecutor.execute(DriverCommandExecutor.java:83)
	at org.openqa.selenium.remote.RemoteWebDriver.execute(RemoteWebDriver.java:552)
	at com.kms.katalon.selenium.driver.CChromeDriver.execute(CChromeDriver.java:19)
	at org.openqa.selenium.remote.RemoteWebElement.execute(RemoteWebElement.java:285)
	at org.openqa.selenium.remote.RemoteWebElement.click(RemoteWebElement.java:84)
	at org.openqa.selenium.support.events.EventFiringWebDriver$EventFiringWebElement.lambda$new$0(EventFiringWebDriver.java:404)
	at com.sun.proxy.$Proxy10.click(Unknown Source)
	at org.openqa.selenium.support.events.EventFiringWebDriver$EventFiringWebElement.click(EventFiringWebDriver.java:417)
	at com.kms.katalon.core.webui.keyword.builtin.ClickKeyword$_click_closure1.doCall(ClickKeyword.groovy:69)
	at com.kms.katalon.core.webui.keyword.builtin.ClickKeyword$_click_closure1.call(ClickKeyword.groovy)
	at com.kms.katalon.core.webui.keyword.internal.WebUIKeywordMain.runKeyword(WebUIKeywordMain.groovy:20)
	... 19 more
"/>
         <system-out><![CDATA[2022-04-06 18:13:21 - [TEST_CASE][FAILED] - Test Cases/Custom Item Details/TEST CASE/TC_DETAILS_UI_020: Test Cases/Custom Item Details/TEST CASE/TC_DETAILS_UI_020 FAILED.
Reason:
com.kms.katalon.core.exception.StepFailedException: Unable to click on object 'Object Repository/Item Details Objects/Page_diagnostics/a_Procure_Directly_From_Seller'
	at com.kms.katalon.core.webui.keyword.internal.WebUIKeywordMain.stepFailed(WebUIKeywordMain.groovy:64)
	at com.kms.katalon.core.webui.keyword.internal.WebUIKeywordMain.runKeyword(WebUIKeywordMain.groovy:26)
	at com.kms.katalon.core.webui.keyword.builtin.ClickKeyword.click(ClickKeyword.groovy:76)
	at com.kms.katalon.core.webui.keyword.builtin.ClickKeyword.execute(ClickKeyword.groovy:43)
	at com.kms.katalon.core.keyword.internal.KeywordExecutor.executeKeywordForPlatform(KeywordExecutor.groovy:73)
	at com.kms.katalon.core.webui.keyword.WebUiBuiltInKeywords.click(WebUiBuiltInKeywords.groovy:617)
	at com.kms.katalon.core.webui.keyword.WebUiBuiltInKeywords$click$1.call(Unknown Source)
	at TC_DETAILS_UI_020.run(TC_DETAILS_UI_020:22)
	at com.kms.katalon.core.main.ScriptEngine.run(ScriptEngine.java:194)
	at com.kms.katalon.core.main.ScriptEngine.runScriptAsRawText(ScriptEngine.java:119)
	at com.kms.katalon.core.main.TestCaseExecutor.runScript(TestCaseExecutor.java:339)
	at com.kms.katalon.core.main.TestCaseExecutor.doExecute(TestCaseExecutor.java:330)
	at com.kms.katalon.core.main.TestCaseExecutor.processExecutionPhase(TestCaseExecutor.java:309)
	at com.kms.katalon.core.main.TestCaseExecutor.accessMainPhase(TestCaseExecutor.java:301)
	at com.kms.katalon.core.main.TestCaseExecutor.execute(TestCaseExecutor.java:235)
	at com.kms.katalon.core.main.TestSuiteExecutor.accessTestCaseMainPhase(TestSuiteExecutor.java:191)
	at com.kms.katalon.core.main.TestSuiteExecutor.accessTestSuiteMainPhase(TestSuiteExecutor.java:141)
	at com.kms.katalon.core.main.TestSuiteExecutor.execute(TestSuiteExecutor.java:90)
	at com.kms.katalon.core.main.TestCaseMain.startTestSuite(TestCaseMain.java:157)
	at com.kms.katalon.core.main.TestCaseMain$startTestSuite$0.call(Unknown Source)
	at TempTestSuite1649239689066.run(TempTestSuite1649239689066.groovy:39)
Caused by: org.openqa.selenium.WebDriverException: unknown error: cannot determine loading status
from target frame detached
  (Session info: chrome=99.0.4844.84)
Build info: version: '3.141.59', revision: 'e82be7d358', time: '2018-11-14T08:25:53'
System info: host: 'DESKTOP-IJBB9BE', ip: '192.168.1.2', os.name: 'Windows 10', os.arch: 'amd64', os.version: '10.0', java.version: '1.8.0_181'
Driver info: com.kms.katalon.selenium.driver.CChromeDriver
Capabilities {acceptInsecureCerts: false, browserName: chrome, browserVersion: 99.0.4844.84, chrome: {chromedriverVersion: 99.0.4844.51 (d537ec02474b5..., userDataDir: C:\Users\Lexoter\AppData\Lo...}, goog:chromeOptions: {debuggerAddress: localhost:3552}, javascriptEnabled: true, networkConnectionEnabled: false, pageLoadStrategy: normal, platform: WINDOWS, platformName: WINDOWS, proxy: Proxy(), setWindowRect: true, strictFileInteractability: false, timeouts: {implicit: 0, pageLoad: 300000, script: 30000}, unhandledPromptBehavior: dismiss and notify, webauthn:extension:credBlob: true, webauthn:extension:largeBlob: true, webauthn:virtualAuthenticators: true}
Session ID: 643c86396fa3f54c4240c364c8c28057
	at org.openqa.selenium.remote.http.W3CHttpResponseCodec.createException(W3CHttpResponseCodec.java:187)
	at org.openqa.selenium.remote.http.W3CHttpResponseCodec.decode(W3CHttpResponseCodec.java:122)
	at org.openqa.selenium.remote.http.W3CHttpResponseCodec.decode(W3CHttpResponseCodec.java:49)
	at org.openqa.selenium.remote.HttpCommandExecutor.execute(HttpCommandExecutor.java:158)
	at org.openqa.selenium.remote.service.DriverCommandExecutor.execute(DriverCommandExecutor.java:83)
	at org.openqa.selenium.remote.RemoteWebDriver.execute(RemoteWebDriver.java:552)
	at com.kms.katalon.selenium.driver.CChromeDriver.execute(CChromeDriver.java:19)
	at org.openqa.selenium.remote.RemoteWebElement.execute(RemoteWebElement.java:285)
	at org.openqa.selenium.remote.RemoteWebElement.click(RemoteWebElement.java:84)
	at org.openqa.selenium.support.events.EventFiringWebDriver$EventFiringWebElement.lambda$new$0(EventFiringWebDriver.java:404)
	at com.sun.proxy.$Proxy10.click(Unknown Source)
	at org.openqa.selenium.support.events.EventFiringWebDriver$EventFiringWebElement.click(EventFiringWebDriver.java:417)
	at com.kms.katalon.core.webui.keyword.builtin.ClickKeyword$_click_closure1.doCall(ClickKeyword.groovy:69)
	at com.kms.katalon.core.webui.keyword.builtin.ClickKeyword$_click_closure1.call(ClickKeyword.groovy)
	at com.kms.katalon.core.webui.keyword.internal.WebUIKeywordMain.runKeyword(WebUIKeywordMain.groovy:20)
	... 19 more


2022-04-06 18:13:21 - [TEST_STEP][PASSED] - callTestCase(findTestCase("Custom Item Details/UTILITIES/OPEN_BROWSER"), [:], STOP_ON_FAILURE): Call Test Case 'Test Cases/Custom Item Details/UTILITIES/OPEN_BROWSER' successfully

2022-04-06 18:13:21 - [TEST_CASE][PASSED] - Test Cases/Custom Item Details/UTILITIES/OPEN_BROWSER: Test Cases/Custom Item Details/UTILITIES/OPEN_BROWSER

2022-04-06 18:13:21 - [TEST_STEP][PASSED] - openBrowser("https://diagnostics.staging.arcadier.io/"): Browser is opened with url: 'https://diagnostics.staging.arcadier.io/'

2022-04-06 18:13:21 - [MESSAGE][INFO] - Starting 'Chrome' driver

2022-04-06 18:13:21 - [MESSAGE][INFO] - Action delay is set to 0 milliseconds

2022-04-06 18:13:25 - [MESSAGE][PASSED] - Browser is opened with url: 'https://diagnostics.staging.arcadier.io/'

2022-04-06 18:13:25 - [TEST_STEP][PASSED] - maximizeWindow(): Current window maximized

2022-04-06 18:13:25 - [MESSAGE][PASSED] - Current window maximized

2022-04-06 18:13:25 - [TEST_STEP][PASSED] - click(findTestObject("Item Details Objects/Page_diagnostics/a_Accept Cookies")): Object: 'Object Repository/Item Details Objects/Page_diagnostics/a_Accept Cookies' is clicked on

2022-04-06 18:13:26 - [MESSAGE][PASSED] - Object: 'Object Repository/Item Details Objects/Page_diagnostics/a_Accept Cookies' is clicked on

2022-04-06 18:13:26 - [TEST_STEP][PASSED] - click(findTestObject("New_Homepage/Page_diagnostics/a_COVID-19 DIAGNOSTICS"), STOP_ON_FAILURE): Object: 'Object Repository/New_Homepage/Page_diagnostics/a_COVID-19 DIAGNOSTICS' is clicked on

2022-04-06 18:13:29 - [MESSAGE][PASSED] - Object: 'Object Repository/New_Homepage/Page_diagnostics/a_COVID-19 DIAGNOSTICS' is clicked on

2022-04-06 18:13:29 - [TEST_STEP][PASSED] - mouseOver(findTestObject("New_Homepage/Page_diagnostics/a_Abbott Rapid Diagnostics PANBIO COVID-19 Ag Rapid Test Device (Nasopharyngeal)")): Object: 'Object Repository/New_Homepage/Page_diagnostics/a_Abbott Rapid Diagnostics PANBIO COVID-19 Ag Rapid Test Device (Nasopharyngeal)' is hovered

2022-04-06 18:13:31 - [MESSAGE][PASSED] - Object: 'Object Repository/New_Homepage/Page_diagnostics/a_Abbott Rapid Diagnostics PANBIO COVID-19 Ag Rapid Test Device (Nasopharyngeal)' is hovered

2022-04-06 18:13:31 - [TEST_STEP][PASSED] - click(findTestObject("New_Homepage/Page_diagnostics/a_Abbott Rapid Diagnostics PANBIO COVID-19 Ag Rapid Test Device (Nasopharyngeal)")): Object: 'Object Repository/New_Homepage/Page_diagnostics/a_Abbott Rapid Diagnostics PANBIO COVID-19 Ag Rapid Test Device (Nasopharyngeal)' is clicked on

2022-04-06 18:13:33 - [MESSAGE][PASSED] - Object: 'Object Repository/New_Homepage/Page_diagnostics/a_Abbott Rapid Diagnostics PANBIO COVID-19 Ag Rapid Test Device (Nasopharyngeal)' is clicked on

2022-04-06 18:13:33 - [MESSAGE][PASSED] - Call Test Case 'Test Cases/Custom Item Details/UTILITIES/OPEN_BROWSER' successfully

2022-04-06 18:13:33 - [TEST_STEP][PASSED] - waitForElementVisible(findTestObject("Item Details Objects/Page_diagnostics/a_Procure_Directly_From_Seller"), 0): Object 'Object Repository/Item Details Objects/Page_diagnostics/a_Procure_Directly_From_Seller' is visible

2022-04-06 18:13:33 - [MESSAGE][WARNING] - Timeout '0' is invalid. Using default page load timeout: '30'

2022-04-06 18:13:35 - [MESSAGE][PASSED] - Object 'Object Repository/Item Details Objects/Page_diagnostics/a_Procure_Directly_From_Seller' is visible

2022-04-06 18:13:35 - [TEST_STEP][FAILED] - click(findTestObject("Item Details Objects/Page_diagnostics/a_Procure_Directly_From_Seller")): Unable to click on object 'Object Repository/Item Details Objects/Page_diagnostics/a_Procure_Directly_From_Seller' (Root cause: com.kms.katalon.core.exception.StepFailedException: Unable to click on object 'Object Repository/Item Details Objects/Page_diagnostics/a_Procure_Directly_From_Seller'
	at com.kms.katalon.core.webui.keyword.internal.WebUIKeywordMain.stepFailed(WebUIKeywordMain.groovy:64)
	at com.kms.katalon.core.webui.keyword.internal.WebUIKeywordMain.runKeyword(WebUIKeywordMain.groovy:26)
	at com.kms.katalon.core.webui.keyword.builtin.ClickKeyword.click(ClickKeyword.groovy:76)
	at com.kms.katalon.core.webui.keyword.builtin.ClickKeyword.execute(ClickKeyword.groovy:43)
	at com.kms.katalon.core.keyword.internal.KeywordExecutor.executeKeywordForPlatform(KeywordExecutor.groovy:73)
	at com.kms.katalon.core.webui.keyword.WebUiBuiltInKeywords.click(WebUiBuiltInKeywords.groovy:617)
	at com.kms.katalon.core.webui.keyword.WebUiBuiltInKeywords$click$1.call(Unknown Source)
	at TC_DETAILS_UI_020.run(TC_DETAILS_UI_020:22)
	at com.kms.katalon.core.main.ScriptEngine.run(ScriptEngine.java:194)
	at com.kms.katalon.core.main.ScriptEngine.runScriptAsRawText(ScriptEngine.java:119)
	at com.kms.katalon.core.main.TestCaseExecutor.runScript(TestCaseExecutor.java:339)
	at com.kms.katalon.core.main.TestCaseExecutor.doExecute(TestCaseExecutor.java:330)
	at com.kms.katalon.core.main.TestCaseExecutor.processExecutionPhase(TestCaseExecutor.java:309)
	at com.kms.katalon.core.main.TestCaseExecutor.accessMainPhase(TestCaseExecutor.java:301)
	at com.kms.katalon.core.main.TestCaseExecutor.execute(TestCaseExecutor.java:235)
	at com.kms.katalon.core.main.TestSuiteExecutor.accessTestCaseMainPhase(TestSuiteExecutor.java:191)
	at com.kms.katalon.core.main.TestSuiteExecutor.accessTestSuiteMainPhase(TestSuiteExecutor.java:141)
	at com.kms.katalon.core.main.TestSuiteExecutor.execute(TestSuiteExecutor.java:90)
	at com.kms.katalon.core.main.TestCaseMain.startTestSuite(TestCaseMain.java:157)
	at com.kms.katalon.core.main.TestCaseMain$startTestSuite$0.call(Unknown Source)
	at TempTestSuite1649239689066.run(TempTestSuite1649239689066.groovy:39)
Caused by: org.openqa.selenium.WebDriverException: unknown error: cannot determine loading status
from target frame detached
  (Session info: chrome=99.0.4844.84)
Build info: version: '3.141.59', revision: 'e82be7d358', time: '2018-11-14T08:25:53'
System info: host: 'DESKTOP-IJBB9BE', ip: '192.168.1.2', os.name: 'Windows 10', os.arch: 'amd64', os.version: '10.0', java.version: '1.8.0_181'
Driver info: com.kms.katalon.selenium.driver.CChromeDriver
Capabilities {acceptInsecureCerts: false, browserName: chrome, browserVersion: 99.0.4844.84, chrome: {chromedriverVersion: 99.0.4844.51 (d537ec02474b5..., userDataDir: C:\Users\Lexoter\AppData\Lo...}, goog:chromeOptions: {debuggerAddress: localhost:3552}, javascriptEnabled: true, networkConnectionEnabled: false, pageLoadStrategy: normal, platform: WINDOWS, platformName: WINDOWS, proxy: Proxy(), setWindowRect: true, strictFileInteractability: false, timeouts: {implicit: 0, pageLoad: 300000, script: 30000}, unhandledPromptBehavior: dismiss and notify, webauthn:extension:credBlob: true, webauthn:extension:largeBlob: true, webauthn:virtualAuthenticators: true}
Session ID: 643c86396fa3f54c4240c364c8c28057
	at org.openqa.selenium.remote.http.W3CHttpResponseCodec.createException(W3CHttpResponseCodec.java:187)
	at org.openqa.selenium.remote.http.W3CHttpResponseCodec.decode(W3CHttpResponseCodec.java:122)
	at org.openqa.selenium.remote.http.W3CHttpResponseCodec.decode(W3CHttpResponseCodec.java:49)
	at org.openqa.selenium.remote.HttpCommandExecutor.execute(HttpCommandExecutor.java:158)
	at org.openqa.selenium.remote.service.DriverCommandExecutor.execute(DriverCommandExecutor.java:83)
	at org.openqa.selenium.remote.RemoteWebDriver.execute(RemoteWebDriver.java:552)
	at com.kms.katalon.selenium.driver.CChromeDriver.execute(CChromeDriver.java:19)
	at org.openqa.selenium.remote.RemoteWebElement.execute(RemoteWebElement.java:285)
	at org.openqa.selenium.remote.RemoteWebElement.click(RemoteWebElement.java:84)
	at org.openqa.selenium.support.events.EventFiringWebDriver$EventFiringWebElement.lambda$new$0(EventFiringWebDriver.java:404)
	at com.sun.proxy.$Proxy10.click(Unknown Source)
	at org.openqa.selenium.support.events.EventFiringWebDriver$EventFiringWebElement.click(EventFiringWebDriver.java:417)
	at com.kms.katalon.core.webui.keyword.builtin.ClickKeyword$_click_closure1.doCall(ClickKeyword.groovy:69)
	at com.kms.katalon.core.webui.keyword.builtin.ClickKeyword$_click_closure1.call(ClickKeyword.groovy)
	at com.kms.katalon.core.webui.keyword.internal.WebUIKeywordMain.runKeyword(WebUIKeywordMain.groovy:20)
	at com.kms.katalon.core.webui.keyword.builtin.ClickKeyword.click(ClickKeyword.groovy:76)
	at com.kms.katalon.core.webui.keyword.builtin.ClickKeyword.execute(ClickKeyword.groovy:43)
	at com.kms.katalon.core.keyword.internal.KeywordExecutor.executeKeywordForPlatform(KeywordExecutor.groovy:73)
	at com.kms.katalon.core.webui.keyword.WebUiBuiltInKeywords.click(WebUiBuiltInKeywords.groovy:617)
	at com.kms.katalon.core.webui.keyword.WebUiBuiltInKeywords$click$1.call(Unknown Source)
	at Script1620629262211.run(Script1620629262211.groovy:22)
	... 13 more
)

2022-04-06 18:13:36 - [MESSAGE][FAILED] - Unable to click on object 'Object Repository/Item Details Objects/Page_diagnostics/a_Procure_Directly_From_Seller' (Root cause: com.kms.katalon.core.exception.StepFailedException: Unable to click on object 'Object Repository/Item Details Objects/Page_diagnostics/a_Procure_Directly_From_Seller'
	at com.kms.katalon.core.webui.keyword.internal.WebUIKeywordMain.stepFailed(WebUIKeywordMain.groovy:64)
	at com.kms.katalon.core.webui.keyword.internal.WebUIKeywordMain.runKeyword(WebUIKeywordMain.groovy:26)
	at com.kms.katalon.core.webui.keyword.builtin.ClickKeyword.click(ClickKeyword.groovy:76)
	at com.kms.katalon.core.webui.keyword.builtin.ClickKeyword.execute(ClickKeyword.groovy:43)
	at com.kms.katalon.core.keyword.internal.KeywordExecutor.executeKeywordForPlatform(KeywordExecutor.groovy:73)
	at com.kms.katalon.core.webui.keyword.WebUiBuiltInKeywords.click(WebUiBuiltInKeywords.groovy:617)
	at com.kms.katalon.core.webui.keyword.WebUiBuiltInKeywords$click$1.call(Unknown Source)
	at TC_DETAILS_UI_020.run(TC_DETAILS_UI_020:22)
	at com.kms.katalon.core.main.ScriptEngine.run(ScriptEngine.java:194)
	at com.kms.katalon.core.main.ScriptEngine.runScriptAsRawText(ScriptEngine.java:119)
	at com.kms.katalon.core.main.TestCaseExecutor.runScript(TestCaseExecutor.java:339)
	at com.kms.katalon.core.main.TestCaseExecutor.doExecute(TestCaseExecutor.java:330)
	at com.kms.katalon.core.main.TestCaseExecutor.processExecutionPhase(TestCaseExecutor.java:309)
	at com.kms.katalon.core.main.TestCaseExecutor.accessMainPhase(TestCaseExecutor.java:301)
	at com.kms.katalon.core.main.TestCaseExecutor.execute(TestCaseExecutor.java:235)
	at com.kms.katalon.core.main.TestSuiteExecutor.accessTestCaseMainPhase(TestSuiteExecutor.java:191)
	at com.kms.katalon.core.main.TestSuiteExecutor.accessTestSuiteMainPhase(TestSuiteExecutor.java:141)
	at com.kms.katalon.core.main.TestSuiteExecutor.execute(TestSuiteExecutor.java:90)
	at com.kms.katalon.core.main.TestCaseMain.startTestSuite(TestCaseMain.java:157)
	at com.kms.katalon.core.main.TestCaseMain$startTestSuite$0.call(Unknown Source)
	at TempTestSuite1649239689066.run(TempTestSuite1649239689066.groovy:39)
Caused by: org.openqa.selenium.WebDriverException: unknown error: cannot determine loading status
from target frame detached
  (Session info: chrome=99.0.4844.84)
Build info: version: '3.141.59', revision: 'e82be7d358', time: '2018-11-14T08:25:53'
System info: host: 'DESKTOP-IJBB9BE', ip: '192.168.1.2', os.name: 'Windows 10', os.arch: 'amd64', os.version: '10.0', java.version: '1.8.0_181'
Driver info: com.kms.katalon.selenium.driver.CChromeDriver
Capabilities {acceptInsecureCerts: false, browserName: chrome, browserVersion: 99.0.4844.84, chrome: {chromedriverVersion: 99.0.4844.51 (d537ec02474b5..., userDataDir: C:\Users\Lexoter\AppData\Lo...}, goog:chromeOptions: {debuggerAddress: localhost:3552}, javascriptEnabled: true, networkConnectionEnabled: false, pageLoadStrategy: normal, platform: WINDOWS, platformName: WINDOWS, proxy: Proxy(), setWindowRect: true, strictFileInteractability: false, timeouts: {implicit: 0, pageLoad: 300000, script: 30000}, unhandledPromptBehavior: dismiss and notify, webauthn:extension:credBlob: true, webauthn:extension:largeBlob: true, webauthn:virtualAuthenticators: true}
Session ID: 643c86396fa3f54c4240c364c8c28057
	at org.openqa.selenium.remote.http.W3CHttpResponseCodec.createException(W3CHttpResponseCodec.java:187)
	at org.openqa.selenium.remote.http.W3CHttpResponseCodec.decode(W3CHttpResponseCodec.java:122)
	at org.openqa.selenium.remote.http.W3CHttpResponseCodec.decode(W3CHttpResponseCodec.java:49)
	at org.openqa.selenium.remote.HttpCommandExecutor.execute(HttpCommandExecutor.java:158)
	at org.openqa.selenium.remote.service.DriverCommandExecutor.execute(DriverCommandExecutor.java:83)
	at org.openqa.selenium.remote.RemoteWebDriver.execute(RemoteWebDriver.java:552)
	at com.kms.katalon.selenium.driver.CChromeDriver.execute(CChromeDriver.java:19)
	at org.openqa.selenium.remote.RemoteWebElement.execute(RemoteWebElement.java:285)
	at org.openqa.selenium.remote.RemoteWebElement.click(RemoteWebElement.java:84)
	at org.openqa.selenium.support.events.EventFiringWebDriver$EventFiringWebElement.lambda$new$0(EventFiringWebDriver.java:404)
	at com.sun.proxy.$Proxy10.click(Unknown Source)
	at org.openqa.selenium.support.events.EventFiringWebDriver$EventFiringWebElement.click(EventFiringWebDriver.java:417)
	at com.kms.katalon.core.webui.keyword.builtin.ClickKeyword$_click_closure1.doCall(ClickKeyword.groovy:69)
	at com.kms.katalon.core.webui.keyword.builtin.ClickKeyword$_click_closure1.call(ClickKeyword.groovy)
	at com.kms.katalon.core.webui.keyword.internal.WebUIKeywordMain.runKeyword(WebUIKeywordMain.groovy:20)
	at com.kms.katalon.core.webui.keyword.builtin.ClickKeyword.click(ClickKeyword.groovy:76)
	at com.kms.katalon.core.webui.keyword.builtin.ClickKeyword.execute(ClickKeyword.groovy:43)
	at com.kms.katalon.core.keyword.internal.KeywordExecutor.executeKeywordForPlatform(KeywordExecutor.groovy:73)
	at com.kms.katalon.core.webui.keyword.WebUiBuiltInKeywords.click(WebUiBuiltInKeywords.groovy:617)
	at com.kms.katalon.core.webui.keyword.WebUiBuiltInKeywords$click$1.call(Unknown Source)
	at Script1620629262211.run(Script1620629262211.groovy:22)
	... 13 more
)
[[ATTACHMENT|K:\\Work\\GitHub\\find-item-detail-test_v2\\Reports\\20220406_180809\\Item detail test\\20220406_180809\\1649240015839.png]]]]></system-out>
         <system-err><![CDATA[2022-04-06 18:13:21 - [TEST_CASE][FAILED] - Test Cases/Custom Item Details/TEST CASE/TC_DETAILS_UI_020: Test Cases/Custom Item Details/TEST CASE/TC_DETAILS_UI_020 FAILED.
Reason:
com.kms.katalon.core.exception.StepFailedException: Unable to click on object 'Object Repository/Item Details Objects/Page_diagnostics/a_Procure_Directly_From_Seller'
	at com.kms.katalon.core.webui.keyword.internal.WebUIKeywordMain.stepFailed(WebUIKeywordMain.groovy:64)
	at com.kms.katalon.core.webui.keyword.internal.WebUIKeywordMain.runKeyword(WebUIKeywordMain.groovy:26)
	at com.kms.katalon.core.webui.keyword.builtin.ClickKeyword.click(ClickKeyword.groovy:76)
	at com.kms.katalon.core.webui.keyword.builtin.ClickKeyword.execute(ClickKeyword.groovy:43)
	at com.kms.katalon.core.keyword.internal.KeywordExecutor.executeKeywordForPlatform(KeywordExecutor.groovy:73)
	at com.kms.katalon.core.webui.keyword.WebUiBuiltInKeywords.click(WebUiBuiltInKeywords.groovy:617)
	at com.kms.katalon.core.webui.keyword.WebUiBuiltInKeywords$click$1.call(Unknown Source)
	at TC_DETAILS_UI_020.run(TC_DETAILS_UI_020:22)
	at com.kms.katalon.core.main.ScriptEngine.run(ScriptEngine.java:194)
	at com.kms.katalon.core.main.ScriptEngine.runScriptAsRawText(ScriptEngine.java:119)
	at com.kms.katalon.core.main.TestCaseExecutor.runScript(TestCaseExecutor.java:339)
	at com.kms.katalon.core.main.TestCaseExecutor.doExecute(TestCaseExecutor.java:330)
	at com.kms.katalon.core.main.TestCaseExecutor.processExecutionPhase(TestCaseExecutor.java:309)
	at com.kms.katalon.core.main.TestCaseExecutor.accessMainPhase(TestCaseExecutor.java:301)
	at com.kms.katalon.core.main.TestCaseExecutor.execute(TestCaseExecutor.java:235)
	at com.kms.katalon.core.main.TestSuiteExecutor.accessTestCaseMainPhase(TestSuiteExecutor.java:191)
	at com.kms.katalon.core.main.TestSuiteExecutor.accessTestSuiteMainPhase(TestSuiteExecutor.java:141)
	at com.kms.katalon.core.main.TestSuiteExecutor.execute(TestSuiteExecutor.java:90)
	at com.kms.katalon.core.main.TestCaseMain.startTestSuite(TestCaseMain.java:157)
	at com.kms.katalon.core.main.TestCaseMain$startTestSuite$0.call(Unknown Source)
	at TempTestSuite1649239689066.run(TempTestSuite1649239689066.groovy:39)
Caused by: org.openqa.selenium.WebDriverException: unknown error: cannot determine loading status
from target frame detached
  (Session info: chrome=99.0.4844.84)
Build info: version: '3.141.59', revision: 'e82be7d358', time: '2018-11-14T08:25:53'
System info: host: 'DESKTOP-IJBB9BE', ip: '192.168.1.2', os.name: 'Windows 10', os.arch: 'amd64', os.version: '10.0', java.version: '1.8.0_181'
Driver info: com.kms.katalon.selenium.driver.CChromeDriver
Capabilities {acceptInsecureCerts: false, browserName: chrome, browserVersion: 99.0.4844.84, chrome: {chromedriverVersion: 99.0.4844.51 (d537ec02474b5..., userDataDir: C:\Users\Lexoter\AppData\Lo...}, goog:chromeOptions: {debuggerAddress: localhost:3552}, javascriptEnabled: true, networkConnectionEnabled: false, pageLoadStrategy: normal, platform: WINDOWS, platformName: WINDOWS, proxy: Proxy(), setWindowRect: true, strictFileInteractability: false, timeouts: {implicit: 0, pageLoad: 300000, script: 30000}, unhandledPromptBehavior: dismiss and notify, webauthn:extension:credBlob: true, webauthn:extension:largeBlob: true, webauthn:virtualAuthenticators: true}
Session ID: 643c86396fa3f54c4240c364c8c28057
	at org.openqa.selenium.remote.http.W3CHttpResponseCodec.createException(W3CHttpResponseCodec.java:187)
	at org.openqa.selenium.remote.http.W3CHttpResponseCodec.decode(W3CHttpResponseCodec.java:122)
	at org.openqa.selenium.remote.http.W3CHttpResponseCodec.decode(W3CHttpResponseCodec.java:49)
	at org.openqa.selenium.remote.HttpCommandExecutor.execute(HttpCommandExecutor.java:158)
	at org.openqa.selenium.remote.service.DriverCommandExecutor.execute(DriverCommandExecutor.java:83)
	at org.openqa.selenium.remote.RemoteWebDriver.execute(RemoteWebDriver.java:552)
	at com.kms.katalon.selenium.driver.CChromeDriver.execute(CChromeDriver.java:19)
	at org.openqa.selenium.remote.RemoteWebElement.execute(RemoteWebElement.java:285)
	at org.openqa.selenium.remote.RemoteWebElement.click(RemoteWebElement.java:84)
	at org.openqa.selenium.support.events.EventFiringWebDriver$EventFiringWebElement.lambda$new$0(EventFiringWebDriver.java:404)
	at com.sun.proxy.$Proxy10.click(Unknown Source)
	at org.openqa.selenium.support.events.EventFiringWebDriver$EventFiringWebElement.click(EventFiringWebDriver.java:417)
	at com.kms.katalon.core.webui.keyword.builtin.ClickKeyword$_click_closure1.doCall(ClickKeyword.groovy:69)
	at com.kms.katalon.core.webui.keyword.builtin.ClickKeyword$_click_closure1.call(ClickKeyword.groovy)
	at com.kms.katalon.core.webui.keyword.internal.WebUIKeywordMain.runKeyword(WebUIKeywordMain.groovy:20)
	... 19 more]]></system-err>
      </testcase>
      <testcase name="Test Cases/Custom Item Details/TEST CASE/TC_DETAILS_UI_021" time="15.011" classname="Test Cases/Custom Item Details/TEST CASE/TC_DETAILS_UI_021" status="PASSED">
         <system-out><![CDATA[2022-04-06 18:13:36 - [TEST_CASE][PASSED] - Test Cases/Custom Item Details/TEST CASE/TC_DETAILS_UI_021: Test Cases/Custom Item Details/TEST CASE/TC_DETAILS_UI_021

2022-04-06 18:13:36 - [TEST_STEP][PASSED] - callTestCase(findTestCase("Custom Item Details/UTILITIES/OPEN_BROWSER"), [:], STOP_ON_FAILURE): Call Test Case 'Test Cases/Custom Item Details/UTILITIES/OPEN_BROWSER' successfully

2022-04-06 18:13:36 - [TEST_CASE][PASSED] - Test Cases/Custom Item Details/UTILITIES/OPEN_BROWSER: Test Cases/Custom Item Details/UTILITIES/OPEN_BROWSER

2022-04-06 18:13:36 - [TEST_STEP][PASSED] - openBrowser("https://diagnostics.staging.arcadier.io/"): Browser is opened with url: 'https://diagnostics.staging.arcadier.io/'

2022-04-06 18:13:36 - [MESSAGE][WARNING] - A browser is already opened. Closing browser and opening a new one

2022-04-06 18:13:37 - [MESSAGE][INFO] - Starting 'Chrome' driver

2022-04-06 18:13:37 - [MESSAGE][INFO] - Action delay is set to 0 milliseconds

2022-04-06 18:13:40 - [MESSAGE][PASSED] - Browser is opened with url: 'https://diagnostics.staging.arcadier.io/'

2022-04-06 18:13:40 - [TEST_STEP][PASSED] - maximizeWindow(): Current window maximized

2022-04-06 18:13:40 - [MESSAGE][PASSED] - Current window maximized

2022-04-06 18:13:40 - [TEST_STEP][PASSED] - click(findTestObject("Item Details Objects/Page_diagnostics/a_Accept Cookies")): Object: 'Object Repository/Item Details Objects/Page_diagnostics/a_Accept Cookies' is clicked on

2022-04-06 18:13:41 - [MESSAGE][PASSED] - Object: 'Object Repository/Item Details Objects/Page_diagnostics/a_Accept Cookies' is clicked on

2022-04-06 18:13:41 - [TEST_STEP][PASSED] - click(findTestObject("New_Homepage/Page_diagnostics/a_COVID-19 DIAGNOSTICS"), STOP_ON_FAILURE): Object: 'Object Repository/New_Homepage/Page_diagnostics/a_COVID-19 DIAGNOSTICS' is clicked on

2022-04-06 18:13:44 - [MESSAGE][PASSED] - Object: 'Object Repository/New_Homepage/Page_diagnostics/a_COVID-19 DIAGNOSTICS' is clicked on

2022-04-06 18:13:44 - [TEST_STEP][PASSED] - mouseOver(findTestObject("New_Homepage/Page_diagnostics/a_Abbott Rapid Diagnostics PANBIO COVID-19 Ag Rapid Test Device (Nasopharyngeal)")): Object: 'Object Repository/New_Homepage/Page_diagnostics/a_Abbott Rapid Diagnostics PANBIO COVID-19 Ag Rapid Test Device (Nasopharyngeal)' is hovered

2022-04-06 18:13:46 - [MESSAGE][PASSED] - Object: 'Object Repository/New_Homepage/Page_diagnostics/a_Abbott Rapid Diagnostics PANBIO COVID-19 Ag Rapid Test Device (Nasopharyngeal)' is hovered

2022-04-06 18:13:46 - [TEST_STEP][PASSED] - click(findTestObject("New_Homepage/Page_diagnostics/a_Abbott Rapid Diagnostics PANBIO COVID-19 Ag Rapid Test Device (Nasopharyngeal)")): Object: 'Object Repository/New_Homepage/Page_diagnostics/a_Abbott Rapid Diagnostics PANBIO COVID-19 Ag Rapid Test Device (Nasopharyngeal)' is clicked on

2022-04-06 18:13:48 - [MESSAGE][PASSED] - Object: 'Object Repository/New_Homepage/Page_diagnostics/a_Abbott Rapid Diagnostics PANBIO COVID-19 Ag Rapid Test Device (Nasopharyngeal)' is clicked on

2022-04-06 18:13:48 - [MESSAGE][PASSED] - Call Test Case 'Test Cases/Custom Item Details/UTILITIES/OPEN_BROWSER' successfully

2022-04-06 18:13:48 - [TEST_STEP][PASSED] - waitForElementVisible(findTestObject("Staging Objects/Page_diagnostics/span_Accessories included"), 0): Object 'Object Repository/Staging Objects/Page_diagnostics/span_Accessories included' is visible

2022-04-06 18:13:48 - [MESSAGE][WARNING] - Timeout '0' is invalid. Using default page load timeout: '30'

2022-04-06 18:13:50 - [MESSAGE][PASSED] - Object 'Object Repository/Staging Objects/Page_diagnostics/span_Accessories included' is visible

2022-04-06 18:13:50 - [TEST_STEP][PASSED] - verifyElementPresent(findTestObject("Staging Objects/Page_diagnostics/span_Accessories included"), 0): Object 'Object Repository/Staging Objects/Page_diagnostics/span_Accessories included' is present

2022-04-06 18:13:50 - [MESSAGE][WARNING] - Timeout '0' is invalid. Using default page load timeout: '30'

2022-04-06 18:13:50 - [MESSAGE][PASSED] - Object 'Object Repository/Staging Objects/Page_diagnostics/span_Accessories included' is present

2022-04-06 18:13:50 - [TEST_STEP][PASSED] - callTestCase(findTestCase("Custom Item Details/UTILITIES/CLOSE_BROWSER"), [:], STOP_ON_FAILURE): Call Test Case 'Test Cases/Custom Item Details/UTILITIES/CLOSE_BROWSER' successfully

2022-04-06 18:13:50 - [TEST_CASE][PASSED] - Test Cases/Custom Item Details/UTILITIES/CLOSE_BROWSER: Test Cases/Custom Item Details/UTILITIES/CLOSE_BROWSER

2022-04-06 18:13:50 - [TEST_STEP][PASSED] - closeBrowser(): Browser is closed

2022-04-06 18:13:51 - [MESSAGE][PASSED] - Browser is closed

2022-04-06 18:13:51 - [MESSAGE][PASSED] - Call Test Case 'Test Cases/Custom Item Details/UTILITIES/CLOSE_BROWSER' successfully]]></system-out>
         <system-err><![CDATA[]]></system-err>
      </testcase>
      <testcase name="Test Cases/Custom Item Details/TEST CASE/TC_DETAILS_UI_022" time="75.58" classname="Test Cases/Custom Item Details/TEST CASE/TC_DETAILS_UI_022" status="FAILED">
         <failure type="FAILED" message="Test Cases/Custom Item Details/TEST CASE/TC_DETAILS_UI_022 FAILED.
Reason:
com.kms.katalon.core.exception.StepFailedException: Unable to verify object 'Object Repository/Staging Objects/Page_diagnostics/span_Alerts' is present
	at com.kms.katalon.core.webui.keyword.internal.WebUIKeywordMain.stepFailed(WebUIKeywordMain.groovy:64)
	at com.kms.katalon.core.webui.keyword.internal.WebUIKeywordMain.runKeyword(WebUIKeywordMain.groovy:26)
	at com.kms.katalon.core.webui.keyword.builtin.VerifyElementPresentKeyword.verifyElementPresent(VerifyElementPresentKeyword.groovy:92)
	at com.kms.katalon.core.webui.keyword.builtin.VerifyElementPresentKeyword.execute(VerifyElementPresentKeyword.groovy:68)
	at com.kms.katalon.core.keyword.internal.KeywordExecutor.executeKeywordForPlatform(KeywordExecutor.groovy:73)
	at com.kms.katalon.core.webui.keyword.WebUiBuiltInKeywords.verifyElementPresent(WebUiBuiltInKeywords.groovy:1461)
	at com.kms.katalon.core.webui.keyword.WebUiBuiltInKeywords$verifyElementPresent$9.call(Unknown Source)
	at TC_DETAILS_UI_022.run(TC_DETAILS_UI_022:22)
	at com.kms.katalon.core.main.ScriptEngine.run(ScriptEngine.java:194)
	at com.kms.katalon.core.main.ScriptEngine.runScriptAsRawText(ScriptEngine.java:119)
	at com.kms.katalon.core.main.TestCaseExecutor.runScript(TestCaseExecutor.java:339)
	at com.kms.katalon.core.main.TestCaseExecutor.doExecute(TestCaseExecutor.java:330)
	at com.kms.katalon.core.main.TestCaseExecutor.processExecutionPhase(TestCaseExecutor.java:309)
	at com.kms.katalon.core.main.TestCaseExecutor.accessMainPhase(TestCaseExecutor.java:301)
	at com.kms.katalon.core.main.TestCaseExecutor.execute(TestCaseExecutor.java:235)
	at com.kms.katalon.core.main.TestSuiteExecutor.accessTestCaseMainPhase(TestSuiteExecutor.java:191)
	at com.kms.katalon.core.main.TestSuiteExecutor.accessTestSuiteMainPhase(TestSuiteExecutor.java:141)
	at com.kms.katalon.core.main.TestSuiteExecutor.execute(TestSuiteExecutor.java:90)
	at com.kms.katalon.core.main.TestCaseMain.startTestSuite(TestCaseMain.java:157)
	at com.kms.katalon.core.main.TestCaseMain$startTestSuite$0.call(Unknown Source)
	at TempTestSuite1649239689066.run(TempTestSuite1649239689066.groovy:39)
Caused by: com.kms.katalon.core.exception.StepFailedException: com.kms.katalon.core.webui.exception.WebElementNotFoundException: Web element with id: 'Object Repository/Staging Objects/Page_diagnostics/span_Alerts' located by '//*[(text() = 'Alerts:' or . = 'Alerts:')]' not found
	at com.kms.katalon.core.webui.keyword.internal.WebUIKeywordMain.stepFailed(WebUIKeywordMain.groovy:64)
	at com.kms.katalon.core.webui.keyword.builtin.VerifyElementPresentKeyword$_verifyElementPresent_closure1.doCall(VerifyElementPresentKeyword.groovy:85)
	at com.kms.katalon.core.webui.keyword.builtin.VerifyElementPresentKeyword$_verifyElementPresent_closure1.call(VerifyElementPresentKeyword.groovy)
	at com.kms.katalon.core.webui.keyword.internal.WebUIKeywordMain.runKeyword(WebUIKeywordMain.groovy:20)
	... 19 more
"/>
         <system-out><![CDATA[2022-04-06 18:13:51 - [TEST_CASE][FAILED] - Test Cases/Custom Item Details/TEST CASE/TC_DETAILS_UI_022: Test Cases/Custom Item Details/TEST CASE/TC_DETAILS_UI_022 FAILED.
Reason:
com.kms.katalon.core.exception.StepFailedException: Unable to verify object 'Object Repository/Staging Objects/Page_diagnostics/span_Alerts' is present
	at com.kms.katalon.core.webui.keyword.internal.WebUIKeywordMain.stepFailed(WebUIKeywordMain.groovy:64)
	at com.kms.katalon.core.webui.keyword.internal.WebUIKeywordMain.runKeyword(WebUIKeywordMain.groovy:26)
	at com.kms.katalon.core.webui.keyword.builtin.VerifyElementPresentKeyword.verifyElementPresent(VerifyElementPresentKeyword.groovy:92)
	at com.kms.katalon.core.webui.keyword.builtin.VerifyElementPresentKeyword.execute(VerifyElementPresentKeyword.groovy:68)
	at com.kms.katalon.core.keyword.internal.KeywordExecutor.executeKeywordForPlatform(KeywordExecutor.groovy:73)
	at com.kms.katalon.core.webui.keyword.WebUiBuiltInKeywords.verifyElementPresent(WebUiBuiltInKeywords.groovy:1461)
	at com.kms.katalon.core.webui.keyword.WebUiBuiltInKeywords$verifyElementPresent$9.call(Unknown Source)
	at TC_DETAILS_UI_022.run(TC_DETAILS_UI_022:22)
	at com.kms.katalon.core.main.ScriptEngine.run(ScriptEngine.java:194)
	at com.kms.katalon.core.main.ScriptEngine.runScriptAsRawText(ScriptEngine.java:119)
	at com.kms.katalon.core.main.TestCaseExecutor.runScript(TestCaseExecutor.java:339)
	at com.kms.katalon.core.main.TestCaseExecutor.doExecute(TestCaseExecutor.java:330)
	at com.kms.katalon.core.main.TestCaseExecutor.processExecutionPhase(TestCaseExecutor.java:309)
	at com.kms.katalon.core.main.TestCaseExecutor.accessMainPhase(TestCaseExecutor.java:301)
	at com.kms.katalon.core.main.TestCaseExecutor.execute(TestCaseExecutor.java:235)
	at com.kms.katalon.core.main.TestSuiteExecutor.accessTestCaseMainPhase(TestSuiteExecutor.java:191)
	at com.kms.katalon.core.main.TestSuiteExecutor.accessTestSuiteMainPhase(TestSuiteExecutor.java:141)
	at com.kms.katalon.core.main.TestSuiteExecutor.execute(TestSuiteExecutor.java:90)
	at com.kms.katalon.core.main.TestCaseMain.startTestSuite(TestCaseMain.java:157)
	at com.kms.katalon.core.main.TestCaseMain$startTestSuite$0.call(Unknown Source)
	at TempTestSuite1649239689066.run(TempTestSuite1649239689066.groovy:39)
Caused by: com.kms.katalon.core.exception.StepFailedException: com.kms.katalon.core.webui.exception.WebElementNotFoundException: Web element with id: 'Object Repository/Staging Objects/Page_diagnostics/span_Alerts' located by '//*[(text() = 'Alerts:' or . = 'Alerts:')]' not found
	at com.kms.katalon.core.webui.keyword.internal.WebUIKeywordMain.stepFailed(WebUIKeywordMain.groovy:64)
	at com.kms.katalon.core.webui.keyword.builtin.VerifyElementPresentKeyword$_verifyElementPresent_closure1.doCall(VerifyElementPresentKeyword.groovy:85)
	at com.kms.katalon.core.webui.keyword.builtin.VerifyElementPresentKeyword$_verifyElementPresent_closure1.call(VerifyElementPresentKeyword.groovy)
	at com.kms.katalon.core.webui.keyword.internal.WebUIKeywordMain.runKeyword(WebUIKeywordMain.groovy:20)
	... 19 more


2022-04-06 18:13:51 - [TEST_STEP][PASSED] - callTestCase(findTestCase("Custom Item Details/UTILITIES/OPEN_BROWSER"), [:], STOP_ON_FAILURE): Call Test Case 'Test Cases/Custom Item Details/UTILITIES/OPEN_BROWSER' successfully

2022-04-06 18:13:51 - [TEST_CASE][PASSED] - Test Cases/Custom Item Details/UTILITIES/OPEN_BROWSER: Test Cases/Custom Item Details/UTILITIES/OPEN_BROWSER

2022-04-06 18:13:51 - [TEST_STEP][PASSED] - openBrowser("https://diagnostics.staging.arcadier.io/"): Browser is opened with url: 'https://diagnostics.staging.arcadier.io/'

2022-04-06 18:13:51 - [MESSAGE][INFO] - Starting 'Chrome' driver

2022-04-06 18:13:51 - [MESSAGE][INFO] - Action delay is set to 0 milliseconds

2022-04-06 18:13:54 - [MESSAGE][PASSED] - Browser is opened with url: 'https://diagnostics.staging.arcadier.io/'

2022-04-06 18:13:54 - [TEST_STEP][PASSED] - maximizeWindow(): Current window maximized

2022-04-06 18:13:54 - [MESSAGE][PASSED] - Current window maximized

2022-04-06 18:13:54 - [TEST_STEP][PASSED] - click(findTestObject("Item Details Objects/Page_diagnostics/a_Accept Cookies")): Object: 'Object Repository/Item Details Objects/Page_diagnostics/a_Accept Cookies' is clicked on

2022-04-06 18:13:56 - [MESSAGE][PASSED] - Object: 'Object Repository/Item Details Objects/Page_diagnostics/a_Accept Cookies' is clicked on

2022-04-06 18:13:56 - [TEST_STEP][PASSED] - click(findTestObject("New_Homepage/Page_diagnostics/a_COVID-19 DIAGNOSTICS"), STOP_ON_FAILURE): Object: 'Object Repository/New_Homepage/Page_diagnostics/a_COVID-19 DIAGNOSTICS' is clicked on

2022-04-06 18:13:58 - [MESSAGE][PASSED] - Object: 'Object Repository/New_Homepage/Page_diagnostics/a_COVID-19 DIAGNOSTICS' is clicked on

2022-04-06 18:13:58 - [TEST_STEP][PASSED] - mouseOver(findTestObject("New_Homepage/Page_diagnostics/a_Abbott Rapid Diagnostics PANBIO COVID-19 Ag Rapid Test Device (Nasopharyngeal)")): Object: 'Object Repository/New_Homepage/Page_diagnostics/a_Abbott Rapid Diagnostics PANBIO COVID-19 Ag Rapid Test Device (Nasopharyngeal)' is hovered

2022-04-06 18:14:01 - [MESSAGE][PASSED] - Object: 'Object Repository/New_Homepage/Page_diagnostics/a_Abbott Rapid Diagnostics PANBIO COVID-19 Ag Rapid Test Device (Nasopharyngeal)' is hovered

2022-04-06 18:14:01 - [TEST_STEP][PASSED] - click(findTestObject("New_Homepage/Page_diagnostics/a_Abbott Rapid Diagnostics PANBIO COVID-19 Ag Rapid Test Device (Nasopharyngeal)")): Object: 'Object Repository/New_Homepage/Page_diagnostics/a_Abbott Rapid Diagnostics PANBIO COVID-19 Ag Rapid Test Device (Nasopharyngeal)' is clicked on

2022-04-06 18:14:04 - [MESSAGE][PASSED] - Object: 'Object Repository/New_Homepage/Page_diagnostics/a_Abbott Rapid Diagnostics PANBIO COVID-19 Ag Rapid Test Device (Nasopharyngeal)' is clicked on

2022-04-06 18:14:04 - [MESSAGE][PASSED] - Call Test Case 'Test Cases/Custom Item Details/UTILITIES/OPEN_BROWSER' successfully

2022-04-06 18:14:04 - [TEST_STEP][PASSED] - waitForElementVisible(findTestObject("Staging Objects/Page_diagnostics/span_Alerts"), 0): Web element with id: 'Object Repository/Staging Objects/Page_diagnostics/span_Alerts' located by '//*[(text() = 'Alerts:' or . = 'Alerts:')]' not found

2022-04-06 18:14:04 - [MESSAGE][WARNING] - Timeout '0' is invalid. Using default page load timeout: '30'

2022-04-06 18:14:35 - [MESSAGE][INFO] - Unable to find the element located by 'By.xpath: //*[(text() = 'Alerts:' or . = 'Alerts:')]'. Please recheck the objects properties to make sure the desired element is located. 

2022-04-06 18:14:35 - [MESSAGE][WARNING] - Web element with id: 'Object Repository/Staging Objects/Page_diagnostics/span_Alerts' located by '//*[(text() = 'Alerts:' or . = 'Alerts:')]' not found

2022-04-06 18:14:35 - [TEST_STEP][FAILED] - verifyElementPresent(findTestObject("Staging Objects/Page_diagnostics/span_Alerts"), 0): Unable to verify object 'Object Repository/Staging Objects/Page_diagnostics/span_Alerts' is present (Root cause: com.kms.katalon.core.exception.StepFailedException: Unable to verify object 'Object Repository/Staging Objects/Page_diagnostics/span_Alerts' is present
	at com.kms.katalon.core.webui.keyword.internal.WebUIKeywordMain.stepFailed(WebUIKeywordMain.groovy:64)
	at com.kms.katalon.core.webui.keyword.internal.WebUIKeywordMain.runKeyword(WebUIKeywordMain.groovy:26)
	at com.kms.katalon.core.webui.keyword.builtin.VerifyElementPresentKeyword.verifyElementPresent(VerifyElementPresentKeyword.groovy:92)
	at com.kms.katalon.core.webui.keyword.builtin.VerifyElementPresentKeyword.execute(VerifyElementPresentKeyword.groovy:68)
	at com.kms.katalon.core.keyword.internal.KeywordExecutor.executeKeywordForPlatform(KeywordExecutor.groovy:73)
	at com.kms.katalon.core.webui.keyword.WebUiBuiltInKeywords.verifyElementPresent(WebUiBuiltInKeywords.groovy:1461)
	at com.kms.katalon.core.webui.keyword.WebUiBuiltInKeywords$verifyElementPresent$9.call(Unknown Source)
	at TC_DETAILS_UI_022.run(TC_DETAILS_UI_022:22)
	at com.kms.katalon.core.main.ScriptEngine.run(ScriptEngine.java:194)
	at com.kms.katalon.core.main.ScriptEngine.runScriptAsRawText(ScriptEngine.java:119)
	at com.kms.katalon.core.main.TestCaseExecutor.runScript(TestCaseExecutor.java:339)
	at com.kms.katalon.core.main.TestCaseExecutor.doExecute(TestCaseExecutor.java:330)
	at com.kms.katalon.core.main.TestCaseExecutor.processExecutionPhase(TestCaseExecutor.java:309)
	at com.kms.katalon.core.main.TestCaseExecutor.accessMainPhase(TestCaseExecutor.java:301)
	at com.kms.katalon.core.main.TestCaseExecutor.execute(TestCaseExecutor.java:235)
	at com.kms.katalon.core.main.TestSuiteExecutor.accessTestCaseMainPhase(TestSuiteExecutor.java:191)
	at com.kms.katalon.core.main.TestSuiteExecutor.accessTestSuiteMainPhase(TestSuiteExecutor.java:141)
	at com.kms.katalon.core.main.TestSuiteExecutor.execute(TestSuiteExecutor.java:90)
	at com.kms.katalon.core.main.TestCaseMain.startTestSuite(TestCaseMain.java:157)
	at com.kms.katalon.core.main.TestCaseMain$startTestSuite$0.call(Unknown Source)
	at TempTestSuite1649239689066.run(TempTestSuite1649239689066.groovy:39)
Caused by: com.kms.katalon.core.exception.StepFailedException: com.kms.katalon.core.webui.exception.WebElementNotFoundException: Web element with id: 'Object Repository/Staging Objects/Page_diagnostics/span_Alerts' located by '//*[(text() = 'Alerts:' or . = 'Alerts:')]' not found
	at com.kms.katalon.core.webui.keyword.internal.WebUIKeywordMain.stepFailed(WebUIKeywordMain.groovy:64)
	at com.kms.katalon.core.webui.keyword.builtin.VerifyElementPresentKeyword$_verifyElementPresent_closure1.doCall(VerifyElementPresentKeyword.groovy:85)
	at com.kms.katalon.core.webui.keyword.builtin.VerifyElementPresentKeyword$_verifyElementPresent_closure1.call(VerifyElementPresentKeyword.groovy)
	at com.kms.katalon.core.webui.keyword.internal.WebUIKeywordMain.runKeyword(WebUIKeywordMain.groovy:20)
	... 19 more
)

2022-04-06 18:14:35 - [MESSAGE][WARNING] - Timeout '0' is invalid. Using default page load timeout: '30'

2022-04-06 18:15:06 - [MESSAGE][INFO] - Unable to find the element located by 'By.xpath: //*[(text() = 'Alerts:' or . = 'Alerts:')]'. Please recheck the objects properties to make sure the desired element is located. 

2022-04-06 18:15:06 - [MESSAGE][FAILED] - com.kms.katalon.core.webui.exception.WebElementNotFoundException: Web element with id: 'Object Repository/Staging Objects/Page_diagnostics/span_Alerts' located by '//*[(text() = 'Alerts:' or . = 'Alerts:')]' not found (Root cause: com.kms.katalon.core.exception.StepFailedException: com.kms.katalon.core.webui.exception.WebElementNotFoundException: Web element with id: 'Object Repository/Staging Objects/Page_diagnostics/span_Alerts' located by '//*[(text() = 'Alerts:' or . = 'Alerts:')]' not found
	at com.kms.katalon.core.webui.keyword.internal.WebUIKeywordMain.stepFailed(WebUIKeywordMain.groovy:64)
	at com.kms.katalon.core.webui.keyword.builtin.VerifyElementPresentKeyword$_verifyElementPresent_closure1.doCall(VerifyElementPresentKeyword.groovy:85)
	at com.kms.katalon.core.webui.keyword.builtin.VerifyElementPresentKeyword$_verifyElementPresent_closure1.call(VerifyElementPresentKeyword.groovy)
	at com.kms.katalon.core.webui.keyword.internal.WebUIKeywordMain.runKeyword(WebUIKeywordMain.groovy:20)
	at com.kms.katalon.core.webui.keyword.builtin.VerifyElementPresentKeyword.verifyElementPresent(VerifyElementPresentKeyword.groovy:92)
	at com.kms.katalon.core.webui.keyword.builtin.VerifyElementPresentKeyword.execute(VerifyElementPresentKeyword.groovy:68)
	at com.kms.katalon.core.keyword.internal.KeywordExecutor.executeKeywordForPlatform(KeywordExecutor.groovy:73)
	at com.kms.katalon.core.webui.keyword.WebUiBuiltInKeywords.verifyElementPresent(WebUiBuiltInKeywords.groovy:1461)
	at com.kms.katalon.core.webui.keyword.WebUiBuiltInKeywords$verifyElementPresent$9.call(Unknown Source)
	at TC_DETAILS_UI_022.run(TC_DETAILS_UI_022:22)
	at com.kms.katalon.core.main.ScriptEngine.run(ScriptEngine.java:194)
	at com.kms.katalon.core.main.ScriptEngine.runScriptAsRawText(ScriptEngine.java:119)
	at com.kms.katalon.core.main.TestCaseExecutor.runScript(TestCaseExecutor.java:339)
	at com.kms.katalon.core.main.TestCaseExecutor.doExecute(TestCaseExecutor.java:330)
	at com.kms.katalon.core.main.TestCaseExecutor.processExecutionPhase(TestCaseExecutor.java:309)
	at com.kms.katalon.core.main.TestCaseExecutor.accessMainPhase(TestCaseExecutor.java:301)
	at com.kms.katalon.core.main.TestCaseExecutor.execute(TestCaseExecutor.java:235)
	at com.kms.katalon.core.main.TestSuiteExecutor.accessTestCaseMainPhase(TestSuiteExecutor.java:191)
	at com.kms.katalon.core.main.TestSuiteExecutor.accessTestSuiteMainPhase(TestSuiteExecutor.java:141)
	at com.kms.katalon.core.main.TestSuiteExecutor.execute(TestSuiteExecutor.java:90)
	at com.kms.katalon.core.main.TestCaseMain.startTestSuite(TestCaseMain.java:157)
	at com.kms.katalon.core.main.TestCaseMain$startTestSuite$0.call(Unknown Source)
	at TempTestSuite1649239689066.run(TempTestSuite1649239689066.groovy:39)
)
[[ATTACHMENT|K:\\Work\\GitHub\\find-item-detail-test_v2\\Reports\\20220406_180809\\Item detail test\\20220406_180809\\1649240106421.png]]

2022-04-06 18:15:06 - [MESSAGE][FAILED] - Unable to verify object 'Object Repository/Staging Objects/Page_diagnostics/span_Alerts' is present (Root cause: com.kms.katalon.core.exception.StepFailedException: Unable to verify object 'Object Repository/Staging Objects/Page_diagnostics/span_Alerts' is present
	at com.kms.katalon.core.webui.keyword.internal.WebUIKeywordMain.stepFailed(WebUIKeywordMain.groovy:64)
	at com.kms.katalon.core.webui.keyword.internal.WebUIKeywordMain.runKeyword(WebUIKeywordMain.groovy:26)
	at com.kms.katalon.core.webui.keyword.builtin.VerifyElementPresentKeyword.verifyElementPresent(VerifyElementPresentKeyword.groovy:92)
	at com.kms.katalon.core.webui.keyword.builtin.VerifyElementPresentKeyword.execute(VerifyElementPresentKeyword.groovy:68)
	at com.kms.katalon.core.keyword.internal.KeywordExecutor.executeKeywordForPlatform(KeywordExecutor.groovy:73)
	at com.kms.katalon.core.webui.keyword.WebUiBuiltInKeywords.verifyElementPresent(WebUiBuiltInKeywords.groovy:1461)
	at com.kms.katalon.core.webui.keyword.WebUiBuiltInKeywords$verifyElementPresent$9.call(Unknown Source)
	at TC_DETAILS_UI_022.run(TC_DETAILS_UI_022:22)
	at com.kms.katalon.core.main.ScriptEngine.run(ScriptEngine.java:194)
	at com.kms.katalon.core.main.ScriptEngine.runScriptAsRawText(ScriptEngine.java:119)
	at com.kms.katalon.core.main.TestCaseExecutor.runScript(TestCaseExecutor.java:339)
	at com.kms.katalon.core.main.TestCaseExecutor.doExecute(TestCaseExecutor.java:330)
	at com.kms.katalon.core.main.TestCaseExecutor.processExecutionPhase(TestCaseExecutor.java:309)
	at com.kms.katalon.core.main.TestCaseExecutor.accessMainPhase(TestCaseExecutor.java:301)
	at com.kms.katalon.core.main.TestCaseExecutor.execute(TestCaseExecutor.java:235)
	at com.kms.katalon.core.main.TestSuiteExecutor.accessTestCaseMainPhase(TestSuiteExecutor.java:191)
	at com.kms.katalon.core.main.TestSuiteExecutor.accessTestSuiteMainPhase(TestSuiteExecutor.java:141)
	at com.kms.katalon.core.main.TestSuiteExecutor.execute(TestSuiteExecutor.java:90)
	at com.kms.katalon.core.main.TestCaseMain.startTestSuite(TestCaseMain.java:157)
	at com.kms.katalon.core.main.TestCaseMain$startTestSuite$0.call(Unknown Source)
	at TempTestSuite1649239689066.run(TempTestSuite1649239689066.groovy:39)
Caused by: com.kms.katalon.core.exception.StepFailedException: com.kms.katalon.core.webui.exception.WebElementNotFoundException: Web element with id: 'Object Repository/Staging Objects/Page_diagnostics/span_Alerts' located by '//*[(text() = 'Alerts:' or . = 'Alerts:')]' not found
	at com.kms.katalon.core.webui.keyword.internal.WebUIKeywordMain.stepFailed(WebUIKeywordMain.groovy:64)
	at com.kms.katalon.core.webui.keyword.builtin.VerifyElementPresentKeyword$_verifyElementPresent_closure1.doCall(VerifyElementPresentKeyword.groovy:85)
	at com.kms.katalon.core.webui.keyword.builtin.VerifyElementPresentKeyword$_verifyElementPresent_closure1.call(VerifyElementPresentKeyword.groovy)
	at com.kms.katalon.core.webui.keyword.internal.WebUIKeywordMain.runKeyword(WebUIKeywordMain.groovy:20)
	... 19 more
)
[[ATTACHMENT|K:\\Work\\GitHub\\find-item-detail-test_v2\\Reports\\20220406_180809\\Item detail test\\20220406_180809\\1649240106565.png]]]]></system-out>
         <system-err><![CDATA[2022-04-06 18:13:51 - [TEST_CASE][FAILED] - Test Cases/Custom Item Details/TEST CASE/TC_DETAILS_UI_022: Test Cases/Custom Item Details/TEST CASE/TC_DETAILS_UI_022 FAILED.
Reason:
com.kms.katalon.core.exception.StepFailedException: Unable to verify object 'Object Repository/Staging Objects/Page_diagnostics/span_Alerts' is present
	at com.kms.katalon.core.webui.keyword.internal.WebUIKeywordMain.stepFailed(WebUIKeywordMain.groovy:64)
	at com.kms.katalon.core.webui.keyword.internal.WebUIKeywordMain.runKeyword(WebUIKeywordMain.groovy:26)
	at com.kms.katalon.core.webui.keyword.builtin.VerifyElementPresentKeyword.verifyElementPresent(VerifyElementPresentKeyword.groovy:92)
	at com.kms.katalon.core.webui.keyword.builtin.VerifyElementPresentKeyword.execute(VerifyElementPresentKeyword.groovy:68)
	at com.kms.katalon.core.keyword.internal.KeywordExecutor.executeKeywordForPlatform(KeywordExecutor.groovy:73)
	at com.kms.katalon.core.webui.keyword.WebUiBuiltInKeywords.verifyElementPresent(WebUiBuiltInKeywords.groovy:1461)
	at com.kms.katalon.core.webui.keyword.WebUiBuiltInKeywords$verifyElementPresent$9.call(Unknown Source)
	at TC_DETAILS_UI_022.run(TC_DETAILS_UI_022:22)
	at com.kms.katalon.core.main.ScriptEngine.run(ScriptEngine.java:194)
	at com.kms.katalon.core.main.ScriptEngine.runScriptAsRawText(ScriptEngine.java:119)
	at com.kms.katalon.core.main.TestCaseExecutor.runScript(TestCaseExecutor.java:339)
	at com.kms.katalon.core.main.TestCaseExecutor.doExecute(TestCaseExecutor.java:330)
	at com.kms.katalon.core.main.TestCaseExecutor.processExecutionPhase(TestCaseExecutor.java:309)
	at com.kms.katalon.core.main.TestCaseExecutor.accessMainPhase(TestCaseExecutor.java:301)
	at com.kms.katalon.core.main.TestCaseExecutor.execute(TestCaseExecutor.java:235)
	at com.kms.katalon.core.main.TestSuiteExecutor.accessTestCaseMainPhase(TestSuiteExecutor.java:191)
	at com.kms.katalon.core.main.TestSuiteExecutor.accessTestSuiteMainPhase(TestSuiteExecutor.java:141)
	at com.kms.katalon.core.main.TestSuiteExecutor.execute(TestSuiteExecutor.java:90)
	at com.kms.katalon.core.main.TestCaseMain.startTestSuite(TestCaseMain.java:157)
	at com.kms.katalon.core.main.TestCaseMain$startTestSuite$0.call(Unknown Source)
	at TempTestSuite1649239689066.run(TempTestSuite1649239689066.groovy:39)
Caused by: com.kms.katalon.core.exception.StepFailedException: com.kms.katalon.core.webui.exception.WebElementNotFoundException: Web element with id: 'Object Repository/Staging Objects/Page_diagnostics/span_Alerts' located by '//*[(text() = 'Alerts:' or . = 'Alerts:')]' not found
	at com.kms.katalon.core.webui.keyword.internal.WebUIKeywordMain.stepFailed(WebUIKeywordMain.groovy:64)
	at com.kms.katalon.core.webui.keyword.builtin.VerifyElementPresentKeyword$_verifyElementPresent_closure1.doCall(VerifyElementPresentKeyword.groovy:85)
	at com.kms.katalon.core.webui.keyword.builtin.VerifyElementPresentKeyword$_verifyElementPresent_closure1.call(VerifyElementPresentKeyword.groovy)
	at com.kms.katalon.core.webui.keyword.internal.WebUIKeywordMain.runKeyword(WebUIKeywordMain.groovy:20)
	... 19 more]]></system-err>
      </testcase>
      <testcase name="Test Cases/Custom Item Details/TEST CASE/TC_DETAILS_UI_023" time="76.725" classname="Test Cases/Custom Item Details/TEST CASE/TC_DETAILS_UI_023" status="FAILED">
         <failure type="FAILED" message="Test Cases/Custom Item Details/TEST CASE/TC_DETAILS_UI_023 FAILED.
Reason:
com.kms.katalon.core.exception.StepFailedException: Unable to verify object 'Object Repository/Staging Objects/Page_diagnostics/span_Coding of the meter' is present
	at com.kms.katalon.core.webui.keyword.internal.WebUIKeywordMain.stepFailed(WebUIKeywordMain.groovy:64)
	at com.kms.katalon.core.webui.keyword.internal.WebUIKeywordMain.runKeyword(WebUIKeywordMain.groovy:26)
	at com.kms.katalon.core.webui.keyword.builtin.VerifyElementPresentKeyword.verifyElementPresent(VerifyElementPresentKeyword.groovy:92)
	at com.kms.katalon.core.webui.keyword.builtin.VerifyElementPresentKeyword.execute(VerifyElementPresentKeyword.groovy:68)
	at com.kms.katalon.core.keyword.internal.KeywordExecutor.executeKeywordForPlatform(KeywordExecutor.groovy:73)
	at com.kms.katalon.core.webui.keyword.WebUiBuiltInKeywords.verifyElementPresent(WebUiBuiltInKeywords.groovy:1461)
	at com.kms.katalon.core.webui.keyword.WebUiBuiltInKeywords$verifyElementPresent$9.call(Unknown Source)
	at TC_DETAILS_UI_023.run(TC_DETAILS_UI_023:22)
	at com.kms.katalon.core.main.ScriptEngine.run(ScriptEngine.java:194)
	at com.kms.katalon.core.main.ScriptEngine.runScriptAsRawText(ScriptEngine.java:119)
	at com.kms.katalon.core.main.TestCaseExecutor.runScript(TestCaseExecutor.java:339)
	at com.kms.katalon.core.main.TestCaseExecutor.doExecute(TestCaseExecutor.java:330)
	at com.kms.katalon.core.main.TestCaseExecutor.processExecutionPhase(TestCaseExecutor.java:309)
	at com.kms.katalon.core.main.TestCaseExecutor.accessMainPhase(TestCaseExecutor.java:301)
	at com.kms.katalon.core.main.TestCaseExecutor.execute(TestCaseExecutor.java:235)
	at com.kms.katalon.core.main.TestSuiteExecutor.accessTestCaseMainPhase(TestSuiteExecutor.java:191)
	at com.kms.katalon.core.main.TestSuiteExecutor.accessTestSuiteMainPhase(TestSuiteExecutor.java:141)
	at com.kms.katalon.core.main.TestSuiteExecutor.execute(TestSuiteExecutor.java:90)
	at com.kms.katalon.core.main.TestCaseMain.startTestSuite(TestCaseMain.java:157)
	at com.kms.katalon.core.main.TestCaseMain$startTestSuite$0.call(Unknown Source)
	at TempTestSuite1649239689066.run(TempTestSuite1649239689066.groovy:39)
Caused by: com.kms.katalon.core.exception.StepFailedException: com.kms.katalon.core.webui.exception.WebElementNotFoundException: Web element with id: 'Object Repository/Staging Objects/Page_diagnostics/span_Coding of the meter' located by '//*[(text() = 'Coding of the meter:' or . = 'Coding of the meter:')]' not found
	at com.kms.katalon.core.webui.keyword.internal.WebUIKeywordMain.stepFailed(WebUIKeywordMain.groovy:64)
	at com.kms.katalon.core.webui.keyword.builtin.VerifyElementPresentKeyword$_verifyElementPresent_closure1.doCall(VerifyElementPresentKeyword.groovy:85)
	at com.kms.katalon.core.webui.keyword.builtin.VerifyElementPresentKeyword$_verifyElementPresent_closure1.call(VerifyElementPresentKeyword.groovy)
	at com.kms.katalon.core.webui.keyword.internal.WebUIKeywordMain.runKeyword(WebUIKeywordMain.groovy:20)
	... 19 more
"/>
         <system-out><![CDATA[2022-04-06 18:15:06 - [TEST_CASE][FAILED] - Test Cases/Custom Item Details/TEST CASE/TC_DETAILS_UI_023: Test Cases/Custom Item Details/TEST CASE/TC_DETAILS_UI_023 FAILED.
Reason:
com.kms.katalon.core.exception.StepFailedException: Unable to verify object 'Object Repository/Staging Objects/Page_diagnostics/span_Coding of the meter' is present
	at com.kms.katalon.core.webui.keyword.internal.WebUIKeywordMain.stepFailed(WebUIKeywordMain.groovy:64)
	at com.kms.katalon.core.webui.keyword.internal.WebUIKeywordMain.runKeyword(WebUIKeywordMain.groovy:26)
	at com.kms.katalon.core.webui.keyword.builtin.VerifyElementPresentKeyword.verifyElementPresent(VerifyElementPresentKeyword.groovy:92)
	at com.kms.katalon.core.webui.keyword.builtin.VerifyElementPresentKeyword.execute(VerifyElementPresentKeyword.groovy:68)
	at com.kms.katalon.core.keyword.internal.KeywordExecutor.executeKeywordForPlatform(KeywordExecutor.groovy:73)
	at com.kms.katalon.core.webui.keyword.WebUiBuiltInKeywords.verifyElementPresent(WebUiBuiltInKeywords.groovy:1461)
	at com.kms.katalon.core.webui.keyword.WebUiBuiltInKeywords$verifyElementPresent$9.call(Unknown Source)
	at TC_DETAILS_UI_023.run(TC_DETAILS_UI_023:22)
	at com.kms.katalon.core.main.ScriptEngine.run(ScriptEngine.java:194)
	at com.kms.katalon.core.main.ScriptEngine.runScriptAsRawText(ScriptEngine.java:119)
	at com.kms.katalon.core.main.TestCaseExecutor.runScript(TestCaseExecutor.java:339)
	at com.kms.katalon.core.main.TestCaseExecutor.doExecute(TestCaseExecutor.java:330)
	at com.kms.katalon.core.main.TestCaseExecutor.processExecutionPhase(TestCaseExecutor.java:309)
	at com.kms.katalon.core.main.TestCaseExecutor.accessMainPhase(TestCaseExecutor.java:301)
	at com.kms.katalon.core.main.TestCaseExecutor.execute(TestCaseExecutor.java:235)
	at com.kms.katalon.core.main.TestSuiteExecutor.accessTestCaseMainPhase(TestSuiteExecutor.java:191)
	at com.kms.katalon.core.main.TestSuiteExecutor.accessTestSuiteMainPhase(TestSuiteExecutor.java:141)
	at com.kms.katalon.core.main.TestSuiteExecutor.execute(TestSuiteExecutor.java:90)
	at com.kms.katalon.core.main.TestCaseMain.startTestSuite(TestCaseMain.java:157)
	at com.kms.katalon.core.main.TestCaseMain$startTestSuite$0.call(Unknown Source)
	at TempTestSuite1649239689066.run(TempTestSuite1649239689066.groovy:39)
Caused by: com.kms.katalon.core.exception.StepFailedException: com.kms.katalon.core.webui.exception.WebElementNotFoundException: Web element with id: 'Object Repository/Staging Objects/Page_diagnostics/span_Coding of the meter' located by '//*[(text() = 'Coding of the meter:' or . = 'Coding of the meter:')]' not found
	at com.kms.katalon.core.webui.keyword.internal.WebUIKeywordMain.stepFailed(WebUIKeywordMain.groovy:64)
	at com.kms.katalon.core.webui.keyword.builtin.VerifyElementPresentKeyword$_verifyElementPresent_closure1.doCall(VerifyElementPresentKeyword.groovy:85)
	at com.kms.katalon.core.webui.keyword.builtin.VerifyElementPresentKeyword$_verifyElementPresent_closure1.call(VerifyElementPresentKeyword.groovy)
	at com.kms.katalon.core.webui.keyword.internal.WebUIKeywordMain.runKeyword(WebUIKeywordMain.groovy:20)
	... 19 more


2022-04-06 18:15:06 - [TEST_STEP][PASSED] - callTestCase(findTestCase("Custom Item Details/UTILITIES/OPEN_BROWSER"), [:], STOP_ON_FAILURE): Call Test Case 'Test Cases/Custom Item Details/UTILITIES/OPEN_BROWSER' successfully

2022-04-06 18:15:06 - [TEST_CASE][PASSED] - Test Cases/Custom Item Details/UTILITIES/OPEN_BROWSER: Test Cases/Custom Item Details/UTILITIES/OPEN_BROWSER

2022-04-06 18:15:06 - [TEST_STEP][PASSED] - openBrowser("https://diagnostics.staging.arcadier.io/"): Browser is opened with url: 'https://diagnostics.staging.arcadier.io/'

2022-04-06 18:15:06 - [MESSAGE][WARNING] - A browser is already opened. Closing browser and opening a new one

2022-04-06 18:15:07 - [MESSAGE][INFO] - Starting 'Chrome' driver

2022-04-06 18:15:07 - [MESSAGE][INFO] - Action delay is set to 0 milliseconds

2022-04-06 18:15:10 - [MESSAGE][PASSED] - Browser is opened with url: 'https://diagnostics.staging.arcadier.io/'

2022-04-06 18:15:10 - [TEST_STEP][PASSED] - maximizeWindow(): Current window maximized

2022-04-06 18:15:11 - [MESSAGE][PASSED] - Current window maximized

2022-04-06 18:15:11 - [TEST_STEP][PASSED] - click(findTestObject("Item Details Objects/Page_diagnostics/a_Accept Cookies")): Object: 'Object Repository/Item Details Objects/Page_diagnostics/a_Accept Cookies' is clicked on

2022-04-06 18:15:13 - [MESSAGE][PASSED] - Object: 'Object Repository/Item Details Objects/Page_diagnostics/a_Accept Cookies' is clicked on

2022-04-06 18:15:13 - [TEST_STEP][PASSED] - click(findTestObject("New_Homepage/Page_diagnostics/a_COVID-19 DIAGNOSTICS"), STOP_ON_FAILURE): Object: 'Object Repository/New_Homepage/Page_diagnostics/a_COVID-19 DIAGNOSTICS' is clicked on

2022-04-06 18:15:15 - [MESSAGE][PASSED] - Object: 'Object Repository/New_Homepage/Page_diagnostics/a_COVID-19 DIAGNOSTICS' is clicked on

2022-04-06 18:15:15 - [TEST_STEP][PASSED] - mouseOver(findTestObject("New_Homepage/Page_diagnostics/a_Abbott Rapid Diagnostics PANBIO COVID-19 Ag Rapid Test Device (Nasopharyngeal)")): Object: 'Object Repository/New_Homepage/Page_diagnostics/a_Abbott Rapid Diagnostics PANBIO COVID-19 Ag Rapid Test Device (Nasopharyngeal)' is hovered

2022-04-06 18:15:17 - [MESSAGE][PASSED] - Object: 'Object Repository/New_Homepage/Page_diagnostics/a_Abbott Rapid Diagnostics PANBIO COVID-19 Ag Rapid Test Device (Nasopharyngeal)' is hovered

2022-04-06 18:15:17 - [TEST_STEP][PASSED] - click(findTestObject("New_Homepage/Page_diagnostics/a_Abbott Rapid Diagnostics PANBIO COVID-19 Ag Rapid Test Device (Nasopharyngeal)")): Object: 'Object Repository/New_Homepage/Page_diagnostics/a_Abbott Rapid Diagnostics PANBIO COVID-19 Ag Rapid Test Device (Nasopharyngeal)' is clicked on

2022-04-06 18:15:20 - [MESSAGE][PASSED] - Object: 'Object Repository/New_Homepage/Page_diagnostics/a_Abbott Rapid Diagnostics PANBIO COVID-19 Ag Rapid Test Device (Nasopharyngeal)' is clicked on

2022-04-06 18:15:20 - [MESSAGE][PASSED] - Call Test Case 'Test Cases/Custom Item Details/UTILITIES/OPEN_BROWSER' successfully

2022-04-06 18:15:20 - [TEST_STEP][PASSED] - waitForElementVisible(findTestObject("Staging Objects/Page_diagnostics/span_Coding of the meter"), 0): Web element with id: 'Object Repository/Staging Objects/Page_diagnostics/span_Coding of the meter' located by '//*[(text() = 'Coding of the meter:' or . = 'Coding of the meter:')]' not found

2022-04-06 18:15:20 - [MESSAGE][WARNING] - Timeout '0' is invalid. Using default page load timeout: '30'

2022-04-06 18:15:52 - [MESSAGE][INFO] - Unable to find the element located by 'By.xpath: //*[(text() = 'Coding of the meter:' or . = 'Coding of the meter:')]'. Please recheck the objects properties to make sure the desired element is located. 

2022-04-06 18:15:52 - [MESSAGE][WARNING] - Web element with id: 'Object Repository/Staging Objects/Page_diagnostics/span_Coding of the meter' located by '//*[(text() = 'Coding of the meter:' or . = 'Coding of the meter:')]' not found

2022-04-06 18:15:52 - [TEST_STEP][FAILED] - verifyElementPresent(findTestObject("Staging Objects/Page_diagnostics/span_Coding of the meter"), 0): Unable to verify object 'Object Repository/Staging Objects/Page_diagnostics/span_Coding of the meter' is present (Root cause: com.kms.katalon.core.exception.StepFailedException: Unable to verify object 'Object Repository/Staging Objects/Page_diagnostics/span_Coding of the meter' is present
	at com.kms.katalon.core.webui.keyword.internal.WebUIKeywordMain.stepFailed(WebUIKeywordMain.groovy:64)
	at com.kms.katalon.core.webui.keyword.internal.WebUIKeywordMain.runKeyword(WebUIKeywordMain.groovy:26)
	at com.kms.katalon.core.webui.keyword.builtin.VerifyElementPresentKeyword.verifyElementPresent(VerifyElementPresentKeyword.groovy:92)
	at com.kms.katalon.core.webui.keyword.builtin.VerifyElementPresentKeyword.execute(VerifyElementPresentKeyword.groovy:68)
	at com.kms.katalon.core.keyword.internal.KeywordExecutor.executeKeywordForPlatform(KeywordExecutor.groovy:73)
	at com.kms.katalon.core.webui.keyword.WebUiBuiltInKeywords.verifyElementPresent(WebUiBuiltInKeywords.groovy:1461)
	at com.kms.katalon.core.webui.keyword.WebUiBuiltInKeywords$verifyElementPresent$9.call(Unknown Source)
	at TC_DETAILS_UI_023.run(TC_DETAILS_UI_023:22)
	at com.kms.katalon.core.main.ScriptEngine.run(ScriptEngine.java:194)
	at com.kms.katalon.core.main.ScriptEngine.runScriptAsRawText(ScriptEngine.java:119)
	at com.kms.katalon.core.main.TestCaseExecutor.runScript(TestCaseExecutor.java:339)
	at com.kms.katalon.core.main.TestCaseExecutor.doExecute(TestCaseExecutor.java:330)
	at com.kms.katalon.core.main.TestCaseExecutor.processExecutionPhase(TestCaseExecutor.java:309)
	at com.kms.katalon.core.main.TestCaseExecutor.accessMainPhase(TestCaseExecutor.java:301)
	at com.kms.katalon.core.main.TestCaseExecutor.execute(TestCaseExecutor.java:235)
	at com.kms.katalon.core.main.TestSuiteExecutor.accessTestCaseMainPhase(TestSuiteExecutor.java:191)
	at com.kms.katalon.core.main.TestSuiteExecutor.accessTestSuiteMainPhase(TestSuiteExecutor.java:141)
	at com.kms.katalon.core.main.TestSuiteExecutor.execute(TestSuiteExecutor.java:90)
	at com.kms.katalon.core.main.TestCaseMain.startTestSuite(TestCaseMain.java:157)
	at com.kms.katalon.core.main.TestCaseMain$startTestSuite$0.call(Unknown Source)
	at TempTestSuite1649239689066.run(TempTestSuite1649239689066.groovy:39)
Caused by: com.kms.katalon.core.exception.StepFailedException: com.kms.katalon.core.webui.exception.WebElementNotFoundException: Web element with id: 'Object Repository/Staging Objects/Page_diagnostics/span_Coding of the meter' located by '//*[(text() = 'Coding of the meter:' or . = 'Coding of the meter:')]' not found
	at com.kms.katalon.core.webui.keyword.internal.WebUIKeywordMain.stepFailed(WebUIKeywordMain.groovy:64)
	at com.kms.katalon.core.webui.keyword.builtin.VerifyElementPresentKeyword$_verifyElementPresent_closure1.doCall(VerifyElementPresentKeyword.groovy:85)
	at com.kms.katalon.core.webui.keyword.builtin.VerifyElementPresentKeyword$_verifyElementPresent_closure1.call(VerifyElementPresentKeyword.groovy)
	at com.kms.katalon.core.webui.keyword.internal.WebUIKeywordMain.runKeyword(WebUIKeywordMain.groovy:20)
	... 19 more
)

2022-04-06 18:15:52 - [MESSAGE][WARNING] - Timeout '0' is invalid. Using default page load timeout: '30'

2022-04-06 18:16:23 - [MESSAGE][INFO] - Unable to find the element located by 'By.xpath: //*[(text() = 'Coding of the meter:' or . = 'Coding of the meter:')]'. Please recheck the objects properties to make sure the desired element is located. 

2022-04-06 18:16:23 - [MESSAGE][FAILED] - com.kms.katalon.core.webui.exception.WebElementNotFoundException: Web element with id: 'Object Repository/Staging Objects/Page_diagnostics/span_Coding of the meter' located by '//*[(text() = 'Coding of the meter:' or . = 'Coding of the meter:')]' not found (Root cause: com.kms.katalon.core.exception.StepFailedException: com.kms.katalon.core.webui.exception.WebElementNotFoundException: Web element with id: 'Object Repository/Staging Objects/Page_diagnostics/span_Coding of the meter' located by '//*[(text() = 'Coding of the meter:' or . = 'Coding of the meter:')]' not found
	at com.kms.katalon.core.webui.keyword.internal.WebUIKeywordMain.stepFailed(WebUIKeywordMain.groovy:64)
	at com.kms.katalon.core.webui.keyword.builtin.VerifyElementPresentKeyword$_verifyElementPresent_closure1.doCall(VerifyElementPresentKeyword.groovy:85)
	at com.kms.katalon.core.webui.keyword.builtin.VerifyElementPresentKeyword$_verifyElementPresent_closure1.call(VerifyElementPresentKeyword.groovy)
	at com.kms.katalon.core.webui.keyword.internal.WebUIKeywordMain.runKeyword(WebUIKeywordMain.groovy:20)
	at com.kms.katalon.core.webui.keyword.builtin.VerifyElementPresentKeyword.verifyElementPresent(VerifyElementPresentKeyword.groovy:92)
	at com.kms.katalon.core.webui.keyword.builtin.VerifyElementPresentKeyword.execute(VerifyElementPresentKeyword.groovy:68)
	at com.kms.katalon.core.keyword.internal.KeywordExecutor.executeKeywordForPlatform(KeywordExecutor.groovy:73)
	at com.kms.katalon.core.webui.keyword.WebUiBuiltInKeywords.verifyElementPresent(WebUiBuiltInKeywords.groovy:1461)
	at com.kms.katalon.core.webui.keyword.WebUiBuiltInKeywords$verifyElementPresent$9.call(Unknown Source)
	at TC_DETAILS_UI_023.run(TC_DETAILS_UI_023:22)
	at com.kms.katalon.core.main.ScriptEngine.run(ScriptEngine.java:194)
	at com.kms.katalon.core.main.ScriptEngine.runScriptAsRawText(ScriptEngine.java:119)
	at com.kms.katalon.core.main.TestCaseExecutor.runScript(TestCaseExecutor.java:339)
	at com.kms.katalon.core.main.TestCaseExecutor.doExecute(TestCaseExecutor.java:330)
	at com.kms.katalon.core.main.TestCaseExecutor.processExecutionPhase(TestCaseExecutor.java:309)
	at com.kms.katalon.core.main.TestCaseExecutor.accessMainPhase(TestCaseExecutor.java:301)
	at com.kms.katalon.core.main.TestCaseExecutor.execute(TestCaseExecutor.java:235)
	at com.kms.katalon.core.main.TestSuiteExecutor.accessTestCaseMainPhase(TestSuiteExecutor.java:191)
	at com.kms.katalon.core.main.TestSuiteExecutor.accessTestSuiteMainPhase(TestSuiteExecutor.java:141)
	at com.kms.katalon.core.main.TestSuiteExecutor.execute(TestSuiteExecutor.java:90)
	at com.kms.katalon.core.main.TestCaseMain.startTestSuite(TestCaseMain.java:157)
	at com.kms.katalon.core.main.TestCaseMain$startTestSuite$0.call(Unknown Source)
	at TempTestSuite1649239689066.run(TempTestSuite1649239689066.groovy:39)
)
[[ATTACHMENT|K:\\Work\\GitHub\\find-item-detail-test_v2\\Reports\\20220406_180809\\Item detail test\\20220406_180809\\1649240183137.png]]

2022-04-06 18:16:23 - [MESSAGE][FAILED] - Unable to verify object 'Object Repository/Staging Objects/Page_diagnostics/span_Coding of the meter' is present (Root cause: com.kms.katalon.core.exception.StepFailedException: Unable to verify object 'Object Repository/Staging Objects/Page_diagnostics/span_Coding of the meter' is present
	at com.kms.katalon.core.webui.keyword.internal.WebUIKeywordMain.stepFailed(WebUIKeywordMain.groovy:64)
	at com.kms.katalon.core.webui.keyword.internal.WebUIKeywordMain.runKeyword(WebUIKeywordMain.groovy:26)
	at com.kms.katalon.core.webui.keyword.builtin.VerifyElementPresentKeyword.verifyElementPresent(VerifyElementPresentKeyword.groovy:92)
	at com.kms.katalon.core.webui.keyword.builtin.VerifyElementPresentKeyword.execute(VerifyElementPresentKeyword.groovy:68)
	at com.kms.katalon.core.keyword.internal.KeywordExecutor.executeKeywordForPlatform(KeywordExecutor.groovy:73)
	at com.kms.katalon.core.webui.keyword.WebUiBuiltInKeywords.verifyElementPresent(WebUiBuiltInKeywords.groovy:1461)
	at com.kms.katalon.core.webui.keyword.WebUiBuiltInKeywords$verifyElementPresent$9.call(Unknown Source)
	at TC_DETAILS_UI_023.run(TC_DETAILS_UI_023:22)
	at com.kms.katalon.core.main.ScriptEngine.run(ScriptEngine.java:194)
	at com.kms.katalon.core.main.ScriptEngine.runScriptAsRawText(ScriptEngine.java:119)
	at com.kms.katalon.core.main.TestCaseExecutor.runScript(TestCaseExecutor.java:339)
	at com.kms.katalon.core.main.TestCaseExecutor.doExecute(TestCaseExecutor.java:330)
	at com.kms.katalon.core.main.TestCaseExecutor.processExecutionPhase(TestCaseExecutor.java:309)
	at com.kms.katalon.core.main.TestCaseExecutor.accessMainPhase(TestCaseExecutor.java:301)
	at com.kms.katalon.core.main.TestCaseExecutor.execute(TestCaseExecutor.java:235)
	at com.kms.katalon.core.main.TestSuiteExecutor.accessTestCaseMainPhase(TestSuiteExecutor.java:191)
	at com.kms.katalon.core.main.TestSuiteExecutor.accessTestSuiteMainPhase(TestSuiteExecutor.java:141)
	at com.kms.katalon.core.main.TestSuiteExecutor.execute(TestSuiteExecutor.java:90)
	at com.kms.katalon.core.main.TestCaseMain.startTestSuite(TestCaseMain.java:157)
	at com.kms.katalon.core.main.TestCaseMain$startTestSuite$0.call(Unknown Source)
	at TempTestSuite1649239689066.run(TempTestSuite1649239689066.groovy:39)
Caused by: com.kms.katalon.core.exception.StepFailedException: com.kms.katalon.core.webui.exception.WebElementNotFoundException: Web element with id: 'Object Repository/Staging Objects/Page_diagnostics/span_Coding of the meter' located by '//*[(text() = 'Coding of the meter:' or . = 'Coding of the meter:')]' not found
	at com.kms.katalon.core.webui.keyword.internal.WebUIKeywordMain.stepFailed(WebUIKeywordMain.groovy:64)
	at com.kms.katalon.core.webui.keyword.builtin.VerifyElementPresentKeyword$_verifyElementPresent_closure1.doCall(VerifyElementPresentKeyword.groovy:85)
	at com.kms.katalon.core.webui.keyword.builtin.VerifyElementPresentKeyword$_verifyElementPresent_closure1.call(VerifyElementPresentKeyword.groovy)
	at com.kms.katalon.core.webui.keyword.internal.WebUIKeywordMain.runKeyword(WebUIKeywordMain.groovy:20)
	... 19 more
)
[[ATTACHMENT|K:\\Work\\GitHub\\find-item-detail-test_v2\\Reports\\20220406_180809\\Item detail test\\20220406_180809\\1649240183304.png]]]]></system-out>
         <system-err><![CDATA[2022-04-06 18:15:06 - [TEST_CASE][FAILED] - Test Cases/Custom Item Details/TEST CASE/TC_DETAILS_UI_023: Test Cases/Custom Item Details/TEST CASE/TC_DETAILS_UI_023 FAILED.
Reason:
com.kms.katalon.core.exception.StepFailedException: Unable to verify object 'Object Repository/Staging Objects/Page_diagnostics/span_Coding of the meter' is present
	at com.kms.katalon.core.webui.keyword.internal.WebUIKeywordMain.stepFailed(WebUIKeywordMain.groovy:64)
	at com.kms.katalon.core.webui.keyword.internal.WebUIKeywordMain.runKeyword(WebUIKeywordMain.groovy:26)
	at com.kms.katalon.core.webui.keyword.builtin.VerifyElementPresentKeyword.verifyElementPresent(VerifyElementPresentKeyword.groovy:92)
	at com.kms.katalon.core.webui.keyword.builtin.VerifyElementPresentKeyword.execute(VerifyElementPresentKeyword.groovy:68)
	at com.kms.katalon.core.keyword.internal.KeywordExecutor.executeKeywordForPlatform(KeywordExecutor.groovy:73)
	at com.kms.katalon.core.webui.keyword.WebUiBuiltInKeywords.verifyElementPresent(WebUiBuiltInKeywords.groovy:1461)
	at com.kms.katalon.core.webui.keyword.WebUiBuiltInKeywords$verifyElementPresent$9.call(Unknown Source)
	at TC_DETAILS_UI_023.run(TC_DETAILS_UI_023:22)
	at com.kms.katalon.core.main.ScriptEngine.run(ScriptEngine.java:194)
	at com.kms.katalon.core.main.ScriptEngine.runScriptAsRawText(ScriptEngine.java:119)
	at com.kms.katalon.core.main.TestCaseExecutor.runScript(TestCaseExecutor.java:339)
	at com.kms.katalon.core.main.TestCaseExecutor.doExecute(TestCaseExecutor.java:330)
	at com.kms.katalon.core.main.TestCaseExecutor.processExecutionPhase(TestCaseExecutor.java:309)
	at com.kms.katalon.core.main.TestCaseExecutor.accessMainPhase(TestCaseExecutor.java:301)
	at com.kms.katalon.core.main.TestCaseExecutor.execute(TestCaseExecutor.java:235)
	at com.kms.katalon.core.main.TestSuiteExecutor.accessTestCaseMainPhase(TestSuiteExecutor.java:191)
	at com.kms.katalon.core.main.TestSuiteExecutor.accessTestSuiteMainPhase(TestSuiteExecutor.java:141)
	at com.kms.katalon.core.main.TestSuiteExecutor.execute(TestSuiteExecutor.java:90)
	at com.kms.katalon.core.main.TestCaseMain.startTestSuite(TestCaseMain.java:157)
	at com.kms.katalon.core.main.TestCaseMain$startTestSuite$0.call(Unknown Source)
	at TempTestSuite1649239689066.run(TempTestSuite1649239689066.groovy:39)
Caused by: com.kms.katalon.core.exception.StepFailedException: com.kms.katalon.core.webui.exception.WebElementNotFoundException: Web element with id: 'Object Repository/Staging Objects/Page_diagnostics/span_Coding of the meter' located by '//*[(text() = 'Coding of the meter:' or . = 'Coding of the meter:')]' not found
	at com.kms.katalon.core.webui.keyword.internal.WebUIKeywordMain.stepFailed(WebUIKeywordMain.groovy:64)
	at com.kms.katalon.core.webui.keyword.builtin.VerifyElementPresentKeyword$_verifyElementPresent_closure1.doCall(VerifyElementPresentKeyword.groovy:85)
	at com.kms.katalon.core.webui.keyword.builtin.VerifyElementPresentKeyword$_verifyElementPresent_closure1.call(VerifyElementPresentKeyword.groovy)
	at com.kms.katalon.core.webui.keyword.internal.WebUIKeywordMain.runKeyword(WebUIKeywordMain.groovy:20)
	... 19 more]]></system-err>
      </testcase>
      <testcase name="Test Cases/Custom Item Details/TEST CASE/TC_DETAILS_UI_024" time="15.423" classname="Test Cases/Custom Item Details/TEST CASE/TC_DETAILS_UI_024" status="PASSED">
         <system-out><![CDATA[2022-04-06 18:16:23 - [TEST_CASE][PASSED] - Test Cases/Custom Item Details/TEST CASE/TC_DETAILS_UI_024: Test Cases/Custom Item Details/TEST CASE/TC_DETAILS_UI_024

2022-04-06 18:16:23 - [TEST_STEP][PASSED] - callTestCase(findTestCase("Custom Item Details/UTILITIES/OPEN_BROWSER"), [:], STOP_ON_FAILURE): Call Test Case 'Test Cases/Custom Item Details/UTILITIES/OPEN_BROWSER' successfully

2022-04-06 18:16:23 - [TEST_CASE][PASSED] - Test Cases/Custom Item Details/UTILITIES/OPEN_BROWSER: Test Cases/Custom Item Details/UTILITIES/OPEN_BROWSER

2022-04-06 18:16:23 - [TEST_STEP][PASSED] - openBrowser("https://diagnostics.staging.arcadier.io/"): Browser is opened with url: 'https://diagnostics.staging.arcadier.io/'

2022-04-06 18:16:23 - [MESSAGE][WARNING] - A browser is already opened. Closing browser and opening a new one

2022-04-06 18:16:24 - [MESSAGE][INFO] - Starting 'Chrome' driver

2022-04-06 18:16:24 - [MESSAGE][INFO] - Action delay is set to 0 milliseconds

2022-04-06 18:16:27 - [MESSAGE][PASSED] - Browser is opened with url: 'https://diagnostics.staging.arcadier.io/'

2022-04-06 18:16:27 - [TEST_STEP][PASSED] - maximizeWindow(): Current window maximized

2022-04-06 18:16:27 - [MESSAGE][PASSED] - Current window maximized

2022-04-06 18:16:27 - [TEST_STEP][PASSED] - click(findTestObject("Item Details Objects/Page_diagnostics/a_Accept Cookies")): Object: 'Object Repository/Item Details Objects/Page_diagnostics/a_Accept Cookies' is clicked on

2022-04-06 18:16:29 - [MESSAGE][PASSED] - Object: 'Object Repository/Item Details Objects/Page_diagnostics/a_Accept Cookies' is clicked on

2022-04-06 18:16:29 - [TEST_STEP][PASSED] - click(findTestObject("New_Homepage/Page_diagnostics/a_COVID-19 DIAGNOSTICS"), STOP_ON_FAILURE): Object: 'Object Repository/New_Homepage/Page_diagnostics/a_COVID-19 DIAGNOSTICS' is clicked on

2022-04-06 18:16:32 - [MESSAGE][PASSED] - Object: 'Object Repository/New_Homepage/Page_diagnostics/a_COVID-19 DIAGNOSTICS' is clicked on

2022-04-06 18:16:32 - [TEST_STEP][PASSED] - mouseOver(findTestObject("New_Homepage/Page_diagnostics/a_Abbott Rapid Diagnostics PANBIO COVID-19 Ag Rapid Test Device (Nasopharyngeal)")): Object: 'Object Repository/New_Homepage/Page_diagnostics/a_Abbott Rapid Diagnostics PANBIO COVID-19 Ag Rapid Test Device (Nasopharyngeal)' is hovered

2022-04-06 18:16:33 - [MESSAGE][PASSED] - Object: 'Object Repository/New_Homepage/Page_diagnostics/a_Abbott Rapid Diagnostics PANBIO COVID-19 Ag Rapid Test Device (Nasopharyngeal)' is hovered

2022-04-06 18:16:33 - [TEST_STEP][PASSED] - click(findTestObject("New_Homepage/Page_diagnostics/a_Abbott Rapid Diagnostics PANBIO COVID-19 Ag Rapid Test Device (Nasopharyngeal)")): Object: 'Object Repository/New_Homepage/Page_diagnostics/a_Abbott Rapid Diagnostics PANBIO COVID-19 Ag Rapid Test Device (Nasopharyngeal)' is clicked on

2022-04-06 18:16:36 - [MESSAGE][PASSED] - Object: 'Object Repository/New_Homepage/Page_diagnostics/a_Abbott Rapid Diagnostics PANBIO COVID-19 Ag Rapid Test Device (Nasopharyngeal)' is clicked on

2022-04-06 18:16:36 - [MESSAGE][PASSED] - Call Test Case 'Test Cases/Custom Item Details/UTILITIES/OPEN_BROWSER' successfully

2022-04-06 18:16:36 - [TEST_STEP][PASSED] - waitForElementVisible(findTestObject("Staging Objects/Page_diagnostics/span_Cold chain requirements"), 0): Object 'Object Repository/Staging Objects/Page_diagnostics/span_Cold chain requirements' is visible

2022-04-06 18:16:36 - [MESSAGE][WARNING] - Timeout '0' is invalid. Using default page load timeout: '30'

2022-04-06 18:16:37 - [MESSAGE][PASSED] - Object 'Object Repository/Staging Objects/Page_diagnostics/span_Cold chain requirements' is visible

2022-04-06 18:16:37 - [TEST_STEP][PASSED] - verifyElementPresent(findTestObject("Staging Objects/Page_diagnostics/span_Cold chain requirements"), 0): Object 'Object Repository/Staging Objects/Page_diagnostics/span_Cold chain requirements' is present

2022-04-06 18:16:37 - [MESSAGE][WARNING] - Timeout '0' is invalid. Using default page load timeout: '30'

2022-04-06 18:16:38 - [MESSAGE][PASSED] - Object 'Object Repository/Staging Objects/Page_diagnostics/span_Cold chain requirements' is present

2022-04-06 18:16:38 - [TEST_STEP][PASSED] - callTestCase(findTestCase("Custom Item Details/UTILITIES/CLOSE_BROWSER"), [:], STOP_ON_FAILURE): Call Test Case 'Test Cases/Custom Item Details/UTILITIES/CLOSE_BROWSER' successfully

2022-04-06 18:16:38 - [TEST_CASE][PASSED] - Test Cases/Custom Item Details/UTILITIES/CLOSE_BROWSER: Test Cases/Custom Item Details/UTILITIES/CLOSE_BROWSER

2022-04-06 18:16:38 - [TEST_STEP][PASSED] - closeBrowser(): Browser is closed

2022-04-06 18:16:38 - [MESSAGE][PASSED] - Browser is closed

2022-04-06 18:16:38 - [MESSAGE][PASSED] - Call Test Case 'Test Cases/Custom Item Details/UTILITIES/CLOSE_BROWSER' successfully]]></system-out>
         <system-err><![CDATA[]]></system-err>
      </testcase>
      <testcase name="Test Cases/Custom Item Details/TEST CASE/TC_DETAILS_UI_025" time="73.232" classname="Test Cases/Custom Item Details/TEST CASE/TC_DETAILS_UI_025" status="FAILED">
         <failure type="FAILED" message="Test Cases/Custom Item Details/TEST CASE/TC_DETAILS_UI_025 FAILED.
Reason:
com.kms.katalon.core.exception.StepFailedException: Unable to verify object 'Object Repository/Staging Objects/Page_diagnostics/span_Compatible test strips' is present
	at com.kms.katalon.core.webui.keyword.internal.WebUIKeywordMain.stepFailed(WebUIKeywordMain.groovy:64)
	at com.kms.katalon.core.webui.keyword.internal.WebUIKeywordMain.runKeyword(WebUIKeywordMain.groovy:26)
	at com.kms.katalon.core.webui.keyword.builtin.VerifyElementPresentKeyword.verifyElementPresent(VerifyElementPresentKeyword.groovy:92)
	at com.kms.katalon.core.webui.keyword.builtin.VerifyElementPresentKeyword.execute(VerifyElementPresentKeyword.groovy:68)
	at com.kms.katalon.core.keyword.internal.KeywordExecutor.executeKeywordForPlatform(KeywordExecutor.groovy:73)
	at com.kms.katalon.core.webui.keyword.WebUiBuiltInKeywords.verifyElementPresent(WebUiBuiltInKeywords.groovy:1461)
	at com.kms.katalon.core.webui.keyword.WebUiBuiltInKeywords$verifyElementPresent$9.call(Unknown Source)
	at TC_DETAILS_UI_025.run(TC_DETAILS_UI_025:22)
	at com.kms.katalon.core.main.ScriptEngine.run(ScriptEngine.java:194)
	at com.kms.katalon.core.main.ScriptEngine.runScriptAsRawText(ScriptEngine.java:119)
	at com.kms.katalon.core.main.TestCaseExecutor.runScript(TestCaseExecutor.java:339)
	at com.kms.katalon.core.main.TestCaseExecutor.doExecute(TestCaseExecutor.java:330)
	at com.kms.katalon.core.main.TestCaseExecutor.processExecutionPhase(TestCaseExecutor.java:309)
	at com.kms.katalon.core.main.TestCaseExecutor.accessMainPhase(TestCaseExecutor.java:301)
	at com.kms.katalon.core.main.TestCaseExecutor.execute(TestCaseExecutor.java:235)
	at com.kms.katalon.core.main.TestSuiteExecutor.accessTestCaseMainPhase(TestSuiteExecutor.java:191)
	at com.kms.katalon.core.main.TestSuiteExecutor.accessTestSuiteMainPhase(TestSuiteExecutor.java:141)
	at com.kms.katalon.core.main.TestSuiteExecutor.execute(TestSuiteExecutor.java:90)
	at com.kms.katalon.core.main.TestCaseMain.startTestSuite(TestCaseMain.java:157)
	at com.kms.katalon.core.main.TestCaseMain$startTestSuite$0.call(Unknown Source)
	at TempTestSuite1649239689066.run(TempTestSuite1649239689066.groovy:39)
Caused by: com.kms.katalon.core.exception.StepFailedException: com.kms.katalon.core.webui.exception.WebElementNotFoundException: Web element with id: 'Object Repository/Staging Objects/Page_diagnostics/span_Compatible test strips' located by '//*[(text() = 'Compatible test strips:' or . = 'Compatible test strips:')]' not found
	at com.kms.katalon.core.webui.keyword.internal.WebUIKeywordMain.stepFailed(WebUIKeywordMain.groovy:64)
	at com.kms.katalon.core.webui.keyword.builtin.VerifyElementPresentKeyword$_verifyElementPresent_closure1.doCall(VerifyElementPresentKeyword.groovy:85)
	at com.kms.katalon.core.webui.keyword.builtin.VerifyElementPresentKeyword$_verifyElementPresent_closure1.call(VerifyElementPresentKeyword.groovy)
	at com.kms.katalon.core.webui.keyword.internal.WebUIKeywordMain.runKeyword(WebUIKeywordMain.groovy:20)
	... 19 more
"/>
         <system-out><![CDATA[2022-04-06 18:16:38 - [TEST_CASE][FAILED] - Test Cases/Custom Item Details/TEST CASE/TC_DETAILS_UI_025: Test Cases/Custom Item Details/TEST CASE/TC_DETAILS_UI_025 FAILED.
Reason:
com.kms.katalon.core.exception.StepFailedException: Unable to verify object 'Object Repository/Staging Objects/Page_diagnostics/span_Compatible test strips' is present
	at com.kms.katalon.core.webui.keyword.internal.WebUIKeywordMain.stepFailed(WebUIKeywordMain.groovy:64)
	at com.kms.katalon.core.webui.keyword.internal.WebUIKeywordMain.runKeyword(WebUIKeywordMain.groovy:26)
	at com.kms.katalon.core.webui.keyword.builtin.VerifyElementPresentKeyword.verifyElementPresent(VerifyElementPresentKeyword.groovy:92)
	at com.kms.katalon.core.webui.keyword.builtin.VerifyElementPresentKeyword.execute(VerifyElementPresentKeyword.groovy:68)
	at com.kms.katalon.core.keyword.internal.KeywordExecutor.executeKeywordForPlatform(KeywordExecutor.groovy:73)
	at com.kms.katalon.core.webui.keyword.WebUiBuiltInKeywords.verifyElementPresent(WebUiBuiltInKeywords.groovy:1461)
	at com.kms.katalon.core.webui.keyword.WebUiBuiltInKeywords$verifyElementPresent$9.call(Unknown Source)
	at TC_DETAILS_UI_025.run(TC_DETAILS_UI_025:22)
	at com.kms.katalon.core.main.ScriptEngine.run(ScriptEngine.java:194)
	at com.kms.katalon.core.main.ScriptEngine.runScriptAsRawText(ScriptEngine.java:119)
	at com.kms.katalon.core.main.TestCaseExecutor.runScript(TestCaseExecutor.java:339)
	at com.kms.katalon.core.main.TestCaseExecutor.doExecute(TestCaseExecutor.java:330)
	at com.kms.katalon.core.main.TestCaseExecutor.processExecutionPhase(TestCaseExecutor.java:309)
	at com.kms.katalon.core.main.TestCaseExecutor.accessMainPhase(TestCaseExecutor.java:301)
	at com.kms.katalon.core.main.TestCaseExecutor.execute(TestCaseExecutor.java:235)
	at com.kms.katalon.core.main.TestSuiteExecutor.accessTestCaseMainPhase(TestSuiteExecutor.java:191)
	at com.kms.katalon.core.main.TestSuiteExecutor.accessTestSuiteMainPhase(TestSuiteExecutor.java:141)
	at com.kms.katalon.core.main.TestSuiteExecutor.execute(TestSuiteExecutor.java:90)
	at com.kms.katalon.core.main.TestCaseMain.startTestSuite(TestCaseMain.java:157)
	at com.kms.katalon.core.main.TestCaseMain$startTestSuite$0.call(Unknown Source)
	at TempTestSuite1649239689066.run(TempTestSuite1649239689066.groovy:39)
Caused by: com.kms.katalon.core.exception.StepFailedException: com.kms.katalon.core.webui.exception.WebElementNotFoundException: Web element with id: 'Object Repository/Staging Objects/Page_diagnostics/span_Compatible test strips' located by '//*[(text() = 'Compatible test strips:' or . = 'Compatible test strips:')]' not found
	at com.kms.katalon.core.webui.keyword.internal.WebUIKeywordMain.stepFailed(WebUIKeywordMain.groovy:64)
	at com.kms.katalon.core.webui.keyword.builtin.VerifyElementPresentKeyword$_verifyElementPresent_closure1.doCall(VerifyElementPresentKeyword.groovy:85)
	at com.kms.katalon.core.webui.keyword.builtin.VerifyElementPresentKeyword$_verifyElementPresent_closure1.call(VerifyElementPresentKeyword.groovy)
	at com.kms.katalon.core.webui.keyword.internal.WebUIKeywordMain.runKeyword(WebUIKeywordMain.groovy:20)
	... 19 more


2022-04-06 18:16:39 - [TEST_STEP][PASSED] - callTestCase(findTestCase("Custom Item Details/UTILITIES/OPEN_BROWSER"), [:], STOP_ON_FAILURE): Call Test Case 'Test Cases/Custom Item Details/UTILITIES/OPEN_BROWSER' successfully

2022-04-06 18:16:39 - [TEST_CASE][PASSED] - Test Cases/Custom Item Details/UTILITIES/OPEN_BROWSER: Test Cases/Custom Item Details/UTILITIES/OPEN_BROWSER

2022-04-06 18:16:39 - [TEST_STEP][PASSED] - openBrowser("https://diagnostics.staging.arcadier.io/"): Browser is opened with url: 'https://diagnostics.staging.arcadier.io/'

2022-04-06 18:16:39 - [MESSAGE][INFO] - Starting 'Chrome' driver

2022-04-06 18:16:39 - [MESSAGE][INFO] - Action delay is set to 0 milliseconds

2022-04-06 18:16:42 - [MESSAGE][PASSED] - Browser is opened with url: 'https://diagnostics.staging.arcadier.io/'

2022-04-06 18:16:42 - [TEST_STEP][PASSED] - maximizeWindow(): Current window maximized

2022-04-06 18:16:42 - [MESSAGE][PASSED] - Current window maximized

2022-04-06 18:16:42 - [TEST_STEP][PASSED] - click(findTestObject("Item Details Objects/Page_diagnostics/a_Accept Cookies")): Object: 'Object Repository/Item Details Objects/Page_diagnostics/a_Accept Cookies' is clicked on

2022-04-06 18:16:44 - [MESSAGE][PASSED] - Object: 'Object Repository/Item Details Objects/Page_diagnostics/a_Accept Cookies' is clicked on

2022-04-06 18:16:44 - [TEST_STEP][PASSED] - click(findTestObject("New_Homepage/Page_diagnostics/a_COVID-19 DIAGNOSTICS"), STOP_ON_FAILURE): Object: 'Object Repository/New_Homepage/Page_diagnostics/a_COVID-19 DIAGNOSTICS' is clicked on

2022-04-06 18:16:45 - [MESSAGE][PASSED] - Object: 'Object Repository/New_Homepage/Page_diagnostics/a_COVID-19 DIAGNOSTICS' is clicked on

2022-04-06 18:16:45 - [TEST_STEP][PASSED] - mouseOver(findTestObject("New_Homepage/Page_diagnostics/a_Abbott Rapid Diagnostics PANBIO COVID-19 Ag Rapid Test Device (Nasopharyngeal)")): Object: 'Object Repository/New_Homepage/Page_diagnostics/a_Abbott Rapid Diagnostics PANBIO COVID-19 Ag Rapid Test Device (Nasopharyngeal)' is hovered

2022-04-06 18:16:46 - [MESSAGE][PASSED] - Object: 'Object Repository/New_Homepage/Page_diagnostics/a_Abbott Rapid Diagnostics PANBIO COVID-19 Ag Rapid Test Device (Nasopharyngeal)' is hovered

2022-04-06 18:16:46 - [TEST_STEP][PASSED] - click(findTestObject("New_Homepage/Page_diagnostics/a_Abbott Rapid Diagnostics PANBIO COVID-19 Ag Rapid Test Device (Nasopharyngeal)")): Object: 'Object Repository/New_Homepage/Page_diagnostics/a_Abbott Rapid Diagnostics PANBIO COVID-19 Ag Rapid Test Device (Nasopharyngeal)' is clicked on

2022-04-06 18:16:49 - [MESSAGE][PASSED] - Object: 'Object Repository/New_Homepage/Page_diagnostics/a_Abbott Rapid Diagnostics PANBIO COVID-19 Ag Rapid Test Device (Nasopharyngeal)' is clicked on

2022-04-06 18:16:49 - [MESSAGE][PASSED] - Call Test Case 'Test Cases/Custom Item Details/UTILITIES/OPEN_BROWSER' successfully

2022-04-06 18:16:49 - [TEST_STEP][PASSED] - waitForElementVisible(findTestObject("Staging Objects/Page_diagnostics/span_Compatible test strips"), 0): Web element with id: 'Object Repository/Staging Objects/Page_diagnostics/span_Compatible test strips' located by '//*[(text() = 'Compatible test strips:' or . = 'Compatible test strips:')]' not found

2022-04-06 18:16:49 - [MESSAGE][WARNING] - Timeout '0' is invalid. Using default page load timeout: '30'

2022-04-06 18:17:20 - [MESSAGE][INFO] - Unable to find the element located by 'By.xpath: //*[(text() = 'Compatible test strips:' or . = 'Compatible test strips:')]'. Please recheck the objects properties to make sure the desired element is located. 

2022-04-06 18:17:20 - [MESSAGE][WARNING] - Web element with id: 'Object Repository/Staging Objects/Page_diagnostics/span_Compatible test strips' located by '//*[(text() = 'Compatible test strips:' or . = 'Compatible test strips:')]' not found

2022-04-06 18:17:20 - [TEST_STEP][FAILED] - verifyElementPresent(findTestObject("Staging Objects/Page_diagnostics/span_Compatible test strips"), 0): Unable to verify object 'Object Repository/Staging Objects/Page_diagnostics/span_Compatible test strips' is present (Root cause: com.kms.katalon.core.exception.StepFailedException: Unable to verify object 'Object Repository/Staging Objects/Page_diagnostics/span_Compatible test strips' is present
	at com.kms.katalon.core.webui.keyword.internal.WebUIKeywordMain.stepFailed(WebUIKeywordMain.groovy:64)
	at com.kms.katalon.core.webui.keyword.internal.WebUIKeywordMain.runKeyword(WebUIKeywordMain.groovy:26)
	at com.kms.katalon.core.webui.keyword.builtin.VerifyElementPresentKeyword.verifyElementPresent(VerifyElementPresentKeyword.groovy:92)
	at com.kms.katalon.core.webui.keyword.builtin.VerifyElementPresentKeyword.execute(VerifyElementPresentKeyword.groovy:68)
	at com.kms.katalon.core.keyword.internal.KeywordExecutor.executeKeywordForPlatform(KeywordExecutor.groovy:73)
	at com.kms.katalon.core.webui.keyword.WebUiBuiltInKeywords.verifyElementPresent(WebUiBuiltInKeywords.groovy:1461)
	at com.kms.katalon.core.webui.keyword.WebUiBuiltInKeywords$verifyElementPresent$9.call(Unknown Source)
	at TC_DETAILS_UI_025.run(TC_DETAILS_UI_025:22)
	at com.kms.katalon.core.main.ScriptEngine.run(ScriptEngine.java:194)
	at com.kms.katalon.core.main.ScriptEngine.runScriptAsRawText(ScriptEngine.java:119)
	at com.kms.katalon.core.main.TestCaseExecutor.runScript(TestCaseExecutor.java:339)
	at com.kms.katalon.core.main.TestCaseExecutor.doExecute(TestCaseExecutor.java:330)
	at com.kms.katalon.core.main.TestCaseExecutor.processExecutionPhase(TestCaseExecutor.java:309)
	at com.kms.katalon.core.main.TestCaseExecutor.accessMainPhase(TestCaseExecutor.java:301)
	at com.kms.katalon.core.main.TestCaseExecutor.execute(TestCaseExecutor.java:235)
	at com.kms.katalon.core.main.TestSuiteExecutor.accessTestCaseMainPhase(TestSuiteExecutor.java:191)
	at com.kms.katalon.core.main.TestSuiteExecutor.accessTestSuiteMainPhase(TestSuiteExecutor.java:141)
	at com.kms.katalon.core.main.TestSuiteExecutor.execute(TestSuiteExecutor.java:90)
	at com.kms.katalon.core.main.TestCaseMain.startTestSuite(TestCaseMain.java:157)
	at com.kms.katalon.core.main.TestCaseMain$startTestSuite$0.call(Unknown Source)
	at TempTestSuite1649239689066.run(TempTestSuite1649239689066.groovy:39)
Caused by: com.kms.katalon.core.exception.StepFailedException: com.kms.katalon.core.webui.exception.WebElementNotFoundException: Web element with id: 'Object Repository/Staging Objects/Page_diagnostics/span_Compatible test strips' located by '//*[(text() = 'Compatible test strips:' or . = 'Compatible test strips:')]' not found
	at com.kms.katalon.core.webui.keyword.internal.WebUIKeywordMain.stepFailed(WebUIKeywordMain.groovy:64)
	at com.kms.katalon.core.webui.keyword.builtin.VerifyElementPresentKeyword$_verifyElementPresent_closure1.doCall(VerifyElementPresentKeyword.groovy:85)
	at com.kms.katalon.core.webui.keyword.builtin.VerifyElementPresentKeyword$_verifyElementPresent_closure1.call(VerifyElementPresentKeyword.groovy)
	at com.kms.katalon.core.webui.keyword.internal.WebUIKeywordMain.runKeyword(WebUIKeywordMain.groovy:20)
	... 19 more
)

2022-04-06 18:17:20 - [MESSAGE][WARNING] - Timeout '0' is invalid. Using default page load timeout: '30'

2022-04-06 18:17:51 - [MESSAGE][INFO] - Unable to find the element located by 'By.xpath: //*[(text() = 'Compatible test strips:' or . = 'Compatible test strips:')]'. Please recheck the objects properties to make sure the desired element is located. 

2022-04-06 18:17:51 - [MESSAGE][FAILED] - com.kms.katalon.core.webui.exception.WebElementNotFoundException: Web element with id: 'Object Repository/Staging Objects/Page_diagnostics/span_Compatible test strips' located by '//*[(text() = 'Compatible test strips:' or . = 'Compatible test strips:')]' not found (Root cause: com.kms.katalon.core.exception.StepFailedException: com.kms.katalon.core.webui.exception.WebElementNotFoundException: Web element with id: 'Object Repository/Staging Objects/Page_diagnostics/span_Compatible test strips' located by '//*[(text() = 'Compatible test strips:' or . = 'Compatible test strips:')]' not found
	at com.kms.katalon.core.webui.keyword.internal.WebUIKeywordMain.stepFailed(WebUIKeywordMain.groovy:64)
	at com.kms.katalon.core.webui.keyword.builtin.VerifyElementPresentKeyword$_verifyElementPresent_closure1.doCall(VerifyElementPresentKeyword.groovy:85)
	at com.kms.katalon.core.webui.keyword.builtin.VerifyElementPresentKeyword$_verifyElementPresent_closure1.call(VerifyElementPresentKeyword.groovy)
	at com.kms.katalon.core.webui.keyword.internal.WebUIKeywordMain.runKeyword(WebUIKeywordMain.groovy:20)
	at com.kms.katalon.core.webui.keyword.builtin.VerifyElementPresentKeyword.verifyElementPresent(VerifyElementPresentKeyword.groovy:92)
	at com.kms.katalon.core.webui.keyword.builtin.VerifyElementPresentKeyword.execute(VerifyElementPresentKeyword.groovy:68)
	at com.kms.katalon.core.keyword.internal.KeywordExecutor.executeKeywordForPlatform(KeywordExecutor.groovy:73)
	at com.kms.katalon.core.webui.keyword.WebUiBuiltInKeywords.verifyElementPresent(WebUiBuiltInKeywords.groovy:1461)
	at com.kms.katalon.core.webui.keyword.WebUiBuiltInKeywords$verifyElementPresent$9.call(Unknown Source)
	at TC_DETAILS_UI_025.run(TC_DETAILS_UI_025:22)
	at com.kms.katalon.core.main.ScriptEngine.run(ScriptEngine.java:194)
	at com.kms.katalon.core.main.ScriptEngine.runScriptAsRawText(ScriptEngine.java:119)
	at com.kms.katalon.core.main.TestCaseExecutor.runScript(TestCaseExecutor.java:339)
	at com.kms.katalon.core.main.TestCaseExecutor.doExecute(TestCaseExecutor.java:330)
	at com.kms.katalon.core.main.TestCaseExecutor.processExecutionPhase(TestCaseExecutor.java:309)
	at com.kms.katalon.core.main.TestCaseExecutor.accessMainPhase(TestCaseExecutor.java:301)
	at com.kms.katalon.core.main.TestCaseExecutor.execute(TestCaseExecutor.java:235)
	at com.kms.katalon.core.main.TestSuiteExecutor.accessTestCaseMainPhase(TestSuiteExecutor.java:191)
	at com.kms.katalon.core.main.TestSuiteExecutor.accessTestSuiteMainPhase(TestSuiteExecutor.java:141)
	at com.kms.katalon.core.main.TestSuiteExecutor.execute(TestSuiteExecutor.java:90)
	at com.kms.katalon.core.main.TestCaseMain.startTestSuite(TestCaseMain.java:157)
	at com.kms.katalon.core.main.TestCaseMain$startTestSuite$0.call(Unknown Source)
	at TempTestSuite1649239689066.run(TempTestSuite1649239689066.groovy:39)
)
[[ATTACHMENT|K:\\Work\\GitHub\\find-item-detail-test_v2\\Reports\\20220406_180809\\Item detail test\\20220406_180809\\1649240271817.png]]

2022-04-06 18:17:52 - [MESSAGE][FAILED] - Unable to verify object 'Object Repository/Staging Objects/Page_diagnostics/span_Compatible test strips' is present (Root cause: com.kms.katalon.core.exception.StepFailedException: Unable to verify object 'Object Repository/Staging Objects/Page_diagnostics/span_Compatible test strips' is present
	at com.kms.katalon.core.webui.keyword.internal.WebUIKeywordMain.stepFailed(WebUIKeywordMain.groovy:64)
	at com.kms.katalon.core.webui.keyword.internal.WebUIKeywordMain.runKeyword(WebUIKeywordMain.groovy:26)
	at com.kms.katalon.core.webui.keyword.builtin.VerifyElementPresentKeyword.verifyElementPresent(VerifyElementPresentKeyword.groovy:92)
	at com.kms.katalon.core.webui.keyword.builtin.VerifyElementPresentKeyword.execute(VerifyElementPresentKeyword.groovy:68)
	at com.kms.katalon.core.keyword.internal.KeywordExecutor.executeKeywordForPlatform(KeywordExecutor.groovy:73)
	at com.kms.katalon.core.webui.keyword.WebUiBuiltInKeywords.verifyElementPresent(WebUiBuiltInKeywords.groovy:1461)
	at com.kms.katalon.core.webui.keyword.WebUiBuiltInKeywords$verifyElementPresent$9.call(Unknown Source)
	at TC_DETAILS_UI_025.run(TC_DETAILS_UI_025:22)
	at com.kms.katalon.core.main.ScriptEngine.run(ScriptEngine.java:194)
	at com.kms.katalon.core.main.ScriptEngine.runScriptAsRawText(ScriptEngine.java:119)
	at com.kms.katalon.core.main.TestCaseExecutor.runScript(TestCaseExecutor.java:339)
	at com.kms.katalon.core.main.TestCaseExecutor.doExecute(TestCaseExecutor.java:330)
	at com.kms.katalon.core.main.TestCaseExecutor.processExecutionPhase(TestCaseExecutor.java:309)
	at com.kms.katalon.core.main.TestCaseExecutor.accessMainPhase(TestCaseExecutor.java:301)
	at com.kms.katalon.core.main.TestCaseExecutor.execute(TestCaseExecutor.java:235)
	at com.kms.katalon.core.main.TestSuiteExecutor.accessTestCaseMainPhase(TestSuiteExecutor.java:191)
	at com.kms.katalon.core.main.TestSuiteExecutor.accessTestSuiteMainPhase(TestSuiteExecutor.java:141)
	at com.kms.katalon.core.main.TestSuiteExecutor.execute(TestSuiteExecutor.java:90)
	at com.kms.katalon.core.main.TestCaseMain.startTestSuite(TestCaseMain.java:157)
	at com.kms.katalon.core.main.TestCaseMain$startTestSuite$0.call(Unknown Source)
	at TempTestSuite1649239689066.run(TempTestSuite1649239689066.groovy:39)
Caused by: com.kms.katalon.core.exception.StepFailedException: com.kms.katalon.core.webui.exception.WebElementNotFoundException: Web element with id: 'Object Repository/Staging Objects/Page_diagnostics/span_Compatible test strips' located by '//*[(text() = 'Compatible test strips:' or . = 'Compatible test strips:')]' not found
	at com.kms.katalon.core.webui.keyword.internal.WebUIKeywordMain.stepFailed(WebUIKeywordMain.groovy:64)
	at com.kms.katalon.core.webui.keyword.builtin.VerifyElementPresentKeyword$_verifyElementPresent_closure1.doCall(VerifyElementPresentKeyword.groovy:85)
	at com.kms.katalon.core.webui.keyword.builtin.VerifyElementPresentKeyword$_verifyElementPresent_closure1.call(VerifyElementPresentKeyword.groovy)
	at com.kms.katalon.core.webui.keyword.internal.WebUIKeywordMain.runKeyword(WebUIKeywordMain.groovy:20)
	... 19 more
)
[[ATTACHMENT|K:\\Work\\GitHub\\find-item-detail-test_v2\\Reports\\20220406_180809\\Item detail test\\20220406_180809\\1649240271965.png]]]]></system-out>
         <system-err><![CDATA[2022-04-06 18:16:38 - [TEST_CASE][FAILED] - Test Cases/Custom Item Details/TEST CASE/TC_DETAILS_UI_025: Test Cases/Custom Item Details/TEST CASE/TC_DETAILS_UI_025 FAILED.
Reason:
com.kms.katalon.core.exception.StepFailedException: Unable to verify object 'Object Repository/Staging Objects/Page_diagnostics/span_Compatible test strips' is present
	at com.kms.katalon.core.webui.keyword.internal.WebUIKeywordMain.stepFailed(WebUIKeywordMain.groovy:64)
	at com.kms.katalon.core.webui.keyword.internal.WebUIKeywordMain.runKeyword(WebUIKeywordMain.groovy:26)
	at com.kms.katalon.core.webui.keyword.builtin.VerifyElementPresentKeyword.verifyElementPresent(VerifyElementPresentKeyword.groovy:92)
	at com.kms.katalon.core.webui.keyword.builtin.VerifyElementPresentKeyword.execute(VerifyElementPresentKeyword.groovy:68)
	at com.kms.katalon.core.keyword.internal.KeywordExecutor.executeKeywordForPlatform(KeywordExecutor.groovy:73)
	at com.kms.katalon.core.webui.keyword.WebUiBuiltInKeywords.verifyElementPresent(WebUiBuiltInKeywords.groovy:1461)
	at com.kms.katalon.core.webui.keyword.WebUiBuiltInKeywords$verifyElementPresent$9.call(Unknown Source)
	at TC_DETAILS_UI_025.run(TC_DETAILS_UI_025:22)
	at com.kms.katalon.core.main.ScriptEngine.run(ScriptEngine.java:194)
	at com.kms.katalon.core.main.ScriptEngine.runScriptAsRawText(ScriptEngine.java:119)
	at com.kms.katalon.core.main.TestCaseExecutor.runScript(TestCaseExecutor.java:339)
	at com.kms.katalon.core.main.TestCaseExecutor.doExecute(TestCaseExecutor.java:330)
	at com.kms.katalon.core.main.TestCaseExecutor.processExecutionPhase(TestCaseExecutor.java:309)
	at com.kms.katalon.core.main.TestCaseExecutor.accessMainPhase(TestCaseExecutor.java:301)
	at com.kms.katalon.core.main.TestCaseExecutor.execute(TestCaseExecutor.java:235)
	at com.kms.katalon.core.main.TestSuiteExecutor.accessTestCaseMainPhase(TestSuiteExecutor.java:191)
	at com.kms.katalon.core.main.TestSuiteExecutor.accessTestSuiteMainPhase(TestSuiteExecutor.java:141)
	at com.kms.katalon.core.main.TestSuiteExecutor.execute(TestSuiteExecutor.java:90)
	at com.kms.katalon.core.main.TestCaseMain.startTestSuite(TestCaseMain.java:157)
	at com.kms.katalon.core.main.TestCaseMain$startTestSuite$0.call(Unknown Source)
	at TempTestSuite1649239689066.run(TempTestSuite1649239689066.groovy:39)
Caused by: com.kms.katalon.core.exception.StepFailedException: com.kms.katalon.core.webui.exception.WebElementNotFoundException: Web element with id: 'Object Repository/Staging Objects/Page_diagnostics/span_Compatible test strips' located by '//*[(text() = 'Compatible test strips:' or . = 'Compatible test strips:')]' not found
	at com.kms.katalon.core.webui.keyword.internal.WebUIKeywordMain.stepFailed(WebUIKeywordMain.groovy:64)
	at com.kms.katalon.core.webui.keyword.builtin.VerifyElementPresentKeyword$_verifyElementPresent_closure1.doCall(VerifyElementPresentKeyword.groovy:85)
	at com.kms.katalon.core.webui.keyword.builtin.VerifyElementPresentKeyword$_verifyElementPresent_closure1.call(VerifyElementPresentKeyword.groovy)
	at com.kms.katalon.core.webui.keyword.internal.WebUIKeywordMain.runKeyword(WebUIKeywordMain.groovy:20)
	... 19 more]]></system-err>
      </testcase>
      <testcase name="Test Cases/Custom Item Details/TEST CASE/TC_DETAILS_UI_026" time="14.45" classname="Test Cases/Custom Item Details/TEST CASE/TC_DETAILS_UI_026" status="PASSED">
         <system-out><![CDATA[2022-04-06 18:17:52 - [TEST_CASE][PASSED] - Test Cases/Custom Item Details/TEST CASE/TC_DETAILS_UI_026: Test Cases/Custom Item Details/TEST CASE/TC_DETAILS_UI_026

2022-04-06 18:17:52 - [TEST_STEP][PASSED] - callTestCase(findTestCase("Custom Item Details/UTILITIES/OPEN_BROWSER"), [:], STOP_ON_FAILURE): Call Test Case 'Test Cases/Custom Item Details/UTILITIES/OPEN_BROWSER' successfully

2022-04-06 18:17:52 - [TEST_CASE][PASSED] - Test Cases/Custom Item Details/UTILITIES/OPEN_BROWSER: Test Cases/Custom Item Details/UTILITIES/OPEN_BROWSER

2022-04-06 18:17:52 - [TEST_STEP][PASSED] - openBrowser("https://diagnostics.staging.arcadier.io/"): Browser is opened with url: 'https://diagnostics.staging.arcadier.io/'

2022-04-06 18:17:52 - [MESSAGE][WARNING] - A browser is already opened. Closing browser and opening a new one

2022-04-06 18:17:52 - [MESSAGE][INFO] - Starting 'Chrome' driver

2022-04-06 18:17:52 - [MESSAGE][INFO] - Action delay is set to 0 milliseconds

2022-04-06 18:17:56 - [MESSAGE][PASSED] - Browser is opened with url: 'https://diagnostics.staging.arcadier.io/'

2022-04-06 18:17:56 - [TEST_STEP][PASSED] - maximizeWindow(): Current window maximized

2022-04-06 18:17:56 - [MESSAGE][PASSED] - Current window maximized

2022-04-06 18:17:56 - [TEST_STEP][PASSED] - click(findTestObject("Item Details Objects/Page_diagnostics/a_Accept Cookies")): Object: 'Object Repository/Item Details Objects/Page_diagnostics/a_Accept Cookies' is clicked on

2022-04-06 18:17:57 - [MESSAGE][PASSED] - Object: 'Object Repository/Item Details Objects/Page_diagnostics/a_Accept Cookies' is clicked on

2022-04-06 18:17:57 - [TEST_STEP][PASSED] - click(findTestObject("New_Homepage/Page_diagnostics/a_COVID-19 DIAGNOSTICS"), STOP_ON_FAILURE): Object: 'Object Repository/New_Homepage/Page_diagnostics/a_COVID-19 DIAGNOSTICS' is clicked on

2022-04-06 18:17:59 - [MESSAGE][PASSED] - Object: 'Object Repository/New_Homepage/Page_diagnostics/a_COVID-19 DIAGNOSTICS' is clicked on

2022-04-06 18:17:59 - [TEST_STEP][PASSED] - mouseOver(findTestObject("New_Homepage/Page_diagnostics/a_Abbott Rapid Diagnostics PANBIO COVID-19 Ag Rapid Test Device (Nasopharyngeal)")): Object: 'Object Repository/New_Homepage/Page_diagnostics/a_Abbott Rapid Diagnostics PANBIO COVID-19 Ag Rapid Test Device (Nasopharyngeal)' is hovered

2022-04-06 18:18:01 - [MESSAGE][PASSED] - Object: 'Object Repository/New_Homepage/Page_diagnostics/a_Abbott Rapid Diagnostics PANBIO COVID-19 Ag Rapid Test Device (Nasopharyngeal)' is hovered

2022-04-06 18:18:01 - [TEST_STEP][PASSED] - click(findTestObject("New_Homepage/Page_diagnostics/a_Abbott Rapid Diagnostics PANBIO COVID-19 Ag Rapid Test Device (Nasopharyngeal)")): Object: 'Object Repository/New_Homepage/Page_diagnostics/a_Abbott Rapid Diagnostics PANBIO COVID-19 Ag Rapid Test Device (Nasopharyngeal)' is clicked on

2022-04-06 18:18:04 - [MESSAGE][PASSED] - Object: 'Object Repository/New_Homepage/Page_diagnostics/a_Abbott Rapid Diagnostics PANBIO COVID-19 Ag Rapid Test Device (Nasopharyngeal)' is clicked on

2022-04-06 18:18:04 - [MESSAGE][PASSED] - Call Test Case 'Test Cases/Custom Item Details/UTILITIES/OPEN_BROWSER' successfully

2022-04-06 18:18:04 - [TEST_STEP][PASSED] - waitForElementVisible(findTestObject("Staging Objects/Page_diagnostics/span_Country of manufacture"), 0): Object 'Object Repository/Staging Objects/Page_diagnostics/span_Country of manufacture' is visible

2022-04-06 18:18:04 - [MESSAGE][WARNING] - Timeout '0' is invalid. Using default page load timeout: '30'

2022-04-06 18:18:05 - [MESSAGE][PASSED] - Object 'Object Repository/Staging Objects/Page_diagnostics/span_Country of manufacture' is visible

2022-04-06 18:18:05 - [TEST_STEP][PASSED] - verifyElementPresent(findTestObject("Staging Objects/Page_diagnostics/span_Country of manufacture"), 0): Object 'Object Repository/Staging Objects/Page_diagnostics/span_Country of manufacture' is present

2022-04-06 18:18:05 - [MESSAGE][WARNING] - Timeout '0' is invalid. Using default page load timeout: '30'

2022-04-06 18:18:05 - [MESSAGE][PASSED] - Object 'Object Repository/Staging Objects/Page_diagnostics/span_Country of manufacture' is present

2022-04-06 18:18:05 - [TEST_STEP][PASSED] - callTestCase(findTestCase("Custom Item Details/UTILITIES/CLOSE_BROWSER"), [:], STOP_ON_FAILURE): Call Test Case 'Test Cases/Custom Item Details/UTILITIES/CLOSE_BROWSER' successfully

2022-04-06 18:18:05 - [TEST_CASE][PASSED] - Test Cases/Custom Item Details/UTILITIES/CLOSE_BROWSER: Test Cases/Custom Item Details/UTILITIES/CLOSE_BROWSER

2022-04-06 18:18:05 - [TEST_STEP][PASSED] - closeBrowser(): Browser is closed

2022-04-06 18:18:06 - [MESSAGE][PASSED] - Browser is closed

2022-04-06 18:18:06 - [MESSAGE][PASSED] - Call Test Case 'Test Cases/Custom Item Details/UTILITIES/CLOSE_BROWSER' successfully]]></system-out>
         <system-err><![CDATA[]]></system-err>
      </testcase>
      <testcase name="Test Cases/Custom Item Details/TEST CASE/TC_DETAILS_UI_027" time="15.628" classname="Test Cases/Custom Item Details/TEST CASE/TC_DETAILS_UI_027" status="PASSED">
         <system-out><![CDATA[2022-04-06 18:18:06 - [TEST_CASE][PASSED] - Test Cases/Custom Item Details/TEST CASE/TC_DETAILS_UI_027: Test Cases/Custom Item Details/TEST CASE/TC_DETAILS_UI_027

2022-04-06 18:18:06 - [TEST_STEP][PASSED] - callTestCase(findTestCase("Custom Item Details/UTILITIES/OPEN_BROWSER"), [:], STOP_ON_FAILURE): Call Test Case 'Test Cases/Custom Item Details/UTILITIES/OPEN_BROWSER' successfully

2022-04-06 18:18:06 - [TEST_CASE][PASSED] - Test Cases/Custom Item Details/UTILITIES/OPEN_BROWSER: Test Cases/Custom Item Details/UTILITIES/OPEN_BROWSER

2022-04-06 18:18:06 - [TEST_STEP][PASSED] - openBrowser("https://diagnostics.staging.arcadier.io/"): Browser is opened with url: 'https://diagnostics.staging.arcadier.io/'

2022-04-06 18:18:06 - [MESSAGE][INFO] - Starting 'Chrome' driver

2022-04-06 18:18:06 - [MESSAGE][INFO] - Action delay is set to 0 milliseconds

2022-04-06 18:18:10 - [MESSAGE][PASSED] - Browser is opened with url: 'https://diagnostics.staging.arcadier.io/'

2022-04-06 18:18:10 - [TEST_STEP][PASSED] - maximizeWindow(): Current window maximized

2022-04-06 18:18:10 - [MESSAGE][PASSED] - Current window maximized

2022-04-06 18:18:10 - [TEST_STEP][PASSED] - click(findTestObject("Item Details Objects/Page_diagnostics/a_Accept Cookies")): Object: 'Object Repository/Item Details Objects/Page_diagnostics/a_Accept Cookies' is clicked on

2022-04-06 18:18:11 - [MESSAGE][PASSED] - Object: 'Object Repository/Item Details Objects/Page_diagnostics/a_Accept Cookies' is clicked on

2022-04-06 18:18:11 - [TEST_STEP][PASSED] - click(findTestObject("New_Homepage/Page_diagnostics/a_COVID-19 DIAGNOSTICS"), STOP_ON_FAILURE): Object: 'Object Repository/New_Homepage/Page_diagnostics/a_COVID-19 DIAGNOSTICS' is clicked on

2022-04-06 18:18:14 - [MESSAGE][PASSED] - Object: 'Object Repository/New_Homepage/Page_diagnostics/a_COVID-19 DIAGNOSTICS' is clicked on

2022-04-06 18:18:14 - [TEST_STEP][PASSED] - mouseOver(findTestObject("New_Homepage/Page_diagnostics/a_Abbott Rapid Diagnostics PANBIO COVID-19 Ag Rapid Test Device (Nasopharyngeal)")): Object: 'Object Repository/New_Homepage/Page_diagnostics/a_Abbott Rapid Diagnostics PANBIO COVID-19 Ag Rapid Test Device (Nasopharyngeal)' is hovered

2022-04-06 18:18:16 - [MESSAGE][PASSED] - Object: 'Object Repository/New_Homepage/Page_diagnostics/a_Abbott Rapid Diagnostics PANBIO COVID-19 Ag Rapid Test Device (Nasopharyngeal)' is hovered

2022-04-06 18:18:16 - [TEST_STEP][PASSED] - click(findTestObject("New_Homepage/Page_diagnostics/a_Abbott Rapid Diagnostics PANBIO COVID-19 Ag Rapid Test Device (Nasopharyngeal)")): Object: 'Object Repository/New_Homepage/Page_diagnostics/a_Abbott Rapid Diagnostics PANBIO COVID-19 Ag Rapid Test Device (Nasopharyngeal)' is clicked on

2022-04-06 18:18:19 - [MESSAGE][PASSED] - Object: 'Object Repository/New_Homepage/Page_diagnostics/a_Abbott Rapid Diagnostics PANBIO COVID-19 Ag Rapid Test Device (Nasopharyngeal)' is clicked on

2022-04-06 18:18:19 - [MESSAGE][PASSED] - Call Test Case 'Test Cases/Custom Item Details/UTILITIES/OPEN_BROWSER' successfully

2022-04-06 18:18:19 - [TEST_STEP][PASSED] - waitForElementVisible(findTestObject("Staging Objects/Page_diagnostics/span_Description"), 0): Object 'Object Repository/Staging Objects/Page_diagnostics/span_Description' is visible

2022-04-06 18:18:19 - [MESSAGE][WARNING] - Timeout '0' is invalid. Using default page load timeout: '30'

2022-04-06 18:18:21 - [MESSAGE][PASSED] - Object 'Object Repository/Staging Objects/Page_diagnostics/span_Description' is visible

2022-04-06 18:18:21 - [TEST_STEP][PASSED] - verifyElementPresent(findTestObject("Staging Objects/Page_diagnostics/span_Description"), 0): Object 'Object Repository/Staging Objects/Page_diagnostics/span_Description' is present

2022-04-06 18:18:21 - [MESSAGE][WARNING] - Timeout '0' is invalid. Using default page load timeout: '30'

2022-04-06 18:18:21 - [MESSAGE][PASSED] - Object 'Object Repository/Staging Objects/Page_diagnostics/span_Description' is present

2022-04-06 18:18:21 - [TEST_STEP][PASSED] - callTestCase(findTestCase("Custom Item Details/UTILITIES/CLOSE_BROWSER"), [:], STOP_ON_FAILURE): Call Test Case 'Test Cases/Custom Item Details/UTILITIES/CLOSE_BROWSER' successfully

2022-04-06 18:18:21 - [TEST_CASE][PASSED] - Test Cases/Custom Item Details/UTILITIES/CLOSE_BROWSER: Test Cases/Custom Item Details/UTILITIES/CLOSE_BROWSER

2022-04-06 18:18:21 - [TEST_STEP][PASSED] - closeBrowser(): Browser is closed

2022-04-06 18:18:22 - [MESSAGE][PASSED] - Browser is closed

2022-04-06 18:18:22 - [MESSAGE][PASSED] - Call Test Case 'Test Cases/Custom Item Details/UTILITIES/CLOSE_BROWSER' successfully]]></system-out>
         <system-err><![CDATA[]]></system-err>
      </testcase>
      <testcase name="Test Cases/Custom Item Details/TEST CASE/TC_DETAILS_UI_028" time="72.858" classname="Test Cases/Custom Item Details/TEST CASE/TC_DETAILS_UI_028" status="FAILED">
         <failure type="FAILED" message="Test Cases/Custom Item Details/TEST CASE/TC_DETAILS_UI_028 FAILED.
Reason:
com.kms.katalon.core.exception.StepFailedException: Unable to verify object 'Object Repository/Staging Objects/Page_diagnostics/span_Diabetes Management Software' is present
	at com.kms.katalon.core.webui.keyword.internal.WebUIKeywordMain.stepFailed(WebUIKeywordMain.groovy:64)
	at com.kms.katalon.core.webui.keyword.internal.WebUIKeywordMain.runKeyword(WebUIKeywordMain.groovy:26)
	at com.kms.katalon.core.webui.keyword.builtin.VerifyElementPresentKeyword.verifyElementPresent(VerifyElementPresentKeyword.groovy:92)
	at com.kms.katalon.core.webui.keyword.builtin.VerifyElementPresentKeyword.execute(VerifyElementPresentKeyword.groovy:68)
	at com.kms.katalon.core.keyword.internal.KeywordExecutor.executeKeywordForPlatform(KeywordExecutor.groovy:73)
	at com.kms.katalon.core.webui.keyword.WebUiBuiltInKeywords.verifyElementPresent(WebUiBuiltInKeywords.groovy:1461)
	at com.kms.katalon.core.webui.keyword.WebUiBuiltInKeywords$verifyElementPresent$9.call(Unknown Source)
	at TC_DETAILS_UI_028.run(TC_DETAILS_UI_028:22)
	at com.kms.katalon.core.main.ScriptEngine.run(ScriptEngine.java:194)
	at com.kms.katalon.core.main.ScriptEngine.runScriptAsRawText(ScriptEngine.java:119)
	at com.kms.katalon.core.main.TestCaseExecutor.runScript(TestCaseExecutor.java:339)
	at com.kms.katalon.core.main.TestCaseExecutor.doExecute(TestCaseExecutor.java:330)
	at com.kms.katalon.core.main.TestCaseExecutor.processExecutionPhase(TestCaseExecutor.java:309)
	at com.kms.katalon.core.main.TestCaseExecutor.accessMainPhase(TestCaseExecutor.java:301)
	at com.kms.katalon.core.main.TestCaseExecutor.execute(TestCaseExecutor.java:235)
	at com.kms.katalon.core.main.TestSuiteExecutor.accessTestCaseMainPhase(TestSuiteExecutor.java:191)
	at com.kms.katalon.core.main.TestSuiteExecutor.accessTestSuiteMainPhase(TestSuiteExecutor.java:141)
	at com.kms.katalon.core.main.TestSuiteExecutor.execute(TestSuiteExecutor.java:90)
	at com.kms.katalon.core.main.TestCaseMain.startTestSuite(TestCaseMain.java:157)
	at com.kms.katalon.core.main.TestCaseMain$startTestSuite$0.call(Unknown Source)
	at TempTestSuite1649239689066.run(TempTestSuite1649239689066.groovy:39)
Caused by: com.kms.katalon.core.exception.StepFailedException: com.kms.katalon.core.webui.exception.WebElementNotFoundException: Web element with id: 'Object Repository/Staging Objects/Page_diagnostics/span_Diabetes Management Software' located by '//*[(text() = 'Diabetes Management Software:' or . = 'Diabetes Management Software:')]' not found
	at com.kms.katalon.core.webui.keyword.internal.WebUIKeywordMain.stepFailed(WebUIKeywordMain.groovy:64)
	at com.kms.katalon.core.webui.keyword.builtin.VerifyElementPresentKeyword$_verifyElementPresent_closure1.doCall(VerifyElementPresentKeyword.groovy:85)
	at com.kms.katalon.core.webui.keyword.builtin.VerifyElementPresentKeyword$_verifyElementPresent_closure1.call(VerifyElementPresentKeyword.groovy)
	at com.kms.katalon.core.webui.keyword.internal.WebUIKeywordMain.runKeyword(WebUIKeywordMain.groovy:20)
	... 19 more
"/>
         <system-out><![CDATA[2022-04-06 18:18:22 - [TEST_CASE][FAILED] - Test Cases/Custom Item Details/TEST CASE/TC_DETAILS_UI_028: Test Cases/Custom Item Details/TEST CASE/TC_DETAILS_UI_028 FAILED.
Reason:
com.kms.katalon.core.exception.StepFailedException: Unable to verify object 'Object Repository/Staging Objects/Page_diagnostics/span_Diabetes Management Software' is present
	at com.kms.katalon.core.webui.keyword.internal.WebUIKeywordMain.stepFailed(WebUIKeywordMain.groovy:64)
	at com.kms.katalon.core.webui.keyword.internal.WebUIKeywordMain.runKeyword(WebUIKeywordMain.groovy:26)
	at com.kms.katalon.core.webui.keyword.builtin.VerifyElementPresentKeyword.verifyElementPresent(VerifyElementPresentKeyword.groovy:92)
	at com.kms.katalon.core.webui.keyword.builtin.VerifyElementPresentKeyword.execute(VerifyElementPresentKeyword.groovy:68)
	at com.kms.katalon.core.keyword.internal.KeywordExecutor.executeKeywordForPlatform(KeywordExecutor.groovy:73)
	at com.kms.katalon.core.webui.keyword.WebUiBuiltInKeywords.verifyElementPresent(WebUiBuiltInKeywords.groovy:1461)
	at com.kms.katalon.core.webui.keyword.WebUiBuiltInKeywords$verifyElementPresent$9.call(Unknown Source)
	at TC_DETAILS_UI_028.run(TC_DETAILS_UI_028:22)
	at com.kms.katalon.core.main.ScriptEngine.run(ScriptEngine.java:194)
	at com.kms.katalon.core.main.ScriptEngine.runScriptAsRawText(ScriptEngine.java:119)
	at com.kms.katalon.core.main.TestCaseExecutor.runScript(TestCaseExecutor.java:339)
	at com.kms.katalon.core.main.TestCaseExecutor.doExecute(TestCaseExecutor.java:330)
	at com.kms.katalon.core.main.TestCaseExecutor.processExecutionPhase(TestCaseExecutor.java:309)
	at com.kms.katalon.core.main.TestCaseExecutor.accessMainPhase(TestCaseExecutor.java:301)
	at com.kms.katalon.core.main.TestCaseExecutor.execute(TestCaseExecutor.java:235)
	at com.kms.katalon.core.main.TestSuiteExecutor.accessTestCaseMainPhase(TestSuiteExecutor.java:191)
	at com.kms.katalon.core.main.TestSuiteExecutor.accessTestSuiteMainPhase(TestSuiteExecutor.java:141)
	at com.kms.katalon.core.main.TestSuiteExecutor.execute(TestSuiteExecutor.java:90)
	at com.kms.katalon.core.main.TestCaseMain.startTestSuite(TestCaseMain.java:157)
	at com.kms.katalon.core.main.TestCaseMain$startTestSuite$0.call(Unknown Source)
	at TempTestSuite1649239689066.run(TempTestSuite1649239689066.groovy:39)
Caused by: com.kms.katalon.core.exception.StepFailedException: com.kms.katalon.core.webui.exception.WebElementNotFoundException: Web element with id: 'Object Repository/Staging Objects/Page_diagnostics/span_Diabetes Management Software' located by '//*[(text() = 'Diabetes Management Software:' or . = 'Diabetes Management Software:')]' not found
	at com.kms.katalon.core.webui.keyword.internal.WebUIKeywordMain.stepFailed(WebUIKeywordMain.groovy:64)
	at com.kms.katalon.core.webui.keyword.builtin.VerifyElementPresentKeyword$_verifyElementPresent_closure1.doCall(VerifyElementPresentKeyword.groovy:85)
	at com.kms.katalon.core.webui.keyword.builtin.VerifyElementPresentKeyword$_verifyElementPresent_closure1.call(VerifyElementPresentKeyword.groovy)
	at com.kms.katalon.core.webui.keyword.internal.WebUIKeywordMain.runKeyword(WebUIKeywordMain.groovy:20)
	... 19 more


2022-04-06 18:18:22 - [TEST_STEP][PASSED] - callTestCase(findTestCase("Custom Item Details/UTILITIES/OPEN_BROWSER"), [:], STOP_ON_FAILURE): Call Test Case 'Test Cases/Custom Item Details/UTILITIES/OPEN_BROWSER' successfully

2022-04-06 18:18:22 - [TEST_CASE][PASSED] - Test Cases/Custom Item Details/UTILITIES/OPEN_BROWSER: Test Cases/Custom Item Details/UTILITIES/OPEN_BROWSER

2022-04-06 18:18:22 - [TEST_STEP][PASSED] - openBrowser("https://diagnostics.staging.arcadier.io/"): Browser is opened with url: 'https://diagnostics.staging.arcadier.io/'

2022-04-06 18:18:22 - [MESSAGE][INFO] - Starting 'Chrome' driver

2022-04-06 18:18:22 - [MESSAGE][INFO] - Action delay is set to 0 milliseconds

2022-04-06 18:18:25 - [MESSAGE][PASSED] - Browser is opened with url: 'https://diagnostics.staging.arcadier.io/'

2022-04-06 18:18:25 - [TEST_STEP][PASSED] - maximizeWindow(): Current window maximized

2022-04-06 18:18:25 - [MESSAGE][PASSED] - Current window maximized

2022-04-06 18:18:25 - [TEST_STEP][PASSED] - click(findTestObject("Item Details Objects/Page_diagnostics/a_Accept Cookies")): Object: 'Object Repository/Item Details Objects/Page_diagnostics/a_Accept Cookies' is clicked on

2022-04-06 18:18:27 - [MESSAGE][PASSED] - Object: 'Object Repository/Item Details Objects/Page_diagnostics/a_Accept Cookies' is clicked on

2022-04-06 18:18:27 - [TEST_STEP][PASSED] - click(findTestObject("New_Homepage/Page_diagnostics/a_COVID-19 DIAGNOSTICS"), STOP_ON_FAILURE): Object: 'Object Repository/New_Homepage/Page_diagnostics/a_COVID-19 DIAGNOSTICS' is clicked on

2022-04-06 18:18:28 - [MESSAGE][PASSED] - Object: 'Object Repository/New_Homepage/Page_diagnostics/a_COVID-19 DIAGNOSTICS' is clicked on

2022-04-06 18:18:28 - [TEST_STEP][PASSED] - mouseOver(findTestObject("New_Homepage/Page_diagnostics/a_Abbott Rapid Diagnostics PANBIO COVID-19 Ag Rapid Test Device (Nasopharyngeal)")): Object: 'Object Repository/New_Homepage/Page_diagnostics/a_Abbott Rapid Diagnostics PANBIO COVID-19 Ag Rapid Test Device (Nasopharyngeal)' is hovered

2022-04-06 18:18:29 - [MESSAGE][PASSED] - Object: 'Object Repository/New_Homepage/Page_diagnostics/a_Abbott Rapid Diagnostics PANBIO COVID-19 Ag Rapid Test Device (Nasopharyngeal)' is hovered

2022-04-06 18:18:29 - [TEST_STEP][PASSED] - click(findTestObject("New_Homepage/Page_diagnostics/a_Abbott Rapid Diagnostics PANBIO COVID-19 Ag Rapid Test Device (Nasopharyngeal)")): Object: 'Object Repository/New_Homepage/Page_diagnostics/a_Abbott Rapid Diagnostics PANBIO COVID-19 Ag Rapid Test Device (Nasopharyngeal)' is clicked on

2022-04-06 18:18:32 - [MESSAGE][PASSED] - Object: 'Object Repository/New_Homepage/Page_diagnostics/a_Abbott Rapid Diagnostics PANBIO COVID-19 Ag Rapid Test Device (Nasopharyngeal)' is clicked on

2022-04-06 18:18:32 - [MESSAGE][PASSED] - Call Test Case 'Test Cases/Custom Item Details/UTILITIES/OPEN_BROWSER' successfully

2022-04-06 18:18:32 - [TEST_STEP][PASSED] - waitForElementVisible(findTestObject("Staging Objects/Page_diagnostics/span_Diabetes Management Software"), 0): Web element with id: 'Object Repository/Staging Objects/Page_diagnostics/span_Diabetes Management Software' located by '//*[(text() = 'Diabetes Management Software:' or . = 'Diabetes Management Software:')]' not found

2022-04-06 18:18:32 - [MESSAGE][WARNING] - Timeout '0' is invalid. Using default page load timeout: '30'

2022-04-06 18:19:03 - [MESSAGE][INFO] - Unable to find the element located by 'By.xpath: //*[(text() = 'Diabetes Management Software:' or . = 'Diabetes Management Software:')]'. Please recheck the objects properties to make sure the desired element is located. 

2022-04-06 18:19:03 - [MESSAGE][WARNING] - Web element with id: 'Object Repository/Staging Objects/Page_diagnostics/span_Diabetes Management Software' located by '//*[(text() = 'Diabetes Management Software:' or . = 'Diabetes Management Software:')]' not found

2022-04-06 18:19:03 - [TEST_STEP][FAILED] - verifyElementPresent(findTestObject("Staging Objects/Page_diagnostics/span_Diabetes Management Software"), 0): Unable to verify object 'Object Repository/Staging Objects/Page_diagnostics/span_Diabetes Management Software' is present (Root cause: com.kms.katalon.core.exception.StepFailedException: Unable to verify object 'Object Repository/Staging Objects/Page_diagnostics/span_Diabetes Management Software' is present
	at com.kms.katalon.core.webui.keyword.internal.WebUIKeywordMain.stepFailed(WebUIKeywordMain.groovy:64)
	at com.kms.katalon.core.webui.keyword.internal.WebUIKeywordMain.runKeyword(WebUIKeywordMain.groovy:26)
	at com.kms.katalon.core.webui.keyword.builtin.VerifyElementPresentKeyword.verifyElementPresent(VerifyElementPresentKeyword.groovy:92)
	at com.kms.katalon.core.webui.keyword.builtin.VerifyElementPresentKeyword.execute(VerifyElementPresentKeyword.groovy:68)
	at com.kms.katalon.core.keyword.internal.KeywordExecutor.executeKeywordForPlatform(KeywordExecutor.groovy:73)
	at com.kms.katalon.core.webui.keyword.WebUiBuiltInKeywords.verifyElementPresent(WebUiBuiltInKeywords.groovy:1461)
	at com.kms.katalon.core.webui.keyword.WebUiBuiltInKeywords$verifyElementPresent$9.call(Unknown Source)
	at TC_DETAILS_UI_028.run(TC_DETAILS_UI_028:22)
	at com.kms.katalon.core.main.ScriptEngine.run(ScriptEngine.java:194)
	at com.kms.katalon.core.main.ScriptEngine.runScriptAsRawText(ScriptEngine.java:119)
	at com.kms.katalon.core.main.TestCaseExecutor.runScript(TestCaseExecutor.java:339)
	at com.kms.katalon.core.main.TestCaseExecutor.doExecute(TestCaseExecutor.java:330)
	at com.kms.katalon.core.main.TestCaseExecutor.processExecutionPhase(TestCaseExecutor.java:309)
	at com.kms.katalon.core.main.TestCaseExecutor.accessMainPhase(TestCaseExecutor.java:301)
	at com.kms.katalon.core.main.TestCaseExecutor.execute(TestCaseExecutor.java:235)
	at com.kms.katalon.core.main.TestSuiteExecutor.accessTestCaseMainPhase(TestSuiteExecutor.java:191)
	at com.kms.katalon.core.main.TestSuiteExecutor.accessTestSuiteMainPhase(TestSuiteExecutor.java:141)
	at com.kms.katalon.core.main.TestSuiteExecutor.execute(TestSuiteExecutor.java:90)
	at com.kms.katalon.core.main.TestCaseMain.startTestSuite(TestCaseMain.java:157)
	at com.kms.katalon.core.main.TestCaseMain$startTestSuite$0.call(Unknown Source)
	at TempTestSuite1649239689066.run(TempTestSuite1649239689066.groovy:39)
Caused by: com.kms.katalon.core.exception.StepFailedException: com.kms.katalon.core.webui.exception.WebElementNotFoundException: Web element with id: 'Object Repository/Staging Objects/Page_diagnostics/span_Diabetes Management Software' located by '//*[(text() = 'Diabetes Management Software:' or . = 'Diabetes Management Software:')]' not found
	at com.kms.katalon.core.webui.keyword.internal.WebUIKeywordMain.stepFailed(WebUIKeywordMain.groovy:64)
	at com.kms.katalon.core.webui.keyword.builtin.VerifyElementPresentKeyword$_verifyElementPresent_closure1.doCall(VerifyElementPresentKeyword.groovy:85)
	at com.kms.katalon.core.webui.keyword.builtin.VerifyElementPresentKeyword$_verifyElementPresent_closure1.call(VerifyElementPresentKeyword.groovy)
	at com.kms.katalon.core.webui.keyword.internal.WebUIKeywordMain.runKeyword(WebUIKeywordMain.groovy:20)
	... 19 more
)

2022-04-06 18:19:03 - [MESSAGE][WARNING] - Timeout '0' is invalid. Using default page load timeout: '30'

2022-04-06 18:19:34 - [MESSAGE][INFO] - Unable to find the element located by 'By.xpath: //*[(text() = 'Diabetes Management Software:' or . = 'Diabetes Management Software:')]'. Please recheck the objects properties to make sure the desired element is located. 

2022-04-06 18:19:34 - [MESSAGE][FAILED] - com.kms.katalon.core.webui.exception.WebElementNotFoundException: Web element with id: 'Object Repository/Staging Objects/Page_diagnostics/span_Diabetes Management Software' located by '//*[(text() = 'Diabetes Management Software:' or . = 'Diabetes Management Software:')]' not found (Root cause: com.kms.katalon.core.exception.StepFailedException: com.kms.katalon.core.webui.exception.WebElementNotFoundException: Web element with id: 'Object Repository/Staging Objects/Page_diagnostics/span_Diabetes Management Software' located by '//*[(text() = 'Diabetes Management Software:' or . = 'Diabetes Management Software:')]' not found
	at com.kms.katalon.core.webui.keyword.internal.WebUIKeywordMain.stepFailed(WebUIKeywordMain.groovy:64)
	at com.kms.katalon.core.webui.keyword.builtin.VerifyElementPresentKeyword$_verifyElementPresent_closure1.doCall(VerifyElementPresentKeyword.groovy:85)
	at com.kms.katalon.core.webui.keyword.builtin.VerifyElementPresentKeyword$_verifyElementPresent_closure1.call(VerifyElementPresentKeyword.groovy)
	at com.kms.katalon.core.webui.keyword.internal.WebUIKeywordMain.runKeyword(WebUIKeywordMain.groovy:20)
	at com.kms.katalon.core.webui.keyword.builtin.VerifyElementPresentKeyword.verifyElementPresent(VerifyElementPresentKeyword.groovy:92)
	at com.kms.katalon.core.webui.keyword.builtin.VerifyElementPresentKeyword.execute(VerifyElementPresentKeyword.groovy:68)
	at com.kms.katalon.core.keyword.internal.KeywordExecutor.executeKeywordForPlatform(KeywordExecutor.groovy:73)
	at com.kms.katalon.core.webui.keyword.WebUiBuiltInKeywords.verifyElementPresent(WebUiBuiltInKeywords.groovy:1461)
	at com.kms.katalon.core.webui.keyword.WebUiBuiltInKeywords$verifyElementPresent$9.call(Unknown Source)
	at TC_DETAILS_UI_028.run(TC_DETAILS_UI_028:22)
	at com.kms.katalon.core.main.ScriptEngine.run(ScriptEngine.java:194)
	at com.kms.katalon.core.main.ScriptEngine.runScriptAsRawText(ScriptEngine.java:119)
	at com.kms.katalon.core.main.TestCaseExecutor.runScript(TestCaseExecutor.java:339)
	at com.kms.katalon.core.main.TestCaseExecutor.doExecute(TestCaseExecutor.java:330)
	at com.kms.katalon.core.main.TestCaseExecutor.processExecutionPhase(TestCaseExecutor.java:309)
	at com.kms.katalon.core.main.TestCaseExecutor.accessMainPhase(TestCaseExecutor.java:301)
	at com.kms.katalon.core.main.TestCaseExecutor.execute(TestCaseExecutor.java:235)
	at com.kms.katalon.core.main.TestSuiteExecutor.accessTestCaseMainPhase(TestSuiteExecutor.java:191)
	at com.kms.katalon.core.main.TestSuiteExecutor.accessTestSuiteMainPhase(TestSuiteExecutor.java:141)
	at com.kms.katalon.core.main.TestSuiteExecutor.execute(TestSuiteExecutor.java:90)
	at com.kms.katalon.core.main.TestCaseMain.startTestSuite(TestCaseMain.java:157)
	at com.kms.katalon.core.main.TestCaseMain$startTestSuite$0.call(Unknown Source)
	at TempTestSuite1649239689066.run(TempTestSuite1649239689066.groovy:39)
)
[[ATTACHMENT|K:\\Work\\GitHub\\find-item-detail-test_v2\\Reports\\20220406_180809\\Item detail test\\20220406_180809\\1649240374740.png]]

2022-04-06 18:19:35 - [MESSAGE][FAILED] - Unable to verify object 'Object Repository/Staging Objects/Page_diagnostics/span_Diabetes Management Software' is present (Root cause: com.kms.katalon.core.exception.StepFailedException: Unable to verify object 'Object Repository/Staging Objects/Page_diagnostics/span_Diabetes Management Software' is present
	at com.kms.katalon.core.webui.keyword.internal.WebUIKeywordMain.stepFailed(WebUIKeywordMain.groovy:64)
	at com.kms.katalon.core.webui.keyword.internal.WebUIKeywordMain.runKeyword(WebUIKeywordMain.groovy:26)
	at com.kms.katalon.core.webui.keyword.builtin.VerifyElementPresentKeyword.verifyElementPresent(VerifyElementPresentKeyword.groovy:92)
	at com.kms.katalon.core.webui.keyword.builtin.VerifyElementPresentKeyword.execute(VerifyElementPresentKeyword.groovy:68)
	at com.kms.katalon.core.keyword.internal.KeywordExecutor.executeKeywordForPlatform(KeywordExecutor.groovy:73)
	at com.kms.katalon.core.webui.keyword.WebUiBuiltInKeywords.verifyElementPresent(WebUiBuiltInKeywords.groovy:1461)
	at com.kms.katalon.core.webui.keyword.WebUiBuiltInKeywords$verifyElementPresent$9.call(Unknown Source)
	at TC_DETAILS_UI_028.run(TC_DETAILS_UI_028:22)
	at com.kms.katalon.core.main.ScriptEngine.run(ScriptEngine.java:194)
	at com.kms.katalon.core.main.ScriptEngine.runScriptAsRawText(ScriptEngine.java:119)
	at com.kms.katalon.core.main.TestCaseExecutor.runScript(TestCaseExecutor.java:339)
	at com.kms.katalon.core.main.TestCaseExecutor.doExecute(TestCaseExecutor.java:330)
	at com.kms.katalon.core.main.TestCaseExecutor.processExecutionPhase(TestCaseExecutor.java:309)
	at com.kms.katalon.core.main.TestCaseExecutor.accessMainPhase(TestCaseExecutor.java:301)
	at com.kms.katalon.core.main.TestCaseExecutor.execute(TestCaseExecutor.java:235)
	at com.kms.katalon.core.main.TestSuiteExecutor.accessTestCaseMainPhase(TestSuiteExecutor.java:191)
	at com.kms.katalon.core.main.TestSuiteExecutor.accessTestSuiteMainPhase(TestSuiteExecutor.java:141)
	at com.kms.katalon.core.main.TestSuiteExecutor.execute(TestSuiteExecutor.java:90)
	at com.kms.katalon.core.main.TestCaseMain.startTestSuite(TestCaseMain.java:157)
	at com.kms.katalon.core.main.TestCaseMain$startTestSuite$0.call(Unknown Source)
	at TempTestSuite1649239689066.run(TempTestSuite1649239689066.groovy:39)
Caused by: com.kms.katalon.core.exception.StepFailedException: com.kms.katalon.core.webui.exception.WebElementNotFoundException: Web element with id: 'Object Repository/Staging Objects/Page_diagnostics/span_Diabetes Management Software' located by '//*[(text() = 'Diabetes Management Software:' or . = 'Diabetes Management Software:')]' not found
	at com.kms.katalon.core.webui.keyword.internal.WebUIKeywordMain.stepFailed(WebUIKeywordMain.groovy:64)
	at com.kms.katalon.core.webui.keyword.builtin.VerifyElementPresentKeyword$_verifyElementPresent_closure1.doCall(VerifyElementPresentKeyword.groovy:85)
	at com.kms.katalon.core.webui.keyword.builtin.VerifyElementPresentKeyword$_verifyElementPresent_closure1.call(VerifyElementPresentKeyword.groovy)
	at com.kms.katalon.core.webui.keyword.internal.WebUIKeywordMain.runKeyword(WebUIKeywordMain.groovy:20)
	... 19 more
)
[[ATTACHMENT|K:\\Work\\GitHub\\find-item-detail-test_v2\\Reports\\20220406_180809\\Item detail test\\20220406_180809\\1649240374882.png]]]]></system-out>
         <system-err><![CDATA[2022-04-06 18:18:22 - [TEST_CASE][FAILED] - Test Cases/Custom Item Details/TEST CASE/TC_DETAILS_UI_028: Test Cases/Custom Item Details/TEST CASE/TC_DETAILS_UI_028 FAILED.
Reason:
com.kms.katalon.core.exception.StepFailedException: Unable to verify object 'Object Repository/Staging Objects/Page_diagnostics/span_Diabetes Management Software' is present
	at com.kms.katalon.core.webui.keyword.internal.WebUIKeywordMain.stepFailed(WebUIKeywordMain.groovy:64)
	at com.kms.katalon.core.webui.keyword.internal.WebUIKeywordMain.runKeyword(WebUIKeywordMain.groovy:26)
	at com.kms.katalon.core.webui.keyword.builtin.VerifyElementPresentKeyword.verifyElementPresent(VerifyElementPresentKeyword.groovy:92)
	at com.kms.katalon.core.webui.keyword.builtin.VerifyElementPresentKeyword.execute(VerifyElementPresentKeyword.groovy:68)
	at com.kms.katalon.core.keyword.internal.KeywordExecutor.executeKeywordForPlatform(KeywordExecutor.groovy:73)
	at com.kms.katalon.core.webui.keyword.WebUiBuiltInKeywords.verifyElementPresent(WebUiBuiltInKeywords.groovy:1461)
	at com.kms.katalon.core.webui.keyword.WebUiBuiltInKeywords$verifyElementPresent$9.call(Unknown Source)
	at TC_DETAILS_UI_028.run(TC_DETAILS_UI_028:22)
	at com.kms.katalon.core.main.ScriptEngine.run(ScriptEngine.java:194)
	at com.kms.katalon.core.main.ScriptEngine.runScriptAsRawText(ScriptEngine.java:119)
	at com.kms.katalon.core.main.TestCaseExecutor.runScript(TestCaseExecutor.java:339)
	at com.kms.katalon.core.main.TestCaseExecutor.doExecute(TestCaseExecutor.java:330)
	at com.kms.katalon.core.main.TestCaseExecutor.processExecutionPhase(TestCaseExecutor.java:309)
	at com.kms.katalon.core.main.TestCaseExecutor.accessMainPhase(TestCaseExecutor.java:301)
	at com.kms.katalon.core.main.TestCaseExecutor.execute(TestCaseExecutor.java:235)
	at com.kms.katalon.core.main.TestSuiteExecutor.accessTestCaseMainPhase(TestSuiteExecutor.java:191)
	at com.kms.katalon.core.main.TestSuiteExecutor.accessTestSuiteMainPhase(TestSuiteExecutor.java:141)
	at com.kms.katalon.core.main.TestSuiteExecutor.execute(TestSuiteExecutor.java:90)
	at com.kms.katalon.core.main.TestCaseMain.startTestSuite(TestCaseMain.java:157)
	at com.kms.katalon.core.main.TestCaseMain$startTestSuite$0.call(Unknown Source)
	at TempTestSuite1649239689066.run(TempTestSuite1649239689066.groovy:39)
Caused by: com.kms.katalon.core.exception.StepFailedException: com.kms.katalon.core.webui.exception.WebElementNotFoundException: Web element with id: 'Object Repository/Staging Objects/Page_diagnostics/span_Diabetes Management Software' located by '//*[(text() = 'Diabetes Management Software:' or . = 'Diabetes Management Software:')]' not found
	at com.kms.katalon.core.webui.keyword.internal.WebUIKeywordMain.stepFailed(WebUIKeywordMain.groovy:64)
	at com.kms.katalon.core.webui.keyword.builtin.VerifyElementPresentKeyword$_verifyElementPresent_closure1.doCall(VerifyElementPresentKeyword.groovy:85)
	at com.kms.katalon.core.webui.keyword.builtin.VerifyElementPresentKeyword$_verifyElementPresent_closure1.call(VerifyElementPresentKeyword.groovy)
	at com.kms.katalon.core.webui.keyword.internal.WebUIKeywordMain.runKeyword(WebUIKeywordMain.groovy:20)
	... 19 more]]></system-err>
      </testcase>
      <testcase name="Test Cases/Custom Item Details/TEST CASE/TC_DETAILS_UI_029" time="15.119" classname="Test Cases/Custom Item Details/TEST CASE/TC_DETAILS_UI_029" status="PASSED">
         <system-out><![CDATA[2022-04-06 18:19:35 - [TEST_CASE][PASSED] - Test Cases/Custom Item Details/TEST CASE/TC_DETAILS_UI_029: Test Cases/Custom Item Details/TEST CASE/TC_DETAILS_UI_029

2022-04-06 18:19:35 - [TEST_STEP][PASSED] - callTestCase(findTestCase("Custom Item Details/UTILITIES/OPEN_BROWSER"), [:], STOP_ON_FAILURE): Call Test Case 'Test Cases/Custom Item Details/UTILITIES/OPEN_BROWSER' successfully

2022-04-06 18:19:35 - [TEST_CASE][PASSED] - Test Cases/Custom Item Details/UTILITIES/OPEN_BROWSER: Test Cases/Custom Item Details/UTILITIES/OPEN_BROWSER

2022-04-06 18:19:35 - [TEST_STEP][PASSED] - openBrowser("https://diagnostics.staging.arcadier.io/"): Browser is opened with url: 'https://diagnostics.staging.arcadier.io/'

2022-04-06 18:19:35 - [MESSAGE][WARNING] - A browser is already opened. Closing browser and opening a new one

2022-04-06 18:19:35 - [MESSAGE][INFO] - Starting 'Chrome' driver

2022-04-06 18:19:35 - [MESSAGE][INFO] - Action delay is set to 0 milliseconds

2022-04-06 18:19:39 - [MESSAGE][PASSED] - Browser is opened with url: 'https://diagnostics.staging.arcadier.io/'

2022-04-06 18:19:39 - [TEST_STEP][PASSED] - maximizeWindow(): Current window maximized

2022-04-06 18:19:39 - [MESSAGE][PASSED] - Current window maximized

2022-04-06 18:19:39 - [TEST_STEP][PASSED] - click(findTestObject("Item Details Objects/Page_diagnostics/a_Accept Cookies")): Object: 'Object Repository/Item Details Objects/Page_diagnostics/a_Accept Cookies' is clicked on

2022-04-06 18:19:40 - [MESSAGE][PASSED] - Object: 'Object Repository/Item Details Objects/Page_diagnostics/a_Accept Cookies' is clicked on

2022-04-06 18:19:40 - [TEST_STEP][PASSED] - click(findTestObject("New_Homepage/Page_diagnostics/a_COVID-19 DIAGNOSTICS"), STOP_ON_FAILURE): Object: 'Object Repository/New_Homepage/Page_diagnostics/a_COVID-19 DIAGNOSTICS' is clicked on

2022-04-06 18:19:43 - [MESSAGE][PASSED] - Object: 'Object Repository/New_Homepage/Page_diagnostics/a_COVID-19 DIAGNOSTICS' is clicked on

2022-04-06 18:19:43 - [TEST_STEP][PASSED] - mouseOver(findTestObject("New_Homepage/Page_diagnostics/a_Abbott Rapid Diagnostics PANBIO COVID-19 Ag Rapid Test Device (Nasopharyngeal)")): Object: 'Object Repository/New_Homepage/Page_diagnostics/a_Abbott Rapid Diagnostics PANBIO COVID-19 Ag Rapid Test Device (Nasopharyngeal)' is hovered

2022-04-06 18:19:45 - [MESSAGE][PASSED] - Object: 'Object Repository/New_Homepage/Page_diagnostics/a_Abbott Rapid Diagnostics PANBIO COVID-19 Ag Rapid Test Device (Nasopharyngeal)' is hovered

2022-04-06 18:19:45 - [TEST_STEP][PASSED] - click(findTestObject("New_Homepage/Page_diagnostics/a_Abbott Rapid Diagnostics PANBIO COVID-19 Ag Rapid Test Device (Nasopharyngeal)")): Object: 'Object Repository/New_Homepage/Page_diagnostics/a_Abbott Rapid Diagnostics PANBIO COVID-19 Ag Rapid Test Device (Nasopharyngeal)' is clicked on

2022-04-06 18:19:47 - [MESSAGE][PASSED] - Object: 'Object Repository/New_Homepage/Page_diagnostics/a_Abbott Rapid Diagnostics PANBIO COVID-19 Ag Rapid Test Device (Nasopharyngeal)' is clicked on

2022-04-06 18:19:47 - [MESSAGE][PASSED] - Call Test Case 'Test Cases/Custom Item Details/UTILITIES/OPEN_BROWSER' successfully

2022-04-06 18:19:47 - [TEST_STEP][PASSED] - waitForElementVisible(findTestObject("Staging Objects/Page_diagnostics/span_Enzyme"), 0): Object 'Object Repository/Staging Objects/Page_diagnostics/span_Enzyme' is visible

2022-04-06 18:19:47 - [MESSAGE][WARNING] - Timeout '0' is invalid. Using default page load timeout: '30'

2022-04-06 18:19:49 - [MESSAGE][PASSED] - Object 'Object Repository/Staging Objects/Page_diagnostics/span_Enzyme' is visible

2022-04-06 18:19:49 - [TEST_STEP][PASSED] - verifyElementPresent(findTestObject("Staging Objects/Page_diagnostics/span_Enzyme"), 0): Object 'Object Repository/Staging Objects/Page_diagnostics/span_Enzyme' is present

2022-04-06 18:19:49 - [MESSAGE][WARNING] - Timeout '0' is invalid. Using default page load timeout: '30'

2022-04-06 18:19:49 - [MESSAGE][PASSED] - Object 'Object Repository/Staging Objects/Page_diagnostics/span_Enzyme' is present

2022-04-06 18:19:49 - [TEST_STEP][PASSED] - callTestCase(findTestCase("Custom Item Details/UTILITIES/CLOSE_BROWSER"), [:], STOP_ON_FAILURE): Call Test Case 'Test Cases/Custom Item Details/UTILITIES/CLOSE_BROWSER' successfully

2022-04-06 18:19:49 - [TEST_CASE][PASSED] - Test Cases/Custom Item Details/UTILITIES/CLOSE_BROWSER: Test Cases/Custom Item Details/UTILITIES/CLOSE_BROWSER

2022-04-06 18:19:49 - [TEST_STEP][PASSED] - closeBrowser(): Browser is closed

2022-04-06 18:19:50 - [MESSAGE][PASSED] - Browser is closed

2022-04-06 18:19:50 - [MESSAGE][PASSED] - Call Test Case 'Test Cases/Custom Item Details/UTILITIES/CLOSE_BROWSER' successfully]]></system-out>
         <system-err><![CDATA[]]></system-err>
      </testcase>
      <testcase name="Test Cases/Custom Item Details/TEST CASE/TC_DETAILS_UI_030" time="14.505" classname="Test Cases/Custom Item Details/TEST CASE/TC_DETAILS_UI_030" status="PASSED">
         <system-out><![CDATA[2022-04-06 18:19:50 - [TEST_CASE][PASSED] - Test Cases/Custom Item Details/TEST CASE/TC_DETAILS_UI_030: Test Cases/Custom Item Details/TEST CASE/TC_DETAILS_UI_030

2022-04-06 18:19:50 - [TEST_STEP][PASSED] - callTestCase(findTestCase("Custom Item Details/UTILITIES/OPEN_BROWSER"), [:], STOP_ON_FAILURE): Call Test Case 'Test Cases/Custom Item Details/UTILITIES/OPEN_BROWSER' successfully

2022-04-06 18:19:50 - [TEST_CASE][PASSED] - Test Cases/Custom Item Details/UTILITIES/OPEN_BROWSER: Test Cases/Custom Item Details/UTILITIES/OPEN_BROWSER

2022-04-06 18:19:50 - [TEST_STEP][PASSED] - openBrowser("https://diagnostics.staging.arcadier.io/"): Browser is opened with url: 'https://diagnostics.staging.arcadier.io/'

2022-04-06 18:19:50 - [MESSAGE][INFO] - Starting 'Chrome' driver

2022-04-06 18:19:50 - [MESSAGE][INFO] - Action delay is set to 0 milliseconds

2022-04-06 18:19:53 - [MESSAGE][PASSED] - Browser is opened with url: 'https://diagnostics.staging.arcadier.io/'

2022-04-06 18:19:53 - [TEST_STEP][PASSED] - maximizeWindow(): Current window maximized

2022-04-06 18:19:53 - [MESSAGE][PASSED] - Current window maximized

2022-04-06 18:19:53 - [TEST_STEP][PASSED] - click(findTestObject("Item Details Objects/Page_diagnostics/a_Accept Cookies")): Object: 'Object Repository/Item Details Objects/Page_diagnostics/a_Accept Cookies' is clicked on

2022-04-06 18:19:55 - [MESSAGE][PASSED] - Object: 'Object Repository/Item Details Objects/Page_diagnostics/a_Accept Cookies' is clicked on

2022-04-06 18:19:55 - [TEST_STEP][PASSED] - click(findTestObject("New_Homepage/Page_diagnostics/a_COVID-19 DIAGNOSTICS"), STOP_ON_FAILURE): Object: 'Object Repository/New_Homepage/Page_diagnostics/a_COVID-19 DIAGNOSTICS' is clicked on

2022-04-06 18:19:58 - [MESSAGE][PASSED] - Object: 'Object Repository/New_Homepage/Page_diagnostics/a_COVID-19 DIAGNOSTICS' is clicked on

2022-04-06 18:19:58 - [TEST_STEP][PASSED] - mouseOver(findTestObject("New_Homepage/Page_diagnostics/a_Abbott Rapid Diagnostics PANBIO COVID-19 Ag Rapid Test Device (Nasopharyngeal)")): Object: 'Object Repository/New_Homepage/Page_diagnostics/a_Abbott Rapid Diagnostics PANBIO COVID-19 Ag Rapid Test Device (Nasopharyngeal)' is hovered

2022-04-06 18:19:59 - [MESSAGE][PASSED] - Object: 'Object Repository/New_Homepage/Page_diagnostics/a_Abbott Rapid Diagnostics PANBIO COVID-19 Ag Rapid Test Device (Nasopharyngeal)' is hovered

2022-04-06 18:19:59 - [TEST_STEP][PASSED] - click(findTestObject("New_Homepage/Page_diagnostics/a_Abbott Rapid Diagnostics PANBIO COVID-19 Ag Rapid Test Device (Nasopharyngeal)")): Object: 'Object Repository/New_Homepage/Page_diagnostics/a_Abbott Rapid Diagnostics PANBIO COVID-19 Ag Rapid Test Device (Nasopharyngeal)' is clicked on

2022-04-06 18:20:02 - [MESSAGE][PASSED] - Object: 'Object Repository/New_Homepage/Page_diagnostics/a_Abbott Rapid Diagnostics PANBIO COVID-19 Ag Rapid Test Device (Nasopharyngeal)' is clicked on

2022-04-06 18:20:02 - [MESSAGE][PASSED] - Call Test Case 'Test Cases/Custom Item Details/UTILITIES/OPEN_BROWSER' successfully

2022-04-06 18:20:02 - [TEST_STEP][PASSED] - waitForElementVisible(findTestObject("Staging Objects/Page_diagnostics/span_Intended use"), 0): Object 'Object Repository/Staging Objects/Page_diagnostics/span_Intended use' is visible

2022-04-06 18:20:02 - [MESSAGE][WARNING] - Timeout '0' is invalid. Using default page load timeout: '30'

2022-04-06 18:20:03 - [MESSAGE][PASSED] - Object 'Object Repository/Staging Objects/Page_diagnostics/span_Intended use' is visible

2022-04-06 18:20:03 - [TEST_STEP][PASSED] - verifyElementPresent(findTestObject("Staging Objects/Page_diagnostics/span_Intended use"), 0): Object 'Object Repository/Staging Objects/Page_diagnostics/span_Intended use' is present

2022-04-06 18:20:03 - [MESSAGE][WARNING] - Timeout '0' is invalid. Using default page load timeout: '30'

2022-04-06 18:20:03 - [MESSAGE][PASSED] - Object 'Object Repository/Staging Objects/Page_diagnostics/span_Intended use' is present

2022-04-06 18:20:03 - [TEST_STEP][PASSED] - callTestCase(findTestCase("Custom Item Details/UTILITIES/CLOSE_BROWSER"), [:], STOP_ON_FAILURE): Call Test Case 'Test Cases/Custom Item Details/UTILITIES/CLOSE_BROWSER' successfully

2022-04-06 18:20:04 - [TEST_CASE][PASSED] - Test Cases/Custom Item Details/UTILITIES/CLOSE_BROWSER: Test Cases/Custom Item Details/UTILITIES/CLOSE_BROWSER

2022-04-06 18:20:04 - [TEST_STEP][PASSED] - closeBrowser(): Browser is closed

2022-04-06 18:20:04 - [MESSAGE][PASSED] - Browser is closed

2022-04-06 18:20:04 - [MESSAGE][PASSED] - Call Test Case 'Test Cases/Custom Item Details/UTILITIES/CLOSE_BROWSER' successfully]]></system-out>
         <system-err><![CDATA[]]></system-err>
      </testcase>
      <testcase name="Test Cases/Custom Item Details/TEST CASE/TC_DETAILS_UI_031" time="44.425" classname="Test Cases/Custom Item Details/TEST CASE/TC_DETAILS_UI_031" status="PASSED">
         <system-out><![CDATA[2022-04-06 18:20:04 - [TEST_CASE][PASSED] - Test Cases/Custom Item Details/TEST CASE/TC_DETAILS_UI_031: Test Cases/Custom Item Details/TEST CASE/TC_DETAILS_UI_031

2022-04-06 18:20:04 - [TEST_STEP][PASSED] - callTestCase(findTestCase("Custom Item Details/UTILITIES/OPEN_BROWSER"), [:], STOP_ON_FAILURE): Call Test Case 'Test Cases/Custom Item Details/UTILITIES/OPEN_BROWSER' successfully

2022-04-06 18:20:04 - [TEST_CASE][PASSED] - Test Cases/Custom Item Details/UTILITIES/OPEN_BROWSER: Test Cases/Custom Item Details/UTILITIES/OPEN_BROWSER

2022-04-06 18:20:04 - [TEST_STEP][PASSED] - openBrowser("https://diagnostics.staging.arcadier.io/"): Browser is opened with url: 'https://diagnostics.staging.arcadier.io/'

2022-04-06 18:20:04 - [MESSAGE][INFO] - Starting 'Chrome' driver

2022-04-06 18:20:04 - [MESSAGE][INFO] - Action delay is set to 0 milliseconds

2022-04-06 18:20:08 - [MESSAGE][PASSED] - Browser is opened with url: 'https://diagnostics.staging.arcadier.io/'

2022-04-06 18:20:08 - [TEST_STEP][PASSED] - maximizeWindow(): Current window maximized

2022-04-06 18:20:08 - [MESSAGE][PASSED] - Current window maximized

2022-04-06 18:20:08 - [TEST_STEP][PASSED] - click(findTestObject("Item Details Objects/Page_diagnostics/a_Accept Cookies")): Object: 'Object Repository/Item Details Objects/Page_diagnostics/a_Accept Cookies' is clicked on

2022-04-06 18:20:09 - [MESSAGE][PASSED] - Object: 'Object Repository/Item Details Objects/Page_diagnostics/a_Accept Cookies' is clicked on

2022-04-06 18:20:09 - [TEST_STEP][PASSED] - click(findTestObject("New_Homepage/Page_diagnostics/a_COVID-19 DIAGNOSTICS"), STOP_ON_FAILURE): Object: 'Object Repository/New_Homepage/Page_diagnostics/a_COVID-19 DIAGNOSTICS' is clicked on

2022-04-06 18:20:12 - [MESSAGE][PASSED] - Object: 'Object Repository/New_Homepage/Page_diagnostics/a_COVID-19 DIAGNOSTICS' is clicked on

2022-04-06 18:20:12 - [TEST_STEP][PASSED] - mouseOver(findTestObject("New_Homepage/Page_diagnostics/a_Abbott Rapid Diagnostics PANBIO COVID-19 Ag Rapid Test Device (Nasopharyngeal)")): Object: 'Object Repository/New_Homepage/Page_diagnostics/a_Abbott Rapid Diagnostics PANBIO COVID-19 Ag Rapid Test Device (Nasopharyngeal)' is hovered

2022-04-06 18:20:14 - [MESSAGE][PASSED] - Object: 'Object Repository/New_Homepage/Page_diagnostics/a_Abbott Rapid Diagnostics PANBIO COVID-19 Ag Rapid Test Device (Nasopharyngeal)' is hovered

2022-04-06 18:20:14 - [TEST_STEP][PASSED] - click(findTestObject("New_Homepage/Page_diagnostics/a_Abbott Rapid Diagnostics PANBIO COVID-19 Ag Rapid Test Device (Nasopharyngeal)")): Object: 'Object Repository/New_Homepage/Page_diagnostics/a_Abbott Rapid Diagnostics PANBIO COVID-19 Ag Rapid Test Device (Nasopharyngeal)' is clicked on

2022-04-06 18:20:16 - [MESSAGE][PASSED] - Object: 'Object Repository/New_Homepage/Page_diagnostics/a_Abbott Rapid Diagnostics PANBIO COVID-19 Ag Rapid Test Device (Nasopharyngeal)' is clicked on

2022-04-06 18:20:16 - [MESSAGE][PASSED] - Call Test Case 'Test Cases/Custom Item Details/UTILITIES/OPEN_BROWSER' successfully

2022-04-06 18:20:16 - [TEST_STEP][PASSED] - waitForElementVisible(findTestObject("Staging Objects/Page_diagnostics/span_Language options"), 0): Object 'Object Repository/Staging Objects/Page_diagnostics/span_Language options' is not visible after 30 second(s)

2022-04-06 18:20:16 - [MESSAGE][WARNING] - Timeout '0' is invalid. Using default page load timeout: '30'

2022-04-06 18:20:48 - [MESSAGE][WARNING] - Object 'Object Repository/Staging Objects/Page_diagnostics/span_Language options' is not visible after 30 second(s)

2022-04-06 18:20:48 - [TEST_STEP][PASSED] - verifyElementPresent(findTestObject("Staging Objects/Page_diagnostics/span_Language options"), 0): Object 'Object Repository/Staging Objects/Page_diagnostics/span_Language options' is present

2022-04-06 18:20:48 - [MESSAGE][WARNING] - Timeout '0' is invalid. Using default page load timeout: '30'

2022-04-06 18:20:48 - [MESSAGE][PASSED] - Object 'Object Repository/Staging Objects/Page_diagnostics/span_Language options' is present

2022-04-06 18:20:48 - [TEST_STEP][PASSED] - callTestCase(findTestCase("Custom Item Details/UTILITIES/CLOSE_BROWSER"), [:], STOP_ON_FAILURE): Call Test Case 'Test Cases/Custom Item Details/UTILITIES/CLOSE_BROWSER' successfully

2022-04-06 18:20:48 - [TEST_CASE][PASSED] - Test Cases/Custom Item Details/UTILITIES/CLOSE_BROWSER: Test Cases/Custom Item Details/UTILITIES/CLOSE_BROWSER

2022-04-06 18:20:48 - [TEST_STEP][PASSED] - closeBrowser(): Browser is closed

2022-04-06 18:20:49 - [MESSAGE][PASSED] - Browser is closed

2022-04-06 18:20:49 - [MESSAGE][PASSED] - Call Test Case 'Test Cases/Custom Item Details/UTILITIES/CLOSE_BROWSER' successfully]]></system-out>
         <system-err><![CDATA[]]></system-err>
      </testcase>
      <testcase name="Test Cases/Custom Item Details/TEST CASE/TC_DETAILS_UI_032" time="92.479" classname="Test Cases/Custom Item Details/TEST CASE/TC_DETAILS_UI_032" status="FAILED">
         <failure type="FAILED" message="Test Cases/Custom Item Details/TEST CASE/TC_DETAILS_UI_032 FAILED.
Reason:
com.kms.katalon.core.exception.StepFailedException: Unable to verify object 'Object Repository/Staging Objects/Page_diagnostics/span_Memory capacity of the meter' is present
	at com.kms.katalon.core.webui.keyword.internal.WebUIKeywordMain.stepFailed(WebUIKeywordMain.groovy:64)
	at com.kms.katalon.core.webui.keyword.internal.WebUIKeywordMain.runKeyword(WebUIKeywordMain.groovy:26)
	at com.kms.katalon.core.webui.keyword.builtin.VerifyElementPresentKeyword.verifyElementPresent(VerifyElementPresentKeyword.groovy:92)
	at com.kms.katalon.core.webui.keyword.builtin.VerifyElementPresentKeyword.execute(VerifyElementPresentKeyword.groovy:68)
	at com.kms.katalon.core.keyword.internal.KeywordExecutor.executeKeywordForPlatform(KeywordExecutor.groovy:73)
	at com.kms.katalon.core.webui.keyword.WebUiBuiltInKeywords.verifyElementPresent(WebUiBuiltInKeywords.groovy:1461)
	at com.kms.katalon.core.webui.keyword.WebUiBuiltInKeywords$verifyElementPresent$9.call(Unknown Source)
	at TC_DETAILS_UI_032.run(TC_DETAILS_UI_032:22)
	at com.kms.katalon.core.main.ScriptEngine.run(ScriptEngine.java:194)
	at com.kms.katalon.core.main.ScriptEngine.runScriptAsRawText(ScriptEngine.java:119)
	at com.kms.katalon.core.main.TestCaseExecutor.runScript(TestCaseExecutor.java:339)
	at com.kms.katalon.core.main.TestCaseExecutor.doExecute(TestCaseExecutor.java:330)
	at com.kms.katalon.core.main.TestCaseExecutor.processExecutionPhase(TestCaseExecutor.java:309)
	at com.kms.katalon.core.main.TestCaseExecutor.accessMainPhase(TestCaseExecutor.java:301)
	at com.kms.katalon.core.main.TestCaseExecutor.execute(TestCaseExecutor.java:235)
	at com.kms.katalon.core.main.TestSuiteExecutor.accessTestCaseMainPhase(TestSuiteExecutor.java:191)
	at com.kms.katalon.core.main.TestSuiteExecutor.accessTestSuiteMainPhase(TestSuiteExecutor.java:141)
	at com.kms.katalon.core.main.TestSuiteExecutor.execute(TestSuiteExecutor.java:90)
	at com.kms.katalon.core.main.TestCaseMain.startTestSuite(TestCaseMain.java:157)
	at com.kms.katalon.core.main.TestCaseMain$startTestSuite$0.call(Unknown Source)
	at TempTestSuite1649239689066.run(TempTestSuite1649239689066.groovy:39)
Caused by: com.kms.katalon.core.exception.StepFailedException: com.kms.katalon.core.webui.exception.WebElementNotFoundException: Web element with id: 'Object Repository/Staging Objects/Page_diagnostics/span_Memory capacity of the meter' located by '//*[(text() = 'Memory capacity of the meter:' or . = 'Memory capacity of the meter:')]' not found
	at com.kms.katalon.core.webui.keyword.internal.WebUIKeywordMain.stepFailed(WebUIKeywordMain.groovy:64)
	at com.kms.katalon.core.webui.keyword.builtin.VerifyElementPresentKeyword$_verifyElementPresent_closure1.doCall(VerifyElementPresentKeyword.groovy:85)
	at com.kms.katalon.core.webui.keyword.builtin.VerifyElementPresentKeyword$_verifyElementPresent_closure1.call(VerifyElementPresentKeyword.groovy)
	at com.kms.katalon.core.webui.keyword.internal.WebUIKeywordMain.runKeyword(WebUIKeywordMain.groovy:20)
	... 19 more
"/>
         <system-out><![CDATA[2022-04-06 18:20:49 - [TEST_CASE][FAILED] - Test Cases/Custom Item Details/TEST CASE/TC_DETAILS_UI_032: Test Cases/Custom Item Details/TEST CASE/TC_DETAILS_UI_032 FAILED.
Reason:
com.kms.katalon.core.exception.StepFailedException: Unable to verify object 'Object Repository/Staging Objects/Page_diagnostics/span_Memory capacity of the meter' is present
	at com.kms.katalon.core.webui.keyword.internal.WebUIKeywordMain.stepFailed(WebUIKeywordMain.groovy:64)
	at com.kms.katalon.core.webui.keyword.internal.WebUIKeywordMain.runKeyword(WebUIKeywordMain.groovy:26)
	at com.kms.katalon.core.webui.keyword.builtin.VerifyElementPresentKeyword.verifyElementPresent(VerifyElementPresentKeyword.groovy:92)
	at com.kms.katalon.core.webui.keyword.builtin.VerifyElementPresentKeyword.execute(VerifyElementPresentKeyword.groovy:68)
	at com.kms.katalon.core.keyword.internal.KeywordExecutor.executeKeywordForPlatform(KeywordExecutor.groovy:73)
	at com.kms.katalon.core.webui.keyword.WebUiBuiltInKeywords.verifyElementPresent(WebUiBuiltInKeywords.groovy:1461)
	at com.kms.katalon.core.webui.keyword.WebUiBuiltInKeywords$verifyElementPresent$9.call(Unknown Source)
	at TC_DETAILS_UI_032.run(TC_DETAILS_UI_032:22)
	at com.kms.katalon.core.main.ScriptEngine.run(ScriptEngine.java:194)
	at com.kms.katalon.core.main.ScriptEngine.runScriptAsRawText(ScriptEngine.java:119)
	at com.kms.katalon.core.main.TestCaseExecutor.runScript(TestCaseExecutor.java:339)
	at com.kms.katalon.core.main.TestCaseExecutor.doExecute(TestCaseExecutor.java:330)
	at com.kms.katalon.core.main.TestCaseExecutor.processExecutionPhase(TestCaseExecutor.java:309)
	at com.kms.katalon.core.main.TestCaseExecutor.accessMainPhase(TestCaseExecutor.java:301)
	at com.kms.katalon.core.main.TestCaseExecutor.execute(TestCaseExecutor.java:235)
	at com.kms.katalon.core.main.TestSuiteExecutor.accessTestCaseMainPhase(TestSuiteExecutor.java:191)
	at com.kms.katalon.core.main.TestSuiteExecutor.accessTestSuiteMainPhase(TestSuiteExecutor.java:141)
	at com.kms.katalon.core.main.TestSuiteExecutor.execute(TestSuiteExecutor.java:90)
	at com.kms.katalon.core.main.TestCaseMain.startTestSuite(TestCaseMain.java:157)
	at com.kms.katalon.core.main.TestCaseMain$startTestSuite$0.call(Unknown Source)
	at TempTestSuite1649239689066.run(TempTestSuite1649239689066.groovy:39)
Caused by: com.kms.katalon.core.exception.StepFailedException: com.kms.katalon.core.webui.exception.WebElementNotFoundException: Web element with id: 'Object Repository/Staging Objects/Page_diagnostics/span_Memory capacity of the meter' located by '//*[(text() = 'Memory capacity of the meter:' or . = 'Memory capacity of the meter:')]' not found
	at com.kms.katalon.core.webui.keyword.internal.WebUIKeywordMain.stepFailed(WebUIKeywordMain.groovy:64)
	at com.kms.katalon.core.webui.keyword.builtin.VerifyElementPresentKeyword$_verifyElementPresent_closure1.doCall(VerifyElementPresentKeyword.groovy:85)
	at com.kms.katalon.core.webui.keyword.builtin.VerifyElementPresentKeyword$_verifyElementPresent_closure1.call(VerifyElementPresentKeyword.groovy)
	at com.kms.katalon.core.webui.keyword.internal.WebUIKeywordMain.runKeyword(WebUIKeywordMain.groovy:20)
	... 19 more


2022-04-06 18:20:49 - [TEST_STEP][PASSED] - callTestCase(findTestCase("Custom Item Details/UTILITIES/OPEN_BROWSER"), [:], STOP_ON_FAILURE): Call Test Case 'Test Cases/Custom Item Details/UTILITIES/OPEN_BROWSER' successfully

2022-04-06 18:20:49 - [TEST_CASE][PASSED] - Test Cases/Custom Item Details/UTILITIES/OPEN_BROWSER: Test Cases/Custom Item Details/UTILITIES/OPEN_BROWSER

2022-04-06 18:20:49 - [TEST_STEP][PASSED] - openBrowser("https://diagnostics.staging.arcadier.io/"): Browser is opened with url: 'https://diagnostics.staging.arcadier.io/'

2022-04-06 18:20:49 - [MESSAGE][INFO] - Starting 'Chrome' driver

2022-04-06 18:20:49 - [MESSAGE][INFO] - Action delay is set to 0 milliseconds

2022-04-06 18:21:12 - [MESSAGE][PASSED] - Browser is opened with url: 'https://diagnostics.staging.arcadier.io/'

2022-04-06 18:21:12 - [TEST_STEP][PASSED] - maximizeWindow(): Current window maximized

2022-04-06 18:21:13 - [MESSAGE][PASSED] - Current window maximized

2022-04-06 18:21:13 - [TEST_STEP][PASSED] - click(findTestObject("Item Details Objects/Page_diagnostics/a_Accept Cookies")): Object: 'Object Repository/Item Details Objects/Page_diagnostics/a_Accept Cookies' is clicked on

2022-04-06 18:21:13 - [MESSAGE][PASSED] - Object: 'Object Repository/Item Details Objects/Page_diagnostics/a_Accept Cookies' is clicked on

2022-04-06 18:21:13 - [TEST_STEP][PASSED] - click(findTestObject("New_Homepage/Page_diagnostics/a_COVID-19 DIAGNOSTICS"), STOP_ON_FAILURE): Object: 'Object Repository/New_Homepage/Page_diagnostics/a_COVID-19 DIAGNOSTICS' is clicked on

2022-04-06 18:21:15 - [MESSAGE][PASSED] - Object: 'Object Repository/New_Homepage/Page_diagnostics/a_COVID-19 DIAGNOSTICS' is clicked on

2022-04-06 18:21:15 - [TEST_STEP][PASSED] - mouseOver(findTestObject("New_Homepage/Page_diagnostics/a_Abbott Rapid Diagnostics PANBIO COVID-19 Ag Rapid Test Device (Nasopharyngeal)")): Object: 'Object Repository/New_Homepage/Page_diagnostics/a_Abbott Rapid Diagnostics PANBIO COVID-19 Ag Rapid Test Device (Nasopharyngeal)' is hovered

2022-04-06 18:21:16 - [MESSAGE][PASSED] - Object: 'Object Repository/New_Homepage/Page_diagnostics/a_Abbott Rapid Diagnostics PANBIO COVID-19 Ag Rapid Test Device (Nasopharyngeal)' is hovered

2022-04-06 18:21:16 - [TEST_STEP][PASSED] - click(findTestObject("New_Homepage/Page_diagnostics/a_Abbott Rapid Diagnostics PANBIO COVID-19 Ag Rapid Test Device (Nasopharyngeal)")): Object: 'Object Repository/New_Homepage/Page_diagnostics/a_Abbott Rapid Diagnostics PANBIO COVID-19 Ag Rapid Test Device (Nasopharyngeal)' is clicked on

2022-04-06 18:21:18 - [MESSAGE][PASSED] - Object: 'Object Repository/New_Homepage/Page_diagnostics/a_Abbott Rapid Diagnostics PANBIO COVID-19 Ag Rapid Test Device (Nasopharyngeal)' is clicked on

2022-04-06 18:21:18 - [MESSAGE][PASSED] - Call Test Case 'Test Cases/Custom Item Details/UTILITIES/OPEN_BROWSER' successfully

2022-04-06 18:21:18 - [TEST_STEP][PASSED] - waitForElementVisible(findTestObject("Staging Objects/Page_diagnostics/span_Memory capacity of the meter"), 0): Web element with id: 'Object Repository/Staging Objects/Page_diagnostics/span_Memory capacity of the meter' located by '//*[(text() = 'Memory capacity of the meter:' or . = 'Memory capacity of the meter:')]' not found

2022-04-06 18:21:18 - [MESSAGE][WARNING] - Timeout '0' is invalid. Using default page load timeout: '30'

2022-04-06 18:21:50 - [MESSAGE][INFO] - Unable to find the element located by 'By.xpath: //*[(text() = 'Memory capacity of the meter:' or . = 'Memory capacity of the meter:')]'. Please recheck the objects properties to make sure the desired element is located. 

2022-04-06 18:21:50 - [MESSAGE][WARNING] - Web element with id: 'Object Repository/Staging Objects/Page_diagnostics/span_Memory capacity of the meter' located by '//*[(text() = 'Memory capacity of the meter:' or . = 'Memory capacity of the meter:')]' not found

2022-04-06 18:21:50 - [TEST_STEP][FAILED] - verifyElementPresent(findTestObject("Staging Objects/Page_diagnostics/span_Memory capacity of the meter"), 0): Unable to verify object 'Object Repository/Staging Objects/Page_diagnostics/span_Memory capacity of the meter' is present (Root cause: com.kms.katalon.core.exception.StepFailedException: Unable to verify object 'Object Repository/Staging Objects/Page_diagnostics/span_Memory capacity of the meter' is present
	at com.kms.katalon.core.webui.keyword.internal.WebUIKeywordMain.stepFailed(WebUIKeywordMain.groovy:64)
	at com.kms.katalon.core.webui.keyword.internal.WebUIKeywordMain.runKeyword(WebUIKeywordMain.groovy:26)
	at com.kms.katalon.core.webui.keyword.builtin.VerifyElementPresentKeyword.verifyElementPresent(VerifyElementPresentKeyword.groovy:92)
	at com.kms.katalon.core.webui.keyword.builtin.VerifyElementPresentKeyword.execute(VerifyElementPresentKeyword.groovy:68)
	at com.kms.katalon.core.keyword.internal.KeywordExecutor.executeKeywordForPlatform(KeywordExecutor.groovy:73)
	at com.kms.katalon.core.webui.keyword.WebUiBuiltInKeywords.verifyElementPresent(WebUiBuiltInKeywords.groovy:1461)
	at com.kms.katalon.core.webui.keyword.WebUiBuiltInKeywords$verifyElementPresent$9.call(Unknown Source)
	at TC_DETAILS_UI_032.run(TC_DETAILS_UI_032:22)
	at com.kms.katalon.core.main.ScriptEngine.run(ScriptEngine.java:194)
	at com.kms.katalon.core.main.ScriptEngine.runScriptAsRawText(ScriptEngine.java:119)
	at com.kms.katalon.core.main.TestCaseExecutor.runScript(TestCaseExecutor.java:339)
	at com.kms.katalon.core.main.TestCaseExecutor.doExecute(TestCaseExecutor.java:330)
	at com.kms.katalon.core.main.TestCaseExecutor.processExecutionPhase(TestCaseExecutor.java:309)
	at com.kms.katalon.core.main.TestCaseExecutor.accessMainPhase(TestCaseExecutor.java:301)
	at com.kms.katalon.core.main.TestCaseExecutor.execute(TestCaseExecutor.java:235)
	at com.kms.katalon.core.main.TestSuiteExecutor.accessTestCaseMainPhase(TestSuiteExecutor.java:191)
	at com.kms.katalon.core.main.TestSuiteExecutor.accessTestSuiteMainPhase(TestSuiteExecutor.java:141)
	at com.kms.katalon.core.main.TestSuiteExecutor.execute(TestSuiteExecutor.java:90)
	at com.kms.katalon.core.main.TestCaseMain.startTestSuite(TestCaseMain.java:157)
	at com.kms.katalon.core.main.TestCaseMain$startTestSuite$0.call(Unknown Source)
	at TempTestSuite1649239689066.run(TempTestSuite1649239689066.groovy:39)
Caused by: com.kms.katalon.core.exception.StepFailedException: com.kms.katalon.core.webui.exception.WebElementNotFoundException: Web element with id: 'Object Repository/Staging Objects/Page_diagnostics/span_Memory capacity of the meter' located by '//*[(text() = 'Memory capacity of the meter:' or . = 'Memory capacity of the meter:')]' not found
	at com.kms.katalon.core.webui.keyword.internal.WebUIKeywordMain.stepFailed(WebUIKeywordMain.groovy:64)
	at com.kms.katalon.core.webui.keyword.builtin.VerifyElementPresentKeyword$_verifyElementPresent_closure1.doCall(VerifyElementPresentKeyword.groovy:85)
	at com.kms.katalon.core.webui.keyword.builtin.VerifyElementPresentKeyword$_verifyElementPresent_closure1.call(VerifyElementPresentKeyword.groovy)
	at com.kms.katalon.core.webui.keyword.internal.WebUIKeywordMain.runKeyword(WebUIKeywordMain.groovy:20)
	... 19 more
)

2022-04-06 18:21:50 - [MESSAGE][WARNING] - Timeout '0' is invalid. Using default page load timeout: '30'

2022-04-06 18:22:21 - [MESSAGE][INFO] - Unable to find the element located by 'By.xpath: //*[(text() = 'Memory capacity of the meter:' or . = 'Memory capacity of the meter:')]'. Please recheck the objects properties to make sure the desired element is located. 

2022-04-06 18:22:21 - [MESSAGE][FAILED] - com.kms.katalon.core.webui.exception.WebElementNotFoundException: Web element with id: 'Object Repository/Staging Objects/Page_diagnostics/span_Memory capacity of the meter' located by '//*[(text() = 'Memory capacity of the meter:' or . = 'Memory capacity of the meter:')]' not found (Root cause: com.kms.katalon.core.exception.StepFailedException: com.kms.katalon.core.webui.exception.WebElementNotFoundException: Web element with id: 'Object Repository/Staging Objects/Page_diagnostics/span_Memory capacity of the meter' located by '//*[(text() = 'Memory capacity of the meter:' or . = 'Memory capacity of the meter:')]' not found
	at com.kms.katalon.core.webui.keyword.internal.WebUIKeywordMain.stepFailed(WebUIKeywordMain.groovy:64)
	at com.kms.katalon.core.webui.keyword.builtin.VerifyElementPresentKeyword$_verifyElementPresent_closure1.doCall(VerifyElementPresentKeyword.groovy:85)
	at com.kms.katalon.core.webui.keyword.builtin.VerifyElementPresentKeyword$_verifyElementPresent_closure1.call(VerifyElementPresentKeyword.groovy)
	at com.kms.katalon.core.webui.keyword.internal.WebUIKeywordMain.runKeyword(WebUIKeywordMain.groovy:20)
	at com.kms.katalon.core.webui.keyword.builtin.VerifyElementPresentKeyword.verifyElementPresent(VerifyElementPresentKeyword.groovy:92)
	at com.kms.katalon.core.webui.keyword.builtin.VerifyElementPresentKeyword.execute(VerifyElementPresentKeyword.groovy:68)
	at com.kms.katalon.core.keyword.internal.KeywordExecutor.executeKeywordForPlatform(KeywordExecutor.groovy:73)
	at com.kms.katalon.core.webui.keyword.WebUiBuiltInKeywords.verifyElementPresent(WebUiBuiltInKeywords.groovy:1461)
	at com.kms.katalon.core.webui.keyword.WebUiBuiltInKeywords$verifyElementPresent$9.call(Unknown Source)
	at TC_DETAILS_UI_032.run(TC_DETAILS_UI_032:22)
	at com.kms.katalon.core.main.ScriptEngine.run(ScriptEngine.java:194)
	at com.kms.katalon.core.main.ScriptEngine.runScriptAsRawText(ScriptEngine.java:119)
	at com.kms.katalon.core.main.TestCaseExecutor.runScript(TestCaseExecutor.java:339)
	at com.kms.katalon.core.main.TestCaseExecutor.doExecute(TestCaseExecutor.java:330)
	at com.kms.katalon.core.main.TestCaseExecutor.processExecutionPhase(TestCaseExecutor.java:309)
	at com.kms.katalon.core.main.TestCaseExecutor.accessMainPhase(TestCaseExecutor.java:301)
	at com.kms.katalon.core.main.TestCaseExecutor.execute(TestCaseExecutor.java:235)
	at com.kms.katalon.core.main.TestSuiteExecutor.accessTestCaseMainPhase(TestSuiteExecutor.java:191)
	at com.kms.katalon.core.main.TestSuiteExecutor.accessTestSuiteMainPhase(TestSuiteExecutor.java:141)
	at com.kms.katalon.core.main.TestSuiteExecutor.execute(TestSuiteExecutor.java:90)
	at com.kms.katalon.core.main.TestCaseMain.startTestSuite(TestCaseMain.java:157)
	at com.kms.katalon.core.main.TestCaseMain$startTestSuite$0.call(Unknown Source)
	at TempTestSuite1649239689066.run(TempTestSuite1649239689066.groovy:39)
)
[[ATTACHMENT|K:\\Work\\GitHub\\find-item-detail-test_v2\\Reports\\20220406_180809\\Item detail test\\20220406_180809\\1649240541290.png]]

2022-04-06 18:22:21 - [MESSAGE][FAILED] - Unable to verify object 'Object Repository/Staging Objects/Page_diagnostics/span_Memory capacity of the meter' is present (Root cause: com.kms.katalon.core.exception.StepFailedException: Unable to verify object 'Object Repository/Staging Objects/Page_diagnostics/span_Memory capacity of the meter' is present
	at com.kms.katalon.core.webui.keyword.internal.WebUIKeywordMain.stepFailed(WebUIKeywordMain.groovy:64)
	at com.kms.katalon.core.webui.keyword.internal.WebUIKeywordMain.runKeyword(WebUIKeywordMain.groovy:26)
	at com.kms.katalon.core.webui.keyword.builtin.VerifyElementPresentKeyword.verifyElementPresent(VerifyElementPresentKeyword.groovy:92)
	at com.kms.katalon.core.webui.keyword.builtin.VerifyElementPresentKeyword.execute(VerifyElementPresentKeyword.groovy:68)
	at com.kms.katalon.core.keyword.internal.KeywordExecutor.executeKeywordForPlatform(KeywordExecutor.groovy:73)
	at com.kms.katalon.core.webui.keyword.WebUiBuiltInKeywords.verifyElementPresent(WebUiBuiltInKeywords.groovy:1461)
	at com.kms.katalon.core.webui.keyword.WebUiBuiltInKeywords$verifyElementPresent$9.call(Unknown Source)
	at TC_DETAILS_UI_032.run(TC_DETAILS_UI_032:22)
	at com.kms.katalon.core.main.ScriptEngine.run(ScriptEngine.java:194)
	at com.kms.katalon.core.main.ScriptEngine.runScriptAsRawText(ScriptEngine.java:119)
	at com.kms.katalon.core.main.TestCaseExecutor.runScript(TestCaseExecutor.java:339)
	at com.kms.katalon.core.main.TestCaseExecutor.doExecute(TestCaseExecutor.java:330)
	at com.kms.katalon.core.main.TestCaseExecutor.processExecutionPhase(TestCaseExecutor.java:309)
	at com.kms.katalon.core.main.TestCaseExecutor.accessMainPhase(TestCaseExecutor.java:301)
	at com.kms.katalon.core.main.TestCaseExecutor.execute(TestCaseExecutor.java:235)
	at com.kms.katalon.core.main.TestSuiteExecutor.accessTestCaseMainPhase(TestSuiteExecutor.java:191)
	at com.kms.katalon.core.main.TestSuiteExecutor.accessTestSuiteMainPhase(TestSuiteExecutor.java:141)
	at com.kms.katalon.core.main.TestSuiteExecutor.execute(TestSuiteExecutor.java:90)
	at com.kms.katalon.core.main.TestCaseMain.startTestSuite(TestCaseMain.java:157)
	at com.kms.katalon.core.main.TestCaseMain$startTestSuite$0.call(Unknown Source)
	at TempTestSuite1649239689066.run(TempTestSuite1649239689066.groovy:39)
Caused by: com.kms.katalon.core.exception.StepFailedException: com.kms.katalon.core.webui.exception.WebElementNotFoundException: Web element with id: 'Object Repository/Staging Objects/Page_diagnostics/span_Memory capacity of the meter' located by '//*[(text() = 'Memory capacity of the meter:' or . = 'Memory capacity of the meter:')]' not found
	at com.kms.katalon.core.webui.keyword.internal.WebUIKeywordMain.stepFailed(WebUIKeywordMain.groovy:64)
	at com.kms.katalon.core.webui.keyword.builtin.VerifyElementPresentKeyword$_verifyElementPresent_closure1.doCall(VerifyElementPresentKeyword.groovy:85)
	at com.kms.katalon.core.webui.keyword.builtin.VerifyElementPresentKeyword$_verifyElementPresent_closure1.call(VerifyElementPresentKeyword.groovy)
	at com.kms.katalon.core.webui.keyword.internal.WebUIKeywordMain.runKeyword(WebUIKeywordMain.groovy:20)
	... 19 more
)
[[ATTACHMENT|K:\\Work\\GitHub\\find-item-detail-test_v2\\Reports\\20220406_180809\\Item detail test\\20220406_180809\\1649240541448.png]]]]></system-out>
         <system-err><![CDATA[2022-04-06 18:20:49 - [TEST_CASE][FAILED] - Test Cases/Custom Item Details/TEST CASE/TC_DETAILS_UI_032: Test Cases/Custom Item Details/TEST CASE/TC_DETAILS_UI_032 FAILED.
Reason:
com.kms.katalon.core.exception.StepFailedException: Unable to verify object 'Object Repository/Staging Objects/Page_diagnostics/span_Memory capacity of the meter' is present
	at com.kms.katalon.core.webui.keyword.internal.WebUIKeywordMain.stepFailed(WebUIKeywordMain.groovy:64)
	at com.kms.katalon.core.webui.keyword.internal.WebUIKeywordMain.runKeyword(WebUIKeywordMain.groovy:26)
	at com.kms.katalon.core.webui.keyword.builtin.VerifyElementPresentKeyword.verifyElementPresent(VerifyElementPresentKeyword.groovy:92)
	at com.kms.katalon.core.webui.keyword.builtin.VerifyElementPresentKeyword.execute(VerifyElementPresentKeyword.groovy:68)
	at com.kms.katalon.core.keyword.internal.KeywordExecutor.executeKeywordForPlatform(KeywordExecutor.groovy:73)
	at com.kms.katalon.core.webui.keyword.WebUiBuiltInKeywords.verifyElementPresent(WebUiBuiltInKeywords.groovy:1461)
	at com.kms.katalon.core.webui.keyword.WebUiBuiltInKeywords$verifyElementPresent$9.call(Unknown Source)
	at TC_DETAILS_UI_032.run(TC_DETAILS_UI_032:22)
	at com.kms.katalon.core.main.ScriptEngine.run(ScriptEngine.java:194)
	at com.kms.katalon.core.main.ScriptEngine.runScriptAsRawText(ScriptEngine.java:119)
	at com.kms.katalon.core.main.TestCaseExecutor.runScript(TestCaseExecutor.java:339)
	at com.kms.katalon.core.main.TestCaseExecutor.doExecute(TestCaseExecutor.java:330)
	at com.kms.katalon.core.main.TestCaseExecutor.processExecutionPhase(TestCaseExecutor.java:309)
	at com.kms.katalon.core.main.TestCaseExecutor.accessMainPhase(TestCaseExecutor.java:301)
	at com.kms.katalon.core.main.TestCaseExecutor.execute(TestCaseExecutor.java:235)
	at com.kms.katalon.core.main.TestSuiteExecutor.accessTestCaseMainPhase(TestSuiteExecutor.java:191)
	at com.kms.katalon.core.main.TestSuiteExecutor.accessTestSuiteMainPhase(TestSuiteExecutor.java:141)
	at com.kms.katalon.core.main.TestSuiteExecutor.execute(TestSuiteExecutor.java:90)
	at com.kms.katalon.core.main.TestCaseMain.startTestSuite(TestCaseMain.java:157)
	at com.kms.katalon.core.main.TestCaseMain$startTestSuite$0.call(Unknown Source)
	at TempTestSuite1649239689066.run(TempTestSuite1649239689066.groovy:39)
Caused by: com.kms.katalon.core.exception.StepFailedException: com.kms.katalon.core.webui.exception.WebElementNotFoundException: Web element with id: 'Object Repository/Staging Objects/Page_diagnostics/span_Memory capacity of the meter' located by '//*[(text() = 'Memory capacity of the meter:' or . = 'Memory capacity of the meter:')]' not found
	at com.kms.katalon.core.webui.keyword.internal.WebUIKeywordMain.stepFailed(WebUIKeywordMain.groovy:64)
	at com.kms.katalon.core.webui.keyword.builtin.VerifyElementPresentKeyword$_verifyElementPresent_closure1.doCall(VerifyElementPresentKeyword.groovy:85)
	at com.kms.katalon.core.webui.keyword.builtin.VerifyElementPresentKeyword$_verifyElementPresent_closure1.call(VerifyElementPresentKeyword.groovy)
	at com.kms.katalon.core.webui.keyword.internal.WebUIKeywordMain.runKeyword(WebUIKeywordMain.groovy:20)
	... 19 more]]></system-err>
      </testcase>
      <testcase name="Test Cases/Custom Item Details/TEST CASE/TC_DETAILS_UI_033" time="74.512" classname="Test Cases/Custom Item Details/TEST CASE/TC_DETAILS_UI_033" status="FAILED">
         <failure type="FAILED" message="Test Cases/Custom Item Details/TEST CASE/TC_DETAILS_UI_033 FAILED.
Reason:
com.kms.katalon.core.exception.StepFailedException: Unable to verify object 'Object Repository/Staging Objects/Page_diagnostics/span_Meter connection to computer' is present
	at com.kms.katalon.core.webui.keyword.internal.WebUIKeywordMain.stepFailed(WebUIKeywordMain.groovy:64)
	at com.kms.katalon.core.webui.keyword.internal.WebUIKeywordMain.runKeyword(WebUIKeywordMain.groovy:26)
	at com.kms.katalon.core.webui.keyword.builtin.VerifyElementPresentKeyword.verifyElementPresent(VerifyElementPresentKeyword.groovy:92)
	at com.kms.katalon.core.webui.keyword.builtin.VerifyElementPresentKeyword.execute(VerifyElementPresentKeyword.groovy:68)
	at com.kms.katalon.core.keyword.internal.KeywordExecutor.executeKeywordForPlatform(KeywordExecutor.groovy:73)
	at com.kms.katalon.core.webui.keyword.WebUiBuiltInKeywords.verifyElementPresent(WebUiBuiltInKeywords.groovy:1461)
	at com.kms.katalon.core.webui.keyword.WebUiBuiltInKeywords$verifyElementPresent$9.call(Unknown Source)
	at TC_DETAILS_UI_033.run(TC_DETAILS_UI_033:22)
	at com.kms.katalon.core.main.ScriptEngine.run(ScriptEngine.java:194)
	at com.kms.katalon.core.main.ScriptEngine.runScriptAsRawText(ScriptEngine.java:119)
	at com.kms.katalon.core.main.TestCaseExecutor.runScript(TestCaseExecutor.java:339)
	at com.kms.katalon.core.main.TestCaseExecutor.doExecute(TestCaseExecutor.java:330)
	at com.kms.katalon.core.main.TestCaseExecutor.processExecutionPhase(TestCaseExecutor.java:309)
	at com.kms.katalon.core.main.TestCaseExecutor.accessMainPhase(TestCaseExecutor.java:301)
	at com.kms.katalon.core.main.TestCaseExecutor.execute(TestCaseExecutor.java:235)
	at com.kms.katalon.core.main.TestSuiteExecutor.accessTestCaseMainPhase(TestSuiteExecutor.java:191)
	at com.kms.katalon.core.main.TestSuiteExecutor.accessTestSuiteMainPhase(TestSuiteExecutor.java:141)
	at com.kms.katalon.core.main.TestSuiteExecutor.execute(TestSuiteExecutor.java:90)
	at com.kms.katalon.core.main.TestCaseMain.startTestSuite(TestCaseMain.java:157)
	at com.kms.katalon.core.main.TestCaseMain$startTestSuite$0.call(Unknown Source)
	at TempTestSuite1649239689066.run(TempTestSuite1649239689066.groovy:39)
Caused by: com.kms.katalon.core.exception.StepFailedException: com.kms.katalon.core.webui.exception.WebElementNotFoundException: Web element with id: 'Object Repository/Staging Objects/Page_diagnostics/span_Meter connection to computer' located by '//*[(text() = 'Meter connection to computer:' or . = 'Meter connection to computer:')]' not found
	at com.kms.katalon.core.webui.keyword.internal.WebUIKeywordMain.stepFailed(WebUIKeywordMain.groovy:64)
	at com.kms.katalon.core.webui.keyword.builtin.VerifyElementPresentKeyword$_verifyElementPresent_closure1.doCall(VerifyElementPresentKeyword.groovy:85)
	at com.kms.katalon.core.webui.keyword.builtin.VerifyElementPresentKeyword$_verifyElementPresent_closure1.call(VerifyElementPresentKeyword.groovy)
	at com.kms.katalon.core.webui.keyword.internal.WebUIKeywordMain.runKeyword(WebUIKeywordMain.groovy:20)
	... 19 more
"/>
         <system-out><![CDATA[2022-04-06 18:22:21 - [TEST_CASE][FAILED] - Test Cases/Custom Item Details/TEST CASE/TC_DETAILS_UI_033: Test Cases/Custom Item Details/TEST CASE/TC_DETAILS_UI_033 FAILED.
Reason:
com.kms.katalon.core.exception.StepFailedException: Unable to verify object 'Object Repository/Staging Objects/Page_diagnostics/span_Meter connection to computer' is present
	at com.kms.katalon.core.webui.keyword.internal.WebUIKeywordMain.stepFailed(WebUIKeywordMain.groovy:64)
	at com.kms.katalon.core.webui.keyword.internal.WebUIKeywordMain.runKeyword(WebUIKeywordMain.groovy:26)
	at com.kms.katalon.core.webui.keyword.builtin.VerifyElementPresentKeyword.verifyElementPresent(VerifyElementPresentKeyword.groovy:92)
	at com.kms.katalon.core.webui.keyword.builtin.VerifyElementPresentKeyword.execute(VerifyElementPresentKeyword.groovy:68)
	at com.kms.katalon.core.keyword.internal.KeywordExecutor.executeKeywordForPlatform(KeywordExecutor.groovy:73)
	at com.kms.katalon.core.webui.keyword.WebUiBuiltInKeywords.verifyElementPresent(WebUiBuiltInKeywords.groovy:1461)
	at com.kms.katalon.core.webui.keyword.WebUiBuiltInKeywords$verifyElementPresent$9.call(Unknown Source)
	at TC_DETAILS_UI_033.run(TC_DETAILS_UI_033:22)
	at com.kms.katalon.core.main.ScriptEngine.run(ScriptEngine.java:194)
	at com.kms.katalon.core.main.ScriptEngine.runScriptAsRawText(ScriptEngine.java:119)
	at com.kms.katalon.core.main.TestCaseExecutor.runScript(TestCaseExecutor.java:339)
	at com.kms.katalon.core.main.TestCaseExecutor.doExecute(TestCaseExecutor.java:330)
	at com.kms.katalon.core.main.TestCaseExecutor.processExecutionPhase(TestCaseExecutor.java:309)
	at com.kms.katalon.core.main.TestCaseExecutor.accessMainPhase(TestCaseExecutor.java:301)
	at com.kms.katalon.core.main.TestCaseExecutor.execute(TestCaseExecutor.java:235)
	at com.kms.katalon.core.main.TestSuiteExecutor.accessTestCaseMainPhase(TestSuiteExecutor.java:191)
	at com.kms.katalon.core.main.TestSuiteExecutor.accessTestSuiteMainPhase(TestSuiteExecutor.java:141)
	at com.kms.katalon.core.main.TestSuiteExecutor.execute(TestSuiteExecutor.java:90)
	at com.kms.katalon.core.main.TestCaseMain.startTestSuite(TestCaseMain.java:157)
	at com.kms.katalon.core.main.TestCaseMain$startTestSuite$0.call(Unknown Source)
	at TempTestSuite1649239689066.run(TempTestSuite1649239689066.groovy:39)
Caused by: com.kms.katalon.core.exception.StepFailedException: com.kms.katalon.core.webui.exception.WebElementNotFoundException: Web element with id: 'Object Repository/Staging Objects/Page_diagnostics/span_Meter connection to computer' located by '//*[(text() = 'Meter connection to computer:' or . = 'Meter connection to computer:')]' not found
	at com.kms.katalon.core.webui.keyword.internal.WebUIKeywordMain.stepFailed(WebUIKeywordMain.groovy:64)
	at com.kms.katalon.core.webui.keyword.builtin.VerifyElementPresentKeyword$_verifyElementPresent_closure1.doCall(VerifyElementPresentKeyword.groovy:85)
	at com.kms.katalon.core.webui.keyword.builtin.VerifyElementPresentKeyword$_verifyElementPresent_closure1.call(VerifyElementPresentKeyword.groovy)
	at com.kms.katalon.core.webui.keyword.internal.WebUIKeywordMain.runKeyword(WebUIKeywordMain.groovy:20)
	... 19 more


2022-04-06 18:22:21 - [TEST_STEP][PASSED] - callTestCase(findTestCase("Custom Item Details/UTILITIES/OPEN_BROWSER"), [:], STOP_ON_FAILURE): Call Test Case 'Test Cases/Custom Item Details/UTILITIES/OPEN_BROWSER' successfully

2022-04-06 18:22:21 - [TEST_CASE][PASSED] - Test Cases/Custom Item Details/UTILITIES/OPEN_BROWSER: Test Cases/Custom Item Details/UTILITIES/OPEN_BROWSER

2022-04-06 18:22:21 - [TEST_STEP][PASSED] - openBrowser("https://diagnostics.staging.arcadier.io/"): Browser is opened with url: 'https://diagnostics.staging.arcadier.io/'

2022-04-06 18:22:21 - [MESSAGE][WARNING] - A browser is already opened. Closing browser and opening a new one

2022-04-06 18:22:22 - [MESSAGE][INFO] - Starting 'Chrome' driver

2022-04-06 18:22:22 - [MESSAGE][INFO] - Action delay is set to 0 milliseconds

2022-04-06 18:22:25 - [MESSAGE][PASSED] - Browser is opened with url: 'https://diagnostics.staging.arcadier.io/'

2022-04-06 18:22:25 - [TEST_STEP][PASSED] - maximizeWindow(): Current window maximized

2022-04-06 18:22:25 - [MESSAGE][PASSED] - Current window maximized

2022-04-06 18:22:26 - [TEST_STEP][PASSED] - click(findTestObject("Item Details Objects/Page_diagnostics/a_Accept Cookies")): Object: 'Object Repository/Item Details Objects/Page_diagnostics/a_Accept Cookies' is clicked on

2022-04-06 18:22:27 - [MESSAGE][PASSED] - Object: 'Object Repository/Item Details Objects/Page_diagnostics/a_Accept Cookies' is clicked on

2022-04-06 18:22:27 - [TEST_STEP][PASSED] - click(findTestObject("New_Homepage/Page_diagnostics/a_COVID-19 DIAGNOSTICS"), STOP_ON_FAILURE): Object: 'Object Repository/New_Homepage/Page_diagnostics/a_COVID-19 DIAGNOSTICS' is clicked on

2022-04-06 18:22:29 - [MESSAGE][PASSED] - Object: 'Object Repository/New_Homepage/Page_diagnostics/a_COVID-19 DIAGNOSTICS' is clicked on

2022-04-06 18:22:29 - [TEST_STEP][PASSED] - mouseOver(findTestObject("New_Homepage/Page_diagnostics/a_Abbott Rapid Diagnostics PANBIO COVID-19 Ag Rapid Test Device (Nasopharyngeal)")): Object: 'Object Repository/New_Homepage/Page_diagnostics/a_Abbott Rapid Diagnostics PANBIO COVID-19 Ag Rapid Test Device (Nasopharyngeal)' is hovered

2022-04-06 18:22:31 - [MESSAGE][PASSED] - Object: 'Object Repository/New_Homepage/Page_diagnostics/a_Abbott Rapid Diagnostics PANBIO COVID-19 Ag Rapid Test Device (Nasopharyngeal)' is hovered

2022-04-06 18:22:31 - [TEST_STEP][PASSED] - click(findTestObject("New_Homepage/Page_diagnostics/a_Abbott Rapid Diagnostics PANBIO COVID-19 Ag Rapid Test Device (Nasopharyngeal)")): Object: 'Object Repository/New_Homepage/Page_diagnostics/a_Abbott Rapid Diagnostics PANBIO COVID-19 Ag Rapid Test Device (Nasopharyngeal)' is clicked on

2022-04-06 18:22:33 - [MESSAGE][PASSED] - Object: 'Object Repository/New_Homepage/Page_diagnostics/a_Abbott Rapid Diagnostics PANBIO COVID-19 Ag Rapid Test Device (Nasopharyngeal)' is clicked on

2022-04-06 18:22:33 - [MESSAGE][PASSED] - Call Test Case 'Test Cases/Custom Item Details/UTILITIES/OPEN_BROWSER' successfully

2022-04-06 18:22:33 - [TEST_STEP][PASSED] - waitForElementVisible(findTestObject("Staging Objects/Page_diagnostics/span_Meter connection to computer"), 0): Web element with id: 'Object Repository/Staging Objects/Page_diagnostics/span_Meter connection to computer' located by '//*[(text() = 'Meter connection to computer:' or . = 'Meter connection to computer:')]' not found

2022-04-06 18:22:33 - [MESSAGE][WARNING] - Timeout '0' is invalid. Using default page load timeout: '30'

2022-04-06 18:23:04 - [MESSAGE][INFO] - Unable to find the element located by 'By.xpath: //*[(text() = 'Meter connection to computer:' or . = 'Meter connection to computer:')]'. Please recheck the objects properties to make sure the desired element is located. 

2022-04-06 18:23:04 - [MESSAGE][WARNING] - Web element with id: 'Object Repository/Staging Objects/Page_diagnostics/span_Meter connection to computer' located by '//*[(text() = 'Meter connection to computer:' or . = 'Meter connection to computer:')]' not found

2022-04-06 18:23:04 - [TEST_STEP][FAILED] - verifyElementPresent(findTestObject("Staging Objects/Page_diagnostics/span_Meter connection to computer"), 0): Unable to verify object 'Object Repository/Staging Objects/Page_diagnostics/span_Meter connection to computer' is present (Root cause: com.kms.katalon.core.exception.StepFailedException: Unable to verify object 'Object Repository/Staging Objects/Page_diagnostics/span_Meter connection to computer' is present
	at com.kms.katalon.core.webui.keyword.internal.WebUIKeywordMain.stepFailed(WebUIKeywordMain.groovy:64)
	at com.kms.katalon.core.webui.keyword.internal.WebUIKeywordMain.runKeyword(WebUIKeywordMain.groovy:26)
	at com.kms.katalon.core.webui.keyword.builtin.VerifyElementPresentKeyword.verifyElementPresent(VerifyElementPresentKeyword.groovy:92)
	at com.kms.katalon.core.webui.keyword.builtin.VerifyElementPresentKeyword.execute(VerifyElementPresentKeyword.groovy:68)
	at com.kms.katalon.core.keyword.internal.KeywordExecutor.executeKeywordForPlatform(KeywordExecutor.groovy:73)
	at com.kms.katalon.core.webui.keyword.WebUiBuiltInKeywords.verifyElementPresent(WebUiBuiltInKeywords.groovy:1461)
	at com.kms.katalon.core.webui.keyword.WebUiBuiltInKeywords$verifyElementPresent$9.call(Unknown Source)
	at TC_DETAILS_UI_033.run(TC_DETAILS_UI_033:22)
	at com.kms.katalon.core.main.ScriptEngine.run(ScriptEngine.java:194)
	at com.kms.katalon.core.main.ScriptEngine.runScriptAsRawText(ScriptEngine.java:119)
	at com.kms.katalon.core.main.TestCaseExecutor.runScript(TestCaseExecutor.java:339)
	at com.kms.katalon.core.main.TestCaseExecutor.doExecute(TestCaseExecutor.java:330)
	at com.kms.katalon.core.main.TestCaseExecutor.processExecutionPhase(TestCaseExecutor.java:309)
	at com.kms.katalon.core.main.TestCaseExecutor.accessMainPhase(TestCaseExecutor.java:301)
	at com.kms.katalon.core.main.TestCaseExecutor.execute(TestCaseExecutor.java:235)
	at com.kms.katalon.core.main.TestSuiteExecutor.accessTestCaseMainPhase(TestSuiteExecutor.java:191)
	at com.kms.katalon.core.main.TestSuiteExecutor.accessTestSuiteMainPhase(TestSuiteExecutor.java:141)
	at com.kms.katalon.core.main.TestSuiteExecutor.execute(TestSuiteExecutor.java:90)
	at com.kms.katalon.core.main.TestCaseMain.startTestSuite(TestCaseMain.java:157)
	at com.kms.katalon.core.main.TestCaseMain$startTestSuite$0.call(Unknown Source)
	at TempTestSuite1649239689066.run(TempTestSuite1649239689066.groovy:39)
Caused by: com.kms.katalon.core.exception.StepFailedException: com.kms.katalon.core.webui.exception.WebElementNotFoundException: Web element with id: 'Object Repository/Staging Objects/Page_diagnostics/span_Meter connection to computer' located by '//*[(text() = 'Meter connection to computer:' or . = 'Meter connection to computer:')]' not found
	at com.kms.katalon.core.webui.keyword.internal.WebUIKeywordMain.stepFailed(WebUIKeywordMain.groovy:64)
	at com.kms.katalon.core.webui.keyword.builtin.VerifyElementPresentKeyword$_verifyElementPresent_closure1.doCall(VerifyElementPresentKeyword.groovy:85)
	at com.kms.katalon.core.webui.keyword.builtin.VerifyElementPresentKeyword$_verifyElementPresent_closure1.call(VerifyElementPresentKeyword.groovy)
	at com.kms.katalon.core.webui.keyword.internal.WebUIKeywordMain.runKeyword(WebUIKeywordMain.groovy:20)
	... 19 more
)

2022-04-06 18:23:04 - [MESSAGE][WARNING] - Timeout '0' is invalid. Using default page load timeout: '30'

2022-04-06 18:23:35 - [MESSAGE][INFO] - Unable to find the element located by 'By.xpath: //*[(text() = 'Meter connection to computer:' or . = 'Meter connection to computer:')]'. Please recheck the objects properties to make sure the desired element is located. 

2022-04-06 18:23:35 - [MESSAGE][FAILED] - com.kms.katalon.core.webui.exception.WebElementNotFoundException: Web element with id: 'Object Repository/Staging Objects/Page_diagnostics/span_Meter connection to computer' located by '//*[(text() = 'Meter connection to computer:' or . = 'Meter connection to computer:')]' not found (Root cause: com.kms.katalon.core.exception.StepFailedException: com.kms.katalon.core.webui.exception.WebElementNotFoundException: Web element with id: 'Object Repository/Staging Objects/Page_diagnostics/span_Meter connection to computer' located by '//*[(text() = 'Meter connection to computer:' or . = 'Meter connection to computer:')]' not found
	at com.kms.katalon.core.webui.keyword.internal.WebUIKeywordMain.stepFailed(WebUIKeywordMain.groovy:64)
	at com.kms.katalon.core.webui.keyword.builtin.VerifyElementPresentKeyword$_verifyElementPresent_closure1.doCall(VerifyElementPresentKeyword.groovy:85)
	at com.kms.katalon.core.webui.keyword.builtin.VerifyElementPresentKeyword$_verifyElementPresent_closure1.call(VerifyElementPresentKeyword.groovy)
	at com.kms.katalon.core.webui.keyword.internal.WebUIKeywordMain.runKeyword(WebUIKeywordMain.groovy:20)
	at com.kms.katalon.core.webui.keyword.builtin.VerifyElementPresentKeyword.verifyElementPresent(VerifyElementPresentKeyword.groovy:92)
	at com.kms.katalon.core.webui.keyword.builtin.VerifyElementPresentKeyword.execute(VerifyElementPresentKeyword.groovy:68)
	at com.kms.katalon.core.keyword.internal.KeywordExecutor.executeKeywordForPlatform(KeywordExecutor.groovy:73)
	at com.kms.katalon.core.webui.keyword.WebUiBuiltInKeywords.verifyElementPresent(WebUiBuiltInKeywords.groovy:1461)
	at com.kms.katalon.core.webui.keyword.WebUiBuiltInKeywords$verifyElementPresent$9.call(Unknown Source)
	at TC_DETAILS_UI_033.run(TC_DETAILS_UI_033:22)
	at com.kms.katalon.core.main.ScriptEngine.run(ScriptEngine.java:194)
	at com.kms.katalon.core.main.ScriptEngine.runScriptAsRawText(ScriptEngine.java:119)
	at com.kms.katalon.core.main.TestCaseExecutor.runScript(TestCaseExecutor.java:339)
	at com.kms.katalon.core.main.TestCaseExecutor.doExecute(TestCaseExecutor.java:330)
	at com.kms.katalon.core.main.TestCaseExecutor.processExecutionPhase(TestCaseExecutor.java:309)
	at com.kms.katalon.core.main.TestCaseExecutor.accessMainPhase(TestCaseExecutor.java:301)
	at com.kms.katalon.core.main.TestCaseExecutor.execute(TestCaseExecutor.java:235)
	at com.kms.katalon.core.main.TestSuiteExecutor.accessTestCaseMainPhase(TestSuiteExecutor.java:191)
	at com.kms.katalon.core.main.TestSuiteExecutor.accessTestSuiteMainPhase(TestSuiteExecutor.java:141)
	at com.kms.katalon.core.main.TestSuiteExecutor.execute(TestSuiteExecutor.java:90)
	at com.kms.katalon.core.main.TestCaseMain.startTestSuite(TestCaseMain.java:157)
	at com.kms.katalon.core.main.TestCaseMain$startTestSuite$0.call(Unknown Source)
	at TempTestSuite1649239689066.run(TempTestSuite1649239689066.groovy:39)
)
[[ATTACHMENT|K:\\Work\\GitHub\\find-item-detail-test_v2\\Reports\\20220406_180809\\Item detail test\\20220406_180809\\1649240615807.png]]

2022-04-06 18:23:36 - [MESSAGE][FAILED] - Unable to verify object 'Object Repository/Staging Objects/Page_diagnostics/span_Meter connection to computer' is present (Root cause: com.kms.katalon.core.exception.StepFailedException: Unable to verify object 'Object Repository/Staging Objects/Page_diagnostics/span_Meter connection to computer' is present
	at com.kms.katalon.core.webui.keyword.internal.WebUIKeywordMain.stepFailed(WebUIKeywordMain.groovy:64)
	at com.kms.katalon.core.webui.keyword.internal.WebUIKeywordMain.runKeyword(WebUIKeywordMain.groovy:26)
	at com.kms.katalon.core.webui.keyword.builtin.VerifyElementPresentKeyword.verifyElementPresent(VerifyElementPresentKeyword.groovy:92)
	at com.kms.katalon.core.webui.keyword.builtin.VerifyElementPresentKeyword.execute(VerifyElementPresentKeyword.groovy:68)
	at com.kms.katalon.core.keyword.internal.KeywordExecutor.executeKeywordForPlatform(KeywordExecutor.groovy:73)
	at com.kms.katalon.core.webui.keyword.WebUiBuiltInKeywords.verifyElementPresent(WebUiBuiltInKeywords.groovy:1461)
	at com.kms.katalon.core.webui.keyword.WebUiBuiltInKeywords$verifyElementPresent$9.call(Unknown Source)
	at TC_DETAILS_UI_033.run(TC_DETAILS_UI_033:22)
	at com.kms.katalon.core.main.ScriptEngine.run(ScriptEngine.java:194)
	at com.kms.katalon.core.main.ScriptEngine.runScriptAsRawText(ScriptEngine.java:119)
	at com.kms.katalon.core.main.TestCaseExecutor.runScript(TestCaseExecutor.java:339)
	at com.kms.katalon.core.main.TestCaseExecutor.doExecute(TestCaseExecutor.java:330)
	at com.kms.katalon.core.main.TestCaseExecutor.processExecutionPhase(TestCaseExecutor.java:309)
	at com.kms.katalon.core.main.TestCaseExecutor.accessMainPhase(TestCaseExecutor.java:301)
	at com.kms.katalon.core.main.TestCaseExecutor.execute(TestCaseExecutor.java:235)
	at com.kms.katalon.core.main.TestSuiteExecutor.accessTestCaseMainPhase(TestSuiteExecutor.java:191)
	at com.kms.katalon.core.main.TestSuiteExecutor.accessTestSuiteMainPhase(TestSuiteExecutor.java:141)
	at com.kms.katalon.core.main.TestSuiteExecutor.execute(TestSuiteExecutor.java:90)
	at com.kms.katalon.core.main.TestCaseMain.startTestSuite(TestCaseMain.java:157)
	at com.kms.katalon.core.main.TestCaseMain$startTestSuite$0.call(Unknown Source)
	at TempTestSuite1649239689066.run(TempTestSuite1649239689066.groovy:39)
Caused by: com.kms.katalon.core.exception.StepFailedException: com.kms.katalon.core.webui.exception.WebElementNotFoundException: Web element with id: 'Object Repository/Staging Objects/Page_diagnostics/span_Meter connection to computer' located by '//*[(text() = 'Meter connection to computer:' or . = 'Meter connection to computer:')]' not found
	at com.kms.katalon.core.webui.keyword.internal.WebUIKeywordMain.stepFailed(WebUIKeywordMain.groovy:64)
	at com.kms.katalon.core.webui.keyword.builtin.VerifyElementPresentKeyword$_verifyElementPresent_closure1.doCall(VerifyElementPresentKeyword.groovy:85)
	at com.kms.katalon.core.webui.keyword.builtin.VerifyElementPresentKeyword$_verifyElementPresent_closure1.call(VerifyElementPresentKeyword.groovy)
	at com.kms.katalon.core.webui.keyword.internal.WebUIKeywordMain.runKeyword(WebUIKeywordMain.groovy:20)
	... 19 more
)
[[ATTACHMENT|K:\\Work\\GitHub\\find-item-detail-test_v2\\Reports\\20220406_180809\\Item detail test\\20220406_180809\\1649240615959.png]]]]></system-out>
         <system-err><![CDATA[2022-04-06 18:22:21 - [TEST_CASE][FAILED] - Test Cases/Custom Item Details/TEST CASE/TC_DETAILS_UI_033: Test Cases/Custom Item Details/TEST CASE/TC_DETAILS_UI_033 FAILED.
Reason:
com.kms.katalon.core.exception.StepFailedException: Unable to verify object 'Object Repository/Staging Objects/Page_diagnostics/span_Meter connection to computer' is present
	at com.kms.katalon.core.webui.keyword.internal.WebUIKeywordMain.stepFailed(WebUIKeywordMain.groovy:64)
	at com.kms.katalon.core.webui.keyword.internal.WebUIKeywordMain.runKeyword(WebUIKeywordMain.groovy:26)
	at com.kms.katalon.core.webui.keyword.builtin.VerifyElementPresentKeyword.verifyElementPresent(VerifyElementPresentKeyword.groovy:92)
	at com.kms.katalon.core.webui.keyword.builtin.VerifyElementPresentKeyword.execute(VerifyElementPresentKeyword.groovy:68)
	at com.kms.katalon.core.keyword.internal.KeywordExecutor.executeKeywordForPlatform(KeywordExecutor.groovy:73)
	at com.kms.katalon.core.webui.keyword.WebUiBuiltInKeywords.verifyElementPresent(WebUiBuiltInKeywords.groovy:1461)
	at com.kms.katalon.core.webui.keyword.WebUiBuiltInKeywords$verifyElementPresent$9.call(Unknown Source)
	at TC_DETAILS_UI_033.run(TC_DETAILS_UI_033:22)
	at com.kms.katalon.core.main.ScriptEngine.run(ScriptEngine.java:194)
	at com.kms.katalon.core.main.ScriptEngine.runScriptAsRawText(ScriptEngine.java:119)
	at com.kms.katalon.core.main.TestCaseExecutor.runScript(TestCaseExecutor.java:339)
	at com.kms.katalon.core.main.TestCaseExecutor.doExecute(TestCaseExecutor.java:330)
	at com.kms.katalon.core.main.TestCaseExecutor.processExecutionPhase(TestCaseExecutor.java:309)
	at com.kms.katalon.core.main.TestCaseExecutor.accessMainPhase(TestCaseExecutor.java:301)
	at com.kms.katalon.core.main.TestCaseExecutor.execute(TestCaseExecutor.java:235)
	at com.kms.katalon.core.main.TestSuiteExecutor.accessTestCaseMainPhase(TestSuiteExecutor.java:191)
	at com.kms.katalon.core.main.TestSuiteExecutor.accessTestSuiteMainPhase(TestSuiteExecutor.java:141)
	at com.kms.katalon.core.main.TestSuiteExecutor.execute(TestSuiteExecutor.java:90)
	at com.kms.katalon.core.main.TestCaseMain.startTestSuite(TestCaseMain.java:157)
	at com.kms.katalon.core.main.TestCaseMain$startTestSuite$0.call(Unknown Source)
	at TempTestSuite1649239689066.run(TempTestSuite1649239689066.groovy:39)
Caused by: com.kms.katalon.core.exception.StepFailedException: com.kms.katalon.core.webui.exception.WebElementNotFoundException: Web element with id: 'Object Repository/Staging Objects/Page_diagnostics/span_Meter connection to computer' located by '//*[(text() = 'Meter connection to computer:' or . = 'Meter connection to computer:')]' not found
	at com.kms.katalon.core.webui.keyword.internal.WebUIKeywordMain.stepFailed(WebUIKeywordMain.groovy:64)
	at com.kms.katalon.core.webui.keyword.builtin.VerifyElementPresentKeyword$_verifyElementPresent_closure1.doCall(VerifyElementPresentKeyword.groovy:85)
	at com.kms.katalon.core.webui.keyword.builtin.VerifyElementPresentKeyword$_verifyElementPresent_closure1.call(VerifyElementPresentKeyword.groovy)
	at com.kms.katalon.core.webui.keyword.internal.WebUIKeywordMain.runKeyword(WebUIKeywordMain.groovy:20)
	... 19 more]]></system-err>
      </testcase>
      <testcase name="Test Cases/Custom Item Details/TEST CASE/TC_DETAILS_UI_034" time="76.351" classname="Test Cases/Custom Item Details/TEST CASE/TC_DETAILS_UI_034" status="FAILED">
         <failure type="FAILED" message="Test Cases/Custom Item Details/TEST CASE/TC_DETAILS_UI_034 FAILED.
Reason:
com.kms.katalon.core.exception.StepFailedException: Unable to verify object 'Object Repository/Staging Objects/Page_diagnostics/span_Meter connectivity' is present
	at com.kms.katalon.core.webui.keyword.internal.WebUIKeywordMain.stepFailed(WebUIKeywordMain.groovy:64)
	at com.kms.katalon.core.webui.keyword.internal.WebUIKeywordMain.runKeyword(WebUIKeywordMain.groovy:26)
	at com.kms.katalon.core.webui.keyword.builtin.VerifyElementPresentKeyword.verifyElementPresent(VerifyElementPresentKeyword.groovy:92)
	at com.kms.katalon.core.webui.keyword.builtin.VerifyElementPresentKeyword.execute(VerifyElementPresentKeyword.groovy:68)
	at com.kms.katalon.core.keyword.internal.KeywordExecutor.executeKeywordForPlatform(KeywordExecutor.groovy:73)
	at com.kms.katalon.core.webui.keyword.WebUiBuiltInKeywords.verifyElementPresent(WebUiBuiltInKeywords.groovy:1461)
	at com.kms.katalon.core.webui.keyword.WebUiBuiltInKeywords$verifyElementPresent$9.call(Unknown Source)
	at TC_DETAILS_UI_034.run(TC_DETAILS_UI_034:22)
	at com.kms.katalon.core.main.ScriptEngine.run(ScriptEngine.java:194)
	at com.kms.katalon.core.main.ScriptEngine.runScriptAsRawText(ScriptEngine.java:119)
	at com.kms.katalon.core.main.TestCaseExecutor.runScript(TestCaseExecutor.java:339)
	at com.kms.katalon.core.main.TestCaseExecutor.doExecute(TestCaseExecutor.java:330)
	at com.kms.katalon.core.main.TestCaseExecutor.processExecutionPhase(TestCaseExecutor.java:309)
	at com.kms.katalon.core.main.TestCaseExecutor.accessMainPhase(TestCaseExecutor.java:301)
	at com.kms.katalon.core.main.TestCaseExecutor.execute(TestCaseExecutor.java:235)
	at com.kms.katalon.core.main.TestSuiteExecutor.accessTestCaseMainPhase(TestSuiteExecutor.java:191)
	at com.kms.katalon.core.main.TestSuiteExecutor.accessTestSuiteMainPhase(TestSuiteExecutor.java:141)
	at com.kms.katalon.core.main.TestSuiteExecutor.execute(TestSuiteExecutor.java:90)
	at com.kms.katalon.core.main.TestCaseMain.startTestSuite(TestCaseMain.java:157)
	at com.kms.katalon.core.main.TestCaseMain$startTestSuite$0.call(Unknown Source)
	at TempTestSuite1649239689066.run(TempTestSuite1649239689066.groovy:39)
Caused by: com.kms.katalon.core.exception.StepFailedException: com.kms.katalon.core.webui.exception.WebElementNotFoundException: Web element with id: 'Object Repository/Staging Objects/Page_diagnostics/span_Meter connectivity' located by '//*[(text() = 'Meter connectivity:' or . = 'Meter connectivity:')]' not found
	at com.kms.katalon.core.webui.keyword.internal.WebUIKeywordMain.stepFailed(WebUIKeywordMain.groovy:64)
	at com.kms.katalon.core.webui.keyword.builtin.VerifyElementPresentKeyword$_verifyElementPresent_closure1.doCall(VerifyElementPresentKeyword.groovy:85)
	at com.kms.katalon.core.webui.keyword.builtin.VerifyElementPresentKeyword$_verifyElementPresent_closure1.call(VerifyElementPresentKeyword.groovy)
	at com.kms.katalon.core.webui.keyword.internal.WebUIKeywordMain.runKeyword(WebUIKeywordMain.groovy:20)
	... 19 more
"/>
         <system-out><![CDATA[2022-04-06 18:23:36 - [TEST_CASE][FAILED] - Test Cases/Custom Item Details/TEST CASE/TC_DETAILS_UI_034: Test Cases/Custom Item Details/TEST CASE/TC_DETAILS_UI_034 FAILED.
Reason:
com.kms.katalon.core.exception.StepFailedException: Unable to verify object 'Object Repository/Staging Objects/Page_diagnostics/span_Meter connectivity' is present
	at com.kms.katalon.core.webui.keyword.internal.WebUIKeywordMain.stepFailed(WebUIKeywordMain.groovy:64)
	at com.kms.katalon.core.webui.keyword.internal.WebUIKeywordMain.runKeyword(WebUIKeywordMain.groovy:26)
	at com.kms.katalon.core.webui.keyword.builtin.VerifyElementPresentKeyword.verifyElementPresent(VerifyElementPresentKeyword.groovy:92)
	at com.kms.katalon.core.webui.keyword.builtin.VerifyElementPresentKeyword.execute(VerifyElementPresentKeyword.groovy:68)
	at com.kms.katalon.core.keyword.internal.KeywordExecutor.executeKeywordForPlatform(KeywordExecutor.groovy:73)
	at com.kms.katalon.core.webui.keyword.WebUiBuiltInKeywords.verifyElementPresent(WebUiBuiltInKeywords.groovy:1461)
	at com.kms.katalon.core.webui.keyword.WebUiBuiltInKeywords$verifyElementPresent$9.call(Unknown Source)
	at TC_DETAILS_UI_034.run(TC_DETAILS_UI_034:22)
	at com.kms.katalon.core.main.ScriptEngine.run(ScriptEngine.java:194)
	at com.kms.katalon.core.main.ScriptEngine.runScriptAsRawText(ScriptEngine.java:119)
	at com.kms.katalon.core.main.TestCaseExecutor.runScript(TestCaseExecutor.java:339)
	at com.kms.katalon.core.main.TestCaseExecutor.doExecute(TestCaseExecutor.java:330)
	at com.kms.katalon.core.main.TestCaseExecutor.processExecutionPhase(TestCaseExecutor.java:309)
	at com.kms.katalon.core.main.TestCaseExecutor.accessMainPhase(TestCaseExecutor.java:301)
	at com.kms.katalon.core.main.TestCaseExecutor.execute(TestCaseExecutor.java:235)
	at com.kms.katalon.core.main.TestSuiteExecutor.accessTestCaseMainPhase(TestSuiteExecutor.java:191)
	at com.kms.katalon.core.main.TestSuiteExecutor.accessTestSuiteMainPhase(TestSuiteExecutor.java:141)
	at com.kms.katalon.core.main.TestSuiteExecutor.execute(TestSuiteExecutor.java:90)
	at com.kms.katalon.core.main.TestCaseMain.startTestSuite(TestCaseMain.java:157)
	at com.kms.katalon.core.main.TestCaseMain$startTestSuite$0.call(Unknown Source)
	at TempTestSuite1649239689066.run(TempTestSuite1649239689066.groovy:39)
Caused by: com.kms.katalon.core.exception.StepFailedException: com.kms.katalon.core.webui.exception.WebElementNotFoundException: Web element with id: 'Object Repository/Staging Objects/Page_diagnostics/span_Meter connectivity' located by '//*[(text() = 'Meter connectivity:' or . = 'Meter connectivity:')]' not found
	at com.kms.katalon.core.webui.keyword.internal.WebUIKeywordMain.stepFailed(WebUIKeywordMain.groovy:64)
	at com.kms.katalon.core.webui.keyword.builtin.VerifyElementPresentKeyword$_verifyElementPresent_closure1.doCall(VerifyElementPresentKeyword.groovy:85)
	at com.kms.katalon.core.webui.keyword.builtin.VerifyElementPresentKeyword$_verifyElementPresent_closure1.call(VerifyElementPresentKeyword.groovy)
	at com.kms.katalon.core.webui.keyword.internal.WebUIKeywordMain.runKeyword(WebUIKeywordMain.groovy:20)
	... 19 more


2022-04-06 18:23:36 - [TEST_STEP][PASSED] - callTestCase(findTestCase("Custom Item Details/UTILITIES/OPEN_BROWSER"), [:], STOP_ON_FAILURE): Call Test Case 'Test Cases/Custom Item Details/UTILITIES/OPEN_BROWSER' successfully

2022-04-06 18:23:36 - [TEST_CASE][PASSED] - Test Cases/Custom Item Details/UTILITIES/OPEN_BROWSER: Test Cases/Custom Item Details/UTILITIES/OPEN_BROWSER

2022-04-06 18:23:36 - [TEST_STEP][PASSED] - openBrowser("https://diagnostics.staging.arcadier.io/"): Browser is opened with url: 'https://diagnostics.staging.arcadier.io/'

2022-04-06 18:23:36 - [MESSAGE][WARNING] - A browser is already opened. Closing browser and opening a new one

2022-04-06 18:23:36 - [MESSAGE][INFO] - Starting 'Chrome' driver

2022-04-06 18:23:36 - [MESSAGE][INFO] - Action delay is set to 0 milliseconds

2022-04-06 18:23:40 - [MESSAGE][PASSED] - Browser is opened with url: 'https://diagnostics.staging.arcadier.io/'

2022-04-06 18:23:40 - [TEST_STEP][PASSED] - maximizeWindow(): Current window maximized

2022-04-06 18:23:40 - [MESSAGE][PASSED] - Current window maximized

2022-04-06 18:23:40 - [TEST_STEP][PASSED] - click(findTestObject("Item Details Objects/Page_diagnostics/a_Accept Cookies")): Object: 'Object Repository/Item Details Objects/Page_diagnostics/a_Accept Cookies' is clicked on

2022-04-06 18:23:41 - [MESSAGE][PASSED] - Object: 'Object Repository/Item Details Objects/Page_diagnostics/a_Accept Cookies' is clicked on

2022-04-06 18:23:41 - [TEST_STEP][PASSED] - click(findTestObject("New_Homepage/Page_diagnostics/a_COVID-19 DIAGNOSTICS"), STOP_ON_FAILURE): Object: 'Object Repository/New_Homepage/Page_diagnostics/a_COVID-19 DIAGNOSTICS' is clicked on

2022-04-06 18:23:44 - [MESSAGE][PASSED] - Object: 'Object Repository/New_Homepage/Page_diagnostics/a_COVID-19 DIAGNOSTICS' is clicked on

2022-04-06 18:23:44 - [TEST_STEP][PASSED] - mouseOver(findTestObject("New_Homepage/Page_diagnostics/a_Abbott Rapid Diagnostics PANBIO COVID-19 Ag Rapid Test Device (Nasopharyngeal)")): Object: 'Object Repository/New_Homepage/Page_diagnostics/a_Abbott Rapid Diagnostics PANBIO COVID-19 Ag Rapid Test Device (Nasopharyngeal)' is hovered

2022-04-06 18:23:46 - [MESSAGE][PASSED] - Object: 'Object Repository/New_Homepage/Page_diagnostics/a_Abbott Rapid Diagnostics PANBIO COVID-19 Ag Rapid Test Device (Nasopharyngeal)' is hovered

2022-04-06 18:23:46 - [TEST_STEP][PASSED] - click(findTestObject("New_Homepage/Page_diagnostics/a_Abbott Rapid Diagnostics PANBIO COVID-19 Ag Rapid Test Device (Nasopharyngeal)")): Object: 'Object Repository/New_Homepage/Page_diagnostics/a_Abbott Rapid Diagnostics PANBIO COVID-19 Ag Rapid Test Device (Nasopharyngeal)' is clicked on

2022-04-06 18:23:49 - [MESSAGE][PASSED] - Object: 'Object Repository/New_Homepage/Page_diagnostics/a_Abbott Rapid Diagnostics PANBIO COVID-19 Ag Rapid Test Device (Nasopharyngeal)' is clicked on

2022-04-06 18:23:49 - [MESSAGE][PASSED] - Call Test Case 'Test Cases/Custom Item Details/UTILITIES/OPEN_BROWSER' successfully

2022-04-06 18:23:49 - [TEST_STEP][PASSED] - waitForElementVisible(findTestObject("Staging Objects/Page_diagnostics/span_Meter connectivity"), 0): Web element with id: 'Object Repository/Staging Objects/Page_diagnostics/span_Meter connectivity' located by '//*[(text() = 'Meter connectivity:' or . = 'Meter connectivity:')]' not found

2022-04-06 18:23:49 - [MESSAGE][WARNING] - Timeout '0' is invalid. Using default page load timeout: '30'

2022-04-06 18:24:21 - [MESSAGE][INFO] - Unable to find the element located by 'By.xpath: //*[(text() = 'Meter connectivity:' or . = 'Meter connectivity:')]'. Please recheck the objects properties to make sure the desired element is located. 

2022-04-06 18:24:21 - [MESSAGE][WARNING] - Web element with id: 'Object Repository/Staging Objects/Page_diagnostics/span_Meter connectivity' located by '//*[(text() = 'Meter connectivity:' or . = 'Meter connectivity:')]' not found

2022-04-06 18:24:21 - [TEST_STEP][FAILED] - verifyElementPresent(findTestObject("Staging Objects/Page_diagnostics/span_Meter connectivity"), 0): Unable to verify object 'Object Repository/Staging Objects/Page_diagnostics/span_Meter connectivity' is present (Root cause: com.kms.katalon.core.exception.StepFailedException: Unable to verify object 'Object Repository/Staging Objects/Page_diagnostics/span_Meter connectivity' is present
	at com.kms.katalon.core.webui.keyword.internal.WebUIKeywordMain.stepFailed(WebUIKeywordMain.groovy:64)
	at com.kms.katalon.core.webui.keyword.internal.WebUIKeywordMain.runKeyword(WebUIKeywordMain.groovy:26)
	at com.kms.katalon.core.webui.keyword.builtin.VerifyElementPresentKeyword.verifyElementPresent(VerifyElementPresentKeyword.groovy:92)
	at com.kms.katalon.core.webui.keyword.builtin.VerifyElementPresentKeyword.execute(VerifyElementPresentKeyword.groovy:68)
	at com.kms.katalon.core.keyword.internal.KeywordExecutor.executeKeywordForPlatform(KeywordExecutor.groovy:73)
	at com.kms.katalon.core.webui.keyword.WebUiBuiltInKeywords.verifyElementPresent(WebUiBuiltInKeywords.groovy:1461)
	at com.kms.katalon.core.webui.keyword.WebUiBuiltInKeywords$verifyElementPresent$9.call(Unknown Source)
	at TC_DETAILS_UI_034.run(TC_DETAILS_UI_034:22)
	at com.kms.katalon.core.main.ScriptEngine.run(ScriptEngine.java:194)
	at com.kms.katalon.core.main.ScriptEngine.runScriptAsRawText(ScriptEngine.java:119)
	at com.kms.katalon.core.main.TestCaseExecutor.runScript(TestCaseExecutor.java:339)
	at com.kms.katalon.core.main.TestCaseExecutor.doExecute(TestCaseExecutor.java:330)
	at com.kms.katalon.core.main.TestCaseExecutor.processExecutionPhase(TestCaseExecutor.java:309)
	at com.kms.katalon.core.main.TestCaseExecutor.accessMainPhase(TestCaseExecutor.java:301)
	at com.kms.katalon.core.main.TestCaseExecutor.execute(TestCaseExecutor.java:235)
	at com.kms.katalon.core.main.TestSuiteExecutor.accessTestCaseMainPhase(TestSuiteExecutor.java:191)
	at com.kms.katalon.core.main.TestSuiteExecutor.accessTestSuiteMainPhase(TestSuiteExecutor.java:141)
	at com.kms.katalon.core.main.TestSuiteExecutor.execute(TestSuiteExecutor.java:90)
	at com.kms.katalon.core.main.TestCaseMain.startTestSuite(TestCaseMain.java:157)
	at com.kms.katalon.core.main.TestCaseMain$startTestSuite$0.call(Unknown Source)
	at TempTestSuite1649239689066.run(TempTestSuite1649239689066.groovy:39)
Caused by: com.kms.katalon.core.exception.StepFailedException: com.kms.katalon.core.webui.exception.WebElementNotFoundException: Web element with id: 'Object Repository/Staging Objects/Page_diagnostics/span_Meter connectivity' located by '//*[(text() = 'Meter connectivity:' or . = 'Meter connectivity:')]' not found
	at com.kms.katalon.core.webui.keyword.internal.WebUIKeywordMain.stepFailed(WebUIKeywordMain.groovy:64)
	at com.kms.katalon.core.webui.keyword.builtin.VerifyElementPresentKeyword$_verifyElementPresent_closure1.doCall(VerifyElementPresentKeyword.groovy:85)
	at com.kms.katalon.core.webui.keyword.builtin.VerifyElementPresentKeyword$_verifyElementPresent_closure1.call(VerifyElementPresentKeyword.groovy)
	at com.kms.katalon.core.webui.keyword.internal.WebUIKeywordMain.runKeyword(WebUIKeywordMain.groovy:20)
	... 19 more
)

2022-04-06 18:24:21 - [MESSAGE][WARNING] - Timeout '0' is invalid. Using default page load timeout: '30'

2022-04-06 18:24:52 - [MESSAGE][INFO] - Unable to find the element located by 'By.xpath: //*[(text() = 'Meter connectivity:' or . = 'Meter connectivity:')]'. Please recheck the objects properties to make sure the desired element is located. 

2022-04-06 18:24:52 - [MESSAGE][FAILED] - com.kms.katalon.core.webui.exception.WebElementNotFoundException: Web element with id: 'Object Repository/Staging Objects/Page_diagnostics/span_Meter connectivity' located by '//*[(text() = 'Meter connectivity:' or . = 'Meter connectivity:')]' not found (Root cause: com.kms.katalon.core.exception.StepFailedException: com.kms.katalon.core.webui.exception.WebElementNotFoundException: Web element with id: 'Object Repository/Staging Objects/Page_diagnostics/span_Meter connectivity' located by '//*[(text() = 'Meter connectivity:' or . = 'Meter connectivity:')]' not found
	at com.kms.katalon.core.webui.keyword.internal.WebUIKeywordMain.stepFailed(WebUIKeywordMain.groovy:64)
	at com.kms.katalon.core.webui.keyword.builtin.VerifyElementPresentKeyword$_verifyElementPresent_closure1.doCall(VerifyElementPresentKeyword.groovy:85)
	at com.kms.katalon.core.webui.keyword.builtin.VerifyElementPresentKeyword$_verifyElementPresent_closure1.call(VerifyElementPresentKeyword.groovy)
	at com.kms.katalon.core.webui.keyword.internal.WebUIKeywordMain.runKeyword(WebUIKeywordMain.groovy:20)
	at com.kms.katalon.core.webui.keyword.builtin.VerifyElementPresentKeyword.verifyElementPresent(VerifyElementPresentKeyword.groovy:92)
	at com.kms.katalon.core.webui.keyword.builtin.VerifyElementPresentKeyword.execute(VerifyElementPresentKeyword.groovy:68)
	at com.kms.katalon.core.keyword.internal.KeywordExecutor.executeKeywordForPlatform(KeywordExecutor.groovy:73)
	at com.kms.katalon.core.webui.keyword.WebUiBuiltInKeywords.verifyElementPresent(WebUiBuiltInKeywords.groovy:1461)
	at com.kms.katalon.core.webui.keyword.WebUiBuiltInKeywords$verifyElementPresent$9.call(Unknown Source)
	at TC_DETAILS_UI_034.run(TC_DETAILS_UI_034:22)
	at com.kms.katalon.core.main.ScriptEngine.run(ScriptEngine.java:194)
	at com.kms.katalon.core.main.ScriptEngine.runScriptAsRawText(ScriptEngine.java:119)
	at com.kms.katalon.core.main.TestCaseExecutor.runScript(TestCaseExecutor.java:339)
	at com.kms.katalon.core.main.TestCaseExecutor.doExecute(TestCaseExecutor.java:330)
	at com.kms.katalon.core.main.TestCaseExecutor.processExecutionPhase(TestCaseExecutor.java:309)
	at com.kms.katalon.core.main.TestCaseExecutor.accessMainPhase(TestCaseExecutor.java:301)
	at com.kms.katalon.core.main.TestCaseExecutor.execute(TestCaseExecutor.java:235)
	at com.kms.katalon.core.main.TestSuiteExecutor.accessTestCaseMainPhase(TestSuiteExecutor.java:191)
	at com.kms.katalon.core.main.TestSuiteExecutor.accessTestSuiteMainPhase(TestSuiteExecutor.java:141)
	at com.kms.katalon.core.main.TestSuiteExecutor.execute(TestSuiteExecutor.java:90)
	at com.kms.katalon.core.main.TestCaseMain.startTestSuite(TestCaseMain.java:157)
	at com.kms.katalon.core.main.TestCaseMain$startTestSuite$0.call(Unknown Source)
	at TempTestSuite1649239689066.run(TempTestSuite1649239689066.groovy:39)
)
[[ATTACHMENT|K:\\Work\\GitHub\\find-item-detail-test_v2\\Reports\\20220406_180809\\Item detail test\\20220406_180809\\1649240692142.png]]

2022-04-06 18:24:52 - [MESSAGE][FAILED] - Unable to verify object 'Object Repository/Staging Objects/Page_diagnostics/span_Meter connectivity' is present (Root cause: com.kms.katalon.core.exception.StepFailedException: Unable to verify object 'Object Repository/Staging Objects/Page_diagnostics/span_Meter connectivity' is present
	at com.kms.katalon.core.webui.keyword.internal.WebUIKeywordMain.stepFailed(WebUIKeywordMain.groovy:64)
	at com.kms.katalon.core.webui.keyword.internal.WebUIKeywordMain.runKeyword(WebUIKeywordMain.groovy:26)
	at com.kms.katalon.core.webui.keyword.builtin.VerifyElementPresentKeyword.verifyElementPresent(VerifyElementPresentKeyword.groovy:92)
	at com.kms.katalon.core.webui.keyword.builtin.VerifyElementPresentKeyword.execute(VerifyElementPresentKeyword.groovy:68)
	at com.kms.katalon.core.keyword.internal.KeywordExecutor.executeKeywordForPlatform(KeywordExecutor.groovy:73)
	at com.kms.katalon.core.webui.keyword.WebUiBuiltInKeywords.verifyElementPresent(WebUiBuiltInKeywords.groovy:1461)
	at com.kms.katalon.core.webui.keyword.WebUiBuiltInKeywords$verifyElementPresent$9.call(Unknown Source)
	at TC_DETAILS_UI_034.run(TC_DETAILS_UI_034:22)
	at com.kms.katalon.core.main.ScriptEngine.run(ScriptEngine.java:194)
	at com.kms.katalon.core.main.ScriptEngine.runScriptAsRawText(ScriptEngine.java:119)
	at com.kms.katalon.core.main.TestCaseExecutor.runScript(TestCaseExecutor.java:339)
	at com.kms.katalon.core.main.TestCaseExecutor.doExecute(TestCaseExecutor.java:330)
	at com.kms.katalon.core.main.TestCaseExecutor.processExecutionPhase(TestCaseExecutor.java:309)
	at com.kms.katalon.core.main.TestCaseExecutor.accessMainPhase(TestCaseExecutor.java:301)
	at com.kms.katalon.core.main.TestCaseExecutor.execute(TestCaseExecutor.java:235)
	at com.kms.katalon.core.main.TestSuiteExecutor.accessTestCaseMainPhase(TestSuiteExecutor.java:191)
	at com.kms.katalon.core.main.TestSuiteExecutor.accessTestSuiteMainPhase(TestSuiteExecutor.java:141)
	at com.kms.katalon.core.main.TestSuiteExecutor.execute(TestSuiteExecutor.java:90)
	at com.kms.katalon.core.main.TestCaseMain.startTestSuite(TestCaseMain.java:157)
	at com.kms.katalon.core.main.TestCaseMain$startTestSuite$0.call(Unknown Source)
	at TempTestSuite1649239689066.run(TempTestSuite1649239689066.groovy:39)
Caused by: com.kms.katalon.core.exception.StepFailedException: com.kms.katalon.core.webui.exception.WebElementNotFoundException: Web element with id: 'Object Repository/Staging Objects/Page_diagnostics/span_Meter connectivity' located by '//*[(text() = 'Meter connectivity:' or . = 'Meter connectivity:')]' not found
	at com.kms.katalon.core.webui.keyword.internal.WebUIKeywordMain.stepFailed(WebUIKeywordMain.groovy:64)
	at com.kms.katalon.core.webui.keyword.builtin.VerifyElementPresentKeyword$_verifyElementPresent_closure1.doCall(VerifyElementPresentKeyword.groovy:85)
	at com.kms.katalon.core.webui.keyword.builtin.VerifyElementPresentKeyword$_verifyElementPresent_closure1.call(VerifyElementPresentKeyword.groovy)
	at com.kms.katalon.core.webui.keyword.internal.WebUIKeywordMain.runKeyword(WebUIKeywordMain.groovy:20)
	... 19 more
)
[[ATTACHMENT|K:\\Work\\GitHub\\find-item-detail-test_v2\\Reports\\20220406_180809\\Item detail test\\20220406_180809\\1649240692296.png]]]]></system-out>
         <system-err><![CDATA[2022-04-06 18:23:36 - [TEST_CASE][FAILED] - Test Cases/Custom Item Details/TEST CASE/TC_DETAILS_UI_034: Test Cases/Custom Item Details/TEST CASE/TC_DETAILS_UI_034 FAILED.
Reason:
com.kms.katalon.core.exception.StepFailedException: Unable to verify object 'Object Repository/Staging Objects/Page_diagnostics/span_Meter connectivity' is present
	at com.kms.katalon.core.webui.keyword.internal.WebUIKeywordMain.stepFailed(WebUIKeywordMain.groovy:64)
	at com.kms.katalon.core.webui.keyword.internal.WebUIKeywordMain.runKeyword(WebUIKeywordMain.groovy:26)
	at com.kms.katalon.core.webui.keyword.builtin.VerifyElementPresentKeyword.verifyElementPresent(VerifyElementPresentKeyword.groovy:92)
	at com.kms.katalon.core.webui.keyword.builtin.VerifyElementPresentKeyword.execute(VerifyElementPresentKeyword.groovy:68)
	at com.kms.katalon.core.keyword.internal.KeywordExecutor.executeKeywordForPlatform(KeywordExecutor.groovy:73)
	at com.kms.katalon.core.webui.keyword.WebUiBuiltInKeywords.verifyElementPresent(WebUiBuiltInKeywords.groovy:1461)
	at com.kms.katalon.core.webui.keyword.WebUiBuiltInKeywords$verifyElementPresent$9.call(Unknown Source)
	at TC_DETAILS_UI_034.run(TC_DETAILS_UI_034:22)
	at com.kms.katalon.core.main.ScriptEngine.run(ScriptEngine.java:194)
	at com.kms.katalon.core.main.ScriptEngine.runScriptAsRawText(ScriptEngine.java:119)
	at com.kms.katalon.core.main.TestCaseExecutor.runScript(TestCaseExecutor.java:339)
	at com.kms.katalon.core.main.TestCaseExecutor.doExecute(TestCaseExecutor.java:330)
	at com.kms.katalon.core.main.TestCaseExecutor.processExecutionPhase(TestCaseExecutor.java:309)
	at com.kms.katalon.core.main.TestCaseExecutor.accessMainPhase(TestCaseExecutor.java:301)
	at com.kms.katalon.core.main.TestCaseExecutor.execute(TestCaseExecutor.java:235)
	at com.kms.katalon.core.main.TestSuiteExecutor.accessTestCaseMainPhase(TestSuiteExecutor.java:191)
	at com.kms.katalon.core.main.TestSuiteExecutor.accessTestSuiteMainPhase(TestSuiteExecutor.java:141)
	at com.kms.katalon.core.main.TestSuiteExecutor.execute(TestSuiteExecutor.java:90)
	at com.kms.katalon.core.main.TestCaseMain.startTestSuite(TestCaseMain.java:157)
	at com.kms.katalon.core.main.TestCaseMain$startTestSuite$0.call(Unknown Source)
	at TempTestSuite1649239689066.run(TempTestSuite1649239689066.groovy:39)
Caused by: com.kms.katalon.core.exception.StepFailedException: com.kms.katalon.core.webui.exception.WebElementNotFoundException: Web element with id: 'Object Repository/Staging Objects/Page_diagnostics/span_Meter connectivity' located by '//*[(text() = 'Meter connectivity:' or . = 'Meter connectivity:')]' not found
	at com.kms.katalon.core.webui.keyword.internal.WebUIKeywordMain.stepFailed(WebUIKeywordMain.groovy:64)
	at com.kms.katalon.core.webui.keyword.builtin.VerifyElementPresentKeyword$_verifyElementPresent_closure1.doCall(VerifyElementPresentKeyword.groovy:85)
	at com.kms.katalon.core.webui.keyword.builtin.VerifyElementPresentKeyword$_verifyElementPresent_closure1.call(VerifyElementPresentKeyword.groovy)
	at com.kms.katalon.core.webui.keyword.internal.WebUIKeywordMain.runKeyword(WebUIKeywordMain.groovy:20)
	... 19 more]]></system-err>
      </testcase>
      <testcase name="Test Cases/Custom Item Details/TEST CASE/TC_DETAILS_UI_035" time="15.267" classname="Test Cases/Custom Item Details/TEST CASE/TC_DETAILS_UI_035" status="PASSED">
         <system-out><![CDATA[2022-04-06 18:24:52 - [TEST_CASE][PASSED] - Test Cases/Custom Item Details/TEST CASE/TC_DETAILS_UI_035: Test Cases/Custom Item Details/TEST CASE/TC_DETAILS_UI_035

2022-04-06 18:24:52 - [TEST_STEP][PASSED] - callTestCase(findTestCase("Custom Item Details/UTILITIES/OPEN_BROWSER"), [:], STOP_ON_FAILURE): Call Test Case 'Test Cases/Custom Item Details/UTILITIES/OPEN_BROWSER' successfully

2022-04-06 18:24:52 - [TEST_CASE][PASSED] - Test Cases/Custom Item Details/UTILITIES/OPEN_BROWSER: Test Cases/Custom Item Details/UTILITIES/OPEN_BROWSER

2022-04-06 18:24:52 - [TEST_STEP][PASSED] - openBrowser("https://diagnostics.staging.arcadier.io/"): Browser is opened with url: 'https://diagnostics.staging.arcadier.io/'

2022-04-06 18:24:52 - [MESSAGE][WARNING] - A browser is already opened. Closing browser and opening a new one

2022-04-06 18:24:53 - [MESSAGE][INFO] - Starting 'Chrome' driver

2022-04-06 18:24:53 - [MESSAGE][INFO] - Action delay is set to 0 milliseconds

2022-04-06 18:24:56 - [MESSAGE][PASSED] - Browser is opened with url: 'https://diagnostics.staging.arcadier.io/'

2022-04-06 18:24:56 - [TEST_STEP][PASSED] - maximizeWindow(): Current window maximized

2022-04-06 18:24:57 - [MESSAGE][PASSED] - Current window maximized

2022-04-06 18:24:57 - [TEST_STEP][PASSED] - click(findTestObject("Item Details Objects/Page_diagnostics/a_Accept Cookies")): Object: 'Object Repository/Item Details Objects/Page_diagnostics/a_Accept Cookies' is clicked on

2022-04-06 18:24:58 - [MESSAGE][PASSED] - Object: 'Object Repository/Item Details Objects/Page_diagnostics/a_Accept Cookies' is clicked on

2022-04-06 18:24:58 - [TEST_STEP][PASSED] - click(findTestObject("New_Homepage/Page_diagnostics/a_COVID-19 DIAGNOSTICS"), STOP_ON_FAILURE): Object: 'Object Repository/New_Homepage/Page_diagnostics/a_COVID-19 DIAGNOSTICS' is clicked on

2022-04-06 18:25:01 - [MESSAGE][PASSED] - Object: 'Object Repository/New_Homepage/Page_diagnostics/a_COVID-19 DIAGNOSTICS' is clicked on

2022-04-06 18:25:01 - [TEST_STEP][PASSED] - mouseOver(findTestObject("New_Homepage/Page_diagnostics/a_Abbott Rapid Diagnostics PANBIO COVID-19 Ag Rapid Test Device (Nasopharyngeal)")): Object: 'Object Repository/New_Homepage/Page_diagnostics/a_Abbott Rapid Diagnostics PANBIO COVID-19 Ag Rapid Test Device (Nasopharyngeal)' is hovered

2022-04-06 18:25:02 - [MESSAGE][PASSED] - Object: 'Object Repository/New_Homepage/Page_diagnostics/a_Abbott Rapid Diagnostics PANBIO COVID-19 Ag Rapid Test Device (Nasopharyngeal)' is hovered

2022-04-06 18:25:02 - [TEST_STEP][PASSED] - click(findTestObject("New_Homepage/Page_diagnostics/a_Abbott Rapid Diagnostics PANBIO COVID-19 Ag Rapid Test Device (Nasopharyngeal)")): Object: 'Object Repository/New_Homepage/Page_diagnostics/a_Abbott Rapid Diagnostics PANBIO COVID-19 Ag Rapid Test Device (Nasopharyngeal)' is clicked on

2022-04-06 18:25:05 - [MESSAGE][PASSED] - Object: 'Object Repository/New_Homepage/Page_diagnostics/a_Abbott Rapid Diagnostics PANBIO COVID-19 Ag Rapid Test Device (Nasopharyngeal)' is clicked on

2022-04-06 18:25:05 - [MESSAGE][PASSED] - Call Test Case 'Test Cases/Custom Item Details/UTILITIES/OPEN_BROWSER' successfully

2022-04-06 18:25:05 - [TEST_STEP][PASSED] - waitForElementVisible(findTestObject("Staging Objects/Page_diagnostics/span_Name of manufacturer"), 0): Object 'Object Repository/Staging Objects/Page_diagnostics/span_Name of manufacturer' is visible

2022-04-06 18:25:05 - [MESSAGE][WARNING] - Timeout '0' is invalid. Using default page load timeout: '30'

2022-04-06 18:25:06 - [MESSAGE][PASSED] - Object 'Object Repository/Staging Objects/Page_diagnostics/span_Name of manufacturer' is visible

2022-04-06 18:25:06 - [TEST_STEP][PASSED] - verifyElementPresent(findTestObject("Staging Objects/Page_diagnostics/span_Name of manufacturer"), 0): Object 'Object Repository/Staging Objects/Page_diagnostics/span_Name of manufacturer' is present

2022-04-06 18:25:06 - [MESSAGE][WARNING] - Timeout '0' is invalid. Using default page load timeout: '30'

2022-04-06 18:25:07 - [MESSAGE][PASSED] - Object 'Object Repository/Staging Objects/Page_diagnostics/span_Name of manufacturer' is present

2022-04-06 18:25:07 - [TEST_STEP][PASSED] - callTestCase(findTestCase("Custom Item Details/UTILITIES/CLOSE_BROWSER"), [:], STOP_ON_FAILURE): Call Test Case 'Test Cases/Custom Item Details/UTILITIES/CLOSE_BROWSER' successfully

2022-04-06 18:25:07 - [TEST_CASE][PASSED] - Test Cases/Custom Item Details/UTILITIES/CLOSE_BROWSER: Test Cases/Custom Item Details/UTILITIES/CLOSE_BROWSER

2022-04-06 18:25:07 - [TEST_STEP][PASSED] - closeBrowser(): Browser is closed

2022-04-06 18:25:07 - [MESSAGE][PASSED] - Browser is closed

2022-04-06 18:25:07 - [MESSAGE][PASSED] - Call Test Case 'Test Cases/Custom Item Details/UTILITIES/CLOSE_BROWSER' successfully]]></system-out>
         <system-err><![CDATA[]]></system-err>
      </testcase>
      <testcase name="Test Cases/Custom Item Details/TEST CASE/TC_DETAILS_UI_036" time="15.486" classname="Test Cases/Custom Item Details/TEST CASE/TC_DETAILS_UI_036" status="PASSED">
         <system-out><![CDATA[2022-04-06 18:25:07 - [TEST_CASE][PASSED] - Test Cases/Custom Item Details/TEST CASE/TC_DETAILS_UI_036: Test Cases/Custom Item Details/TEST CASE/TC_DETAILS_UI_036

2022-04-06 18:25:07 - [TEST_STEP][PASSED] - callTestCase(findTestCase("Custom Item Details/UTILITIES/OPEN_BROWSER"), [:], STOP_ON_FAILURE): Call Test Case 'Test Cases/Custom Item Details/UTILITIES/OPEN_BROWSER' successfully

2022-04-06 18:25:07 - [TEST_CASE][PASSED] - Test Cases/Custom Item Details/UTILITIES/OPEN_BROWSER: Test Cases/Custom Item Details/UTILITIES/OPEN_BROWSER

2022-04-06 18:25:07 - [TEST_STEP][PASSED] - openBrowser("https://diagnostics.staging.arcadier.io/"): Browser is opened with url: 'https://diagnostics.staging.arcadier.io/'

2022-04-06 18:25:07 - [MESSAGE][INFO] - Starting 'Chrome' driver

2022-04-06 18:25:07 - [MESSAGE][INFO] - Action delay is set to 0 milliseconds

2022-04-06 18:25:11 - [MESSAGE][PASSED] - Browser is opened with url: 'https://diagnostics.staging.arcadier.io/'

2022-04-06 18:25:11 - [TEST_STEP][PASSED] - maximizeWindow(): Current window maximized

2022-04-06 18:25:11 - [MESSAGE][PASSED] - Current window maximized

2022-04-06 18:25:11 - [TEST_STEP][PASSED] - click(findTestObject("Item Details Objects/Page_diagnostics/a_Accept Cookies")): Object: 'Object Repository/Item Details Objects/Page_diagnostics/a_Accept Cookies' is clicked on

2022-04-06 18:25:12 - [MESSAGE][PASSED] - Object: 'Object Repository/Item Details Objects/Page_diagnostics/a_Accept Cookies' is clicked on

2022-04-06 18:25:12 - [TEST_STEP][PASSED] - click(findTestObject("New_Homepage/Page_diagnostics/a_COVID-19 DIAGNOSTICS"), STOP_ON_FAILURE): Object: 'Object Repository/New_Homepage/Page_diagnostics/a_COVID-19 DIAGNOSTICS' is clicked on

2022-04-06 18:25:15 - [MESSAGE][PASSED] - Object: 'Object Repository/New_Homepage/Page_diagnostics/a_COVID-19 DIAGNOSTICS' is clicked on

2022-04-06 18:25:15 - [TEST_STEP][PASSED] - mouseOver(findTestObject("New_Homepage/Page_diagnostics/a_Abbott Rapid Diagnostics PANBIO COVID-19 Ag Rapid Test Device (Nasopharyngeal)")): Object: 'Object Repository/New_Homepage/Page_diagnostics/a_Abbott Rapid Diagnostics PANBIO COVID-19 Ag Rapid Test Device (Nasopharyngeal)' is hovered

2022-04-06 18:25:17 - [MESSAGE][PASSED] - Object: 'Object Repository/New_Homepage/Page_diagnostics/a_Abbott Rapid Diagnostics PANBIO COVID-19 Ag Rapid Test Device (Nasopharyngeal)' is hovered

2022-04-06 18:25:17 - [TEST_STEP][PASSED] - click(findTestObject("New_Homepage/Page_diagnostics/a_Abbott Rapid Diagnostics PANBIO COVID-19 Ag Rapid Test Device (Nasopharyngeal)")): Object: 'Object Repository/New_Homepage/Page_diagnostics/a_Abbott Rapid Diagnostics PANBIO COVID-19 Ag Rapid Test Device (Nasopharyngeal)' is clicked on

2022-04-06 18:25:20 - [MESSAGE][PASSED] - Object: 'Object Repository/New_Homepage/Page_diagnostics/a_Abbott Rapid Diagnostics PANBIO COVID-19 Ag Rapid Test Device (Nasopharyngeal)' is clicked on

2022-04-06 18:25:20 - [MESSAGE][PASSED] - Call Test Case 'Test Cases/Custom Item Details/UTILITIES/OPEN_BROWSER' successfully

2022-04-06 18:25:20 - [TEST_STEP][PASSED] - waitForElementVisible(findTestObject("Staging Objects/Page_diagnostics/span_Operating conditions"), 0): Object 'Object Repository/Staging Objects/Page_diagnostics/span_Operating conditions' is visible

2022-04-06 18:25:20 - [MESSAGE][WARNING] - Timeout '0' is invalid. Using default page load timeout: '30'

2022-04-06 18:25:22 - [MESSAGE][PASSED] - Object 'Object Repository/Staging Objects/Page_diagnostics/span_Operating conditions' is visible

2022-04-06 18:25:22 - [TEST_STEP][PASSED] - verifyElementPresent(findTestObject("Staging Objects/Page_diagnostics/span_Operating conditions"), 0): Object 'Object Repository/Staging Objects/Page_diagnostics/span_Operating conditions' is present

2022-04-06 18:25:22 - [MESSAGE][WARNING] - Timeout '0' is invalid. Using default page load timeout: '30'

2022-04-06 18:25:22 - [MESSAGE][PASSED] - Object 'Object Repository/Staging Objects/Page_diagnostics/span_Operating conditions' is present

2022-04-06 18:25:22 - [TEST_STEP][PASSED] - callTestCase(findTestCase("Custom Item Details/UTILITIES/CLOSE_BROWSER"), [:], STOP_ON_FAILURE): Call Test Case 'Test Cases/Custom Item Details/UTILITIES/CLOSE_BROWSER' successfully

2022-04-06 18:25:22 - [TEST_CASE][PASSED] - Test Cases/Custom Item Details/UTILITIES/CLOSE_BROWSER: Test Cases/Custom Item Details/UTILITIES/CLOSE_BROWSER

2022-04-06 18:25:22 - [TEST_STEP][PASSED] - closeBrowser(): Browser is closed

2022-04-06 18:25:23 - [MESSAGE][PASSED] - Browser is closed

2022-04-06 18:25:23 - [MESSAGE][PASSED] - Call Test Case 'Test Cases/Custom Item Details/UTILITIES/CLOSE_BROWSER' successfully]]></system-out>
         <system-err><![CDATA[]]></system-err>
      </testcase>
      <testcase name="Test Cases/Custom Item Details/TEST CASE/TC_DETAILS_UI_037" time="73.946" classname="Test Cases/Custom Item Details/TEST CASE/TC_DETAILS_UI_037" status="FAILED">
         <failure type="FAILED" message="Test Cases/Custom Item Details/TEST CASE/TC_DETAILS_UI_037 FAILED.
Reason:
com.kms.katalon.core.exception.StepFailedException: Unable to verify object 'Object Repository/Staging Objects/Page_diagnostics/span_Power' is present
	at com.kms.katalon.core.webui.keyword.internal.WebUIKeywordMain.stepFailed(WebUIKeywordMain.groovy:64)
	at com.kms.katalon.core.webui.keyword.internal.WebUIKeywordMain.runKeyword(WebUIKeywordMain.groovy:26)
	at com.kms.katalon.core.webui.keyword.builtin.VerifyElementPresentKeyword.verifyElementPresent(VerifyElementPresentKeyword.groovy:92)
	at com.kms.katalon.core.webui.keyword.builtin.VerifyElementPresentKeyword.execute(VerifyElementPresentKeyword.groovy:68)
	at com.kms.katalon.core.keyword.internal.KeywordExecutor.executeKeywordForPlatform(KeywordExecutor.groovy:73)
	at com.kms.katalon.core.webui.keyword.WebUiBuiltInKeywords.verifyElementPresent(WebUiBuiltInKeywords.groovy:1461)
	at com.kms.katalon.core.webui.keyword.WebUiBuiltInKeywords$verifyElementPresent$9.call(Unknown Source)
	at TC_DETAILS_UI_037.run(TC_DETAILS_UI_037:22)
	at com.kms.katalon.core.main.ScriptEngine.run(ScriptEngine.java:194)
	at com.kms.katalon.core.main.ScriptEngine.runScriptAsRawText(ScriptEngine.java:119)
	at com.kms.katalon.core.main.TestCaseExecutor.runScript(TestCaseExecutor.java:339)
	at com.kms.katalon.core.main.TestCaseExecutor.doExecute(TestCaseExecutor.java:330)
	at com.kms.katalon.core.main.TestCaseExecutor.processExecutionPhase(TestCaseExecutor.java:309)
	at com.kms.katalon.core.main.TestCaseExecutor.accessMainPhase(TestCaseExecutor.java:301)
	at com.kms.katalon.core.main.TestCaseExecutor.execute(TestCaseExecutor.java:235)
	at com.kms.katalon.core.main.TestSuiteExecutor.accessTestCaseMainPhase(TestSuiteExecutor.java:191)
	at com.kms.katalon.core.main.TestSuiteExecutor.accessTestSuiteMainPhase(TestSuiteExecutor.java:141)
	at com.kms.katalon.core.main.TestSuiteExecutor.execute(TestSuiteExecutor.java:90)
	at com.kms.katalon.core.main.TestCaseMain.startTestSuite(TestCaseMain.java:157)
	at com.kms.katalon.core.main.TestCaseMain$startTestSuite$0.call(Unknown Source)
	at TempTestSuite1649239689066.run(TempTestSuite1649239689066.groovy:39)
Caused by: com.kms.katalon.core.exception.StepFailedException: com.kms.katalon.core.webui.exception.WebElementNotFoundException: Web element with id: 'Object Repository/Staging Objects/Page_diagnostics/span_Power' located by '//*[(text() = 'Power:' or . = 'Power:')]' not found
	at com.kms.katalon.core.webui.keyword.internal.WebUIKeywordMain.stepFailed(WebUIKeywordMain.groovy:64)
	at com.kms.katalon.core.webui.keyword.builtin.VerifyElementPresentKeyword$_verifyElementPresent_closure1.doCall(VerifyElementPresentKeyword.groovy:85)
	at com.kms.katalon.core.webui.keyword.builtin.VerifyElementPresentKeyword$_verifyElementPresent_closure1.call(VerifyElementPresentKeyword.groovy)
	at com.kms.katalon.core.webui.keyword.internal.WebUIKeywordMain.runKeyword(WebUIKeywordMain.groovy:20)
	... 19 more
"/>
         <system-out><![CDATA[2022-04-06 18:25:23 - [TEST_CASE][FAILED] - Test Cases/Custom Item Details/TEST CASE/TC_DETAILS_UI_037: Test Cases/Custom Item Details/TEST CASE/TC_DETAILS_UI_037 FAILED.
Reason:
com.kms.katalon.core.exception.StepFailedException: Unable to verify object 'Object Repository/Staging Objects/Page_diagnostics/span_Power' is present
	at com.kms.katalon.core.webui.keyword.internal.WebUIKeywordMain.stepFailed(WebUIKeywordMain.groovy:64)
	at com.kms.katalon.core.webui.keyword.internal.WebUIKeywordMain.runKeyword(WebUIKeywordMain.groovy:26)
	at com.kms.katalon.core.webui.keyword.builtin.VerifyElementPresentKeyword.verifyElementPresent(VerifyElementPresentKeyword.groovy:92)
	at com.kms.katalon.core.webui.keyword.builtin.VerifyElementPresentKeyword.execute(VerifyElementPresentKeyword.groovy:68)
	at com.kms.katalon.core.keyword.internal.KeywordExecutor.executeKeywordForPlatform(KeywordExecutor.groovy:73)
	at com.kms.katalon.core.webui.keyword.WebUiBuiltInKeywords.verifyElementPresent(WebUiBuiltInKeywords.groovy:1461)
	at com.kms.katalon.core.webui.keyword.WebUiBuiltInKeywords$verifyElementPresent$9.call(Unknown Source)
	at TC_DETAILS_UI_037.run(TC_DETAILS_UI_037:22)
	at com.kms.katalon.core.main.ScriptEngine.run(ScriptEngine.java:194)
	at com.kms.katalon.core.main.ScriptEngine.runScriptAsRawText(ScriptEngine.java:119)
	at com.kms.katalon.core.main.TestCaseExecutor.runScript(TestCaseExecutor.java:339)
	at com.kms.katalon.core.main.TestCaseExecutor.doExecute(TestCaseExecutor.java:330)
	at com.kms.katalon.core.main.TestCaseExecutor.processExecutionPhase(TestCaseExecutor.java:309)
	at com.kms.katalon.core.main.TestCaseExecutor.accessMainPhase(TestCaseExecutor.java:301)
	at com.kms.katalon.core.main.TestCaseExecutor.execute(TestCaseExecutor.java:235)
	at com.kms.katalon.core.main.TestSuiteExecutor.accessTestCaseMainPhase(TestSuiteExecutor.java:191)
	at com.kms.katalon.core.main.TestSuiteExecutor.accessTestSuiteMainPhase(TestSuiteExecutor.java:141)
	at com.kms.katalon.core.main.TestSuiteExecutor.execute(TestSuiteExecutor.java:90)
	at com.kms.katalon.core.main.TestCaseMain.startTestSuite(TestCaseMain.java:157)
	at com.kms.katalon.core.main.TestCaseMain$startTestSuite$0.call(Unknown Source)
	at TempTestSuite1649239689066.run(TempTestSuite1649239689066.groovy:39)
Caused by: com.kms.katalon.core.exception.StepFailedException: com.kms.katalon.core.webui.exception.WebElementNotFoundException: Web element with id: 'Object Repository/Staging Objects/Page_diagnostics/span_Power' located by '//*[(text() = 'Power:' or . = 'Power:')]' not found
	at com.kms.katalon.core.webui.keyword.internal.WebUIKeywordMain.stepFailed(WebUIKeywordMain.groovy:64)
	at com.kms.katalon.core.webui.keyword.builtin.VerifyElementPresentKeyword$_verifyElementPresent_closure1.doCall(VerifyElementPresentKeyword.groovy:85)
	at com.kms.katalon.core.webui.keyword.builtin.VerifyElementPresentKeyword$_verifyElementPresent_closure1.call(VerifyElementPresentKeyword.groovy)
	at com.kms.katalon.core.webui.keyword.internal.WebUIKeywordMain.runKeyword(WebUIKeywordMain.groovy:20)
	... 19 more


2022-04-06 18:25:23 - [TEST_STEP][PASSED] - callTestCase(findTestCase("Custom Item Details/UTILITIES/OPEN_BROWSER"), [:], STOP_ON_FAILURE): Call Test Case 'Test Cases/Custom Item Details/UTILITIES/OPEN_BROWSER' successfully

2022-04-06 18:25:23 - [TEST_CASE][PASSED] - Test Cases/Custom Item Details/UTILITIES/OPEN_BROWSER: Test Cases/Custom Item Details/UTILITIES/OPEN_BROWSER

2022-04-06 18:25:23 - [TEST_STEP][PASSED] - openBrowser("https://diagnostics.staging.arcadier.io/"): Browser is opened with url: 'https://diagnostics.staging.arcadier.io/'

2022-04-06 18:25:23 - [MESSAGE][INFO] - Starting 'Chrome' driver

2022-04-06 18:25:23 - [MESSAGE][INFO] - Action delay is set to 0 milliseconds

2022-04-06 18:25:26 - [MESSAGE][PASSED] - Browser is opened with url: 'https://diagnostics.staging.arcadier.io/'

2022-04-06 18:25:26 - [TEST_STEP][PASSED] - maximizeWindow(): Current window maximized

2022-04-06 18:25:26 - [MESSAGE][PASSED] - Current window maximized

2022-04-06 18:25:26 - [TEST_STEP][PASSED] - click(findTestObject("Item Details Objects/Page_diagnostics/a_Accept Cookies")): Object: 'Object Repository/Item Details Objects/Page_diagnostics/a_Accept Cookies' is clicked on

2022-04-06 18:25:28 - [MESSAGE][PASSED] - Object: 'Object Repository/Item Details Objects/Page_diagnostics/a_Accept Cookies' is clicked on

2022-04-06 18:25:28 - [TEST_STEP][PASSED] - click(findTestObject("New_Homepage/Page_diagnostics/a_COVID-19 DIAGNOSTICS"), STOP_ON_FAILURE): Object: 'Object Repository/New_Homepage/Page_diagnostics/a_COVID-19 DIAGNOSTICS' is clicked on

2022-04-06 18:25:29 - [MESSAGE][PASSED] - Object: 'Object Repository/New_Homepage/Page_diagnostics/a_COVID-19 DIAGNOSTICS' is clicked on

2022-04-06 18:25:29 - [TEST_STEP][PASSED] - mouseOver(findTestObject("New_Homepage/Page_diagnostics/a_Abbott Rapid Diagnostics PANBIO COVID-19 Ag Rapid Test Device (Nasopharyngeal)")): Object: 'Object Repository/New_Homepage/Page_diagnostics/a_Abbott Rapid Diagnostics PANBIO COVID-19 Ag Rapid Test Device (Nasopharyngeal)' is hovered

2022-04-06 18:25:31 - [MESSAGE][PASSED] - Object: 'Object Repository/New_Homepage/Page_diagnostics/a_Abbott Rapid Diagnostics PANBIO COVID-19 Ag Rapid Test Device (Nasopharyngeal)' is hovered

2022-04-06 18:25:31 - [TEST_STEP][PASSED] - click(findTestObject("New_Homepage/Page_diagnostics/a_Abbott Rapid Diagnostics PANBIO COVID-19 Ag Rapid Test Device (Nasopharyngeal)")): Object: 'Object Repository/New_Homepage/Page_diagnostics/a_Abbott Rapid Diagnostics PANBIO COVID-19 Ag Rapid Test Device (Nasopharyngeal)' is clicked on

2022-04-06 18:25:34 - [MESSAGE][PASSED] - Object: 'Object Repository/New_Homepage/Page_diagnostics/a_Abbott Rapid Diagnostics PANBIO COVID-19 Ag Rapid Test Device (Nasopharyngeal)' is clicked on

2022-04-06 18:25:34 - [MESSAGE][PASSED] - Call Test Case 'Test Cases/Custom Item Details/UTILITIES/OPEN_BROWSER' successfully

2022-04-06 18:25:34 - [TEST_STEP][PASSED] - waitForElementVisible(findTestObject("Staging Objects/Page_diagnostics/span_Power"), 0): Web element with id: 'Object Repository/Staging Objects/Page_diagnostics/span_Power' located by '//*[(text() = 'Power:' or . = 'Power:')]' not found

2022-04-06 18:25:34 - [MESSAGE][WARNING] - Timeout '0' is invalid. Using default page load timeout: '30'

2022-04-06 18:26:05 - [MESSAGE][INFO] - Unable to find the element located by 'By.xpath: //*[(text() = 'Power:' or . = 'Power:')]'. Please recheck the objects properties to make sure the desired element is located. 

2022-04-06 18:26:05 - [MESSAGE][WARNING] - Web element with id: 'Object Repository/Staging Objects/Page_diagnostics/span_Power' located by '//*[(text() = 'Power:' or . = 'Power:')]' not found

2022-04-06 18:26:05 - [TEST_STEP][FAILED] - verifyElementPresent(findTestObject("Staging Objects/Page_diagnostics/span_Power"), 0): Unable to verify object 'Object Repository/Staging Objects/Page_diagnostics/span_Power' is present (Root cause: com.kms.katalon.core.exception.StepFailedException: Unable to verify object 'Object Repository/Staging Objects/Page_diagnostics/span_Power' is present
	at com.kms.katalon.core.webui.keyword.internal.WebUIKeywordMain.stepFailed(WebUIKeywordMain.groovy:64)
	at com.kms.katalon.core.webui.keyword.internal.WebUIKeywordMain.runKeyword(WebUIKeywordMain.groovy:26)
	at com.kms.katalon.core.webui.keyword.builtin.VerifyElementPresentKeyword.verifyElementPresent(VerifyElementPresentKeyword.groovy:92)
	at com.kms.katalon.core.webui.keyword.builtin.VerifyElementPresentKeyword.execute(VerifyElementPresentKeyword.groovy:68)
	at com.kms.katalon.core.keyword.internal.KeywordExecutor.executeKeywordForPlatform(KeywordExecutor.groovy:73)
	at com.kms.katalon.core.webui.keyword.WebUiBuiltInKeywords.verifyElementPresent(WebUiBuiltInKeywords.groovy:1461)
	at com.kms.katalon.core.webui.keyword.WebUiBuiltInKeywords$verifyElementPresent$9.call(Unknown Source)
	at TC_DETAILS_UI_037.run(TC_DETAILS_UI_037:22)
	at com.kms.katalon.core.main.ScriptEngine.run(ScriptEngine.java:194)
	at com.kms.katalon.core.main.ScriptEngine.runScriptAsRawText(ScriptEngine.java:119)
	at com.kms.katalon.core.main.TestCaseExecutor.runScript(TestCaseExecutor.java:339)
	at com.kms.katalon.core.main.TestCaseExecutor.doExecute(TestCaseExecutor.java:330)
	at com.kms.katalon.core.main.TestCaseExecutor.processExecutionPhase(TestCaseExecutor.java:309)
	at com.kms.katalon.core.main.TestCaseExecutor.accessMainPhase(TestCaseExecutor.java:301)
	at com.kms.katalon.core.main.TestCaseExecutor.execute(TestCaseExecutor.java:235)
	at com.kms.katalon.core.main.TestSuiteExecutor.accessTestCaseMainPhase(TestSuiteExecutor.java:191)
	at com.kms.katalon.core.main.TestSuiteExecutor.accessTestSuiteMainPhase(TestSuiteExecutor.java:141)
	at com.kms.katalon.core.main.TestSuiteExecutor.execute(TestSuiteExecutor.java:90)
	at com.kms.katalon.core.main.TestCaseMain.startTestSuite(TestCaseMain.java:157)
	at com.kms.katalon.core.main.TestCaseMain$startTestSuite$0.call(Unknown Source)
	at TempTestSuite1649239689066.run(TempTestSuite1649239689066.groovy:39)
Caused by: com.kms.katalon.core.exception.StepFailedException: com.kms.katalon.core.webui.exception.WebElementNotFoundException: Web element with id: 'Object Repository/Staging Objects/Page_diagnostics/span_Power' located by '//*[(text() = 'Power:' or . = 'Power:')]' not found
	at com.kms.katalon.core.webui.keyword.internal.WebUIKeywordMain.stepFailed(WebUIKeywordMain.groovy:64)
	at com.kms.katalon.core.webui.keyword.builtin.VerifyElementPresentKeyword$_verifyElementPresent_closure1.doCall(VerifyElementPresentKeyword.groovy:85)
	at com.kms.katalon.core.webui.keyword.builtin.VerifyElementPresentKeyword$_verifyElementPresent_closure1.call(VerifyElementPresentKeyword.groovy)
	at com.kms.katalon.core.webui.keyword.internal.WebUIKeywordMain.runKeyword(WebUIKeywordMain.groovy:20)
	... 19 more
)

2022-04-06 18:26:05 - [MESSAGE][WARNING] - Timeout '0' is invalid. Using default page load timeout: '30'

2022-04-06 18:26:36 - [MESSAGE][INFO] - Unable to find the element located by 'By.xpath: //*[(text() = 'Power:' or . = 'Power:')]'. Please recheck the objects properties to make sure the desired element is located. 

2022-04-06 18:26:37 - [MESSAGE][FAILED] - com.kms.katalon.core.webui.exception.WebElementNotFoundException: Web element with id: 'Object Repository/Staging Objects/Page_diagnostics/span_Power' located by '//*[(text() = 'Power:' or . = 'Power:')]' not found (Root cause: com.kms.katalon.core.exception.StepFailedException: com.kms.katalon.core.webui.exception.WebElementNotFoundException: Web element with id: 'Object Repository/Staging Objects/Page_diagnostics/span_Power' located by '//*[(text() = 'Power:' or . = 'Power:')]' not found
	at com.kms.katalon.core.webui.keyword.internal.WebUIKeywordMain.stepFailed(WebUIKeywordMain.groovy:64)
	at com.kms.katalon.core.webui.keyword.builtin.VerifyElementPresentKeyword$_verifyElementPresent_closure1.doCall(VerifyElementPresentKeyword.groovy:85)
	at com.kms.katalon.core.webui.keyword.builtin.VerifyElementPresentKeyword$_verifyElementPresent_closure1.call(VerifyElementPresentKeyword.groovy)
	at com.kms.katalon.core.webui.keyword.internal.WebUIKeywordMain.runKeyword(WebUIKeywordMain.groovy:20)
	at com.kms.katalon.core.webui.keyword.builtin.VerifyElementPresentKeyword.verifyElementPresent(VerifyElementPresentKeyword.groovy:92)
	at com.kms.katalon.core.webui.keyword.builtin.VerifyElementPresentKeyword.execute(VerifyElementPresentKeyword.groovy:68)
	at com.kms.katalon.core.keyword.internal.KeywordExecutor.executeKeywordForPlatform(KeywordExecutor.groovy:73)
	at com.kms.katalon.core.webui.keyword.WebUiBuiltInKeywords.verifyElementPresent(WebUiBuiltInKeywords.groovy:1461)
	at com.kms.katalon.core.webui.keyword.WebUiBuiltInKeywords$verifyElementPresent$9.call(Unknown Source)
	at TC_DETAILS_UI_037.run(TC_DETAILS_UI_037:22)
	at com.kms.katalon.core.main.ScriptEngine.run(ScriptEngine.java:194)
	at com.kms.katalon.core.main.ScriptEngine.runScriptAsRawText(ScriptEngine.java:119)
	at com.kms.katalon.core.main.TestCaseExecutor.runScript(TestCaseExecutor.java:339)
	at com.kms.katalon.core.main.TestCaseExecutor.doExecute(TestCaseExecutor.java:330)
	at com.kms.katalon.core.main.TestCaseExecutor.processExecutionPhase(TestCaseExecutor.java:309)
	at com.kms.katalon.core.main.TestCaseExecutor.accessMainPhase(TestCaseExecutor.java:301)
	at com.kms.katalon.core.main.TestCaseExecutor.execute(TestCaseExecutor.java:235)
	at com.kms.katalon.core.main.TestSuiteExecutor.accessTestCaseMainPhase(TestSuiteExecutor.java:191)
	at com.kms.katalon.core.main.TestSuiteExecutor.accessTestSuiteMainPhase(TestSuiteExecutor.java:141)
	at com.kms.katalon.core.main.TestSuiteExecutor.execute(TestSuiteExecutor.java:90)
	at com.kms.katalon.core.main.TestCaseMain.startTestSuite(TestCaseMain.java:157)
	at com.kms.katalon.core.main.TestCaseMain$startTestSuite$0.call(Unknown Source)
	at TempTestSuite1649239689066.run(TempTestSuite1649239689066.groovy:39)
)
[[ATTACHMENT|K:\\Work\\GitHub\\find-item-detail-test_v2\\Reports\\20220406_180809\\Item detail test\\20220406_180809\\1649240796852.png]]

2022-04-06 18:26:37 - [MESSAGE][FAILED] - Unable to verify object 'Object Repository/Staging Objects/Page_diagnostics/span_Power' is present (Root cause: com.kms.katalon.core.exception.StepFailedException: Unable to verify object 'Object Repository/Staging Objects/Page_diagnostics/span_Power' is present
	at com.kms.katalon.core.webui.keyword.internal.WebUIKeywordMain.stepFailed(WebUIKeywordMain.groovy:64)
	at com.kms.katalon.core.webui.keyword.internal.WebUIKeywordMain.runKeyword(WebUIKeywordMain.groovy:26)
	at com.kms.katalon.core.webui.keyword.builtin.VerifyElementPresentKeyword.verifyElementPresent(VerifyElementPresentKeyword.groovy:92)
	at com.kms.katalon.core.webui.keyword.builtin.VerifyElementPresentKeyword.execute(VerifyElementPresentKeyword.groovy:68)
	at com.kms.katalon.core.keyword.internal.KeywordExecutor.executeKeywordForPlatform(KeywordExecutor.groovy:73)
	at com.kms.katalon.core.webui.keyword.WebUiBuiltInKeywords.verifyElementPresent(WebUiBuiltInKeywords.groovy:1461)
	at com.kms.katalon.core.webui.keyword.WebUiBuiltInKeywords$verifyElementPresent$9.call(Unknown Source)
	at TC_DETAILS_UI_037.run(TC_DETAILS_UI_037:22)
	at com.kms.katalon.core.main.ScriptEngine.run(ScriptEngine.java:194)
	at com.kms.katalon.core.main.ScriptEngine.runScriptAsRawText(ScriptEngine.java:119)
	at com.kms.katalon.core.main.TestCaseExecutor.runScript(TestCaseExecutor.java:339)
	at com.kms.katalon.core.main.TestCaseExecutor.doExecute(TestCaseExecutor.java:330)
	at com.kms.katalon.core.main.TestCaseExecutor.processExecutionPhase(TestCaseExecutor.java:309)
	at com.kms.katalon.core.main.TestCaseExecutor.accessMainPhase(TestCaseExecutor.java:301)
	at com.kms.katalon.core.main.TestCaseExecutor.execute(TestCaseExecutor.java:235)
	at com.kms.katalon.core.main.TestSuiteExecutor.accessTestCaseMainPhase(TestSuiteExecutor.java:191)
	at com.kms.katalon.core.main.TestSuiteExecutor.accessTestSuiteMainPhase(TestSuiteExecutor.java:141)
	at com.kms.katalon.core.main.TestSuiteExecutor.execute(TestSuiteExecutor.java:90)
	at com.kms.katalon.core.main.TestCaseMain.startTestSuite(TestCaseMain.java:157)
	at com.kms.katalon.core.main.TestCaseMain$startTestSuite$0.call(Unknown Source)
	at TempTestSuite1649239689066.run(TempTestSuite1649239689066.groovy:39)
Caused by: com.kms.katalon.core.exception.StepFailedException: com.kms.katalon.core.webui.exception.WebElementNotFoundException: Web element with id: 'Object Repository/Staging Objects/Page_diagnostics/span_Power' located by '//*[(text() = 'Power:' or . = 'Power:')]' not found
	at com.kms.katalon.core.webui.keyword.internal.WebUIKeywordMain.stepFailed(WebUIKeywordMain.groovy:64)
	at com.kms.katalon.core.webui.keyword.builtin.VerifyElementPresentKeyword$_verifyElementPresent_closure1.doCall(VerifyElementPresentKeyword.groovy:85)
	at com.kms.katalon.core.webui.keyword.builtin.VerifyElementPresentKeyword$_verifyElementPresent_closure1.call(VerifyElementPresentKeyword.groovy)
	at com.kms.katalon.core.webui.keyword.internal.WebUIKeywordMain.runKeyword(WebUIKeywordMain.groovy:20)
	... 19 more
)
[[ATTACHMENT|K:\\Work\\GitHub\\find-item-detail-test_v2\\Reports\\20220406_180809\\Item detail test\\20220406_180809\\1649240797005.png]]]]></system-out>
         <system-err><![CDATA[2022-04-06 18:25:23 - [TEST_CASE][FAILED] - Test Cases/Custom Item Details/TEST CASE/TC_DETAILS_UI_037: Test Cases/Custom Item Details/TEST CASE/TC_DETAILS_UI_037 FAILED.
Reason:
com.kms.katalon.core.exception.StepFailedException: Unable to verify object 'Object Repository/Staging Objects/Page_diagnostics/span_Power' is present
	at com.kms.katalon.core.webui.keyword.internal.WebUIKeywordMain.stepFailed(WebUIKeywordMain.groovy:64)
	at com.kms.katalon.core.webui.keyword.internal.WebUIKeywordMain.runKeyword(WebUIKeywordMain.groovy:26)
	at com.kms.katalon.core.webui.keyword.builtin.VerifyElementPresentKeyword.verifyElementPresent(VerifyElementPresentKeyword.groovy:92)
	at com.kms.katalon.core.webui.keyword.builtin.VerifyElementPresentKeyword.execute(VerifyElementPresentKeyword.groovy:68)
	at com.kms.katalon.core.keyword.internal.KeywordExecutor.executeKeywordForPlatform(KeywordExecutor.groovy:73)
	at com.kms.katalon.core.webui.keyword.WebUiBuiltInKeywords.verifyElementPresent(WebUiBuiltInKeywords.groovy:1461)
	at com.kms.katalon.core.webui.keyword.WebUiBuiltInKeywords$verifyElementPresent$9.call(Unknown Source)
	at TC_DETAILS_UI_037.run(TC_DETAILS_UI_037:22)
	at com.kms.katalon.core.main.ScriptEngine.run(ScriptEngine.java:194)
	at com.kms.katalon.core.main.ScriptEngine.runScriptAsRawText(ScriptEngine.java:119)
	at com.kms.katalon.core.main.TestCaseExecutor.runScript(TestCaseExecutor.java:339)
	at com.kms.katalon.core.main.TestCaseExecutor.doExecute(TestCaseExecutor.java:330)
	at com.kms.katalon.core.main.TestCaseExecutor.processExecutionPhase(TestCaseExecutor.java:309)
	at com.kms.katalon.core.main.TestCaseExecutor.accessMainPhase(TestCaseExecutor.java:301)
	at com.kms.katalon.core.main.TestCaseExecutor.execute(TestCaseExecutor.java:235)
	at com.kms.katalon.core.main.TestSuiteExecutor.accessTestCaseMainPhase(TestSuiteExecutor.java:191)
	at com.kms.katalon.core.main.TestSuiteExecutor.accessTestSuiteMainPhase(TestSuiteExecutor.java:141)
	at com.kms.katalon.core.main.TestSuiteExecutor.execute(TestSuiteExecutor.java:90)
	at com.kms.katalon.core.main.TestCaseMain.startTestSuite(TestCaseMain.java:157)
	at com.kms.katalon.core.main.TestCaseMain$startTestSuite$0.call(Unknown Source)
	at TempTestSuite1649239689066.run(TempTestSuite1649239689066.groovy:39)
Caused by: com.kms.katalon.core.exception.StepFailedException: com.kms.katalon.core.webui.exception.WebElementNotFoundException: Web element with id: 'Object Repository/Staging Objects/Page_diagnostics/span_Power' located by '//*[(text() = 'Power:' or . = 'Power:')]' not found
	at com.kms.katalon.core.webui.keyword.internal.WebUIKeywordMain.stepFailed(WebUIKeywordMain.groovy:64)
	at com.kms.katalon.core.webui.keyword.builtin.VerifyElementPresentKeyword$_verifyElementPresent_closure1.doCall(VerifyElementPresentKeyword.groovy:85)
	at com.kms.katalon.core.webui.keyword.builtin.VerifyElementPresentKeyword$_verifyElementPresent_closure1.call(VerifyElementPresentKeyword.groovy)
	at com.kms.katalon.core.webui.keyword.internal.WebUIKeywordMain.runKeyword(WebUIKeywordMain.groovy:20)
	... 19 more]]></system-err>
      </testcase>
      <testcase name="Test Cases/Custom Item Details/TEST CASE/TC_DETAILS_UI_038" time="14.924" classname="Test Cases/Custom Item Details/TEST CASE/TC_DETAILS_UI_038" status="PASSED">
         <system-out><![CDATA[2022-04-06 18:26:37 - [TEST_CASE][PASSED] - Test Cases/Custom Item Details/TEST CASE/TC_DETAILS_UI_038: Test Cases/Custom Item Details/TEST CASE/TC_DETAILS_UI_038

2022-04-06 18:26:37 - [TEST_STEP][PASSED] - callTestCase(findTestCase("Custom Item Details/UTILITIES/OPEN_BROWSER"), [:], STOP_ON_FAILURE): Call Test Case 'Test Cases/Custom Item Details/UTILITIES/OPEN_BROWSER' successfully

2022-04-06 18:26:37 - [TEST_CASE][PASSED] - Test Cases/Custom Item Details/UTILITIES/OPEN_BROWSER: Test Cases/Custom Item Details/UTILITIES/OPEN_BROWSER

2022-04-06 18:26:37 - [TEST_STEP][PASSED] - openBrowser("https://diagnostics.staging.arcadier.io/"): Browser is opened with url: 'https://diagnostics.staging.arcadier.io/'

2022-04-06 18:26:37 - [MESSAGE][WARNING] - A browser is already opened. Closing browser and opening a new one

2022-04-06 18:26:38 - [MESSAGE][INFO] - Starting 'Chrome' driver

2022-04-06 18:26:38 - [MESSAGE][INFO] - Action delay is set to 0 milliseconds

2022-04-06 18:26:41 - [MESSAGE][PASSED] - Browser is opened with url: 'https://diagnostics.staging.arcadier.io/'

2022-04-06 18:26:41 - [TEST_STEP][PASSED] - maximizeWindow(): Current window maximized

2022-04-06 18:26:41 - [MESSAGE][PASSED] - Current window maximized

2022-04-06 18:26:41 - [TEST_STEP][PASSED] - click(findTestObject("Item Details Objects/Page_diagnostics/a_Accept Cookies")): Object: 'Object Repository/Item Details Objects/Page_diagnostics/a_Accept Cookies' is clicked on

2022-04-06 18:26:43 - [MESSAGE][PASSED] - Object: 'Object Repository/Item Details Objects/Page_diagnostics/a_Accept Cookies' is clicked on

2022-04-06 18:26:43 - [TEST_STEP][PASSED] - click(findTestObject("New_Homepage/Page_diagnostics/a_COVID-19 DIAGNOSTICS"), STOP_ON_FAILURE): Object: 'Object Repository/New_Homepage/Page_diagnostics/a_COVID-19 DIAGNOSTICS' is clicked on

2022-04-06 18:26:45 - [MESSAGE][PASSED] - Object: 'Object Repository/New_Homepage/Page_diagnostics/a_COVID-19 DIAGNOSTICS' is clicked on

2022-04-06 18:26:45 - [TEST_STEP][PASSED] - mouseOver(findTestObject("New_Homepage/Page_diagnostics/a_Abbott Rapid Diagnostics PANBIO COVID-19 Ag Rapid Test Device (Nasopharyngeal)")): Object: 'Object Repository/New_Homepage/Page_diagnostics/a_Abbott Rapid Diagnostics PANBIO COVID-19 Ag Rapid Test Device (Nasopharyngeal)' is hovered

2022-04-06 18:26:47 - [MESSAGE][PASSED] - Object: 'Object Repository/New_Homepage/Page_diagnostics/a_Abbott Rapid Diagnostics PANBIO COVID-19 Ag Rapid Test Device (Nasopharyngeal)' is hovered

2022-04-06 18:26:47 - [TEST_STEP][PASSED] - click(findTestObject("New_Homepage/Page_diagnostics/a_Abbott Rapid Diagnostics PANBIO COVID-19 Ag Rapid Test Device (Nasopharyngeal)")): Object: 'Object Repository/New_Homepage/Page_diagnostics/a_Abbott Rapid Diagnostics PANBIO COVID-19 Ag Rapid Test Device (Nasopharyngeal)' is clicked on

2022-04-06 18:26:49 - [MESSAGE][PASSED] - Object: 'Object Repository/New_Homepage/Page_diagnostics/a_Abbott Rapid Diagnostics PANBIO COVID-19 Ag Rapid Test Device (Nasopharyngeal)' is clicked on

2022-04-06 18:26:49 - [MESSAGE][PASSED] - Call Test Case 'Test Cases/Custom Item Details/UTILITIES/OPEN_BROWSER' successfully

2022-04-06 18:26:49 - [TEST_STEP][PASSED] - waitForElementVisible(findTestObject("Staging Objects/Page_diagnostics/span_Product reference"), 0): Object 'Object Repository/Staging Objects/Page_diagnostics/span_Product reference' is visible

2022-04-06 18:26:49 - [MESSAGE][WARNING] - Timeout '0' is invalid. Using default page load timeout: '30'

2022-04-06 18:26:51 - [MESSAGE][PASSED] - Object 'Object Repository/Staging Objects/Page_diagnostics/span_Product reference' is visible

2022-04-06 18:26:51 - [TEST_STEP][PASSED] - verifyElementPresent(findTestObject("Staging Objects/Page_diagnostics/span_Product reference"), 0): Object 'Object Repository/Staging Objects/Page_diagnostics/span_Product reference' is present

2022-04-06 18:26:51 - [MESSAGE][WARNING] - Timeout '0' is invalid. Using default page load timeout: '30'

2022-04-06 18:26:51 - [MESSAGE][PASSED] - Object 'Object Repository/Staging Objects/Page_diagnostics/span_Product reference' is present

2022-04-06 18:26:51 - [TEST_STEP][PASSED] - callTestCase(findTestCase("Custom Item Details/UTILITIES/CLOSE_BROWSER"), [:], STOP_ON_FAILURE): Call Test Case 'Test Cases/Custom Item Details/UTILITIES/CLOSE_BROWSER' successfully

2022-04-06 18:26:51 - [TEST_CASE][PASSED] - Test Cases/Custom Item Details/UTILITIES/CLOSE_BROWSER: Test Cases/Custom Item Details/UTILITIES/CLOSE_BROWSER

2022-04-06 18:26:51 - [TEST_STEP][PASSED] - closeBrowser(): Browser is closed

2022-04-06 18:26:52 - [MESSAGE][PASSED] - Browser is closed

2022-04-06 18:26:52 - [MESSAGE][PASSED] - Call Test Case 'Test Cases/Custom Item Details/UTILITIES/CLOSE_BROWSER' successfully]]></system-out>
         <system-err><![CDATA[]]></system-err>
      </testcase>
      <testcase name="Test Cases/Custom Item Details/TEST CASE/TC_DETAILS_UI_039" time="13.107" classname="Test Cases/Custom Item Details/TEST CASE/TC_DETAILS_UI_039" status="PASSED">
         <system-out><![CDATA[2022-04-06 18:26:52 - [TEST_CASE][PASSED] - Test Cases/Custom Item Details/TEST CASE/TC_DETAILS_UI_039: Test Cases/Custom Item Details/TEST CASE/TC_DETAILS_UI_039

2022-04-06 18:26:52 - [TEST_STEP][PASSED] - callTestCase(findTestCase("Custom Item Details/UTILITIES/OPEN_BROWSER"), [:], STOP_ON_FAILURE): Call Test Case 'Test Cases/Custom Item Details/UTILITIES/OPEN_BROWSER' successfully

2022-04-06 18:26:52 - [TEST_CASE][PASSED] - Test Cases/Custom Item Details/UTILITIES/OPEN_BROWSER: Test Cases/Custom Item Details/UTILITIES/OPEN_BROWSER

2022-04-06 18:26:52 - [TEST_STEP][PASSED] - openBrowser("https://diagnostics.staging.arcadier.io/"): Browser is opened with url: 'https://diagnostics.staging.arcadier.io/'

2022-04-06 18:26:52 - [MESSAGE][INFO] - Starting 'Chrome' driver

2022-04-06 18:26:52 - [MESSAGE][INFO] - Action delay is set to 0 milliseconds

2022-04-06 18:26:55 - [MESSAGE][PASSED] - Browser is opened with url: 'https://diagnostics.staging.arcadier.io/'

2022-04-06 18:26:55 - [TEST_STEP][PASSED] - maximizeWindow(): Current window maximized

2022-04-06 18:26:55 - [MESSAGE][PASSED] - Current window maximized

2022-04-06 18:26:55 - [TEST_STEP][PASSED] - click(findTestObject("Item Details Objects/Page_diagnostics/a_Accept Cookies")): Object: 'Object Repository/Item Details Objects/Page_diagnostics/a_Accept Cookies' is clicked on

2022-04-06 18:26:57 - [MESSAGE][PASSED] - Object: 'Object Repository/Item Details Objects/Page_diagnostics/a_Accept Cookies' is clicked on

2022-04-06 18:26:57 - [TEST_STEP][PASSED] - click(findTestObject("New_Homepage/Page_diagnostics/a_COVID-19 DIAGNOSTICS"), STOP_ON_FAILURE): Object: 'Object Repository/New_Homepage/Page_diagnostics/a_COVID-19 DIAGNOSTICS' is clicked on

2022-04-06 18:26:58 - [MESSAGE][PASSED] - Object: 'Object Repository/New_Homepage/Page_diagnostics/a_COVID-19 DIAGNOSTICS' is clicked on

2022-04-06 18:26:58 - [TEST_STEP][PASSED] - mouseOver(findTestObject("New_Homepage/Page_diagnostics/a_Abbott Rapid Diagnostics PANBIO COVID-19 Ag Rapid Test Device (Nasopharyngeal)")): Object: 'Object Repository/New_Homepage/Page_diagnostics/a_Abbott Rapid Diagnostics PANBIO COVID-19 Ag Rapid Test Device (Nasopharyngeal)' is hovered

2022-04-06 18:27:00 - [MESSAGE][PASSED] - Object: 'Object Repository/New_Homepage/Page_diagnostics/a_Abbott Rapid Diagnostics PANBIO COVID-19 Ag Rapid Test Device (Nasopharyngeal)' is hovered

2022-04-06 18:27:00 - [TEST_STEP][PASSED] - click(findTestObject("New_Homepage/Page_diagnostics/a_Abbott Rapid Diagnostics PANBIO COVID-19 Ag Rapid Test Device (Nasopharyngeal)")): Object: 'Object Repository/New_Homepage/Page_diagnostics/a_Abbott Rapid Diagnostics PANBIO COVID-19 Ag Rapid Test Device (Nasopharyngeal)' is clicked on

2022-04-06 18:27:02 - [MESSAGE][PASSED] - Object: 'Object Repository/New_Homepage/Page_diagnostics/a_Abbott Rapid Diagnostics PANBIO COVID-19 Ag Rapid Test Device (Nasopharyngeal)' is clicked on

2022-04-06 18:27:02 - [MESSAGE][PASSED] - Call Test Case 'Test Cases/Custom Item Details/UTILITIES/OPEN_BROWSER' successfully

2022-04-06 18:27:02 - [TEST_STEP][PASSED] - waitForElementVisible(findTestObject("Staging Objects/Page_diagnostics/span_Regulatory approval"), 0): Object 'Object Repository/Staging Objects/Page_diagnostics/span_Regulatory approval' is visible

2022-04-06 18:27:02 - [MESSAGE][WARNING] - Timeout '0' is invalid. Using default page load timeout: '30'

2022-04-06 18:27:04 - [MESSAGE][PASSED] - Object 'Object Repository/Staging Objects/Page_diagnostics/span_Regulatory approval' is visible

2022-04-06 18:27:04 - [TEST_STEP][PASSED] - verifyElementPresent(findTestObject("Staging Objects/Page_diagnostics/span_Regulatory approval"), 0): Object 'Object Repository/Staging Objects/Page_diagnostics/span_Regulatory approval' is present

2022-04-06 18:27:04 - [MESSAGE][WARNING] - Timeout '0' is invalid. Using default page load timeout: '30'

2022-04-06 18:27:04 - [MESSAGE][PASSED] - Object 'Object Repository/Staging Objects/Page_diagnostics/span_Regulatory approval' is present

2022-04-06 18:27:04 - [TEST_STEP][PASSED] - callTestCase(findTestCase("Custom Item Details/UTILITIES/CLOSE_BROWSER"), [:], STOP_ON_FAILURE): Call Test Case 'Test Cases/Custom Item Details/UTILITIES/CLOSE_BROWSER' successfully

2022-04-06 18:27:04 - [TEST_CASE][PASSED] - Test Cases/Custom Item Details/UTILITIES/CLOSE_BROWSER: Test Cases/Custom Item Details/UTILITIES/CLOSE_BROWSER

2022-04-06 18:27:04 - [TEST_STEP][PASSED] - closeBrowser(): Browser is closed

2022-04-06 18:27:05 - [MESSAGE][PASSED] - Browser is closed

2022-04-06 18:27:05 - [MESSAGE][PASSED] - Call Test Case 'Test Cases/Custom Item Details/UTILITIES/CLOSE_BROWSER' successfully]]></system-out>
         <system-err><![CDATA[]]></system-err>
      </testcase>
      <testcase name="Test Cases/Custom Item Details/TEST CASE/TC_DETAILS_UI_040" time="43.831" classname="Test Cases/Custom Item Details/TEST CASE/TC_DETAILS_UI_040" status="PASSED">
         <system-out><![CDATA[2022-04-06 18:27:05 - [TEST_CASE][PASSED] - Test Cases/Custom Item Details/TEST CASE/TC_DETAILS_UI_040: Test Cases/Custom Item Details/TEST CASE/TC_DETAILS_UI_040

2022-04-06 18:27:05 - [TEST_STEP][PASSED] - callTestCase(findTestCase("Custom Item Details/UTILITIES/OPEN_BROWSER"), [:], STOP_ON_FAILURE): Call Test Case 'Test Cases/Custom Item Details/UTILITIES/OPEN_BROWSER' successfully

2022-04-06 18:27:05 - [TEST_CASE][PASSED] - Test Cases/Custom Item Details/UTILITIES/OPEN_BROWSER: Test Cases/Custom Item Details/UTILITIES/OPEN_BROWSER

2022-04-06 18:27:05 - [TEST_STEP][PASSED] - openBrowser("https://diagnostics.staging.arcadier.io/"): Browser is opened with url: 'https://diagnostics.staging.arcadier.io/'

2022-04-06 18:27:05 - [MESSAGE][INFO] - Starting 'Chrome' driver

2022-04-06 18:27:05 - [MESSAGE][INFO] - Action delay is set to 0 milliseconds

2022-04-06 18:27:09 - [MESSAGE][PASSED] - Browser is opened with url: 'https://diagnostics.staging.arcadier.io/'

2022-04-06 18:27:09 - [TEST_STEP][PASSED] - maximizeWindow(): Current window maximized

2022-04-06 18:27:09 - [MESSAGE][PASSED] - Current window maximized

2022-04-06 18:27:09 - [TEST_STEP][PASSED] - click(findTestObject("Item Details Objects/Page_diagnostics/a_Accept Cookies")): Object: 'Object Repository/Item Details Objects/Page_diagnostics/a_Accept Cookies' is clicked on

2022-04-06 18:27:10 - [MESSAGE][PASSED] - Object: 'Object Repository/Item Details Objects/Page_diagnostics/a_Accept Cookies' is clicked on

2022-04-06 18:27:10 - [TEST_STEP][PASSED] - click(findTestObject("New_Homepage/Page_diagnostics/a_COVID-19 DIAGNOSTICS"), STOP_ON_FAILURE): Object: 'Object Repository/New_Homepage/Page_diagnostics/a_COVID-19 DIAGNOSTICS' is clicked on

2022-04-06 18:27:12 - [MESSAGE][PASSED] - Object: 'Object Repository/New_Homepage/Page_diagnostics/a_COVID-19 DIAGNOSTICS' is clicked on

2022-04-06 18:27:12 - [TEST_STEP][PASSED] - mouseOver(findTestObject("New_Homepage/Page_diagnostics/a_Abbott Rapid Diagnostics PANBIO COVID-19 Ag Rapid Test Device (Nasopharyngeal)")): Object: 'Object Repository/New_Homepage/Page_diagnostics/a_Abbott Rapid Diagnostics PANBIO COVID-19 Ag Rapid Test Device (Nasopharyngeal)' is hovered

2022-04-06 18:27:13 - [MESSAGE][PASSED] - Object: 'Object Repository/New_Homepage/Page_diagnostics/a_Abbott Rapid Diagnostics PANBIO COVID-19 Ag Rapid Test Device (Nasopharyngeal)' is hovered

2022-04-06 18:27:13 - [TEST_STEP][PASSED] - click(findTestObject("New_Homepage/Page_diagnostics/a_Abbott Rapid Diagnostics PANBIO COVID-19 Ag Rapid Test Device (Nasopharyngeal)")): Object: 'Object Repository/New_Homepage/Page_diagnostics/a_Abbott Rapid Diagnostics PANBIO COVID-19 Ag Rapid Test Device (Nasopharyngeal)' is clicked on

2022-04-06 18:27:16 - [MESSAGE][PASSED] - Object: 'Object Repository/New_Homepage/Page_diagnostics/a_Abbott Rapid Diagnostics PANBIO COVID-19 Ag Rapid Test Device (Nasopharyngeal)' is clicked on

2022-04-06 18:27:16 - [MESSAGE][PASSED] - Call Test Case 'Test Cases/Custom Item Details/UTILITIES/OPEN_BROWSER' successfully

2022-04-06 18:27:16 - [TEST_STEP][PASSED] - waitForElementVisible(findTestObject("Staging Objects/Page_diagnostics/span_Sample type"), 0): Object 'Object Repository/Staging Objects/Page_diagnostics/span_Sample type' is not visible after 30 second(s)

2022-04-06 18:27:16 - [MESSAGE][WARNING] - Timeout '0' is invalid. Using default page load timeout: '30'

2022-04-06 18:27:47 - [MESSAGE][WARNING] - Object 'Object Repository/Staging Objects/Page_diagnostics/span_Sample type' is not visible after 30 second(s)

2022-04-06 18:27:47 - [TEST_STEP][PASSED] - verifyElementPresent(findTestObject("Staging Objects/Page_diagnostics/span_Sample type"), 0): Object 'Object Repository/Staging Objects/Page_diagnostics/span_Sample type' is present

2022-04-06 18:27:48 - [MESSAGE][WARNING] - Timeout '0' is invalid. Using default page load timeout: '30'

2022-04-06 18:27:48 - [MESSAGE][PASSED] - Object 'Object Repository/Staging Objects/Page_diagnostics/span_Sample type' is present

2022-04-06 18:27:48 - [TEST_STEP][PASSED] - callTestCase(findTestCase("Custom Item Details/UTILITIES/CLOSE_BROWSER"), [:], STOP_ON_FAILURE): Call Test Case 'Test Cases/Custom Item Details/UTILITIES/CLOSE_BROWSER' successfully

2022-04-06 18:27:48 - [TEST_CASE][PASSED] - Test Cases/Custom Item Details/UTILITIES/CLOSE_BROWSER: Test Cases/Custom Item Details/UTILITIES/CLOSE_BROWSER

2022-04-06 18:27:48 - [TEST_STEP][PASSED] - closeBrowser(): Browser is closed

2022-04-06 18:27:49 - [MESSAGE][PASSED] - Browser is closed

2022-04-06 18:27:49 - [MESSAGE][PASSED] - Call Test Case 'Test Cases/Custom Item Details/UTILITIES/CLOSE_BROWSER' successfully]]></system-out>
         <system-err><![CDATA[]]></system-err>
      </testcase>
      <testcase name="Test Cases/Custom Item Details/TEST CASE/TC_DETAILS_UI_041" time="14.178" classname="Test Cases/Custom Item Details/TEST CASE/TC_DETAILS_UI_041" status="PASSED">
         <system-out><![CDATA[2022-04-06 18:27:49 - [TEST_CASE][PASSED] - Test Cases/Custom Item Details/TEST CASE/TC_DETAILS_UI_041: Test Cases/Custom Item Details/TEST CASE/TC_DETAILS_UI_041

2022-04-06 18:27:49 - [TEST_STEP][PASSED] - callTestCase(findTestCase("Custom Item Details/UTILITIES/OPEN_BROWSER"), [:], STOP_ON_FAILURE): Call Test Case 'Test Cases/Custom Item Details/UTILITIES/OPEN_BROWSER' successfully

2022-04-06 18:27:49 - [TEST_CASE][PASSED] - Test Cases/Custom Item Details/UTILITIES/OPEN_BROWSER: Test Cases/Custom Item Details/UTILITIES/OPEN_BROWSER

2022-04-06 18:27:49 - [TEST_STEP][PASSED] - openBrowser("https://diagnostics.staging.arcadier.io/"): Browser is opened with url: 'https://diagnostics.staging.arcadier.io/'

2022-04-06 18:27:49 - [MESSAGE][INFO] - Starting 'Chrome' driver

2022-04-06 18:27:49 - [MESSAGE][INFO] - Action delay is set to 0 milliseconds

2022-04-06 18:27:52 - [MESSAGE][PASSED] - Browser is opened with url: 'https://diagnostics.staging.arcadier.io/'

2022-04-06 18:27:52 - [TEST_STEP][PASSED] - maximizeWindow(): Current window maximized

2022-04-06 18:27:52 - [MESSAGE][PASSED] - Current window maximized

2022-04-06 18:27:52 - [TEST_STEP][PASSED] - click(findTestObject("Item Details Objects/Page_diagnostics/a_Accept Cookies")): Object: 'Object Repository/Item Details Objects/Page_diagnostics/a_Accept Cookies' is clicked on

2022-04-06 18:27:54 - [MESSAGE][PASSED] - Object: 'Object Repository/Item Details Objects/Page_diagnostics/a_Accept Cookies' is clicked on

2022-04-06 18:27:54 - [TEST_STEP][PASSED] - click(findTestObject("New_Homepage/Page_diagnostics/a_COVID-19 DIAGNOSTICS"), STOP_ON_FAILURE): Object: 'Object Repository/New_Homepage/Page_diagnostics/a_COVID-19 DIAGNOSTICS' is clicked on

2022-04-06 18:27:56 - [MESSAGE][PASSED] - Object: 'Object Repository/New_Homepage/Page_diagnostics/a_COVID-19 DIAGNOSTICS' is clicked on

2022-04-06 18:27:56 - [TEST_STEP][PASSED] - mouseOver(findTestObject("New_Homepage/Page_diagnostics/a_Abbott Rapid Diagnostics PANBIO COVID-19 Ag Rapid Test Device (Nasopharyngeal)")): Object: 'Object Repository/New_Homepage/Page_diagnostics/a_Abbott Rapid Diagnostics PANBIO COVID-19 Ag Rapid Test Device (Nasopharyngeal)' is hovered

2022-04-06 18:27:57 - [MESSAGE][PASSED] - Object: 'Object Repository/New_Homepage/Page_diagnostics/a_Abbott Rapid Diagnostics PANBIO COVID-19 Ag Rapid Test Device (Nasopharyngeal)' is hovered

2022-04-06 18:27:57 - [TEST_STEP][PASSED] - click(findTestObject("New_Homepage/Page_diagnostics/a_Abbott Rapid Diagnostics PANBIO COVID-19 Ag Rapid Test Device (Nasopharyngeal)")): Object: 'Object Repository/New_Homepage/Page_diagnostics/a_Abbott Rapid Diagnostics PANBIO COVID-19 Ag Rapid Test Device (Nasopharyngeal)' is clicked on

2022-04-06 18:28:00 - [MESSAGE][PASSED] - Object: 'Object Repository/New_Homepage/Page_diagnostics/a_Abbott Rapid Diagnostics PANBIO COVID-19 Ag Rapid Test Device (Nasopharyngeal)' is clicked on

2022-04-06 18:28:00 - [MESSAGE][PASSED] - Call Test Case 'Test Cases/Custom Item Details/UTILITIES/OPEN_BROWSER' successfully

2022-04-06 18:28:00 - [TEST_STEP][PASSED] - waitForElementVisible(findTestObject("Staging Objects/Page_diagnostics/span_Storage conditions"), 0): Object 'Object Repository/Staging Objects/Page_diagnostics/span_Storage conditions' is visible

2022-04-06 18:28:00 - [MESSAGE][WARNING] - Timeout '0' is invalid. Using default page load timeout: '30'

2022-04-06 18:28:02 - [MESSAGE][PASSED] - Object 'Object Repository/Staging Objects/Page_diagnostics/span_Storage conditions' is visible

2022-04-06 18:28:02 - [TEST_STEP][PASSED] - verifyElementPresent(findTestObject("Staging Objects/Page_diagnostics/span_Storage conditions"), 0): Object 'Object Repository/Staging Objects/Page_diagnostics/span_Storage conditions' is present

2022-04-06 18:28:02 - [MESSAGE][WARNING] - Timeout '0' is invalid. Using default page load timeout: '30'

2022-04-06 18:28:02 - [MESSAGE][PASSED] - Object 'Object Repository/Staging Objects/Page_diagnostics/span_Storage conditions' is present

2022-04-06 18:28:02 - [TEST_STEP][PASSED] - callTestCase(findTestCase("Custom Item Details/UTILITIES/CLOSE_BROWSER"), [:], STOP_ON_FAILURE): Call Test Case 'Test Cases/Custom Item Details/UTILITIES/CLOSE_BROWSER' successfully

2022-04-06 18:28:02 - [TEST_CASE][PASSED] - Test Cases/Custom Item Details/UTILITIES/CLOSE_BROWSER: Test Cases/Custom Item Details/UTILITIES/CLOSE_BROWSER

2022-04-06 18:28:02 - [TEST_STEP][PASSED] - closeBrowser(): Browser is closed

2022-04-06 18:28:03 - [MESSAGE][PASSED] - Browser is closed

2022-04-06 18:28:03 - [MESSAGE][PASSED] - Call Test Case 'Test Cases/Custom Item Details/UTILITIES/CLOSE_BROWSER' successfully]]></system-out>
         <system-err><![CDATA[]]></system-err>
      </testcase>
      <testcase name="Test Cases/Custom Item Details/TEST CASE/TC_DETAILS_UI_042" time="15.747" classname="Test Cases/Custom Item Details/TEST CASE/TC_DETAILS_UI_042" status="PASSED">
         <system-out><![CDATA[2022-04-06 18:28:03 - [TEST_CASE][PASSED] - Test Cases/Custom Item Details/TEST CASE/TC_DETAILS_UI_042: Test Cases/Custom Item Details/TEST CASE/TC_DETAILS_UI_042

2022-04-06 18:28:03 - [TEST_STEP][PASSED] - callTestCase(findTestCase("Custom Item Details/UTILITIES/OPEN_BROWSER"), [:], STOP_ON_FAILURE): Call Test Case 'Test Cases/Custom Item Details/UTILITIES/OPEN_BROWSER' successfully

2022-04-06 18:28:03 - [TEST_CASE][PASSED] - Test Cases/Custom Item Details/UTILITIES/OPEN_BROWSER: Test Cases/Custom Item Details/UTILITIES/OPEN_BROWSER

2022-04-06 18:28:03 - [TEST_STEP][PASSED] - openBrowser("https://diagnostics.staging.arcadier.io/"): Browser is opened with url: 'https://diagnostics.staging.arcadier.io/'

2022-04-06 18:28:03 - [MESSAGE][INFO] - Starting 'Chrome' driver

2022-04-06 18:28:03 - [MESSAGE][INFO] - Action delay is set to 0 milliseconds

2022-04-06 18:28:06 - [MESSAGE][PASSED] - Browser is opened with url: 'https://diagnostics.staging.arcadier.io/'

2022-04-06 18:28:06 - [TEST_STEP][PASSED] - maximizeWindow(): Current window maximized

2022-04-06 18:28:06 - [MESSAGE][PASSED] - Current window maximized

2022-04-06 18:28:06 - [TEST_STEP][PASSED] - click(findTestObject("Item Details Objects/Page_diagnostics/a_Accept Cookies")): Object: 'Object Repository/Item Details Objects/Page_diagnostics/a_Accept Cookies' is clicked on

2022-04-06 18:28:08 - [MESSAGE][PASSED] - Object: 'Object Repository/Item Details Objects/Page_diagnostics/a_Accept Cookies' is clicked on

2022-04-06 18:28:08 - [TEST_STEP][PASSED] - click(findTestObject("New_Homepage/Page_diagnostics/a_COVID-19 DIAGNOSTICS"), STOP_ON_FAILURE): Object: 'Object Repository/New_Homepage/Page_diagnostics/a_COVID-19 DIAGNOSTICS' is clicked on

2022-04-06 18:28:11 - [MESSAGE][PASSED] - Object: 'Object Repository/New_Homepage/Page_diagnostics/a_COVID-19 DIAGNOSTICS' is clicked on

2022-04-06 18:28:11 - [TEST_STEP][PASSED] - mouseOver(findTestObject("New_Homepage/Page_diagnostics/a_Abbott Rapid Diagnostics PANBIO COVID-19 Ag Rapid Test Device (Nasopharyngeal)")): Object: 'Object Repository/New_Homepage/Page_diagnostics/a_Abbott Rapid Diagnostics PANBIO COVID-19 Ag Rapid Test Device (Nasopharyngeal)' is hovered

2022-04-06 18:28:13 - [MESSAGE][PASSED] - Object: 'Object Repository/New_Homepage/Page_diagnostics/a_Abbott Rapid Diagnostics PANBIO COVID-19 Ag Rapid Test Device (Nasopharyngeal)' is hovered

2022-04-06 18:28:13 - [TEST_STEP][PASSED] - click(findTestObject("New_Homepage/Page_diagnostics/a_Abbott Rapid Diagnostics PANBIO COVID-19 Ag Rapid Test Device (Nasopharyngeal)")): Object: 'Object Repository/New_Homepage/Page_diagnostics/a_Abbott Rapid Diagnostics PANBIO COVID-19 Ag Rapid Test Device (Nasopharyngeal)' is clicked on

2022-04-06 18:28:16 - [MESSAGE][PASSED] - Object: 'Object Repository/New_Homepage/Page_diagnostics/a_Abbott Rapid Diagnostics PANBIO COVID-19 Ag Rapid Test Device (Nasopharyngeal)' is clicked on

2022-04-06 18:28:16 - [MESSAGE][PASSED] - Call Test Case 'Test Cases/Custom Item Details/UTILITIES/OPEN_BROWSER' successfully

2022-04-06 18:28:16 - [TEST_STEP][PASSED] - waitForElementVisible(findTestObject("Staging Objects/Page_diagnostics/span_Technology principle"), 0): Object 'Object Repository/Staging Objects/Page_diagnostics/span_Technology principle' is visible

2022-04-06 18:28:16 - [MESSAGE][WARNING] - Timeout '0' is invalid. Using default page load timeout: '30'

2022-04-06 18:28:17 - [MESSAGE][PASSED] - Object 'Object Repository/Staging Objects/Page_diagnostics/span_Technology principle' is visible

2022-04-06 18:28:17 - [TEST_STEP][PASSED] - verifyElementPresent(findTestObject("Staging Objects/Page_diagnostics/span_Technology principle"), 0): Object 'Object Repository/Staging Objects/Page_diagnostics/span_Technology principle' is present

2022-04-06 18:28:17 - [MESSAGE][WARNING] - Timeout '0' is invalid. Using default page load timeout: '30'

2022-04-06 18:28:18 - [MESSAGE][PASSED] - Object 'Object Repository/Staging Objects/Page_diagnostics/span_Technology principle' is present

2022-04-06 18:28:18 - [TEST_STEP][PASSED] - callTestCase(findTestCase("Custom Item Details/UTILITIES/CLOSE_BROWSER"), [:], STOP_ON_FAILURE): Call Test Case 'Test Cases/Custom Item Details/UTILITIES/CLOSE_BROWSER' successfully

2022-04-06 18:28:18 - [TEST_CASE][PASSED] - Test Cases/Custom Item Details/UTILITIES/CLOSE_BROWSER: Test Cases/Custom Item Details/UTILITIES/CLOSE_BROWSER

2022-04-06 18:28:18 - [TEST_STEP][PASSED] - closeBrowser(): Browser is closed

2022-04-06 18:28:18 - [MESSAGE][PASSED] - Browser is closed

2022-04-06 18:28:18 - [MESSAGE][PASSED] - Call Test Case 'Test Cases/Custom Item Details/UTILITIES/CLOSE_BROWSER' successfully]]></system-out>
         <system-err><![CDATA[]]></system-err>
      </testcase>
      <testcase name="Test Cases/Custom Item Details/TEST CASE/TC_DETAILS_UI_043" time="75.046" classname="Test Cases/Custom Item Details/TEST CASE/TC_DETAILS_UI_043" status="FAILED">
         <failure type="FAILED" message="Test Cases/Custom Item Details/TEST CASE/TC_DETAILS_UI_043 FAILED.
Reason:
com.kms.katalon.core.exception.StepFailedException: Unable to verify object 'Object Repository/Staging Objects/Page_diagnostics/span_Test strip ejector' is present
	at com.kms.katalon.core.webui.keyword.internal.WebUIKeywordMain.stepFailed(WebUIKeywordMain.groovy:64)
	at com.kms.katalon.core.webui.keyword.internal.WebUIKeywordMain.runKeyword(WebUIKeywordMain.groovy:26)
	at com.kms.katalon.core.webui.keyword.builtin.VerifyElementPresentKeyword.verifyElementPresent(VerifyElementPresentKeyword.groovy:92)
	at com.kms.katalon.core.webui.keyword.builtin.VerifyElementPresentKeyword.execute(VerifyElementPresentKeyword.groovy:68)
	at com.kms.katalon.core.keyword.internal.KeywordExecutor.executeKeywordForPlatform(KeywordExecutor.groovy:73)
	at com.kms.katalon.core.webui.keyword.WebUiBuiltInKeywords.verifyElementPresent(WebUiBuiltInKeywords.groovy:1461)
	at com.kms.katalon.core.webui.keyword.WebUiBuiltInKeywords$verifyElementPresent$9.call(Unknown Source)
	at TC_DETAILS_UI_043.run(TC_DETAILS_UI_043:22)
	at com.kms.katalon.core.main.ScriptEngine.run(ScriptEngine.java:194)
	at com.kms.katalon.core.main.ScriptEngine.runScriptAsRawText(ScriptEngine.java:119)
	at com.kms.katalon.core.main.TestCaseExecutor.runScript(TestCaseExecutor.java:339)
	at com.kms.katalon.core.main.TestCaseExecutor.doExecute(TestCaseExecutor.java:330)
	at com.kms.katalon.core.main.TestCaseExecutor.processExecutionPhase(TestCaseExecutor.java:309)
	at com.kms.katalon.core.main.TestCaseExecutor.accessMainPhase(TestCaseExecutor.java:301)
	at com.kms.katalon.core.main.TestCaseExecutor.execute(TestCaseExecutor.java:235)
	at com.kms.katalon.core.main.TestSuiteExecutor.accessTestCaseMainPhase(TestSuiteExecutor.java:191)
	at com.kms.katalon.core.main.TestSuiteExecutor.accessTestSuiteMainPhase(TestSuiteExecutor.java:141)
	at com.kms.katalon.core.main.TestSuiteExecutor.execute(TestSuiteExecutor.java:90)
	at com.kms.katalon.core.main.TestCaseMain.startTestSuite(TestCaseMain.java:157)
	at com.kms.katalon.core.main.TestCaseMain$startTestSuite$0.call(Unknown Source)
	at TempTestSuite1649239689066.run(TempTestSuite1649239689066.groovy:39)
Caused by: com.kms.katalon.core.exception.StepFailedException: com.kms.katalon.core.webui.exception.WebElementNotFoundException: Web element with id: 'Object Repository/Staging Objects/Page_diagnostics/span_Test strip ejector' located by '//*[(text() = 'Test strip ejector:' or . = 'Test strip ejector:')]' not found
	at com.kms.katalon.core.webui.keyword.internal.WebUIKeywordMain.stepFailed(WebUIKeywordMain.groovy:64)
	at com.kms.katalon.core.webui.keyword.builtin.VerifyElementPresentKeyword$_verifyElementPresent_closure1.doCall(VerifyElementPresentKeyword.groovy:85)
	at com.kms.katalon.core.webui.keyword.builtin.VerifyElementPresentKeyword$_verifyElementPresent_closure1.call(VerifyElementPresentKeyword.groovy)
	at com.kms.katalon.core.webui.keyword.internal.WebUIKeywordMain.runKeyword(WebUIKeywordMain.groovy:20)
	... 19 more
"/>
         <system-out><![CDATA[2022-04-06 18:28:18 - [TEST_CASE][FAILED] - Test Cases/Custom Item Details/TEST CASE/TC_DETAILS_UI_043: Test Cases/Custom Item Details/TEST CASE/TC_DETAILS_UI_043 FAILED.
Reason:
com.kms.katalon.core.exception.StepFailedException: Unable to verify object 'Object Repository/Staging Objects/Page_diagnostics/span_Test strip ejector' is present
	at com.kms.katalon.core.webui.keyword.internal.WebUIKeywordMain.stepFailed(WebUIKeywordMain.groovy:64)
	at com.kms.katalon.core.webui.keyword.internal.WebUIKeywordMain.runKeyword(WebUIKeywordMain.groovy:26)
	at com.kms.katalon.core.webui.keyword.builtin.VerifyElementPresentKeyword.verifyElementPresent(VerifyElementPresentKeyword.groovy:92)
	at com.kms.katalon.core.webui.keyword.builtin.VerifyElementPresentKeyword.execute(VerifyElementPresentKeyword.groovy:68)
	at com.kms.katalon.core.keyword.internal.KeywordExecutor.executeKeywordForPlatform(KeywordExecutor.groovy:73)
	at com.kms.katalon.core.webui.keyword.WebUiBuiltInKeywords.verifyElementPresent(WebUiBuiltInKeywords.groovy:1461)
	at com.kms.katalon.core.webui.keyword.WebUiBuiltInKeywords$verifyElementPresent$9.call(Unknown Source)
	at TC_DETAILS_UI_043.run(TC_DETAILS_UI_043:22)
	at com.kms.katalon.core.main.ScriptEngine.run(ScriptEngine.java:194)
	at com.kms.katalon.core.main.ScriptEngine.runScriptAsRawText(ScriptEngine.java:119)
	at com.kms.katalon.core.main.TestCaseExecutor.runScript(TestCaseExecutor.java:339)
	at com.kms.katalon.core.main.TestCaseExecutor.doExecute(TestCaseExecutor.java:330)
	at com.kms.katalon.core.main.TestCaseExecutor.processExecutionPhase(TestCaseExecutor.java:309)
	at com.kms.katalon.core.main.TestCaseExecutor.accessMainPhase(TestCaseExecutor.java:301)
	at com.kms.katalon.core.main.TestCaseExecutor.execute(TestCaseExecutor.java:235)
	at com.kms.katalon.core.main.TestSuiteExecutor.accessTestCaseMainPhase(TestSuiteExecutor.java:191)
	at com.kms.katalon.core.main.TestSuiteExecutor.accessTestSuiteMainPhase(TestSuiteExecutor.java:141)
	at com.kms.katalon.core.main.TestSuiteExecutor.execute(TestSuiteExecutor.java:90)
	at com.kms.katalon.core.main.TestCaseMain.startTestSuite(TestCaseMain.java:157)
	at com.kms.katalon.core.main.TestCaseMain$startTestSuite$0.call(Unknown Source)
	at TempTestSuite1649239689066.run(TempTestSuite1649239689066.groovy:39)
Caused by: com.kms.katalon.core.exception.StepFailedException: com.kms.katalon.core.webui.exception.WebElementNotFoundException: Web element with id: 'Object Repository/Staging Objects/Page_diagnostics/span_Test strip ejector' located by '//*[(text() = 'Test strip ejector:' or . = 'Test strip ejector:')]' not found
	at com.kms.katalon.core.webui.keyword.internal.WebUIKeywordMain.stepFailed(WebUIKeywordMain.groovy:64)
	at com.kms.katalon.core.webui.keyword.builtin.VerifyElementPresentKeyword$_verifyElementPresent_closure1.doCall(VerifyElementPresentKeyword.groovy:85)
	at com.kms.katalon.core.webui.keyword.builtin.VerifyElementPresentKeyword$_verifyElementPresent_closure1.call(VerifyElementPresentKeyword.groovy)
	at com.kms.katalon.core.webui.keyword.internal.WebUIKeywordMain.runKeyword(WebUIKeywordMain.groovy:20)
	... 19 more


2022-04-06 18:28:19 - [TEST_STEP][PASSED] - callTestCase(findTestCase("Custom Item Details/UTILITIES/OPEN_BROWSER"), [:], STOP_ON_FAILURE): Call Test Case 'Test Cases/Custom Item Details/UTILITIES/OPEN_BROWSER' successfully

2022-04-06 18:28:19 - [TEST_CASE][PASSED] - Test Cases/Custom Item Details/UTILITIES/OPEN_BROWSER: Test Cases/Custom Item Details/UTILITIES/OPEN_BROWSER

2022-04-06 18:28:19 - [TEST_STEP][PASSED] - openBrowser("https://diagnostics.staging.arcadier.io/"): Browser is opened with url: 'https://diagnostics.staging.arcadier.io/'

2022-04-06 18:28:19 - [MESSAGE][INFO] - Starting 'Chrome' driver

2022-04-06 18:28:19 - [MESSAGE][INFO] - Action delay is set to 0 milliseconds

2022-04-06 18:28:22 - [MESSAGE][PASSED] - Browser is opened with url: 'https://diagnostics.staging.arcadier.io/'

2022-04-06 18:28:22 - [TEST_STEP][PASSED] - maximizeWindow(): Current window maximized

2022-04-06 18:28:22 - [MESSAGE][PASSED] - Current window maximized

2022-04-06 18:28:22 - [TEST_STEP][PASSED] - click(findTestObject("Item Details Objects/Page_diagnostics/a_Accept Cookies")): Object: 'Object Repository/Item Details Objects/Page_diagnostics/a_Accept Cookies' is clicked on

2022-04-06 18:28:24 - [MESSAGE][PASSED] - Object: 'Object Repository/Item Details Objects/Page_diagnostics/a_Accept Cookies' is clicked on

2022-04-06 18:28:24 - [TEST_STEP][PASSED] - click(findTestObject("New_Homepage/Page_diagnostics/a_COVID-19 DIAGNOSTICS"), STOP_ON_FAILURE): Object: 'Object Repository/New_Homepage/Page_diagnostics/a_COVID-19 DIAGNOSTICS' is clicked on

2022-04-06 18:28:26 - [MESSAGE][PASSED] - Object: 'Object Repository/New_Homepage/Page_diagnostics/a_COVID-19 DIAGNOSTICS' is clicked on

2022-04-06 18:28:26 - [TEST_STEP][PASSED] - mouseOver(findTestObject("New_Homepage/Page_diagnostics/a_Abbott Rapid Diagnostics PANBIO COVID-19 Ag Rapid Test Device (Nasopharyngeal)")): Object: 'Object Repository/New_Homepage/Page_diagnostics/a_Abbott Rapid Diagnostics PANBIO COVID-19 Ag Rapid Test Device (Nasopharyngeal)' is hovered

2022-04-06 18:28:28 - [MESSAGE][PASSED] - Object: 'Object Repository/New_Homepage/Page_diagnostics/a_Abbott Rapid Diagnostics PANBIO COVID-19 Ag Rapid Test Device (Nasopharyngeal)' is hovered

2022-04-06 18:28:28 - [TEST_STEP][PASSED] - click(findTestObject("New_Homepage/Page_diagnostics/a_Abbott Rapid Diagnostics PANBIO COVID-19 Ag Rapid Test Device (Nasopharyngeal)")): Object: 'Object Repository/New_Homepage/Page_diagnostics/a_Abbott Rapid Diagnostics PANBIO COVID-19 Ag Rapid Test Device (Nasopharyngeal)' is clicked on

2022-04-06 18:28:31 - [MESSAGE][PASSED] - Object: 'Object Repository/New_Homepage/Page_diagnostics/a_Abbott Rapid Diagnostics PANBIO COVID-19 Ag Rapid Test Device (Nasopharyngeal)' is clicked on

2022-04-06 18:28:31 - [MESSAGE][PASSED] - Call Test Case 'Test Cases/Custom Item Details/UTILITIES/OPEN_BROWSER' successfully

2022-04-06 18:28:31 - [TEST_STEP][PASSED] - waitForElementVisible(findTestObject("Staging Objects/Page_diagnostics/span_Test strip ejector"), 0): Web element with id: 'Object Repository/Staging Objects/Page_diagnostics/span_Test strip ejector' located by '//*[(text() = 'Test strip ejector:' or . = 'Test strip ejector:')]' not found

2022-04-06 18:28:31 - [MESSAGE][WARNING] - Timeout '0' is invalid. Using default page load timeout: '30'

2022-04-06 18:29:02 - [MESSAGE][INFO] - Unable to find the element located by 'By.xpath: //*[(text() = 'Test strip ejector:' or . = 'Test strip ejector:')]'. Please recheck the objects properties to make sure the desired element is located. 

2022-04-06 18:29:02 - [MESSAGE][WARNING] - Web element with id: 'Object Repository/Staging Objects/Page_diagnostics/span_Test strip ejector' located by '//*[(text() = 'Test strip ejector:' or . = 'Test strip ejector:')]' not found

2022-04-06 18:29:02 - [TEST_STEP][FAILED] - verifyElementPresent(findTestObject("Staging Objects/Page_diagnostics/span_Test strip ejector"), 0): Unable to verify object 'Object Repository/Staging Objects/Page_diagnostics/span_Test strip ejector' is present (Root cause: com.kms.katalon.core.exception.StepFailedException: Unable to verify object 'Object Repository/Staging Objects/Page_diagnostics/span_Test strip ejector' is present
	at com.kms.katalon.core.webui.keyword.internal.WebUIKeywordMain.stepFailed(WebUIKeywordMain.groovy:64)
	at com.kms.katalon.core.webui.keyword.internal.WebUIKeywordMain.runKeyword(WebUIKeywordMain.groovy:26)
	at com.kms.katalon.core.webui.keyword.builtin.VerifyElementPresentKeyword.verifyElementPresent(VerifyElementPresentKeyword.groovy:92)
	at com.kms.katalon.core.webui.keyword.builtin.VerifyElementPresentKeyword.execute(VerifyElementPresentKeyword.groovy:68)
	at com.kms.katalon.core.keyword.internal.KeywordExecutor.executeKeywordForPlatform(KeywordExecutor.groovy:73)
	at com.kms.katalon.core.webui.keyword.WebUiBuiltInKeywords.verifyElementPresent(WebUiBuiltInKeywords.groovy:1461)
	at com.kms.katalon.core.webui.keyword.WebUiBuiltInKeywords$verifyElementPresent$9.call(Unknown Source)
	at TC_DETAILS_UI_043.run(TC_DETAILS_UI_043:22)
	at com.kms.katalon.core.main.ScriptEngine.run(ScriptEngine.java:194)
	at com.kms.katalon.core.main.ScriptEngine.runScriptAsRawText(ScriptEngine.java:119)
	at com.kms.katalon.core.main.TestCaseExecutor.runScript(TestCaseExecutor.java:339)
	at com.kms.katalon.core.main.TestCaseExecutor.doExecute(TestCaseExecutor.java:330)
	at com.kms.katalon.core.main.TestCaseExecutor.processExecutionPhase(TestCaseExecutor.java:309)
	at com.kms.katalon.core.main.TestCaseExecutor.accessMainPhase(TestCaseExecutor.java:301)
	at com.kms.katalon.core.main.TestCaseExecutor.execute(TestCaseExecutor.java:235)
	at com.kms.katalon.core.main.TestSuiteExecutor.accessTestCaseMainPhase(TestSuiteExecutor.java:191)
	at com.kms.katalon.core.main.TestSuiteExecutor.accessTestSuiteMainPhase(TestSuiteExecutor.java:141)
	at com.kms.katalon.core.main.TestSuiteExecutor.execute(TestSuiteExecutor.java:90)
	at com.kms.katalon.core.main.TestCaseMain.startTestSuite(TestCaseMain.java:157)
	at com.kms.katalon.core.main.TestCaseMain$startTestSuite$0.call(Unknown Source)
	at TempTestSuite1649239689066.run(TempTestSuite1649239689066.groovy:39)
Caused by: com.kms.katalon.core.exception.StepFailedException: com.kms.katalon.core.webui.exception.WebElementNotFoundException: Web element with id: 'Object Repository/Staging Objects/Page_diagnostics/span_Test strip ejector' located by '//*[(text() = 'Test strip ejector:' or . = 'Test strip ejector:')]' not found
	at com.kms.katalon.core.webui.keyword.internal.WebUIKeywordMain.stepFailed(WebUIKeywordMain.groovy:64)
	at com.kms.katalon.core.webui.keyword.builtin.VerifyElementPresentKeyword$_verifyElementPresent_closure1.doCall(VerifyElementPresentKeyword.groovy:85)
	at com.kms.katalon.core.webui.keyword.builtin.VerifyElementPresentKeyword$_verifyElementPresent_closure1.call(VerifyElementPresentKeyword.groovy)
	at com.kms.katalon.core.webui.keyword.internal.WebUIKeywordMain.runKeyword(WebUIKeywordMain.groovy:20)
	... 19 more
)

2022-04-06 18:29:02 - [MESSAGE][WARNING] - Timeout '0' is invalid. Using default page load timeout: '30'

2022-04-06 18:29:33 - [MESSAGE][INFO] - Unable to find the element located by 'By.xpath: //*[(text() = 'Test strip ejector:' or . = 'Test strip ejector:')]'. Please recheck the objects properties to make sure the desired element is located. 

2022-04-06 18:29:33 - [MESSAGE][FAILED] - com.kms.katalon.core.webui.exception.WebElementNotFoundException: Web element with id: 'Object Repository/Staging Objects/Page_diagnostics/span_Test strip ejector' located by '//*[(text() = 'Test strip ejector:' or . = 'Test strip ejector:')]' not found (Root cause: com.kms.katalon.core.exception.StepFailedException: com.kms.katalon.core.webui.exception.WebElementNotFoundException: Web element with id: 'Object Repository/Staging Objects/Page_diagnostics/span_Test strip ejector' located by '//*[(text() = 'Test strip ejector:' or . = 'Test strip ejector:')]' not found
	at com.kms.katalon.core.webui.keyword.internal.WebUIKeywordMain.stepFailed(WebUIKeywordMain.groovy:64)
	at com.kms.katalon.core.webui.keyword.builtin.VerifyElementPresentKeyword$_verifyElementPresent_closure1.doCall(VerifyElementPresentKeyword.groovy:85)
	at com.kms.katalon.core.webui.keyword.builtin.VerifyElementPresentKeyword$_verifyElementPresent_closure1.call(VerifyElementPresentKeyword.groovy)
	at com.kms.katalon.core.webui.keyword.internal.WebUIKeywordMain.runKeyword(WebUIKeywordMain.groovy:20)
	at com.kms.katalon.core.webui.keyword.builtin.VerifyElementPresentKeyword.verifyElementPresent(VerifyElementPresentKeyword.groovy:92)
	at com.kms.katalon.core.webui.keyword.builtin.VerifyElementPresentKeyword.execute(VerifyElementPresentKeyword.groovy:68)
	at com.kms.katalon.core.keyword.internal.KeywordExecutor.executeKeywordForPlatform(KeywordExecutor.groovy:73)
	at com.kms.katalon.core.webui.keyword.WebUiBuiltInKeywords.verifyElementPresent(WebUiBuiltInKeywords.groovy:1461)
	at com.kms.katalon.core.webui.keyword.WebUiBuiltInKeywords$verifyElementPresent$9.call(Unknown Source)
	at TC_DETAILS_UI_043.run(TC_DETAILS_UI_043:22)
	at com.kms.katalon.core.main.ScriptEngine.run(ScriptEngine.java:194)
	at com.kms.katalon.core.main.ScriptEngine.runScriptAsRawText(ScriptEngine.java:119)
	at com.kms.katalon.core.main.TestCaseExecutor.runScript(TestCaseExecutor.java:339)
	at com.kms.katalon.core.main.TestCaseExecutor.doExecute(TestCaseExecutor.java:330)
	at com.kms.katalon.core.main.TestCaseExecutor.processExecutionPhase(TestCaseExecutor.java:309)
	at com.kms.katalon.core.main.TestCaseExecutor.accessMainPhase(TestCaseExecutor.java:301)
	at com.kms.katalon.core.main.TestCaseExecutor.execute(TestCaseExecutor.java:235)
	at com.kms.katalon.core.main.TestSuiteExecutor.accessTestCaseMainPhase(TestSuiteExecutor.java:191)
	at com.kms.katalon.core.main.TestSuiteExecutor.accessTestSuiteMainPhase(TestSuiteExecutor.java:141)
	at com.kms.katalon.core.main.TestSuiteExecutor.execute(TestSuiteExecutor.java:90)
	at com.kms.katalon.core.main.TestCaseMain.startTestSuite(TestCaseMain.java:157)
	at com.kms.katalon.core.main.TestCaseMain$startTestSuite$0.call(Unknown Source)
	at TempTestSuite1649239689066.run(TempTestSuite1649239689066.groovy:39)
)
[[ATTACHMENT|K:\\Work\\GitHub\\find-item-detail-test_v2\\Reports\\20220406_180809\\Item detail test\\20220406_180809\\1649240973695.png]]

2022-04-06 18:29:34 - [MESSAGE][FAILED] - Unable to verify object 'Object Repository/Staging Objects/Page_diagnostics/span_Test strip ejector' is present (Root cause: com.kms.katalon.core.exception.StepFailedException: Unable to verify object 'Object Repository/Staging Objects/Page_diagnostics/span_Test strip ejector' is present
	at com.kms.katalon.core.webui.keyword.internal.WebUIKeywordMain.stepFailed(WebUIKeywordMain.groovy:64)
	at com.kms.katalon.core.webui.keyword.internal.WebUIKeywordMain.runKeyword(WebUIKeywordMain.groovy:26)
	at com.kms.katalon.core.webui.keyword.builtin.VerifyElementPresentKeyword.verifyElementPresent(VerifyElementPresentKeyword.groovy:92)
	at com.kms.katalon.core.webui.keyword.builtin.VerifyElementPresentKeyword.execute(VerifyElementPresentKeyword.groovy:68)
	at com.kms.katalon.core.keyword.internal.KeywordExecutor.executeKeywordForPlatform(KeywordExecutor.groovy:73)
	at com.kms.katalon.core.webui.keyword.WebUiBuiltInKeywords.verifyElementPresent(WebUiBuiltInKeywords.groovy:1461)
	at com.kms.katalon.core.webui.keyword.WebUiBuiltInKeywords$verifyElementPresent$9.call(Unknown Source)
	at TC_DETAILS_UI_043.run(TC_DETAILS_UI_043:22)
	at com.kms.katalon.core.main.ScriptEngine.run(ScriptEngine.java:194)
	at com.kms.katalon.core.main.ScriptEngine.runScriptAsRawText(ScriptEngine.java:119)
	at com.kms.katalon.core.main.TestCaseExecutor.runScript(TestCaseExecutor.java:339)
	at com.kms.katalon.core.main.TestCaseExecutor.doExecute(TestCaseExecutor.java:330)
	at com.kms.katalon.core.main.TestCaseExecutor.processExecutionPhase(TestCaseExecutor.java:309)
	at com.kms.katalon.core.main.TestCaseExecutor.accessMainPhase(TestCaseExecutor.java:301)
	at com.kms.katalon.core.main.TestCaseExecutor.execute(TestCaseExecutor.java:235)
	at com.kms.katalon.core.main.TestSuiteExecutor.accessTestCaseMainPhase(TestSuiteExecutor.java:191)
	at com.kms.katalon.core.main.TestSuiteExecutor.accessTestSuiteMainPhase(TestSuiteExecutor.java:141)
	at com.kms.katalon.core.main.TestSuiteExecutor.execute(TestSuiteExecutor.java:90)
	at com.kms.katalon.core.main.TestCaseMain.startTestSuite(TestCaseMain.java:157)
	at com.kms.katalon.core.main.TestCaseMain$startTestSuite$0.call(Unknown Source)
	at TempTestSuite1649239689066.run(TempTestSuite1649239689066.groovy:39)
Caused by: com.kms.katalon.core.exception.StepFailedException: com.kms.katalon.core.webui.exception.WebElementNotFoundException: Web element with id: 'Object Repository/Staging Objects/Page_diagnostics/span_Test strip ejector' located by '//*[(text() = 'Test strip ejector:' or . = 'Test strip ejector:')]' not found
	at com.kms.katalon.core.webui.keyword.internal.WebUIKeywordMain.stepFailed(WebUIKeywordMain.groovy:64)
	at com.kms.katalon.core.webui.keyword.builtin.VerifyElementPresentKeyword$_verifyElementPresent_closure1.doCall(VerifyElementPresentKeyword.groovy:85)
	at com.kms.katalon.core.webui.keyword.builtin.VerifyElementPresentKeyword$_verifyElementPresent_closure1.call(VerifyElementPresentKeyword.groovy)
	at com.kms.katalon.core.webui.keyword.internal.WebUIKeywordMain.runKeyword(WebUIKeywordMain.groovy:20)
	... 19 more
)
[[ATTACHMENT|K:\\Work\\GitHub\\find-item-detail-test_v2\\Reports\\20220406_180809\\Item detail test\\20220406_180809\\1649240973847.png]]]]></system-out>
         <system-err><![CDATA[2022-04-06 18:28:18 - [TEST_CASE][FAILED] - Test Cases/Custom Item Details/TEST CASE/TC_DETAILS_UI_043: Test Cases/Custom Item Details/TEST CASE/TC_DETAILS_UI_043 FAILED.
Reason:
com.kms.katalon.core.exception.StepFailedException: Unable to verify object 'Object Repository/Staging Objects/Page_diagnostics/span_Test strip ejector' is present
	at com.kms.katalon.core.webui.keyword.internal.WebUIKeywordMain.stepFailed(WebUIKeywordMain.groovy:64)
	at com.kms.katalon.core.webui.keyword.internal.WebUIKeywordMain.runKeyword(WebUIKeywordMain.groovy:26)
	at com.kms.katalon.core.webui.keyword.builtin.VerifyElementPresentKeyword.verifyElementPresent(VerifyElementPresentKeyword.groovy:92)
	at com.kms.katalon.core.webui.keyword.builtin.VerifyElementPresentKeyword.execute(VerifyElementPresentKeyword.groovy:68)
	at com.kms.katalon.core.keyword.internal.KeywordExecutor.executeKeywordForPlatform(KeywordExecutor.groovy:73)
	at com.kms.katalon.core.webui.keyword.WebUiBuiltInKeywords.verifyElementPresent(WebUiBuiltInKeywords.groovy:1461)
	at com.kms.katalon.core.webui.keyword.WebUiBuiltInKeywords$verifyElementPresent$9.call(Unknown Source)
	at TC_DETAILS_UI_043.run(TC_DETAILS_UI_043:22)
	at com.kms.katalon.core.main.ScriptEngine.run(ScriptEngine.java:194)
	at com.kms.katalon.core.main.ScriptEngine.runScriptAsRawText(ScriptEngine.java:119)
	at com.kms.katalon.core.main.TestCaseExecutor.runScript(TestCaseExecutor.java:339)
	at com.kms.katalon.core.main.TestCaseExecutor.doExecute(TestCaseExecutor.java:330)
	at com.kms.katalon.core.main.TestCaseExecutor.processExecutionPhase(TestCaseExecutor.java:309)
	at com.kms.katalon.core.main.TestCaseExecutor.accessMainPhase(TestCaseExecutor.java:301)
	at com.kms.katalon.core.main.TestCaseExecutor.execute(TestCaseExecutor.java:235)
	at com.kms.katalon.core.main.TestSuiteExecutor.accessTestCaseMainPhase(TestSuiteExecutor.java:191)
	at com.kms.katalon.core.main.TestSuiteExecutor.accessTestSuiteMainPhase(TestSuiteExecutor.java:141)
	at com.kms.katalon.core.main.TestSuiteExecutor.execute(TestSuiteExecutor.java:90)
	at com.kms.katalon.core.main.TestCaseMain.startTestSuite(TestCaseMain.java:157)
	at com.kms.katalon.core.main.TestCaseMain$startTestSuite$0.call(Unknown Source)
	at TempTestSuite1649239689066.run(TempTestSuite1649239689066.groovy:39)
Caused by: com.kms.katalon.core.exception.StepFailedException: com.kms.katalon.core.webui.exception.WebElementNotFoundException: Web element with id: 'Object Repository/Staging Objects/Page_diagnostics/span_Test strip ejector' located by '//*[(text() = 'Test strip ejector:' or . = 'Test strip ejector:')]' not found
	at com.kms.katalon.core.webui.keyword.internal.WebUIKeywordMain.stepFailed(WebUIKeywordMain.groovy:64)
	at com.kms.katalon.core.webui.keyword.builtin.VerifyElementPresentKeyword$_verifyElementPresent_closure1.doCall(VerifyElementPresentKeyword.groovy:85)
	at com.kms.katalon.core.webui.keyword.builtin.VerifyElementPresentKeyword$_verifyElementPresent_closure1.call(VerifyElementPresentKeyword.groovy)
	at com.kms.katalon.core.webui.keyword.internal.WebUIKeywordMain.runKeyword(WebUIKeywordMain.groovy:20)
	... 19 more]]></system-err>
      </testcase>
      <testcase name="Test Cases/Custom Item Details/TEST CASE/TC_DETAILS_UI_044" time="16.448" classname="Test Cases/Custom Item Details/TEST CASE/TC_DETAILS_UI_044" status="PASSED">
         <system-out><![CDATA[2022-04-06 18:29:34 - [TEST_CASE][PASSED] - Test Cases/Custom Item Details/TEST CASE/TC_DETAILS_UI_044: Test Cases/Custom Item Details/TEST CASE/TC_DETAILS_UI_044

2022-04-06 18:29:34 - [TEST_STEP][PASSED] - callTestCase(findTestCase("Custom Item Details/UTILITIES/OPEN_BROWSER"), [:], STOP_ON_FAILURE): Call Test Case 'Test Cases/Custom Item Details/UTILITIES/OPEN_BROWSER' successfully

2022-04-06 18:29:34 - [TEST_CASE][PASSED] - Test Cases/Custom Item Details/UTILITIES/OPEN_BROWSER: Test Cases/Custom Item Details/UTILITIES/OPEN_BROWSER

2022-04-06 18:29:34 - [TEST_STEP][PASSED] - openBrowser("https://diagnostics.staging.arcadier.io/"): Browser is opened with url: 'https://diagnostics.staging.arcadier.io/'

2022-04-06 18:29:34 - [MESSAGE][WARNING] - A browser is already opened. Closing browser and opening a new one

2022-04-06 18:29:34 - [MESSAGE][INFO] - Starting 'Chrome' driver

2022-04-06 18:29:34 - [MESSAGE][INFO] - Action delay is set to 0 milliseconds

2022-04-06 18:29:38 - [MESSAGE][PASSED] - Browser is opened with url: 'https://diagnostics.staging.arcadier.io/'

2022-04-06 18:29:38 - [TEST_STEP][PASSED] - maximizeWindow(): Current window maximized

2022-04-06 18:29:39 - [MESSAGE][PASSED] - Current window maximized

2022-04-06 18:29:39 - [TEST_STEP][PASSED] - click(findTestObject("Item Details Objects/Page_diagnostics/a_Accept Cookies")): Object: 'Object Repository/Item Details Objects/Page_diagnostics/a_Accept Cookies' is clicked on

2022-04-06 18:29:40 - [MESSAGE][PASSED] - Object: 'Object Repository/Item Details Objects/Page_diagnostics/a_Accept Cookies' is clicked on

2022-04-06 18:29:40 - [TEST_STEP][PASSED] - click(findTestObject("New_Homepage/Page_diagnostics/a_COVID-19 DIAGNOSTICS"), STOP_ON_FAILURE): Object: 'Object Repository/New_Homepage/Page_diagnostics/a_COVID-19 DIAGNOSTICS' is clicked on

2022-04-06 18:29:42 - [MESSAGE][PASSED] - Object: 'Object Repository/New_Homepage/Page_diagnostics/a_COVID-19 DIAGNOSTICS' is clicked on

2022-04-06 18:29:42 - [TEST_STEP][PASSED] - mouseOver(findTestObject("New_Homepage/Page_diagnostics/a_Abbott Rapid Diagnostics PANBIO COVID-19 Ag Rapid Test Device (Nasopharyngeal)")): Object: 'Object Repository/New_Homepage/Page_diagnostics/a_Abbott Rapid Diagnostics PANBIO COVID-19 Ag Rapid Test Device (Nasopharyngeal)' is hovered

2022-04-06 18:29:44 - [MESSAGE][PASSED] - Object: 'Object Repository/New_Homepage/Page_diagnostics/a_Abbott Rapid Diagnostics PANBIO COVID-19 Ag Rapid Test Device (Nasopharyngeal)' is hovered

2022-04-06 18:29:44 - [TEST_STEP][PASSED] - click(findTestObject("New_Homepage/Page_diagnostics/a_Abbott Rapid Diagnostics PANBIO COVID-19 Ag Rapid Test Device (Nasopharyngeal)")): Object: 'Object Repository/New_Homepage/Page_diagnostics/a_Abbott Rapid Diagnostics PANBIO COVID-19 Ag Rapid Test Device (Nasopharyngeal)' is clicked on

2022-04-06 18:29:48 - [MESSAGE][PASSED] - Object: 'Object Repository/New_Homepage/Page_diagnostics/a_Abbott Rapid Diagnostics PANBIO COVID-19 Ag Rapid Test Device (Nasopharyngeal)' is clicked on

2022-04-06 18:29:48 - [MESSAGE][PASSED] - Call Test Case 'Test Cases/Custom Item Details/UTILITIES/OPEN_BROWSER' successfully

2022-04-06 18:29:48 - [TEST_STEP][PASSED] - waitForElementVisible(findTestObject("Staging Objects/Page_diagnostics/span_Transportation"), 0): Object 'Object Repository/Staging Objects/Page_diagnostics/span_Transportation' is visible

2022-04-06 18:29:48 - [MESSAGE][WARNING] - Timeout '0' is invalid. Using default page load timeout: '30'

2022-04-06 18:29:49 - [MESSAGE][PASSED] - Object 'Object Repository/Staging Objects/Page_diagnostics/span_Transportation' is visible

2022-04-06 18:29:49 - [TEST_STEP][PASSED] - verifyElementPresent(findTestObject("Staging Objects/Page_diagnostics/span_Transportation"), 0): Object 'Object Repository/Staging Objects/Page_diagnostics/span_Transportation' is present

2022-04-06 18:29:49 - [MESSAGE][WARNING] - Timeout '0' is invalid. Using default page load timeout: '30'

2022-04-06 18:29:49 - [MESSAGE][PASSED] - Object 'Object Repository/Staging Objects/Page_diagnostics/span_Transportation' is present

2022-04-06 18:29:49 - [TEST_STEP][PASSED] - callTestCase(findTestCase("Custom Item Details/UTILITIES/CLOSE_BROWSER"), [:], STOP_ON_FAILURE): Call Test Case 'Test Cases/Custom Item Details/UTILITIES/CLOSE_BROWSER' successfully

2022-04-06 18:29:49 - [TEST_CASE][PASSED] - Test Cases/Custom Item Details/UTILITIES/CLOSE_BROWSER: Test Cases/Custom Item Details/UTILITIES/CLOSE_BROWSER

2022-04-06 18:29:49 - [TEST_STEP][PASSED] - closeBrowser(): Browser is closed

2022-04-06 18:29:50 - [MESSAGE][PASSED] - Browser is closed

2022-04-06 18:29:50 - [MESSAGE][PASSED] - Call Test Case 'Test Cases/Custom Item Details/UTILITIES/CLOSE_BROWSER' successfully]]></system-out>
         <system-err><![CDATA[]]></system-err>
      </testcase>
      <testcase name="Test Cases/Custom Item Details/TEST CASE/TC_DETAILS_UI_045" time="75.582" classname="Test Cases/Custom Item Details/TEST CASE/TC_DETAILS_UI_045" status="FAILED">
         <failure type="FAILED" message="Test Cases/Custom Item Details/TEST CASE/TC_DETAILS_UI_045 FAILED.
Reason:
com.kms.katalon.core.exception.StepFailedException: Unable to verify object 'Object Repository/Staging Objects/Page_diagnostics/span_Unit of measure' is present
	at com.kms.katalon.core.webui.keyword.internal.WebUIKeywordMain.stepFailed(WebUIKeywordMain.groovy:64)
	at com.kms.katalon.core.webui.keyword.internal.WebUIKeywordMain.runKeyword(WebUIKeywordMain.groovy:26)
	at com.kms.katalon.core.webui.keyword.builtin.VerifyElementPresentKeyword.verifyElementPresent(VerifyElementPresentKeyword.groovy:92)
	at com.kms.katalon.core.webui.keyword.builtin.VerifyElementPresentKeyword.execute(VerifyElementPresentKeyword.groovy:68)
	at com.kms.katalon.core.keyword.internal.KeywordExecutor.executeKeywordForPlatform(KeywordExecutor.groovy:73)
	at com.kms.katalon.core.webui.keyword.WebUiBuiltInKeywords.verifyElementPresent(WebUiBuiltInKeywords.groovy:1461)
	at com.kms.katalon.core.webui.keyword.WebUiBuiltInKeywords$verifyElementPresent$9.call(Unknown Source)
	at TC_DETAILS_UI_045.run(TC_DETAILS_UI_045:22)
	at com.kms.katalon.core.main.ScriptEngine.run(ScriptEngine.java:194)
	at com.kms.katalon.core.main.ScriptEngine.runScriptAsRawText(ScriptEngine.java:119)
	at com.kms.katalon.core.main.TestCaseExecutor.runScript(TestCaseExecutor.java:339)
	at com.kms.katalon.core.main.TestCaseExecutor.doExecute(TestCaseExecutor.java:330)
	at com.kms.katalon.core.main.TestCaseExecutor.processExecutionPhase(TestCaseExecutor.java:309)
	at com.kms.katalon.core.main.TestCaseExecutor.accessMainPhase(TestCaseExecutor.java:301)
	at com.kms.katalon.core.main.TestCaseExecutor.execute(TestCaseExecutor.java:235)
	at com.kms.katalon.core.main.TestSuiteExecutor.accessTestCaseMainPhase(TestSuiteExecutor.java:191)
	at com.kms.katalon.core.main.TestSuiteExecutor.accessTestSuiteMainPhase(TestSuiteExecutor.java:141)
	at com.kms.katalon.core.main.TestSuiteExecutor.execute(TestSuiteExecutor.java:90)
	at com.kms.katalon.core.main.TestCaseMain.startTestSuite(TestCaseMain.java:157)
	at com.kms.katalon.core.main.TestCaseMain$startTestSuite$0.call(Unknown Source)
	at TempTestSuite1649239689066.run(TempTestSuite1649239689066.groovy:39)
Caused by: com.kms.katalon.core.exception.StepFailedException: com.kms.katalon.core.webui.exception.WebElementNotFoundException: Web element with id: 'Object Repository/Staging Objects/Page_diagnostics/span_Unit of measure' located by '//*[(text() = 'Unit of measure:' or . = 'Unit of measure:')]' not found
	at com.kms.katalon.core.webui.keyword.internal.WebUIKeywordMain.stepFailed(WebUIKeywordMain.groovy:64)
	at com.kms.katalon.core.webui.keyword.builtin.VerifyElementPresentKeyword$_verifyElementPresent_closure1.doCall(VerifyElementPresentKeyword.groovy:85)
	at com.kms.katalon.core.webui.keyword.builtin.VerifyElementPresentKeyword$_verifyElementPresent_closure1.call(VerifyElementPresentKeyword.groovy)
	at com.kms.katalon.core.webui.keyword.internal.WebUIKeywordMain.runKeyword(WebUIKeywordMain.groovy:20)
	... 19 more
"/>
         <system-out><![CDATA[2022-04-06 18:29:50 - [TEST_CASE][FAILED] - Test Cases/Custom Item Details/TEST CASE/TC_DETAILS_UI_045: Test Cases/Custom Item Details/TEST CASE/TC_DETAILS_UI_045 FAILED.
Reason:
com.kms.katalon.core.exception.StepFailedException: Unable to verify object 'Object Repository/Staging Objects/Page_diagnostics/span_Unit of measure' is present
	at com.kms.katalon.core.webui.keyword.internal.WebUIKeywordMain.stepFailed(WebUIKeywordMain.groovy:64)
	at com.kms.katalon.core.webui.keyword.internal.WebUIKeywordMain.runKeyword(WebUIKeywordMain.groovy:26)
	at com.kms.katalon.core.webui.keyword.builtin.VerifyElementPresentKeyword.verifyElementPresent(VerifyElementPresentKeyword.groovy:92)
	at com.kms.katalon.core.webui.keyword.builtin.VerifyElementPresentKeyword.execute(VerifyElementPresentKeyword.groovy:68)
	at com.kms.katalon.core.keyword.internal.KeywordExecutor.executeKeywordForPlatform(KeywordExecutor.groovy:73)
	at com.kms.katalon.core.webui.keyword.WebUiBuiltInKeywords.verifyElementPresent(WebUiBuiltInKeywords.groovy:1461)
	at com.kms.katalon.core.webui.keyword.WebUiBuiltInKeywords$verifyElementPresent$9.call(Unknown Source)
	at TC_DETAILS_UI_045.run(TC_DETAILS_UI_045:22)
	at com.kms.katalon.core.main.ScriptEngine.run(ScriptEngine.java:194)
	at com.kms.katalon.core.main.ScriptEngine.runScriptAsRawText(ScriptEngine.java:119)
	at com.kms.katalon.core.main.TestCaseExecutor.runScript(TestCaseExecutor.java:339)
	at com.kms.katalon.core.main.TestCaseExecutor.doExecute(TestCaseExecutor.java:330)
	at com.kms.katalon.core.main.TestCaseExecutor.processExecutionPhase(TestCaseExecutor.java:309)
	at com.kms.katalon.core.main.TestCaseExecutor.accessMainPhase(TestCaseExecutor.java:301)
	at com.kms.katalon.core.main.TestCaseExecutor.execute(TestCaseExecutor.java:235)
	at com.kms.katalon.core.main.TestSuiteExecutor.accessTestCaseMainPhase(TestSuiteExecutor.java:191)
	at com.kms.katalon.core.main.TestSuiteExecutor.accessTestSuiteMainPhase(TestSuiteExecutor.java:141)
	at com.kms.katalon.core.main.TestSuiteExecutor.execute(TestSuiteExecutor.java:90)
	at com.kms.katalon.core.main.TestCaseMain.startTestSuite(TestCaseMain.java:157)
	at com.kms.katalon.core.main.TestCaseMain$startTestSuite$0.call(Unknown Source)
	at TempTestSuite1649239689066.run(TempTestSuite1649239689066.groovy:39)
Caused by: com.kms.katalon.core.exception.StepFailedException: com.kms.katalon.core.webui.exception.WebElementNotFoundException: Web element with id: 'Object Repository/Staging Objects/Page_diagnostics/span_Unit of measure' located by '//*[(text() = 'Unit of measure:' or . = 'Unit of measure:')]' not found
	at com.kms.katalon.core.webui.keyword.internal.WebUIKeywordMain.stepFailed(WebUIKeywordMain.groovy:64)
	at com.kms.katalon.core.webui.keyword.builtin.VerifyElementPresentKeyword$_verifyElementPresent_closure1.doCall(VerifyElementPresentKeyword.groovy:85)
	at com.kms.katalon.core.webui.keyword.builtin.VerifyElementPresentKeyword$_verifyElementPresent_closure1.call(VerifyElementPresentKeyword.groovy)
	at com.kms.katalon.core.webui.keyword.internal.WebUIKeywordMain.runKeyword(WebUIKeywordMain.groovy:20)
	... 19 more


2022-04-06 18:29:50 - [TEST_STEP][PASSED] - callTestCase(findTestCase("Custom Item Details/UTILITIES/OPEN_BROWSER"), [:], STOP_ON_FAILURE): Call Test Case 'Test Cases/Custom Item Details/UTILITIES/OPEN_BROWSER' successfully

2022-04-06 18:29:50 - [TEST_CASE][PASSED] - Test Cases/Custom Item Details/UTILITIES/OPEN_BROWSER: Test Cases/Custom Item Details/UTILITIES/OPEN_BROWSER

2022-04-06 18:29:50 - [TEST_STEP][PASSED] - openBrowser("https://diagnostics.staging.arcadier.io/"): Browser is opened with url: 'https://diagnostics.staging.arcadier.io/'

2022-04-06 18:29:50 - [MESSAGE][INFO] - Starting 'Chrome' driver

2022-04-06 18:29:50 - [MESSAGE][INFO] - Action delay is set to 0 milliseconds

2022-04-06 18:29:54 - [MESSAGE][PASSED] - Browser is opened with url: 'https://diagnostics.staging.arcadier.io/'

2022-04-06 18:29:54 - [TEST_STEP][PASSED] - maximizeWindow(): Current window maximized

2022-04-06 18:29:54 - [MESSAGE][PASSED] - Current window maximized

2022-04-06 18:29:54 - [TEST_STEP][PASSED] - click(findTestObject("Item Details Objects/Page_diagnostics/a_Accept Cookies")): Object: 'Object Repository/Item Details Objects/Page_diagnostics/a_Accept Cookies' is clicked on

2022-04-06 18:29:55 - [MESSAGE][PASSED] - Object: 'Object Repository/Item Details Objects/Page_diagnostics/a_Accept Cookies' is clicked on

2022-04-06 18:29:55 - [TEST_STEP][PASSED] - click(findTestObject("New_Homepage/Page_diagnostics/a_COVID-19 DIAGNOSTICS"), STOP_ON_FAILURE): Object: 'Object Repository/New_Homepage/Page_diagnostics/a_COVID-19 DIAGNOSTICS' is clicked on

2022-04-06 18:29:58 - [MESSAGE][PASSED] - Object: 'Object Repository/New_Homepage/Page_diagnostics/a_COVID-19 DIAGNOSTICS' is clicked on

2022-04-06 18:29:58 - [TEST_STEP][PASSED] - mouseOver(findTestObject("New_Homepage/Page_diagnostics/a_Abbott Rapid Diagnostics PANBIO COVID-19 Ag Rapid Test Device (Nasopharyngeal)")): Object: 'Object Repository/New_Homepage/Page_diagnostics/a_Abbott Rapid Diagnostics PANBIO COVID-19 Ag Rapid Test Device (Nasopharyngeal)' is hovered

2022-04-06 18:30:00 - [MESSAGE][PASSED] - Object: 'Object Repository/New_Homepage/Page_diagnostics/a_Abbott Rapid Diagnostics PANBIO COVID-19 Ag Rapid Test Device (Nasopharyngeal)' is hovered

2022-04-06 18:30:00 - [TEST_STEP][PASSED] - click(findTestObject("New_Homepage/Page_diagnostics/a_Abbott Rapid Diagnostics PANBIO COVID-19 Ag Rapid Test Device (Nasopharyngeal)")): Object: 'Object Repository/New_Homepage/Page_diagnostics/a_Abbott Rapid Diagnostics PANBIO COVID-19 Ag Rapid Test Device (Nasopharyngeal)' is clicked on

2022-04-06 18:30:03 - [MESSAGE][PASSED] - Object: 'Object Repository/New_Homepage/Page_diagnostics/a_Abbott Rapid Diagnostics PANBIO COVID-19 Ag Rapid Test Device (Nasopharyngeal)' is clicked on

2022-04-06 18:30:03 - [MESSAGE][PASSED] - Call Test Case 'Test Cases/Custom Item Details/UTILITIES/OPEN_BROWSER' successfully

2022-04-06 18:30:03 - [TEST_STEP][PASSED] - waitForElementVisible(findTestObject("Staging Objects/Page_diagnostics/span_Unit of measure"), 0): Web element with id: 'Object Repository/Staging Objects/Page_diagnostics/span_Unit of measure' located by '//*[(text() = 'Unit of measure:' or . = 'Unit of measure:')]' not found

2022-04-06 18:30:03 - [MESSAGE][WARNING] - Timeout '0' is invalid. Using default page load timeout: '30'

2022-04-06 18:30:34 - [MESSAGE][INFO] - Unable to find the element located by 'By.xpath: //*[(text() = 'Unit of measure:' or . = 'Unit of measure:')]'. Please recheck the objects properties to make sure the desired element is located. 

2022-04-06 18:30:34 - [MESSAGE][WARNING] - Web element with id: 'Object Repository/Staging Objects/Page_diagnostics/span_Unit of measure' located by '//*[(text() = 'Unit of measure:' or . = 'Unit of measure:')]' not found

2022-04-06 18:30:34 - [TEST_STEP][FAILED] - verifyElementPresent(findTestObject("Staging Objects/Page_diagnostics/span_Unit of measure"), 0): Unable to verify object 'Object Repository/Staging Objects/Page_diagnostics/span_Unit of measure' is present (Root cause: com.kms.katalon.core.exception.StepFailedException: Unable to verify object 'Object Repository/Staging Objects/Page_diagnostics/span_Unit of measure' is present
	at com.kms.katalon.core.webui.keyword.internal.WebUIKeywordMain.stepFailed(WebUIKeywordMain.groovy:64)
	at com.kms.katalon.core.webui.keyword.internal.WebUIKeywordMain.runKeyword(WebUIKeywordMain.groovy:26)
	at com.kms.katalon.core.webui.keyword.builtin.VerifyElementPresentKeyword.verifyElementPresent(VerifyElementPresentKeyword.groovy:92)
	at com.kms.katalon.core.webui.keyword.builtin.VerifyElementPresentKeyword.execute(VerifyElementPresentKeyword.groovy:68)
	at com.kms.katalon.core.keyword.internal.KeywordExecutor.executeKeywordForPlatform(KeywordExecutor.groovy:73)
	at com.kms.katalon.core.webui.keyword.WebUiBuiltInKeywords.verifyElementPresent(WebUiBuiltInKeywords.groovy:1461)
	at com.kms.katalon.core.webui.keyword.WebUiBuiltInKeywords$verifyElementPresent$9.call(Unknown Source)
	at TC_DETAILS_UI_045.run(TC_DETAILS_UI_045:22)
	at com.kms.katalon.core.main.ScriptEngine.run(ScriptEngine.java:194)
	at com.kms.katalon.core.main.ScriptEngine.runScriptAsRawText(ScriptEngine.java:119)
	at com.kms.katalon.core.main.TestCaseExecutor.runScript(TestCaseExecutor.java:339)
	at com.kms.katalon.core.main.TestCaseExecutor.doExecute(TestCaseExecutor.java:330)
	at com.kms.katalon.core.main.TestCaseExecutor.processExecutionPhase(TestCaseExecutor.java:309)
	at com.kms.katalon.core.main.TestCaseExecutor.accessMainPhase(TestCaseExecutor.java:301)
	at com.kms.katalon.core.main.TestCaseExecutor.execute(TestCaseExecutor.java:235)
	at com.kms.katalon.core.main.TestSuiteExecutor.accessTestCaseMainPhase(TestSuiteExecutor.java:191)
	at com.kms.katalon.core.main.TestSuiteExecutor.accessTestSuiteMainPhase(TestSuiteExecutor.java:141)
	at com.kms.katalon.core.main.TestSuiteExecutor.execute(TestSuiteExecutor.java:90)
	at com.kms.katalon.core.main.TestCaseMain.startTestSuite(TestCaseMain.java:157)
	at com.kms.katalon.core.main.TestCaseMain$startTestSuite$0.call(Unknown Source)
	at TempTestSuite1649239689066.run(TempTestSuite1649239689066.groovy:39)
Caused by: com.kms.katalon.core.exception.StepFailedException: com.kms.katalon.core.webui.exception.WebElementNotFoundException: Web element with id: 'Object Repository/Staging Objects/Page_diagnostics/span_Unit of measure' located by '//*[(text() = 'Unit of measure:' or . = 'Unit of measure:')]' not found
	at com.kms.katalon.core.webui.keyword.internal.WebUIKeywordMain.stepFailed(WebUIKeywordMain.groovy:64)
	at com.kms.katalon.core.webui.keyword.builtin.VerifyElementPresentKeyword$_verifyElementPresent_closure1.doCall(VerifyElementPresentKeyword.groovy:85)
	at com.kms.katalon.core.webui.keyword.builtin.VerifyElementPresentKeyword$_verifyElementPresent_closure1.call(VerifyElementPresentKeyword.groovy)
	at com.kms.katalon.core.webui.keyword.internal.WebUIKeywordMain.runKeyword(WebUIKeywordMain.groovy:20)
	... 19 more
)

2022-04-06 18:30:34 - [MESSAGE][WARNING] - Timeout '0' is invalid. Using default page load timeout: '30'

2022-04-06 18:31:05 - [MESSAGE][INFO] - Unable to find the element located by 'By.xpath: //*[(text() = 'Unit of measure:' or . = 'Unit of measure:')]'. Please recheck the objects properties to make sure the desired element is located. 

2022-04-06 18:31:05 - [MESSAGE][FAILED] - com.kms.katalon.core.webui.exception.WebElementNotFoundException: Web element with id: 'Object Repository/Staging Objects/Page_diagnostics/span_Unit of measure' located by '//*[(text() = 'Unit of measure:' or . = 'Unit of measure:')]' not found (Root cause: com.kms.katalon.core.exception.StepFailedException: com.kms.katalon.core.webui.exception.WebElementNotFoundException: Web element with id: 'Object Repository/Staging Objects/Page_diagnostics/span_Unit of measure' located by '//*[(text() = 'Unit of measure:' or . = 'Unit of measure:')]' not found
	at com.kms.katalon.core.webui.keyword.internal.WebUIKeywordMain.stepFailed(WebUIKeywordMain.groovy:64)
	at com.kms.katalon.core.webui.keyword.builtin.VerifyElementPresentKeyword$_verifyElementPresent_closure1.doCall(VerifyElementPresentKeyword.groovy:85)
	at com.kms.katalon.core.webui.keyword.builtin.VerifyElementPresentKeyword$_verifyElementPresent_closure1.call(VerifyElementPresentKeyword.groovy)
	at com.kms.katalon.core.webui.keyword.internal.WebUIKeywordMain.runKeyword(WebUIKeywordMain.groovy:20)
	at com.kms.katalon.core.webui.keyword.builtin.VerifyElementPresentKeyword.verifyElementPresent(VerifyElementPresentKeyword.groovy:92)
	at com.kms.katalon.core.webui.keyword.builtin.VerifyElementPresentKeyword.execute(VerifyElementPresentKeyword.groovy:68)
	at com.kms.katalon.core.keyword.internal.KeywordExecutor.executeKeywordForPlatform(KeywordExecutor.groovy:73)
	at com.kms.katalon.core.webui.keyword.WebUiBuiltInKeywords.verifyElementPresent(WebUiBuiltInKeywords.groovy:1461)
	at com.kms.katalon.core.webui.keyword.WebUiBuiltInKeywords$verifyElementPresent$9.call(Unknown Source)
	at TC_DETAILS_UI_045.run(TC_DETAILS_UI_045:22)
	at com.kms.katalon.core.main.ScriptEngine.run(ScriptEngine.java:194)
	at com.kms.katalon.core.main.ScriptEngine.runScriptAsRawText(ScriptEngine.java:119)
	at com.kms.katalon.core.main.TestCaseExecutor.runScript(TestCaseExecutor.java:339)
	at com.kms.katalon.core.main.TestCaseExecutor.doExecute(TestCaseExecutor.java:330)
	at com.kms.katalon.core.main.TestCaseExecutor.processExecutionPhase(TestCaseExecutor.java:309)
	at com.kms.katalon.core.main.TestCaseExecutor.accessMainPhase(TestCaseExecutor.java:301)
	at com.kms.katalon.core.main.TestCaseExecutor.execute(TestCaseExecutor.java:235)
	at com.kms.katalon.core.main.TestSuiteExecutor.accessTestCaseMainPhase(TestSuiteExecutor.java:191)
	at com.kms.katalon.core.main.TestSuiteExecutor.accessTestSuiteMainPhase(TestSuiteExecutor.java:141)
	at com.kms.katalon.core.main.TestSuiteExecutor.execute(TestSuiteExecutor.java:90)
	at com.kms.katalon.core.main.TestCaseMain.startTestSuite(TestCaseMain.java:157)
	at com.kms.katalon.core.main.TestCaseMain$startTestSuite$0.call(Unknown Source)
	at TempTestSuite1649239689066.run(TempTestSuite1649239689066.groovy:39)
)
[[ATTACHMENT|K:\\Work\\GitHub\\find-item-detail-test_v2\\Reports\\20220406_180809\\Item detail test\\20220406_180809\\1649241065733.png]]

2022-04-06 18:31:06 - [MESSAGE][FAILED] - Unable to verify object 'Object Repository/Staging Objects/Page_diagnostics/span_Unit of measure' is present (Root cause: com.kms.katalon.core.exception.StepFailedException: Unable to verify object 'Object Repository/Staging Objects/Page_diagnostics/span_Unit of measure' is present
	at com.kms.katalon.core.webui.keyword.internal.WebUIKeywordMain.stepFailed(WebUIKeywordMain.groovy:64)
	at com.kms.katalon.core.webui.keyword.internal.WebUIKeywordMain.runKeyword(WebUIKeywordMain.groovy:26)
	at com.kms.katalon.core.webui.keyword.builtin.VerifyElementPresentKeyword.verifyElementPresent(VerifyElementPresentKeyword.groovy:92)
	at com.kms.katalon.core.webui.keyword.builtin.VerifyElementPresentKeyword.execute(VerifyElementPresentKeyword.groovy:68)
	at com.kms.katalon.core.keyword.internal.KeywordExecutor.executeKeywordForPlatform(KeywordExecutor.groovy:73)
	at com.kms.katalon.core.webui.keyword.WebUiBuiltInKeywords.verifyElementPresent(WebUiBuiltInKeywords.groovy:1461)
	at com.kms.katalon.core.webui.keyword.WebUiBuiltInKeywords$verifyElementPresent$9.call(Unknown Source)
	at TC_DETAILS_UI_045.run(TC_DETAILS_UI_045:22)
	at com.kms.katalon.core.main.ScriptEngine.run(ScriptEngine.java:194)
	at com.kms.katalon.core.main.ScriptEngine.runScriptAsRawText(ScriptEngine.java:119)
	at com.kms.katalon.core.main.TestCaseExecutor.runScript(TestCaseExecutor.java:339)
	at com.kms.katalon.core.main.TestCaseExecutor.doExecute(TestCaseExecutor.java:330)
	at com.kms.katalon.core.main.TestCaseExecutor.processExecutionPhase(TestCaseExecutor.java:309)
	at com.kms.katalon.core.main.TestCaseExecutor.accessMainPhase(TestCaseExecutor.java:301)
	at com.kms.katalon.core.main.TestCaseExecutor.execute(TestCaseExecutor.java:235)
	at com.kms.katalon.core.main.TestSuiteExecutor.accessTestCaseMainPhase(TestSuiteExecutor.java:191)
	at com.kms.katalon.core.main.TestSuiteExecutor.accessTestSuiteMainPhase(TestSuiteExecutor.java:141)
	at com.kms.katalon.core.main.TestSuiteExecutor.execute(TestSuiteExecutor.java:90)
	at com.kms.katalon.core.main.TestCaseMain.startTestSuite(TestCaseMain.java:157)
	at com.kms.katalon.core.main.TestCaseMain$startTestSuite$0.call(Unknown Source)
	at TempTestSuite1649239689066.run(TempTestSuite1649239689066.groovy:39)
Caused by: com.kms.katalon.core.exception.StepFailedException: com.kms.katalon.core.webui.exception.WebElementNotFoundException: Web element with id: 'Object Repository/Staging Objects/Page_diagnostics/span_Unit of measure' located by '//*[(text() = 'Unit of measure:' or . = 'Unit of measure:')]' not found
	at com.kms.katalon.core.webui.keyword.internal.WebUIKeywordMain.stepFailed(WebUIKeywordMain.groovy:64)
	at com.kms.katalon.core.webui.keyword.builtin.VerifyElementPresentKeyword$_verifyElementPresent_closure1.doCall(VerifyElementPresentKeyword.groovy:85)
	at com.kms.katalon.core.webui.keyword.builtin.VerifyElementPresentKeyword$_verifyElementPresent_closure1.call(VerifyElementPresentKeyword.groovy)
	at com.kms.katalon.core.webui.keyword.internal.WebUIKeywordMain.runKeyword(WebUIKeywordMain.groovy:20)
	... 19 more
)
[[ATTACHMENT|K:\\Work\\GitHub\\find-item-detail-test_v2\\Reports\\20220406_180809\\Item detail test\\20220406_180809\\1649241065892.png]]]]></system-out>
         <system-err><![CDATA[2022-04-06 18:29:50 - [TEST_CASE][FAILED] - Test Cases/Custom Item Details/TEST CASE/TC_DETAILS_UI_045: Test Cases/Custom Item Details/TEST CASE/TC_DETAILS_UI_045 FAILED.
Reason:
com.kms.katalon.core.exception.StepFailedException: Unable to verify object 'Object Repository/Staging Objects/Page_diagnostics/span_Unit of measure' is present
	at com.kms.katalon.core.webui.keyword.internal.WebUIKeywordMain.stepFailed(WebUIKeywordMain.groovy:64)
	at com.kms.katalon.core.webui.keyword.internal.WebUIKeywordMain.runKeyword(WebUIKeywordMain.groovy:26)
	at com.kms.katalon.core.webui.keyword.builtin.VerifyElementPresentKeyword.verifyElementPresent(VerifyElementPresentKeyword.groovy:92)
	at com.kms.katalon.core.webui.keyword.builtin.VerifyElementPresentKeyword.execute(VerifyElementPresentKeyword.groovy:68)
	at com.kms.katalon.core.keyword.internal.KeywordExecutor.executeKeywordForPlatform(KeywordExecutor.groovy:73)
	at com.kms.katalon.core.webui.keyword.WebUiBuiltInKeywords.verifyElementPresent(WebUiBuiltInKeywords.groovy:1461)
	at com.kms.katalon.core.webui.keyword.WebUiBuiltInKeywords$verifyElementPresent$9.call(Unknown Source)
	at TC_DETAILS_UI_045.run(TC_DETAILS_UI_045:22)
	at com.kms.katalon.core.main.ScriptEngine.run(ScriptEngine.java:194)
	at com.kms.katalon.core.main.ScriptEngine.runScriptAsRawText(ScriptEngine.java:119)
	at com.kms.katalon.core.main.TestCaseExecutor.runScript(TestCaseExecutor.java:339)
	at com.kms.katalon.core.main.TestCaseExecutor.doExecute(TestCaseExecutor.java:330)
	at com.kms.katalon.core.main.TestCaseExecutor.processExecutionPhase(TestCaseExecutor.java:309)
	at com.kms.katalon.core.main.TestCaseExecutor.accessMainPhase(TestCaseExecutor.java:301)
	at com.kms.katalon.core.main.TestCaseExecutor.execute(TestCaseExecutor.java:235)
	at com.kms.katalon.core.main.TestSuiteExecutor.accessTestCaseMainPhase(TestSuiteExecutor.java:191)
	at com.kms.katalon.core.main.TestSuiteExecutor.accessTestSuiteMainPhase(TestSuiteExecutor.java:141)
	at com.kms.katalon.core.main.TestSuiteExecutor.execute(TestSuiteExecutor.java:90)
	at com.kms.katalon.core.main.TestCaseMain.startTestSuite(TestCaseMain.java:157)
	at com.kms.katalon.core.main.TestCaseMain$startTestSuite$0.call(Unknown Source)
	at TempTestSuite1649239689066.run(TempTestSuite1649239689066.groovy:39)
Caused by: com.kms.katalon.core.exception.StepFailedException: com.kms.katalon.core.webui.exception.WebElementNotFoundException: Web element with id: 'Object Repository/Staging Objects/Page_diagnostics/span_Unit of measure' located by '//*[(text() = 'Unit of measure:' or . = 'Unit of measure:')]' not found
	at com.kms.katalon.core.webui.keyword.internal.WebUIKeywordMain.stepFailed(WebUIKeywordMain.groovy:64)
	at com.kms.katalon.core.webui.keyword.builtin.VerifyElementPresentKeyword$_verifyElementPresent_closure1.doCall(VerifyElementPresentKeyword.groovy:85)
	at com.kms.katalon.core.webui.keyword.builtin.VerifyElementPresentKeyword$_verifyElementPresent_closure1.call(VerifyElementPresentKeyword.groovy)
	at com.kms.katalon.core.webui.keyword.internal.WebUIKeywordMain.runKeyword(WebUIKeywordMain.groovy:20)
	... 19 more]]></system-err>
      </testcase>
      <testcase name="Test Cases/Custom Item Details/TEST CASE/TC_DETAILS_UI_046" time="15.3" classname="Test Cases/Custom Item Details/TEST CASE/TC_DETAILS_UI_046" status="PASSED">
         <system-out><![CDATA[2022-04-06 18:31:06 - [TEST_CASE][PASSED] - Test Cases/Custom Item Details/TEST CASE/TC_DETAILS_UI_046: Test Cases/Custom Item Details/TEST CASE/TC_DETAILS_UI_046

2022-04-06 18:31:06 - [TEST_STEP][PASSED] - callTestCase(findTestCase("Custom Item Details/UTILITIES/OPEN_BROWSER"), [:], STOP_ON_FAILURE): Call Test Case 'Test Cases/Custom Item Details/UTILITIES/OPEN_BROWSER' successfully

2022-04-06 18:31:06 - [TEST_CASE][PASSED] - Test Cases/Custom Item Details/UTILITIES/OPEN_BROWSER: Test Cases/Custom Item Details/UTILITIES/OPEN_BROWSER

2022-04-06 18:31:06 - [TEST_STEP][PASSED] - openBrowser("https://diagnostics.staging.arcadier.io/"): Browser is opened with url: 'https://diagnostics.staging.arcadier.io/'

2022-04-06 18:31:06 - [MESSAGE][WARNING] - A browser is already opened. Closing browser and opening a new one

2022-04-06 18:31:06 - [MESSAGE][INFO] - Starting 'Chrome' driver

2022-04-06 18:31:06 - [MESSAGE][INFO] - Action delay is set to 0 milliseconds

2022-04-06 18:31:10 - [MESSAGE][PASSED] - Browser is opened with url: 'https://diagnostics.staging.arcadier.io/'

2022-04-06 18:31:10 - [TEST_STEP][PASSED] - maximizeWindow(): Current window maximized

2022-04-06 18:31:10 - [MESSAGE][PASSED] - Current window maximized

2022-04-06 18:31:10 - [TEST_STEP][PASSED] - click(findTestObject("Item Details Objects/Page_diagnostics/a_Accept Cookies")): Object: 'Object Repository/Item Details Objects/Page_diagnostics/a_Accept Cookies' is clicked on

2022-04-06 18:31:11 - [MESSAGE][PASSED] - Object: 'Object Repository/Item Details Objects/Page_diagnostics/a_Accept Cookies' is clicked on

2022-04-06 18:31:11 - [TEST_STEP][PASSED] - click(findTestObject("New_Homepage/Page_diagnostics/a_COVID-19 DIAGNOSTICS"), STOP_ON_FAILURE): Object: 'Object Repository/New_Homepage/Page_diagnostics/a_COVID-19 DIAGNOSTICS' is clicked on

2022-04-06 18:31:14 - [MESSAGE][PASSED] - Object: 'Object Repository/New_Homepage/Page_diagnostics/a_COVID-19 DIAGNOSTICS' is clicked on

2022-04-06 18:31:14 - [TEST_STEP][PASSED] - mouseOver(findTestObject("New_Homepage/Page_diagnostics/a_Abbott Rapid Diagnostics PANBIO COVID-19 Ag Rapid Test Device (Nasopharyngeal)")): Object: 'Object Repository/New_Homepage/Page_diagnostics/a_Abbott Rapid Diagnostics PANBIO COVID-19 Ag Rapid Test Device (Nasopharyngeal)' is hovered

2022-04-06 18:31:16 - [MESSAGE][PASSED] - Object: 'Object Repository/New_Homepage/Page_diagnostics/a_Abbott Rapid Diagnostics PANBIO COVID-19 Ag Rapid Test Device (Nasopharyngeal)' is hovered

2022-04-06 18:31:16 - [TEST_STEP][PASSED] - click(findTestObject("New_Homepage/Page_diagnostics/a_Abbott Rapid Diagnostics PANBIO COVID-19 Ag Rapid Test Device (Nasopharyngeal)")): Object: 'Object Repository/New_Homepage/Page_diagnostics/a_Abbott Rapid Diagnostics PANBIO COVID-19 Ag Rapid Test Device (Nasopharyngeal)' is clicked on

2022-04-06 18:31:18 - [MESSAGE][PASSED] - Object: 'Object Repository/New_Homepage/Page_diagnostics/a_Abbott Rapid Diagnostics PANBIO COVID-19 Ag Rapid Test Device (Nasopharyngeal)' is clicked on

2022-04-06 18:31:18 - [MESSAGE][PASSED] - Call Test Case 'Test Cases/Custom Item Details/UTILITIES/OPEN_BROWSER' successfully

2022-04-06 18:31:18 - [TEST_STEP][PASSED] - waitForElementVisible(findTestObject("Staging Objects/Page_diagnostics/span_Volume pricing"), 0): Object 'Object Repository/Staging Objects/Page_diagnostics/span_Volume pricing' is visible

2022-04-06 18:31:18 - [MESSAGE][WARNING] - Timeout '0' is invalid. Using default page load timeout: '30'

2022-04-06 18:31:20 - [MESSAGE][PASSED] - Object 'Object Repository/Staging Objects/Page_diagnostics/span_Volume pricing' is visible

2022-04-06 18:31:20 - [TEST_STEP][PASSED] - verifyElementPresent(findTestObject("Staging Objects/Page_diagnostics/span_Volume pricing"), 0): Object 'Object Repository/Staging Objects/Page_diagnostics/span_Volume pricing' is present

2022-04-06 18:31:20 - [MESSAGE][WARNING] - Timeout '0' is invalid. Using default page load timeout: '30'

2022-04-06 18:31:20 - [MESSAGE][PASSED] - Object 'Object Repository/Staging Objects/Page_diagnostics/span_Volume pricing' is present

2022-04-06 18:31:20 - [TEST_STEP][PASSED] - callTestCase(findTestCase("Custom Item Details/UTILITIES/CLOSE_BROWSER"), [:], STOP_ON_FAILURE): Call Test Case 'Test Cases/Custom Item Details/UTILITIES/CLOSE_BROWSER' successfully

2022-04-06 18:31:20 - [TEST_CASE][PASSED] - Test Cases/Custom Item Details/UTILITIES/CLOSE_BROWSER: Test Cases/Custom Item Details/UTILITIES/CLOSE_BROWSER

2022-04-06 18:31:20 - [TEST_STEP][PASSED] - closeBrowser(): Browser is closed

2022-04-06 18:31:21 - [MESSAGE][PASSED] - Browser is closed

2022-04-06 18:31:21 - [MESSAGE][PASSED] - Call Test Case 'Test Cases/Custom Item Details/UTILITIES/CLOSE_BROWSER' successfully]]></system-out>
         <system-err><![CDATA[]]></system-err>
      </testcase>
      <testcase name="Test Cases/Custom Item Details/TEST CASE/TC_DETAILS_UI_047" time="73.797" classname="Test Cases/Custom Item Details/TEST CASE/TC_DETAILS_UI_047" status="FAILED">
         <failure type="FAILED" message="Test Cases/Custom Item Details/TEST CASE/TC_DETAILS_UI_047 FAILED.
Reason:
com.kms.katalon.core.exception.StepFailedException: Unable to verify object 'Object Repository/Staging Objects/Page_diagnostics/span_User care' is present
	at com.kms.katalon.core.webui.keyword.internal.WebUIKeywordMain.stepFailed(WebUIKeywordMain.groovy:64)
	at com.kms.katalon.core.webui.keyword.internal.WebUIKeywordMain.runKeyword(WebUIKeywordMain.groovy:26)
	at com.kms.katalon.core.webui.keyword.builtin.VerifyElementPresentKeyword.verifyElementPresent(VerifyElementPresentKeyword.groovy:92)
	at com.kms.katalon.core.webui.keyword.builtin.VerifyElementPresentKeyword.execute(VerifyElementPresentKeyword.groovy:68)
	at com.kms.katalon.core.keyword.internal.KeywordExecutor.executeKeywordForPlatform(KeywordExecutor.groovy:73)
	at com.kms.katalon.core.webui.keyword.WebUiBuiltInKeywords.verifyElementPresent(WebUiBuiltInKeywords.groovy:1461)
	at com.kms.katalon.core.webui.keyword.WebUiBuiltInKeywords$verifyElementPresent$9.call(Unknown Source)
	at TC_DETAILS_UI_047.run(TC_DETAILS_UI_047:22)
	at com.kms.katalon.core.main.ScriptEngine.run(ScriptEngine.java:194)
	at com.kms.katalon.core.main.ScriptEngine.runScriptAsRawText(ScriptEngine.java:119)
	at com.kms.katalon.core.main.TestCaseExecutor.runScript(TestCaseExecutor.java:339)
	at com.kms.katalon.core.main.TestCaseExecutor.doExecute(TestCaseExecutor.java:330)
	at com.kms.katalon.core.main.TestCaseExecutor.processExecutionPhase(TestCaseExecutor.java:309)
	at com.kms.katalon.core.main.TestCaseExecutor.accessMainPhase(TestCaseExecutor.java:301)
	at com.kms.katalon.core.main.TestCaseExecutor.execute(TestCaseExecutor.java:235)
	at com.kms.katalon.core.main.TestSuiteExecutor.accessTestCaseMainPhase(TestSuiteExecutor.java:191)
	at com.kms.katalon.core.main.TestSuiteExecutor.accessTestSuiteMainPhase(TestSuiteExecutor.java:141)
	at com.kms.katalon.core.main.TestSuiteExecutor.execute(TestSuiteExecutor.java:90)
	at com.kms.katalon.core.main.TestCaseMain.startTestSuite(TestCaseMain.java:157)
	at com.kms.katalon.core.main.TestCaseMain$startTestSuite$0.call(Unknown Source)
	at TempTestSuite1649239689066.run(TempTestSuite1649239689066.groovy:39)
Caused by: com.kms.katalon.core.exception.StepFailedException: com.kms.katalon.core.webui.exception.WebElementNotFoundException: Web element with id: 'Object Repository/Staging Objects/Page_diagnostics/span_User care' located by '//*[(text() = 'User care:' or . = 'User care:')]' not found
	at com.kms.katalon.core.webui.keyword.internal.WebUIKeywordMain.stepFailed(WebUIKeywordMain.groovy:64)
	at com.kms.katalon.core.webui.keyword.builtin.VerifyElementPresentKeyword$_verifyElementPresent_closure1.doCall(VerifyElementPresentKeyword.groovy:85)
	at com.kms.katalon.core.webui.keyword.builtin.VerifyElementPresentKeyword$_verifyElementPresent_closure1.call(VerifyElementPresentKeyword.groovy)
	at com.kms.katalon.core.webui.keyword.internal.WebUIKeywordMain.runKeyword(WebUIKeywordMain.groovy:20)
	... 19 more
"/>
         <system-out><![CDATA[2022-04-06 18:31:21 - [TEST_CASE][FAILED] - Test Cases/Custom Item Details/TEST CASE/TC_DETAILS_UI_047: Test Cases/Custom Item Details/TEST CASE/TC_DETAILS_UI_047 FAILED.
Reason:
com.kms.katalon.core.exception.StepFailedException: Unable to verify object 'Object Repository/Staging Objects/Page_diagnostics/span_User care' is present
	at com.kms.katalon.core.webui.keyword.internal.WebUIKeywordMain.stepFailed(WebUIKeywordMain.groovy:64)
	at com.kms.katalon.core.webui.keyword.internal.WebUIKeywordMain.runKeyword(WebUIKeywordMain.groovy:26)
	at com.kms.katalon.core.webui.keyword.builtin.VerifyElementPresentKeyword.verifyElementPresent(VerifyElementPresentKeyword.groovy:92)
	at com.kms.katalon.core.webui.keyword.builtin.VerifyElementPresentKeyword.execute(VerifyElementPresentKeyword.groovy:68)
	at com.kms.katalon.core.keyword.internal.KeywordExecutor.executeKeywordForPlatform(KeywordExecutor.groovy:73)
	at com.kms.katalon.core.webui.keyword.WebUiBuiltInKeywords.verifyElementPresent(WebUiBuiltInKeywords.groovy:1461)
	at com.kms.katalon.core.webui.keyword.WebUiBuiltInKeywords$verifyElementPresent$9.call(Unknown Source)
	at TC_DETAILS_UI_047.run(TC_DETAILS_UI_047:22)
	at com.kms.katalon.core.main.ScriptEngine.run(ScriptEngine.java:194)
	at com.kms.katalon.core.main.ScriptEngine.runScriptAsRawText(ScriptEngine.java:119)
	at com.kms.katalon.core.main.TestCaseExecutor.runScript(TestCaseExecutor.java:339)
	at com.kms.katalon.core.main.TestCaseExecutor.doExecute(TestCaseExecutor.java:330)
	at com.kms.katalon.core.main.TestCaseExecutor.processExecutionPhase(TestCaseExecutor.java:309)
	at com.kms.katalon.core.main.TestCaseExecutor.accessMainPhase(TestCaseExecutor.java:301)
	at com.kms.katalon.core.main.TestCaseExecutor.execute(TestCaseExecutor.java:235)
	at com.kms.katalon.core.main.TestSuiteExecutor.accessTestCaseMainPhase(TestSuiteExecutor.java:191)
	at com.kms.katalon.core.main.TestSuiteExecutor.accessTestSuiteMainPhase(TestSuiteExecutor.java:141)
	at com.kms.katalon.core.main.TestSuiteExecutor.execute(TestSuiteExecutor.java:90)
	at com.kms.katalon.core.main.TestCaseMain.startTestSuite(TestCaseMain.java:157)
	at com.kms.katalon.core.main.TestCaseMain$startTestSuite$0.call(Unknown Source)
	at TempTestSuite1649239689066.run(TempTestSuite1649239689066.groovy:39)
Caused by: com.kms.katalon.core.exception.StepFailedException: com.kms.katalon.core.webui.exception.WebElementNotFoundException: Web element with id: 'Object Repository/Staging Objects/Page_diagnostics/span_User care' located by '//*[(text() = 'User care:' or . = 'User care:')]' not found
	at com.kms.katalon.core.webui.keyword.internal.WebUIKeywordMain.stepFailed(WebUIKeywordMain.groovy:64)
	at com.kms.katalon.core.webui.keyword.builtin.VerifyElementPresentKeyword$_verifyElementPresent_closure1.doCall(VerifyElementPresentKeyword.groovy:85)
	at com.kms.katalon.core.webui.keyword.builtin.VerifyElementPresentKeyword$_verifyElementPresent_closure1.call(VerifyElementPresentKeyword.groovy)
	at com.kms.katalon.core.webui.keyword.internal.WebUIKeywordMain.runKeyword(WebUIKeywordMain.groovy:20)
	... 19 more


2022-04-06 18:31:21 - [TEST_STEP][PASSED] - callTestCase(findTestCase("Custom Item Details/UTILITIES/OPEN_BROWSER"), [:], STOP_ON_FAILURE): Call Test Case 'Test Cases/Custom Item Details/UTILITIES/OPEN_BROWSER' successfully

2022-04-06 18:31:21 - [TEST_CASE][PASSED] - Test Cases/Custom Item Details/UTILITIES/OPEN_BROWSER: Test Cases/Custom Item Details/UTILITIES/OPEN_BROWSER

2022-04-06 18:31:21 - [TEST_STEP][PASSED] - openBrowser("https://diagnostics.staging.arcadier.io/"): Browser is opened with url: 'https://diagnostics.staging.arcadier.io/'

2022-04-06 18:31:21 - [MESSAGE][INFO] - Starting 'Chrome' driver

2022-04-06 18:31:21 - [MESSAGE][INFO] - Action delay is set to 0 milliseconds

2022-04-06 18:31:24 - [MESSAGE][PASSED] - Browser is opened with url: 'https://diagnostics.staging.arcadier.io/'

2022-04-06 18:31:24 - [TEST_STEP][PASSED] - maximizeWindow(): Current window maximized

2022-04-06 18:31:24 - [MESSAGE][PASSED] - Current window maximized

2022-04-06 18:31:24 - [TEST_STEP][PASSED] - click(findTestObject("Item Details Objects/Page_diagnostics/a_Accept Cookies")): Object: 'Object Repository/Item Details Objects/Page_diagnostics/a_Accept Cookies' is clicked on

2022-04-06 18:31:26 - [MESSAGE][PASSED] - Object: 'Object Repository/Item Details Objects/Page_diagnostics/a_Accept Cookies' is clicked on

2022-04-06 18:31:26 - [TEST_STEP][PASSED] - click(findTestObject("New_Homepage/Page_diagnostics/a_COVID-19 DIAGNOSTICS"), STOP_ON_FAILURE): Object: 'Object Repository/New_Homepage/Page_diagnostics/a_COVID-19 DIAGNOSTICS' is clicked on

2022-04-06 18:31:27 - [MESSAGE][PASSED] - Object: 'Object Repository/New_Homepage/Page_diagnostics/a_COVID-19 DIAGNOSTICS' is clicked on

2022-04-06 18:31:27 - [TEST_STEP][PASSED] - mouseOver(findTestObject("New_Homepage/Page_diagnostics/a_Abbott Rapid Diagnostics PANBIO COVID-19 Ag Rapid Test Device (Nasopharyngeal)")): Object: 'Object Repository/New_Homepage/Page_diagnostics/a_Abbott Rapid Diagnostics PANBIO COVID-19 Ag Rapid Test Device (Nasopharyngeal)' is hovered

2022-04-06 18:31:29 - [MESSAGE][PASSED] - Object: 'Object Repository/New_Homepage/Page_diagnostics/a_Abbott Rapid Diagnostics PANBIO COVID-19 Ag Rapid Test Device (Nasopharyngeal)' is hovered

2022-04-06 18:31:29 - [TEST_STEP][PASSED] - click(findTestObject("New_Homepage/Page_diagnostics/a_Abbott Rapid Diagnostics PANBIO COVID-19 Ag Rapid Test Device (Nasopharyngeal)")): Object: 'Object Repository/New_Homepage/Page_diagnostics/a_Abbott Rapid Diagnostics PANBIO COVID-19 Ag Rapid Test Device (Nasopharyngeal)' is clicked on

2022-04-06 18:31:32 - [MESSAGE][PASSED] - Object: 'Object Repository/New_Homepage/Page_diagnostics/a_Abbott Rapid Diagnostics PANBIO COVID-19 Ag Rapid Test Device (Nasopharyngeal)' is clicked on

2022-04-06 18:31:32 - [MESSAGE][PASSED] - Call Test Case 'Test Cases/Custom Item Details/UTILITIES/OPEN_BROWSER' successfully

2022-04-06 18:31:32 - [TEST_STEP][PASSED] - waitForElementVisible(findTestObject("Staging Objects/Page_diagnostics/span_User care"), 0): Web element with id: 'Object Repository/Staging Objects/Page_diagnostics/span_User care' located by '//*[(text() = 'User care:' or . = 'User care:')]' not found

2022-04-06 18:31:32 - [MESSAGE][WARNING] - Timeout '0' is invalid. Using default page load timeout: '30'

2022-04-06 18:32:03 - [MESSAGE][INFO] - Unable to find the element located by 'By.xpath: //*[(text() = 'User care:' or . = 'User care:')]'. Please recheck the objects properties to make sure the desired element is located. 

2022-04-06 18:32:03 - [MESSAGE][WARNING] - Web element with id: 'Object Repository/Staging Objects/Page_diagnostics/span_User care' located by '//*[(text() = 'User care:' or . = 'User care:')]' not found

2022-04-06 18:32:03 - [TEST_STEP][FAILED] - verifyElementPresent(findTestObject("Staging Objects/Page_diagnostics/span_User care"), 0): Unable to verify object 'Object Repository/Staging Objects/Page_diagnostics/span_User care' is present (Root cause: com.kms.katalon.core.exception.StepFailedException: Unable to verify object 'Object Repository/Staging Objects/Page_diagnostics/span_User care' is present
	at com.kms.katalon.core.webui.keyword.internal.WebUIKeywordMain.stepFailed(WebUIKeywordMain.groovy:64)
	at com.kms.katalon.core.webui.keyword.internal.WebUIKeywordMain.runKeyword(WebUIKeywordMain.groovy:26)
	at com.kms.katalon.core.webui.keyword.builtin.VerifyElementPresentKeyword.verifyElementPresent(VerifyElementPresentKeyword.groovy:92)
	at com.kms.katalon.core.webui.keyword.builtin.VerifyElementPresentKeyword.execute(VerifyElementPresentKeyword.groovy:68)
	at com.kms.katalon.core.keyword.internal.KeywordExecutor.executeKeywordForPlatform(KeywordExecutor.groovy:73)
	at com.kms.katalon.core.webui.keyword.WebUiBuiltInKeywords.verifyElementPresent(WebUiBuiltInKeywords.groovy:1461)
	at com.kms.katalon.core.webui.keyword.WebUiBuiltInKeywords$verifyElementPresent$9.call(Unknown Source)
	at TC_DETAILS_UI_047.run(TC_DETAILS_UI_047:22)
	at com.kms.katalon.core.main.ScriptEngine.run(ScriptEngine.java:194)
	at com.kms.katalon.core.main.ScriptEngine.runScriptAsRawText(ScriptEngine.java:119)
	at com.kms.katalon.core.main.TestCaseExecutor.runScript(TestCaseExecutor.java:339)
	at com.kms.katalon.core.main.TestCaseExecutor.doExecute(TestCaseExecutor.java:330)
	at com.kms.katalon.core.main.TestCaseExecutor.processExecutionPhase(TestCaseExecutor.java:309)
	at com.kms.katalon.core.main.TestCaseExecutor.accessMainPhase(TestCaseExecutor.java:301)
	at com.kms.katalon.core.main.TestCaseExecutor.execute(TestCaseExecutor.java:235)
	at com.kms.katalon.core.main.TestSuiteExecutor.accessTestCaseMainPhase(TestSuiteExecutor.java:191)
	at com.kms.katalon.core.main.TestSuiteExecutor.accessTestSuiteMainPhase(TestSuiteExecutor.java:141)
	at com.kms.katalon.core.main.TestSuiteExecutor.execute(TestSuiteExecutor.java:90)
	at com.kms.katalon.core.main.TestCaseMain.startTestSuite(TestCaseMain.java:157)
	at com.kms.katalon.core.main.TestCaseMain$startTestSuite$0.call(Unknown Source)
	at TempTestSuite1649239689066.run(TempTestSuite1649239689066.groovy:39)
Caused by: com.kms.katalon.core.exception.StepFailedException: com.kms.katalon.core.webui.exception.WebElementNotFoundException: Web element with id: 'Object Repository/Staging Objects/Page_diagnostics/span_User care' located by '//*[(text() = 'User care:' or . = 'User care:')]' not found
	at com.kms.katalon.core.webui.keyword.internal.WebUIKeywordMain.stepFailed(WebUIKeywordMain.groovy:64)
	at com.kms.katalon.core.webui.keyword.builtin.VerifyElementPresentKeyword$_verifyElementPresent_closure1.doCall(VerifyElementPresentKeyword.groovy:85)
	at com.kms.katalon.core.webui.keyword.builtin.VerifyElementPresentKeyword$_verifyElementPresent_closure1.call(VerifyElementPresentKeyword.groovy)
	at com.kms.katalon.core.webui.keyword.internal.WebUIKeywordMain.runKeyword(WebUIKeywordMain.groovy:20)
	... 19 more
)

2022-04-06 18:32:03 - [MESSAGE][WARNING] - Timeout '0' is invalid. Using default page load timeout: '30'

2022-04-06 18:32:34 - [MESSAGE][INFO] - Unable to find the element located by 'By.xpath: //*[(text() = 'User care:' or . = 'User care:')]'. Please recheck the objects properties to make sure the desired element is located. 

2022-04-06 18:32:34 - [MESSAGE][FAILED] - com.kms.katalon.core.webui.exception.WebElementNotFoundException: Web element with id: 'Object Repository/Staging Objects/Page_diagnostics/span_User care' located by '//*[(text() = 'User care:' or . = 'User care:')]' not found (Root cause: com.kms.katalon.core.exception.StepFailedException: com.kms.katalon.core.webui.exception.WebElementNotFoundException: Web element with id: 'Object Repository/Staging Objects/Page_diagnostics/span_User care' located by '//*[(text() = 'User care:' or . = 'User care:')]' not found
	at com.kms.katalon.core.webui.keyword.internal.WebUIKeywordMain.stepFailed(WebUIKeywordMain.groovy:64)
	at com.kms.katalon.core.webui.keyword.builtin.VerifyElementPresentKeyword$_verifyElementPresent_closure1.doCall(VerifyElementPresentKeyword.groovy:85)
	at com.kms.katalon.core.webui.keyword.builtin.VerifyElementPresentKeyword$_verifyElementPresent_closure1.call(VerifyElementPresentKeyword.groovy)
	at com.kms.katalon.core.webui.keyword.internal.WebUIKeywordMain.runKeyword(WebUIKeywordMain.groovy:20)
	at com.kms.katalon.core.webui.keyword.builtin.VerifyElementPresentKeyword.verifyElementPresent(VerifyElementPresentKeyword.groovy:92)
	at com.kms.katalon.core.webui.keyword.builtin.VerifyElementPresentKeyword.execute(VerifyElementPresentKeyword.groovy:68)
	at com.kms.katalon.core.keyword.internal.KeywordExecutor.executeKeywordForPlatform(KeywordExecutor.groovy:73)
	at com.kms.katalon.core.webui.keyword.WebUiBuiltInKeywords.verifyElementPresent(WebUiBuiltInKeywords.groovy:1461)
	at com.kms.katalon.core.webui.keyword.WebUiBuiltInKeywords$verifyElementPresent$9.call(Unknown Source)
	at TC_DETAILS_UI_047.run(TC_DETAILS_UI_047:22)
	at com.kms.katalon.core.main.ScriptEngine.run(ScriptEngine.java:194)
	at com.kms.katalon.core.main.ScriptEngine.runScriptAsRawText(ScriptEngine.java:119)
	at com.kms.katalon.core.main.TestCaseExecutor.runScript(TestCaseExecutor.java:339)
	at com.kms.katalon.core.main.TestCaseExecutor.doExecute(TestCaseExecutor.java:330)
	at com.kms.katalon.core.main.TestCaseExecutor.processExecutionPhase(TestCaseExecutor.java:309)
	at com.kms.katalon.core.main.TestCaseExecutor.accessMainPhase(TestCaseExecutor.java:301)
	at com.kms.katalon.core.main.TestCaseExecutor.execute(TestCaseExecutor.java:235)
	at com.kms.katalon.core.main.TestSuiteExecutor.accessTestCaseMainPhase(TestSuiteExecutor.java:191)
	at com.kms.katalon.core.main.TestSuiteExecutor.accessTestSuiteMainPhase(TestSuiteExecutor.java:141)
	at com.kms.katalon.core.main.TestSuiteExecutor.execute(TestSuiteExecutor.java:90)
	at com.kms.katalon.core.main.TestCaseMain.startTestSuite(TestCaseMain.java:157)
	at com.kms.katalon.core.main.TestCaseMain$startTestSuite$0.call(Unknown Source)
	at TempTestSuite1649239689066.run(TempTestSuite1649239689066.groovy:39)
)
[[ATTACHMENT|K:\\Work\\GitHub\\find-item-detail-test_v2\\Reports\\20220406_180809\\Item detail test\\20220406_180809\\1649241154849.png]]

2022-04-06 18:32:35 - [MESSAGE][FAILED] - Unable to verify object 'Object Repository/Staging Objects/Page_diagnostics/span_User care' is present (Root cause: com.kms.katalon.core.exception.StepFailedException: Unable to verify object 'Object Repository/Staging Objects/Page_diagnostics/span_User care' is present
	at com.kms.katalon.core.webui.keyword.internal.WebUIKeywordMain.stepFailed(WebUIKeywordMain.groovy:64)
	at com.kms.katalon.core.webui.keyword.internal.WebUIKeywordMain.runKeyword(WebUIKeywordMain.groovy:26)
	at com.kms.katalon.core.webui.keyword.builtin.VerifyElementPresentKeyword.verifyElementPresent(VerifyElementPresentKeyword.groovy:92)
	at com.kms.katalon.core.webui.keyword.builtin.VerifyElementPresentKeyword.execute(VerifyElementPresentKeyword.groovy:68)
	at com.kms.katalon.core.keyword.internal.KeywordExecutor.executeKeywordForPlatform(KeywordExecutor.groovy:73)
	at com.kms.katalon.core.webui.keyword.WebUiBuiltInKeywords.verifyElementPresent(WebUiBuiltInKeywords.groovy:1461)
	at com.kms.katalon.core.webui.keyword.WebUiBuiltInKeywords$verifyElementPresent$9.call(Unknown Source)
	at TC_DETAILS_UI_047.run(TC_DETAILS_UI_047:22)
	at com.kms.katalon.core.main.ScriptEngine.run(ScriptEngine.java:194)
	at com.kms.katalon.core.main.ScriptEngine.runScriptAsRawText(ScriptEngine.java:119)
	at com.kms.katalon.core.main.TestCaseExecutor.runScript(TestCaseExecutor.java:339)
	at com.kms.katalon.core.main.TestCaseExecutor.doExecute(TestCaseExecutor.java:330)
	at com.kms.katalon.core.main.TestCaseExecutor.processExecutionPhase(TestCaseExecutor.java:309)
	at com.kms.katalon.core.main.TestCaseExecutor.accessMainPhase(TestCaseExecutor.java:301)
	at com.kms.katalon.core.main.TestCaseExecutor.execute(TestCaseExecutor.java:235)
	at com.kms.katalon.core.main.TestSuiteExecutor.accessTestCaseMainPhase(TestSuiteExecutor.java:191)
	at com.kms.katalon.core.main.TestSuiteExecutor.accessTestSuiteMainPhase(TestSuiteExecutor.java:141)
	at com.kms.katalon.core.main.TestSuiteExecutor.execute(TestSuiteExecutor.java:90)
	at com.kms.katalon.core.main.TestCaseMain.startTestSuite(TestCaseMain.java:157)
	at com.kms.katalon.core.main.TestCaseMain$startTestSuite$0.call(Unknown Source)
	at TempTestSuite1649239689066.run(TempTestSuite1649239689066.groovy:39)
Caused by: com.kms.katalon.core.exception.StepFailedException: com.kms.katalon.core.webui.exception.WebElementNotFoundException: Web element with id: 'Object Repository/Staging Objects/Page_diagnostics/span_User care' located by '//*[(text() = 'User care:' or . = 'User care:')]' not found
	at com.kms.katalon.core.webui.keyword.internal.WebUIKeywordMain.stepFailed(WebUIKeywordMain.groovy:64)
	at com.kms.katalon.core.webui.keyword.builtin.VerifyElementPresentKeyword$_verifyElementPresent_closure1.doCall(VerifyElementPresentKeyword.groovy:85)
	at com.kms.katalon.core.webui.keyword.builtin.VerifyElementPresentKeyword$_verifyElementPresent_closure1.call(VerifyElementPresentKeyword.groovy)
	at com.kms.katalon.core.webui.keyword.internal.WebUIKeywordMain.runKeyword(WebUIKeywordMain.groovy:20)
	... 19 more
)
[[ATTACHMENT|K:\\Work\\GitHub\\find-item-detail-test_v2\\Reports\\20220406_180809\\Item detail test\\20220406_180809\\1649241154996.png]]]]></system-out>
         <system-err><![CDATA[2022-04-06 18:31:21 - [TEST_CASE][FAILED] - Test Cases/Custom Item Details/TEST CASE/TC_DETAILS_UI_047: Test Cases/Custom Item Details/TEST CASE/TC_DETAILS_UI_047 FAILED.
Reason:
com.kms.katalon.core.exception.StepFailedException: Unable to verify object 'Object Repository/Staging Objects/Page_diagnostics/span_User care' is present
	at com.kms.katalon.core.webui.keyword.internal.WebUIKeywordMain.stepFailed(WebUIKeywordMain.groovy:64)
	at com.kms.katalon.core.webui.keyword.internal.WebUIKeywordMain.runKeyword(WebUIKeywordMain.groovy:26)
	at com.kms.katalon.core.webui.keyword.builtin.VerifyElementPresentKeyword.verifyElementPresent(VerifyElementPresentKeyword.groovy:92)
	at com.kms.katalon.core.webui.keyword.builtin.VerifyElementPresentKeyword.execute(VerifyElementPresentKeyword.groovy:68)
	at com.kms.katalon.core.keyword.internal.KeywordExecutor.executeKeywordForPlatform(KeywordExecutor.groovy:73)
	at com.kms.katalon.core.webui.keyword.WebUiBuiltInKeywords.verifyElementPresent(WebUiBuiltInKeywords.groovy:1461)
	at com.kms.katalon.core.webui.keyword.WebUiBuiltInKeywords$verifyElementPresent$9.call(Unknown Source)
	at TC_DETAILS_UI_047.run(TC_DETAILS_UI_047:22)
	at com.kms.katalon.core.main.ScriptEngine.run(ScriptEngine.java:194)
	at com.kms.katalon.core.main.ScriptEngine.runScriptAsRawText(ScriptEngine.java:119)
	at com.kms.katalon.core.main.TestCaseExecutor.runScript(TestCaseExecutor.java:339)
	at com.kms.katalon.core.main.TestCaseExecutor.doExecute(TestCaseExecutor.java:330)
	at com.kms.katalon.core.main.TestCaseExecutor.processExecutionPhase(TestCaseExecutor.java:309)
	at com.kms.katalon.core.main.TestCaseExecutor.accessMainPhase(TestCaseExecutor.java:301)
	at com.kms.katalon.core.main.TestCaseExecutor.execute(TestCaseExecutor.java:235)
	at com.kms.katalon.core.main.TestSuiteExecutor.accessTestCaseMainPhase(TestSuiteExecutor.java:191)
	at com.kms.katalon.core.main.TestSuiteExecutor.accessTestSuiteMainPhase(TestSuiteExecutor.java:141)
	at com.kms.katalon.core.main.TestSuiteExecutor.execute(TestSuiteExecutor.java:90)
	at com.kms.katalon.core.main.TestCaseMain.startTestSuite(TestCaseMain.java:157)
	at com.kms.katalon.core.main.TestCaseMain$startTestSuite$0.call(Unknown Source)
	at TempTestSuite1649239689066.run(TempTestSuite1649239689066.groovy:39)
Caused by: com.kms.katalon.core.exception.StepFailedException: com.kms.katalon.core.webui.exception.WebElementNotFoundException: Web element with id: 'Object Repository/Staging Objects/Page_diagnostics/span_User care' located by '//*[(text() = 'User care:' or . = 'User care:')]' not found
	at com.kms.katalon.core.webui.keyword.internal.WebUIKeywordMain.stepFailed(WebUIKeywordMain.groovy:64)
	at com.kms.katalon.core.webui.keyword.builtin.VerifyElementPresentKeyword$_verifyElementPresent_closure1.doCall(VerifyElementPresentKeyword.groovy:85)
	at com.kms.katalon.core.webui.keyword.builtin.VerifyElementPresentKeyword$_verifyElementPresent_closure1.call(VerifyElementPresentKeyword.groovy)
	at com.kms.katalon.core.webui.keyword.internal.WebUIKeywordMain.runKeyword(WebUIKeywordMain.groovy:20)
	... 19 more]]></system-err>
      </testcase>
      <testcase name="Test Cases/Custom Item Details/TEST CASE/TC_DETAILS_UI_048" time="14.489" classname="Test Cases/Custom Item Details/TEST CASE/TC_DETAILS_UI_048" status="PASSED">
         <system-out><![CDATA[2022-04-06 18:32:35 - [TEST_CASE][PASSED] - Test Cases/Custom Item Details/TEST CASE/TC_DETAILS_UI_048: Test Cases/Custom Item Details/TEST CASE/TC_DETAILS_UI_048

2022-04-06 18:32:35 - [TEST_STEP][PASSED] - callTestCase(findTestCase("Custom Item Details/UTILITIES/OPEN_BROWSER"), [:], STOP_ON_FAILURE): Call Test Case 'Test Cases/Custom Item Details/UTILITIES/OPEN_BROWSER' successfully

2022-04-06 18:32:35 - [TEST_CASE][PASSED] - Test Cases/Custom Item Details/UTILITIES/OPEN_BROWSER: Test Cases/Custom Item Details/UTILITIES/OPEN_BROWSER

2022-04-06 18:32:35 - [TEST_STEP][PASSED] - openBrowser("https://diagnostics.staging.arcadier.io/"): Browser is opened with url: 'https://diagnostics.staging.arcadier.io/'

2022-04-06 18:32:35 - [MESSAGE][WARNING] - A browser is already opened. Closing browser and opening a new one

2022-04-06 18:32:36 - [MESSAGE][INFO] - Starting 'Chrome' driver

2022-04-06 18:32:36 - [MESSAGE][INFO] - Action delay is set to 0 milliseconds

2022-04-06 18:32:39 - [MESSAGE][PASSED] - Browser is opened with url: 'https://diagnostics.staging.arcadier.io/'

2022-04-06 18:32:39 - [TEST_STEP][PASSED] - maximizeWindow(): Current window maximized

2022-04-06 18:32:39 - [MESSAGE][PASSED] - Current window maximized

2022-04-06 18:32:39 - [TEST_STEP][PASSED] - click(findTestObject("Item Details Objects/Page_diagnostics/a_Accept Cookies")): Object: 'Object Repository/Item Details Objects/Page_diagnostics/a_Accept Cookies' is clicked on

2022-04-06 18:32:41 - [MESSAGE][PASSED] - Object: 'Object Repository/Item Details Objects/Page_diagnostics/a_Accept Cookies' is clicked on

2022-04-06 18:32:41 - [TEST_STEP][PASSED] - click(findTestObject("New_Homepage/Page_diagnostics/a_COVID-19 DIAGNOSTICS"), STOP_ON_FAILURE): Object: 'Object Repository/New_Homepage/Page_diagnostics/a_COVID-19 DIAGNOSTICS' is clicked on

2022-04-06 18:32:43 - [MESSAGE][PASSED] - Object: 'Object Repository/New_Homepage/Page_diagnostics/a_COVID-19 DIAGNOSTICS' is clicked on

2022-04-06 18:32:43 - [TEST_STEP][PASSED] - mouseOver(findTestObject("New_Homepage/Page_diagnostics/a_Abbott Rapid Diagnostics PANBIO COVID-19 Ag Rapid Test Device (Nasopharyngeal)")): Object: 'Object Repository/New_Homepage/Page_diagnostics/a_Abbott Rapid Diagnostics PANBIO COVID-19 Ag Rapid Test Device (Nasopharyngeal)' is hovered

2022-04-06 18:32:44 - [MESSAGE][PASSED] - Object: 'Object Repository/New_Homepage/Page_diagnostics/a_Abbott Rapid Diagnostics PANBIO COVID-19 Ag Rapid Test Device (Nasopharyngeal)' is hovered

2022-04-06 18:32:44 - [TEST_STEP][PASSED] - click(findTestObject("New_Homepage/Page_diagnostics/a_Abbott Rapid Diagnostics PANBIO COVID-19 Ag Rapid Test Device (Nasopharyngeal)")): Object: 'Object Repository/New_Homepage/Page_diagnostics/a_Abbott Rapid Diagnostics PANBIO COVID-19 Ag Rapid Test Device (Nasopharyngeal)' is clicked on

2022-04-06 18:32:47 - [MESSAGE][PASSED] - Object: 'Object Repository/New_Homepage/Page_diagnostics/a_Abbott Rapid Diagnostics PANBIO COVID-19 Ag Rapid Test Device (Nasopharyngeal)' is clicked on

2022-04-06 18:32:47 - [MESSAGE][PASSED] - Call Test Case 'Test Cases/Custom Item Details/UTILITIES/OPEN_BROWSER' successfully

2022-04-06 18:32:47 - [TEST_STEP][PASSED] - verifyElementPresent(findTestObject("Item Details Objects/Page_diagnostics/div_Price_Box"), 0): Object 'Object Repository/Item Details Objects/Page_diagnostics/div_Price_Box' is present

2022-04-06 18:32:47 - [MESSAGE][WARNING] - Timeout '0' is invalid. Using default page load timeout: '30'

2022-04-06 18:32:48 - [MESSAGE][PASSED] - Object 'Object Repository/Item Details Objects/Page_diagnostics/div_Price_Box' is present

2022-04-06 18:32:48 - [TEST_STEP][PASSED] - verifyElementNotVisible(findTestObject("Item Details Objects/Page_diagnostics/div_Price_Box"), STOP_ON_FAILURE): Object 'Object Repository/Item Details Objects/Page_diagnostics/div_Price_Box' is NOT visible

2022-04-06 18:32:48 - [MESSAGE][PASSED] - Object 'Object Repository/Item Details Objects/Page_diagnostics/div_Price_Box' is NOT visible

2022-04-06 18:32:48 - [TEST_STEP][PASSED] - callTestCase(findTestCase("Custom Item Details/UTILITIES/CLOSE_BROWSER"), [:], STOP_ON_FAILURE): Call Test Case 'Test Cases/Custom Item Details/UTILITIES/CLOSE_BROWSER' successfully

2022-04-06 18:32:48 - [TEST_CASE][PASSED] - Test Cases/Custom Item Details/UTILITIES/CLOSE_BROWSER: Test Cases/Custom Item Details/UTILITIES/CLOSE_BROWSER

2022-04-06 18:32:48 - [TEST_STEP][PASSED] - closeBrowser(): Browser is closed

2022-04-06 18:32:49 - [MESSAGE][PASSED] - Browser is closed

2022-04-06 18:32:49 - [MESSAGE][PASSED] - Call Test Case 'Test Cases/Custom Item Details/UTILITIES/CLOSE_BROWSER' successfully]]></system-out>
         <system-err><![CDATA[]]></system-err>
      </testcase>
      <testcase name="Test Cases/Custom Item Details/TEST CASE/TC_DETAILS_UI_049" time="14.398" classname="Test Cases/Custom Item Details/TEST CASE/TC_DETAILS_UI_049" status="FAILED">
         <failure type="FAILED" message="Test Cases/Custom Item Details/TEST CASE/TC_DETAILS_UI_049 FAILED.
Reason:
com.kms.katalon.core.exception.StepFailedException: Unable to click on object 'Object Repository/Staging Objects/Page_diagnostics/a_REQUEST FOR QUOTATION'
	at com.kms.katalon.core.webui.keyword.internal.WebUIKeywordMain.stepFailed(WebUIKeywordMain.groovy:64)
	at com.kms.katalon.core.webui.keyword.internal.WebUIKeywordMain.runKeyword(WebUIKeywordMain.groovy:26)
	at com.kms.katalon.core.webui.keyword.builtin.ClickKeyword.click(ClickKeyword.groovy:76)
	at com.kms.katalon.core.webui.keyword.builtin.ClickKeyword.execute(ClickKeyword.groovy:43)
	at com.kms.katalon.core.keyword.internal.KeywordExecutor.executeKeywordForPlatform(KeywordExecutor.groovy:73)
	at com.kms.katalon.core.webui.keyword.WebUiBuiltInKeywords.click(WebUiBuiltInKeywords.groovy:617)
	at com.kms.katalon.core.webui.keyword.WebUiBuiltInKeywords$click$1.call(Unknown Source)
	at TC_DETAILS_UI_049.run(TC_DETAILS_UI_049:22)
	at com.kms.katalon.core.main.ScriptEngine.run(ScriptEngine.java:194)
	at com.kms.katalon.core.main.ScriptEngine.runScriptAsRawText(ScriptEngine.java:119)
	at com.kms.katalon.core.main.TestCaseExecutor.runScript(TestCaseExecutor.java:339)
	at com.kms.katalon.core.main.TestCaseExecutor.doExecute(TestCaseExecutor.java:330)
	at com.kms.katalon.core.main.TestCaseExecutor.processExecutionPhase(TestCaseExecutor.java:309)
	at com.kms.katalon.core.main.TestCaseExecutor.accessMainPhase(TestCaseExecutor.java:301)
	at com.kms.katalon.core.main.TestCaseExecutor.execute(TestCaseExecutor.java:235)
	at com.kms.katalon.core.main.TestSuiteExecutor.accessTestCaseMainPhase(TestSuiteExecutor.java:191)
	at com.kms.katalon.core.main.TestSuiteExecutor.accessTestSuiteMainPhase(TestSuiteExecutor.java:141)
	at com.kms.katalon.core.main.TestSuiteExecutor.execute(TestSuiteExecutor.java:90)
	at com.kms.katalon.core.main.TestCaseMain.startTestSuite(TestCaseMain.java:157)
	at com.kms.katalon.core.main.TestCaseMain$startTestSuite$0.call(Unknown Source)
	at TempTestSuite1649239689066.run(TempTestSuite1649239689066.groovy:39)
Caused by: org.openqa.selenium.WebDriverException: unknown error: cannot determine loading status
from target frame detached
  (Session info: chrome=99.0.4844.84)
Build info: version: '3.141.59', revision: 'e82be7d358', time: '2018-11-14T08:25:53'
System info: host: 'DESKTOP-IJBB9BE', ip: '192.168.1.2', os.name: 'Windows 10', os.arch: 'amd64', os.version: '10.0', java.version: '1.8.0_181'
Driver info: com.kms.katalon.selenium.driver.CChromeDriver
Capabilities {acceptInsecureCerts: false, browserName: chrome, browserVersion: 99.0.4844.84, chrome: {chromedriverVersion: 99.0.4844.51 (d537ec02474b5..., userDataDir: C:\Users\Lexoter\AppData\Lo...}, goog:chromeOptions: {debuggerAddress: localhost:5660}, javascriptEnabled: true, networkConnectionEnabled: false, pageLoadStrategy: normal, platform: WINDOWS, platformName: WINDOWS, proxy: Proxy(), setWindowRect: true, strictFileInteractability: false, timeouts: {implicit: 0, pageLoad: 300000, script: 30000}, unhandledPromptBehavior: dismiss and notify, webauthn:extension:credBlob: true, webauthn:extension:largeBlob: true, webauthn:virtualAuthenticators: true}
Session ID: 10b7166adcd1c28563fe660405a2a376
	at org.openqa.selenium.remote.http.W3CHttpResponseCodec.createException(W3CHttpResponseCodec.java:187)
	at org.openqa.selenium.remote.http.W3CHttpResponseCodec.decode(W3CHttpResponseCodec.java:122)
	at org.openqa.selenium.remote.http.W3CHttpResponseCodec.decode(W3CHttpResponseCodec.java:49)
	at org.openqa.selenium.remote.HttpCommandExecutor.execute(HttpCommandExecutor.java:158)
	at org.openqa.selenium.remote.service.DriverCommandExecutor.execute(DriverCommandExecutor.java:83)
	at org.openqa.selenium.remote.RemoteWebDriver.execute(RemoteWebDriver.java:552)
	at com.kms.katalon.selenium.driver.CChromeDriver.execute(CChromeDriver.java:19)
	at org.openqa.selenium.remote.RemoteWebElement.execute(RemoteWebElement.java:285)
	at org.openqa.selenium.remote.RemoteWebElement.click(RemoteWebElement.java:84)
	at org.openqa.selenium.support.events.EventFiringWebDriver$EventFiringWebElement.lambda$new$0(EventFiringWebDriver.java:404)
	at com.sun.proxy.$Proxy10.click(Unknown Source)
	at org.openqa.selenium.support.events.EventFiringWebDriver$EventFiringWebElement.click(EventFiringWebDriver.java:417)
	at com.kms.katalon.core.webui.keyword.builtin.ClickKeyword$_click_closure1.doCall(ClickKeyword.groovy:69)
	at com.kms.katalon.core.webui.keyword.builtin.ClickKeyword$_click_closure1.call(ClickKeyword.groovy)
	at com.kms.katalon.core.webui.keyword.internal.WebUIKeywordMain.runKeyword(WebUIKeywordMain.groovy:20)
	... 19 more
"/>
         <system-out><![CDATA[2022-04-06 18:32:49 - [TEST_CASE][FAILED] - Test Cases/Custom Item Details/TEST CASE/TC_DETAILS_UI_049: Test Cases/Custom Item Details/TEST CASE/TC_DETAILS_UI_049 FAILED.
Reason:
com.kms.katalon.core.exception.StepFailedException: Unable to click on object 'Object Repository/Staging Objects/Page_diagnostics/a_REQUEST FOR QUOTATION'
	at com.kms.katalon.core.webui.keyword.internal.WebUIKeywordMain.stepFailed(WebUIKeywordMain.groovy:64)
	at com.kms.katalon.core.webui.keyword.internal.WebUIKeywordMain.runKeyword(WebUIKeywordMain.groovy:26)
	at com.kms.katalon.core.webui.keyword.builtin.ClickKeyword.click(ClickKeyword.groovy:76)
	at com.kms.katalon.core.webui.keyword.builtin.ClickKeyword.execute(ClickKeyword.groovy:43)
	at com.kms.katalon.core.keyword.internal.KeywordExecutor.executeKeywordForPlatform(KeywordExecutor.groovy:73)
	at com.kms.katalon.core.webui.keyword.WebUiBuiltInKeywords.click(WebUiBuiltInKeywords.groovy:617)
	at com.kms.katalon.core.webui.keyword.WebUiBuiltInKeywords$click$1.call(Unknown Source)
	at TC_DETAILS_UI_049.run(TC_DETAILS_UI_049:22)
	at com.kms.katalon.core.main.ScriptEngine.run(ScriptEngine.java:194)
	at com.kms.katalon.core.main.ScriptEngine.runScriptAsRawText(ScriptEngine.java:119)
	at com.kms.katalon.core.main.TestCaseExecutor.runScript(TestCaseExecutor.java:339)
	at com.kms.katalon.core.main.TestCaseExecutor.doExecute(TestCaseExecutor.java:330)
	at com.kms.katalon.core.main.TestCaseExecutor.processExecutionPhase(TestCaseExecutor.java:309)
	at com.kms.katalon.core.main.TestCaseExecutor.accessMainPhase(TestCaseExecutor.java:301)
	at com.kms.katalon.core.main.TestCaseExecutor.execute(TestCaseExecutor.java:235)
	at com.kms.katalon.core.main.TestSuiteExecutor.accessTestCaseMainPhase(TestSuiteExecutor.java:191)
	at com.kms.katalon.core.main.TestSuiteExecutor.accessTestSuiteMainPhase(TestSuiteExecutor.java:141)
	at com.kms.katalon.core.main.TestSuiteExecutor.execute(TestSuiteExecutor.java:90)
	at com.kms.katalon.core.main.TestCaseMain.startTestSuite(TestCaseMain.java:157)
	at com.kms.katalon.core.main.TestCaseMain$startTestSuite$0.call(Unknown Source)
	at TempTestSuite1649239689066.run(TempTestSuite1649239689066.groovy:39)
Caused by: org.openqa.selenium.WebDriverException: unknown error: cannot determine loading status
from target frame detached
  (Session info: chrome=99.0.4844.84)
Build info: version: '3.141.59', revision: 'e82be7d358', time: '2018-11-14T08:25:53'
System info: host: 'DESKTOP-IJBB9BE', ip: '192.168.1.2', os.name: 'Windows 10', os.arch: 'amd64', os.version: '10.0', java.version: '1.8.0_181'
Driver info: com.kms.katalon.selenium.driver.CChromeDriver
Capabilities {acceptInsecureCerts: false, browserName: chrome, browserVersion: 99.0.4844.84, chrome: {chromedriverVersion: 99.0.4844.51 (d537ec02474b5..., userDataDir: C:\Users\Lexoter\AppData\Lo...}, goog:chromeOptions: {debuggerAddress: localhost:5660}, javascriptEnabled: true, networkConnectionEnabled: false, pageLoadStrategy: normal, platform: WINDOWS, platformName: WINDOWS, proxy: Proxy(), setWindowRect: true, strictFileInteractability: false, timeouts: {implicit: 0, pageLoad: 300000, script: 30000}, unhandledPromptBehavior: dismiss and notify, webauthn:extension:credBlob: true, webauthn:extension:largeBlob: true, webauthn:virtualAuthenticators: true}
Session ID: 10b7166adcd1c28563fe660405a2a376
	at org.openqa.selenium.remote.http.W3CHttpResponseCodec.createException(W3CHttpResponseCodec.java:187)
	at org.openqa.selenium.remote.http.W3CHttpResponseCodec.decode(W3CHttpResponseCodec.java:122)
	at org.openqa.selenium.remote.http.W3CHttpResponseCodec.decode(W3CHttpResponseCodec.java:49)
	at org.openqa.selenium.remote.HttpCommandExecutor.execute(HttpCommandExecutor.java:158)
	at org.openqa.selenium.remote.service.DriverCommandExecutor.execute(DriverCommandExecutor.java:83)
	at org.openqa.selenium.remote.RemoteWebDriver.execute(RemoteWebDriver.java:552)
	at com.kms.katalon.selenium.driver.CChromeDriver.execute(CChromeDriver.java:19)
	at org.openqa.selenium.remote.RemoteWebElement.execute(RemoteWebElement.java:285)
	at org.openqa.selenium.remote.RemoteWebElement.click(RemoteWebElement.java:84)
	at org.openqa.selenium.support.events.EventFiringWebDriver$EventFiringWebElement.lambda$new$0(EventFiringWebDriver.java:404)
	at com.sun.proxy.$Proxy10.click(Unknown Source)
	at org.openqa.selenium.support.events.EventFiringWebDriver$EventFiringWebElement.click(EventFiringWebDriver.java:417)
	at com.kms.katalon.core.webui.keyword.builtin.ClickKeyword$_click_closure1.doCall(ClickKeyword.groovy:69)
	at com.kms.katalon.core.webui.keyword.builtin.ClickKeyword$_click_closure1.call(ClickKeyword.groovy)
	at com.kms.katalon.core.webui.keyword.internal.WebUIKeywordMain.runKeyword(WebUIKeywordMain.groovy:20)
	... 19 more


2022-04-06 18:32:49 - [TEST_STEP][PASSED] - callTestCase(findTestCase("Custom Item Details/UTILITIES/OPEN_BROWSER"), [:], STOP_ON_FAILURE): Call Test Case 'Test Cases/Custom Item Details/UTILITIES/OPEN_BROWSER' successfully

2022-04-06 18:32:49 - [TEST_CASE][PASSED] - Test Cases/Custom Item Details/UTILITIES/OPEN_BROWSER: Test Cases/Custom Item Details/UTILITIES/OPEN_BROWSER

2022-04-06 18:32:49 - [TEST_STEP][PASSED] - openBrowser("https://diagnostics.staging.arcadier.io/"): Browser is opened with url: 'https://diagnostics.staging.arcadier.io/'

2022-04-06 18:32:49 - [MESSAGE][INFO] - Starting 'Chrome' driver

2022-04-06 18:32:49 - [MESSAGE][INFO] - Action delay is set to 0 milliseconds

2022-04-06 18:32:53 - [MESSAGE][PASSED] - Browser is opened with url: 'https://diagnostics.staging.arcadier.io/'

2022-04-06 18:32:53 - [TEST_STEP][PASSED] - maximizeWindow(): Current window maximized

2022-04-06 18:32:53 - [MESSAGE][PASSED] - Current window maximized

2022-04-06 18:32:53 - [TEST_STEP][PASSED] - click(findTestObject("Item Details Objects/Page_diagnostics/a_Accept Cookies")): Object: 'Object Repository/Item Details Objects/Page_diagnostics/a_Accept Cookies' is clicked on

2022-04-06 18:32:55 - [MESSAGE][PASSED] - Object: 'Object Repository/Item Details Objects/Page_diagnostics/a_Accept Cookies' is clicked on

2022-04-06 18:32:55 - [TEST_STEP][PASSED] - click(findTestObject("New_Homepage/Page_diagnostics/a_COVID-19 DIAGNOSTICS"), STOP_ON_FAILURE): Object: 'Object Repository/New_Homepage/Page_diagnostics/a_COVID-19 DIAGNOSTICS' is clicked on

2022-04-06 18:32:57 - [MESSAGE][PASSED] - Object: 'Object Repository/New_Homepage/Page_diagnostics/a_COVID-19 DIAGNOSTICS' is clicked on

2022-04-06 18:32:57 - [TEST_STEP][PASSED] - mouseOver(findTestObject("New_Homepage/Page_diagnostics/a_Abbott Rapid Diagnostics PANBIO COVID-19 Ag Rapid Test Device (Nasopharyngeal)")): Object: 'Object Repository/New_Homepage/Page_diagnostics/a_Abbott Rapid Diagnostics PANBIO COVID-19 Ag Rapid Test Device (Nasopharyngeal)' is hovered

2022-04-06 18:32:59 - [MESSAGE][PASSED] - Object: 'Object Repository/New_Homepage/Page_diagnostics/a_Abbott Rapid Diagnostics PANBIO COVID-19 Ag Rapid Test Device (Nasopharyngeal)' is hovered

2022-04-06 18:32:59 - [TEST_STEP][PASSED] - click(findTestObject("New_Homepage/Page_diagnostics/a_Abbott Rapid Diagnostics PANBIO COVID-19 Ag Rapid Test Device (Nasopharyngeal)")): Object: 'Object Repository/New_Homepage/Page_diagnostics/a_Abbott Rapid Diagnostics PANBIO COVID-19 Ag Rapid Test Device (Nasopharyngeal)' is clicked on

2022-04-06 18:33:01 - [MESSAGE][PASSED] - Object: 'Object Repository/New_Homepage/Page_diagnostics/a_Abbott Rapid Diagnostics PANBIO COVID-19 Ag Rapid Test Device (Nasopharyngeal)' is clicked on

2022-04-06 18:33:01 - [MESSAGE][PASSED] - Call Test Case 'Test Cases/Custom Item Details/UTILITIES/OPEN_BROWSER' successfully

2022-04-06 18:33:01 - [TEST_STEP][PASSED] - waitForElementVisible(findTestObject("Staging Objects/Page_diagnostics/a_REQUEST FOR QUOTATION"), 0): Object 'Object Repository/Staging Objects/Page_diagnostics/a_REQUEST FOR QUOTATION' is visible

2022-04-06 18:33:01 - [MESSAGE][WARNING] - Timeout '0' is invalid. Using default page load timeout: '30'

2022-04-06 18:33:03 - [MESSAGE][PASSED] - Object 'Object Repository/Staging Objects/Page_diagnostics/a_REQUEST FOR QUOTATION' is visible

2022-04-06 18:33:03 - [TEST_STEP][FAILED] - click(findTestObject("Staging Objects/Page_diagnostics/a_REQUEST FOR QUOTATION")): Unable to click on object 'Object Repository/Staging Objects/Page_diagnostics/a_REQUEST FOR QUOTATION' (Root cause: com.kms.katalon.core.exception.StepFailedException: Unable to click on object 'Object Repository/Staging Objects/Page_diagnostics/a_REQUEST FOR QUOTATION'
	at com.kms.katalon.core.webui.keyword.internal.WebUIKeywordMain.stepFailed(WebUIKeywordMain.groovy:64)
	at com.kms.katalon.core.webui.keyword.internal.WebUIKeywordMain.runKeyword(WebUIKeywordMain.groovy:26)
	at com.kms.katalon.core.webui.keyword.builtin.ClickKeyword.click(ClickKeyword.groovy:76)
	at com.kms.katalon.core.webui.keyword.builtin.ClickKeyword.execute(ClickKeyword.groovy:43)
	at com.kms.katalon.core.keyword.internal.KeywordExecutor.executeKeywordForPlatform(KeywordExecutor.groovy:73)
	at com.kms.katalon.core.webui.keyword.WebUiBuiltInKeywords.click(WebUiBuiltInKeywords.groovy:617)
	at com.kms.katalon.core.webui.keyword.WebUiBuiltInKeywords$click$1.call(Unknown Source)
	at TC_DETAILS_UI_049.run(TC_DETAILS_UI_049:22)
	at com.kms.katalon.core.main.ScriptEngine.run(ScriptEngine.java:194)
	at com.kms.katalon.core.main.ScriptEngine.runScriptAsRawText(ScriptEngine.java:119)
	at com.kms.katalon.core.main.TestCaseExecutor.runScript(TestCaseExecutor.java:339)
	at com.kms.katalon.core.main.TestCaseExecutor.doExecute(TestCaseExecutor.java:330)
	at com.kms.katalon.core.main.TestCaseExecutor.processExecutionPhase(TestCaseExecutor.java:309)
	at com.kms.katalon.core.main.TestCaseExecutor.accessMainPhase(TestCaseExecutor.java:301)
	at com.kms.katalon.core.main.TestCaseExecutor.execute(TestCaseExecutor.java:235)
	at com.kms.katalon.core.main.TestSuiteExecutor.accessTestCaseMainPhase(TestSuiteExecutor.java:191)
	at com.kms.katalon.core.main.TestSuiteExecutor.accessTestSuiteMainPhase(TestSuiteExecutor.java:141)
	at com.kms.katalon.core.main.TestSuiteExecutor.execute(TestSuiteExecutor.java:90)
	at com.kms.katalon.core.main.TestCaseMain.startTestSuite(TestCaseMain.java:157)
	at com.kms.katalon.core.main.TestCaseMain$startTestSuite$0.call(Unknown Source)
	at TempTestSuite1649239689066.run(TempTestSuite1649239689066.groovy:39)
Caused by: org.openqa.selenium.WebDriverException: unknown error: cannot determine loading status
from target frame detached
  (Session info: chrome=99.0.4844.84)
Build info: version: '3.141.59', revision: 'e82be7d358', time: '2018-11-14T08:25:53'
System info: host: 'DESKTOP-IJBB9BE', ip: '192.168.1.2', os.name: 'Windows 10', os.arch: 'amd64', os.version: '10.0', java.version: '1.8.0_181'
Driver info: com.kms.katalon.selenium.driver.CChromeDriver
Capabilities {acceptInsecureCerts: false, browserName: chrome, browserVersion: 99.0.4844.84, chrome: {chromedriverVersion: 99.0.4844.51 (d537ec02474b5..., userDataDir: C:\Users\Lexoter\AppData\Lo...}, goog:chromeOptions: {debuggerAddress: localhost:5660}, javascriptEnabled: true, networkConnectionEnabled: false, pageLoadStrategy: normal, platform: WINDOWS, platformName: WINDOWS, proxy: Proxy(), setWindowRect: true, strictFileInteractability: false, timeouts: {implicit: 0, pageLoad: 300000, script: 30000}, unhandledPromptBehavior: dismiss and notify, webauthn:extension:credBlob: true, webauthn:extension:largeBlob: true, webauthn:virtualAuthenticators: true}
Session ID: 10b7166adcd1c28563fe660405a2a376
	at org.openqa.selenium.remote.http.W3CHttpResponseCodec.createException(W3CHttpResponseCodec.java:187)
	at org.openqa.selenium.remote.http.W3CHttpResponseCodec.decode(W3CHttpResponseCodec.java:122)
	at org.openqa.selenium.remote.http.W3CHttpResponseCodec.decode(W3CHttpResponseCodec.java:49)
	at org.openqa.selenium.remote.HttpCommandExecutor.execute(HttpCommandExecutor.java:158)
	at org.openqa.selenium.remote.service.DriverCommandExecutor.execute(DriverCommandExecutor.java:83)
	at org.openqa.selenium.remote.RemoteWebDriver.execute(RemoteWebDriver.java:552)
	at com.kms.katalon.selenium.driver.CChromeDriver.execute(CChromeDriver.java:19)
	at org.openqa.selenium.remote.RemoteWebElement.execute(RemoteWebElement.java:285)
	at org.openqa.selenium.remote.RemoteWebElement.click(RemoteWebElement.java:84)
	at org.openqa.selenium.support.events.EventFiringWebDriver$EventFiringWebElement.lambda$new$0(EventFiringWebDriver.java:404)
	at com.sun.proxy.$Proxy10.click(Unknown Source)
	at org.openqa.selenium.support.events.EventFiringWebDriver$EventFiringWebElement.click(EventFiringWebDriver.java:417)
	at com.kms.katalon.core.webui.keyword.builtin.ClickKeyword$_click_closure1.doCall(ClickKeyword.groovy:69)
	at com.kms.katalon.core.webui.keyword.builtin.ClickKeyword$_click_closure1.call(ClickKeyword.groovy)
	at com.kms.katalon.core.webui.keyword.internal.WebUIKeywordMain.runKeyword(WebUIKeywordMain.groovy:20)
	at com.kms.katalon.core.webui.keyword.builtin.ClickKeyword.click(ClickKeyword.groovy:76)
	at com.kms.katalon.core.webui.keyword.builtin.ClickKeyword.execute(ClickKeyword.groovy:43)
	at com.kms.katalon.core.keyword.internal.KeywordExecutor.executeKeywordForPlatform(KeywordExecutor.groovy:73)
	at com.kms.katalon.core.webui.keyword.WebUiBuiltInKeywords.click(WebUiBuiltInKeywords.groovy:617)
	at com.kms.katalon.core.webui.keyword.WebUiBuiltInKeywords$click$1.call(Unknown Source)
	at Script1620629493096.run(Script1620629493096.groovy:22)
	... 13 more
)

2022-04-06 18:33:04 - [MESSAGE][FAILED] - Unable to click on object 'Object Repository/Staging Objects/Page_diagnostics/a_REQUEST FOR QUOTATION' (Root cause: com.kms.katalon.core.exception.StepFailedException: Unable to click on object 'Object Repository/Staging Objects/Page_diagnostics/a_REQUEST FOR QUOTATION'
	at com.kms.katalon.core.webui.keyword.internal.WebUIKeywordMain.stepFailed(WebUIKeywordMain.groovy:64)
	at com.kms.katalon.core.webui.keyword.internal.WebUIKeywordMain.runKeyword(WebUIKeywordMain.groovy:26)
	at com.kms.katalon.core.webui.keyword.builtin.ClickKeyword.click(ClickKeyword.groovy:76)
	at com.kms.katalon.core.webui.keyword.builtin.ClickKeyword.execute(ClickKeyword.groovy:43)
	at com.kms.katalon.core.keyword.internal.KeywordExecutor.executeKeywordForPlatform(KeywordExecutor.groovy:73)
	at com.kms.katalon.core.webui.keyword.WebUiBuiltInKeywords.click(WebUiBuiltInKeywords.groovy:617)
	at com.kms.katalon.core.webui.keyword.WebUiBuiltInKeywords$click$1.call(Unknown Source)
	at TC_DETAILS_UI_049.run(TC_DETAILS_UI_049:22)
	at com.kms.katalon.core.main.ScriptEngine.run(ScriptEngine.java:194)
	at com.kms.katalon.core.main.ScriptEngine.runScriptAsRawText(ScriptEngine.java:119)
	at com.kms.katalon.core.main.TestCaseExecutor.runScript(TestCaseExecutor.java:339)
	at com.kms.katalon.core.main.TestCaseExecutor.doExecute(TestCaseExecutor.java:330)
	at com.kms.katalon.core.main.TestCaseExecutor.processExecutionPhase(TestCaseExecutor.java:309)
	at com.kms.katalon.core.main.TestCaseExecutor.accessMainPhase(TestCaseExecutor.java:301)
	at com.kms.katalon.core.main.TestCaseExecutor.execute(TestCaseExecutor.java:235)
	at com.kms.katalon.core.main.TestSuiteExecutor.accessTestCaseMainPhase(TestSuiteExecutor.java:191)
	at com.kms.katalon.core.main.TestSuiteExecutor.accessTestSuiteMainPhase(TestSuiteExecutor.java:141)
	at com.kms.katalon.core.main.TestSuiteExecutor.execute(TestSuiteExecutor.java:90)
	at com.kms.katalon.core.main.TestCaseMain.startTestSuite(TestCaseMain.java:157)
	at com.kms.katalon.core.main.TestCaseMain$startTestSuite$0.call(Unknown Source)
	at TempTestSuite1649239689066.run(TempTestSuite1649239689066.groovy:39)
Caused by: org.openqa.selenium.WebDriverException: unknown error: cannot determine loading status
from target frame detached
  (Session info: chrome=99.0.4844.84)
Build info: version: '3.141.59', revision: 'e82be7d358', time: '2018-11-14T08:25:53'
System info: host: 'DESKTOP-IJBB9BE', ip: '192.168.1.2', os.name: 'Windows 10', os.arch: 'amd64', os.version: '10.0', java.version: '1.8.0_181'
Driver info: com.kms.katalon.selenium.driver.CChromeDriver
Capabilities {acceptInsecureCerts: false, browserName: chrome, browserVersion: 99.0.4844.84, chrome: {chromedriverVersion: 99.0.4844.51 (d537ec02474b5..., userDataDir: C:\Users\Lexoter\AppData\Lo...}, goog:chromeOptions: {debuggerAddress: localhost:5660}, javascriptEnabled: true, networkConnectionEnabled: false, pageLoadStrategy: normal, platform: WINDOWS, platformName: WINDOWS, proxy: Proxy(), setWindowRect: true, strictFileInteractability: false, timeouts: {implicit: 0, pageLoad: 300000, script: 30000}, unhandledPromptBehavior: dismiss and notify, webauthn:extension:credBlob: true, webauthn:extension:largeBlob: true, webauthn:virtualAuthenticators: true}
Session ID: 10b7166adcd1c28563fe660405a2a376
	at org.openqa.selenium.remote.http.W3CHttpResponseCodec.createException(W3CHttpResponseCodec.java:187)
	at org.openqa.selenium.remote.http.W3CHttpResponseCodec.decode(W3CHttpResponseCodec.java:122)
	at org.openqa.selenium.remote.http.W3CHttpResponseCodec.decode(W3CHttpResponseCodec.java:49)
	at org.openqa.selenium.remote.HttpCommandExecutor.execute(HttpCommandExecutor.java:158)
	at org.openqa.selenium.remote.service.DriverCommandExecutor.execute(DriverCommandExecutor.java:83)
	at org.openqa.selenium.remote.RemoteWebDriver.execute(RemoteWebDriver.java:552)
	at com.kms.katalon.selenium.driver.CChromeDriver.execute(CChromeDriver.java:19)
	at org.openqa.selenium.remote.RemoteWebElement.execute(RemoteWebElement.java:285)
	at org.openqa.selenium.remote.RemoteWebElement.click(RemoteWebElement.java:84)
	at org.openqa.selenium.support.events.EventFiringWebDriver$EventFiringWebElement.lambda$new$0(EventFiringWebDriver.java:404)
	at com.sun.proxy.$Proxy10.click(Unknown Source)
	at org.openqa.selenium.support.events.EventFiringWebDriver$EventFiringWebElement.click(EventFiringWebDriver.java:417)
	at com.kms.katalon.core.webui.keyword.builtin.ClickKeyword$_click_closure1.doCall(ClickKeyword.groovy:69)
	at com.kms.katalon.core.webui.keyword.builtin.ClickKeyword$_click_closure1.call(ClickKeyword.groovy)
	at com.kms.katalon.core.webui.keyword.internal.WebUIKeywordMain.runKeyword(WebUIKeywordMain.groovy:20)
	at com.kms.katalon.core.webui.keyword.builtin.ClickKeyword.click(ClickKeyword.groovy:76)
	at com.kms.katalon.core.webui.keyword.builtin.ClickKeyword.execute(ClickKeyword.groovy:43)
	at com.kms.katalon.core.keyword.internal.KeywordExecutor.executeKeywordForPlatform(KeywordExecutor.groovy:73)
	at com.kms.katalon.core.webui.keyword.WebUiBuiltInKeywords.click(WebUiBuiltInKeywords.groovy:617)
	at com.kms.katalon.core.webui.keyword.WebUiBuiltInKeywords$click$1.call(Unknown Source)
	at Script1620629493096.run(Script1620629493096.groovy:22)
	... 13 more
)
[[ATTACHMENT|K:\\Work\\GitHub\\find-item-detail-test_v2\\Reports\\20220406_180809\\Item detail test\\20220406_180809\\1649241183777.png]]]]></system-out>
         <system-err><![CDATA[2022-04-06 18:32:49 - [TEST_CASE][FAILED] - Test Cases/Custom Item Details/TEST CASE/TC_DETAILS_UI_049: Test Cases/Custom Item Details/TEST CASE/TC_DETAILS_UI_049 FAILED.
Reason:
com.kms.katalon.core.exception.StepFailedException: Unable to click on object 'Object Repository/Staging Objects/Page_diagnostics/a_REQUEST FOR QUOTATION'
	at com.kms.katalon.core.webui.keyword.internal.WebUIKeywordMain.stepFailed(WebUIKeywordMain.groovy:64)
	at com.kms.katalon.core.webui.keyword.internal.WebUIKeywordMain.runKeyword(WebUIKeywordMain.groovy:26)
	at com.kms.katalon.core.webui.keyword.builtin.ClickKeyword.click(ClickKeyword.groovy:76)
	at com.kms.katalon.core.webui.keyword.builtin.ClickKeyword.execute(ClickKeyword.groovy:43)
	at com.kms.katalon.core.keyword.internal.KeywordExecutor.executeKeywordForPlatform(KeywordExecutor.groovy:73)
	at com.kms.katalon.core.webui.keyword.WebUiBuiltInKeywords.click(WebUiBuiltInKeywords.groovy:617)
	at com.kms.katalon.core.webui.keyword.WebUiBuiltInKeywords$click$1.call(Unknown Source)
	at TC_DETAILS_UI_049.run(TC_DETAILS_UI_049:22)
	at com.kms.katalon.core.main.ScriptEngine.run(ScriptEngine.java:194)
	at com.kms.katalon.core.main.ScriptEngine.runScriptAsRawText(ScriptEngine.java:119)
	at com.kms.katalon.core.main.TestCaseExecutor.runScript(TestCaseExecutor.java:339)
	at com.kms.katalon.core.main.TestCaseExecutor.doExecute(TestCaseExecutor.java:330)
	at com.kms.katalon.core.main.TestCaseExecutor.processExecutionPhase(TestCaseExecutor.java:309)
	at com.kms.katalon.core.main.TestCaseExecutor.accessMainPhase(TestCaseExecutor.java:301)
	at com.kms.katalon.core.main.TestCaseExecutor.execute(TestCaseExecutor.java:235)
	at com.kms.katalon.core.main.TestSuiteExecutor.accessTestCaseMainPhase(TestSuiteExecutor.java:191)
	at com.kms.katalon.core.main.TestSuiteExecutor.accessTestSuiteMainPhase(TestSuiteExecutor.java:141)
	at com.kms.katalon.core.main.TestSuiteExecutor.execute(TestSuiteExecutor.java:90)
	at com.kms.katalon.core.main.TestCaseMain.startTestSuite(TestCaseMain.java:157)
	at com.kms.katalon.core.main.TestCaseMain$startTestSuite$0.call(Unknown Source)
	at TempTestSuite1649239689066.run(TempTestSuite1649239689066.groovy:39)
Caused by: org.openqa.selenium.WebDriverException: unknown error: cannot determine loading status
from target frame detached
  (Session info: chrome=99.0.4844.84)
Build info: version: '3.141.59', revision: 'e82be7d358', time: '2018-11-14T08:25:53'
System info: host: 'DESKTOP-IJBB9BE', ip: '192.168.1.2', os.name: 'Windows 10', os.arch: 'amd64', os.version: '10.0', java.version: '1.8.0_181'
Driver info: com.kms.katalon.selenium.driver.CChromeDriver
Capabilities {acceptInsecureCerts: false, browserName: chrome, browserVersion: 99.0.4844.84, chrome: {chromedriverVersion: 99.0.4844.51 (d537ec02474b5..., userDataDir: C:\Users\Lexoter\AppData\Lo...}, goog:chromeOptions: {debuggerAddress: localhost:5660}, javascriptEnabled: true, networkConnectionEnabled: false, pageLoadStrategy: normal, platform: WINDOWS, platformName: WINDOWS, proxy: Proxy(), setWindowRect: true, strictFileInteractability: false, timeouts: {implicit: 0, pageLoad: 300000, script: 30000}, unhandledPromptBehavior: dismiss and notify, webauthn:extension:credBlob: true, webauthn:extension:largeBlob: true, webauthn:virtualAuthenticators: true}
Session ID: 10b7166adcd1c28563fe660405a2a376
	at org.openqa.selenium.remote.http.W3CHttpResponseCodec.createException(W3CHttpResponseCodec.java:187)
	at org.openqa.selenium.remote.http.W3CHttpResponseCodec.decode(W3CHttpResponseCodec.java:122)
	at org.openqa.selenium.remote.http.W3CHttpResponseCodec.decode(W3CHttpResponseCodec.java:49)
	at org.openqa.selenium.remote.HttpCommandExecutor.execute(HttpCommandExecutor.java:158)
	at org.openqa.selenium.remote.service.DriverCommandExecutor.execute(DriverCommandExecutor.java:83)
	at org.openqa.selenium.remote.RemoteWebDriver.execute(RemoteWebDriver.java:552)
	at com.kms.katalon.selenium.driver.CChromeDriver.execute(CChromeDriver.java:19)
	at org.openqa.selenium.remote.RemoteWebElement.execute(RemoteWebElement.java:285)
	at org.openqa.selenium.remote.RemoteWebElement.click(RemoteWebElement.java:84)
	at org.openqa.selenium.support.events.EventFiringWebDriver$EventFiringWebElement.lambda$new$0(EventFiringWebDriver.java:404)
	at com.sun.proxy.$Proxy10.click(Unknown Source)
	at org.openqa.selenium.support.events.EventFiringWebDriver$EventFiringWebElement.click(EventFiringWebDriver.java:417)
	at com.kms.katalon.core.webui.keyword.builtin.ClickKeyword$_click_closure1.doCall(ClickKeyword.groovy:69)
	at com.kms.katalon.core.webui.keyword.builtin.ClickKeyword$_click_closure1.call(ClickKeyword.groovy)
	at com.kms.katalon.core.webui.keyword.internal.WebUIKeywordMain.runKeyword(WebUIKeywordMain.groovy:20)
	... 19 more]]></system-err>
      </testcase>
      <system-out><![CDATA[2022-04-06 18:08:15 - [TEST_SUITE][FAILED] - Item detail test: Test Cases/Custom Item Details/TEST CASE/TC_DETAILS_UI_020 FAILED.
Reason:
com.kms.katalon.core.exception.StepFailedException: Unable to click on object 'Object Repository/Item Details Objects/Page_diagnostics/a_Procure_Directly_From_Seller'
	at com.kms.katalon.core.webui.keyword.internal.WebUIKeywordMain.stepFailed(WebUIKeywordMain.groovy:64)
	at com.kms.katalon.core.webui.keyword.internal.WebUIKeywordMain.runKeyword(WebUIKeywordMain.groovy:26)
	at com.kms.katalon.core.webui.keyword.builtin.ClickKeyword.click(ClickKeyword.groovy:76)
	at com.kms.katalon.core.webui.keyword.builtin.ClickKeyword.execute(ClickKeyword.groovy:43)
	at com.kms.katalon.core.keyword.internal.KeywordExecutor.executeKeywordForPlatform(KeywordExecutor.groovy:73)
	at com.kms.katalon.core.webui.keyword.WebUiBuiltInKeywords.click(WebUiBuiltInKeywords.groovy:617)
	at com.kms.katalon.core.webui.keyword.WebUiBuiltInKeywords$click$1.call(Unknown Source)
	at TC_DETAILS_UI_020.run(TC_DETAILS_UI_020:22)
	at com.kms.katalon.core.main.ScriptEngine.run(ScriptEngine.java:194)
	at com.kms.katalon.core.main.ScriptEngine.runScriptAsRawText(ScriptEngine.java:119)
	at com.kms.katalon.core.main.TestCaseExecutor.runScript(TestCaseExecutor.java:339)
	at com.kms.katalon.core.main.TestCaseExecutor.doExecute(TestCaseExecutor.java:330)
	at com.kms.katalon.core.main.TestCaseExecutor.processExecutionPhase(TestCaseExecutor.java:309)
	at com.kms.katalon.core.main.TestCaseExecutor.accessMainPhase(TestCaseExecutor.java:301)
	at com.kms.katalon.core.main.TestCaseExecutor.execute(TestCaseExecutor.java:235)
	at com.kms.katalon.core.main.TestSuiteExecutor.accessTestCaseMainPhase(TestSuiteExecutor.java:191)
	at com.kms.katalon.core.main.TestSuiteExecutor.accessTestSuiteMainPhase(TestSuiteExecutor.java:141)
	at com.kms.katalon.core.main.TestSuiteExecutor.execute(TestSuiteExecutor.java:90)
	at com.kms.katalon.core.main.TestCaseMain.startTestSuite(TestCaseMain.java:157)
	at com.kms.katalon.core.main.TestCaseMain$startTestSuite$0.call(Unknown Source)
	at TempTestSuite1649239689066.run(TempTestSuite1649239689066.groovy:39)
Caused by: org.openqa.selenium.WebDriverException: unknown error: cannot determine loading status
from target frame detached
  (Session info: chrome=99.0.4844.84)
Build info: version: '3.141.59', revision: 'e82be7d358', time: '2018-11-14T08:25:53'
System info: host: 'DESKTOP-IJBB9BE', ip: '192.168.1.2', os.name: 'Windows 10', os.arch: 'amd64', os.version: '10.0', java.version: '1.8.0_181'
Driver info: com.kms.katalon.selenium.driver.CChromeDriver
Capabilities {acceptInsecureCerts: false, browserName: chrome, browserVersion: 99.0.4844.84, chrome: {chromedriverVersion: 99.0.4844.51 (d537ec02474b5..., userDataDir: C:\Users\Lexoter\AppData\Lo...}, goog:chromeOptions: {debuggerAddress: localhost:3552}, javascriptEnabled: true, networkConnectionEnabled: false, pageLoadStrategy: normal, platform: WINDOWS, platformName: WINDOWS, proxy: Proxy(), setWindowRect: true, strictFileInteractability: false, timeouts: {implicit: 0, pageLoad: 300000, script: 30000}, unhandledPromptBehavior: dismiss and notify, webauthn:extension:credBlob: true, webauthn:extension:largeBlob: true, webauthn:virtualAuthenticators: true}
Session ID: 643c86396fa3f54c4240c364c8c28057
	at org.openqa.selenium.remote.http.W3CHttpResponseCodec.createException(W3CHttpResponseCodec.java:187)
	at org.openqa.selenium.remote.http.W3CHttpResponseCodec.decode(W3CHttpResponseCodec.java:122)
	at org.openqa.selenium.remote.http.W3CHttpResponseCodec.decode(W3CHttpResponseCodec.java:49)
	at org.openqa.selenium.remote.HttpCommandExecutor.execute(HttpCommandExecutor.java:158)
	at org.openqa.selenium.remote.service.DriverCommandExecutor.execute(DriverCommandExecutor.java:83)
	at org.openqa.selenium.remote.RemoteWebDriver.execute(RemoteWebDriver.java:552)
	at com.kms.katalon.selenium.driver.CChromeDriver.execute(CChromeDriver.java:19)
	at org.openqa.selenium.remote.RemoteWebElement.execute(RemoteWebElement.java:285)
	at org.openqa.selenium.remote.RemoteWebElement.click(RemoteWebElement.java:84)
	at org.openqa.selenium.support.events.EventFiringWebDriver$EventFiringWebElement.lambda$new$0(EventFiringWebDriver.java:404)
	at com.sun.proxy.$Proxy10.click(Unknown Source)
	at org.openqa.selenium.support.events.EventFiringWebDriver$EventFiringWebElement.click(EventFiringWebDriver.java:417)
	at com.kms.katalon.core.webui.keyword.builtin.ClickKeyword$_click_closure1.doCall(ClickKeyword.groovy:69)
	at com.kms.katalon.core.webui.keyword.builtin.ClickKeyword$_click_closure1.call(ClickKeyword.groovy)
	at com.kms.katalon.core.webui.keyword.internal.WebUIKeywordMain.runKeyword(WebUIKeywordMain.groovy:20)
	... 19 more]]></system-out>
      <system-err><![CDATA[2022-04-06 18:08:15 - [TEST_SUITE][FAILED] - Item detail test: Test Cases/Custom Item Details/TEST CASE/TC_DETAILS_UI_020 FAILED.
Reason:
com.kms.katalon.core.exception.StepFailedException: Unable to click on object 'Object Repository/Item Details Objects/Page_diagnostics/a_Procure_Directly_From_Seller'
	at com.kms.katalon.core.webui.keyword.internal.WebUIKeywordMain.stepFailed(WebUIKeywordMain.groovy:64)
	at com.kms.katalon.core.webui.keyword.internal.WebUIKeywordMain.runKeyword(WebUIKeywordMain.groovy:26)
	at com.kms.katalon.core.webui.keyword.builtin.ClickKeyword.click(ClickKeyword.groovy:76)
	at com.kms.katalon.core.webui.keyword.builtin.ClickKeyword.execute(ClickKeyword.groovy:43)
	at com.kms.katalon.core.keyword.internal.KeywordExecutor.executeKeywordForPlatform(KeywordExecutor.groovy:73)
	at com.kms.katalon.core.webui.keyword.WebUiBuiltInKeywords.click(WebUiBuiltInKeywords.groovy:617)
	at com.kms.katalon.core.webui.keyword.WebUiBuiltInKeywords$click$1.call(Unknown Source)
	at TC_DETAILS_UI_020.run(TC_DETAILS_UI_020:22)
	at com.kms.katalon.core.main.ScriptEngine.run(ScriptEngine.java:194)
	at com.kms.katalon.core.main.ScriptEngine.runScriptAsRawText(ScriptEngine.java:119)
	at com.kms.katalon.core.main.TestCaseExecutor.runScript(TestCaseExecutor.java:339)
	at com.kms.katalon.core.main.TestCaseExecutor.doExecute(TestCaseExecutor.java:330)
	at com.kms.katalon.core.main.TestCaseExecutor.processExecutionPhase(TestCaseExecutor.java:309)
	at com.kms.katalon.core.main.TestCaseExecutor.accessMainPhase(TestCaseExecutor.java:301)
	at com.kms.katalon.core.main.TestCaseExecutor.execute(TestCaseExecutor.java:235)
	at com.kms.katalon.core.main.TestSuiteExecutor.accessTestCaseMainPhase(TestSuiteExecutor.java:191)
	at com.kms.katalon.core.main.TestSuiteExecutor.accessTestSuiteMainPhase(TestSuiteExecutor.java:141)
	at com.kms.katalon.core.main.TestSuiteExecutor.execute(TestSuiteExecutor.java:90)
	at com.kms.katalon.core.main.TestCaseMain.startTestSuite(TestCaseMain.java:157)
	at com.kms.katalon.core.main.TestCaseMain$startTestSuite$0.call(Unknown Source)
	at TempTestSuite1649239689066.run(TempTestSuite1649239689066.groovy:39)
Caused by: org.openqa.selenium.WebDriverException: unknown error: cannot determine loading status
from target frame detached
  (Session info: chrome=99.0.4844.84)
Build info: version: '3.141.59', revision: 'e82be7d358', time: '2018-11-14T08:25:53'
System info: host: 'DESKTOP-IJBB9BE', ip: '192.168.1.2', os.name: 'Windows 10', os.arch: 'amd64', os.version: '10.0', java.version: '1.8.0_181'
Driver info: com.kms.katalon.selenium.driver.CChromeDriver
Capabilities {acceptInsecureCerts: false, browserName: chrome, browserVersion: 99.0.4844.84, chrome: {chromedriverVersion: 99.0.4844.51 (d537ec02474b5..., userDataDir: C:\Users\Lexoter\AppData\Lo...}, goog:chromeOptions: {debuggerAddress: localhost:3552}, javascriptEnabled: true, networkConnectionEnabled: false, pageLoadStrategy: normal, platform: WINDOWS, platformName: WINDOWS, proxy: Proxy(), setWindowRect: true, strictFileInteractability: false, timeouts: {implicit: 0, pageLoad: 300000, script: 30000}, unhandledPromptBehavior: dismiss and notify, webauthn:extension:credBlob: true, webauthn:extension:largeBlob: true, webauthn:virtualAuthenticators: true}
Session ID: 643c86396fa3f54c4240c364c8c28057
	at org.openqa.selenium.remote.http.W3CHttpResponseCodec.createException(W3CHttpResponseCodec.java:187)
	at org.openqa.selenium.remote.http.W3CHttpResponseCodec.decode(W3CHttpResponseCodec.java:122)
	at org.openqa.selenium.remote.http.W3CHttpResponseCodec.decode(W3CHttpResponseCodec.java:49)
	at org.openqa.selenium.remote.HttpCommandExecutor.execute(HttpCommandExecutor.java:158)
	at org.openqa.selenium.remote.service.DriverCommandExecutor.execute(DriverCommandExecutor.java:83)
	at org.openqa.selenium.remote.RemoteWebDriver.execute(RemoteWebDriver.java:552)
	at com.kms.katalon.selenium.driver.CChromeDriver.execute(CChromeDriver.java:19)
	at org.openqa.selenium.remote.RemoteWebElement.execute(RemoteWebElement.java:285)
	at org.openqa.selenium.remote.RemoteWebElement.click(RemoteWebElement.java:84)
	at org.openqa.selenium.support.events.EventFiringWebDriver$EventFiringWebElement.lambda$new$0(EventFiringWebDriver.java:404)
	at com.sun.proxy.$Proxy10.click(Unknown Source)
	at org.openqa.selenium.support.events.EventFiringWebDriver$EventFiringWebElement.click(EventFiringWebDriver.java:417)
	at com.kms.katalon.core.webui.keyword.builtin.ClickKeyword$_click_closure1.doCall(ClickKeyword.groovy:69)
	at com.kms.katalon.core.webui.keyword.builtin.ClickKeyword$_click_closure1.call(ClickKeyword.groovy)
	at com.kms.katalon.core.webui.keyword.internal.WebUIKeywordMain.runKeyword(WebUIKeywordMain.groovy:20)
	... 19 more]]></system-err>
   </testsuite>
</testsuites>
